2024-11-05 16:18:39.305 | INFO     | sc2.protocol:_execute:72 - Client status changed to Status.launched (was None)
2024-11-05 16:18:39.306 | INFO     | sc2.controller:create_game:37 - Creating new game
2024-11-05 16:18:39.308 | INFO     | sc2.controller:create_game:38 - Map:     Gresvan513AIE
2024-11-05 16:18:39.309 | INFO     | sc2.controller:create_game:39 - Players: Bot LadderBot(Terran), Computer VeryHard(Zerg, RandomBuild)
2024-11-05 16:18:39.311 | INFO     | sc2.protocol:_execute:72 - Client status changed to Status.init_game (was Status.launched)
2024-11-05 16:18:52.372 | INFO     | sc2.protocol:_execute:72 - Client status changed to Status.in_game (was None)
2024-11-05 16:18:52.373 | INFO     | sc2.main:_play_game:221 - Player 1 - Bot LadderBot(Terran)
2024-11-05 16:18:53.107 | 00:00    0ms    0M    0G  12/ 15U [Version] 5.0.13.92440
2024-11-05 16:18:53.108 | 00:00    0ms    0M    0G  12/ 15U [Version] 5.0.6 Balance mod recognized.
2024-11-05 16:18:53.243 | 00:00    0ms    0M    0G  12/ 15U [ZoneManager] Map set to: MapName.Unknown from name: GresvanAIE and hash: 3547936.
2024-11-05 16:18:54.802 | 00:00    0ms    0M    0G  12/ 15U [Build] Att at 10
2024-11-05 16:18:54.870 | [Start] My race: Terran
2024-11-05 16:18:54.871 | [Start] Opponent race: Zerg
2024-11-05 16:18:54.872 | [Start] OpponentId: None
2024-11-05 16:18:55.307 | 00:00   21ms    0M    0G  13/ 15U [GameAnalyzer] Income advantage is now SlightDisadvantage
2024-11-05 16:18:55.494 | 00:01   14ms    0M    0G  13/ 15U [GameAnalyzer] Income advantage is now Even
2024-11-05 16:18:59.061 | 00:14   17ms    0M    0G  13/ 15U [ActUnit] SCV from COMMANDCENTER at (161.5, 42.5)
2024-11-05 16:19:02.603 | 00:27   17ms   95M    0G  14/ 15U [ActUnit] SCV from COMMANDCENTER at (161.5, 42.5)
2024-11-05 16:19:05.568 | 00:37   21ms    0M    0G  15/ 23U [BuildGas] Building REFINERY to (154.5, 39.5)
2024-11-05 16:19:06.761 | 00:41   18ms    0M    0G  15/ 23U [ActUnit] SCV from COMMANDCENTER at (161.5, 42.5)
2024-11-05 16:19:09.295 | 00:49   20ms   90M    0G  16/ 23U [GameAnalyzer] Income advantage is now SlightDisadvantage
2024-11-05 16:19:09.364 | 00:50   19ms  105M    0G  16/ 23U [GameAnalyzer] Income advantage is now Even
2024-11-05 16:19:10.407 | 00:53   19ms   95M    0G  16/ 23U [ActUnit] SCV from COMMANDCENTER at (161.5, 42.5)
2024-11-05 16:19:11.913 | 00:58   23ms   45M    0G  17/ 23U [GameAnalyzer] Income advantage is now SlightDisadvantage
2024-11-05 16:19:11.983 | 00:58   22ms   50M    0G  17/ 23U [GameAnalyzer] Income advantage is now Even
2024-11-05 16:19:12.259 | 00:59   21ms   70M    0G  17/ 23U [GameAnalyzer] Income advantage is now SlightDisadvantage
2024-11-05 16:19:12.328 | 00:59   25ms   70M    0G  17/ 23U [GameAnalyzer] Income advantage is now Even
2024-11-05 16:19:14.249 | 01:05   24ms   95M    4G  17/ 23U [ActUnit] SCV from COMMANDCENTER at (161.5, 42.5)
2024-11-05 16:19:16.789 | 01:11   20ms  155M   16G  18/ 23U [GameAnalyzer] Income advantage is now SlightDisadvantage
2024-11-05 16:19:16.868 | 01:11  725ms  155M   20G  18/ 23U [GameAnalyzer] Income advantage is now SmallDisadvantage
2024-11-05 16:19:16.945 | 01:11   31ms  155M   20G  18/ 23U [GameAnalyzer] Income advantage is now SlightDisadvantage
2024-11-05 16:19:17.028 | 01:12   26ms  160M   20G  18/ 23U [GameAnalyzer] Income advantage is now SmallDisadvantage
2024-11-05 16:19:17.182 | 01:12   28ms  170M   20G  18/ 23U [GameAnalyzer] Income advantage is now SlightDisadvantage
2024-11-05 16:19:17.343 | 01:12   38ms  170M   20G  18/ 23U [GameAnalyzer] Income advantage is now SmallDisadvantage
2024-11-05 16:19:17.418 | 01:12   31ms  170M   20G  18/ 23U [GameAnalyzer] Income advantage is now SlightDisadvantage
2024-11-05 16:19:17.499 | 01:13   32ms  170M   20G  18/ 23U [GameAnalyzer] Income advantage is now SmallDisadvantage
2024-11-05 16:19:17.651 | 01:13   26ms  180M   20G  18/ 23U [GameAnalyzer] Income advantage is now SlightDisadvantage
2024-11-05 16:19:17.733 | 01:13   34ms  180M   20G  18/ 23U [GameAnalyzer] Income advantage is now SmallDisadvantage
2024-11-05 16:19:17.809 | 01:14   29ms  185M   20G  18/ 23U [GameAnalyzer] Income advantage is now SlightDisadvantage
2024-11-05 16:19:17.973 | 01:14   28ms  185M   24G  18/ 23U [GameAnalyzer] Income advantage is now SmallDisadvantage
2024-11-05 16:19:18.137 | 01:15   27ms  195M   24G  18/ 23U [GameAnalyzer] Income advantage is now SlightDisadvantage
2024-11-05 16:19:18.219 | 01:15   31ms  195M   24G  18/ 23U [GameAnalyzer] Income advantage is now SmallDisadvantage
2024-11-05 16:19:18.537 | 01:16   28ms  210M   28G  18/ 23U [GameAnalyzer] Income advantage is now SlightDisadvantage
2024-11-05 16:19:18.701 | 01:16   30ms  215M   28G  18/ 23U [GameAnalyzer] Income advantage is now SmallDisadvantage
2024-11-05 16:19:18.784 | 01:16   27ms  215M   28G  18/ 23U [GameAnalyzer] Income advantage is now Even
2024-11-05 16:19:18.873 | 01:17   30ms  225M   28G  18/ 23U [GameAnalyzer] Predicted army advantage is now SlightDisadvantage
2024-11-05 16:19:19.031 | 01:17   28ms  225M   28G  18/ 23U [GameAnalyzer] Income advantage is now SlightDisadvantage
2024-11-05 16:19:19.195 | 01:17   28ms  225M   28G  18/ 23U [GameAnalyzer] Income advantage is now SmallDisadvantage
2024-11-05 16:19:19.281 | 01:18   28ms  175M   32G  18/ 23U [ActUnit] SCV from COMMANDCENTER at (161.5, 42.5)
2024-11-05 16:19:20.166 | 01:20   29ms  205M   36G  19/ 31U [GameAnalyzer] Income advantage is now SlightDisadvantage
2024-11-05 16:19:21.207 | 01:23   30ms  240M   40G  19/ 31U [GameAnalyzer] Income advantage is now SmallDisadvantage
2024-11-05 16:19:21.294 | 01:23   29ms  255M   40G  19/ 31U [GameAnalyzer] Income advantage is now SlightDisadvantage
2024-11-05 16:19:21.382 | 01:23   36ms  255M   44G  19/ 31U [GameAnalyzer] Income advantage is now SmallDisadvantage
2024-11-05 16:19:21.544 | 01:24   27ms  265M   44G  19/ 31U [GameAnalyzer] Income advantage is now SlightDisadvantage
2024-11-05 16:19:21.704 | 01:24   36ms  265M   44G  19/ 31U [GameAnalyzer] Income advantage is now SmallDisadvantage
2024-11-05 16:19:21.777 | 01:24  107ms  265M   44G  19/ 31U [GameAnalyzer] Income advantage is now SlightDisadvantage
2024-11-05 16:19:21.954 | 01:25   30ms  265M   44G  19/ 31U [GameAnalyzer] Income advantage is now SmallDisadvantage
2024-11-05 16:19:22.445 | 01:26   27ms  290M   48G  19/ 31U [GameAnalyzer] Income advantage is now SlightDisadvantage
2024-11-05 16:19:22.538 | 01:26   34ms  240M    2G  19/ 31U [TerranUnit] REAPER from BARRACKS at (165.5, 45.5)
2024-11-05 16:19:22.624 | 01:26   32ms  240M    2G  20/ 31U [GameAnalyzer] Income advantage is now SmallDisadvantage
2024-11-05 16:19:22.820 | 01:27   33ms  245M    2G  20/ 31U [GameAnalyzer] Income advantage is now SlightDisadvantage
2024-11-05 16:19:22.925 | 01:27   41ms  245M    2G  20/ 31U [GameAnalyzer] Income advantage is now SmallDisadvantage
2024-11-05 16:19:23.250 | 01:28   35ms  270M    6G  20/ 31U [GameAnalyzer] Income advantage is now SlightDisadvantage
2024-11-05 16:19:23.333 | 01:28   33ms  270M    6G  20/ 31U [GameAnalyzer] Income advantage is now SmallDisadvantage
2024-11-05 16:19:24.149 | 01:30   33ms  155M   10G  20/ 31U [GameAnalyzer] Income advantage is now SlightDisadvantage
2024-11-05 16:19:24.330 | 01:31   35ms  155M   14G  20/ 31U [GameAnalyzer] Income advantage is now SmallDisadvantage
2024-11-05 16:19:25.884 | 01:35   32ms  220M   26G  20/ 31U [GameAnalyzer] Income advantage is now SlightDisadvantage
2024-11-05 16:19:25.977 | 01:35   34ms  220M   26G  20/ 31U [GameAnalyzer] Income advantage is now SmallDisadvantage
2024-11-05 16:19:27.463 | 01:39   32ms  280M   34G  20/ 31U [GameAnalyzer] Income advantage is now SlightDisadvantage
2024-11-05 16:19:27.551 | 01:39   30ms  280M   38G  20/ 31U [GameAnalyzer] Income advantage is now SmallDisadvantage
2024-11-05 16:19:30.351 | 01:47   31ms  400M   58G  20/ 31U [Expand] Expanding to (163.5, 74.5)
2024-11-05 16:19:30.432 | 01:47   31ms  400M   58G  20/ 31U [Expand] Expanding to (163.5, 74.5)
2024-11-05 16:19:32.353 | 01:52   28ms    0M   74G  20/ 31U [BuildGas] Building REFINERY to (157.5, 35.5)
2024-11-05 16:19:33.530 | 01:56   30ms   40M   82G  20/ 31U [GameAnalyzer] Income advantage is now Even
2024-11-05 16:19:33.689 | 01:56   32ms    0M   82G  20/ 31U [ActUnit] SCV from COMMANDCENTER at (161.5, 42.5)
2024-11-05 16:19:34.468 | 01:58   32ms   25M   86G  21/ 31U [GameAnalyzer] Known army advantage is now SlightAdvantage
2024-11-05 16:19:35.035 | 02:00   32ms   45M   90G  21/ 31U [GameAnalyzer] Income advantage is now SlightDisadvantage
2024-11-05 16:19:35.125 | 02:00   35ms    0M   44G  21/ 31U [TerranUnit] REAPER from BARRACKS at (165.5, 45.5)
2024-11-05 16:19:35.289 | 02:00   34ms   10M   44G  22/ 31U [GameAnalyzer] Income advantage is now Even
2024-11-05 16:19:35.542 | 02:01   34ms   15M   44G  22/ 31U [GameAnalyzer] Income advantage is now SlightDisadvantage
2024-11-05 16:19:35.625 | 02:01   37ms   20M   48G  22/ 31U [GameAnalyzer] Income advantage is now Even
2024-11-05 16:19:36.195 | 02:03   33ms   35M   48G  22/ 31U [GameAnalyzer] Income advantage is now SlightDisadvantage
2024-11-05 16:19:36.273 | 02:03   41ms   35M   52G  22/ 31U [GameAnalyzer] Income advantage is now Even
2024-11-05 16:19:36.945 | 02:05   36ms   85M   56G  22/ 31U [GameAnalyzer] Income advantage is now SlightDisadvantage
2024-11-05 16:19:37.030 | 02:05   40ms   90M   56G  22/ 31U [GameAnalyzer] Income advantage is now Even
2024-11-05 16:19:38.441 | 02:09   37ms   95M   64G  22/ 31U [ActUnit] SCV from COMMANDCENTER at (161.5, 42.5)
2024-11-05 16:19:42.274 | 02:18  121ms  250M   92G  23/ 31U [GameAnalyzer] Known army advantage is now Even
2024-11-05 16:19:42.547 | 02:19   33ms  285M   92G  23/ 31U [GameAnalyzer] Income advantage is now SlightDisadvantage
2024-11-05 16:19:42.917 | 02:20   38ms  290M   96G  23/ 31U [GameAnalyzer] Income advantage is now Even
2024-11-05 16:19:43.198 | 02:20   36ms  150M    0G  23/ 31U [GameAnalyzer] Income advantage is now SlightDisadvantage
2024-11-05 16:19:43.289 | 02:21   41ms  155M    0G  23/ 31U [GameAnalyzer] Income advantage is now Even
2024-11-05 16:19:43.383 | 02:21   35ms  110M    0G  23/ 31U [ActUnit] SCV from COMMANDCENTER at (161.5, 42.5)
2024-11-05 16:19:43.736 | 02:22   35ms  110M    8G  24/ 31U [GameAnalyzer] Income advantage is now SlightDisadvantage
2024-11-05 16:19:43.828 | 02:22   42ms  115M    8G  24/ 31U [GameAnalyzer] Income advantage is now Even
2024-11-05 16:19:44.180 | 02:23   34ms  125M    8G  24/ 31U [GameAnalyzer] Income advantage is now SlightDisadvantage
2024-11-05 16:19:44.369 | 02:23   40ms  140M   12G  24/ 31U [GameAnalyzer] Income advantage is now Even
2024-11-05 16:19:44.627 | 02:24   37ms  145M   12G  24/ 31U [GameAnalyzer] Income advantage is now SlightDisadvantage
2024-11-05 16:19:44.713 | 02:24   37ms  145M   12G  24/ 31U [GameAnalyzer] Income advantage is now Even
2024-11-05 16:19:44.978 | 02:25   35ms  150M   16G  24/ 31U [GameAnalyzer] Income advantage is now SlightDisadvantage
2024-11-05 16:19:45.473 | 02:26   37ms  205M   24G  24/ 31U [GameAnalyzer] Income advantage is now Even
2024-11-05 16:19:45.563 | 02:26   37ms  205M   24G  24/ 31U [GameAnalyzer] Income advantage is now SlightDisadvantage
2024-11-05 16:19:45.818 | 02:26   81ms  205M   24G  24/ 31U [GameAnalyzer] Income advantage is now Even
2024-11-05 16:19:45.910 | 02:27   35ms  210M   24G  24/ 31U [GameAnalyzer] Income advantage is now SlightDisadvantage
2024-11-05 16:19:46.339 | 02:27   36ms  230M   28G  23/ 31U [GameAnalyzer] Income advantage is now Even
2024-11-05 16:19:46.431 | 02:28  120ms  230M   28G  23/ 31U [GameAnalyzer] Income advantage is now SlightDisadvantage
2024-11-05 16:19:46.522 | 02:28   37ms  230M   28G  23/ 31U [GameAnalyzer] Income advantage is now Even
2024-11-05 16:19:46.628 | 02:28   41ms  235M   28G  23/ 31U [GameAnalyzer] Income advantage is now SlightDisadvantage
2024-11-05 16:19:46.732 | 02:28   41ms  235M   28G  23/ 31U [GameAnalyzer] Income advantage is now Even
2024-11-05 16:19:46.994 | 02:29   39ms  245M   32G  23/ 31U [GameAnalyzer] Income advantage is now SlightDisadvantage
2024-11-05 16:19:47.189 | 02:30   40ms  250M   36G  23/ 31U [GameAnalyzer] Income advantage is now Even
2024-11-05 16:19:47.297 | 02:30   47ms  255M   36G  23/ 31U [GameAnalyzer] Income advantage is now SlightDisadvantage
2024-11-05 16:19:47.572 | 02:30   42ms  270M   40G  23/ 31U [GameAnalyzer] Income advantage is now Even
2024-11-05 16:19:47.771 | 02:31   41ms  270M   44G  23/ 31U [GameAnalyzer] Income advantage is now SlightDisadvantage
2024-11-05 16:19:47.969 | 02:31   37ms  285M   44G  23/ 31U [GameAnalyzer] Income advantage is now Even
2024-11-05 16:19:48.065 | 02:32   37ms  310M   44G  23/ 31U [GameAnalyzer] Income advantage is now SlightDisadvantage
2024-11-05 16:19:48.443 | 02:32   66ms  315M   44G  23/ 31U [GameAnalyzer] Known army advantage is now SlightAdvantage
2024-11-05 16:19:48.450 | 02:32   66ms  265M   44G  23/ 31U [ActUnit] MARINE from BARRACKS at (165.5, 45.5)
2024-11-05 16:19:48.632 | 02:32   61ms  270M   44G  24/ 31U [GameAnalyzer] Income advantage is now Even
2024-11-05 16:19:48.742 | 02:33  124ms  270M   44G  24/ 31U [GameAnalyzer] Income advantage is now SlightDisadvantage
2024-11-05 16:19:48.950 | 02:33   46ms  280M   48G  24/ 31U [GameAnalyzer] Income advantage is now Even
2024-11-05 16:19:48.952 | 02:33   46ms  230M   48G  24/ 31U [ActUnit] SCV from COMMANDCENTER at (161.5, 42.5)
2024-11-05 16:19:49.150 | 02:34   41ms  130M   52G  25/ 31U [GameAnalyzer] Known army advantage is now SlightDisadvantage
2024-11-05 16:19:49.151 | 02:34   41ms  130M   52G  25/ 31U [GameAnalyzer] Predicted army advantage is now SmallDisadvantage
2024-11-05 16:19:49.251 | 02:34   47ms  130M   52G  25/ 31U [GameAnalyzer] Income advantage is now SlightDisadvantage
2024-11-05 16:19:49.459 | 02:34   44ms  145M   52G  25/ 31U [GameAnalyzer] Income advantage is now Even
2024-11-05 16:19:49.652 | 02:35   39ms  145M   56G  25/ 31U [GameAnalyzer] Income advantage is now SlightDisadvantage
2024-11-05 16:19:50.053 | 02:36   38ms  165M   60G  25/ 31U [GameAnalyzer] Income advantage is now Even
2024-11-05 16:19:50.143 | 02:36   39ms  165M   60G  25/ 31U [GameAnalyzer] Income advantage is now SlightDisadvantage
2024-11-05 16:19:50.545 | 02:37   38ms  170M   60G  25/ 31U [GameAnalyzer] Income advantage is now Even
2024-11-05 16:19:50.646 | 02:37   39ms  175M   60G  25/ 31U [GameAnalyzer] Income advantage is now SlightDisadvantage
2024-11-05 16:19:50.923 | 02:37   39ms  175M   68G  25/ 31U [GameAnalyzer] Income advantage is now Even
2024-11-05 16:19:51.113 | 02:38   55ms  175M   68G  25/ 31U [GameAnalyzer] Income advantage is now SlightDisadvantage
2024-11-05 16:19:51.210 | 02:38   54ms  180M   68G  25/ 31U [GameAnalyzer] Income advantage is now Even
2024-11-05 16:19:51.468 | 02:38   56ms  185M   68G  25/ 31U [GameAnalyzer] Income advantage is now SlightDisadvantage
2024-11-05 16:19:53.089 | 02:42   44ms  255M   84G  25/ 31U [GameAnalyzer] Income advantage is now Even
2024-11-05 16:19:53.192 | 02:42  125ms  255M   84G  25/ 31U [GameAnalyzer] Income advantage is now SlightDisadvantage
2024-11-05 16:19:53.299 | 02:42   44ms  260M   84G  25/ 31U [GameAnalyzer] Income advantage is now Even
2024-11-05 16:19:53.403 | 02:42   48ms  260M   84G  25/ 31U [GameAnalyzer] Income advantage is now SlightDisadvantage
2024-11-05 16:19:53.691 | 02:43   42ms  275M   88G  25/ 31U [GameAnalyzer] Income advantage is now Even
2024-11-05 16:19:53.889 | 02:44   38ms  275M   92G  25/ 31U [GameAnalyzer] Income advantage is now SlightDisadvantage
2024-11-05 16:19:54.711 | 02:45   40ms  250M   96G  25/ 31U [ActUnit] SCV from COMMANDCENTER at (161.5, 42.5)
2024-11-05 16:19:55.049 | 02:46   48ms  280M  100G  26/ 31U [GameAnalyzer] Income advantage is now Even
2024-11-05 16:19:55.263 | 02:46   47ms  285M  100G  26/ 31U [GameAnalyzer] Income advantage is now SlightDisadvantage
2024-11-05 16:19:55.825 | 02:47   43ms  300M  104G  26/ 31U [GameAnalyzer] Income advantage is now Even
2024-11-05 16:19:55.937 | 02:48   49ms  300M  104G  26/ 31U [GameAnalyzer] Income advantage is now SlightDisadvantage
2024-11-05 16:19:56.127 | 02:48   41ms  305M  108G  26/ 31U [GameAnalyzer] Income advantage is now Even
2024-11-05 16:19:56.422 | 02:49   44ms  305M  108G  26/ 31U [GameAnalyzer] Income advantage is now SlightDisadvantage
2024-11-05 16:19:57.049 | 02:50   44ms  340M  116G  26/ 31U [GameAnalyzer] Income advantage is now Even
2024-11-05 16:19:57.050 | 02:50   44ms  340M  116G  26/ 31U [GameAnalyzer] Known army advantage is now Even
2024-11-05 16:19:57.052 | 02:50   44ms  290M   66G  26/ 31U [TerranUnit] REAPER from BARRACKS at (165.5, 45.5)
2024-11-05 16:19:57.446 | 02:51   39ms  290M   70G  27/ 31U [GameAnalyzer] Income advantage is now SlightDisadvantage
2024-11-05 16:19:57.746 | 02:51   41ms  305M   70G  27/ 31U [GameAnalyzer] Income advantage is now Even
2024-11-05 16:19:57.994 | 02:52   44ms  310M   70G  27/ 31U [GameAnalyzer] Income advantage is now SlightDisadvantage
2024-11-05 16:19:58.347 | 02:52   54ms  315M   74G  27/ 31U [GameAnalyzer] Income advantage is now Even
2024-11-05 16:19:58.733 | 02:53   57ms  340M   78G  27/ 31U [GameAnalyzer] Income advantage is now SlightDisadvantage
2024-11-05 16:19:59.055 | 02:54   42ms  360M   78G  27/ 31U [GameAnalyzer] Income advantage is now Even
2024-11-05 16:19:59.162 | 02:54   42ms  360M   78G  27/ 31U [GameAnalyzer] Income advantage is now SlightDisadvantage
2024-11-05 16:19:59.163 | 02:54   42ms  360M   78G  27/ 31U [GameAnalyzer] Known army advantage is now SlightDisadvantage
2024-11-05 16:20:00.615 | 02:57   44ms  400M   94G  26/ 31U [GameAnalyzer] Income advantage is now Even
2024-11-05 16:20:00.937 | 02:58   48ms  400M   94G  26/ 31U [GameAnalyzer] Income advantage is now SlightDisadvantage
2024-11-05 16:20:00.941 | 02:58   48ms  350M   94G  26/ 31U [ActUnit] SCV from COMMANDCENTER at (161.5, 42.5)
2024-11-05 16:20:01.131 | 02:58   40ms  365M   94G  27/ 31U [GameAnalyzer] Income advantage is now Even
2024-11-05 16:20:01.312 | 02:59   39ms  370M  102G  27/ 31U [GameAnalyzer] Income advantage is now SlightDisadvantage
2024-11-05 16:20:01.666 | 02:59  116ms  380M  102G  27/ 31U [GameAnalyzer] Income advantage is now Even
2024-11-05 16:20:01.759 | 02:59   37ms  380M  102G  27/ 39U [GameAnalyzer] Income advantage is now SlightDisadvantage
2024-11-05 16:20:02.026 | 03:00   34ms  385M  102G  27/ 39U [GameAnalyzer] Income advantage is now Even
2024-11-05 16:20:02.205 | 03:01   40ms  415M  106G  27/ 39U [GameAnalyzer] Income advantage is now SlightDisadvantage
2024-11-05 16:20:02.397 | 03:01   37ms  425M  110G  27/ 39U [GameAnalyzer] Income advantage is now Even
2024-11-05 16:20:02.982 | 03:02   38ms  435M  118G  27/ 39U [GameAnalyzer] Income advantage is now SlightDisadvantage
2024-11-05 16:20:03.072 | 03:03   42ms  435M  118G  27/ 39U [GameAnalyzer] Income advantage is now Even
2024-11-05 16:20:03.169 | 03:03   37ms  445M  118G  27/ 39U [GameAnalyzer] Income advantage is now SlightDisadvantage
2024-11-05 16:20:03.434 | 03:03   39ms  455M  118G  27/ 39U [GameAnalyzer] Income advantage is now Even
2024-11-05 16:20:03.893 | 03:04   38ms  470M  122G  27/ 39U [GameAnalyzer] Predicted army advantage is now ClearDisadvantage
2024-11-05 16:20:04.268 | 03:05   39ms  480M  130G  27/ 39U [GameAnalyzer] Income advantage is now SlightDisadvantage
2024-11-05 16:20:04.362 | 03:05   47ms  490M  130G  27/ 39U [GameAnalyzer] Income advantage is now Even
2024-11-05 16:20:04.702 | 03:06   39ms  340M   30G  27/ 39U [GameAnalyzer] Income advantage is now SlightDisadvantage
2024-11-05 16:20:04.809 | 03:06   37ms  195M   30G  27/ 39U [BuildAddon] UnitTypeId.FACTORYTECHLAB to (163.0, 50.0)
2024-11-05 16:20:05.264 | 03:07   40ms  190M   13G  27/ 54U [GameAnalyzer] Income advantage is now Even
2024-11-05 16:20:05.461 | 03:08   39ms   40M   13G  26/ 54U [GameAnalyzer] Income advantage is now SlightDisadvantage
2024-11-05 16:20:05.635 | 03:08   37ms   50M   17G  26/ 54U [GameAnalyzer] Income advantage is now Even
2024-11-05 16:20:06.208 | 03:09   37ms   65M   21G  26/ 54U [GameAnalyzer] Predicted army advantage is now OverwhelmingDisadvantage
2024-11-05 16:20:06.383 | 03:10   38ms   20M   21G  26/ 54U [ActUnit] SCV from COMMANDCENTER at (161.5, 42.5)
2024-11-05 16:20:06.908 | 03:11   38ms   30M   29G  27/ 54U [GameAnalyzer] Income advantage is now SlightDisadvantage
2024-11-05 16:20:07.080 | 03:12   32ms   45M   29G  27/ 54U [GameAnalyzer] Income advantage is now Even
2024-11-05 16:20:07.946 | 03:14   34ms  100M   37G  27/ 54U [DefensiveBuilding] Building BUNKER to (158.5, 74.5)
2024-11-05 16:20:08.736 | 03:16   34ms   20M   49G  27/ 54U [GameAnalyzer] Income advantage is now SlightDisadvantage
2024-11-05 16:20:08.827 | 03:16   39ms   20M   53G  27/ 54U [GameAnalyzer] Income advantage is now Even
2024-11-05 16:20:09.178 | 03:17   37ms   40M   57G  27/ 54U [GameAnalyzer] Income advantage is now SlightDisadvantage
2024-11-05 16:20:09.270 | 03:17  115ms   40M   57G  27/ 54U [GameAnalyzer] Income advantage is now Even
2024-11-05 16:20:09.541 | 03:17   39ms   45M   57G  27/ 54U [GameAnalyzer] Income advantage is now SlightDisadvantage
2024-11-05 16:20:09.638 | 03:18   40ms   50M   61G  27/ 54U [GameAnalyzer] Income advantage is now Even
2024-11-05 16:20:10.356 | 03:20   40ms   70M   73G  27/ 54U [GameAnalyzer] Income advantage is now SlightDisadvantage
2024-11-05 16:20:10.449 | 03:20   36ms   80M   73G  27/ 54U [GameAnalyzer] Income advantage is now Even
2024-11-05 16:20:10.625 | 03:20   35ms  110M   73G  27/ 54U [GameAnalyzer] Income advantage is now SlightDisadvantage
2024-11-05 16:20:10.724 | 03:20   37ms  110M   77G  27/ 54U [GameAnalyzer] Income advantage is now Even
2024-11-05 16:20:10.817 | 03:21   46ms  115M   77G  27/ 54U [GameAnalyzer] Income advantage is now SlightDisadvantage
2024-11-05 16:20:11.345 | 03:22  120ms  135M   81G  27/ 54U [GameAnalyzer] Income advantage is now Even
2024-11-05 16:20:11.532 | 03:22   36ms   95M   85G  27/ 54U [ActUnit] SCV from COMMANDCENTER at (161.5, 42.5)
2024-11-05 16:20:11.536 | 03:22   36ms   95M   85G  27/ 54U [BuildAddon] UnitTypeId.BARRACKSTECHLAB to (168.0, 45.0)
2024-11-05 16:20:13.978 | 03:28   40ms  135M   88G  28/ 54U [GameAnalyzer] Income advantage is now SlightDisadvantage
2024-11-05 16:20:14.163 | 03:28   39ms  165M   92G  28/ 54U [GameAnalyzer] Income advantage is now Even
2024-11-05 16:20:15.114 | 03:30   42ms  195M  104G  28/ 54U [GameAnalyzer] Income advantage is now SlightDisadvantage
2024-11-05 16:20:15.214 | 03:30   43ms  200M  104G  28/ 54U [GameAnalyzer] Income advantage is now Even
2024-11-05 16:20:16.024 | 03:32   41ms  230M  112G  28/ 54U [GameAnalyzer] Income advantage is now SlightDisadvantage
2024-11-05 16:20:16.027 | 03:32   41ms  180M  112G  28/ 54U [ActUnit] SCV from COMMANDCENTER at (163.5, 74.5)
2024-11-05 16:20:16.213 | 03:32   64ms  185M  116G  29/ 54U [GameAnalyzer] Income advantage is now Even
2024-11-05 16:20:17.198 | 03:34   46ms   65M    3G  29/ 54U [ActUnit] SIEGETANK from FACTORY at (160.5, 50.5)
2024-11-05 16:20:17.297 | 03:34   45ms   20M    3G  32/ 54U [ActUnit] SCV from COMMANDCENTER at (161.5, 42.5)
2024-11-05 16:20:19.193 | 03:38   38ms  110M   23G  33/ 54U [GameAnalyzer] Income advantage is now SlightDisadvantage
2024-11-05 16:20:19.290 | 03:39   49ms  115M   27G  33/ 54U [GameAnalyzer] Income advantage is now Even
2024-11-05 16:20:20.016 | 03:40   44ms   90M   35G  33/ 54U [ActUnit] MARINE from BARRACKS at (165.5, 45.5)
2024-11-05 16:20:20.984 | 03:42   52ms  170M   43G  34/ 54U [GameAnalyzer] Income advantage is now SlightDisadvantage
2024-11-05 16:20:21.089 | 03:42   46ms  175M   43G  34/ 54U [GameAnalyzer] Income advantage is now Even
2024-11-05 16:20:22.056 | 03:44   50ms  195M   51G  34/ 54U [GameAnalyzer] Income advantage is now SlightDisadvantage
2024-11-05 16:20:22.167 | 03:44   55ms  205M   51G  34/ 54U [GameAnalyzer] Income advantage is now Even
2024-11-05 16:20:22.510 | 03:45   53ms  165M   59G  34/ 54U [ActUnit] SCV from COMMANDCENTER at (163.5, 74.5)
2024-11-05 16:20:22.962 | 03:45   54ms  175M   59G  35/ 54U [GameAnalyzer] Known army advantage is now SmallDisadvantage
2024-11-05 16:20:23.639 | 03:47   48ms  155M   67G  35/ 54U [ActUnit] SCV from COMMANDCENTER at (161.5, 42.5)
2024-11-05 16:20:27.176 | 03:54   45ms  345M  107G  36/ 54U [BuildAddon] UnitTypeId.BARRACKSREACTOR to (156.0, 44.0)
2024-11-05 16:20:28.349 | 03:56   48ms  370M   65G  36/ 54U [GameAnalyzer] Income advantage is now SlightAdvantage
2024-11-05 16:20:28.462 | 03:56   52ms  370M   69G  36/ 54U [GameAnalyzer] Income advantage is now Even
2024-11-05 16:20:28.768 | 03:57   46ms  405M   73G  36/ 54U [GameAnalyzer] Income advantage is now SlightAdvantage
2024-11-05 16:20:28.770 | 03:57   46ms  355M   73G  36/ 54U [ActUnit] SCV from COMMANDCENTER at (163.5, 74.5)
2024-11-05 16:20:28.980 | 03:57   47ms  360M   73G  37/ 54U [GameAnalyzer] Income advantage is now Even
2024-11-05 16:20:29.259 | 03:58   45ms  365M   77G  37/ 54U [GameAnalyzer] Income advantage is now SlightAdvantage
2024-11-05 16:20:29.365 | 03:58  123ms  365M   81G  37/ 54U [GameAnalyzer] Income advantage is now Even
2024-11-05 16:20:29.479 | 03:58   52ms  315M   81G  37/ 54U [ActUnit] MARINE from BARRACKS at (165.5, 45.5)
2024-11-05 16:20:29.892 | 03:59   46ms  340M   85G  38/ 54U [GameAnalyzer] Income advantage is now SlightAdvantage
2024-11-05 16:20:29.893 | 03:59   46ms  290M   85G  38/ 54U [ActUnit] SCV from COMMANDCENTER at (161.5, 42.5)
2024-11-05 16:20:30.018 | 03:59   50ms  295M   89G  39/ 54U [GameAnalyzer] Income advantage is now Even
2024-11-05 16:20:30.346 | 04:00   50ms  340M   89G  39/ 54U [GameAnalyzer] Income advantage is now SlightAdvantage
2024-11-05 16:20:30.690 | 04:01   47ms  340M   93G  39/ 54U [GameAnalyzer] Income advantage is now Even
2024-11-05 16:20:31.556 | 04:02   48ms  255M    1G  39/ 54U [GameAnalyzer] Income advantage is now SlightAdvantage
2024-11-05 16:20:31.677 | 04:02   53ms  255M    5G  39/ 54U [GameAnalyzer] Income advantage is now Even
2024-11-05 16:20:33.887 | 04:06   46ms  375M   25G  39/ 54U [GameAnalyzer] Known army advantage is now SlightDisadvantage
2024-11-05 16:20:34.012 | 04:07   57ms  380M   29G  39/ 54U [GameAnalyzer] Known army advantage is now SmallDisadvantage
2024-11-05 16:20:35.315 | 04:09   46ms  430M   37G  39/ 54U [GameAnalyzer] Income advantage is now SlightAdvantage
2024-11-05 16:20:35.317 | 04:09   46ms  380M   37G  39/ 54U [ActUnit] SCV from COMMANDCENTER at (163.5, 74.5)
2024-11-05 16:20:35.439 | 04:09   52ms  380M   41G  40/ 54U [GameAnalyzer] Income advantage is now Even
2024-11-05 16:20:35.768 | 04:10   47ms  400M   45G  40/ 54U [GameAnalyzer] Income advantage is now SlightAdvantage
2024-11-05 16:20:35.885 | 04:10   51ms  405M   45G  40/ 54U [GameAnalyzer] Income advantage is now Even
2024-11-05 16:20:36.551 | 04:11   49ms  405M   53G  40/ 54U [ActUnit] SCV from COMMANDCENTER at (161.5, 42.5)
2024-11-05 16:20:36.785 | 04:12   48ms  415M   53G  41/ 54U [GameAnalyzer] Income advantage is now SlightAdvantage
2024-11-05 16:20:36.903 | 04:12   50ms  420M   53G  41/ 54U [GameAnalyzer] Income advantage is now Even
2024-11-05 16:20:37.562 | 04:13   50ms  475M   61G  41/ 54U [GameAnalyzer] Income advantage is now SlightAdvantage
2024-11-05 16:20:37.872 | 04:14   47ms  480M   65G  41/ 54U [GameAnalyzer] Income advantage is now Even
2024-11-05 16:20:38.100 | 04:14   56ms  485M   69G  41/ 54U [GameAnalyzer] Income advantage is now SlightAdvantage
2024-11-05 16:20:38.315 | 04:15   52ms  500M   69G  41/ 54U [GameAnalyzer] Income advantage is now Even
2024-11-05 16:20:38.430 | 04:15   49ms  510M   69G  41/ 54U [GameAnalyzer] Income advantage is now SlightAdvantage
2024-11-05 16:20:38.871 | 04:16   47ms  515M   77G  41/ 54U [GameAnalyzer] Income advantage is now Even
2024-11-05 16:20:38.985 | 04:16   49ms  525M   77G  41/ 54U [GameAnalyzer] Known army advantage is now SlightDisadvantage
2024-11-05 16:20:38.993 | 04:16   49ms  475M   77G  41/ 54U [ActUnit] MARINE from BARRACKS at (165.5, 45.5)
2024-11-05 16:20:39.231 | 04:16   49ms  495M   77G  42/ 54U [GameAnalyzer] Income advantage is now SlightAdvantage
2024-11-05 16:20:39.666 | 04:17   50ms  510M   85G  42/ 54U [GameAnalyzer] Income advantage is now Even
2024-11-05 16:20:39.997 | 04:18   47ms  550M   85G  42/ 54U [GameAnalyzer] Income advantage is now SlightAdvantage
2024-11-05 16:20:40.240 | 04:18   54ms  555M   89G  42/ 54U [GameAnalyzer] Income advantage is now Even
2024-11-05 16:20:40.465 | 04:19   50ms  570M   93G  42/ 54U [GameAnalyzer] Income advantage is now SlightAdvantage
2024-11-05 16:20:40.584 | 04:19   54ms  580M   93G  42/ 54U [GameAnalyzer] Income advantage is now Even
2024-11-05 16:20:40.695 | 04:19   49ms  590M   93G  42/ 54U [GameAnalyzer] Income advantage is now SlightAdvantage
2024-11-05 16:20:41.459 | 04:20   52ms  630M  101G  42/ 54U [GameAnalyzer] Income advantage is now Even
2024-11-05 16:20:41.795 | 04:21   51ms  660M  105G  42/ 54U [GameAnalyzer] Income advantage is now SlightAdvantage
2024-11-05 16:20:41.920 | 04:21   51ms  625M  109G  42/ 54U [ActUnit] SCV from COMMANDCENTER at (163.5, 74.5)
2024-11-05 16:20:42.710 | 04:23  127ms  645M  113G  43/ 54U [GameAnalyzer] Income advantage is now Even
2024-11-05 16:20:42.938 | 04:23   51ms  660M  117G  43/ 54U [GameAnalyzer] Income advantage is now SlightAdvantage
2024-11-05 16:20:43.184 | 04:24   57ms  670M  117G  43/ 54U [GameAnalyzer] Income advantage is now Even
2024-11-05 16:20:43.186 | 04:24   57ms  620M  117G  43/ 54U [ActUnit] SCV from COMMANDCENTER at (161.5, 42.5)
2024-11-05 16:20:43.309 | 04:24   57ms  635M  117G  44/ 54U [GameAnalyzer] Income advantage is now SlightAdvantage
2024-11-05 16:20:43.544 | 04:24   56ms  675M  121G  44/ 54U [GameAnalyzer] Income advantage is now SmallAdvantage
2024-11-05 16:20:43.669 | 04:24   57ms  675M  125G  44/ 54U [GameAnalyzer] Income advantage is now Even
2024-11-05 16:20:43.670 | 04:24   57ms  675M  125G  44/ 54U [GameAnalyzer] Known army advantage is now SmallDisadvantage
2024-11-05 16:20:43.676 | 04:24   57ms  525M    0G  44/ 54U [ActUnit] SIEGETANK from FACTORY at (160.5, 50.5)
2024-11-05 16:20:43.790 | 04:25   52ms  525M    0G  47/ 54U [GameAnalyzer] Income advantage is now SlightAdvantage
2024-11-05 16:20:44.316 | 04:26   50ms  535M    4G  47/ 54U [GameAnalyzer] Income advantage is now Even
2024-11-05 16:20:44.547 | 04:26   48ms  590M    8G  47/ 54U [GameAnalyzer] Income advantage is now SlightAdvantage
2024-11-05 16:20:45.449 | 04:28   46ms  615M   16G  47/ 54U [GameAnalyzer] Income advantage is now Even
2024-11-05 16:20:45.675 | 04:28   49ms  635M   16G  47/ 54U [GameAnalyzer] Income advantage is now SlightAdvantage
2024-11-05 16:20:46.326 | 04:29   48ms  670M   24G  47/ 54U [GameAnalyzer] Income advantage is now Even
2024-11-05 16:20:46.332 | 04:29   48ms  620M   24G  47/ 54U [ActUnit] MARINE from BARRACKS at (153.5, 44.5)
2024-11-05 16:20:46.449 | 04:30   52ms  625M   24G  48/ 54U [GameAnalyzer] Income advantage is now SlightAdvantage
2024-11-05 16:20:46.459 | 04:30   52ms  475M   24G  48/ 54U [ActUnit] MARINE from BARRACKS at (153.5, 44.5)
2024-11-05 16:20:46.692 | 04:30   48ms  485M   28G  49/ 54U [GameAnalyzer] Income advantage is now Even
2024-11-05 16:20:47.042 | 04:31   48ms  505M   32G  49/ 54U [GameAnalyzer] Income advantage is now SlightAdvantage
2024-11-05 16:20:47.583 | 04:32  131ms  545M   40G  49/ 54U [GameAnalyzer] Income advantage is now Even
2024-11-05 16:20:47.704 | 04:32   50ms  560M   40G  49/ 54U [GameAnalyzer] Income advantage is now SmallAdvantage
2024-11-05 16:20:47.834 | 04:32   48ms  560M   40G  49/ 54U [GameAnalyzer] Income advantage is now SlightAdvantage
2024-11-05 16:20:48.070 | 04:32   48ms  565M   40G  49/ 54U [GameAnalyzer] Income advantage is now Even
2024-11-05 16:20:48.202 | 04:33   52ms  580M   40G  49/ 54U [GameAnalyzer] Income advantage is now SlightAdvantage
2024-11-05 16:20:48.446 | 04:33   47ms  590M   48G  49/ 54U [GameAnalyzer] Income advantage is now Even
2024-11-05 16:20:48.696 | 04:34   49ms  555M   48G  49/ 54U [ActUnit] SCV from COMMANDCENTER at (163.5, 74.5)
2024-11-05 16:20:48.816 | 04:34   49ms  585M   48G  50/ 54U [GameAnalyzer] Income advantage is now SlightAdvantage
2024-11-05 16:20:48.817 | 04:34   49ms  585M   48G  50/ 54U [GameAnalyzer] Known army advantage is now SlightDisadvantage
2024-11-05 16:20:48.823 | 04:34   49ms  535M   48G  50/ 54U [ActUnit] MARINE from BARRACKS at (165.5, 45.5)
2024-11-05 16:20:49.154 | 04:34   53ms  550M   48G  51/ 54U [GameAnalyzer] Income advantage is now Even
2024-11-05 16:20:49.289 | 04:35  136ms  555M   52G  51/ 54U [GameAnalyzer] Income advantage is now SlightAdvantage
2024-11-05 16:20:50.025 | 04:36   51ms  530M   60G  51/ 54U [ActUnit] SCV from COMMANDCENTER at (161.5, 42.5)
2024-11-05 16:20:51.113 | 04:38   54ms  605M   72G  52/ 54U [GameAnalyzer] Income advantage is now Even
2024-11-05 16:20:51.242 | 04:38   57ms  605M   72G  52/ 54U [GameAnalyzer] Income advantage is now SlightAdvantage
2024-11-05 16:20:52.001 | 04:39   53ms  650M   80G  52/ 54U [GameAnalyzer] Income advantage is now Even
2024-11-05 16:20:52.128 | 04:39   64ms  660M   80G  52/ 54U [GameAnalyzer] Income advantage is now SlightAdvantage
2024-11-05 16:20:52.254 | 04:40   58ms  665M   80G  52/ 54U [GameAnalyzer] Income advantage is now SmallAdvantage
2024-11-05 16:20:52.463 | 04:40   59ms  665M   80G  52/ 54U [GameAnalyzer] Income advantage is now SlightAdvantage
2024-11-05 16:20:52.835 | 04:41   51ms  685M   88G  52/ 54U [GameAnalyzer] Income advantage is now SmallAdvantage
2024-11-05 16:20:52.962 | 04:41   53ms  690M   88G  52/ 54U [GameAnalyzer] Income advantage is now SlightAdvantage
2024-11-05 16:20:53.102 | 04:41   56ms  690M   88G  52/ 54U [GameAnalyzer] Income advantage is now Even
2024-11-05 16:20:53.350 | 04:41   51ms  715M   88G  52/ 54U [GameAnalyzer] Income advantage is now SlightAdvantage
2024-11-05 16:20:53.472 | 04:42   55ms  725M   88G  52/ 54U [GameAnalyzer] Income advantage is now SmallAdvantage
2024-11-05 16:20:53.727 | 04:42   53ms  730M   96G  52/ 54U [GameAnalyzer] Income advantage is now SlightAdvantage
2024-11-05 16:20:53.851 | 04:42   57ms  730M   96G  52/ 54U [GameAnalyzer] Income advantage is now Even
2024-11-05 16:20:53.852 | 04:42   57ms  730M   96G  52/ 54U [GameAnalyzer] Known army advantage is now SmallDisadvantage
2024-11-05 16:20:53.972 | 04:43   53ms  735M   96G  52/ 54U [GameAnalyzer] Income advantage is now SlightAdvantage
2024-11-05 16:20:54.559 | 04:43   54ms  765M  104G  52/ 54U [GameAnalyzer] Income advantage is now Even
2024-11-05 16:20:54.692 | 04:44   57ms  775M  104G  52/ 54U [GameAnalyzer] Income advantage is now SlightAdvantage
2024-11-05 16:20:54.811 | 04:44   59ms  790M  104G  52/ 54U [GameAnalyzer] Income advantage is now SmallAdvantage
2024-11-05 16:20:55.075 | 04:44   54ms  790M  104G  52/ 54U [GameAnalyzer] Income advantage is now SlightAdvantage
2024-11-05 16:20:56.080 | 04:46   55ms  825M  112G  52/ 54U [ActUnit] SCV from COMMANDCENTER at (163.5, 74.5)
2024-11-05 16:20:56.811 | 04:47   53ms  860M  120G  53/ 54U [GameAnalyzer] Known army advantage is now SlightDisadvantage
2024-11-05 16:20:56.818 | 04:47   53ms  810M  120G  53/ 54U [ActUnit] MARINE from BARRACKS at (153.5, 44.5)
2024-11-05 16:20:56.938 | 04:47   60ms  825M  120G  54/ 54U [GameAnalyzer] Income advantage is now SmallAdvantage
2024-11-05 16:20:57.203 | 04:48   55ms  825M  128G  54/ 54U [GameAnalyzer] Income advantage is now Even
2024-11-05 16:20:57.212 | 04:48   55ms  825M  128G  54/ 54U [BuildAddon] UnitTypeId.FACTORYTECHLAB to (154.0, 47.0)
2024-11-05 16:20:57.422 | 04:48   61ms  785M  103G  54/ 54U [GameAnalyzer] Income advantage is now SlightAdvantage
2024-11-05 16:20:57.546 | 04:48   59ms  805M  103G  54/ 54U [GameAnalyzer] Income advantage is now SmallAdvantage
2024-11-05 16:20:57.809 | 04:49   59ms  545M  103G  54/ 54U [GameAnalyzer] Income advantage is now SlightAdvantage
2024-11-05 16:20:58.199 | 04:49   55ms  410M  111G  54/ 54U [GameAnalyzer] Income advantage is now SmallAdvantage
2024-11-05 16:20:58.345 | 04:50   60ms  410M  111G  54/ 54U [GameAnalyzer] Income advantage is now SlightAdvantage
2024-11-05 16:20:58.479 | 04:50   64ms  410M  111G  54/ 54U [GameAnalyzer] Income advantage is now Even
2024-11-05 16:20:58.609 | 04:50   57ms  415M  111G  54/ 54U [GameAnalyzer] Income advantage is now SlightAdvantage
2024-11-05 16:20:58.948 | 04:51   56ms  440M  115G  54/ 54U [GameAnalyzer] Income advantage is now SmallAdvantage
2024-11-05 16:20:59.078 | 04:51  149ms  445M  119G  54/ 54U [GameAnalyzer] Income advantage is now SlightAdvantage
2024-11-05 16:20:59.338 | 04:51   59ms  480M  119G  54/ 54U [GameAnalyzer] Income advantage is now Even
2024-11-05 16:20:59.471 | 04:51   59ms  485M  119G  54/ 54U [GameAnalyzer] Income advantage is now SmallAdvantage
2024-11-05 16:20:59.611 | 04:52   59ms  490M  119G  54/ 54U [GameAnalyzer] Known army advantage is now Even
2024-11-05 16:20:59.746 | 04:52   59ms  515M  119G  54/ 54U [GameAnalyzer] Income advantage is now SlightAdvantage
2024-11-05 16:21:00.013 | 04:52   61ms  675M  127G  54/ 54U [GameAnalyzer] Income advantage is now Even
2024-11-05 16:21:00.143 | 04:53   59ms  535M  127G  54/ 54U [GameAnalyzer] Income advantage is now SlightAdvantage
2024-11-05 16:21:00.556 | 04:53   61ms  560M  127G  54/ 54U [GameAnalyzer] Income advantage is now Even
2024-11-05 16:21:00.689 | 04:53   57ms  570M  131G  54/ 54U [GameAnalyzer] Income advantage is now SlightAdvantage
2024-11-05 16:21:01.026 | 04:54  136ms  585M  135G  54/ 54U [GameAnalyzer] Income advantage is now SmallAdvantage
2024-11-05 16:21:01.161 | 04:54   59ms  585M  135G  54/ 54U [GameAnalyzer] Income advantage is now SlightAdvantage
2024-11-05 16:21:01.812 | 04:55   57ms  625M  143G  54/ 54U [GameAnalyzer] Income advantage is now SmallAdvantage
2024-11-05 16:21:01.944 | 04:55   58ms  625M  143G  54/ 54U [GameAnalyzer] Income advantage is now SlightAdvantage
2024-11-05 16:21:02.692 | 04:57   65ms  650M  147G  54/ 62U [GameAnalyzer] Known army advantage is now SmallAdvantage
2024-11-05 16:21:02.693 | 04:57   65ms  600M  147G  54/ 62U [ActUnit] SCV from COMMANDCENTER at (161.5, 42.5)
2024-11-05 16:21:02.701 | 04:57   65ms  300M   22G  54/ 62U [ActUnit] SIEGETANK from FACTORY at (160.5, 50.5)
2024-11-05 16:21:02.703 | 04:57   65ms  250M   22G  54/ 62U [ActUnit] MARINE from BARRACKS at (153.5, 44.5)
2024-11-05 16:21:02.842 | 04:57   70ms  105M   26G  59/ 62U [ActUnit] MARINE from BARRACKS at (165.5, 45.5)
2024-11-05 16:21:03.248 | 04:57   61ms   30M   26G  60/ 62U [GameAnalyzer] Income advantage is now Even
2024-11-05 16:21:03.631 | 04:58   50ms   50M   34G  60/ 62U [GameAnalyzer] Income advantage is now SlightAdvantage
2024-11-05 16:21:03.635 | 04:58   50ms    0M   34G  60/ 62U [ActUnit] SCV from COMMANDCENTER at (163.5, 74.5)
2024-11-05 16:21:04.202 | 04:59   59ms   65M   34G  61/ 62U [GameAnalyzer] Income advantage is now Even
2024-11-05 16:21:04.551 | 05:00   53ms   90M   38G  61/ 62U [GameAnalyzer] Income advantage is now SmallAdvantage
2024-11-05 16:21:04.698 | 05:00   61ms  245M   42G  61/ 62U [GameAnalyzer] Income advantage is now SlightAdvantage
2024-11-05 16:21:04.699 | 05:00   61ms  245M   42G  61/ 62U [ChatManager] Tag:Enemy_RushNoMacro
2024-11-05 16:21:04.706 | 05:00   61ms  145M   42G  61/ 62U [DefensiveBuilding] Building BUNKER to (161.81189143077592, 47.49026289241444)
2024-11-05 16:21:04.862 | 05:00   71ms   50M   42G  61/ 62U [GameAnalyzer] Income advantage is now Even
2024-11-05 16:21:05.000 | 05:00   66ms   60M   42G  61/ 62U [GameAnalyzer] Income advantage is now SlightAdvantage
2024-11-05 16:21:05.528 | 05:01   63ms   75M   50G  61/ 62U [GameAnalyzer] Income advantage is now Even
2024-11-05 16:21:05.789 | 05:02   52ms  100M   50G  61/ 62U [GameAnalyzer] Income advantage is now SlightAdvantage
2024-11-05 16:21:06.275 | 05:02   58ms  105M   50G  61/ 62U [GameAnalyzer] Income advantage is now Even
2024-11-05 16:21:06.527 | 05:03   52ms  220M   58G  61/ 62U [GameAnalyzer] Income advantage is now SlightAdvantage
2024-11-05 16:21:06.783 | 05:03   60ms  130M   58G  61/ 62U [GameAnalyzer] Income advantage is now Even
2024-11-05 16:21:07.038 | 05:04   54ms  140M   58G  61/ 62U [GameAnalyzer] Income advantage is now SlightAdvantage
2024-11-05 16:21:07.462 | 05:04   55ms  165M   66G  61/ 62U [GameAnalyzer] Income advantage is now Even
2024-11-05 16:21:07.935 | 05:05   55ms  285M   66G  61/ 62U [GameAnalyzer] Income advantage is now SlightAdvantage
2024-11-05 16:21:08.070 | 05:05   56ms  320M   66G  61/ 62U [GameAnalyzer] Predicted army advantage is now ClearDisadvantage
2024-11-05 16:21:08.078 | 05:05   56ms  270M   66G  61/ 62U [ActUnit] MARINE from BARRACKS at (153.5, 44.5)
2024-11-05 16:21:08.347 | 05:06   57ms  270M   74G  62/ 62U [GameAnalyzer] Income advantage is now Even
2024-11-05 16:21:10.847 | 05:09   61ms  405M   90G  62/ 62U [GameAnalyzer] Income advantage is now SlightAdvantage
2024-11-05 16:21:11.000 | 05:10   64ms  405M   90G  62/ 62U [GameAnalyzer] Income advantage is now Even
2024-11-05 16:21:12.364 | 05:12   60ms  465M  106G  62/ 62U [GameAnalyzer] Income advantage is now SlightAdvantage
2024-11-05 16:21:12.510 | 05:12   65ms  465M  106G  62/ 62U [GameAnalyzer] Income advantage is now Even
2024-11-05 16:21:12.895 | 05:12   68ms  475M  106G  62/ 62U [GameAnalyzer] Income advantage is now SlightAdvantage
2024-11-05 16:21:13.190 | 05:13   67ms  485M  110G  62/ 62U [GameAnalyzer] Income advantage is now Even
2024-11-05 16:21:13.913 | 05:14   59ms  560M  114G  62/ 62U [GameAnalyzer] Income advantage is now SlightAdvantage
2024-11-05 16:21:14.061 | 05:14   76ms  560M  114G  62/ 62U [GameAnalyzer] Income advantage is now Even
2024-11-05 16:21:15.482 | 05:16   64ms  620M  130G  62/ 62U [GameAnalyzer] Income advantage is now SlightAdvantage
2024-11-05 16:21:15.637 | 05:16   83ms  620M  130G  62/ 62U [GameAnalyzer] Income advantage is now Even
2024-11-05 16:21:16.303 | 05:17  150ms  655M  134G  62/ 62U [GameAnalyzer] Income advantage is now SlightAdvantage
2024-11-05 16:21:16.452 | 05:17   69ms  655M  138G  62/ 62U [GameAnalyzer] Income advantage is now Even
2024-11-05 16:21:16.847 | 05:18   83ms  675M  138G  62/ 62U [Tech] Started TERRANINFANTRYWEAPONSLEVEL1
2024-11-05 16:21:17.735 | 05:19   68ms  610M   46G  62/ 62U [GameAnalyzer] Income advantage is now SlightAdvantage
2024-11-05 16:21:18.100 | 05:20  147ms  630M   46G  62/ 62U [GameAnalyzer] Income advantage is now Even
2024-11-05 16:21:18.668 | 05:20   67ms  675M   54G  62/ 62U [GameAnalyzer] Income advantage is now SlightAdvantage
2024-11-05 16:21:18.825 | 05:21   71ms  685M   54G  62/ 70U [GameAnalyzer] Income advantage is now Even
2024-11-05 16:21:18.829 | 05:21   71ms  635M   54G  62/ 70U [ActUnit] SCV from COMMANDCENTER at (163.5, 74.5)
2024-11-05 16:21:18.834 | 05:21   71ms  585M   54G  62/ 70U [ActUnit] MARINE from BARRACKS at (153.5, 44.5)
2024-11-05 16:21:18.981 | 05:21   69ms  435M   54G  64/ 70U [ActUnit] SCV from COMMANDCENTER at (161.5, 42.5)
2024-11-05 16:21:18.986 | 05:21   69ms  385M   54G  64/ 70U [ActUnit] MARINE from BARRACKS at (165.5, 45.5)
2024-11-05 16:21:19.124 | 05:21   72ms  390M   54G  66/ 70U [GameAnalyzer] Income advantage is now SlightAdvantage
2024-11-05 16:21:19.411 | 05:22   67ms  310M   58G  66/ 70U [GameAnalyzer] Income advantage is now Even
2024-11-05 16:21:20.347 | 05:23   56ms  350M   66G  66/ 70U [GameAnalyzer] Known army advantage is now ClearAdvantage
2024-11-05 16:21:20.356 | 05:23   56ms  300M   66G  66/ 70U [ActUnit] MARINE from BARRACKS at (153.5, 44.5)
2024-11-05 16:21:21.694 | 05:25   59ms  360M   78G  67/ 70U [GameAnalyzer] Income advantage is now SlightAdvantage
2024-11-05 16:21:21.835 | 05:25   67ms  360M   78G  67/ 70U [GameAnalyzer] Income advantage is now Even
2024-11-05 16:21:22.879 | 05:27   61ms  515M   86G  67/ 78U [GameAnalyzer] Income advantage is now SlightAdvantage
2024-11-05 16:21:23.158 | 05:27   65ms  525M   86G  67/ 78U [GameAnalyzer] Income advantage is now Even
2024-11-05 16:21:23.589 | 05:28   74ms  575M   94G  67/ 78U [GameAnalyzer] Income advantage is now SlightAdvantage
2024-11-05 16:21:24.036 | 05:29   67ms  590M   94G  67/ 78U [GameAnalyzer] Income advantage is now Even
2024-11-05 16:21:24.278 | 05:29   63ms  605M   94G  67/ 78U [GameAnalyzer] Predicted army advantage is now SmallDisadvantage
2024-11-05 16:21:24.425 | 05:29   68ms  610M   98G  67/ 78U [GameAnalyzer] Income advantage is now SlightAdvantage
2024-11-05 16:21:24.709 | 05:29   62ms  615M  102G  67/ 78U [GameAnalyzer] Income advantage is now Even
2024-11-05 16:21:24.989 | 05:30   69ms  635M  102G  67/ 78U [GameAnalyzer] Income advantage is now SlightAdvantage
2024-11-05 16:21:25.134 | 05:30   69ms  635M  102G  67/ 78U [GameAnalyzer] Income advantage is now Even
2024-11-05 16:21:25.282 | 05:30   70ms  650M  106G  67/ 78U [GameAnalyzer] Income advantage is now SlightAdvantage
2024-11-05 16:21:25.670 | 05:31   72ms  660M  110G  67/ 78U [GameAnalyzer] Income advantage is now Even
2024-11-05 16:21:25.815 | 05:31  154ms  665M  110G  67/ 78U [GameAnalyzer] Income advantage is now SlightAdvantage
2024-11-05 16:21:26.259 | 05:32   69ms  680M  110G  67/ 78U [GameAnalyzer] Income advantage is now Even
2024-11-05 16:21:26.555 | 05:32   69ms  695M  118G  67/ 78U [GameAnalyzer] Income advantage is now SlightAdvantage
2024-11-05 16:21:26.998 | 05:33   69ms  730M  118G  67/ 78U [GameAnalyzer] Income advantage is now Even
2024-11-05 16:21:27.228 | 05:33   73ms  680M  118G  67/ 78U [ActUnit] SCV from COMMANDCENTER at (163.5, 74.5)
2024-11-05 16:21:27.395 | 05:33   73ms  690M  118G  68/ 78U [GameAnalyzer] Income advantage is now SlightAdvantage
2024-11-05 16:21:27.398 | 05:33   73ms  640M  118G  68/ 78U [ActUnit] SCV from COMMANDCENTER at (161.5, 42.5)
2024-11-05 16:21:27.701 | 05:34   69ms  655M  126G  69/ 78U [GameAnalyzer] Income advantage is now SmallAdvantage
2024-11-05 16:21:27.710 | 05:34   69ms  505M    1G  69/ 78U [ActUnit] SIEGETANK from FACTORY at (151.5, 47.5)
2024-11-05 16:21:27.867 | 05:34   73ms  505M    1G  72/ 78U [GameAnalyzer] Income advantage is now SlightAdvantage
2024-11-05 16:21:28.497 | 05:35   67ms  355M    5G  72/ 78U [GameAnalyzer] Income advantage is now Even
2024-11-05 16:21:28.652 | 05:35   64ms  370M    9G  72/ 78U [GameAnalyzer] Income advantage is now SlightAdvantage
2024-11-05 16:21:29.451 | 05:36   65ms  390M    9G  72/ 78U [GameAnalyzer] Income advantage is now Even
2024-11-05 16:21:29.757 | 05:37   70ms  410M   17G  72/ 78U [GameAnalyzer] Income advantage is now SlightAdvantage
2024-11-05 16:21:30.189 | 05:37   72ms  430M   17G  72/ 78U [GameAnalyzer] Income advantage is now Even
2024-11-05 16:21:30.567 | 05:38   59ms  450M   21G  72/ 78U [GameAnalyzer] Income advantage is now SlightAdvantage
2024-11-05 16:21:31.015 | 05:38   66ms  560M   25G  72/ 78U [GameAnalyzer] Income advantage is now Even
2024-11-05 16:21:31.164 | 05:39   70ms  570M   25G  72/ 78U [GameAnalyzer] Income advantage is now SlightAdvantage
2024-11-05 16:21:31.174 | 05:39   70ms  520M   25G  72/ 78U [ActUnit] MARINE from BARRACKS at (153.5, 44.5)
2024-11-05 16:21:31.327 | 05:39   68ms  475M   25G  73/ 78U [ActUnit] MARINE from BARRACKS at (165.5, 45.5)
2024-11-05 16:21:31.936 | 05:40   66ms  500M   33G  74/ 78U [GameAnalyzer] Income advantage is now Even
2024-11-05 16:21:32.303 | 05:40   66ms  525M   33G  74/ 78U [GameAnalyzer] Income advantage is now SlightAdvantage
2024-11-05 16:21:32.795 | 05:41   65ms  485M   37G  74/ 78U [ActUnit] MARINE from BARRACKS at (153.5, 44.5)
2024-11-05 16:21:33.413 | 05:42   68ms  515M   41G  75/ 78U [GameAnalyzer] Income advantage is now Even
2024-11-05 16:21:33.826 | 05:42   68ms  565M   45G  75/ 78U [GameAnalyzer] Income advantage is now SlightAdvantage
2024-11-05 16:21:34.212 | 05:43   69ms  575M   49G  75/ 78U [GameAnalyzer] Income advantage is now Even
2024-11-05 16:21:34.563 | 05:43   84ms  590M   49G  75/ 78U [GameAnalyzer] Income advantage is now SlightAdvantage
2024-11-05 16:21:34.572 | 05:43   84ms  540M   49G  75/ 78U [ActUnit] MARINE from BARRACKS at (165.5, 54.5)
2024-11-05 16:21:34.897 | 05:43   69ms  560M   49G  76/ 78U [GameAnalyzer] Income advantage is now SmallAdvantage
2024-11-05 16:21:35.059 | 05:44   67ms  565M   53G  76/ 78U [GameAnalyzer] Income advantage is now SlightAdvantage
2024-11-05 16:21:35.521 | 05:44   64ms  585M   57G  76/ 78U [GameAnalyzer] Income advantage is now SmallAdvantage
2024-11-05 16:21:35.774 | 05:45   68ms  590M   57G  76/ 78U [GameAnalyzer] Income advantage is now SlightAdvantage
2024-11-05 16:21:36.272 | 05:45   74ms  555M   65G  76/ 78U [ActUnit] SCV from COMMANDCENTER at (163.5, 74.5)
2024-11-05 16:21:36.287 | 05:45   74ms  555M   65G  76/ 78U [DefensiveBuilding] Building MISSILETURRET to (156.5, 76.5)
2024-11-05 16:21:36.299 | 05:45   74ms  455M   65G  76/ 78U [DefensiveBuilding] Building MISSILETURRET to (166.23729362155848, 38.53268279233393)
2024-11-05 16:21:36.472 | 05:45   97ms  315M   65G  77/ 78U [ActUnit] SCV from COMMANDCENTER at (161.5, 42.5)
2024-11-05 16:21:36.962 | 05:46   71ms  325M   65G  78/ 86U [GameAnalyzer] Income advantage is now Even
2024-11-05 16:21:37.136 | 05:46   73ms  325M   65G  77/ 86U [GameAnalyzer] Predicted army advantage is now ClearDisadvantage
2024-11-05 16:21:37.146 | 05:46   73ms  325M   65G  77/ 86U [BuildAddon] UnitTypeId.BARRACKSREACTOR to (156.0, 52.0)
2024-11-05 16:21:37.537 | 05:47  157ms  300M   23G  77/ 86U [GameAnalyzer] Income advantage is now SlightAdvantage
2024-11-05 16:21:37.706 | 05:47   68ms  300M   23G  77/ 86U [GameAnalyzer] Income advantage is now Even
2024-11-05 16:21:37.861 | 05:47   80ms  310M   23G  77/ 86U [GameAnalyzer] Income advantage is now SlightAdvantage
2024-11-05 16:21:38.904 | 05:49   70ms  345M   31G  77/ 86U [GameAnalyzer] Known army advantage is now Even
2024-11-05 16:21:39.190 | 05:49   74ms  460M   31G  77/ 86U [DefensiveBuilding] Building MISSILETURRET to (170.23729362155848, 36.53268279233393)
2024-11-05 16:21:39.980 | 05:50   71ms  400M   39G  77/ 86U [GameAnalyzer] Income advantage is now SmallAdvantage
2024-11-05 16:21:40.292 | 05:50   69ms  410M   39G  77/ 86U [GameAnalyzer] Income advantage is now SlightAdvantage
2024-11-05 16:21:40.446 | 05:51   74ms  410M   39G  77/ 86U [GameAnalyzer] Income advantage is now SmallAdvantage
2024-11-05 16:21:40.604 | 05:51   72ms  420M   39G  77/ 86U [GameAnalyzer] Income advantage is now SlightAdvantage
2024-11-05 16:21:40.856 | 05:51   75ms  420M   43G  77/ 86U [DefensiveBuilding] Building MISSILETURRET to (170.54540929280498, 68.89980286982168)
2024-11-05 16:21:41.437 | 05:52   65ms  355M   47G  77/ 86U [GameAnalyzer] Income advantage is now SmallAdvantage
2024-11-05 16:21:41.748 | 05:52   68ms  365M   51G  77/ 86U [GameAnalyzer] Income advantage is now SlightAdvantage
2024-11-05 16:21:41.919 | 05:53   82ms  375M   51G  77/ 86U [GameAnalyzer] Income advantage is now Even
2024-11-05 16:21:42.068 | 05:53   71ms  380M   55G  77/ 86U [GameAnalyzer] Income advantage is now SlightAdvantage
2024-11-05 16:21:42.218 | 05:53   70ms  390M   55G  77/ 86U [GameAnalyzer] Income advantage is now SmallAdvantage
2024-11-05 16:21:42.371 | 05:53   70ms  390M   55G  77/ 86U [GameAnalyzer] Income advantage is now SlightAdvantage
2024-11-05 16:21:43.961 | 05:55   74ms  465M   63G  77/ 86U [GameAnalyzer] Income advantage is now SmallAdvantage
2024-11-05 16:21:44.235 | 05:56   70ms  465M   67G  77/ 86U [GameAnalyzer] Income advantage is now SlightAdvantage
2024-11-05 16:21:44.877 | 05:56   73ms  490M   71G  77/ 86U [GameAnalyzer] Income advantage is now SmallAdvantage
2024-11-05 16:21:44.886 | 05:56   73ms  440M   71G  77/ 86U [ActUnit] MARINE from BARRACKS at (153.5, 44.5)
2024-11-05 16:21:45.036 | 05:57   78ms  450M   71G  78/ 86U [GameAnalyzer] Income advantage is now SlightAdvantage
2024-11-05 16:21:45.047 | 05:57   78ms  400M   71G  78/ 86U [ActUnit] MARINE from BARRACKS at (165.5, 45.5)
2024-11-05 16:21:45.790 | 05:58   82ms  385M   79G  79/ 86U [ActUnit] SCV from COMMANDCENTER at (163.5, 74.5)
2024-11-05 16:21:45.961 | 05:58  160ms  390M   79G  80/ 86U [GameAnalyzer] Income advantage is now SmallAdvantage
2024-11-05 16:21:45.968 | 05:58  160ms  240M   79G  80/ 86U [ActUnit] SCV from COMMANDCENTER at (161.5, 42.5)
2024-11-05 16:21:46.155 | 05:58   84ms  240M   79G  81/ 86U [GameAnalyzer] Income advantage is now SlightAdvantage
2024-11-05 16:21:46.816 | 05:59   82ms   65M   87G  81/ 86U [GameAnalyzer] Known army advantage is now SlightAdvantage
2024-11-05 16:21:46.828 | 05:59   82ms   15M   87G  81/ 86U [ActUnit] MARINE from BARRACKS at (153.5, 44.5)
2024-11-05 16:21:47.327 | 05:59   70ms   30M   87G  82/ 94U [GameAnalyzer] Income advantage is now Even
2024-11-05 16:21:47.475 | 06:00   73ms   40M   87G  82/ 94U [GameAnalyzer] Income advantage is now SlightAdvantage
2024-11-05 16:21:47.902 | 06:00   73ms   60M   95G  82/ 94U [GameAnalyzer] Income advantage is now SmallAdvantage
2024-11-05 16:21:48.060 | 06:00   73ms   65M   95G  82/ 94U [GameAnalyzer] Income advantage is now SlightAdvantage
2024-11-05 16:21:48.529 | 06:01   64ms   90M   95G  82/ 94U [GameAnalyzer] Income advantage is now SmallAdvantage
2024-11-05 16:21:48.538 | 06:01   64ms   90M   95G  82/ 94U [BuildAddon] UnitTypeId.BARRACKSREACTOR to (168.0, 54.0)
2024-11-05 16:21:48.901 | 06:01   76ms   50M   49G  82/ 94U [GameAnalyzer] Income advantage is now Even
2024-11-05 16:21:49.480 | 06:02   87ms   75M   53G  82/ 94U [GameAnalyzer] Income advantage is now SmallAdvantage
2024-11-05 16:21:50.024 | 06:02  239ms   80M   53G  82/ 94U [GameAnalyzer] Income advantage is now SlightAdvantage
2024-11-05 16:21:50.421 | 06:03   83ms  195M   57G  81/ 94U [GameAnalyzer] Income advantage is now SmallAdvantage
2024-11-05 16:21:50.966 | 06:04   81ms  310M   61G  81/ 94U [GameAnalyzer] Income advantage is now SlightAdvantage
2024-11-05 16:21:51.332 | 06:04   90ms  330M   61G  81/ 94U [GameAnalyzer] Income advantage is now SmallAdvantage
2024-11-05 16:21:51.333 | 06:04   90ms  330M   61G  81/ 94U [GameAnalyzer] Known army advantage is now SmallDisadvantage
2024-11-05 16:21:52.161 | 06:05   87ms  350M   69G  81/ 94U [GameAnalyzer] Income advantage is now SlightAdvantage
2024-11-05 16:21:52.514 | 06:05   87ms  370M   69G  81/ 94U [GameAnalyzer] Income advantage is now SmallAdvantage
2024-11-05 16:21:52.692 | 06:06   85ms  380M   69G  81/ 94U [GameAnalyzer] Income advantage is now Even
2024-11-05 16:21:52.879 | 06:06   88ms  385M   73G  81/ 94U [GameAnalyzer] Known army advantage is now SlightDisadvantage
2024-11-05 16:21:53.117 | 06:06   99ms  385M   77G  81/ 94U [GameAnalyzer] Income advantage is now SlightDisadvantage
2024-11-05 16:21:53.344 | 06:06  149ms  390M   77G  81/ 94U [GameAnalyzer] Income advantage is now Even
2024-11-05 16:21:53.676 | 06:06  103ms  405M   77G  81/ 94U [Expand] Expanding to (137.5, 64.5)
2024-11-05 16:21:54.961 | 06:08   91ms   50M   85G  81/ 94U [GameAnalyzer] Income advantage is now SlightDisadvantage
2024-11-05 16:21:55.327 | 06:08   85ms   70M   85G  81/ 94U [GameAnalyzer] Income advantage is now Even
2024-11-05 16:21:56.281 | 06:09   90ms  100M   93G  81/ 94U [GameAnalyzer] Income advantage is now SlightDisadvantage
2024-11-05 16:21:56.449 | 06:10   83ms  110M   93G  81/ 94U [GameAnalyzer] Income advantage is now Even
2024-11-05 16:21:56.658 | 06:10   86ms   80M   93G  81/ 94U [ActUnit] SCV from COMMANDCENTER at (163.5, 74.5)
2024-11-05 16:21:56.840 | 06:10  107ms   30M   93G  82/ 94U [ActUnit] SCV from COMMANDCENTER at (161.5, 42.5)
2024-11-05 16:21:59.285 | 06:13   87ms  120M  109G  82/ 94U [GameAnalyzer] Known army advantage is now SmallDisadvantage
2024-11-05 16:21:59.526 | 06:13  106ms  130M  109G  82/ 94U [DefensiveBuilding] Building SENSORTOWER to (163.81189143077592, 45.49026289241444)
2024-11-05 16:22:00.667 | INFO     | sc2.protocol:_execute:72 - Client status changed to Status.ended (was Status.in_game)
2024-11-05 16:22:00.668 | Result: Defeat
2024-11-05 16:22:00.668 | Duration: 06:14
2024-11-05 16:22:00.669 | Step time min: 13
2024-11-05 16:22:00.670 | Step time avg: 47
2024-11-05 16:22:00.671 | Step time max: 725
2024-11-05 16:22:00.672 | [LostUnitsContents] My lost units minerals and gas: (300, 150)
2024-11-05 16:22:00.674 | [LostUnitsContents] My lost units minerals by score: 300.0
2024-11-05 16:22:00.677 | [LostUnitsContents] Enemy lost units minerals and gas: (175, 0)
2024-11-05 16:22:00.678 | [LostUnitsContents] Enemy lost units minerals by score: 175.0
2024-11-05 16:22:00.679 | [GameAnalyzerEnd] Own units:
2024-11-05 16:22:00.680 | [GameAnalyzerEnd] SCV               total:  48 alive:  47 dead:   1 
2024-11-05 16:22:00.681 | [GameAnalyzerEnd] MARINE            total:  10 alive:   8 dead:   2 
2024-11-05 16:22:00.681 | [GameAnalyzerEnd] SUPPLYDEPOT       total:   9 alive:   9 dead:   0 
2024-11-05 16:22:00.682 | [GameAnalyzerEnd] BARRACKS          total:   4 alive:   4 dead:   0 
2024-11-05 16:22:00.683 | [GameAnalyzerEnd] SIEGETANK         total:   4 alive:   4 dead:   0 
2024-11-05 16:22:00.683 | [GameAnalyzerEnd] MISSILETURRET     total:   3 alive:   3 dead:   0 
2024-11-05 16:22:00.684 | [GameAnalyzerEnd] REACTOR           total:   3 alive:   3 dead:   0 
2024-11-05 16:22:00.685 | [GameAnalyzerEnd] TECHLAB           total:   3 alive:   3 dead:   0 
2024-11-05 16:22:00.686 | [GameAnalyzerEnd] REAPER            total:   3 alive:   0 dead:   3 
2024-11-05 16:22:00.687 | [GameAnalyzerEnd] BUNKER            total:   2 alive:   2 dead:   0 
2024-11-05 16:22:00.688 | [GameAnalyzerEnd] ORBITALCOMMAND    total:   2 alive:   2 dead:   0 
2024-11-05 16:22:00.689 | [GameAnalyzerEnd] REFINERY          total:   2 alive:   2 dead:   0 
2024-11-05 16:22:00.691 | [GameAnalyzerEnd] FACTORY           total:   2 alive:   2 dead:   0 
2024-11-05 16:22:00.692 | [GameAnalyzerEnd] ENGINEERINGBAY    total:   1 alive:   1 dead:   0 
2024-11-05 16:22:00.693 | [GameAnalyzerEnd] SENSORTOWER       total:   1 alive:   1 dead:   0 
2024-11-05 16:22:00.694 | [GameAnalyzerEnd] STARPORT          total:   1 alive:   1 dead:   0 
2024-11-05 16:22:00.695 | [GameAnalyzerEnd] Enemy units:
2024-11-05 16:22:00.696 | [GameAnalyzerEnd] DRONE             total:  45 alive:  42 dead:   3 
2024-11-05 16:22:00.696 | [GameAnalyzerEnd] ZERGLING          total:  14 alive:  13 dead:   1 
2024-11-05 16:22:00.697 | [GameAnalyzerEnd] ROACH             total:  10 alive:  10 dead:   0 
2024-11-05 16:22:00.698 | [GameAnalyzerEnd] OVERLORD          total:   8 alive:   8 dead:   0 
2024-11-05 16:22:00.699 | [GameAnalyzerEnd] HYDRALISK         total:   4 alive:   4 dead:   0 
2024-11-05 16:22:00.699 | [GameAnalyzerEnd] HATCHERY          total:   2 alive:   2 dead:   0 
2024-11-05 16:22:00.700 | [GameAnalyzerEnd] EXTRACTOR         total:   2 alive:   2 dead:   0 
2024-11-05 16:22:00.701 | [GameAnalyzerEnd] QUEEN             total:   2 alive:   2 dead:   0 
2024-11-05 16:22:00.701 | [GameAnalyzerEnd] SPAWNINGPOOL      total:   1 alive:   1 dead:   0 
2024-11-05 16:22:00.702 | [GameAnalyzerEnd] ROACHWARREN       total:   1 alive:   1 dead:   0 
2024-11-05 16:22:00.707 | [GameAnalyzerEnd] HYDRALISKDEN      total:   1 alive:   1 dead:   0 
2024-11-05 16:22:00.717 | [GameAnalyzerEnd] LAIR              total:   1 alive:   1 dead:   0 
2024-11-05 16:22:00.719 | [GameAnalyzerEnd] Minerals max 860 Average 264
2024-11-05 16:22:00.720 | [GameAnalyzerEnd] Vespene max 143 Average 52
2024-11-05 16:22:00.723 | INFO     | sc2.main:_play_game:228 - Result for player 1 - Bot LadderBot(Terran): Defeat
2024-11-05 16:22:03.435 | INFO     | sc2.protocol:__request:48 - Cannot receive: Game has already ended.
2024-11-05 16:22:03.438 | INFO     | sc2.sc2process:_close_connection:231 - Closing connection at 50649...
2024-11-05 16:22:03.439 | INFO     | sc2.sc2process:kill_all:33 - kill_switch: Process cleanup for 1 processes
