2024-11-14 12:52:32.266 | INFO     | sc2.protocol:_execute:72 - Client status changed to Status.launched (was None)
2024-11-14 12:52:32.267 | INFO     | sc2.controller:create_game:37 - Creating new game
2024-11-14 12:52:32.268 | INFO     | sc2.controller:create_game:38 - Map:     Oceanborn513AIE
2024-11-14 12:52:32.268 | INFO     | sc2.controller:create_game:39 - Players: Bot LadderBot(Terran), Computer VeryHard(Zerg, RandomBuild)
2024-11-14 12:52:32.271 | INFO     | sc2.protocol:_execute:72 - Client status changed to Status.init_game (was Status.launched)
2024-11-14 12:52:46.096 | INFO     | sc2.protocol:_execute:72 - Client status changed to Status.in_game (was None)
2024-11-14 12:52:46.097 | INFO     | sc2.main:_play_game:221 - Player 1 - Bot LadderBot(Terran)
2024-11-14 12:52:46.983 | 00:00    0ms    0M    0G  12/ 15U [Version] 5.0.13.92440
2024-11-14 12:52:46.984 | 00:00    0ms    0M    0G  12/ 15U [Version] 5.0.6 Balance mod recognized.
2024-11-14 12:52:47.142 | 00:00    0ms    0M    0G  12/ 15U [ZoneManager] Map set to: MapName.Unknown from name: Oceanborn AIE and hash: 3562128.
2024-11-14 12:52:48.858 | 00:00    0ms    0M    0G  12/ 15U [Build] Att at 40
2024-11-14 12:52:48.912 | [Start] My race: Terran
2024-11-14 12:52:48.913 | [Start] Opponent race: Zerg
2024-11-14 12:52:48.914 | [Start] OpponentId: None
2024-11-14 12:52:49.296 | 00:00   16ms    0M    0G  13/ 15U [GameAnalyzer] Income advantage is now SlightDisadvantage
2024-11-14 12:52:49.487 | 00:01   16ms    0M    0G  13/ 15U [GameAnalyzer] Income advantage is now Even
2024-11-14 12:52:51.802 | 00:09   17ms   85M    0G  13/ 15U [GameAnalyzer] Income advantage is now SlightDisadvantage
2024-11-14 12:52:51.865 | 00:09   17ms   95M    0G  13/ 15U [GameAnalyzer] Income advantage is now Even
2024-11-14 12:52:53.264 | 00:14   16ms    5M    0G  13/ 15U [ActUnit] SCV from COMMANDCENTER at (43.5, 141.5)
2024-11-14 12:52:55.901 | 00:22   21ms   95M    0G  14/ 15U [GameAnalyzer] Income advantage is now SlightDisadvantage
2024-11-14 12:52:55.997 | 00:22   27ms  100M    0G  14/ 15U [GameAnalyzer] Income advantage is now Even
2024-11-14 12:52:57.417 | 00:27   24ms  105M    0G  14/ 15U [ActUnit] SCV from COMMANDCENTER at (43.5, 141.5)
2024-11-14 12:52:59.269 | 00:32   21ms  170M    0G  15/ 15U [GameAnalyzer] Income advantage is now SlightDisadvantage
2024-11-14 12:52:59.335 | 00:32   22ms  175M    0G  15/ 15U [GameAnalyzer] Income advantage is now Even
2024-11-14 12:53:00.490 | 00:36   19ms    5M    0G  15/ 23U [BuildGas] Building REFINERY to (47.5, 148.5)
2024-11-14 12:53:01.915 | 00:41   21ms    0M    0G  15/ 23U [ActUnit] SCV from COMMANDCENTER at (43.5, 141.5)
2024-11-14 12:53:05.698 | 00:53   19ms  100M    0G  16/ 23U [ActUnit] SCV from COMMANDCENTER at (43.5, 141.5)
2024-11-14 12:53:09.637 | 01:05   20ms  210M    8G  17/ 23U [ActUnit] SCV from COMMANDCENTER at (43.5, 141.5)
2024-11-14 12:53:11.137 | 01:08   23ms  245M   16G  18/ 23U [GameAnalyzer] Income advantage is now SlightDisadvantage
2024-11-14 12:53:12.012 | 01:10   38ms  260M   24G  18/ 23U [GameAnalyzer] Income advantage is now SmallDisadvantage
2024-11-14 12:53:12.114 | 01:10   39ms  265M   24G  18/ 23U [GameAnalyzer] Income advantage is now SlightDisadvantage
2024-11-14 12:53:12.412 | 01:11   36ms  270M   24G  18/ 23U [GameAnalyzer] Income advantage is now SmallDisadvantage
2024-11-14 12:53:12.684 | 01:11   35ms  285M   28G  18/ 23U [GameAnalyzer] Income advantage is now SlightDisadvantage
2024-11-14 12:53:12.779 | 01:12   36ms  290M   28G  18/ 23U [GameAnalyzer] Income advantage is now SmallDisadvantage
2024-11-14 12:53:12.968 | 01:12   34ms  300M   28G  18/ 23U [GameAnalyzer] Income advantage is now SlightDisadvantage
2024-11-14 12:53:13.064 | 01:12   40ms  300M   28G  18/ 23U [ChatManager] Tag:E_overlord
2024-11-14 12:53:13.329 | 01:13  120ms  305M   32G  18/ 23U [GameAnalyzer] Income advantage is now Even
2024-11-14 12:53:13.613 | 01:13   41ms  310M   32G  18/ 23U [GameAnalyzer] Income advantage is now SlightDisadvantage
2024-11-14 12:53:14.736 | 01:16   39ms  345M   40G  18/ 23U [GameAnalyzer] Income advantage is now SmallDisadvantage
2024-11-14 12:53:14.825 | 01:16   35ms  355M   40G  18/ 23U [GameAnalyzer] Income advantage is now SlightDisadvantage
2024-11-14 12:53:14.920 | 01:17   35ms  355M   40G  18/ 23U [GameAnalyzer] Predicted army advantage is now SlightDisadvantage
2024-11-14 12:53:15.310 | 01:17   42ms  315M   44G  18/ 23U [ActUnit] SCV from COMMANDCENTER at (43.5, 141.5)
2024-11-14 12:53:16.322 | 01:20   33ms  330M   48G  19/ 23U [GameAnalyzer] Income advantage is now SmallDisadvantage
2024-11-14 12:53:16.510 | 01:20   38ms  350M   52G  19/ 23U [GameAnalyzer] Income advantage is now SlightDisadvantage
2024-11-14 12:53:16.605 | 01:20   34ms  350M   52G  19/ 23U [GameAnalyzer] Income advantage is now SmallDisadvantage
2024-11-14 12:53:16.858 | 01:21   30ms  365M   52G  19/ 23U [GameAnalyzer] Income advantage is now SlightDisadvantage
2024-11-14 12:53:17.045 | 01:21   34ms  365M   52G  19/ 23U [GameAnalyzer] Income advantage is now SmallDisadvantage
2024-11-14 12:53:17.323 | 01:22   42ms  380M   56G  19/ 23U [GameAnalyzer] Income advantage is now SlightDisadvantage
2024-11-14 12:53:17.416 | 01:22   36ms  380M   56G  19/ 23U [GameAnalyzer] Income advantage is now SmallDisadvantage
2024-11-14 12:53:17.600 | 01:23   38ms  390M   56G  19/ 23U [GameAnalyzer] Income advantage is now SlightDisadvantage
2024-11-14 12:53:17.799 | 01:23   39ms  390M   60G  19/ 23U [GameAnalyzer] Income advantage is now SmallDisadvantage
2024-11-14 12:53:18.831 | 01:25   37ms  325M   64G  19/ 23U [GameAnalyzer] Income advantage is now SlightDisadvantage
2024-11-14 12:53:18.927 | 01:26   39ms  325M   64G  19/ 23U [GameAnalyzer] Income advantage is now SmallDisadvantage
2024-11-14 12:53:19.153 | 01:26   35ms  330M   68G  19/ 23U [GameAnalyzer] Income advantage is now SlightDisadvantage
2024-11-14 12:53:19.436 | 01:27   45ms  335M   68G  19/ 23U [GameAnalyzer] Income advantage is now SmallDisadvantage
2024-11-14 12:53:19.814 | 01:27   37ms  350M   72G  19/ 23U [GameAnalyzer] Income advantage is now SlightDisadvantage
2024-11-14 12:53:19.912 | 01:28   37ms  350M   72G  19/ 23U [GameAnalyzer] Income advantage is now SmallDisadvantage
2024-11-14 12:53:20.803 | 01:30   36ms  380M   76G  19/ 23U [GameAnalyzer] Income advantage is now SlightDisadvantage
2024-11-14 12:53:21.003 | 01:30   39ms  230M   76G  19/ 23U [GameAnalyzer] Income advantage is now SmallDisadvantage
2024-11-14 12:53:21.521 | 01:31   40ms  250M   80G  19/ 23U [GameAnalyzer] Income advantage is now SlightDisadvantage
2024-11-14 12:53:21.682 | 01:31   49ms  250M   80G  19/ 23U [GameAnalyzer] Income advantage is now SmallDisadvantage
2024-11-14 12:53:22.071 | 01:32   40ms  265M   84G  19/ 23U [GameAnalyzer] Income advantage is now SlightDisadvantage
2024-11-14 12:53:22.162 | 01:32   40ms  265M   84G  19/ 23U [GameAnalyzer] Income advantage is now SmallDisadvantage
2024-11-14 12:53:23.093 | 01:34   38ms  295M   88G  19/ 23U [GameAnalyzer] Income advantage is now SlightDisadvantage
2024-11-14 12:53:23.195 | 01:35   37ms  295M   88G  19/ 23U [GameAnalyzer] Income advantage is now SmallDisadvantage
2024-11-14 12:53:25.318 | 01:40   33ms  370M  104G  19/ 23U [GameAnalyzer] Income advantage is now SlightDisadvantage
2024-11-14 12:53:25.410 | 01:40   36ms  370M  104G  19/ 23U [GameAnalyzer] Income advantage is now SmallDisadvantage
2024-11-14 12:53:25.826 | 01:41   36ms  385M  108G  19/ 23U [GameAnalyzer] Income advantage is now SlightDisadvantage
2024-11-14 12:53:25.995 | 01:41   33ms  385M  108G  19/ 23U [GameAnalyzer] Income advantage is now SmallDisadvantage
2024-11-14 12:53:26.264 | 01:42   37ms  400M  108G  19/ 23U [Expand] Expanding to (45.5, 112.5)
2024-11-14 12:53:27.493 | 01:45   31ms    0M   70G  19/ 23U [TerranUnit] REAPER from BARRACKS at (50.5, 142.5)
2024-11-14 12:53:29.141 | 01:50   28ms   60M   82G  20/ 23U [GameAnalyzer] Income advantage is now Even
2024-11-14 12:53:29.545 | 01:51   30ms    0M   82G  20/ 31U [BuildGas] Building REFINERY to (36.5, 138.5)
2024-11-14 12:53:31.011 | 01:55   29ms    0M   94G  20/ 31U [ActUnit] SCV from COMMANDCENTER at (43.5, 141.5)
2024-11-14 12:53:31.134 | 01:55   34ms    0M   94G  21/ 31U [GameAnalyzer] Income advantage is now SlightDisadvantage
2024-11-14 12:53:31.145 | 01:55   34ms    0M   94G  21/ 31U [DodgeRampAttack] Supply is 21 -> attack!
2024-11-14 12:53:31.146 | 01:55   34ms    0M   94G  21/ 31U [DodgeRampAttack] Attack started at 0.00 power.
2024-11-14 12:53:31.218 | 01:55   35ms    5M   94G  21/ 31U [GameAnalyzer] Income advantage is now Even
2024-11-14 12:53:31.228 | 01:55   35ms    5M   94G  21/ 31U [DodgeRampAttack] No attacking units, starting retreat
2024-11-14 12:53:31.627 | 01:56   31ms   25M   98G  21/ 31U [GameAnalyzer] Income advantage is now SlightDisadvantage
2024-11-14 12:53:31.710 | 01:56   31ms   30M   98G  21/ 31U [GameAnalyzer] Income advantage is now Even
2024-11-14 12:53:33.496 | 02:01   27ms   85M  110G  21/ 31U [GameAnalyzer] Income advantage is now SlightDisadvantage
2024-11-14 12:53:33.584 | 02:01   29ms   95M  114G  21/ 31U [GameAnalyzer] Income advantage is now Even
2024-11-14 12:53:35.425 | 02:06   30ms   30M   26G  21/ 31U [GameAnalyzer] Income advantage is now SlightDisadvantage
2024-11-14 12:53:35.510 | 02:06   33ms   35M   26G  21/ 31U [GameAnalyzer] Income advantage is now Even
2024-11-14 12:53:35.989 | 02:08   32ms   45M   30G  21/ 31U [GameAnalyzer] Income advantage is now SlightDisadvantage
2024-11-14 12:53:36.070 | 02:08   33ms   55M   30G  21/ 31U [GameAnalyzer] Income advantage is now Even
2024-11-14 12:53:36.072 | 02:08   33ms    5M   30G  21/ 31U [ActUnit] SCV from COMMANDCENTER at (43.5, 141.5)
2024-11-14 12:53:38.923 | 02:15   31ms  130M   50G  22/ 31U [DodgeRampAttack] Retreat stopped.
2024-11-14 12:53:39.010 | 02:15   52ms  130M   50G  22/ 31U [DodgeRampAttack] Supply is 22 -> attack!
2024-11-14 12:53:39.011 | 02:15   52ms  130M   50G  22/ 31U [DodgeRampAttack] Attack started at 0.00 power.
2024-11-14 12:53:39.092 | 02:16   37ms  130M   50G  22/ 31U [DodgeRampAttack] No attacking units, starting retreat
2024-11-14 12:53:39.505 | 02:17   30ms  145M   54G  22/ 31U [GameAnalyzer] Income advantage is now SlightDisadvantage
2024-11-14 12:53:39.586 | 02:17   36ms  155M   54G  22/ 31U [GameAnalyzer] Income advantage is now Even
2024-11-14 12:53:39.761 | 02:17   32ms  165M   54G  22/ 31U [GameAnalyzer] Known army advantage is now SlightAdvantage
2024-11-14 12:53:39.766 | 02:17   32ms  115M    4G  22/ 31U [TerranUnit] REAPER from BARRACKS at (50.5, 142.5)
2024-11-14 12:53:40.713 | 02:20   40ms  155M   12G  23/ 31U [GameAnalyzer] Income advantage is now SlightDisadvantage
2024-11-14 12:53:40.897 | 02:20   37ms  165M   12G  23/ 31U [GameAnalyzer] Income advantage is now Even
2024-11-14 12:53:40.899 | 02:20   37ms  115M   12G  23/ 31U [ActUnit] SCV from COMMANDCENTER at (43.5, 141.5)
2024-11-14 12:53:41.177 | 02:21   36ms  115M   20G  24/ 31U [GameAnalyzer] Income advantage is now SlightDisadvantage
2024-11-14 12:53:41.179 | 02:21   36ms  115M   20G  24/ 31U [ChatManager] Tag:E_zergling
2024-11-14 12:53:41.454 | 02:21   36ms  130M   20G  24/ 31U [GameAnalyzer] Income advantage is now Even
2024-11-14 12:53:41.632 | 02:22   34ms  140M   24G  24/ 31U [GameAnalyzer] Income advantage is now SlightDisadvantage
2024-11-14 12:53:41.720 | 02:22   37ms  145M   24G  24/ 31U [GameAnalyzer] Income advantage is now Even
2024-11-14 12:53:41.908 | 02:23   35ms  145M   24G  24/ 31U [GameAnalyzer] Income advantage is now SlightDisadvantage
2024-11-14 12:53:41.998 | 02:23   38ms  145M   24G  24/ 31U [GameAnalyzer] Income advantage is now Even
2024-11-14 12:53:42.179 | 02:23   37ms  150M   28G  24/ 31U [GameAnalyzer] Known army advantage is now Even
2024-11-14 12:53:42.717 | 02:24   38ms  160M   32G  24/ 31U [GameAnalyzer] Income advantage is now SlightDisadvantage
2024-11-14 12:53:42.814 | 02:25   40ms  165M   32G  24/ 31U [GameAnalyzer] Income advantage is now Even
2024-11-14 12:53:43.162 | 02:25   32ms  175M   36G  24/ 31U [GameAnalyzer] Income advantage is now SlightDisadvantage
2024-11-14 12:53:43.779 | 02:27   39ms  225M   40G  24/ 31U [GameAnalyzer] Income advantage is now Even
2024-11-14 12:53:43.951 | 02:27   31ms  225M   44G  24/ 31U [GameAnalyzer] Income advantage is now SlightDisadvantage
2024-11-14 12:53:44.214 | 02:28   33ms  240M   48G  23/ 31U [GameAnalyzer] Income advantage is now Even
2024-11-14 12:53:44.462 | 02:29   32ms  245M   48G  23/ 31U [GameAnalyzer] Income advantage is now SlightDisadvantage
2024-11-14 12:53:44.784 | 02:30   33ms  250M   52G  23/ 31U [GameAnalyzer] Income advantage is now Even
2024-11-14 12:53:44.958 | 02:30   32ms  250M   56G  23/ 31U [GameAnalyzer] Income advantage is now SlightDisadvantage
2024-11-14 12:53:45.427 | 02:31   33ms  270M   56G  23/ 31U [GameAnalyzer] Income advantage is now Even
2024-11-14 12:53:45.833 | 02:32   36ms  225M   64G  23/ 31U [ActUnit] SCV from COMMANDCENTER at (43.5, 141.5)
2024-11-14 12:53:46.166 | 02:33   31ms  270M   68G  24/ 31U [GameAnalyzer] Income advantage is now SlightDisadvantage
2024-11-14 12:53:46.249 | 02:34   36ms  275M   72G  24/ 31U [GameAnalyzer] Income advantage is now Even
2024-11-14 12:53:46.566 | 02:34   32ms  280M   72G  24/ 31U [GameAnalyzer] Income advantage is now SlightDisadvantage
2024-11-14 12:53:46.810 | 02:35   31ms  295M   72G  24/ 31U [GameAnalyzer] Income advantage is now Even
2024-11-14 12:53:46.983 | 02:35   35ms  295M   72G  24/ 31U [GameAnalyzer] Income advantage is now SlightDisadvantage
2024-11-14 12:53:47.146 | 02:36   35ms  295M   72G  24/ 31U [GameAnalyzer] Income advantage is now Even
2024-11-14 12:53:47.154 | 02:36   35ms  295M   72G  24/ 31U [DodgeRampAttack] Retreat stopped.
2024-11-14 12:53:47.243 | 02:36   37ms  300M   80G  24/ 31U [DodgeRampAttack] Supply is 24 -> attack!
2024-11-14 12:53:47.244 | 02:36   37ms  300M   80G  24/ 31U [DodgeRampAttack] Attack started at 1.00 power.
2024-11-14 12:53:47.500 | 02:37   39ms  305M   80G  24/ 31U [GameAnalyzer] Income advantage is now SlightDisadvantage
2024-11-14 12:53:47.591 | 02:37   38ms  315M   80G  24/ 31U [GameAnalyzer] Income advantage is now Even
2024-11-14 12:53:47.947 | 02:38   39ms  320M   88G  24/ 31U [GameAnalyzer] Income advantage is now SlightDisadvantage
2024-11-14 12:53:48.117 | 02:38   34ms  325M   88G  24/ 31U [GameAnalyzer] Income advantage is now Even
2024-11-14 12:53:48.296 | 02:39   36ms  330M   88G  24/ 31U [GameAnalyzer] Income advantage is now SlightDisadvantage
2024-11-14 12:53:48.630 | 02:39  115ms  370M   92G  24/ 31U [GameAnalyzer] Income advantage is now Even
2024-11-14 12:53:48.884 | 02:40   36ms  370M   96G  24/ 31U [GameAnalyzer] Income advantage is now SlightDisadvantage
2024-11-14 12:53:48.969 | 02:40   38ms  375M  100G  24/ 31U [GameAnalyzer] Income advantage is now Even
2024-11-14 12:53:49.231 | 02:41   36ms  380M  100G  24/ 31U [GameAnalyzer] Income advantage is now SlightDisadvantage
2024-11-14 12:53:49.401 | 02:41   37ms  390M  104G  24/ 31U [GameAnalyzer] Income advantage is now Even
2024-11-14 12:53:49.744 | 02:42   35ms  395M  104G  24/ 31U [GameAnalyzer] Income advantage is now SlightDisadvantage
2024-11-14 12:53:49.830 | 02:42   43ms  405M  104G  24/ 31U [GameAnalyzer] Income advantage is now Even
2024-11-14 12:53:49.918 | 02:43   42ms  405M  108G  24/ 31U [GameAnalyzer] Income advantage is now SlightDisadvantage
2024-11-14 12:53:50.007 | 02:43   37ms  410M  108G  24/ 31U [GameAnalyzer] Income advantage is now Even
2024-11-14 12:53:50.188 | 02:43   37ms  415M  112G  24/ 31U [GameAnalyzer] Income advantage is now SlightDisadvantage
2024-11-14 12:53:50.277 | 02:44   37ms  420M  112G  24/ 31U [GameAnalyzer] Income advantage is now Even
2024-11-14 12:53:50.784 | 02:45   35ms  380M  116G  24/ 31U [ActUnit] SCV from COMMANDCENTER at (43.5, 141.5)
2024-11-14 12:53:51.162 | 02:46   39ms  415M  120G  25/ 31U [GameAnalyzer] Income advantage is now SlightDisadvantage
2024-11-14 12:53:51.247 | 02:46   43ms  425M  120G  25/ 31U [GameAnalyzer] Income advantage is now Even
2024-11-14 12:53:52.594 | 02:49   43ms  455M  136G  25/ 31U [GameAnalyzer] Income advantage is now SlightDisadvantage
2024-11-14 12:53:52.682 | 02:49   42ms  455M  136G  25/ 31U [GameAnalyzer] Income advantage is now Even
2024-11-14 12:53:52.863 | 02:50   39ms  470M  136G  25/ 31U [GameAnalyzer] Known army advantage is now SlightAdvantage
2024-11-14 12:53:52.868 | 02:50   39ms  420M   86G  25/ 31U [TerranUnit] REAPER from BARRACKS at (50.5, 142.5)
2024-11-14 12:53:52.963 | 02:50   48ms  420M   90G  26/ 31U [GameAnalyzer] Income advantage is now SlightDisadvantage
2024-11-14 12:53:53.052 | 02:50   42ms  425M   90G  26/ 31U [GameAnalyzer] Income advantage is now Even
2024-11-14 12:53:53.161 | 02:50   40ms  230M   90G  26/ 31U [TerranUnit] HELLION from FACTORY at (45.5, 133.5)
2024-11-14 12:53:53.707 | 02:52   42ms  270M   98G  28/ 31U [GameAnalyzer] Income advantage is now SlightDisadvantage
2024-11-14 12:53:53.901 | 02:52   43ms  125M    2G  28/ 31U [GameAnalyzer] Income advantage is now Even
2024-11-14 12:53:54.083 | 02:52   42ms  130M    2G  28/ 31U [GameAnalyzer] Income advantage is now SlightDisadvantage
2024-11-14 12:53:54.251 | 02:53   39ms  140M    2G  28/ 31U [GameAnalyzer] Income advantage is now Even
2024-11-14 12:53:54.991 | 02:55   46ms  155M   14G  28/ 31U [GameAnalyzer] Income advantage is now SlightDisadvantage
2024-11-14 12:53:55.181 | 02:55   39ms  165M   14G  28/ 31U [GameAnalyzer] Income advantage is now Even
2024-11-14 12:53:55.274 | 02:55   42ms  165M   14G  28/ 31U [GameAnalyzer] Income advantage is now SlightDisadvantage
2024-11-14 12:53:55.461 | 02:56   38ms  175M   14G  28/ 31U [GameAnalyzer] Income advantage is now Even
2024-11-14 12:53:55.557 | 02:56   43ms  175M   18G  28/ 31U [GameAnalyzer] Income advantage is now SlightDisadvantage
2024-11-14 12:53:56.033 | 02:57   39ms  140M   22G  28/ 31U [ActUnit] SCV from COMMANDCENTER at (43.5, 141.5)
2024-11-14 12:53:56.125 | 02:57   45ms  140M   22G  29/ 31U [GameAnalyzer] Income advantage is now Even
2024-11-14 12:53:56.220 | 02:57   40ms  145M   22G  29/ 31U [GameAnalyzer] Income advantage is now SlightDisadvantage
2024-11-14 12:53:56.583 | 02:58   39ms  175M   26G  29/ 31U [GameAnalyzer] Income advantage is now Even
2024-11-14 12:53:57.132 | 02:59   38ms  185M   30G  29/ 31U [GameAnalyzer] Income advantage is now SlightDisadvantage
2024-11-14 12:53:57.407 | 03:00   37ms  200M   34G  29/ 31U [GameAnalyzer] Income advantage is now Even
2024-11-14 12:53:57.504 | 03:00   40ms  200M   38G  29/ 31U [GameAnalyzer] Income advantage is now SlightDisadvantage
2024-11-14 12:53:57.600 | 03:01   43ms  205M   38G  29/ 31U [GameAnalyzer] Income advantage is now Even
2024-11-14 12:53:58.251 | 03:02   40ms   85M   46G  29/ 46U [ChatManager] Tag:E_queen
2024-11-14 12:53:58.274 | 03:02   40ms   85M   46G  29/ 46U [DodgeRampAttack] Retreat started at 1.00 own local power against 2.50 enemy local power.
2024-11-14 12:53:59.267 | 03:04   39ms  105M   58G  29/ 46U [GameAnalyzer] Known army advantage is now SlightDisadvantage
2024-11-14 12:53:59.268 | 03:04   39ms  105M   58G  29/ 46U [GameAnalyzer] Predicted army advantage is now SmallDisadvantage
2024-11-14 12:54:00.098 | 03:06   39ms  130M   70G  29/ 46U [GameAnalyzer] Income advantage is now SlightDisadvantage
2024-11-14 12:54:00.191 | 03:07   45ms  140M   70G  29/ 46U [GameAnalyzer] Income advantage is now Even
2024-11-14 12:54:01.416 | 03:09   45ms  155M   86G  29/ 46U [ActUnit] SCV from COMMANDCENTER at (43.5, 141.5)
2024-11-14 12:54:02.581 | 03:12  125ms  205M   98G  30/ 46U [GameAnalyzer] Known army advantage is now SlightAdvantage
2024-11-14 12:54:02.587 | 03:12  125ms  205M   98G  30/ 46U [BuildAddon] UnitTypeId.FACTORYREACTOR to (48.0, 133.0)
2024-11-14 12:54:03.978 | 03:15   49ms  220M   64G  30/ 46U [GameAnalyzer] Known army advantage is now Even
2024-11-14 12:54:04.210 | 03:15   49ms  225M   68G  30/ 46U [GameAnalyzer] Income advantage is now SlightDisadvantage
2024-11-14 12:54:04.311 | 03:15   51ms  235M   68G  30/ 46U [GameAnalyzer] Income advantage is now Even
2024-11-14 12:54:06.480 | 03:20   40ms  310M   92G  30/ 54U [GameAnalyzer] Known army advantage is now SlightAdvantage
2024-11-14 12:54:07.264 | 03:22   42ms  315M  100G  30/ 54U [ActUnit] SCV from COMMANDCENTER at (43.5, 141.5)
2024-11-14 12:54:07.365 | 03:22   46ms  315M  104G  31/ 54U [GameAnalyzer] Predicted army advantage is now SlightDisadvantage
2024-11-14 12:54:07.370 | 03:22   46ms  315M  104G  31/ 54U [BuildAddon] UnitTypeId.BARRACKSREACTOR to (53.0, 142.0)
2024-11-14 12:54:07.486 | 03:22   53ms  270M   54G  31/ 54U [DefensiveBuilding] Building BUNKER to (50.5, 112.5)
2024-11-14 12:54:07.607 | 03:22   50ms   25M   54G  31/ 54U [DodgeRampAttack] Retreat stopped.
2024-11-14 12:54:07.720 | 03:22   43ms   30M   54G  31/ 54U [DodgeRampAttack] Supply is 31 -> attack!
2024-11-14 12:54:07.721 | 03:22   43ms   30M   54G  31/ 54U [DodgeRampAttack] Attack started at 4.96 power.
2024-11-14 12:54:08.347 | 03:24   45ms   40M   62G  31/ 54U [GameAnalyzer] Income advantage is now SlightDisadvantage
2024-11-14 12:54:08.544 | 03:24   49ms   65M   66G  31/ 54U [GameAnalyzer] Income advantage is now Even
2024-11-14 12:54:08.872 | 03:25   47ms    0M   70G  31/ 54U [BuildGas] Building REFINERY to (42.5, 105.5)
2024-11-14 12:54:09.398 | 03:26   48ms   10M   74G  31/ 54U [GameAnalyzer] Known army advantage is now SmallAdvantage
2024-11-14 12:54:09.511 | 03:26   51ms   10M   74G  31/ 54U [GameAnalyzer] Income advantage is now SlightDisadvantage
2024-11-14 12:54:09.620 | 03:26   48ms   15M   78G  31/ 54U [GameAnalyzer] Income advantage is now Even
2024-11-14 12:54:10.412 | 03:28   43ms   40M   86G  31/ 54U [GameAnalyzer] Income advantage is now SlightDisadvantage
2024-11-14 12:54:10.566 | 03:28   54ms   40M   86G  31/ 54U [GameAnalyzer] Income advantage is now Even
2024-11-14 12:54:10.764 | 03:28   56ms   65M   86G  31/ 54U [GameAnalyzer] Income advantage is now SlightDisadvantage
2024-11-14 12:54:10.765 | 03:28   56ms   15M   86G  31/ 54U [ActUnit] SCV from COMMANDCENTER at (45.5, 112.5)
2024-11-14 12:54:10.890 | 03:28  130ms   25M   90G  32/ 54U [GameAnalyzer] Income advantage is now Even
2024-11-14 12:54:11.630 | 03:30   51ms   40M   98G  32/ 54U [GameAnalyzer] Income advantage is now SlightDisadvantage
2024-11-14 12:54:11.730 | 03:30   45ms   45M   98G  32/ 54U [GameAnalyzer] Income advantage is now Even
2024-11-14 12:54:13.499 | 03:34   43ms   25M  114G  32/ 54U [ActUnit] SCV from COMMANDCENTER at (43.5, 141.5)
2024-11-14 12:54:13.732 | 03:34   46ms   35M  118G  33/ 54U [GameAnalyzer] Known army advantage is now SlightAdvantage
2024-11-14 12:54:14.195 | 03:35   44ms   70M  122G  33/ 54U [GameAnalyzer] Predicted army advantage is now SmallDisadvantage
2024-11-14 12:54:15.078 | 03:37   51ms  105M  130G  33/ 54U [GameAnalyzer] Income advantage is now SlightDisadvantage
2024-11-14 12:54:15.297 | 03:37   45ms  120M  134G  33/ 54U [GameAnalyzer] Income advantage is now Even
2024-11-14 12:54:15.652 | 03:38   47ms  125M  138G  33/ 54U [GameAnalyzer] Income advantage is now SlightDisadvantage
2024-11-14 12:54:15.793 | 03:38   62ms  125M  138G  33/ 54U [GameAnalyzer] Income advantage is now Even
2024-11-14 12:54:16.469 | 03:39   51ms  150M  146G  33/ 54U [ChatManager] Tag:E_roach
2024-11-14 12:54:16.611 | 03:40   53ms    0M   46G  33/ 54U [DodgeRampAttack] Retreat started at 4.87 own local power against 7.05 enemy local power.
2024-11-14 12:54:16.923 | 03:40   46ms    5M   54G  33/ 54U [GameAnalyzer] Known army advantage is now SmallDisadvantage
2024-11-14 12:54:16.924 | 03:40   46ms    5M   54G  33/ 54U [GameAnalyzer] Predicted army advantage is now ClearDisadvantage
2024-11-14 12:54:17.438 | 03:41   45ms   25M   54G  33/ 54U [GameAnalyzer] Income advantage is now SlightDisadvantage
2024-11-14 12:54:17.547 | 03:41   50ms   30M   54G  33/ 54U [GameAnalyzer] Income advantage is now Even
2024-11-14 12:54:17.665 | 03:42   46ms   35M   58G  33/ 54U [GameAnalyzer] Income advantage is now SlightDisadvantage
2024-11-14 12:54:17.778 | 03:42   48ms   40M   62G  33/ 54U [GameAnalyzer] Income advantage is now Even
2024-11-14 12:54:17.893 | 03:42   50ms    0M   62G  33/ 54U [ActUnit] SCV from COMMANDCENTER at (45.5, 112.5)
2024-11-14 12:54:19.960 | 03:46   49ms   70M   82G  34/ 54U [ActUnit] SCV from COMMANDCENTER at (43.5, 141.5)
2024-11-14 12:54:24.356 | 03:54   62ms  200M  126G  34/ 54U [ActUnit] SCV from COMMANDCENTER at (45.5, 112.5)
2024-11-14 12:54:26.669 | 03:58  132ms  265M  150G  35/ 54U [ActUnit] SCV from COMMANDCENTER at (43.5, 141.5)
2024-11-14 12:54:27.415 | 04:00   54ms  300M  162G  36/ 54U [DodgeRampAttack] Retreat stopped.
2024-11-14 12:54:27.540 | 04:00   52ms  300M  166G  36/ 54U [DodgeRampAttack] Supply is 36 -> attack!
2024-11-14 12:54:27.540 | 04:00   52ms  300M  166G  36/ 54U [DodgeRampAttack] Attack started at 3.92 power.
2024-11-14 12:54:28.249 | 04:01   54ms  320M  170G  36/ 54U [GameAnalyzer] Income advantage is now SlightAdvantage
2024-11-14 12:54:28.466 | 04:01   57ms  320M  170G  36/ 54U [GameAnalyzer] Income advantage is now Even
2024-11-14 12:54:31.125 | 04:06   48ms  455M  206G  36/ 54U [GameAnalyzer] Income advantage is now SlightAdvantage
2024-11-14 12:54:31.262 | 04:07   55ms  455M  206G  36/ 54U [GameAnalyzer] Income advantage is now Even
2024-11-14 12:54:31.263 | 04:07   55ms  405M  206G  36/ 54U [ActUnit] SCV from COMMANDCENTER at (45.5, 112.5)
2024-11-14 12:54:32.088 | 04:08   53ms  450M  218G  37/ 54U [GameAnalyzer] Income advantage is now SlightAdvantage
2024-11-14 12:54:32.216 | 04:08   59ms  455M  218G  37/ 54U [GameAnalyzer] Income advantage is now Even
2024-11-14 12:54:32.556 | 04:09   52ms  460M  222G  37/ 54U [GameAnalyzer] Income advantage is now SlightAdvantage
2024-11-14 12:54:32.886 | 04:10   51ms  460M  226G  37/ 54U [GameAnalyzer] Income advantage is now Even
2024-11-14 12:54:33.118 | 04:10   51ms  480M  226G  37/ 54U [GameAnalyzer] Income advantage is now SlightAdvantage
2024-11-14 12:54:33.237 | 04:10   54ms  405M  226G  37/ 54U [TerranUnit] HELLION from FACTORY at (45.5, 133.5)
2024-11-14 12:54:33.353 | 04:10   51ms  410M  230G  39/ 54U [GameAnalyzer] Income advantage is now Even
2024-11-14 12:54:33.565 | 04:11   52ms  265M  230G  39/ 54U [ActUnit] SCV from COMMANDCENTER at (43.5, 141.5)
2024-11-14 12:54:33.795 | 04:11   52ms  270M  234G  40/ 54U [GameAnalyzer] Income advantage is now SlightAdvantage
2024-11-14 12:54:33.917 | 04:11   53ms  270M  238G  40/ 54U [GameAnalyzer] Income advantage is now Even
2024-11-14 12:54:34.263 | 04:12   51ms  310M  242G  40/ 54U [GameAnalyzer] Income advantage is now SlightAdvantage
2024-11-14 12:54:34.612 | 04:13   50ms  325M  246G  40/ 54U [GameAnalyzer] Income advantage is now Even
2024-11-14 12:54:34.947 | 04:13   49ms  340M  250G  40/ 54U [GameAnalyzer] Income advantage is now SlightAdvantage
2024-11-14 12:54:35.482 | 04:14   52ms  345M  258G  40/ 54U [GameAnalyzer] Income advantage is now Even
2024-11-14 12:54:35.711 | 04:15   51ms  360M  262G  40/ 54U [GameAnalyzer] Income advantage is now SlightAdvantage
2024-11-14 12:54:35.948 | 04:15   50ms  375M  262G  40/ 54U [DodgeRampAttack] Retreat started at 4.00 own local power against 5.12 enemy local power.
2024-11-14 12:54:36.168 | 04:16   52ms  380M  270G  40/ 54U [GameAnalyzer] Income advantage is now Even
2024-11-14 12:54:36.286 | 04:16   51ms  385M  270G  40/ 54U [GameAnalyzer] Income advantage is now SlightAdvantage
2024-11-14 12:54:36.642 | 04:16   54ms  390M  274G  40/ 54U [GameAnalyzer] Income advantage is now Even
2024-11-14 12:54:36.948 | 04:17   53ms  430M  278G  40/ 54U [GameAnalyzer] Income advantage is now SlightAdvantage
2024-11-14 12:54:37.069 | 04:17   52ms  435M  282G  40/ 54U [GameAnalyzer] Income advantage is now Even
2024-11-14 12:54:37.195 | 04:17   51ms  440M  282G  40/ 54U [GameAnalyzer] Income advantage is now SlightAdvantage
2024-11-14 12:54:37.318 | 04:18   57ms  445M  282G  40/ 54U [GameAnalyzer] Income advantage is now Even
2024-11-14 12:54:37.563 | 04:18   51ms  460M  282G  40/ 54U [GameAnalyzer] Income advantage is now SlightAdvantage
2024-11-14 12:54:37.680 | 04:18   53ms  460M  286G  40/ 54U [GameAnalyzer] Income advantage is now Even
2024-11-14 12:54:37.795 | 04:18   51ms  460M  286G  40/ 54U [GameAnalyzer] Income advantage is now SlightAdvantage
2024-11-14 12:54:37.921 | 04:19   52ms  465M  290G  40/ 54U [GameAnalyzer] Income advantage is now Even
2024-11-14 12:54:38.082 | 04:19   53ms  440M  294G  40/ 54U [ActUnit] SCV from COMMANDCENTER at (45.5, 112.5)
2024-11-14 12:54:38.375 | 04:19   61ms  450M  294G  41/ 54U [GameAnalyzer] Income advantage is now SlightAdvantage
2024-11-14 12:54:39.685 | 04:22   56ms  405M  314G  41/ 54U [TerranUnit] HELLION from FACTORY at (45.5, 133.5)
2024-11-14 12:54:40.059 | 04:22   55ms  420M  318G  43/ 54U [GameAnalyzer] Income advantage is now Even
2024-11-14 12:54:40.174 | 04:22   55ms  425M  318G  43/ 54U [GameAnalyzer] Income advantage is now SlightAdvantage
2024-11-14 12:54:40.384 | 04:23   52ms  435M  322G  43/ 54U [GameAnalyzer] Income advantage is now Even
2024-11-14 12:54:40.514 | 04:23   57ms  440M  326G  43/ 54U [GameAnalyzer] Income advantage is now SlightAdvantage
2024-11-14 12:54:40.516 | 04:23   57ms  390M  326G  43/ 54U [ActUnit] SCV from COMMANDCENTER at (43.5, 141.5)
2024-11-14 12:54:41.810 | 04:25   53ms  445M  342G  44/ 54U [GameAnalyzer] Income advantage is now Even
2024-11-14 12:54:42.023 | 04:25   56ms  460M  342G  44/ 54U [GameAnalyzer] Income advantage is now SlightAdvantage
2024-11-14 12:54:42.031 | 04:25   56ms  360M  342G  44/ 54U [BuildAddon] UnitTypeId.FACTORYTECHLAB to (55.0, 138.0)
2024-11-14 12:54:42.674 | 04:26   57ms  250M  329G  44/ 54U [GameAnalyzer] Income advantage is now Even
2024-11-14 12:54:42.810 | 04:27   61ms  265M  329G  44/ 54U [GameAnalyzer] Income advantage is now SlightAdvantage
2024-11-14 12:54:43.060 | 04:27   54ms  270M  333G  44/ 54U [GameAnalyzer] Income advantage is now Even
2024-11-14 12:54:43.189 | 04:27   59ms  280M  337G  44/ 54U [GameAnalyzer] Income advantage is now SlightAdvantage
2024-11-14 12:54:43.445 | 04:28   55ms  295M  341G  44/ 54U [GameAnalyzer] Income advantage is now Even
2024-11-14 12:54:43.573 | 04:28   57ms  300M  341G  44/ 54U [GameAnalyzer] Income advantage is now SlightAdvantage
2024-11-14 12:54:44.029 | 04:29  135ms  310M  345G  44/ 54U [GameAnalyzer] Income advantage is now Even
2024-11-14 12:54:44.154 | 04:29   62ms  315M  349G  44/ 54U [GameAnalyzer] Income advantage is now SlightAdvantage
2024-11-14 12:54:44.281 | 04:29   58ms  320M  353G  44/ 54U [GameAnalyzer] Income advantage is now Even
2024-11-14 12:54:44.408 | 04:29   56ms  325M  353G  44/ 54U [GameAnalyzer] Income advantage is now SlightAdvantage
2024-11-14 12:54:45.398 | 04:31   54ms  420M  365G  44/ 54U [ActUnit] SCV from COMMANDCENTER at (45.5, 112.5)
2024-11-14 12:54:45.408 | 04:31   54ms  420M  365G  44/ 54U [Expand] Expanding to (68.5, 133.5)
2024-11-14 12:54:45.619 | 04:31   65ms  430M  369G  45/ 54U [Expand] Expanding to (68.5, 133.5)
2024-11-14 12:54:45.731 | 04:32  139ms   40M  369G  45/ 54U [GameAnalyzer] Known army advantage is now SlightDisadvantage
2024-11-14 12:54:45.731 | 04:32  139ms   40M  369G  45/ 54U [GameAnalyzer] Predicted army advantage is now SmallDisadvantage
2024-11-14 12:54:45.975 | 04:32   50ms   50M  373G  45/ 54U [GameAnalyzer] Income advantage is now Even
2024-11-14 12:54:45.986 | 04:32   50ms   50M  373G  45/ 54U [BuildAddon] UnitTypeId.STARPORTTECHLAB to (53.0, 147.0)
2024-11-14 12:54:46.345 | 04:33   48ms   55M  352G  45/ 54U [GameAnalyzer] Income advantage is now SlightAdvantage
2024-11-14 12:54:46.357 | 04:33   48ms    5M  302G  45/ 54U [TerranUnit] REAPER from BARRACKS at (50.5, 142.5)
2024-11-14 12:54:46.711 | 04:33   50ms   15M  310G  46/ 54U [GameAnalyzer] Income advantage is now Even
2024-11-14 12:54:46.832 | 04:34   55ms   15M  314G  46/ 54U [GameAnalyzer] Income advantage is now SlightAdvantage
2024-11-14 12:54:47.773 | 04:35  140ms   45M  326G  46/ 54U [DodgeRampAttack] Retreat stopped.
2024-11-14 12:54:47.901 | 04:35   57ms   45M  326G  46/ 54U [DodgeRampAttack] Supply is 46 -> attack!
2024-11-14 12:54:47.902 | 04:35   57ms   45M  326G  46/ 54U [DodgeRampAttack] Attack started at 6.00 power.
2024-11-14 12:54:48.267 | 04:36   56ms    5M  330G  46/ 62U [ActUnit] SCV from COMMANDCENTER at (43.5, 141.5)
2024-11-14 12:54:48.662 | 04:37   54ms    0M  288G  47/ 62U [TerranUnit] REAPER from BARRACKS at (50.5, 142.5)
2024-11-14 12:54:49.292 | 04:38   52ms   40M  296G  48/ 62U [GameAnalyzer] Income advantage is now SmallAdvantage
2024-11-14 12:54:49.420 | 04:38   61ms   40M  300G  48/ 62U [GameAnalyzer] Income advantage is now SlightAdvantage
2024-11-14 12:54:49.801 | 04:39   54ms   20M  250G  48/ 62U [TerranUnit] REAPER from BARRACKS at (38.5, 133.5)
2024-11-14 12:54:49.930 | 04:39  148ms   25M  254G  49/ 62U [GameAnalyzer] Income advantage is now SmallAdvantage
2024-11-14 12:54:50.055 | 04:39   69ms   30M  254G  49/ 62U [GameAnalyzer] Income advantage is now SlightAdvantage
2024-11-14 12:54:50.297 | 04:39   53ms   45M  258G  49/ 62U [GameAnalyzer] Income advantage is now SmallAdvantage
2024-11-14 12:54:50.428 | 04:40   56ms   45M  262G  49/ 62U [GameAnalyzer] Income advantage is now SlightAdvantage
2024-11-14 12:54:50.917 | 04:41   52ms   65M  266G  49/ 62U [GameAnalyzer] Income advantage is now SmallAdvantage
2024-11-14 12:54:51.046 | 04:41   53ms   70M  270G  49/ 62U [GameAnalyzer] Income advantage is now SlightAdvantage
2024-11-14 12:54:51.177 | 04:41   56ms   70M  274G  49/ 62U [GameAnalyzer] Income advantage is now Even
2024-11-14 12:54:51.447 | 04:41   53ms   95M  274G  49/ 62U [GameAnalyzer] Income advantage is now SlightAdvantage
2024-11-14 12:54:52.449 | 04:43   61ms  160M  286G  49/ 62U [GameAnalyzer] Income advantage is now SmallAdvantage
2024-11-14 12:54:52.450 | 04:43   61ms  160M  286G  49/ 62U [GameAnalyzer] Known army advantage is now Even
2024-11-14 12:54:52.591 | 04:43   68ms  160M  290G  49/ 62U [GameAnalyzer] Income advantage is now SlightAdvantage
2024-11-14 12:54:52.732 | 04:43   64ms  120M  290G  49/ 62U [ActUnit] SCV from COMMANDCENTER at (45.5, 112.5)
2024-11-14 12:54:52.868 | 04:44   64ms  120M  294G  50/ 62U [GameAnalyzer] Income advantage is now SmallAdvantage
2024-11-14 12:54:52.999 | 04:44   61ms   20M  298G  50/ 62U [GameAnalyzer] Income advantage is now SlightAdvantage
2024-11-14 12:54:54.017 | 04:45  149ms   95M  310G  50/ 62U [GameAnalyzer] Income advantage is now ClearAdvantage
2024-11-14 12:54:54.152 | 04:46   64ms  100M  310G  50/ 62U [GameAnalyzer] Income advantage is now SmallAdvantage
2024-11-14 12:54:54.664 | 04:47   54ms   20M  318G  50/ 62U [GameAnalyzer] Income advantage is now ClearAdvantage
2024-11-14 12:54:54.794 | 04:47   57ms   20M  318G  50/ 62U [GameAnalyzer] Income advantage is now SmallAdvantage
2024-11-14 12:54:55.768 | 04:48   70ms   15M  334G  50/ 62U [ActUnit] SCV from COMMANDCENTER at (43.5, 141.5)
2024-11-14 12:54:56.111 | 04:49   55ms   15M  334G  51/ 62U [GameAnalyzer] Income advantage is now ClearAdvantage
2024-11-14 12:54:56.252 | 04:49   62ms   20M  334G  51/ 62U [GameAnalyzer] Income advantage is now SmallAdvantage
2024-11-14 12:54:56.278 | 04:49   62ms   20M  334G  51/ 62U [DodgeRampAttack] Retreat started at 6.00 own local power against 19.40 enemy local power.
2024-11-14 12:54:56.990 | 04:50   68ms   75M  346G  51/ 62U [GameAnalyzer] Known army advantage is now SlightDisadvantage
2024-11-14 12:54:57.422 | 04:51   60ms  195M  350G  49/ 62U [Tech] Started BANSHEESPEED
2024-11-14 12:54:57.561 | 04:51   74ms   75M  229G  49/ 62U [GameAnalyzer] Income advantage is now ClearAdvantage
2024-11-14 12:54:57.700 | 04:51   59ms   75M  233G  49/ 62U [GameAnalyzer] Income advantage is now SmallAdvantage
2024-11-14 12:54:57.919 | 04:51   60ms   80M  233G  49/ 62U [GameAnalyzer] Income advantage is now ClearAdvantage
2024-11-14 12:54:58.062 | 04:52  150ms   80M  233G  49/ 62U [GameAnalyzer] Income advantage is now SmallAdvantage
2024-11-14 12:54:58.368 | 04:52   76ms  120M  237G  49/ 70U [GameAnalyzer] Known army advantage is now ClearDisadvantage
2024-11-14 12:54:58.369 | 04:52   76ms  120M  237G  49/ 70U [GameAnalyzer] Predicted army advantage is now OverwhelmingDisadvantage
2024-11-14 12:54:58.379 | 04:52   76ms   20M   87G  49/ 70U [ActUnit] RAVEN from STARPORT at (50.5, 147.5)
2024-11-14 12:54:58.530 | 04:52   74ms   40M   91G  51/ 70U [GameAnalyzer] Income advantage is now ClearAdvantage
2024-11-14 12:54:58.672 | 04:53   67ms   45M   91G  51/ 70U [GameAnalyzer] Income advantage is now SmallAdvantage
2024-11-14 12:54:58.816 | 04:53   61ms   50M   95G  51/ 70U [GameAnalyzer] Income advantage is now ClearAdvantage
2024-11-14 12:54:59.102 | 04:53   58ms   55M   95G  51/ 70U [GameAnalyzer] Income advantage is now SmallAdvantage
2024-11-14 12:54:59.669 | 04:54   56ms   80M  103G  51/ 70U [GameAnalyzer] Income advantage is now ClearAdvantage
2024-11-14 12:55:00.333 | 04:55  161ms   90M  111G  49/ 70U [GameAnalyzer] Income advantage is now SmallAdvantage
2024-11-14 12:55:00.483 | 04:55   68ms  110M  111G  49/ 70U [GameAnalyzer] Income advantage is now ClearAdvantage
2024-11-14 12:55:00.770 | 04:56   60ms   60M  119G  49/ 70U [ActUnit] SCV from COMMANDCENTER at (45.5, 112.5)
2024-11-14 12:55:01.048 | 04:56   60ms   95M  119G  50/ 70U [GameAnalyzer] Income advantage is now SmallAdvantage
2024-11-14 12:55:01.188 | 04:56   65ms  105M  119G  50/ 70U [GameAnalyzer] Income advantage is now ClearAdvantage
2024-11-14 12:55:01.603 | 04:57   65ms  120M  127G  50/ 70U [GameAnalyzer] Income advantage is now SmallAdvantage
2024-11-14 12:55:01.868 | 04:57   62ms  140M  131G  50/ 70U [GameAnalyzer] Income advantage is now ClearAdvantage
2024-11-14 12:55:02.368 | 04:58   60ms  150M  135G  50/ 70U [GameAnalyzer] Income advantage is now SmallAdvantage
2024-11-14 12:55:02.792 | 04:59   66ms  180M  143G  50/ 70U [GameAnalyzer] Income advantage is now ClearAdvantage
2024-11-14 12:55:02.926 | 04:59   76ms  215M  143G  50/ 70U [GameAnalyzer] Income advantage is now SmallAdvantage
2024-11-14 12:55:03.063 | 04:59   65ms  215M  143G  50/ 70U [GameAnalyzer] Income advantage is now ClearAdvantage
2024-11-14 12:55:03.343 | 05:00   67ms  220M  151G  50/ 70U [ChatManager] Tag:E_Macro
2024-11-14 12:55:03.354 | 05:00   67ms  120M  151G  50/ 70U [TerranUnit] HELLION from FACTORY at (45.5, 133.5)
2024-11-14 12:55:03.616 | 05:00   57ms  125M  155G  52/ 70U [GameAnalyzer] Income advantage is now SmallAdvantage
2024-11-14 12:55:03.750 | 05:00   62ms  135M  155G  52/ 70U [GameAnalyzer] Income advantage is now ClearAdvantage
2024-11-14 12:55:03.966 | 05:01   61ms   90M  155G  52/ 70U [ActUnit] SCV from COMMANDCENTER at (43.5, 141.5)
2024-11-14 12:55:05.378 | 05:03   83ms  155M  175G  53/ 70U [GameAnalyzer] Income advantage is now SmallAdvantage
2024-11-14 12:55:05.536 | 05:03   76ms  165M  179G  53/ 70U [GameAnalyzer] Income advantage is now ClearAdvantage
2024-11-14 12:55:05.925 | 05:04  154ms  105M  179G  53/ 70U [TerranUnit] HELLION from FACTORY at (45.5, 133.5)
2024-11-14 12:55:06.053 | 05:04   71ms  115M  183G  55/ 70U [GameAnalyzer] Income advantage is now SmallAdvantage
2024-11-14 12:55:06.192 | 05:04   67ms  120M  183G  55/ 70U [GameAnalyzer] Income advantage is now ClearAdvantage
2024-11-14 12:55:06.595 | 05:05   59ms  125M  191G  55/ 70U [GameAnalyzer] Income advantage is now SmallAdvantage
2024-11-14 12:55:07.574 | 05:06   75ms  145M  153G  55/ 70U [TerranUnit] REAPER from BARRACKS at (50.5, 142.5)
2024-11-14 12:55:08.638 | 05:08   74ms  195M  165G  56/ 70U [GameAnalyzer] Known army advantage is now OverwhelmingDisadvantage
2024-11-14 12:55:08.798 | 05:08   82ms  105M  165G  56/ 70U [TerranUnit] HELLION from FACTORY at (52.5, 138.5)
2024-11-14 12:55:09.793 | 05:09   71ms   30M  177G  58/ 70U [DodgeRampAttack] Retreat stopped.
2024-11-14 12:55:10.199 | 05:10   66ms    0M  181G  58/ 70U [ActUnit] SCV from COMMANDCENTER at (45.5, 112.5)
2024-11-14 12:55:11.093 | 05:11   68ms    0M  139G  59/ 78U [TerranUnit] REAPER from BARRACKS at (38.5, 133.5)
2024-11-14 12:55:12.283 | 05:13   70ms   25M  105G  60/ 78U [TerranUnit] REAPER from BARRACKS at (50.5, 142.5)
2024-11-14 12:55:12.869 | 05:14   64ms    0M  113G  61/ 78U [ActUnit] SCV from COMMANDCENTER at (43.5, 141.5)
2024-11-14 12:55:18.033 | 05:21   75ms  260M  173G  62/ 78U [GameAnalyzer] Known army advantage is now ClearDisadvantage
2024-11-14 12:55:18.045 | 05:21   75ms  160M  173G  62/ 78U [TerranUnit] HELLION from FACTORY at (45.5, 133.5)
2024-11-14 12:55:18.652 | 05:22   77ms  130M  181G  64/ 78U [ActUnit] SCV from COMMANDCENTER at (45.5, 112.5)
2024-11-14 12:55:20.439 | 05:25   78ms  200M  201G  65/ 78U [GameAnalyzer] Income advantage is now ClearAdvantage
2024-11-14 12:55:20.595 | 05:25   78ms  200M  201G  65/ 78U [GameAnalyzer] Income advantage is now SmallAdvantage
2024-11-14 12:55:20.780 | 05:25   78ms  200M  205G  65/ 78U [GameAnalyzer] Known army advantage is now SmallDisadvantage
2024-11-14 12:55:21.514 | 05:26   82ms  205M  213G  65/ 78U [ActUnit] SCV from COMMANDCENTER at (43.5, 141.5)
2024-11-14 12:55:22.018 | 05:27   75ms   45M  217G  66/ 78U [GameAnalyzer] Predicted army advantage is now ClearDisadvantage
2024-11-14 12:55:23.070 | 05:28   76ms    0M   79G  66/ 78U [ActUnit] RAVEN from STARPORT at (50.5, 147.5)
2024-11-14 12:55:26.768 | 05:33   78ms  175M  119G  68/ 78U [TerranUnit] HELLION from FACTORY at (45.5, 133.5)
2024-11-14 12:55:27.764 | 05:34   80ms  155M  131G  70/ 78U [ActUnit] SCV from COMMANDCENTER at (45.5, 112.5)
2024-11-14 12:55:30.696 | 05:38   71ms  270M  163G  71/ 86U [GameAnalyzer] Known army advantage is now SlightDisadvantage
2024-11-14 12:55:30.697 | 05:38   71ms  220M  163G  71/ 86U [ActUnit] SCV from COMMANDCENTER at (43.5, 141.5)
2024-11-14 12:55:30.710 | 05:38   71ms  170M  113G  71/ 86U [TerranUnit] REAPER from BARRACKS at (50.5, 142.5)
2024-11-14 12:55:32.709 | 05:41   80ms  155M  133G  73/ 86U [TerranUnit] HELLION from FACTORY at (52.5, 138.5)
2024-11-14 12:55:33.149 | 05:41   70ms   80M  141G  75/ 86U [GameAnalyzer] Income advantage is now ClearAdvantage
2024-11-14 12:55:33.459 | 05:42   77ms   90M  141G  75/ 86U [GameAnalyzer] Income advantage is now SmallAdvantage
2024-11-14 12:55:33.772 | 05:42   76ms  100M  145G  75/ 86U [GameAnalyzer] Income advantage is now ClearAdvantage
2024-11-14 12:55:34.017 | 05:43   82ms    0M  149G  75/ 86U [GameAnalyzer] Income advantage is now SmallAdvantage
2024-11-14 12:55:35.579 | 05:45   69ms   75M  165G  75/ 86U [GameAnalyzer] Known army advantage is now Even
2024-11-14 12:55:36.314 | 05:46   74ms   15M  173G  75/ 86U [TerranUnit] HELLION from FACTORY at (45.5, 133.5)
2024-11-14 12:55:37.108 | 05:47   76ms   85M  181G  77/ 86U [ActUnit] SCV from COMMANDCENTER at (45.5, 112.5)
2024-11-14 12:55:38.331 | 05:48   81ms  140M  197G  78/ 86U [GameAnalyzer] Income advantage is now ClearAdvantage
2024-11-14 12:55:38.650 | 05:49   78ms  150M  201G  78/ 86U [GameAnalyzer] Income advantage is now SmallAdvantage
2024-11-14 12:55:39.901 | 05:50   81ms  155M  213G  78/ 86U [ActUnit] SCV from COMMANDCENTER at (43.5, 141.5)
2024-11-14 12:55:42.566 | 05:54   82ms  205M  241G  79/ 94U [ActUnit] MARINE from BARRACKS at (38.5, 133.5)
2024-11-14 12:55:43.969 | 05:56   87ms  215M  257G  80/ 94U [ActUnit] MARINE from BARRACKS at (50.5, 142.5)
2024-11-14 12:55:44.860 | 05:57   85ms  250M  265G  81/109U [GameAnalyzer] Income advantage is now ClearAdvantage
2024-11-14 12:55:45.324 | 05:58   74ms  115M  273G  81/109U [GameAnalyzer] Income advantage is now SmallAdvantage
2024-11-14 12:55:45.634 | 05:58   73ms  130M  273G  81/109U [GameAnalyzer] Income advantage is now ClearAdvantage
2024-11-14 12:55:46.030 | 05:58   72ms  145M  277G  81/109U [GameAnalyzer] Income advantage is now SmallAdvantage
2024-11-14 12:55:46.362 | 05:59   77ms  160M  281G  81/109U [GameAnalyzer] Income advantage is now ClearAdvantage
2024-11-14 12:55:46.518 | 05:59   78ms  115M  285G  81/109U [ActUnit] SCV from COMMANDCENTER at (45.5, 112.5)
2024-11-14 12:55:47.148 | 06:00   77ms  130M  289G  82/109U [GameAnalyzer] Income advantage is now SmallAdvantage
2024-11-14 12:55:47.304 | 06:00   85ms  145M  293G  82/109U [GameAnalyzer] Income advantage is now ClearAdvantage
2024-11-14 12:55:48.534 | 06:02   83ms  195M  305G  82/109U [GameAnalyzer] Income advantage is now SmallAdvantage
2024-11-14 12:55:48.858 | 06:02   83ms  215M  309G  82/109U [GameAnalyzer] Income advantage is now ClearAdvantage
2024-11-14 12:55:48.859 | 06:02   83ms  215M  309G  82/109U [GameAnalyzer] Predicted army advantage is now Even
2024-11-14 12:55:48.870 | 06:02   83ms   65M  209G  82/109U [ActUnit] BANSHEE from STARPORT at (50.5, 147.5)
2024-11-14 12:55:48.887 | 06:02   83ms   65M  209G  82/109U [DodgeRampAttack] Supply is 82 -> attack!
2024-11-14 12:55:48.891 | 06:02   83ms   65M  209G  82/109U [DodgeRampAttack] Attack started at 26.00 power.
2024-11-14 12:55:49.283 | 06:03   81ms   40M  209G  85/109U [ActUnit] SCV from COMMANDCENTER at (43.5, 141.5)
2024-11-14 12:55:49.625 | 06:03   81ms   45M  217G  86/109U [GameAnalyzer] Income advantage is now SmallAdvantage
2024-11-14 12:55:49.799 | 06:03   89ms   65M  217G  86/109U [GameAnalyzer] Income advantage is now ClearAdvantage
2024-11-14 12:55:50.656 | 06:04   83ms   95M  225G  86/109U [GameAnalyzer] Income advantage is now SmallAdvantage
2024-11-14 12:55:50.836 | 06:05   90ms  115M  229G  86/109U [GameAnalyzer] Income advantage is now ClearAdvantage
2024-11-14 12:55:51.434 | 06:05  172ms  135M  233G  86/109U [GameAnalyzer] Income advantage is now SlightAdvantage
2024-11-14 12:55:51.796 | 06:06   86ms  140M  237G  86/117U [GameAnalyzer] Income advantage is now SmallAdvantage
2024-11-14 12:55:52.154 | 06:06   85ms  155M  241G  86/117U [GameAnalyzer] Income advantage is now SlightAdvantage
2024-11-14 12:55:52.523 | 06:07   96ms  165M  245G  86/117U [GameAnalyzer] Income advantage is now SmallAdvantage
2024-11-14 12:55:52.998 | 06:07   94ms  195M  249G  86/117U [GameAnalyzer] Income advantage is now SlightAdvantage
2024-11-14 12:55:52.999 | 06:07   94ms  195M  249G  86/117U [GameAnalyzer] Known army advantage is now SlightAdvantage
2024-11-14 12:55:53.184 | 06:07  190ms  205M  249G  86/117U [GameAnalyzer] Income advantage is now SmallAdvantage
2024-11-14 12:55:53.975 | 06:08   97ms  240M  257G  86/117U [GameAnalyzer] Income advantage is now SlightAdvantage
2024-11-14 12:55:54.351 | 06:09   98ms  255M  261G  86/117U [GameAnalyzer] Income advantage is now SmallAdvantage
2024-11-14 12:55:54.352 | 06:09   98ms  255M  261G  86/117U [ChatManager] Tag:E_hydralisk
2024-11-14 12:55:54.648 | 06:09  102ms  255M  261G  86/117U [GameAnalyzer] Income advantage is now SlightAdvantage
2024-11-14 12:55:54.847 | 06:09  187ms  270M  265G  86/117U [GameAnalyzer] Known army advantage is now Even
2024-11-14 12:55:54.848 | 06:09  187ms  270M  265G  86/117U [GameAnalyzer] Predicted army advantage is now SmallDisadvantage
2024-11-14 12:55:55.050 | 06:09  108ms  285M  269G  86/117U [GameAnalyzer] Income advantage is now SmallAdvantage
2024-11-14 12:55:55.450 | 06:10   91ms  150M  144G  86/117U [ActUnit] SIEGETANK from FACTORY at (52.5, 138.5)
2024-11-14 12:55:56.013 | 06:10   93ms  165M  152G  89/117U [GameAnalyzer] Income advantage is now SlightAdvantage
2024-11-14 12:55:56.213 | 06:11  107ms  175M  152G  89/117U [GameAnalyzer] Income advantage is now SmallAdvantage
2024-11-14 12:55:56.884 | 06:11   98ms  160M  156G  89/117U [ActUnit] SCV from COMMANDCENTER at (45.5, 112.5)
2024-11-14 12:55:57.287 | 06:12   96ms  165M  160G  90/117U [GameAnalyzer] Income advantage is now SlightAdvantage
2024-11-14 12:55:57.290 | 06:12   96ms  165M  160G  90/117U [GameAnalyzer] Known army advantage is now SlightAdvantage
2024-11-14 12:55:57.291 | 06:12   96ms  165M  160G  90/117U [ChatManager] Tag:E_infestor
2024-11-14 12:55:57.693 | 06:12   95ms  190M  168G  90/117U [GameAnalyzer] Income advantage is now SmallAdvantage
2024-11-14 12:55:59.235 | 06:14  124ms  210M  180G  90/117U [ActUnit] MARINE from BARRACKS at (50.5, 142.5)
2024-11-14 12:55:59.634 | 06:14  112ms  215M  180G  91/117U [GameAnalyzer] Income advantage is now SlightAdvantage
2024-11-14 12:55:59.635 | 06:14  112ms  215M  180G  91/117U [GameAnalyzer] Known army advantage is now Even
2024-11-14 12:55:59.908 | 06:15   99ms  240M  184G  91/117U [GameAnalyzer] Income advantage is now SmallAdvantage
2024-11-14 12:56:00.302 | 06:15   97ms  195M  188G  91/117U [ActUnit] SCV from COMMANDCENTER at (43.5, 141.5)
2024-11-14 12:56:01.834 | 06:17  194ms  215M  200G  92/117U [ActUnit] MARINE from BARRACKS at (38.5, 133.5)
2024-11-14 12:56:02.819 | 06:18  103ms  210M  208G  93/117U [ActUnit] MARINE from BARRACKS at (50.5, 142.5)
2024-11-14 12:56:05.405 | 06:20   95ms  320M  228G  94/117U [GameAnalyzer] Income advantage is now SlightAdvantage
2024-11-14 12:56:05.806 | 06:21   98ms  340M  236G  94/117U [GameAnalyzer] Income advantage is now SmallAdvantage
2024-11-14 12:56:06.940 | 06:22  102ms  375M  244G  94/117U [GameAnalyzer] Income advantage is now SlightAdvantage
2024-11-14 12:56:06.941 | 06:22  102ms  325M  244G  94/117U [ActUnit] SCV from COMMANDCENTER at (68.5, 133.5)
2024-11-14 12:56:07.143 | 06:22  112ms  335M  244G  95/117U [GameAnalyzer] Income advantage is now SmallAdvantage
2024-11-14 12:56:07.725 | 06:23  100ms  265M  252G  95/117U [GameAnalyzer] Income advantage is now Even
2024-11-14 12:56:08.660 | 06:24  109ms  260M  256G  95/117U [ActUnit] SCV from COMMANDCENTER at (45.5, 112.5)
2024-11-14 12:56:09.575 | 06:25  115ms  300M  264G  96/117U [GameAnalyzer] Known army advantage is now SlightDisadvantage
2024-11-14 12:56:09.576 | 06:25  115ms  300M  264G  96/117U [GameAnalyzer] Predicted army advantage is now ClearDisadvantage
2024-11-14 12:56:10.399 | 06:25  225ms  330M  272G  96/117U [GameAnalyzer] Income advantage is now SlightAdvantage
2024-11-14 12:56:10.652 | 06:25  134ms  340M  272G  96/117U [GameAnalyzer] Income advantage is now Even
2024-11-14 12:56:11.665 | 06:26  120ms  375M  280G  96/117U [GameAnalyzer] Income advantage is now SlightAdvantage
2024-11-14 12:56:11.913 | 06:27  120ms  375M  280G  96/117U [GameAnalyzer] Income advantage is now Even
2024-11-14 12:56:12.729 | 06:27  116ms  360M  288G  96/117U [ActUnit] SCV from COMMANDCENTER at (43.5, 141.5)
2024-11-14 12:56:12.969 | 06:27  125ms  380M  288G  97/117U [GameAnalyzer] Income advantage is now SlightAdvantage
2024-11-14 12:56:13.203 | 06:28  110ms  380M  288G  97/117U [GameAnalyzer] Income advantage is now Even
2024-11-14 12:56:14.009 | 06:28  108ms  410M  296G  97/117U [GameAnalyzer] Known army advantage is now SmallDisadvantage
2024-11-14 12:56:14.476 | 06:29  115ms  440M  300G  97/117U [GameAnalyzer] Income advantage is now SlightAdvantage
2024-11-14 12:56:14.708 | 06:29  115ms  455M  300G  97/117U [GameAnalyzer] Income advantage is now Even
2024-11-14 12:56:15.390 | 06:30  108ms  475M  308G  95/117U [GameAnalyzer] Known army advantage is now SlightDisadvantage
2024-11-14 12:56:15.912 | 06:30  104ms  490M  312G  95/117U [GameAnalyzer] Income advantage is now SlightAdvantage
2024-11-14 12:56:16.131 | 06:30  110ms  495M  312G  95/117U [GameAnalyzer] Income advantage is now Even
2024-11-14 12:56:17.578 | 06:32  110ms  500M  324G  95/117U [ActUnit] MARINE from BARRACKS at (50.5, 142.5)
2024-11-14 12:56:19.291 | 06:33  107ms  590M  336G  96/117U [GameAnalyzer] Income advantage is now SlightAdvantage
2024-11-14 12:56:19.523 | 06:33  212ms  600M  336G  96/117U [GameAnalyzer] Income advantage is now Even
2024-11-14 12:56:19.977 | 06:34  104ms  615M  340G  94/117U [GameAnalyzer] Known army advantage is now SmallDisadvantage
2024-11-14 12:56:19.977 | 06:34  104ms  615M  340G  94/117U [GameAnalyzer] Predicted army advantage is now OverwhelmingDisadvantage
2024-11-14 12:56:20.216 | 06:34  117ms  570M  344G  94/117U [ActUnit] SCV from COMMANDCENTER at (68.5, 133.5)
2024-11-14 12:56:20.446 | 06:34  112ms  585M  348G  95/117U [GameAnalyzer] Known army advantage is now SlightDisadvantage
2024-11-14 12:56:20.447 | 06:34  112ms  585M  348G  95/117U [GameAnalyzer] Predicted army advantage is now ClearDisadvantage
2024-11-14 12:56:20.465 | 06:34  112ms  535M  348G  95/117U [ActUnit] MARINE from BARRACKS at (38.5, 133.5)
2024-11-14 12:56:20.684 | 06:35  119ms  545M  348G  96/117U [GameAnalyzer] Income advantage is now SlightAdvantage
2024-11-14 12:56:20.914 | 06:35  113ms  560M  348G  96/117U [GameAnalyzer] Income advantage is now Even
2024-11-14 12:56:21.434 | 06:35  102ms  565M  352G  96/117U [GameAnalyzer] Income advantage is now SlightAdvantage
2024-11-14 12:56:21.673 | 06:35  117ms  580M  356G  96/117U [GameAnalyzer] Income advantage is now Even
2024-11-14 12:56:21.692 | 06:35  117ms  530M  356G  96/117U [ActUnit] MARINE from BARRACKS at (50.5, 142.5)
2024-11-14 12:56:22.137 | 06:36  106ms  495M  360G  97/117U [ActUnit] SCV from COMMANDCENTER at (45.5, 112.5)
2024-11-14 12:56:22.372 | 06:36  115ms  510M  360G  98/117U [GameAnalyzer] Income advantage is now SlightAdvantage
2024-11-14 12:56:22.918 | 06:37  106ms  525M  364G  98/117U [GameAnalyzer] Income advantage is now Even
2024-11-14 12:56:24.066 | 06:38  114ms  590M  372G  97/117U [GameAnalyzer] Income advantage is now SlightAdvantage
2024-11-14 12:56:24.687 | 06:38  134ms  605M  376G  97/117U [GameAnalyzer] Income advantage is now Even
2024-11-14 12:56:25.368 | 06:39  112ms  640M  384G  97/117U [GameAnalyzer] Income advantage is now SlightAdvantage
2024-11-14 12:56:25.602 | 06:39  119ms  640M  384G  95/117U [GameAnalyzer] Known army advantage is now SmallDisadvantage
2024-11-14 12:56:25.603 | 06:39  119ms  640M  384G  95/117U [GameAnalyzer] Predicted army advantage is now OverwhelmingDisadvantage
2024-11-14 12:56:25.834 | 06:39  113ms  655M  384G  95/117U [GameAnalyzer] Income advantage is now Even
2024-11-14 12:56:26.056 | 06:40  115ms  610M  384G  95/117U [ActUnit] SCV from COMMANDCENTER at (43.5, 141.5)
2024-11-14 12:56:26.364 | 06:40  108ms  625M  388G  96/117U [GameAnalyzer] Income advantage is now SlightAdvantage
2024-11-14 12:56:26.596 | 06:40  205ms  635M  392G  96/117U [GameAnalyzer] Known army advantage is now SlightDisadvantage
2024-11-14 12:56:27.059 | 06:40  110ms  645M  396G  96/117U [GameAnalyzer] Income advantage is now Even
2024-11-14 12:56:27.728 | 06:41  105ms  685M  400G  96/117U [GameAnalyzer] Income advantage is now SlightAdvantage
2024-11-14 12:56:27.950 | 06:41  116ms  690M  400G  96/117U [GameAnalyzer] Income advantage is now Even
2024-11-14 12:56:28.723 | 06:42  111ms  725M  408G  96/117U [GameAnalyzer] Predicted army advantage is now ClearDisadvantage
2024-11-14 12:56:28.738 | 06:42  111ms  575M  283G  96/117U [ActUnit] SIEGETANK from FACTORY at (52.5, 138.5)
2024-11-14 12:56:30.197 | 06:43  210ms  640M  295G  99/117U [GameAnalyzer] Predicted army advantage is now OverwhelmingDisadvantage
2024-11-14 12:56:32.055 | 06:45  102ms  705M  307G  97/117U [GameAnalyzer] Income advantage is now SlightDisadvantage
2024-11-14 12:56:32.056 | 06:45  102ms  705M  307G  97/117U [GameAnalyzer] Known army advantage is now Even
2024-11-14 12:56:32.057 | 06:45  102ms  705M  307G  97/117U [GameAnalyzer] Predicted army advantage is now ClearDisadvantage
2024-11-14 12:56:32.078 | 06:45  102ms  405M  207G  97/117U [ActUnit] BANSHEE from STARPORT at (50.5, 147.5)
2024-11-14 12:56:32.958 | 06:46  110ms  460M  215G 100/125U [GameAnalyzer] Income advantage is now Even
2024-11-14 12:56:33.502 | 06:46  109ms  480M  219G 100/125U [GameAnalyzer] Income advantage is now SlightDisadvantage
2024-11-14 12:56:33.505 | 06:46  109ms  430M  219G 100/125U [ActUnit] SCV from COMMANDCENTER at (68.5, 133.5)
2024-11-14 12:56:33.938 | 06:47  107ms  460M  219G 101/125U [GameAnalyzer] Income advantage is now Even
2024-11-14 12:56:35.096 | 06:48  111ms  510M  231G  99/125U [GameAnalyzer] Known army advantage is now SlightDisadvantage
2024-11-14 12:56:35.443 | 06:48  153ms  465M  231G  99/125U [ActUnit] SCV from COMMANDCENTER at (45.5, 112.5)
2024-11-14 12:56:36.760 | 06:50  117ms  525M  243G 100/125U [GameAnalyzer] Known army advantage is now Even
2024-11-14 12:56:36.778 | 06:50  117ms  475M  243G 100/125U [ActUnit] MARINE from BARRACKS at (50.5, 142.5)
2024-11-14 12:56:37.079 | 06:50  125ms  485M  243G  99/125U [GameAnalyzer] Known army advantage is now SlightDisadvantage
2024-11-14 12:56:37.510 | 06:50  110ms  505M  251G  97/125U [GameAnalyzer] Known army advantage is now Even
2024-11-14 12:56:37.511 | 06:50  110ms  505M  251G  97/125U [GameAnalyzer] Predicted army advantage is now SmallDisadvantage
2024-11-14 12:56:37.765 | 06:50  113ms  515M  251G  96/125U [DodgeRampAttack] Retreat started at 9.25 own local power against 11.98 enemy local power.
2024-11-14 12:56:38.143 | 06:51  101ms  540M  255G  96/125U [GameAnalyzer] Income advantage is now SlightDisadvantage
2024-11-14 12:56:38.336 | 06:51  100ms  555M  255G  96/125U [GameAnalyzer] Income advantage is now Even
2024-11-14 12:56:39.029 | 06:52  101ms  540M  263G  96/125U [ActUnit] SCV from COMMANDCENTER at (43.5, 141.5)
2024-11-14 12:56:39.241 | 06:52  106ms  550M  263G  97/125U [GameAnalyzer] Income advantage is now SlightDisadvantage
2024-11-14 12:56:39.473 | 06:52  108ms  560M  267G  97/125U [BuildAddon] UnitTypeId.BARRACKSTECHLAB to (41.0, 133.0)
2024-11-14 12:56:39.664 | 06:52  109ms  530M  242G  97/125U [GameAnalyzer] Income advantage is now Even
2024-11-14 12:56:40.590 | 06:53  109ms  420M  150G  96/125U [GameAnalyzer] Income advantage is now SlightDisadvantage
2024-11-14 12:56:40.610 | 06:53  109ms  370M  150G  96/125U [ActUnit] MARINE from BARRACKS at (50.5, 142.5)
2024-11-14 12:56:40.787 | 06:54  114ms  375M  154G  97/125U [GameAnalyzer] Income advantage is now Even
2024-11-14 12:56:41.609 | 06:54  106ms  400M  158G  96/125U [GameAnalyzer] Income advantage is now SlightDisadvantage
2024-11-14 12:56:41.897 | 06:55  108ms  420M  162G  96/125U [GameAnalyzer] Income advantage is now Even
2024-11-14 12:56:42.903 | 06:56  104ms  465M  170G  96/125U [GameAnalyzer] Income advantage is now SlightDisadvantage
2024-11-14 12:56:43.108 | 06:56  108ms  480M  170G  96/125U [GameAnalyzer] Income advantage is now Even
2024-11-14 12:56:43.316 | 06:56  103ms  500M  174G  96/125U [GameAnalyzer] Income advantage is now SlightDisadvantage
2024-11-14 12:56:43.818 | 06:57  192ms  510M  178G  96/125U [GameAnalyzer] Income advantage is now Even
2024-11-14 12:56:45.785 | 06:59   97ms  555M  194G  96/125U [ActUnit] SCV from COMMANDCENTER at (68.5, 133.5)
2024-11-14 12:56:47.106 | 07:00  104ms  620M  202G  97/125U [GameAnalyzer] Income advantage is now SlightDisadvantage
2024-11-14 12:56:47.302 | 07:00  210ms  630M  206G  97/125U [GameAnalyzer] Income advantage is now Even
2024-11-14 12:56:47.500 | 07:00  100ms  600M  206G  97/125U [ActUnit] SCV from COMMANDCENTER at (45.5, 112.5)
2024-11-14 12:56:49.218 | 07:02  106ms  690M  222G  98/125U [GameAnalyzer] Income advantage is now SlightDisadvantage
2024-11-14 12:56:49.418 | 07:02  106ms  700M  226G  98/125U [GameAnalyzer] Income advantage is now Even
2024-11-14 12:56:50.025 | 07:03   98ms  725M  230G  98/125U [GameAnalyzer] Income advantage is now SlightDisadvantage
2024-11-14 12:56:50.316 | 07:03  110ms  745M  230G  98/125U [GameAnalyzer] Income advantage is now Even
2024-11-14 12:56:50.900 | 07:04   98ms  715M  238G  98/125U [ActUnit] SCV from COMMANDCENTER at (43.5, 141.5)
2024-11-14 12:56:54.147 | 07:07  100ms  880M  262G  99/125U [GameAnalyzer] Known army advantage is now SlightAdvantage
2024-11-14 12:56:54.166 | 07:07  100ms  830M  262G  99/125U [ActUnit] MARINE from BARRACKS at (50.5, 142.5)
2024-11-14 12:56:57.278 | 07:11  104ms  980M  290G 100/125U [DodgeRampAttack] Retreat stopped.
2024-11-14 12:56:57.492 | 07:11  102ms  980M  290G 100/125U [DodgeRampAttack] Supply is 100 -> attack!
2024-11-14 12:56:57.494 | 07:11  102ms  980M  290G 100/125U [DodgeRampAttack] Attack started at 18.69 power.
2024-11-14 12:56:57.680 | 07:11  111ms  940M  294G 100/125U [ActUnit] SCV from COMMANDCENTER at (68.5, 133.5)
2024-11-14 12:56:57.698 | 07:11  111ms  890M  294G 100/125U [ActUnit] MARINE from BARRACKS at (38.5, 133.5)
2024-11-14 12:56:57.921 | 07:11  114ms  845M  298G 102/125U [ActUnit] MARINE from BARRACKS at (50.5, 142.5)
2024-11-14 12:56:58.665 | 07:12  111ms  780M  298G 103/125U [GameAnalyzer] Income advantage is now SlightDisadvantage
2024-11-14 12:56:59.095 | 07:12  111ms  815M  306G 103/125U [GameAnalyzer] Income advantage is now Even
2024-11-14 12:56:59.633 | 07:13  104ms  785M  310G 103/125U [ActUnit] SCV from COMMANDCENTER at (45.5, 112.5)
2024-11-14 12:57:01.015 | 07:14  138ms  825M  318G 104/125U [GameAnalyzer] Known army advantage is now SmallAdvantage
2024-11-14 12:57:01.032 | 07:14  138ms  675M  193G 104/125U [ActUnit] SIEGETANK from FACTORY at (52.5, 138.5)
2024-11-14 12:57:03.344 | 07:16  109ms  730M  213G 107/125U [ActUnit] SCV from COMMANDCENTER at (43.5, 141.5)
2024-11-14 12:57:03.575 | 07:17  117ms  740M  213G 108/125U [GameAnalyzer] Income advantage is now SlightDisadvantage
2024-11-14 12:57:03.798 | 07:17  113ms  755M  217G 108/125U [GameAnalyzer] Income advantage is now Even
2024-11-14 12:57:04.768 | 07:18  115ms  815M  221G 108/125U [GameAnalyzer] Income advantage is now SlightDisadvantage
2024-11-14 12:57:04.990 | 07:18  116ms  820M  225G 108/125U [GameAnalyzer] Income advantage is now Even
2024-11-14 12:57:08.235 | 07:21  110ms  990M  249G 108/125U [GameAnalyzer] Income advantage is now SlightDisadvantage
2024-11-14 12:57:08.236 | 07:21  110ms  990M  249G 108/125U [GameAnalyzer] Known army advantage is now SlightAdvantage
2024-11-14 12:57:08.441 | 07:21  116ms 1000M  253G 108/125U [GameAnalyzer] Income advantage is now Even
2024-11-14 12:57:10.563 | 07:23  111ms 1055M  269G 108/125U [ActUnit] SCV from COMMANDCENTER at (68.5, 133.5)
2024-11-14 12:57:12.457 | 07:25  207ms 1095M  281G 109/125U [ActUnit] SCV from COMMANDCENTER at (45.5, 112.5)
2024-11-14 12:57:12.700 | 07:25  114ms 1110M  285G 110/125U [GameAnalyzer] Known army advantage is now SmallAdvantage
2024-11-14 12:57:12.718 | 07:25  114ms 1060M  285G 110/125U [ActUnit] MARINE from BARRACKS at (50.5, 142.5)
2024-11-14 12:57:13.727 | 07:26  120ms  900M  293G 111/125U [GameAnalyzer] Known army advantage is now SlightAdvantage
2024-11-14 12:57:14.424 | 07:27  111ms  910M  297G 111/125U [GameAnalyzer] Income advantage is now SlightDisadvantage
2024-11-14 12:57:14.654 | 07:27  122ms  945M  301G 111/125U [GameAnalyzer] Income advantage is now Even
2024-11-14 12:57:15.697 | 07:28  121ms  995M  305G 111/125U [GameAnalyzer] Predicted army advantage is now SlightDisadvantage
2024-11-14 12:57:15.714 | 07:28  121ms  845M  205G 111/125U [ActUnit] BANSHEE from STARPORT at (50.5, 147.5)
2024-11-14 12:57:16.396 | 07:29  111ms  840M  213G 114/125U [ActUnit] SCV from COMMANDCENTER at (43.5, 141.5)
2024-11-14 12:57:16.656 | 07:29  125ms  795M  213G 115/125U [ActUnit] MARINE from BARRACKS at (38.5, 133.5)
2024-11-14 12:57:16.964 | 07:29  123ms  900M  217G 116/125U [GameAnalyzer] Known army advantage is now SmallAdvantage
2024-11-14 12:57:16.982 | 07:29  123ms  850M  217G 116/125U [ActUnit] MARINE from BARRACKS at (50.5, 142.5)
2024-11-14 12:57:21.258 | 07:33  115ms  910M  245G 117/125U [ActUnit] MARINE from BARRACKS at (40.5, 130.5)
2024-11-14 12:57:23.146 | 07:34  119ms  775M  261G 118/125U [GameAnalyzer] Income advantage is now SlightDisadvantage
2024-11-14 12:57:23.390 | 07:35  121ms  800M  261G 118/125U [GameAnalyzer] Income advantage is now Even
2024-11-14 12:57:23.896 | 07:35  122ms  825M  265G 118/125U [BuildAddon] UnitTypeId.STARPORTTECHLAB to (50.0, 130.0)
2024-11-14 12:57:24.160 | 07:35  127ms  780M  240G 118/125U [Expand] Expanding to (58.5, 92.5)
2024-11-14 12:57:24.421 | 07:36  132ms  360M  244G 118/125U [ActUnit] SCV from COMMANDCENTER at (68.5, 133.5)
2024-11-14 12:57:25.041 | 07:36  126ms    5M  148G 119/125U [BuildGas] Building REFINERY to (38.5, 108.5)
2024-11-14 12:57:25.514 | 07:36  116ms   20M  152G 119/125U [GameAnalyzer] Known army advantage is now Even
2024-11-14 12:57:26.652 | 07:37  234ms  230M  156G 119/125U [ActUnit] SCV from COMMANDCENTER at (45.5, 112.5)
2024-11-14 12:57:26.939 | 07:38  136ms  160M  160G 120/125U [BuildGas] Building REFINERY to (61.5, 130.5)
2024-11-14 12:57:29.599 | 07:40  121ms  110M  126G 118/125U [GameAnalyzer] Income advantage is now SlightDisadvantage
2024-11-14 12:57:29.936 | 07:40  127ms  120M  130G 118/125U [GameAnalyzer] Income advantage is now Even
2024-11-14 12:57:30.512 | 07:40  125ms  140M  134G 116/125U [GameAnalyzer] Known army advantage is now SlightDisadvantage
2024-11-14 12:57:30.568 | 07:40  125ms  140M  134G 116/125U [DodgeRampAttack] Retreat started at 14.62 own local power against 21.69 enemy local power.
2024-11-14 12:57:31.010 | 07:41  113ms  105M  138G 116/125U [ActUnit] SCV from COMMANDCENTER at (43.5, 141.5)
2024-11-14 12:57:31.843 | 07:42  116ms  130M  142G 117/125U [GameAnalyzer] Known army advantage is now Even
2024-11-14 12:57:32.872 | 07:42  139ms  190M  150G 116/125U [GameAnalyzer] Known army advantage is now SlightDisadvantage
2024-11-14 12:57:33.714 | 07:43  229ms  240M  154G 116/125U [GameAnalyzer] Known army advantage is now Even
2024-11-14 12:57:34.235 | 07:44  128ms  215M  158G 116/125U [ActUnit] MARINE from BARRACKS at (50.5, 142.5)
2024-11-14 12:57:36.300 | 07:45  119ms  230M  174G 117/133U [BuildGas] Building REFINERY to (70.5, 140.5)
2024-11-14 12:57:38.361 | 07:47  122ms  145M   86G 117/133U [GameAnalyzer] Income advantage is now SlightAdvantage
2024-11-14 12:57:38.607 | 07:47  218ms  170M   90G 117/133U [GameAnalyzer] Income advantage is now SmallAdvantage
2024-11-14 12:57:38.845 | 07:48  127ms  170M   90G 117/133U [GameAnalyzer] Income advantage is now SlightAdvantage
2024-11-14 12:57:39.084 | 07:48  123ms  125M   94G 117/133U [ActUnit] SCV from COMMANDCENTER at (68.5, 133.5)
2024-11-14 12:57:39.796 | 07:48  126ms  150M   98G 118/133U [GameAnalyzer] Income advantage is now SmallAdvantage
2024-11-14 12:57:40.144 | 07:49  131ms  155M   98G 118/133U [GameAnalyzer] Income advantage is now SlightAdvantage
2024-11-14 12:57:41.096 | 07:50  119ms   30M   10G 118/141U [ActUnit] SCV from COMMANDCENTER at (45.5, 112.5)
2024-11-14 12:57:42.366 | 07:51  129ms  110M   18G 119/141U [GameAnalyzer] Known army advantage is now SlightAdvantage
2024-11-14 12:57:42.843 | 07:51  121ms  130M   22G 119/141U [GameAnalyzer] Income advantage is now SmallAdvantage
2024-11-14 12:57:43.079 | 07:51  124ms  140M   22G 119/141U [GameAnalyzer] Income advantage is now SlightAdvantage
2024-11-14 12:57:44.141 | 07:52  131ms  190M   30G 119/141U [GameAnalyzer] Income advantage is now SmallAdvantage
2024-11-14 12:57:44.387 | 07:52  134ms  195M   34G 119/141U [GameAnalyzer] Income advantage is now Even
2024-11-14 12:57:44.622 | 07:53  126ms  205M   34G 119/141U [GameAnalyzer] Income advantage is now SlightAdvantage
2024-11-14 12:57:45.184 | 07:53  123ms  220M   34G 119/141U [GameAnalyzer] Income advantage is now SmallAdvantage
2024-11-14 12:57:45.186 | 07:53  123ms  170M   34G 119/141U [ActUnit] SCV from COMMANDCENTER at (43.5, 141.5)
2024-11-14 12:57:45.925 | 07:54  129ms  175M   42G 120/141U [GameAnalyzer] Income advantage is now SlightAdvantage
2024-11-14 12:57:47.297 | 07:55  132ms  205M    0G 120/141U [ActUnit] MARINE from BARRACKS at (38.5, 133.5)
2024-11-14 12:57:47.783 | 07:55  118ms  205M    8G 121/141U [ActUnit] MARINE from BARRACKS at (40.5, 130.5)
2024-11-14 12:57:48.015 | 07:56  124ms  210M    8G 122/141U [GameAnalyzer] Income advantage is now SmallAdvantage
2024-11-14 12:57:48.266 | 07:56  127ms  215M    8G 122/141U [GameAnalyzer] Income advantage is now SlightAdvantage
2024-11-14 12:57:48.872 | 07:56  217ms  220M   12G 122/141U [GameAnalyzer] Income advantage is now Even
2024-11-14 12:57:49.194 | 07:57  208ms  245M   16G 122/141U [GameAnalyzer] Income advantage is now SlightAdvantage
2024-11-14 12:57:49.460 | 07:57  128ms  205M   16G 122/141U [ActUnit] MARINE from BARRACKS at (50.5, 142.5)
2024-11-14 12:57:51.292 | 07:58  124ms  200M   28G 123/149U [ChatManager] Tag:E_overseer
2024-11-14 12:57:52.680 | 07:59  132ms  265M   36G 121/149U [GameAnalyzer] Income advantage is now SmallAdvantage
2024-11-14 12:57:52.681 | 07:59  132ms  265M   36G 121/149U [GameAnalyzer] Known army advantage is now Even
2024-11-14 12:57:52.943 | 08:00  132ms  280M   40G 121/149U [GameAnalyzer] Income advantage is now SlightAdvantage
2024-11-14 12:57:53.425 | 08:00  121ms  260M   44G 121/149U [ActUnit] SCV from COMMANDCENTER at (68.5, 133.5)
2024-11-14 12:57:53.668 | 08:00  128ms  265M   44G 122/149U [GameAnalyzer] Income advantage is now SmallAdvantage
2024-11-14 12:57:54.052 | 08:01  133ms  270M   48G 122/149U [DodgeRampAttack] Retreat stopped.
2024-11-14 12:57:54.260 | 08:01  123ms  270M   48G 122/149U [GameAnalyzer] Income advantage is now SlightAdvantage
2024-11-14 12:57:54.316 | 08:01  123ms  270M   48G 122/149U [DodgeRampAttack] Supply is 122 -> attack!
2024-11-14 12:57:54.317 | 08:01  123ms  270M   48G 122/149U [DodgeRampAttack] Attack started at 29.55 power.
2024-11-14 12:57:55.044 | 08:01  134ms  305M   56G 122/149U [GameAnalyzer] Known army advantage is now SlightAdvantage
2024-11-14 12:57:55.076 | 08:01  134ms  255M   56G 122/149U [ActUnit] MARINE from BARRACKS at (50.5, 142.5)
2024-11-14 12:57:55.310 | 08:02  154ms  275M   56G 123/149U [GameAnalyzer] Income advantage is now SmallAdvantage
2024-11-14 12:57:55.650 | 08:02  140ms  230M   60G 123/149U [ActUnit] SCV from COMMANDCENTER at (45.5, 112.5)
2024-11-14 12:57:55.920 | 08:02  231ms  255M   64G 124/149U [GameAnalyzer] Known army advantage is now Even
2024-11-14 12:57:56.210 | 08:02  143ms  405M  164G 124/149U [GameAnalyzer] Income advantage is now SlightAdvantage
2024-11-14 12:57:56.735 | 08:03  135ms  290M   72G 124/149U [GameAnalyzer] Income advantage is now SmallAdvantage
2024-11-14 12:57:57.629 | 08:03  235ms  310M   76G 123/149U [GameAnalyzer] Income advantage is now SlightAdvantage
2024-11-14 12:57:57.898 | 08:04  139ms  335M   80G 123/149U [GameAnalyzer] Income advantage is now SmallAdvantage
2024-11-14 12:57:59.051 | 08:05  144ms  400M   88G 122/149U [GameAnalyzer] Income advantage is now SlightAdvantage
2024-11-14 12:57:59.312 | 08:05  253ms  410M   88G 122/149U [GameAnalyzer] Income advantage is now SmallAdvantage
2024-11-14 12:58:00.117 | 08:05  140ms  395M   96G 122/149U [ActUnit] SCV from COMMANDCENTER at (43.5, 141.5)
2024-11-14 12:58:01.074 | 08:06  247ms  275M    0G 122/149U [GameAnalyzer] Income advantage is now SlightAdvantage
2024-11-14 12:58:02.174 | 08:07  140ms  335M   12G 122/149U [GameAnalyzer] Income advantage is now SmallAdvantage
2024-11-14 12:58:03.045 | 08:08  132ms  350M   16G 122/149U [GameAnalyzer] Income advantage is now SlightAdvantage
2024-11-14 12:58:03.828 | 08:08  131ms  395M   28G 122/149U [GameAnalyzer] Income advantage is now SmallAdvantage
2024-11-14 12:58:04.728 | 08:09  237ms  420M   32G 119/149U [GameAnalyzer] Income advantage is now SlightAdvantage
2024-11-14 12:58:04.979 | 08:09  146ms  430M   32G 119/149U [GameAnalyzer] Income advantage is now SmallAdvantage
2024-11-14 12:58:06.028 | 08:10  141ms  655M  144G 119/149U [GameAnalyzer] Predicted army advantage is now SmallDisadvantage
2024-11-14 12:58:06.874 | 08:11  136ms  530M   52G 119/149U [GameAnalyzer] Predicted army advantage is now Even
2024-11-14 12:58:08.766 | 08:12  132ms  630M   72G 119/149U [GameAnalyzer] Predicted army advantage is now SlightDisadvantage
2024-11-14 12:58:08.768 | 08:12  132ms  580M   72G 119/149U [ActUnit] SCV from COMMANDCENTER at (68.5, 133.5)
2024-11-14 12:58:09.324 | 08:13  129ms  555M   80G 120/149U [ActUnit] MARINE from BARRACKS at (38.5, 133.5)
2024-11-14 12:58:09.927 | 08:13  135ms  520M   84G 121/149U [ActUnit] MARINE from BARRACKS at (40.5, 130.5)
2024-11-14 12:58:10.934 | 08:14  137ms  515M   92G 122/149U [ActUnit] SCV from COMMANDCENTER at (45.5, 112.5)
2024-11-14 12:58:11.565 | 08:15  130ms  330M    0G 123/149U [ActUnit] MARINE from BARRACKS at (50.5, 142.5)
2024-11-14 12:58:15.368 | 08:18  135ms  460M   48G 124/149U [ActUnit] SCV from COMMANDCENTER at (43.5, 141.5)
2024-11-14 12:58:16.355 | 08:18  139ms  500M   56G 125/149U [ActUnit] BANSHEE from STARPORT at (50.5, 147.5)
2024-11-14 12:58:17.618 | 08:19  159ms  500M   68G 127/149U [ActUnit] MARINE from BARRACKS at (50.5, 142.5)
2024-11-14 12:58:20.278 | 08:21  137ms  580M   92G 128/149U [ActUnit] BANSHEE from STARPORT at (47.5, 130.5)
2024-11-14 12:58:22.864 | 08:23  258ms  565M  124G 131/157U [GameAnalyzer] Known army advantage is now SlightAdvantage
2024-11-14 12:58:25.979 | 08:24  192ms  675M  148G 129/157U [GameAnalyzer] Known army advantage is now Even
2024-11-14 12:58:26.340 | 08:25  182ms  665M  152G 129/157U [ActUnit] SCV from COMMANDCENTER at (68.5, 133.5)
2024-11-14 12:58:27.950 | 08:26  171ms  695M  164G 128/157U [Tech] Started TERRANSHIPWEAPONSLEVEL1
2024-11-14 12:58:27.966 | 08:26  171ms  595M  164G 128/157U [ActUnit] HELLIONTANK from FACTORY at (52.5, 138.5)
2024-11-14 12:58:28.294 | 08:26  174ms  405M   72G 130/157U [ActUnit] HELLIONTANK from FACTORY at (45.5, 133.5)
2024-11-14 12:58:28.641 | 08:26  169ms  310M   76G 132/157U [ActUnit] HELLIONTANK from FACTORY at (45.5, 133.5)
2024-11-14 12:58:29.402 | 08:26  163ms  290M   88G 134/157U [ActUnit] SCV from COMMANDCENTER at (45.5, 112.5)
2024-11-14 12:58:29.726 | 08:27  183ms  315M   88G 134/157U [GameAnalyzer] Income advantage is now ClearAdvantage
2024-11-14 12:58:30.343 | 08:27  150ms  325M   96G 134/157U [GameAnalyzer] Income advantage is now SmallAdvantage
2024-11-14 12:58:31.383 | 08:28  145ms  360M  104G 133/157U [GameAnalyzer] Known army advantage is now SmallAdvantage
2024-11-14 12:58:31.383 | 08:28  145ms  360M  104G 133/157U [GameAnalyzer] Predicted army advantage is now Even
2024-11-14 12:58:31.653 | 08:28  162ms  370M  112G 133/157U [GameAnalyzer] Income advantage is now ClearAdvantage
2024-11-14 12:58:31.923 | 08:28  143ms  375M  112G 133/157U [GameAnalyzer] Income advantage is now SmallAdvantage
2024-11-14 12:58:34.358 | 08:30  143ms  440M  140G 133/157U [ActUnit] SCV from COMMANDCENTER at (43.5, 141.5)
2024-11-14 12:58:35.283 | 08:31  167ms  415M  152G 133/157U [ActUnit] MARINE from BARRACKS at (38.5, 133.5)
2024-11-14 12:58:36.048 | 08:31  169ms  390M  160G 134/157U [ActUnit] MARINE from BARRACKS at (40.5, 130.5)
2024-11-14 12:58:36.354 | 08:31  287ms  415M  160G 135/157U [GameAnalyzer] Income advantage is now ClearAdvantage
2024-11-14 12:58:37.342 | 08:32  205ms  470M  172G 131/157U [GameAnalyzer] Income advantage is now SmallAdvantage
2024-11-14 12:58:37.745 | 08:32  184ms  320M  109G 131/157U [ActUnit] VIKINGFIGHTER from STARPORT at (58.5, 143.5)
2024-11-14 12:58:38.201 | 08:32  181ms  280M  109G 133/157U [ActUnit] MARINE from BARRACKS at (50.5, 142.5)
2024-11-14 12:58:38.501 | 08:33  176ms  300M  109G 134/157U [GameAnalyzer] Income advantage is now ClearAdvantage
2024-11-14 12:58:40.916 | 08:34  142ms  375M  133G 133/157U [GameAnalyzer] Income advantage is now SmallAdvantage
2024-11-14 12:58:41.528 | 08:35  165ms  415M  141G 133/157U [GameAnalyzer] Income advantage is now ClearAdvantage
2024-11-14 12:58:42.876 | 08:36  164ms  440M  157G 133/157U [GameAnalyzer] Income advantage is now SmallAdvantage
2024-11-14 12:58:44.719 | 08:37  156ms  490M  181G 133/157U [ActUnit] SCV from COMMANDCENTER at (68.5, 133.5)
2024-11-14 12:58:45.048 | 08:37  156ms  460M  181G 134/157U [ActUnit] MARINE from BARRACKS at (50.5, 142.5)
2024-11-14 12:58:46.050 | 08:38  154ms  505M  193G 135/157U [Tech] Started TERRANVEHICLEANDSHIPARMORSLEVEL1
2024-11-14 12:58:46.313 | 08:38  162ms  410M   97G 135/157U [GameAnalyzer] Known army advantage is now ClearAdvantage
2024-11-14 12:58:47.301 | 08:39  265ms  395M  105G 135/157U [ActUnit] SCV from COMMANDCENTER at (45.5, 112.5)
2024-11-14 12:58:49.624 | INFO     | sc2.protocol:_execute:72 - Client status changed to Status.ended (was Status.in_game)
2024-11-14 12:58:49.625 | Result: Defeat
2024-11-14 12:58:49.626 | Duration: 08:40
2024-11-14 12:58:49.626 | Step time min: 15
2024-11-14 12:58:49.627 | Step time avg: 74
2024-11-14 12:58:49.627 | Step time max: 587
2024-11-14 12:58:49.628 | [LostUnitsContents] My lost units minerals and gas: (2500, 750)
2024-11-14 12:58:49.629 | [LostUnitsContents] My lost units minerals by score: 2500.0
2024-11-14 12:58:49.630 | [LostUnitsContents] Enemy lost units minerals and gas: (2950, 1100)
2024-11-14 12:58:49.631 | [LostUnitsContents] Enemy lost units minerals by score: 2950.0
2024-11-14 12:58:49.632 | [GameAnalyzerEnd] Own units:
2024-11-14 12:58:49.633 | [GameAnalyzerEnd] SCV               total:  81 alive:  80 dead:   1 
2024-11-14 12:58:49.633 | [GameAnalyzerEnd] MARINE            total:  22 alive:   9 dead:  13 
2024-11-14 12:58:49.634 | [GameAnalyzerEnd] SUPPLYDEPOT       total:  15 alive:  15 dead:   0 
2024-11-14 12:58:49.634 | [GameAnalyzerEnd] REAPER            total:  10 alive:   0 dead:  10 
2024-11-14 12:58:49.634 | [GameAnalyzerEnd] HELLION           total:  10 alive:   0 dead:  10 
2024-11-14 12:58:49.635 | [GameAnalyzerEnd] REFINERY          total:   6 alive:   6 dead:   0 
2024-11-14 12:58:49.637 | [GameAnalyzerEnd] STARPORT          total:   5 alive:   5 dead:   0 
2024-11-14 12:58:49.639 | [GameAnalyzerEnd] TECHLAB           total:   4 alive:   4 dead:   0 
2024-11-14 12:58:49.641 | [GameAnalyzerEnd] BANSHEE           total:   3 alive:   3 dead:   0 
2024-11-14 12:58:49.642 | [GameAnalyzerEnd] BARRACKS          total:   3 alive:   3 dead:   0 
2024-11-14 12:58:49.642 | [GameAnalyzerEnd] MULE              total:   3 alive:   3 dead:   0 
2024-11-14 12:58:49.643 | [GameAnalyzerEnd] SIEGETANK         total:   3 alive:   1 dead:   2 
2024-11-14 12:58:49.644 | [GameAnalyzerEnd] ORBITALCOMMAND    total:   3 alive:   3 dead:   0 
2024-11-14 12:58:49.645 | [GameAnalyzerEnd] ARMORY            total:   2 alive:   2 dead:   0 
2024-11-14 12:58:49.646 | [GameAnalyzerEnd] RAVEN             total:   2 alive:   2 dead:   0 
2024-11-14 12:58:49.646 | [GameAnalyzerEnd] FACTORY           total:   2 alive:   2 dead:   0 
2024-11-14 12:58:49.647 | [GameAnalyzerEnd] REACTOR           total:   2 alive:   2 dead:   0 
2024-11-14 12:58:49.648 | [GameAnalyzerEnd] COMMANDCENTER     total:   1 alive:   1 dead:   0 
2024-11-14 12:58:49.648 | [GameAnalyzerEnd] BUNKER            total:   1 alive:   1 dead:   0 
2024-11-14 12:58:49.649 | [GameAnalyzerEnd] Enemy units:
2024-11-14 12:58:49.649 | [GameAnalyzerEnd] DRONE             total:  62 alive:  61 dead:   1 
2024-11-14 12:58:49.650 | [GameAnalyzerEnd] ZERGLING          total:  34 alive:   2 dead:  32 
2024-11-14 12:58:49.650 | [GameAnalyzerEnd] ROACH             total:  18 alive:   2 dead:  16 
2024-11-14 12:58:49.651 | [GameAnalyzerEnd] OVERLORD          total:  12 alive:  12 dead:   0 
2024-11-14 12:58:49.652 | [GameAnalyzerEnd] HYDRALISK         total:   6 alive:   0 dead:   6 
2024-11-14 12:58:49.654 | [GameAnalyzerEnd] EXTRACTOR         total:   4 alive:   4 dead:   0 
2024-11-14 12:58:49.657 | [GameAnalyzerEnd] HATCHERY          total:   3 alive:   3 dead:   0 
2024-11-14 12:58:49.658 | [GameAnalyzerEnd] QUEEN             total:   2 alive:   2 dead:   0 
2024-11-14 12:58:49.659 | [GameAnalyzerEnd] EVOLUTIONCHAMBER  total:   2 alive:   2 dead:   0 
2024-11-14 12:58:49.659 | [GameAnalyzerEnd] INFESTOR          total:   2 alive:   0 dead:   2 
2024-11-14 12:58:49.660 | [GameAnalyzerEnd] SPAWNINGPOOL      total:   1 alive:   1 dead:   0 
2024-11-14 12:58:49.661 | [GameAnalyzerEnd] INFESTATIONPIT    total:   1 alive:   1 dead:   0 
2024-11-14 12:58:49.662 | [GameAnalyzerEnd] ROACHWARREN       total:   1 alive:   1 dead:   0 
2024-11-14 12:58:49.662 | [GameAnalyzerEnd] LAIR              total:   1 alive:   1 dead:   0 
2024-11-14 12:58:49.663 | [GameAnalyzerEnd] HYDRALISKDEN      total:   1 alive:   1 dead:   0 
2024-11-14 12:58:49.664 | [GameAnalyzerEnd] OVERSEER          total:   1 alive:   1 dead:   0 
2024-11-14 12:58:49.664 | [GameAnalyzerEnd] RAVAGER           total:   1 alive:   0 dead:   1 
2024-11-14 12:58:49.665 | [GameAnalyzerEnd] Minerals max 1130 Average 268
2024-11-14 12:58:49.666 | [GameAnalyzerEnd] Vespene max 400 Average 133
2024-11-14 12:58:49.667 | INFO     | sc2.main:_play_game:228 - Result for player 1 - Bot LadderBot(Terran): Defeat
2024-11-14 12:58:52.240 | INFO     | sc2.protocol:__request:48 - Cannot receive: Game has already ended.
2024-11-14 12:58:52.241 | INFO     | sc2.sc2process:_close_connection:231 - Closing connection at 60786...
2024-11-14 12:58:52.242 | INFO     | sc2.sc2process:kill_all:33 - kill_switch: Process cleanup for 1 processes
