2024-12-25 19:39:55.202 | INFO     | sc2.protocol:_execute:72 - Client status changed to Status.launched (was None)
2024-12-25 19:39:55.203 | INFO     | sc2.controller:create_game:37 - Creating new game
2024-12-25 19:39:55.204 | INFO     | sc2.controller:create_game:38 - Map:     HardLead513AIE
2024-12-25 19:39:55.205 | INFO     | sc2.controller:create_game:39 - Players: Bot LadderBot(Terran), Computer VeryHard(Zerg, RandomBuild)
2024-12-25 19:39:55.207 | INFO     | sc2.protocol:_execute:72 - Client status changed to Status.init_game (was Status.launched)
2024-12-25 19:40:10.557 | INFO     | sc2.protocol:_execute:72 - Client status changed to Status.in_game (was None)
2024-12-25 19:40:10.558 | INFO     | sc2.main:_play_game:221 - Player 1 - Bot LadderBot(Terran)
2024-12-25 19:40:11.404 | 00:00    0ms    0M    0G  12/ 15U [Version] 5.0.13.92440
2024-12-25 19:40:11.423 | 00:00    0ms    0M    0G  12/ 15U [Version] 5.0.6 Balance mod recognized.
2024-12-25 19:40:11.833 | 00:00    0ms    0M    0G  12/ 15U [ZoneManager] Map set to: MapName.Unknown from name: Hard Lead AIE and hash: 3179994.
2024-12-25 19:40:14.489 | [Start] My race: Terran
2024-12-25 19:40:14.490 | [Start] Opponent race: Zerg
2024-12-25 19:40:14.490 | [Start] OpponentId: None
2024-12-25 19:40:15.088 | 00:00   22ms    0M    0G  13/ 15U [GameAnalyzer] Income advantage is now SlightDisadvantage
2024-12-25 19:40:15.176 | 00:01   21ms    0M    0G  13/ 15U [GameAnalyzer] Income advantage is now Even
2024-12-25 19:40:17.645 | 00:09   18ms   85M    0G  13/ 15U [GameAnalyzer] Income advantage is now SlightDisadvantage
2024-12-25 19:40:17.728 | 00:09   16ms   90M    0G  13/ 15U [GameAnalyzer] Income advantage is now Even
2024-12-25 19:40:20.379 | 00:14   14ms    0M    0G  13/ 15U [ActUnit] SCV from COMMANDCENTER at (37.5, 129.5)
2024-12-25 19:40:24.237 | 00:27   20ms  110M    0G  14/ 15U [ActUnit] SCV from COMMANDCENTER at (37.5, 129.5)
2024-12-25 19:40:28.003 | 00:39   16ms  215M    0G  15/ 23U [ActUnit] SCV from COMMANDCENTER at (37.5, 129.5)
2024-12-25 19:40:31.739 | 00:51   18ms  345M    0G  16/ 23U [ActUnit] SCV from COMMANDCENTER at (37.5, 129.5)
2024-12-25 19:40:32.788 | 00:54   23ms  400M    0G  17/ 23U [Expand] Expanding to (65.5, 133.5)
2024-12-25 19:40:35.378 | 01:03   22ms  110M    0G  17/ 23U [GameAnalyzer] Income advantage is now SlightAdvantage
2024-12-25 19:40:35.592 | 01:03   22ms   75M    0G  17/ 23U [ActUnit] SCV from COMMANDCENTER at (37.5, 129.5)
2024-12-25 19:40:35.799 | 01:04   22ms   80M    0G  18/ 23U [GameAnalyzer] Income advantage is now SmallAdvantage
2024-12-25 19:40:35.967 | 01:04   23ms   85M    0G  18/ 23U [GameAnalyzer] Income advantage is now SlightAdvantage
2024-12-25 19:40:36.130 | 01:05   27ms   95M    0G  18/ 23U [GameAnalyzer] Income advantage is now SmallAdvantage
2024-12-25 19:40:36.353 | 01:05   22ms  100M    0G  18/ 23U [GameAnalyzer] Income advantage is now SlightAdvantage
2024-12-25 19:40:36.562 | 01:06   23ms  115M    0G  18/ 23U [GameAnalyzer] Income advantage is now SmallAdvantage
2024-12-25 19:40:36.776 | 01:07   23ms  120M    0G  18/ 23U [GameAnalyzer] Income advantage is now SlightAdvantage
2024-12-25 19:40:37.051 | 01:08   21ms  135M    0G  18/ 23U [GameAnalyzer] Income advantage is now SmallAdvantage
2024-12-25 19:40:37.126 | 01:08   23ms  140M    0G  18/ 23U [GameAnalyzer] Income advantage is now SlightAdvantage
2024-12-25 19:40:37.262 | 01:08   22ms  145M    0G  18/ 23U [GameAnalyzer] Income advantage is now SmallAdvantage
2024-12-25 19:40:37.405 | 01:09   24ms  145M    0G  18/ 23U [GameAnalyzer] Income advantage is now SlightAdvantage
2024-12-25 19:40:38.441 | 01:10   19ms   20M    0G  18/ 23U [GameAnalyzer] Income advantage is now SmallAdvantage
2024-12-25 19:40:38.525 | 01:10  779ms   20M    0G  18/ 23U [GameAnalyzer] Income advantage is now SlightAdvantage
2024-12-25 19:40:38.691 | 01:10   26ms   20M    0G  18/ 23U [GameAnalyzer] Income advantage is now Even
2024-12-25 19:40:40.089 | 01:14   30ms    0M    0G  18/ 23U [BuildGas] Building REFINERY to (41.5, 136.5)
2024-12-25 19:40:40.594 | 01:15   32ms   25M    0G  18/ 23U [GameAnalyzer] Income advantage is now SlightAdvantage
2024-12-25 19:40:40.859 | 01:16   32ms   30M    0G  18/ 23U [GameAnalyzer] Income advantage is now Even
2024-12-25 19:40:41.034 | 01:16   33ms    0M    0G  18/ 23U [ActUnit] SCV from COMMANDCENTER at (37.5, 129.5)
2024-12-25 19:40:41.123 | 01:17   33ms    0M    0G  19/ 23U [GameAnalyzer] Predicted army advantage is now SlightDisadvantage
2024-12-25 19:40:42.639 | 01:20   26ms   45M    0G  19/ 23U [GameAnalyzer] Income advantage is now SlightDisadvantage
2024-12-25 19:40:42.727 | 01:21   28ms   45M    0G  19/ 23U [GameAnalyzer] Income advantage is now Even
2024-12-25 19:40:42.973 | 01:21   29ms   55M    0G  19/ 23U [GameAnalyzer] Income advantage is now SlightDisadvantage
2024-12-25 19:40:43.052 | 01:21   31ms   65M    0G  19/ 23U [GameAnalyzer] Income advantage is now Even
2024-12-25 19:40:44.093 | 01:24   32ms   95M    0G  19/ 23U [GameAnalyzer] Income advantage is now SlightDisadvantage
2024-12-25 19:40:44.180 | 01:24   31ms  105M    0G  19/ 23U [GameAnalyzer] Income advantage is now Even
2024-12-25 19:40:44.422 | 01:25   28ms    5M    0G  19/ 23U [GameAnalyzer] Income advantage is now SlightDisadvantage
2024-12-25 19:40:44.510 | 01:25   28ms   15M    0G  19/ 23U [GameAnalyzer] Income advantage is now Even
2024-12-25 19:40:44.585 | 01:25   31ms   15M    0G  19/ 23U [GameAnalyzer] Income advantage is now SlightDisadvantage
2024-12-25 19:40:44.665 | 01:26   28ms   15M    0G  19/ 23U [GameAnalyzer] Income advantage is now Even
2024-12-25 19:40:44.832 | 01:26   34ms   25M    0G  19/ 23U [GameAnalyzer] Income advantage is now SlightDisadvantage
2024-12-25 19:40:44.918 | 01:26   29ms   35M    0G  19/ 23U [GameAnalyzer] Income advantage is now Even
2024-12-25 19:40:45.234 | 01:27   28ms   40M    0G  19/ 23U [GameAnalyzer] Income advantage is now SlightDisadvantage
2024-12-25 19:40:45.394 | 01:28   27ms   50M    0G  19/ 23U [GameAnalyzer] Income advantage is now Even
2024-12-25 19:40:45.483 | 01:28   28ms   50M    0G  19/ 23U [GameAnalyzer] Income advantage is now SlightDisadvantage
2024-12-25 19:40:45.634 | 01:28   26ms   65M    0G  19/ 23U [GameAnalyzer] Income advantage is now Even
2024-12-25 19:40:45.721 | 01:29   28ms   15M    0G  19/ 23U [ActUnit] SCV from COMMANDCENTER at (37.5, 129.5)
2024-12-25 19:40:45.965 | 01:29   29ms   15M    0G  20/ 23U [GameAnalyzer] Income advantage is now SlightDisadvantage
2024-12-25 19:40:46.040 | 01:29  103ms   20M    0G  20/ 23U [GameAnalyzer] Income advantage is now Even
2024-12-25 19:40:46.277 | 01:30   28ms   20M    0G  20/ 23U [GameAnalyzer] Income advantage is now SlightDisadvantage
2024-12-25 19:40:46.354 | 01:30   32ms   30M    0G  20/ 23U [GameAnalyzer] Income advantage is now Even
2024-12-25 19:40:46.672 | 01:31   29ms   45M    0G  20/ 23U [GameAnalyzer] Income advantage is now SlightDisadvantage
2024-12-25 19:40:46.757 | 01:31   29ms   50M    0G  20/ 23U [GameAnalyzer] Income advantage is now Even
2024-12-25 19:40:46.934 | 01:32   30ms   55M    0G  20/ 23U [GameAnalyzer] Income advantage is now SlightDisadvantage
2024-12-25 19:40:47.724 | 01:34   29ms   80M    0G  20/ 23U [GameAnalyzer] Income advantage is now Even
2024-12-25 19:40:47.812 | 01:34   29ms   80M    0G  20/ 23U [GameAnalyzer] Income advantage is now SlightDisadvantage
2024-12-25 19:40:48.498 | 01:36   30ms  115M    0G  20/ 23U [GameAnalyzer] Income advantage is now Even
2024-12-25 19:40:48.583 | 01:36   30ms  115M    0G  20/ 23U [GameAnalyzer] Income advantage is now SlightDisadvantage
2024-12-25 19:40:48.962 | 01:37   29ms  135M    0G  20/ 23U [GameAnalyzer] Income advantage is now Even
2024-12-25 19:40:49.120 | 01:37   30ms  140M    0G  20/ 23U [GameAnalyzer] Income advantage is now SlightDisadvantage
2024-12-25 19:40:49.351 | 01:38   29ms  145M    0G  20/ 23U [GameAnalyzer] Income advantage is now Even
2024-12-25 19:40:49.579 | 01:39   32ms  145M    0G  20/ 23U [GameAnalyzer] Income advantage is now SlightDisadvantage
2024-12-25 19:40:49.738 | 01:39   29ms  160M    0G  20/ 23U [GameAnalyzer] Income advantage is now Even
2024-12-25 19:40:49.816 | 01:40   32ms  160M    0G  20/ 23U [GameAnalyzer] Income advantage is now SlightDisadvantage
2024-12-25 19:40:50.275 | 01:41   29ms  175M    4G  20/ 23U [GameAnalyzer] Income advantage is now Even
2024-12-25 19:40:50.353 | 01:41   33ms  175M    4G  20/ 23U [GameAnalyzer] Income advantage is now SlightDisadvantage
2024-12-25 19:40:50.356 | 01:41   33ms  125M    4G  20/ 23U [ActUnit] SCV from COMMANDCENTER at (37.5, 129.5)
2024-12-25 19:40:50.446 | 01:41   32ms  125M    4G  21/ 23U [DodgeRampAttack] Supply is 21 -> attack!
2024-12-25 19:40:50.447 | 01:41   32ms  125M    4G  21/ 23U [DodgeRampAttack] Attack started at 0.00 power.
2024-12-25 19:40:50.524 | 01:41   33ms  130M    4G  21/ 23U [DodgeRampAttack] No attacking units, starting retreat
2024-12-25 19:40:50.594 | 01:42   32ms  145M    4G  21/ 23U [GameAnalyzer] Income advantage is now Even
2024-12-25 19:40:50.672 | 01:42   31ms  145M    4G  21/ 23U [GameAnalyzer] Income advantage is now SlightDisadvantage
2024-12-25 19:40:50.755 | 01:42   31ms  150M    4G  21/ 23U [GameAnalyzer] Income advantage is now Even
2024-12-25 19:40:50.848 | 01:42   35ms  150M    4G  21/ 23U [GameAnalyzer] Income advantage is now SlightDisadvantage
2024-12-25 19:40:50.940 | 01:42   37ms  150M    8G  21/ 23U [GameAnalyzer] Income advantage is now Even
2024-12-25 19:40:51.348 | 01:44   32ms  160M    8G  21/ 23U [GameAnalyzer] Income advantage is now SlightDisadvantage
2024-12-25 19:40:51.505 | 01:44   30ms  170M   12G  21/ 23U [GameAnalyzer] Income advantage is now Even
2024-12-25 19:40:51.738 | 01:45   29ms  175M   12G  21/ 23U [GameAnalyzer] Income advantage is now SlightDisadvantage
2024-12-25 19:40:51.811 | 01:45   33ms  175M   12G  21/ 23U [GameAnalyzer] Income advantage is now Even
2024-12-25 19:40:51.974 | 01:45   28ms  180M   16G  21/ 23U [GameAnalyzer] Income advantage is now SlightDisadvantage
2024-12-25 19:40:52.272 | 01:46   30ms  205M   16G  21/ 23U [GameAnalyzer] Income advantage is now Even
2024-12-25 19:40:52.426 | 01:46   29ms  210M   16G  21/ 23U [GameAnalyzer] Income advantage is now SlightDisadvantage
2024-12-25 19:40:52.581 | 01:47   31ms  210M   20G  21/ 23U [GameAnalyzer] Income advantage is now Even
2024-12-25 19:40:52.739 | 01:47   28ms  210M   20G  21/ 23U [GameAnalyzer] Income advantage is now SlightDisadvantage
2024-12-25 19:40:52.897 | 01:48   30ms  220M   20G  21/ 23U [GameAnalyzer] Income advantage is now Even
2024-12-25 19:40:53.083 | 01:48   43ms  230M   24G  21/ 23U [GameAnalyzer] Income advantage is now SlightDisadvantage
2024-12-25 19:40:53.157 | 01:48   32ms  240M   24G  21/ 23U [GameAnalyzer] Income advantage is now Even
2024-12-25 19:40:53.239 | 01:49   31ms  240M   24G  21/ 23U [GameAnalyzer] Income advantage is now SlightDisadvantage
2024-12-25 19:40:53.313 | 01:49   34ms  240M   24G  21/ 23U [GameAnalyzer] Income advantage is now Even
2024-12-25 19:40:53.700 | 01:50   29ms  245M   28G  21/ 23U [GameAnalyzer] Income advantage is now SlightDisadvantage
2024-12-25 19:40:53.922 | 01:50   29ms  265M   28G  21/ 23U [GameAnalyzer] Income advantage is now Even
2024-12-25 19:40:54.002 | 01:51  101ms  270M   28G  21/ 23U [GameAnalyzer] Income advantage is now SlightDisadvantage
2024-12-25 19:40:54.152 | 01:51   31ms  275M   28G  21/ 31U [GameAnalyzer] Income advantage is now Even
2024-12-25 19:40:54.542 | 01:52   32ms  275M   32G  21/ 31U [GameAnalyzer] Income advantage is now SlightDisadvantage
2024-12-25 19:40:54.695 | 01:53   31ms  295M   36G  21/ 31U [GameAnalyzer] Income advantage is now Even
2024-12-25 19:40:54.847 | 01:53   30ms  255M   36G  21/ 31U [ActUnit] SCV from COMMANDCENTER at (37.5, 129.5)
2024-12-25 19:40:55.334 | 01:54   31ms  255M   40G  22/ 31U [GameAnalyzer] Income advantage is now SlightDisadvantage
2024-12-25 19:40:55.417 | 01:55   34ms  260M   40G  22/ 31U [GameAnalyzer] Income advantage is now Even
2024-12-25 19:40:56.358 | 01:57   30ms  300M   48G  22/ 31U [GameAnalyzer] Income advantage is now SlightDisadvantage
2024-12-25 19:40:56.444 | 01:57   35ms  310M   48G  22/ 31U [GameAnalyzer] Income advantage is now Even
2024-12-25 19:40:56.605 | 01:58   32ms  120M   48G  22/ 31U [ActUnit] MARINE from BARRACKS at (38.5, 124.5)
2024-12-25 19:40:57.984 | 02:01   34ms  175M   56G  23/ 31U [DodgeRampAttack] Retreat stopped.
2024-12-25 19:40:58.062 | 02:02   37ms  175M   60G  23/ 31U [DodgeRampAttack] Supply is 23 -> attack!
2024-12-25 19:40:58.063 | 02:02   37ms  175M   60G  23/ 31U [DodgeRampAttack] Attack started at 0.00 power.
2024-12-25 19:40:58.141 | 02:02   35ms  180M   60G  23/ 31U [DodgeRampAttack] No attacking units, starting retreat
2024-12-25 19:41:00.596 | 02:08   38ms  275M   76G  23/ 31U [GameAnalyzer] Income advantage is now SlightDisadvantage
2024-12-25 19:41:00.685 | 02:09   37ms  285M   76G  23/ 31U [GameAnalyzer] Income advantage is now Even
2024-12-25 19:41:02.074 | 02:12   38ms  320M   84G  23/ 31U [GameAnalyzer] Income advantage is now SlightDisadvantage
2024-12-25 19:41:02.243 | 02:12   41ms  345M   88G  23/ 31U [GameAnalyzer] Income advantage is now Even
2024-12-25 19:41:03.633 | 02:16   38ms  240M   96G  23/ 46U [GameAnalyzer] Known army advantage is now SlightAdvantage
2024-12-25 19:41:03.638 | 02:16   38ms  190M   96G  23/ 46U [ActUnit] MARINE from BARRACKS at (38.5, 124.5)
2024-12-25 19:41:04.668 | 02:18   37ms   85M    4G  24/ 46U [GameAnalyzer] Known army advantage is now Even
2024-12-25 19:41:05.880 | 02:21   47ms  120M    8G  24/ 46U [GameAnalyzer] Income advantage is now SlightDisadvantage
2024-12-25 19:41:06.095 | 02:21   43ms  135M   12G  24/ 46U [GameAnalyzer] Income advantage is now Even
2024-12-25 19:41:06.415 | 02:22   42ms  145M   12G  24/ 46U [GameAnalyzer] Income advantage is now SlightDisadvantage
2024-12-25 19:41:06.531 | 02:22   42ms  150M   12G  24/ 46U [DodgeRampAttack] Retreat stopped.
2024-12-25 19:41:06.630 | 02:22   41ms  160M   12G  24/ 46U [GameAnalyzer] Income advantage is now Even
2024-12-25 19:41:06.644 | 02:22   41ms  160M   12G  24/ 46U [DodgeRampAttack] Supply is 24 -> attack!
2024-12-25 19:41:06.645 | 02:22   41ms  160M   12G  24/ 46U [DodgeRampAttack] Attack started at 1.00 power.
2024-12-25 19:41:06.849 | 02:23   43ms  160M   16G  24/ 46U [GameAnalyzer] Income advantage is now SlightDisadvantage
2024-12-25 19:41:07.139 | 02:23   42ms  170M   16G  24/ 46U [GameAnalyzer] Income advantage is now Even
2024-12-25 19:41:07.432 | 02:24   40ms  185M   20G  24/ 46U [GameAnalyzer] Income advantage is now SlightDisadvantage
2024-12-25 19:41:07.536 | 02:24   43ms  185M   20G  24/ 46U [BuildDetector] Enemy early build recognized as EarlyRoachZerg
2024-12-25 19:41:07.538 | 02:24   43ms  185M   20G  24/ 46U [ChatManager] Tag:BotVSEarlyRoachZerg
2024-12-25 19:41:07.540 | 02:24   43ms  185M   20G  24/ 46U [BuildDetector] Enemy early build recognized as EarlyRoachZerg
2024-12-25 19:41:07.637 | 02:24   50ms  195M   20G  23/ 46U [GameAnalyzer] Income advantage is now Even
2024-12-25 19:41:07.922 | 02:25   45ms  200M   20G  23/ 46U [GameAnalyzer] Income advantage is now SlightDisadvantage
2024-12-25 19:41:08.190 | 02:25  113ms  215M   24G  23/ 46U [GameAnalyzer] Income advantage is now Even
2024-12-25 19:41:08.461 | 02:26   39ms  225M   24G  23/ 46U [GameAnalyzer] Income advantage is now SlightDisadvantage
2024-12-25 19:41:08.641 | 02:27   38ms  235M   24G  23/ 46U [GameAnalyzer] Income advantage is now Even
2024-12-25 19:41:08.738 | 02:27   43ms  235M   28G  23/ 46U [GameAnalyzer] Income advantage is now SlightDisadvantage
2024-12-25 19:41:08.830 | 02:27   45ms  245M   28G  23/ 46U [GameAnalyzer] Income advantage is now Even
2024-12-25 19:41:08.928 | 02:27   43ms  245M   28G  23/ 46U [GameAnalyzer] Income advantage is now SlightDisadvantage
2024-12-25 19:41:09.236 | 02:28   41ms  270M   28G  23/ 46U [GameAnalyzer] Income advantage is now Even
2024-12-25 19:41:09.435 | 02:28   41ms  270M   32G  23/ 46U [GameAnalyzer] Predicted army advantage is now ClearDisadvantage
2024-12-25 19:41:09.531 | 02:29   43ms  270M   32G  23/ 46U [GameAnalyzer] Income advantage is now SlightDisadvantage
2024-12-25 19:41:09.633 | 02:29   41ms  270M   32G  23/ 46U [GameAnalyzer] Income advantage is now Even
2024-12-25 19:41:09.929 | 02:30   41ms  285M   32G  23/ 46U [GameAnalyzer] Income advantage is now SlightDisadvantage
2024-12-25 19:41:10.113 | 02:30   39ms  300M   36G  23/ 46U [GameAnalyzer] Income advantage is now Even
2024-12-25 19:41:10.382 | 02:30  126ms  255M   36G  23/ 46U [ActUnit] SCV from COMMANDCENTER at (37.5, 129.5)
2024-12-25 19:41:10.500 | 02:31   38ms  255M   36G  24/ 46U [GameAnalyzer] Income advantage is now SlightDisadvantage
2024-12-25 19:41:10.585 | 02:31   37ms  260M   36G  24/ 46U [GameAnalyzer] Income advantage is now Even
2024-12-25 19:41:10.837 | 02:32   36ms  270M   40G  24/ 46U [GameAnalyzer] Income advantage is now SlightDisadvantage
2024-12-25 19:41:11.088 | 02:32   38ms  295M   40G  24/ 46U [GameAnalyzer] Income advantage is now Even
2024-12-25 19:41:11.345 | 02:33   35ms  300M   44G  24/ 46U [GameAnalyzer] Income advantage is now SlightDisadvantage
2024-12-25 19:41:11.429 | 02:33   41ms  305M   44G  24/ 46U [GameAnalyzer] Income advantage is now Even
2024-12-25 19:41:11.599 | 02:34   36ms  310M   44G  24/ 46U [GameAnalyzer] Known army advantage is now SlightAdvantage
2024-12-25 19:41:11.603 | 02:34   36ms  260M   44G  24/ 46U [ActUnit] MARINE from BARRACKS at (38.5, 124.5)
2024-12-25 19:41:11.609 | 02:34   36ms  185M   44G  24/ 46U [BuildGas] Building REFINERY to (30.5, 126.5)
2024-12-25 19:41:11.703 | 02:34   49ms  185M   44G  25/ 46U [GameAnalyzer] Income advantage is now SlightDisadvantage
2024-12-25 19:41:12.050 | 02:35   38ms  210M   48G  25/ 46U [GameAnalyzer] Income advantage is now Even
2024-12-25 19:41:12.144 | 02:35   41ms  215M   48G  25/ 46U [GameAnalyzer] Income advantage is now SlightDisadvantage
2024-12-25 19:41:12.560 | 02:36   40ms  225M   52G  25/ 46U [GameAnalyzer] Income advantage is now Even
2024-12-25 19:41:12.650 | 02:36   39ms  225M   52G  25/ 46U [GameAnalyzer] Income advantage is now SlightDisadvantage
2024-12-25 19:41:12.989 | 02:37   37ms  250M   52G  25/ 46U [GameAnalyzer] Income advantage is now Even
2024-12-25 19:41:13.248 | 02:38   38ms  250M   56G  25/ 46U [GameAnalyzer] Income advantage is now SlightDisadvantage
2024-12-25 19:41:13.422 | 02:38   37ms  260M   56G  25/ 46U [GameAnalyzer] Income advantage is now Even
2024-12-25 19:41:13.510 | 02:38   40ms  260M   56G  25/ 46U [GameAnalyzer] Income advantage is now SlightDisadvantage
2024-12-25 19:41:13.860 | 02:39   39ms  230M   60G  25/ 46U [ActUnit] SCV from COMMANDCENTER at (65.5, 133.5)
2024-12-25 19:41:14.367 | 02:40   37ms  275M   64G  26/ 46U [GameAnalyzer] Income advantage is now Even
2024-12-25 19:41:14.454 | 02:40   41ms  275M   64G  26/ 46U [GameAnalyzer] Income advantage is now SlightDisadvantage
2024-12-25 19:41:14.711 | 02:41   40ms  290M   64G  26/ 46U [GameAnalyzer] Income advantage is now Even
2024-12-25 19:41:15.217 | 02:42   42ms  310M   68G  26/ 46U [GameAnalyzer] Income advantage is now SlightDisadvantage
2024-12-25 19:41:15.313 | 02:43   40ms  265M   68G  26/ 46U [ActUnit] SCV from COMMANDCENTER at (37.5, 129.5)
2024-12-25 19:41:15.488 | 02:43   40ms  280M   72G  27/ 46U [GameAnalyzer] Income advantage is now Even
2024-12-25 19:41:15.674 | 02:44   39ms  280M   72G  27/ 46U [GameAnalyzer] Income advantage is now SlightDisadvantage
2024-12-25 19:41:15.848 | 02:44   39ms  295M   72G  27/ 46U [GameAnalyzer] Income advantage is now Even
2024-12-25 19:41:15.943 | 02:44   40ms  295M   72G  27/ 46U [GameAnalyzer] Income advantage is now SlightDisadvantage
2024-12-25 19:41:16.027 | 02:44   44ms  305M   76G  27/ 46U [GameAnalyzer] Income advantage is now Even
2024-12-25 19:41:16.440 | 02:45   40ms  310M   76G  27/ 46U [GameAnalyzer] Income advantage is now SlightDisadvantage
2024-12-25 19:41:16.531 | 02:46   42ms  315M   76G  27/ 46U [GameAnalyzer] Income advantage is now Even
2024-12-25 19:41:16.889 | 02:46   45ms  350M   80G  27/ 46U [GameAnalyzer] Income advantage is now SlightDisadvantage
2024-12-25 19:41:16.977 | 02:47   42ms  360M   80G  27/ 46U [GameAnalyzer] Income advantage is now Even
2024-12-25 19:41:17.245 | 02:47   37ms  370M   80G  27/ 46U [GameAnalyzer] Income advantage is now SlightDisadvantage
2024-12-25 19:41:17.507 | 02:48   38ms  410M   84G  27/ 46U [GameAnalyzer] Income advantage is now Even
2024-12-25 19:41:17.765 | 02:49   38ms  415M   84G  27/ 46U [GameAnalyzer] Income advantage is now SlightDisadvantage
2024-12-25 19:41:17.944 | 02:49   40ms  420M   88G  27/ 46U [GameAnalyzer] Predicted army advantage is now OverwhelmingDisadvantage
2024-12-25 19:41:18.136 | 02:49   42ms  440M   88G  27/ 46U [GameAnalyzer] Income advantage is now Even
2024-12-25 19:41:18.227 | 02:50   41ms  445M   88G  27/ 46U [GameAnalyzer] Income advantage is now SlightDisadvantage
2024-12-25 19:41:18.399 | 02:50   37ms  450M   88G  27/ 46U [GameAnalyzer] Income advantage is now Even
2024-12-25 19:41:18.828 | 02:51   39ms  455M   92G  27/ 46U [GameAnalyzer] Income advantage is now SlightDisadvantage
2024-12-25 19:41:18.932 | 02:51   40ms  410M   92G  27/ 46U [ActUnit] SCV from COMMANDCENTER at (65.5, 133.5)
2024-12-25 19:41:18.933 | 02:51   40ms  360M   92G  27/ 46U [ActUnit] MARINE from BARRACKS at (38.5, 124.5)
2024-12-25 19:41:19.054 | 02:52   51ms  380M   92G  29/ 46U [GameAnalyzer] Income advantage is now Even
2024-12-25 19:41:19.455 | 02:52   51ms  390M   96G  29/ 46U [GameAnalyzer] Income advantage is now SlightDisadvantage
2024-12-25 19:41:19.547 | 02:53   44ms  395M   96G  29/ 46U [GameAnalyzer] Income advantage is now Even
2024-12-25 19:41:19.900 | 02:53  111ms  405M  100G  29/ 46U [GameAnalyzer] Income advantage is now SlightDisadvantage
2024-12-25 19:41:20.093 | 02:54   43ms  450M  100G  29/ 46U [GameAnalyzer] Income advantage is now Even
2024-12-25 19:41:20.188 | 02:54   44ms  450M  100G  29/ 46U [GameAnalyzer] Income advantage is now SlightDisadvantage
2024-12-25 19:41:20.280 | 02:54   43ms  460M  100G  29/ 46U [GameAnalyzer] Income advantage is now Even
2024-12-25 19:41:20.561 | 02:55   41ms  435M  104G  29/ 46U [ActUnit] SCV from COMMANDCENTER at (37.5, 129.5)
2024-12-25 19:41:21.110 | 02:56   50ms  450M  104G  30/ 46U [GameAnalyzer] Income advantage is now SlightDisadvantage
2024-12-25 19:41:21.306 | 02:57   44ms  475M  108G  30/ 46U [GameAnalyzer] Income advantage is now Even
2024-12-25 19:41:23.883 | 03:02   50ms  520M  128G  30/ 46U [TerranUnit] HELLION from FACTORY at (45.5, 128.5)
2024-12-25 19:41:23.889 | 03:02   50ms  520M  128G  30/ 46U [BuildAddon] UnitTypeId.FACTORYREACTOR to (48.0, 128.0)
2024-12-25 19:41:24.013 | 03:02   55ms  520M  128G  32/ 46U [GameAnalyzer] Income advantage is now SlightDisadvantage
2024-12-25 19:41:24.230 | 03:03   48ms  530M  136G  32/ 46U [GameAnalyzer] Income advantage is now Even
2024-12-25 19:41:24.789 | 03:04   47ms  495M  140G  32/ 46U [ActUnit] SCV from COMMANDCENTER at (65.5, 133.5)
2024-12-25 19:41:26.583 | 03:07   48ms  520M  156G  33/ 46U [ActUnit] SCV from COMMANDCENTER at (37.5, 129.5)
2024-12-25 19:41:31.172 | 03:16   49ms  715M  204G  34/ 46U [ActUnit] SCV from COMMANDCENTER at (65.5, 133.5)
2024-12-25 19:41:33.113 | 03:20   45ms  760M  224G  35/ 46U [ActUnit] SCV from COMMANDCENTER at (37.5, 129.5)
2024-12-25 19:41:34.958 | 03:23   48ms  885M  244G  36/ 46U [GameAnalyzer] Known army advantage is now SmallAdvantage
2024-12-25 19:41:34.961 | 03:23   48ms  785M  244G  36/ 46U [TerranUnit] HELLION from FACTORY at (45.5, 128.5)
2024-12-25 19:41:34.967 | 03:23   48ms  785M  244G  36/ 46U [BuildAddon] UnitTypeId.FACTORYREACTOR to (48.0, 128.0)
2024-12-25 19:41:37.499 | 03:28   47ms  865M  272G  38/ 46U [ActUnit] SCV from COMMANDCENTER at (65.5, 133.5)
2024-12-25 19:41:39.610 | 03:32   47ms  945M  292G  39/ 46U [ActUnit] SCV from COMMANDCENTER at (37.5, 129.5)
2024-12-25 19:41:39.907 | 03:32  127ms  855M  292G  40/ 46U [GameAnalyzer] Income advantage is now SlightAdvantage
2024-12-25 19:41:40.026 | 03:32   50ms  755M  296G  40/ 46U [GameAnalyzer] Income advantage is now Even
2024-12-25 19:41:44.692 | 03:40   48ms  930M  340G  40/ 46U [ActUnit] SCV from COMMANDCENTER at (65.5, 133.5)
2024-12-25 19:41:44.830 | 03:41   51ms  895M  340G  40/ 46U [ActUnit] MARINE from BARRACKS at (38.5, 124.5)
2024-12-25 19:41:45.412 | 03:42   52ms  900M  344G  41/ 46U [GameAnalyzer] Known army advantage is now SlightAdvantage
2024-12-25 19:41:46.302 | 03:43   48ms  975M  356G  41/ 46U [GameAnalyzer] Income advantage is now SlightAdvantage
2024-12-25 19:41:46.424 | 03:44   48ms  975M  356G  41/ 46U [GameAnalyzer] Income advantage is now Even
2024-12-25 19:41:46.640 | 03:44   48ms 1005M  356G  41/ 46U [GameAnalyzer] Income advantage is now SlightAdvantage
2024-12-25 19:41:46.642 | 03:44   48ms  955M  356G  41/ 46U [ActUnit] SCV from COMMANDCENTER at (37.5, 129.5)
2024-12-25 19:41:46.830 | 03:44   48ms  955M  360G  42/ 46U [GameAnalyzer] Income advantage is now Even
2024-12-25 19:41:47.055 | 03:45   48ms  960M  360G  42/ 46U [GameAnalyzer] Known army advantage is now SmallAdvantage
2024-12-25 19:41:47.058 | 03:45   48ms  860M  360G  42/ 46U [TerranUnit] HELLION from FACTORY at (45.5, 128.5)
2024-12-25 19:41:47.063 | 03:45   48ms  860M  360G  42/ 46U [BuildAddon] UnitTypeId.FACTORYREACTOR to (48.0, 128.0)
2024-12-25 19:41:47.415 | 03:45   49ms  895M  364G  44/ 46U [GameAnalyzer] Income advantage is now SlightAdvantage
2024-12-25 19:41:47.533 | 03:46   55ms  900M  368G  44/ 46U [GameAnalyzer] Income advantage is now Even
2024-12-25 19:41:49.683 | 03:50   51ms 1010M  388G  44/ 46U [GameAnalyzer] Income advantage is now SlightAdvantage
2024-12-25 19:41:49.879 | 03:50   53ms 1015M  388G  44/ 46U [GameAnalyzer] Income advantage is now Even
2024-12-25 19:41:50.847 | 03:52   50ms 1080M  400G  44/ 46U [GameAnalyzer] Income advantage is now SlightAdvantage
2024-12-25 19:41:50.979 | 03:52   52ms 1085M  400G  44/ 46U [GameAnalyzer] Income advantage is now Even
2024-12-25 19:41:51.522 | 03:53   49ms 1060M  404G  42/ 46U [ActUnit] SCV from COMMANDCENTER at (65.5, 133.5)
2024-12-25 19:41:51.641 | 03:53  123ms 1070M  404G  43/ 46U [GameAnalyzer] Income advantage is now SlightAdvantage
2024-12-25 19:41:51.771 | 03:53   53ms 1070M  408G  43/ 46U [GameAnalyzer] Income advantage is now Even
2024-12-25 19:41:52.329 | 03:54   48ms 1095M  412G  43/ 46U [GameAnalyzer] Known army advantage is now SlightAdvantage
2024-12-25 19:41:53.087 | 03:56   49ms 1130M  420G  43/ 46U [GameAnalyzer] Known army advantage is now SlightDisadvantage
2024-12-25 19:41:53.324 | 03:56   52ms 1165M  424G  43/ 46U [GameAnalyzer] Income advantage is now SlightAdvantage
2024-12-25 19:41:53.446 | 03:56   51ms 1175M  424G  43/ 46U [GameAnalyzer] Income advantage is now Even
2024-12-25 19:41:53.448 | 03:56   51ms 1125M  424G  43/ 46U [ActUnit] SCV from COMMANDCENTER at (37.5, 129.5)
2024-12-25 19:41:53.688 | 03:57   52ms 1130M  428G  44/ 46U [GameAnalyzer] Income advantage is now SlightAdvantage
2024-12-25 19:41:53.803 | 03:57   51ms 1130M  428G  44/ 46U [GameAnalyzer] Income advantage is now Even
2024-12-25 19:41:54.138 | 03:58   47ms 1160M  432G  44/ 54U [GameAnalyzer] Income advantage is now SlightAdvantage
2024-12-25 19:41:54.255 | 03:58   51ms 1160M  432G  43/ 54U [GameAnalyzer] Known army advantage is now SmallDisadvantage
2024-12-25 19:41:54.671 | 03:59   49ms 1195M  436G  43/ 54U [GameAnalyzer] Known army advantage is now SlightDisadvantage
2024-12-25 19:41:54.674 | 03:59   49ms 1145M  436G  43/ 54U [ActUnit] MARINE from BARRACKS at (38.5, 124.5)
2024-12-25 19:41:55.149 | 03:59   53ms 1165M  440G  44/ 54U [GameAnalyzer] Income advantage is now Even
2024-12-25 19:41:55.383 | 04:00   54ms 1185M  444G  44/ 54U [GameAnalyzer] Income advantage is now SlightAdvantage
2024-12-25 19:41:55.855 | 04:01   50ms 1210M  448G  44/ 62U [GameAnalyzer] Known army advantage is now SmallDisadvantage
2024-12-25 19:41:55.980 | 04:01   52ms 1210M  448G  44/ 62U [GameAnalyzer] Income advantage is now Even
2024-12-25 19:41:56.305 | 04:01  133ms 1225M  452G  44/ 62U [GameAnalyzer] Income advantage is now SlightAdvantage
2024-12-25 19:41:56.765 | 04:02   49ms 1245M  456G  44/ 62U [GameAnalyzer] Income advantage is now Even
2024-12-25 19:41:56.887 | 04:03   54ms 1255M  460G  44/ 62U [GameAnalyzer] Income advantage is now SlightAdvantage
2024-12-25 19:41:57.915 | 04:04  128ms 1315M  468G  44/ 62U [GameAnalyzer] Income advantage is now Even
2024-12-25 19:41:58.040 | 04:05   52ms 1330M  468G  44/ 62U [GameAnalyzer] Income advantage is now SlightAdvantage
2024-12-25 19:41:58.285 | 04:05   50ms 1295M  472G  44/ 62U [ActUnit] SCV from COMMANDCENTER at (65.5, 133.5)
2024-12-25 19:41:58.970 | 04:06   57ms 1340M  476G  45/ 62U [GameAnalyzer] Known army advantage is now SlightDisadvantage
2024-12-25 19:41:58.973 | 04:06   57ms 1240M  476G  45/ 62U [TerranUnit] HELLION from FACTORY at (45.5, 128.5)
2024-12-25 19:41:58.979 | 04:06   57ms 1240M  476G  45/ 62U [BuildAddon] UnitTypeId.FACTORYREACTOR to (48.0, 128.0)
2024-12-25 19:41:59.149 | 04:06   71ms 1245M  480G  47/ 62U [GameAnalyzer] Income advantage is now Even
2024-12-25 19:41:59.293 | 04:07   78ms 1245M  480G  47/ 62U [GameAnalyzer] Income advantage is now SlightAdvantage
2024-12-25 19:42:00.700 | 04:09   54ms 1295M  492G  47/ 62U [GameAnalyzer] Income advantage is now Even
2024-12-25 19:42:00.703 | 04:09   54ms 1245M  492G  47/ 62U [ActUnit] SCV from COMMANDCENTER at (37.5, 129.5)
2024-12-25 19:42:00.825 | 04:09   57ms 1260M  492G  48/ 62U [GameAnalyzer] Income advantage is now SlightAdvantage
2024-12-25 19:42:01.895 | 04:10   77ms 1345M  500G  48/ 62U [GameAnalyzer] Income advantage is now SmallAdvantage
2024-12-25 19:42:02.062 | 04:11   62ms 1345M  500G  48/ 62U [GameAnalyzer] Income advantage is now SlightAdvantage
2024-12-25 19:42:02.343 | 04:11   62ms 1350M  504G  48/ 62U [GameAnalyzer] Income advantage is now SmallAdvantage
2024-12-25 19:42:02.486 | 04:11   64ms 1360M  504G  48/ 62U [GameAnalyzer] Income advantage is now SlightAdvantage
2024-12-25 19:42:03.178 | 04:12   58ms 1390M  512G  48/ 62U [GameAnalyzer] Income advantage is now SmallAdvantage
2024-12-25 19:42:03.320 | 04:13  127ms 1400M  512G  48/ 62U [GameAnalyzer] Income advantage is now SlightAdvantage
2024-12-25 19:42:03.958 | 04:14   61ms 1450M  520G  48/ 62U [GameAnalyzer] Income advantage is now Even
2024-12-25 19:42:04.109 | 04:14   57ms 1465M  520G  48/ 62U [GameAnalyzer] Income advantage is now SlightAdvantage
2024-12-25 19:42:04.551 | 04:15   56ms 1495M  524G  48/ 62U [GameAnalyzer] Income advantage is now SmallAdvantage
2024-12-25 19:42:04.683 | 04:15   54ms 1500M  524G  48/ 62U [GameAnalyzer] Income advantage is now Even
2024-12-25 19:42:04.872 | 04:15   52ms 1500M  524G  48/ 62U [GameAnalyzer] Income advantage is now SlightAdvantage
2024-12-25 19:42:05.731 | 04:17   56ms 1565M  536G  48/ 62U [GameAnalyzer] Income advantage is now SmallAdvantage
2024-12-25 19:42:05.854 | 04:17   58ms 1570M  536G  48/ 62U [GameAnalyzer] Income advantage is now SlightAdvantage
2024-12-25 19:42:06.109 | 04:17   56ms 1540M  540G  48/ 62U [ActUnit] SCV from COMMANDCENTER at (65.5, 133.5)
2024-12-25 19:42:06.558 | 04:18  133ms 1565M  540G  49/ 62U [GameAnalyzer] Income advantage is now SmallAdvantage
2024-12-25 19:42:06.760 | 04:18   65ms 1565M  544G  49/ 62U [GameAnalyzer] Income advantage is now SlightAdvantage
2024-12-25 19:42:06.906 | 04:18   61ms 1570M  544G  49/ 62U [GameAnalyzer] Income advantage is now Even
2024-12-25 19:42:07.066 | 04:19   63ms 1580M  544G  49/ 62U [GameAnalyzer] Income advantage is now SlightAdvantage
2024-12-25 19:42:07.207 | 04:19   77ms 1595M  548G  49/ 62U [GameAnalyzer] Income advantage is now SmallAdvantage
2024-12-25 19:42:07.344 | 04:19   67ms 1595M  548G  49/ 62U [GameAnalyzer] Income advantage is now Even
2024-12-25 19:42:07.474 | 04:19   56ms 1610M  548G  49/ 62U [GameAnalyzer] Income advantage is now SlightAdvantage
2024-12-25 19:42:08.042 | 04:20   67ms 1640M  556G  49/ 62U [GameAnalyzer] Income advantage is now SmallAdvantage
2024-12-25 19:42:08.327 | 04:20   65ms 1665M  556G  49/ 62U [GameAnalyzer] Income advantage is now SlightAdvantage
2024-12-25 19:42:08.458 | 04:21   67ms 1670M  556G  49/ 62U [GameAnalyzer] Income advantage is now SmallAdvantage
2024-12-25 19:42:08.596 | 04:21   59ms 1625M  556G  49/ 62U [ActUnit] SCV from COMMANDCENTER at (37.5, 129.5)
2024-12-25 19:42:08.957 | 04:21   82ms 1625M  560G  50/ 62U [GameAnalyzer] Income advantage is now SlightAdvantage
2024-12-25 19:42:09.686 | 04:22   54ms 1705M  564G  50/ 62U [GameAnalyzer] Income advantage is now SmallAdvantage
2024-12-25 19:42:09.823 | 04:23   57ms 1705M  568G  50/ 62U [GameAnalyzer] Income advantage is now SlightAdvantage
2024-12-25 19:42:10.097 | 04:23   55ms 1720M  568G  50/ 62U [GameAnalyzer] Income advantage is now SmallAdvantage
2024-12-25 19:42:10.307 | 04:23   67ms 1720M  572G  50/ 62U [GameAnalyzer] Income advantage is now SlightAdvantage
2024-12-25 19:42:10.440 | 04:24  130ms 1725M  572G  50/ 62U [GameAnalyzer] Income advantage is now Even
2024-12-25 19:42:10.566 | 04:24   56ms 1745M  572G  50/ 62U [GameAnalyzer] Income advantage is now SlightAdvantage
2024-12-25 19:42:10.804 | 04:24   54ms 1760M  576G  50/ 62U [GameAnalyzer] Income advantage is now SmallAdvantage
2024-12-25 19:42:11.052 | 04:25   54ms 1770M  580G  50/ 62U [GameAnalyzer] Income advantage is now SlightAdvantage
2024-12-25 19:42:11.298 | 04:25   54ms 1780M  580G  50/ 62U [GameAnalyzer] Income advantage is now SmallAdvantage
2024-12-25 19:42:11.881 | 04:26  130ms 1805M  584G  50/ 62U [GameAnalyzer] Income advantage is now SlightAdvantage
2024-12-25 19:42:12.157 | 04:26   62ms 1820M  588G  50/ 62U [GameAnalyzer] Income advantage is now SmallAdvantage
2024-12-25 19:42:12.573 | 04:27   59ms 1830M  592G  50/ 62U [GameAnalyzer] Income advantage is now SlightAdvantage
2024-12-25 19:42:12.950 | 04:28   55ms 1885M  596G  50/ 62U [GameAnalyzer] Income advantage is now SmallAdvantage
2024-12-25 19:42:12.951 | 04:28   55ms 1885M  596G  50/ 62U [GameAnalyzer] Known army advantage is now Even
2024-12-25 19:42:12.955 | 04:28   55ms 1785M  596G  50/ 62U [TerranUnit] HELLION from FACTORY at (45.5, 128.5)
2024-12-25 19:42:12.960 | 04:28   55ms 1785M  596G  50/ 62U [BuildAddon] UnitTypeId.FACTORYREACTOR to (48.0, 128.0)
2024-12-25 19:42:13.236 | 04:28   56ms 1800M  596G  52/ 62U [GameAnalyzer] Income advantage is now SlightAdvantage
2024-12-25 19:42:13.370 | 04:28   62ms 1805M  596G  52/ 62U [GameAnalyzer] Income advantage is now Even
2024-12-25 19:42:13.371 | 04:28   62ms 1805M  596G  52/ 62U [GameAnalyzer] Known army advantage is now SlightDisadvantage
2024-12-25 19:42:13.507 | 04:28   62ms 1810M  600G  52/ 62U [GameAnalyzer] Income advantage is now SlightAdvantage
2024-12-25 19:42:13.713 | 04:29   59ms 1830M  600G  52/ 62U [GameAnalyzer] Income advantage is now SmallAdvantage
2024-12-25 19:42:13.845 | 04:29   61ms 1830M  600G  52/ 62U [GameAnalyzer] Income advantage is now SlightAdvantage
2024-12-25 19:42:14.063 | INFO     | sc2.protocol:_execute:72 - Client status changed to Status.ended (was Status.in_game)
2024-12-25 19:42:14.065 | Result: Defeat
2024-12-25 19:42:14.066 | Duration: 04:29
2024-12-25 19:42:14.066 | Step time min: 14
2024-12-25 19:42:14.067 | Step time avg: 40
2024-12-25 19:42:14.068 | Step time max: 779
2024-12-25 19:42:14.069 | [LostUnitsContents] My lost units minerals and gas: (250, 0)
2024-12-25 19:42:14.070 | [LostUnitsContents] My lost units minerals by score: 250.0
2024-12-25 19:42:14.071 | [LostUnitsContents] Enemy lost units minerals and gas: (125, 0)
2024-12-25 19:42:14.072 | [LostUnitsContents] Enemy lost units minerals by score: 125.0
2024-12-25 19:42:14.073 | [GameAnalyzerEnd] Own units:
2024-12-25 19:42:14.074 | [GameAnalyzerEnd] SCV               total:  38 alive:  37 dead:   1 
2024-12-25 19:42:14.074 | [GameAnalyzerEnd] MARINE            total:   6 alive:   4 dead:   2 
2024-12-25 19:42:14.076 | [GameAnalyzerEnd] SUPPLYDEPOT       total:   4 alive:   4 dead:   0 
2024-12-25 19:42:14.077 | [GameAnalyzerEnd] HELLION           total:   4 alive:   3 dead:   1 
2024-12-25 19:42:14.078 | [GameAnalyzerEnd] MULE              total:   2 alive:   2 dead:   0 
2024-12-25 19:42:14.078 | [GameAnalyzerEnd] REFINERY          total:   2 alive:   2 dead:   0 
2024-12-25 19:42:14.079 | [GameAnalyzerEnd] ORBITALCOMMAND    total:   2 alive:   2 dead:   0 
2024-12-25 19:42:14.080 | [GameAnalyzerEnd] BARRACKS          total:   1 alive:   1 dead:   0 
2024-12-25 19:42:14.081 | [GameAnalyzerEnd] FACTORY           total:   1 alive:   1 dead:   0 
2024-12-25 19:42:14.081 | [GameAnalyzerEnd] Enemy units:
2024-12-25 19:42:14.082 | [GameAnalyzerEnd] DRONE             total:  22 alive:  22 dead:   0 
2024-12-25 19:42:14.083 | [GameAnalyzerEnd] ZERGLING          total:  12 alive:   7 dead:   5 
2024-12-25 19:42:14.084 | [GameAnalyzerEnd] OVERLORD          total:   4 alive:   4 dead:   0 
2024-12-25 19:42:14.085 | [GameAnalyzerEnd] ROACH             total:   4 alive:   4 dead:   0 
2024-12-25 19:42:14.086 | [GameAnalyzerEnd] HATCHERY          total:   2 alive:   2 dead:   0 
2024-12-25 19:42:14.087 | [GameAnalyzerEnd] SPAWNINGPOOL      total:   1 alive:   1 dead:   0 
2024-12-25 19:42:14.088 | [GameAnalyzerEnd] EXTRACTOR         total:   1 alive:   1 dead:   0 
2024-12-25 19:42:14.089 | [GameAnalyzerEnd] ROACHWARREN       total:   1 alive:   1 dead:   0 
2024-12-25 19:42:14.090 | [GameAnalyzerEnd] Minerals max 1855 Average 475
2024-12-25 19:42:14.091 | [GameAnalyzerEnd] Vespene max 600 Average 134
2024-12-25 19:42:14.093 | INFO     | sc2.main:_play_game:228 - Result for player 1 - Bot LadderBot(Terran): Defeat
2024-12-25 19:42:16.097 | INFO     | sc2.protocol:__request:48 - Cannot receive: Game has already ended.
2024-12-25 19:42:16.098 | INFO     | sc2.sc2process:_close_connection:231 - Closing connection at 57191...
2024-12-25 19:42:16.099 | INFO     | sc2.sc2process:kill_all:33 - kill_switch: Process cleanup for 1 processes
