2024-11-22 14:05:40.226 | INFO     | sc2.protocol:_execute:72 - Client status changed to Status.launched (was None)
2024-11-22 14:05:40.227 | INFO     | sc2.controller:create_game:37 - Creating new game
2024-11-22 14:05:40.227 | INFO     | sc2.controller:create_game:38 - Map:     GoldenAura513AIE
2024-11-22 14:05:40.231 | INFO     | sc2.controller:create_game:39 - Players: Bot LadderBot(Terran), Computer VeryHard(Zerg, RandomBuild)
2024-11-22 14:05:40.235 | INFO     | sc2.protocol:_execute:72 - Client status changed to Status.init_game (was Status.launched)
2024-11-22 14:05:54.789 | INFO     | sc2.protocol:_execute:72 - Client status changed to Status.in_game (was None)
2024-11-22 14:05:54.790 | INFO     | sc2.main:_play_game:221 - Player 1 - Bot LadderBot(Terran)
2024-11-22 14:05:55.749 | 00:00    0ms    0M    0G  12/ 15U [Version] 5.0.13.92440
2024-11-22 14:05:55.750 | 00:00    0ms    0M    0G  12/ 15U [Version] 5.0.6 Balance mod recognized.
2024-11-22 14:05:55.942 | 00:00    0ms    0M    0G  12/ 15U [ZoneManager] Map set to: MapName.Unknown from name: Goldenaura AIE and hash: 3781140.
2024-11-22 14:05:57.823 | 00:00    0ms    0M    0G  12/ 15U [Build] Att at 70
2024-11-22 14:05:57.884 | [Start] My race: Terran
2024-11-22 14:05:57.885 | [Start] Opponent race: Zerg
2024-11-22 14:05:57.885 | [Start] OpponentId: None
2024-11-22 14:05:58.440 | 00:01   16ms    0M    0G  13/ 15U [GameAnalyzer] Income advantage is now SlightDisadvantage
2024-11-22 14:05:58.505 | 00:01   17ms    0M    0G  13/ 15U [GameAnalyzer] Income advantage is now Even
2024-11-22 14:06:00.681 | 00:09   18ms   75M    0G  13/ 15U [GameAnalyzer] Income advantage is now SlightDisadvantage
2024-11-22 14:06:00.742 | 00:09   17ms   75M    0G  13/ 15U [GameAnalyzer] Income advantage is now Even
2024-11-22 14:06:02.173 | 00:15   16ms    0M    0G  13/ 15U [ActUnit] SCV from COMMANDCENTER at (69.5, 168.5)
2024-11-22 14:06:05.593 | 00:27   19ms  105M    0G  14/ 15U [ActUnit] SCV from COMMANDCENTER at (69.5, 168.5)
2024-11-22 14:06:08.633 | 00:37   19ms   10M    0G  15/ 23U [BuildGas] Building REFINERY to (62.5, 165.5)
2024-11-22 14:06:09.505 | 00:40   21ms    0M    0G  15/ 23U [ActUnit] SCV from COMMANDCENTER at (69.5, 168.5)
2024-11-22 14:06:13.178 | 00:52   20ms  100M    0G  16/ 23U [ActUnit] SCV from COMMANDCENTER at (69.5, 168.5)
2024-11-22 14:06:17.027 | 01:04   20ms  200M    4G  17/ 23U [ActUnit] SCV from COMMANDCENTER at (69.5, 168.5)
2024-11-22 14:06:19.488 | 01:10  537ms  275M   20G  18/ 23U [GameAnalyzer] Income advantage is now SlightDisadvantage
2024-11-22 14:06:19.799 | 01:11   29ms  280M   24G  18/ 23U [GameAnalyzer] Income advantage is now SmallDisadvantage
2024-11-22 14:06:20.109 | 01:12   27ms  290M   28G  18/ 23U [ChatManager] Tag:E_overlord
2024-11-22 14:06:20.437 | 01:13   29ms  305M   28G  18/ 23U [GameAnalyzer] Income advantage is now SlightDisadvantage
2024-11-22 14:06:20.607 | 01:14   25ms  305M   32G  18/ 23U [GameAnalyzer] Income advantage is now SmallDisadvantage
2024-11-22 14:06:20.777 | 01:14   31ms  310M   32G  18/ 23U [GameAnalyzer] Income advantage is now Even
2024-11-22 14:06:21.177 | 01:15  105ms  325M   32G  18/ 23U [GameAnalyzer] Income advantage is now SlightDisadvantage
2024-11-22 14:06:21.269 | 01:15   28ms  325M   36G  18/ 23U [GameAnalyzer] Income advantage is now SmallDisadvantage
2024-11-22 14:06:21.349 | 01:15   31ms  335M   36G  18/ 23U [GameAnalyzer] Income advantage is now SlightDisadvantage
2024-11-22 14:06:21.759 | 01:17   25ms  345M   40G  18/ 23U [GameAnalyzer] Predicted army advantage is now SlightDisadvantage
2024-11-22 14:06:21.846 | 01:17   31ms  295M   40G  18/ 23U [ActUnit] SCV from COMMANDCENTER at (69.5, 168.5)
2024-11-22 14:06:22.343 | 01:18   30ms  315M   44G  19/ 23U [GameAnalyzer] Income advantage is now Even
2024-11-22 14:06:22.428 | 01:18   31ms  315M   44G  19/ 23U [GameAnalyzer] Income advantage is now SlightDisadvantage
2024-11-22 14:06:22.914 | 01:20   30ms  335M   48G  19/ 23U [GameAnalyzer] Income advantage is now SmallDisadvantage
2024-11-22 14:06:23.970 | 01:22   30ms  380M   52G  19/ 23U [GameAnalyzer] Income advantage is now SlightDisadvantage
2024-11-22 14:06:24.058 | 01:23   31ms  380M   56G  19/ 23U [GameAnalyzer] Income advantage is now SmallDisadvantage
2024-11-22 14:06:24.704 | 01:24   28ms  405M   60G  19/ 23U [Expand] Expanding to (61.5, 146.5)
2024-11-22 14:06:27.544 | 01:32   30ms   95M   80G  19/ 23U [GameAnalyzer] Income advantage is now Even
2024-11-22 14:06:28.353 | 01:34   27ms   20M   84G  19/ 23U [GameAnalyzer] Income advantage is now SlightDisadvantage
2024-11-22 14:06:28.434 | 01:34   32ms   30M   88G  19/ 23U [GameAnalyzer] Income advantage is now Even
2024-11-22 14:06:28.830 | 01:35   28ms   45M   88G  19/ 23U [GameAnalyzer] Income advantage is now SlightDisadvantage
2024-11-22 14:06:28.908 | 01:35   35ms   45M   88G  19/ 23U [GameAnalyzer] Income advantage is now Even
2024-11-22 14:06:30.420 | 01:40   33ms   55M  100G  19/ 23U [TerranUnit] MARINE from BARRACKS at (73.5, 169.5)
2024-11-22 14:06:35.806 | 01:54   34ms   90M  140G  20/ 23U [GameAnalyzer] Income advantage is now SlightDisadvantage
2024-11-22 14:06:35.889 | 01:54   35ms  110M  140G  20/ 23U [GameAnalyzer] Income advantage is now Even
2024-11-22 14:06:37.059 | 01:57   31ms  145M  148G  20/ 23U [GameAnalyzer] Known army advantage is now SlightAdvantage
2024-11-22 14:06:37.061 | 01:57   31ms   95M  148G  20/ 23U [TerranUnit] MARINE from BARRACKS at (73.5, 169.5)
2024-11-22 14:06:37.156 | 01:58   41ms   95M  148G  21/ 31U [DodgeRampAttack] Supply is 21 -> attack!
2024-11-22 14:06:37.157 | 01:58   41ms   95M  148G  21/ 31U [DodgeRampAttack] Attack started at 0.00 power.
2024-11-22 14:06:37.238 | 01:58   34ms   95M  152G  21/ 31U [DodgeRampAttack] No attacking units, starting retreat
2024-11-22 14:06:37.720 | 01:59   32ms   15M  152G  21/ 31U [GameAnalyzer] Income advantage is now SlightDisadvantage
2024-11-22 14:06:37.807 | 01:59   35ms   25M  156G  21/ 31U [GameAnalyzer] Income advantage is now Even
2024-11-22 14:06:38.132 | 02:00   35ms   35M  156G  21/ 31U [GameAnalyzer] Income advantage is now SlightDisadvantage
2024-11-22 14:06:38.214 | 02:00   35ms   40M  156G  21/ 31U [GameAnalyzer] Income advantage is now Even
2024-11-22 14:06:39.667 | 02:04   36ms   85M  168G  21/ 31U [GameAnalyzer] Income advantage is now SlightDisadvantage
2024-11-22 14:06:39.749 | 02:04   39ms   90M  168G  21/ 31U [GameAnalyzer] Income advantage is now Even
2024-11-22 14:06:40.182 | 02:05   34ms  110M  172G  21/ 31U [GameAnalyzer] Income advantage is now SlightDisadvantage
2024-11-22 14:06:40.262 | 02:06   37ms  115M  172G  21/ 31U [GameAnalyzer] Income advantage is now Even
2024-11-22 14:06:41.644 | 02:09   34ms  150M  180G  21/ 31U [GameAnalyzer] Income advantage is now SlightDisadvantage
2024-11-22 14:06:41.734 | 02:09   38ms  165M  180G  21/ 31U [GameAnalyzer] Income advantage is now Even
2024-11-22 14:06:43.486 | 02:14   28ms   65M  196G  21/ 31U [GameAnalyzer] Income advantage is now SlightDisadvantage
2024-11-22 14:06:43.567 | 02:14   34ms   75M  196G  21/ 31U [GameAnalyzer] Income advantage is now Even
2024-11-22 14:06:43.805 | 02:15   33ms   40M  196G  21/ 31U [ActUnit] SCV from COMMANDCENTER at (69.5, 168.5)
2024-11-22 14:06:44.985 | 02:18   33ms   60M  204G  22/ 31U [DodgeRampAttack] Retreat stopped.
2024-11-22 14:06:45.081 | 02:18  116ms   65M  204G  22/ 31U [DodgeRampAttack] Supply is 22 -> attack!
2024-11-22 14:06:45.082 | 02:18  116ms   65M  204G  22/ 31U [DodgeRampAttack] Attack started at 2.00 power.
2024-11-22 14:06:45.357 | 02:19   38ms   80M  208G  22/ 31U [GameAnalyzer] Income advantage is now SlightDisadvantage
2024-11-22 14:06:45.919 | 02:20   38ms  100M  212G  22/ 31U [ChatManager] Tag:E_zergling
2024-11-22 14:06:46.015 | 02:20   45ms   55M  212G  22/ 31U [TerranUnit] MARINE from BARRACKS at (73.5, 169.5)
2024-11-22 14:06:46.469 | 02:21   35ms   70M  216G  23/ 39U [GameAnalyzer] Income advantage is now Even
2024-11-22 14:06:47.008 | 02:23   37ms   70M  220G  23/ 39U [GameAnalyzer] Income advantage is now SlightDisadvantage
2024-11-22 14:06:47.292 | 02:23   37ms  120M  220G  23/ 39U [GameAnalyzer] Income advantage is now Even
2024-11-22 14:06:47.470 | 02:24   41ms  120M  220G  23/ 39U [GameAnalyzer] Income advantage is now SlightDisadvantage
2024-11-22 14:06:47.751 | 02:24   39ms  130M  224G  23/ 39U [GameAnalyzer] Income advantage is now Even
2024-11-22 14:06:48.034 | 02:25   40ms  135M  224G  23/ 39U [GameAnalyzer] Income advantage is now SlightDisadvantage
2024-11-22 14:06:48.576 | 02:26   42ms  155M  228G  23/ 39U [GameAnalyzer] Income advantage is now Even
2024-11-22 14:06:48.849 | 02:27   41ms  155M  228G  23/ 39U [GameAnalyzer] Income advantage is now SlightDisadvantage
2024-11-22 14:06:48.942 | 02:27   40ms  105M  232G  23/ 39U [ActUnit] SCV from COMMANDCENTER at (69.5, 168.5)
2024-11-22 14:06:49.132 | 02:28   41ms  120M  232G  24/ 39U [GameAnalyzer] Income advantage is now Even
2024-11-22 14:06:49.321 | 02:28   37ms  125M  232G  24/ 39U [GameAnalyzer] Income advantage is now SlightDisadvantage
2024-11-22 14:06:49.594 | 02:29   39ms  130M  232G  24/ 39U [GameAnalyzer] Income advantage is now Even
2024-11-22 14:06:49.964 | 02:30   38ms  165M  236G  24/ 39U [GameAnalyzer] Income advantage is now SlightDisadvantage
2024-11-22 14:06:50.240 | 02:30   37ms  175M  240G  24/ 39U [GameAnalyzer] Income advantage is now Even
2024-11-22 14:06:50.433 | 02:31   41ms  180M  240G  24/ 39U [GameAnalyzer] Income advantage is now SlightDisadvantage
2024-11-22 14:06:50.611 | 02:31   40ms  190M  240G  24/ 39U [GameAnalyzer] Income advantage is now Even
2024-11-22 14:06:50.803 | 02:32   37ms  190M  240G  24/ 39U [GameAnalyzer] Income advantage is now SlightDisadvantage
2024-11-22 14:06:51.088 | 02:32   39ms  210M  244G  24/ 39U [GameAnalyzer] Income advantage is now Even
2024-11-22 14:06:51.268 | 02:33   35ms   60M  244G  24/ 39U [GameAnalyzer] Income advantage is now SlightDisadvantage
2024-11-22 14:06:51.536 | 02:33   35ms   70M  248G  24/ 39U [GameAnalyzer] Income advantage is now Even
2024-11-22 14:06:51.800 | 02:34   38ms   75M  248G  24/ 39U [GameAnalyzer] Income advantage is now SlightDisadvantage
2024-11-22 14:06:52.433 | 02:35   35ms   95M  252G  24/ 39U [GameAnalyzer] Income advantage is now Even
2024-11-22 14:06:52.529 | 02:36   37ms   95M  252G  24/ 39U [GameAnalyzer] Income advantage is now SlightDisadvantage
2024-11-22 14:06:52.969 | 02:37   36ms  120M  256G  24/ 39U [GameAnalyzer] Income advantage is now Even
2024-11-22 14:06:53.060 | 02:37   39ms  145M  256G  24/ 39U [GameAnalyzer] Income advantage is now SlightDisadvantage
2024-11-22 14:06:53.603 | 02:38   37ms  105M  260G  24/ 39U [TerranUnit] MARINE from BARRACKS at (73.5, 169.5)
2024-11-22 14:06:53.699 | 02:38   49ms  110M  260G  25/ 39U [GameAnalyzer] Income advantage is now Even
2024-11-22 14:06:53.792 | 02:39   39ms  115M  260G  25/ 39U [GameAnalyzer] Income advantage is now SlightDisadvantage
2024-11-22 14:06:54.056 | 02:39  121ms  120M  264G  25/ 39U [GameAnalyzer] Income advantage is now Even
2024-11-22 14:06:54.156 | 02:39   39ms  120M  264G  25/ 39U [GameAnalyzer] Income advantage is now SlightDisadvantage
2024-11-22 14:06:54.254 | 02:40   41ms  120M  264G  25/ 39U [GameAnalyzer] Income advantage is now Even
2024-11-22 14:06:54.256 | 02:40   41ms   70M  264G  25/ 39U [ActUnit] SCV from COMMANDCENTER at (69.5, 168.5)
2024-11-22 14:06:54.675 | 02:40   46ms   85M  268G  26/ 39U [GameAnalyzer] Income advantage is now SlightDisadvantage
2024-11-22 14:06:54.951 | 02:41   39ms  105M  268G  26/ 39U [GameAnalyzer] Income advantage is now Even
2024-11-22 14:06:55.192 | 02:42   65ms  105M  268G  26/ 39U [GameAnalyzer] Income advantage is now SlightDisadvantage
2024-11-22 14:06:55.386 | 02:42   41ms  110M  272G  26/ 39U [GameAnalyzer] Income advantage is now Even
2024-11-22 14:06:55.677 | 02:43   39ms  110M  272G  26/ 39U [GameAnalyzer] Income advantage is now SlightDisadvantage
2024-11-22 14:06:55.774 | 02:43   40ms  120M  272G  26/ 39U [GameAnalyzer] Income advantage is now Even
2024-11-22 14:06:56.240 | 02:44   44ms  155M  276G  26/ 54U [GameAnalyzer] Income advantage is now SlightDisadvantage
2024-11-22 14:06:56.339 | 02:44   42ms  160M  276G  26/ 54U [GameAnalyzer] Income advantage is now Even
2024-11-22 14:06:56.725 | 02:45   40ms  175M  280G  26/ 54U [GameAnalyzer] Income advantage is now SlightDisadvantage
2024-11-22 14:06:56.920 | 02:45   41ms  190M  280G  26/ 54U [GameAnalyzer] Income advantage is now Even
2024-11-22 14:06:57.020 | 02:46   44ms  190M  280G  26/ 54U [GameAnalyzer] Income advantage is now SlightDisadvantage
2024-11-22 14:06:57.111 | 02:46   47ms  195M  280G  26/ 54U [GameAnalyzer] Income advantage is now Even
2024-11-22 14:06:57.304 | 02:46   40ms  195M  280G  26/ 54U [GameAnalyzer] Income advantage is now SlightDisadvantage
2024-11-22 14:06:57.500 | 02:47   42ms  200M  284G  26/ 54U [GameAnalyzer] Income advantage is now Even
2024-11-22 14:06:58.401 | 02:49   40ms   70M  288G  26/ 54U [GameAnalyzer] Income advantage is now SlightDisadvantage
2024-11-22 14:06:58.499 | 02:49   40ms   75M  288G  26/ 54U [GameAnalyzer] Income advantage is now Even
2024-11-22 14:06:58.686 | 02:49   38ms   85M  292G  26/ 54U [GameAnalyzer] Income advantage is now SlightDisadvantage
2024-11-22 14:06:58.870 | 02:50   39ms  100M  292G  26/ 54U [GameAnalyzer] Income advantage is now Even
2024-11-22 14:06:58.976 | 02:50   42ms  100M  292G  26/ 54U [GameAnalyzer] Income advantage is now SlightDisadvantage
2024-11-22 14:06:59.071 | 02:50   39ms  100M  292G  26/ 54U [GameAnalyzer] Income advantage is now Even
2024-11-22 14:06:59.263 | 02:51   38ms  140M  292G  26/ 54U [GameAnalyzer] Income advantage is now SlightDisadvantage
2024-11-22 14:06:59.357 | 02:51   39ms  140M  296G  26/ 54U [GameAnalyzer] Income advantage is now Even
2024-11-22 14:06:59.726 | 02:52   40ms  100M  296G  26/ 54U [ActUnit] SCV from COMMANDCENTER at (69.5, 168.5)
2024-11-22 14:07:00.951 | 02:55   42ms  140M  304G  27/ 54U [GameAnalyzer] Income advantage is now SlightDisadvantage
2024-11-22 14:07:01.043 | 02:55   42ms  150M  304G  27/ 54U [GameAnalyzer] Income advantage is now Even
2024-11-22 14:07:01.609 | 02:56   39ms  120M  308G  27/ 54U [TerranUnit] MARINE from BARRACKS at (73.5, 169.5)
2024-11-22 14:07:02.199 | 02:57   42ms  155M  312G  28/ 54U [GameAnalyzer] Income advantage is now SlightDisadvantage
2024-11-22 14:07:02.387 | 02:58   45ms  165M  312G  28/ 54U [GameAnalyzer] Income advantage is now Even
2024-11-22 14:07:02.493 | 02:58  132ms  165M  312G  28/ 54U [GameAnalyzer] Income advantage is now SlightDisadvantage
2024-11-22 14:07:02.693 | 02:58   41ms  180M  316G  28/ 54U [GameAnalyzer] Income advantage is now Even
2024-11-22 14:07:02.803 | 02:59   46ms  180M  316G  28/ 54U [GameAnalyzer] Income advantage is now SlightDisadvantage
2024-11-22 14:07:03.105 | 02:59   45ms  190M  316G  28/ 54U [GameAnalyzer] Income advantage is now Even
2024-11-22 14:07:03.503 | 03:00   41ms   55M  320G  28/ 54U [GameAnalyzer] Income advantage is now SlightDisadvantage
2024-11-22 14:07:03.606 | 03:00   42ms   60M  320G  28/ 54U [GameAnalyzer] Income advantage is now Even
2024-11-22 14:07:03.704 | 03:01   44ms   65M  320G  28/ 54U [GameAnalyzer] Income advantage is now SlightDisadvantage
2024-11-22 14:07:03.839 | 03:01   43ms   65M  320G  28/ 54U [ChatManager] Tag:E_queen
2024-11-22 14:07:03.953 | 03:01   57ms   70M  320G  28/ 54U [GameAnalyzer] Income advantage is now Even
2024-11-22 14:07:04.054 | 03:01   46ms   70M  324G  28/ 54U [GameAnalyzer] Income advantage is now SlightDisadvantage
2024-11-22 14:07:04.257 | 03:02   41ms   75M  324G  28/ 54U [GameAnalyzer] Income advantage is now Even
2024-11-22 14:07:04.538 | 03:02   40ms   80M  324G  28/ 54U [GameAnalyzer] Income advantage is now SlightDisadvantage
2024-11-22 14:07:04.742 | 03:03   42ms   90M  328G  28/ 54U [GameAnalyzer] Income advantage is now Even
2024-11-22 14:07:04.841 | 03:03   40ms   55M  328G  28/ 54U [TerranUnit] MARINE from BARRACKS at (71.5, 161.5)
2024-11-22 14:07:05.137 | 03:03   40ms   60M  328G  29/ 54U [GameAnalyzer] Income advantage is now SlightDisadvantage
2024-11-22 14:07:05.253 | 03:04   42ms   60M  328G  28/ 54U [GameAnalyzer] Income advantage is now Even
2024-11-22 14:07:05.455 | 03:04   41ms   15M  332G  28/ 54U [ActUnit] SCV from COMMANDCENTER at (69.5, 168.5)
2024-11-22 14:07:05.555 | 03:04   43ms   40M  332G  29/ 54U [GameAnalyzer] Predicted army advantage is now SmallDisadvantage
2024-11-22 14:07:06.572 | 03:07   47ms   70M  336G  29/ 54U [GameAnalyzer] Income advantage is now SlightDisadvantage
2024-11-22 14:07:06.853 | 03:07  123ms   90M  340G  29/ 54U [GameAnalyzer] Income advantage is now Even
2024-11-22 14:07:07.157 | 03:08   40ms  100M  340G  29/ 54U [GameAnalyzer] Income advantage is now SlightDisadvantage
2024-11-22 14:07:07.255 | 03:08   46ms  100M  340G  29/ 54U [GameAnalyzer] Income advantage is now Even
2024-11-22 14:07:07.556 | 03:09   43ms  110M  344G  29/ 54U [GameAnalyzer] Income advantage is now SlightDisadvantage
2024-11-22 14:07:07.654 | 03:09   44ms  115M  344G  29/ 54U [GameAnalyzer] Income advantage is now Even
2024-11-22 14:07:08.996 | 03:12   40ms  135M  352G  29/ 54U [ActUnit] SCV from COMMANDCENTER at (61.5, 146.5)
2024-11-22 14:07:09.104 | 03:12   43ms  140M  352G  30/ 54U [GameAnalyzer] Income advantage is now SlightDisadvantage
2024-11-22 14:07:09.301 | 03:12   40ms  150M  352G  30/ 54U [GameAnalyzer] Income advantage is now Even
2024-11-22 14:07:09.974 | 03:14   43ms  175M  356G  30/ 54U [GameAnalyzer] Known army advantage is now SmallAdvantage
2024-11-22 14:07:09.975 | 03:14   43ms  175M  356G  30/ 54U [GameAnalyzer] Predicted army advantage is now SlightDisadvantage
2024-11-22 14:07:09.977 | 03:14   43ms  125M  356G  30/ 54U [TerranUnit] MARINE from BARRACKS at (73.5, 169.5)
2024-11-22 14:07:11.178 | 03:16   43ms  115M  364G  31/ 54U [ActUnit] SCV from COMMANDCENTER at (69.5, 168.5)
2024-11-22 14:07:12.784 | 03:20   43ms  180M  372G  32/ 54U [GameAnalyzer] Income advantage is now SlightDisadvantage
2024-11-22 14:07:12.901 | 03:20  132ms  200M  372G  32/ 54U [GameAnalyzer] Income advantage is now Even
2024-11-22 14:07:13.202 | 03:21   43ms   95M  376G  32/ 54U [GameAnalyzer] Predicted army advantage is now Even
2024-11-22 14:07:13.415 | 03:21   44ms  100M  376G  32/ 54U [GameAnalyzer] Income advantage is now SlightDisadvantage
2024-11-22 14:07:13.525 | 03:21   45ms  105M  376G  32/ 54U [GameAnalyzer] Income advantage is now Even
2024-11-22 14:07:13.527 | 03:21   45ms   55M  376G  32/ 54U [TerranUnit] MARINE from BARRACKS at (71.5, 161.5)
2024-11-22 14:07:13.944 | 03:22   44ms   65M  380G  33/ 54U [BuildAddon] UnitTypeId.BARRACKSREACTOR to (81.0, 165.0)
2024-11-22 14:07:15.185 | 03:25   43ms   50M  338G  33/ 54U [GameAnalyzer] Income advantage is now SlightDisadvantage
2024-11-22 14:07:15.186 | 03:25   43ms    0M  338G  33/ 54U [ActUnit] SCV from COMMANDCENTER at (61.5, 146.5)
2024-11-22 14:07:15.307 | 03:25   50ms   10M  338G  34/ 54U [GameAnalyzer] Income advantage is now Even
2024-11-22 14:07:17.205 | 03:29   43ms   70M  346G  34/ 54U [ActUnit] SCV from COMMANDCENTER at (69.5, 168.5)
2024-11-22 14:07:18.752 | 03:32   41ms   75M  354G  35/ 54U [TerranUnit] MARINE from BARRACKS at (73.5, 169.5)
2024-11-22 14:07:18.758 | 03:32   41ms   75M  354G  35/ 54U [BuildAddon] UnitTypeId.BARRACKSREACTOR to (76.0, 169.0)
2024-11-22 14:07:21.376 | 03:37   48ms  175M  370G  36/ 54U [ActUnit] SCV from COMMANDCENTER at (61.5, 146.5)
2024-11-22 14:07:22.632 | 03:39   47ms  225M  374G  37/ 54U [GameAnalyzer] Predicted army advantage is now SlightAdvantage
2024-11-22 14:07:22.633 | 03:39   47ms  175M  374G  37/ 54U [TerranUnit] MARINE from BARRACKS at (71.5, 161.5)
2024-11-22 14:07:22.638 | 03:39   47ms  175M  374G  37/ 54U [BuildAddon] UnitTypeId.BARRACKSREACTOR to (74.0, 161.0)
2024-11-22 14:07:23.601 | 03:41   48ms  180M  382G  38/ 54U [ActUnit] SCV from COMMANDCENTER at (69.5, 168.5)
2024-11-22 14:07:27.989 | 03:49  134ms  405M  402G  39/ 54U [Expand] Expanding to (57.5, 121.5)
2024-11-22 14:07:28.776 | 03:50   48ms    0M  406G  39/ 54U [ActUnit] SCV from COMMANDCENTER at (61.5, 146.5)
2024-11-22 14:07:28.907 | 03:51   51ms    0M  406G  40/ 54U [GameAnalyzer] Predicted army advantage is now Even
2024-11-22 14:07:29.973 | 03:52   50ms   50M  410G  40/ 54U [BuildAddon] UnitTypeId.BARRACKSREACTOR to (76.0, 158.0)
2024-11-22 14:07:29.975 | 03:52   50ms   50M  410G  40/ 54U [BuildAddon] UnitTypeId.BARRACKSREACTOR to (76.0, 169.0)
2024-11-22 14:07:30.689 | 03:54   46ms   60M  364G  40/ 54U [GameAnalyzer] Income advantage is now SlightAdvantage
2024-11-22 14:07:30.690 | 03:54   46ms   10M  364G  40/ 54U [ActUnit] SCV from COMMANDCENTER at (69.5, 168.5)
2024-11-22 14:07:30.932 | 03:54   51ms   10M  364G  41/ 54U [GameAnalyzer] Income advantage is now Even
2024-11-22 14:07:31.834 | 03:56  132ms   40M  372G  41/ 54U [GameAnalyzer] Predicted army advantage is now SlightAdvantage
2024-11-22 14:07:31.964 | 03:56   52ms   50M  372G  41/ 54U [BuildAddon] UnitTypeId.BARRACKSREACTOR to (76.0, 169.0)
2024-11-22 14:07:32.090 | 03:56   54ms   30M  322G  41/ 54U [GameAnalyzer] Income advantage is now SmallAdvantage
2024-11-22 14:07:32.584 | 03:57   45ms   60M  322G  41/ 54U [GameAnalyzer] Known army advantage is now ClearAdvantage
2024-11-22 14:07:32.584 | 03:57   45ms   60M  322G  41/ 54U [GameAnalyzer] Predicted army advantage is now SmallAdvantage
2024-11-22 14:07:32.590 | 03:57   45ms   60M  322G  41/ 54U [BuildAddon] UnitTypeId.BARRACKSREACTOR to (74.0, 161.0)
2024-11-22 14:07:34.695 | 04:01   59ms    0M  284G  41/ 54U [GameAnalyzer] Income advantage is now SlightAdvantage
2024-11-22 14:07:35.073 | 04:01   47ms   40M  284G  41/ 54U [GameAnalyzer] Income advantage is now SmallAdvantage
2024-11-22 14:07:35.454 | 04:02   52ms   45M  288G  41/ 54U [GameAnalyzer] Income advantage is now SlightAdvantage
2024-11-22 14:07:35.803 | 04:02   51ms   60M  288G  41/ 54U [GameAnalyzer] Income advantage is now SmallAdvantage
2024-11-22 14:07:35.945 | 04:03   56ms   10M  288G  41/ 54U [ActUnit] SCV from COMMANDCENTER at (61.5, 146.5)
2024-11-22 14:07:36.852 | 04:04   49ms   65M  292G  42/ 54U [GameAnalyzer] Income advantage is now SlightAdvantage
2024-11-22 14:07:36.975 | 04:04   52ms   70M  292G  42/ 54U [GameAnalyzer] Income advantage is now SmallAdvantage
2024-11-22 14:07:37.797 | 04:06   49ms   55M  296G  42/ 54U [TerranUnit] MARINE from BARRACKS at (78.5, 165.5)
2024-11-22 14:07:37.920 | 04:06   51ms   15M  300G  43/ 54U [ActUnit] SCV from COMMANDCENTER at (69.5, 168.5)
2024-11-22 14:07:39.530 | 04:09   50ms   55M  308G  44/ 54U [TerranUnit] MARINE from BARRACKS at (78.5, 165.5)
2024-11-22 14:07:39.777 | 04:09   47ms   60M  308G  45/ 54U [BuildAddon] UnitTypeId.BARRACKSREACTOR to (68.0, 158.0)
2024-11-22 14:07:42.688 | 04:14   49ms   90M  270G  45/ 54U [ChatManager] Tag:E_roach
2024-11-22 14:07:43.841 | 04:16   57ms   45M  274G  45/ 54U [GameAnalyzer] Known army advantage is now SlightAdvantage
2024-11-22 14:07:43.842 | 04:16   57ms   45M  274G  45/ 54U [GameAnalyzer] Predicted army advantage is now SlightDisadvantage
2024-11-22 14:07:43.994 | 04:16   57ms   45M  278G  45/ 54U [DodgeRampAttack] Retreat started at 7.64 own local power against 9.79 enemy local power.
2024-11-22 14:07:44.120 | 04:17   57ms    5M  278G  45/ 54U [ActUnit] SCV from COMMANDCENTER at (61.5, 146.5)
2024-11-22 14:07:45.036 | 04:18   55ms   15M  282G  46/ 54U [ActUnit] SCV from COMMANDCENTER at (69.5, 168.5)
2024-11-22 14:07:46.974 | 04:21   56ms  100M  290G  46/ 54U [GameAnalyzer] Known army advantage is now SlightDisadvantage
2024-11-22 14:07:46.974 | 04:21   56ms  100M  290G  46/ 54U [GameAnalyzer] Predicted army advantage is now SmallDisadvantage
2024-11-22 14:07:48.472 | 04:24   63ms   95M  294G  46/ 54U [TerranUnit] MARINE from BARRACKS at (78.5, 165.5)
2024-11-22 14:07:50.870 | 04:27   59ms  290M  306G  47/ 62U [TerranUnit] MARINE from BARRACKS at (78.5, 165.5)
2024-11-22 14:07:52.010 | 04:28   60ms  270M  310G  48/ 62U [TerranUnit] MARINE from BARRACKS at (73.5, 158.5)
2024-11-22 14:07:52.155 | 04:28   60ms  225M  310G  49/ 62U [TerranUnit] MARINE from BARRACKS at (73.5, 158.5)
2024-11-22 14:07:52.473 | 04:29   69ms   90M  310G  50/ 62U [ActUnit] SCV from COMMANDCENTER at (61.5, 146.5)
2024-11-22 14:07:53.471 | 04:30   60ms    5M  314G  50/ 62U [ActUnit] SCV from COMMANDCENTER at (69.5, 168.5)
2024-11-22 14:07:55.352 | 04:33   53ms   55M  322G  51/ 62U [TerranUnit] MARINE from BARRACKS at (73.5, 169.5)
2024-11-22 14:07:56.598 | 04:35   56ms  100M  326G  52/ 62U [DefensiveBuilding] Building BUNKER to (61.56866735603367, 118.59380903140452)
2024-11-22 14:07:57.141 | 04:36   53ms   75M  330G  52/ 62U [TerranUnit] MARINE from BARRACKS at (73.5, 169.5)
2024-11-22 14:07:57.435 | 04:37   57ms    0M  330G  53/ 62U [DodgeRampAttack] Retreat stopped.
2024-11-22 14:07:57.661 | 04:37   68ms    0M  330G  53/ 62U [DodgeRampAttack] Supply is 53 -> attack!
2024-11-22 14:07:57.665 | 04:37   68ms    0M  330G  53/ 62U [DodgeRampAttack] Attack started at 5.00 power.
2024-11-22 14:08:00.803 | 04:41   56ms   25M  342G  53/ 70U [ActUnit] SCV from COMMANDCENTER at (61.5, 146.5)
2024-11-22 14:08:01.859 | 04:43   56ms   20M  350G  54/ 70U [ActUnit] SCV from COMMANDCENTER at (69.5, 168.5)
2024-11-22 14:08:02.632 | 04:44   57ms   90M  350G  55/ 70U [TerranUnit] MARINE from BARRACKS at (78.5, 165.5)
2024-11-22 14:08:02.781 | 04:44   65ms  105M  350G  56/ 70U [GameAnalyzer] Income advantage is now ClearAdvantage
2024-11-22 14:08:02.782 | 04:44   65ms   55M  350G  56/ 70U [TerranUnit] MARINE from BARRACKS at (71.5, 161.5)
2024-11-22 14:08:02.932 | 04:44   66ms   60M  354G  57/ 70U [GameAnalyzer] Income advantage is now SmallAdvantage
2024-11-22 14:08:03.078 | 04:45   60ms   90M  354G  57/ 70U [GameAnalyzer] Known army advantage is now Even
2024-11-22 14:08:03.081 | 04:45   60ms   90M  354G  57/ 70U [GameAnalyzer] Predicted army advantage is now SlightDisadvantage
2024-11-22 14:08:03.259 | 04:45   67ms  100M  354G  57/ 70U [DefensiveBuilding] Building BUNKER to (57.56866735603367, 116.59380903140452)
2024-11-22 14:08:04.386 | 04:46   75ms   65M  358G  57/ 70U [GameAnalyzer] Known army advantage is now SlightAdvantage
2024-11-22 14:08:05.336 | 04:48   74ms  105M  362G  57/ 70U [GameAnalyzer] Income advantage is now ClearAdvantage
2024-11-22 14:08:05.338 | 04:48   74ms   55M  362G  57/ 70U [TerranUnit] MARINE from BARRACKS at (73.5, 158.5)
2024-11-22 14:08:05.489 | 04:48   78ms   55M  362G  58/ 70U [GameAnalyzer] Income advantage is now SmallAdvantage
2024-11-22 14:08:06.576 | 04:49   69ms   90M  366G  57/ 70U [GameAnalyzer] Known army advantage is now Even
2024-11-22 14:08:06.743 | 04:49   76ms   55M  366G  57/ 70U [TerranUnit] MARINE from BARRACKS at (73.5, 158.5)
2024-11-22 14:08:07.542 | 04:51   66ms   85M  370G  58/ 70U [GameAnalyzer] Income advantage is now ClearAdvantage
2024-11-22 14:08:07.736 | 04:51   77ms   85M  370G  58/ 70U [GameAnalyzer] Income advantage is now SmallAdvantage
2024-11-22 14:08:08.347 | 04:51   72ms   55M  370G  57/ 70U [TerranUnit] MARINE from BARRACKS at (78.5, 165.5)
2024-11-22 14:08:08.825 | 04:52   66ms  120M  374G  58/ 70U [GameAnalyzer] Known army advantage is now SlightAdvantage
2024-11-22 14:08:08.826 | 04:52   66ms  120M  374G  58/ 70U [GameAnalyzer] Predicted army advantage is now SmallDisadvantage
2024-11-22 14:08:08.827 | 04:52   66ms   70M  374G  58/ 70U [TerranUnit] MARINE from BARRACKS at (73.5, 169.5)
2024-11-22 14:08:09.276 | 04:53   68ms   95M  374G  58/ 70U [GameAnalyzer] Income advantage is now ClearAdvantage
2024-11-22 14:08:09.277 | 04:53   68ms   95M  374G  58/ 70U [GameAnalyzer] Known army advantage is now Even
2024-11-22 14:08:09.278 | 04:53   68ms   95M  374G  58/ 70U [GameAnalyzer] Predicted army advantage is now ClearDisadvantage
2024-11-22 14:08:09.435 | 04:53   73ms   95M  378G  58/ 78U [GameAnalyzer] Income advantage is now SmallAdvantage
2024-11-22 14:08:10.239 | 04:54   75ms   30M  378G  58/ 78U [GameAnalyzer] Income advantage is now ClearAdvantage
2024-11-22 14:08:10.240 | 04:54   75ms   30M  378G  58/ 78U [GameAnalyzer] Known army advantage is now SlightAdvantage
2024-11-22 14:08:10.241 | 04:54   75ms   30M  378G  58/ 78U [GameAnalyzer] Predicted army advantage is now SmallDisadvantage
2024-11-22 14:08:10.708 | 04:54  185ms   30M  378G  58/ 78U [GameAnalyzer] Income advantage is now SmallAdvantage
2024-11-22 14:08:11.199 | 04:55   70ms   50M  382G  58/ 78U [GameAnalyzer] Income advantage is now ClearAdvantage
2024-11-22 14:08:11.204 | 04:55   70ms    0M  382G  58/ 78U [ActUnit] SCV from COMMANDCENTER at (61.5, 146.5)
2024-11-22 14:08:11.360 | 04:55   77ms    5M  382G  59/ 78U [GameAnalyzer] Income advantage is now SmallAdvantage
2024-11-22 14:08:12.442 | 04:57   67ms    0M  386G  59/ 78U [ActUnit] SCV from COMMANDCENTER at (69.5, 168.5)
2024-11-22 14:08:12.582 | 04:57   71ms   10M  386G  60/ 78U [GameAnalyzer] Income advantage is now ClearAdvantage
2024-11-22 14:08:12.810 | 04:57   66ms   20M  386G  60/ 78U [GameAnalyzer] Income advantage is now SmallAdvantage
2024-11-22 14:08:13.572 | 04:58   67ms   55M  390G  60/ 78U [GameAnalyzer] Income advantage is now ClearAdvantage
2024-11-22 14:08:13.735 | 04:59   77ms  110M  390G  60/ 78U [GameAnalyzer] Income advantage is now SmallAdvantage
2024-11-22 14:08:13.737 | 04:59   77ms   60M  390G  60/ 78U [TerranUnit] MARINE from BARRACKS at (65.5, 158.5)
2024-11-22 14:08:14.202 | 04:59   61ms   70M  394G  61/ 78U [GameAnalyzer] Income advantage is now ClearAdvantage
2024-11-22 14:08:14.359 | 05:00   66ms   75M  394G  61/ 78U [GameAnalyzer] Income advantage is now SmallAdvantage
2024-11-22 14:08:14.540 | 05:00   67ms   90M  394G  61/ 78U [ChatManager] Tag:E_Macro
2024-11-22 14:08:15.103 | 05:00   64ms  120M  394G  61/ 78U [GameAnalyzer] Income advantage is now ClearAdvantage
2024-11-22 14:08:15.104 | 05:00   64ms   70M  394G  61/ 78U [TerranUnit] MARINE from BARRACKS at (71.5, 161.5)
2024-11-22 14:08:15.277 | 05:01   71ms   80M  398G  62/ 78U [GameAnalyzer] Income advantage is now SmallAdvantage
2024-11-22 14:08:15.938 | 05:02   67ms  105M  398G  62/ 78U [GameAnalyzer] Income advantage is now ClearAdvantage
2024-11-22 14:08:15.940 | 05:02   67ms   55M  398G  62/ 78U [TerranUnit] MARINE from BARRACKS at (73.5, 169.5)
2024-11-22 14:08:16.270 | 05:02   71ms   60M  402G  63/ 78U [GameAnalyzer] Income advantage is now SmallAdvantage
2024-11-22 14:08:16.922 | 05:03  194ms   90M  402G  63/ 86U [GameAnalyzer] Income advantage is now ClearAdvantage
2024-11-22 14:08:17.276 | 05:03   77ms   95M  402G  63/ 86U [GameAnalyzer] Income advantage is now SmallAdvantage
2024-11-22 14:08:17.615 | 05:04   71ms   55M  406G  63/ 86U [TerranUnit] MARINE from BARRACKS at (78.5, 165.5)
2024-11-22 14:08:17.790 | 05:04   83ms   70M  406G  64/ 86U [GameAnalyzer] Income advantage is now ClearAdvantage
2024-11-22 14:08:17.955 | 05:04   68ms   70M  406G  64/ 86U [GameAnalyzer] Income advantage is now SmallAdvantage
2024-11-22 14:08:18.693 | 05:05   70ms  105M  410G  64/ 86U [GameAnalyzer] Income advantage is now ClearAdvantage
2024-11-22 14:08:18.694 | 05:05   70ms   55M  410G  64/ 86U [TerranUnit] MARINE from BARRACKS at (71.5, 161.5)
2024-11-22 14:08:18.863 | 05:05  164ms   60M  410G  65/ 86U [GameAnalyzer] Income advantage is now SmallAdvantage
2024-11-22 14:08:19.188 | 05:06   68ms  125M  410G  65/ 86U [GameAnalyzer] Known army advantage is now SmallAdvantage
2024-11-22 14:08:19.190 | 05:06   68ms   75M  410G  65/ 86U [TerranUnit] MARINE from BARRACKS at (65.5, 158.5)
2024-11-22 14:08:19.514 | 05:06   68ms   95M  410G  66/ 86U [GameAnalyzer] Income advantage is now ClearAdvantage
2024-11-22 14:08:20.040 | 05:07   70ms   95M  414G  66/ 86U [GameAnalyzer] Income advantage is now SmallAdvantage
2024-11-22 14:08:20.218 | 05:07   77ms   60M  414G  66/ 86U [TerranUnit] MARINE from BARRACKS at (73.5, 158.5)
2024-11-22 14:08:20.376 | 05:07   77ms   70M  414G  67/ 86U [GameAnalyzer] Income advantage is now ClearAdvantage
2024-11-22 14:08:20.554 | 05:07   73ms   30M  414G  67/ 86U [ActUnit] SCV from COMMANDCENTER at (61.5, 146.5)
2024-11-22 14:08:20.984 | 05:08  156ms   35M  414G  68/101U [GameAnalyzer] Income advantage is now SmallAdvantage
2024-11-22 14:08:21.634 | 05:09   62ms   70M  418G  68/101U [GameAnalyzer] Income advantage is now ClearAdvantage
2024-11-22 14:08:22.140 | 05:09   69ms  100M  422G  68/101U [GameAnalyzer] Predicted army advantage is now SlightDisadvantage
2024-11-22 14:08:22.329 | 05:10   76ms   55M  422G  68/101U [TerranUnit] MARINE from BARRACKS at (73.5, 158.5)
2024-11-22 14:08:23.785 | 05:11   67ms   55M  426G  69/101U [TerranUnit] MARINE from BARRACKS at (73.5, 169.5)
2024-11-22 14:08:23.966 | 05:12   76ms   55M  426G  70/101U [GameAnalyzer] Income advantage is now SmallAdvantage
2024-11-22 14:08:24.124 | 05:12   75ms   65M  426G  70/101U [GameAnalyzer] Income advantage is now ClearAdvantage
2024-11-22 14:08:24.514 | 05:12   70ms   55M  430G  70/101U [TerranUnit] MARINE from BARRACKS at (78.5, 165.5)
2024-11-22 14:08:25.624 | 05:14   67ms  120M  430G  71/101U [GameAnalyzer] Income advantage is now SmallAdvantage
2024-11-22 14:08:25.789 | 05:14   73ms  140M  434G  71/101U [GameAnalyzer] Income advantage is now ClearAdvantage
2024-11-22 14:08:27.088 | 05:15   69ms  185M  438G  71/101U [GameAnalyzer] Income advantage is now SmallAdvantage
2024-11-22 14:08:27.255 | 05:16   75ms  190M  438G  71/101U [GameAnalyzer] Income advantage is now ClearAdvantage
2024-11-22 14:08:27.650 | 05:16   95ms   10M  438G  71/101U [ActUnit] SCV from COMMANDCENTER at (69.5, 168.5)
2024-11-22 14:08:29.980 | 05:18   70ms  110M  446G  72/101U [GameAnalyzer] Income advantage is now SmallAdvantage
2024-11-22 14:08:29.983 | 05:18   70ms   60M  446G  72/101U [TerranUnit] MARINE from BARRACKS at (65.5, 158.5)
2024-11-22 14:08:30.156 | 05:19   74ms   75M  446G  73/101U [GameAnalyzer] Income advantage is now ClearAdvantage
2024-11-22 14:08:30.338 | 05:19   72ms   90M  446G  73/101U [GameAnalyzer] Income advantage is now SmallAdvantage
2024-11-22 14:08:30.520 | 05:19   79ms   95M  446G  73/101U [GameAnalyzer] Income advantage is now ClearAdvantage
2024-11-22 14:08:30.756 | 05:19   72ms   55M  446G  73/101U [TerranUnit] MARINE from BARRACKS at (71.5, 161.5)
2024-11-22 14:08:31.171 | 05:20   92ms   85M  450G  74/101U [GameAnalyzer] Income advantage is now SmallAdvantage
2024-11-22 14:08:31.173 | 05:20   92ms   35M  450G  74/101U [ActUnit] SCV from COMMANDCENTER at (61.5, 146.5)
2024-11-22 14:08:32.087 | 05:21   82ms   85M  450G  75/109U [GameAnalyzer] Income advantage is now ClearAdvantage
2024-11-22 14:08:32.743 | 05:21   86ms   95M  454G  75/109U [GameAnalyzer] Income advantage is now SmallAdvantage
2024-11-22 14:08:33.371 | 05:22   94ms   60M  454G  75/109U [TerranUnit] MARINE from BARRACKS at (73.5, 169.5)
2024-11-22 14:08:33.560 | 05:22   75ms   70M  454G  76/109U [GameAnalyzer] Income advantage is now ClearAdvantage
2024-11-22 14:08:34.104 | 05:23   69ms   90M  458G  76/109U [GameAnalyzer] Known army advantage is now ClearAdvantage
2024-11-22 14:08:34.294 | 05:23   75ms  100M  458G  76/109U [GameAnalyzer] Income advantage is now SmallAdvantage
2024-11-22 14:08:34.296 | 05:23   75ms  100M  458G  76/109U [GameAnalyzer] Known army advantage is now SmallAdvantage
2024-11-22 14:08:34.297 | 05:23   75ms  100M  458G  76/109U [GameAnalyzer] Predicted army advantage is now ClearDisadvantage
2024-11-22 14:08:34.490 | 05:23   81ms   55M  458G  76/109U [TerranUnit] MARINE from BARRACKS at (71.5, 161.5)
2024-11-22 14:08:35.043 | 05:24   81ms   95M  458G  77/109U [GameAnalyzer] Income advantage is now ClearAdvantage
2024-11-22 14:08:35.323 | 05:24   71ms   55M  462G  77/109U [TerranUnit] MARINE from BARRACKS at (65.5, 158.5)
2024-11-22 14:08:36.102 | 05:25   81ms   70M  462G  78/109U [GameAnalyzer] Income advantage is now SmallAdvantage
2024-11-22 14:08:36.586 | 05:25   69ms  105M  462G  78/109U [GameAnalyzer] Income advantage is now ClearAdvantage
2024-11-22 14:08:36.587 | 05:25   69ms   55M  462G  78/109U [TerranUnit] MARINE from BARRACKS at (78.5, 165.5)
2024-11-22 14:08:37.315 | 05:26   81ms   70M  466G  79/109U [GameAnalyzer] Income advantage is now SmallAdvantage
2024-11-22 14:08:37.707 | 05:27   81ms  110M  466G  79/109U [GameAnalyzer] Income advantage is now ClearAdvantage
2024-11-22 14:08:37.708 | 05:27   81ms   60M  466G  79/109U [TerranUnit] MARINE from BARRACKS at (73.5, 158.5)
2024-11-22 14:08:37.897 | 05:27   81ms   70M  466G  80/109U [GameAnalyzer] Income advantage is now SmallAdvantage
2024-11-22 14:08:38.293 | 05:27   81ms   80M  470G  80/109U [GameAnalyzer] Income advantage is now ClearAdvantage
2024-11-22 14:08:38.840 | 05:28   77ms    5M  470G  80/109U [GameAnalyzer] Income advantage is now SmallAdvantage
2024-11-22 14:08:39.291 | 05:28   68ms   25M  470G  80/109U [GameAnalyzer] Income advantage is now ClearAdvantage
2024-11-22 14:08:39.483 | 05:29  178ms   30M  474G  80/109U [GameAnalyzer] Income advantage is now SmallAdvantage
2024-11-22 14:08:39.661 | 05:29   72ms   40M  474G  80/109U [GameAnalyzer] Income advantage is now ClearAdvantage
2024-11-22 14:08:39.852 | 05:29   78ms    5M  474G  80/109U [ActUnit] SCV from COMMANDCENTER at (69.5, 168.5)
2024-11-22 14:08:40.056 | 05:29   74ms    5M  474G  81/109U [GameAnalyzer] Predicted army advantage is now SmallDisadvantage
2024-11-22 14:08:40.718 | 05:30   91ms   35M  474G  81/109U [GameAnalyzer] Income advantage is now SmallAdvantage
2024-11-22 14:08:41.638 | 05:31  192ms   85M  478G  81/109U [GameAnalyzer] Income advantage is now ClearAdvantage
2024-11-22 14:08:42.022 | 05:31   74ms  100M  478G  81/109U [GameAnalyzer] Income advantage is now SmallAdvantage
2024-11-22 14:08:42.609 | 05:32   83ms   65M  482G  81/109U [TerranUnit] MARINE from BARRACKS at (73.5, 169.5)
2024-11-22 14:08:42.614 | 05:32   83ms   15M  482G  81/109U [ActUnit] SCV from COMMANDCENTER at (61.5, 146.5)
2024-11-22 14:08:42.812 | 05:32   83ms   25M  482G  83/109U [GameAnalyzer] Income advantage is now ClearAdvantage
2024-11-22 14:08:43.704 | 05:33  162ms   55M  486G  83/109U [GameAnalyzer] Income advantage is now SmallAdvantage
2024-11-22 14:08:43.884 | 05:33   79ms   75M  486G  83/109U [GameAnalyzer] Income advantage is now ClearAdvantage
2024-11-22 14:08:46.495 | ERROR    | sc2.protocol:__request:50 - Cannot receive: Connection already closed.
2024-11-22 14:08:46.498 | 05:33   72ms   80M  486G  83/109U [CooldownManager] Get available abilities failed: Connection already closed.
2024-11-22 14:08:46.550 | INFO     | sc2.sc2process:_close_connection:231 - Closing connection at 54626...
2024-11-22 14:08:46.554 | INFO     | sc2.sc2process:kill_all:33 - kill_switch: Process cleanup for 1 processes
