2024-11-21 07:53:44.636 | INFO     | sc2.protocol:_execute:72 - Client status changed to Status.launched (was None)
2024-11-21 07:53:44.637 | INFO     | sc2.controller:create_game:37 - Creating new game
2024-11-21 07:53:44.638 | INFO     | sc2.controller:create_game:38 - Map:     HardLead513AIE
2024-11-21 07:53:44.639 | INFO     | sc2.controller:create_game:39 - Players: Bot LadderBot(Terran), Computer VeryHard(Zerg, RandomBuild)
2024-11-21 07:53:44.643 | INFO     | sc2.protocol:_execute:72 - Client status changed to Status.init_game (was Status.launched)
2024-11-21 07:53:57.056 | INFO     | sc2.protocol:_execute:72 - Client status changed to Status.in_game (was None)
2024-11-21 07:53:57.057 | INFO     | sc2.main:_play_game:221 - Player 1 - Bot LadderBot(Terran)
2024-11-21 07:53:57.777 | 00:00    0ms    0M    0G  12/ 15U [Version] 5.0.13.92440
2024-11-21 07:53:57.778 | 00:00    0ms    0M    0G  12/ 15U [Version] 5.0.6 Balance mod recognized.
2024-11-21 07:53:57.891 | 00:00    0ms    0M    0G  12/ 15U [ZoneManager] Map set to: MapName.Unknown from name: Hard Lead AIE and hash: 3179994.
2024-11-21 07:53:58.994 | 00:00    0ms    0M    0G  12/ 15U [Build] Att at 40
2024-11-21 07:53:59.041 | [Start] My race: Terran
2024-11-21 07:53:59.042 | [Start] Opponent race: Zerg
2024-11-21 07:53:59.042 | [Start] OpponentId: None
2024-11-21 07:53:59.387 | 00:00   14ms    0M    0G  13/ 15U [GameAnalyzer] Income advantage is now SlightDisadvantage
2024-11-21 07:53:59.512 | 00:01   14ms    0M    0G  13/ 15U [GameAnalyzer] Income advantage is now Even
2024-11-21 07:54:02.674 | 00:14   16ms    0M    0G  13/ 15U [ActUnit] SCV from COMMANDCENTER at (37.5, 129.5)
2024-11-21 07:54:05.697 | 00:27   15ms  105M    0G  14/ 15U [ActUnit] SCV from COMMANDCENTER at (37.5, 129.5)
2024-11-21 07:54:08.481 | 00:37   17ms   20M    0G  15/ 23U [BuildGas] Building REFINERY to (30.5, 126.5)
2024-11-21 07:54:09.109 | 00:39   17ms    0M    0G  15/ 23U [ActUnit] SCV from COMMANDCENTER at (37.5, 129.5)
2024-11-21 07:54:12.435 | 00:52   18ms  100M    0G  16/ 23U [ActUnit] SCV from COMMANDCENTER at (37.5, 129.5)
2024-11-21 07:54:15.862 | 01:04   20ms  210M    4G  17/ 23U [ActUnit] SCV from COMMANDCENTER at (37.5, 129.5)
2024-11-21 07:54:18.072 | 01:10   18ms  280M   20G  18/ 23U [GameAnalyzer] Income advantage is now SlightDisadvantage
2024-11-21 07:54:18.144 | 01:10  619ms  285M   20G  18/ 23U [GameAnalyzer] Income advantage is now SmallDisadvantage
2024-11-21 07:54:18.281 | 01:10   24ms  290M   24G  18/ 23U [GameAnalyzer] Income advantage is now SlightDisadvantage
2024-11-21 07:54:18.562 | 01:11   23ms  295M   24G  18/ 23U [GameAnalyzer] Income advantage is now SmallDisadvantage
2024-11-21 07:54:18.694 | 01:11   30ms  305M   24G  18/ 23U [GameAnalyzer] Income advantage is now SlightDisadvantage
2024-11-21 07:54:18.980 | 01:12   24ms  315M   28G  18/ 23U [GameAnalyzer] Income advantage is now SmallDisadvantage
2024-11-21 07:54:19.127 | 01:13   26ms  325M   28G  18/ 23U [GameAnalyzer] Income advantage is now SlightDisadvantage
2024-11-21 07:54:19.197 | 01:13   24ms  325M   28G  18/ 23U [ChatManager] Tag:E_overlord
2024-11-21 07:54:19.355 | 01:13   25ms  325M   32G  18/ 23U [GameAnalyzer] Income advantage is now SmallDisadvantage
2024-11-21 07:54:19.498 | 01:14   24ms  340M   32G  18/ 23U [GameAnalyzer] Income advantage is now SlightDisadvantage
2024-11-21 07:54:19.647 | 01:14   23ms  345M   32G  18/ 23U [GameAnalyzer] Income advantage is now SmallDisadvantage
2024-11-21 07:54:19.870 | 01:15   24ms  350M   36G  18/ 23U [GameAnalyzer] Income advantage is now SlightDisadvantage
2024-11-21 07:54:20.099 | 01:16   25ms  355M   36G  18/ 23U [GameAnalyzer] Income advantage is now Even
2024-11-21 07:54:20.328 | 01:16   25ms  320M   40G  18/ 23U [ActUnit] SCV from COMMANDCENTER at (37.5, 129.5)
2024-11-21 07:54:20.404 | 01:17   27ms  325M   40G  19/ 23U [GameAnalyzer] Predicted army advantage is now SlightDisadvantage
2024-11-21 07:54:20.483 | 01:17   27ms  325M   40G  19/ 23U [GameAnalyzer] Income advantage is now SlightDisadvantage
2024-11-21 07:54:20.562 | 01:17   26ms  325M   40G  19/ 23U [GameAnalyzer] Income advantage is now SmallDisadvantage
2024-11-21 07:54:20.704 | 01:17   26ms  330M   40G  19/ 23U [GameAnalyzer] Income advantage is now SlightDisadvantage
2024-11-21 07:54:21.972 | 01:21   25ms  380M   52G  19/ 23U [GameAnalyzer] Income advantage is now SmallDisadvantage
2024-11-21 07:54:22.126 | 01:21   27ms  395M   52G  19/ 23U [GameAnalyzer] Income advantage is now SlightDisadvantage
2024-11-21 07:54:22.281 | 01:22   25ms  395M   52G  19/ 23U [GameAnalyzer] Income advantage is now SmallDisadvantage
2024-11-21 07:54:22.367 | 01:22   29ms  400M   56G  19/ 23U [Expand] Expanding to (65.5, 133.5)
2024-11-21 07:54:22.656 | 01:23   24ms   15M   56G  19/ 23U [GameAnalyzer] Income advantage is now SlightDisadvantage
2024-11-21 07:54:22.809 | 01:23   25ms   15M   56G  19/ 23U [GameAnalyzer] Income advantage is now SmallDisadvantage
2024-11-21 07:54:23.023 | 01:24   26ms   25M   60G  19/ 23U [GameAnalyzer] Income advantage is now SlightDisadvantage
2024-11-21 07:54:23.170 | 01:24   25ms   25M   60G  19/ 23U [GameAnalyzer] Income advantage is now SmallDisadvantage
2024-11-21 07:54:23.464 | 01:25   24ms   40M   64G  19/ 23U [GameAnalyzer] Income advantage is now SlightDisadvantage
2024-11-21 07:54:23.541 | 01:25   27ms   40M   64G  19/ 23U [GameAnalyzer] Income advantage is now SmallDisadvantage
2024-11-21 07:54:23.768 | 01:26   28ms    5M   14G  19/ 23U [TerranUnit] REAPER from BARRACKS at (38.5, 124.5)
2024-11-21 07:54:24.206 | 01:27   27ms   25M   18G  20/ 23U [GameAnalyzer] Income advantage is now SlightDisadvantage
2024-11-21 07:54:24.284 | 01:28   26ms   25M   18G  20/ 23U [GameAnalyzer] Income advantage is now SmallDisadvantage
2024-11-21 07:54:24.497 | 01:28   25ms   35M   22G  20/ 23U [GameAnalyzer] Income advantage is now SlightDisadvantage
2024-11-21 07:54:24.860 | 01:29   27ms   35M   22G  20/ 23U [GameAnalyzer] Income advantage is now SmallDisadvantage
2024-11-21 07:54:25.002 | 01:30   25ms   45M   26G  20/ 23U [GameAnalyzer] Income advantage is now SlightDisadvantage
2024-11-21 07:54:25.081 | 01:30   26ms   50M   26G  20/ 23U [GameAnalyzer] Income advantage is now SmallDisadvantage
2024-11-21 07:54:25.159 | 01:30   28ms   50M   26G  20/ 23U [GameAnalyzer] Income advantage is now Even
2024-11-21 07:54:28.924 | 01:41   28ms  110M   54G  20/ 23U [GameAnalyzer] Income advantage is now SlightDisadvantage
2024-11-21 07:54:28.995 | 01:41   28ms  120M   58G  20/ 23U [GameAnalyzer] Income advantage is now Even
2024-11-21 07:54:33.393 | 01:54   29ms  140M   90G  20/ 23U [GameAnalyzer] Income advantage is now SlightDisadvantage
2024-11-21 07:54:33.467 | 01:54   28ms  150M   94G  20/ 23U [GameAnalyzer] Income advantage is now Even
2024-11-21 07:54:34.780 | 01:58   30ms  195M  102G  20/ 23U [GameAnalyzer] Known army advantage is now SlightAdvantage
2024-11-21 07:54:34.782 | 01:58   30ms  145M   52G  20/ 23U [TerranUnit] REAPER from BARRACKS at (38.5, 124.5)
2024-11-21 07:54:34.869 | 01:58   34ms  150M   52G  21/ 23U [DodgeRampAttack] Supply is 21 -> attack!
2024-11-21 07:54:34.870 | 01:58   34ms  150M   52G  21/ 23U [DodgeRampAttack] Attack started at 0.00 power.
2024-11-21 07:54:34.949 | 01:59   31ms  150M   52G  21/ 23U [GameAnalyzer] Income advantage is now SlightDisadvantage
2024-11-21 07:54:34.959 | 01:59   31ms  150M   52G  21/ 23U [DodgeRampAttack] No attacking units, starting retreat
2024-11-21 07:54:35.034 | 01:59   37ms  160M   56G  21/ 23U [GameAnalyzer] Income advantage is now Even
2024-11-21 07:54:35.743 | 02:01   32ms  180M   60G  21/ 23U [GameAnalyzer] Income advantage is now SlightDisadvantage
2024-11-21 07:54:35.884 | 02:01   32ms  190M   60G  21/ 23U [GameAnalyzer] Income advantage is now Even
2024-11-21 07:54:36.201 | 02:02   28ms  100M   64G  21/ 23U [GameAnalyzer] Income advantage is now SlightDisadvantage
2024-11-21 07:54:36.282 | 02:02   32ms  105M   64G  21/ 23U [GameAnalyzer] Income advantage is now Even
2024-11-21 07:54:38.566 | 02:09   28ms  180M   80G  21/ 31U [GameAnalyzer] Income advantage is now SlightDisadvantage
2024-11-21 07:54:38.641 | 02:09   33ms  185M   80G  21/ 31U [GameAnalyzer] Income advantage is now Even
2024-11-21 07:54:38.940 | 02:10   29ms  195M   84G  21/ 31U [GameAnalyzer] Income advantage is now SlightDisadvantage
2024-11-21 07:54:39.017 | 02:10   30ms  205M   84G  21/ 31U [GameAnalyzer] Income advantage is now Even
2024-11-21 07:54:39.245 | 02:11   29ms  210M   88G  21/ 31U [GameAnalyzer] Income advantage is now SlightDisadvantage
2024-11-21 07:54:39.320 | 02:11   31ms  220M   88G  21/ 31U [GameAnalyzer] Income advantage is now Even
2024-11-21 07:54:39.762 | 02:12   30ms  230M   92G  21/ 31U [GameAnalyzer] Income advantage is now SlightDisadvantage
2024-11-21 07:54:39.837 | 02:12   32ms  240M   92G  21/ 31U [GameAnalyzer] Income advantage is now Even
2024-11-21 07:54:41.112 | 02:16   29ms  245M  100G  21/ 31U [ActUnit] SCV from COMMANDCENTER at (37.5, 129.5)
2024-11-21 07:54:41.661 | 02:17   30ms  260M  104G  22/ 31U [ChatManager] Tag:E_zergling
2024-11-21 07:54:41.903 | 02:18   29ms  265M  108G  22/ 31U [GameAnalyzer] Known army advantage is now Even
2024-11-21 07:54:42.148 | 02:19   32ms  270M  108G  22/ 31U [DodgeRampAttack] Retreat stopped.
2024-11-21 07:54:42.226 | 02:19   33ms  280M  108G  22/ 31U [DodgeRampAttack] Supply is 22 -> attack!
2024-11-21 07:54:42.227 | 02:19   33ms  280M  108G  22/ 31U [DodgeRampAttack] Attack started at 1.00 power.
2024-11-21 07:54:42.460 | 02:20   36ms  285M  112G  22/ 31U [GameAnalyzer] Income advantage is now SlightDisadvantage
2024-11-21 07:54:42.624 | 02:20   34ms  295M  112G  22/ 31U [GameAnalyzer] Income advantage is now Even
2024-11-21 07:54:42.789 | 02:21   33ms  300M  112G  22/ 31U [GameAnalyzer] Income advantage is now SlightDisadvantage
2024-11-21 07:54:43.106 | 02:21   33ms  315M  116G  22/ 31U [GameAnalyzer] Income advantage is now Even
2024-11-21 07:54:43.356 | 02:22   34ms  320M  116G  22/ 31U [GameAnalyzer] Income advantage is now SlightDisadvantage
2024-11-21 07:54:43.440 | 02:22   35ms  320M  116G  22/ 31U [GameAnalyzer] Income advantage is now Even
2024-11-21 07:54:43.832 | 02:23   34ms  330M  120G  22/ 31U [GameAnalyzer] Income advantage is now SlightDisadvantage
2024-11-21 07:54:43.916 | 02:23   35ms  335M  120G  22/ 31U [GameAnalyzer] Income advantage is now Even
2024-11-21 07:54:44.308 | 02:25   32ms  355M  124G  21/ 31U [GameAnalyzer] Income advantage is now SlightDisadvantage
2024-11-21 07:54:44.699 | 02:26   33ms  395M  128G  21/ 31U [GameAnalyzer] Income advantage is now Even
2024-11-21 07:54:44.783 | 02:26   34ms  405M  128G  21/ 31U [Expand] Expanding to (95.5, 134.5)
2024-11-21 07:54:44.862 | 02:26   35ms    5M  128G  21/ 31U [GameAnalyzer] Income advantage is now SlightDisadvantage
2024-11-21 07:54:45.079 | 02:27   30ms   10M  128G  21/ 31U [GameAnalyzer] Income advantage is now Even
2024-11-21 07:54:45.161 | 02:27   31ms   15M  132G  21/ 31U [GameAnalyzer] Income advantage is now SlightDisadvantage
2024-11-21 07:54:45.313 | 02:27   29ms   20M  132G  21/ 31U [GameAnalyzer] Income advantage is now Even
2024-11-21 07:54:45.398 | 02:27   31ms   20M  132G  21/ 31U [GameAnalyzer] Income advantage is now SlightDisadvantage
2024-11-21 07:54:45.471 | 02:28   33ms   20M  132G  21/ 31U [GameAnalyzer] Income advantage is now Even
2024-11-21 07:54:45.632 | 02:28   29ms   25M  132G  21/ 39U [GameAnalyzer] Income advantage is now SlightDisadvantage
2024-11-21 07:54:45.869 | 02:29   29ms   40M  136G  21/ 39U [GameAnalyzer] Income advantage is now Even
2024-11-21 07:54:46.119 | 02:30   29ms   45M  136G  21/ 39U [GameAnalyzer] Income advantage is now SlightDisadvantage
2024-11-21 07:54:46.276 | 02:30   29ms   55M  140G  21/ 39U [GameAnalyzer] Income advantage is now Even
2024-11-21 07:54:46.434 | 02:30   31ms   55M  140G  21/ 39U [GameAnalyzer] Known army advantage is now SlightAdvantage
2024-11-21 07:54:46.436 | 02:30   31ms    5M   90G  21/ 39U [TerranUnit] REAPER from BARRACKS at (38.5, 124.5)
2024-11-21 07:54:46.524 | 02:31   37ms    5M   90G  22/ 39U [GameAnalyzer] Income advantage is now SlightDisadvantage
2024-11-21 07:54:46.681 | 02:31   33ms   15M   90G  22/ 39U [GameAnalyzer] Income advantage is now Even
2024-11-21 07:54:46.921 | 02:32   33ms   25M   94G  22/ 39U [GameAnalyzer] Income advantage is now SlightDisadvantage
2024-11-21 07:54:47.150 | 02:32   32ms   30M   94G  22/ 39U [GameAnalyzer] Income advantage is now Even
2024-11-21 07:54:47.383 | 02:33   31ms   60M   98G  22/ 39U [GameAnalyzer] Income advantage is now SlightDisadvantage
2024-11-21 07:54:47.653 | 02:34   32ms   65M   98G  22/ 39U [GameAnalyzer] Income advantage is now Even
2024-11-21 07:54:47.812 | 02:34   32ms   80M   98G  22/ 39U [GameAnalyzer] Income advantage is now SlightDisadvantage
2024-11-21 07:54:47.892 | 02:34   33ms   85M  102G  22/ 39U [GameAnalyzer] Income advantage is now Even
2024-11-21 07:54:48.202 | 02:35   34ms   90M  102G  22/ 39U [GameAnalyzer] Income advantage is now SlightDisadvantage
2024-11-21 07:54:48.364 | 02:36   31ms  100M  102G  22/ 39U [GameAnalyzer] Income advantage is now Even
2024-11-21 07:54:48.365 | 02:36   31ms   50M  102G  22/ 39U [ActUnit] SCV from COMMANDCENTER at (37.5, 129.5)
2024-11-21 07:54:48.605 | 02:36   30ms   50M  106G  23/ 39U [GameAnalyzer] Income advantage is now SlightDisadvantage
2024-11-21 07:54:48.686 | 02:36   35ms   55M  106G  23/ 39U [GameAnalyzer] Income advantage is now Even
2024-11-21 07:54:48.997 | 02:37   31ms   70M  110G  23/ 39U [GameAnalyzer] Income advantage is now SlightDisadvantage
2024-11-21 07:54:49.080 | 02:38   33ms   75M  110G  23/ 39U [GameAnalyzer] Income advantage is now Even
2024-11-21 07:54:49.241 | 02:38   31ms   80M  110G  23/ 39U [GameAnalyzer] Income advantage is now SlightDisadvantage
2024-11-21 07:54:49.464 | 02:38   34ms   85M  110G  23/ 39U [GameAnalyzer] Income advantage is now Even
2024-11-21 07:54:50.562 | 02:42   33ms  155M  122G  23/ 54U [GameAnalyzer] Income advantage is now SlightDisadvantage
2024-11-21 07:54:50.721 | 02:42   34ms  170M  122G  23/ 54U [GameAnalyzer] Income advantage is now Even
2024-11-21 07:54:50.807 | 02:42   36ms  175M  122G  23/ 54U [GameAnalyzer] Income advantage is now SlightAdvantage
2024-11-21 07:54:51.434 | 02:44   37ms  190M  126G  23/ 54U [GameAnalyzer] Income advantage is now Even
2024-11-21 07:54:51.517 | 02:44   36ms  200M  126G  23/ 54U [GameAnalyzer] Income advantage is now SlightAdvantage
2024-11-21 07:54:52.707 | 02:47   33ms  120M  134G  23/ 54U [GameAnalyzer] Income advantage is now Even
2024-11-21 07:54:52.789 | 02:48   34ms  120M  138G  23/ 54U [GameAnalyzer] Income advantage is now SlightAdvantage
2024-11-21 07:54:52.875 | 02:48   38ms   80M  138G  23/ 54U [ActUnit] SCV from COMMANDCENTER at (37.5, 129.5)
2024-11-21 07:54:53.037 | 02:48   32ms   80M  138G  24/ 54U [GameAnalyzer] Income advantage is now Even
2024-11-21 07:54:53.185 | 02:48   36ms   95M  138G  24/ 54U [GameAnalyzer] Income advantage is now SlightAdvantage
2024-11-21 07:54:54.722 | 02:53   35ms  155M  150G  24/ 54U [GameAnalyzer] Income advantage is now Even
2024-11-21 07:54:54.890 | 02:53   37ms  170M  150G  24/ 54U [GameAnalyzer] Income advantage is now SlightAdvantage
2024-11-21 07:54:55.122 | 02:54  103ms   50M   54G  24/ 54U [GameAnalyzer] Income advantage is now Even
2024-11-21 07:54:55.209 | 02:54   37ms   55M   54G  24/ 54U [GameAnalyzer] Income advantage is now SlightAdvantage
2024-11-21 07:54:55.210 | 02:54   37ms   55M   54G  24/ 54U [ChatManager] Tag:E_queen
2024-11-21 07:54:55.222 | 02:54   37ms   55M   54G  24/ 54U [DodgeRampAttack] Retreat started at 2.00 own local power against 3.00 enemy local power.
2024-11-21 07:54:55.298 | 02:54   36ms   60M   54G  24/ 54U [GameAnalyzer] Known army advantage is now SlightDisadvantage
2024-11-21 07:54:55.299 | 02:54   36ms   60M   54G  24/ 54U [GameAnalyzer] Predicted army advantage is now SmallDisadvantage
2024-11-21 07:54:55.633 | 02:55   31ms   70M   58G  24/ 54U [GameAnalyzer] Income advantage is now Even
2024-11-21 07:54:55.717 | 02:55   37ms   70M   58G  24/ 54U [GameAnalyzer] Income advantage is now SlightAdvantage
2024-11-21 07:54:56.118 | 02:56   31ms   80M   62G  24/ 54U [GameAnalyzer] Income advantage is now Even
2024-11-21 07:54:56.198 | 02:57   36ms   85M   62G  24/ 54U [GameAnalyzer] Income advantage is now SlightAdvantage
2024-11-21 07:54:56.526 | 02:57   32ms  105M   62G  24/ 54U [GameAnalyzer] Income advantage is now Even
2024-11-21 07:54:56.611 | 02:58   35ms  115M   62G  24/ 54U [GameAnalyzer] Income advantage is now SlightAdvantage
2024-11-21 07:54:56.863 | 02:58   35ms  115M   66G  24/ 54U [GameAnalyzer] Income advantage is now Even
2024-11-21 07:54:56.948 | 02:59   37ms  120M   66G  24/ 54U [GameAnalyzer] Income advantage is now SlightAdvantage
2024-11-21 07:54:57.353 | 02:59   34ms  140M   70G  24/ 54U [GameAnalyzer] Income advantage is now Even
2024-11-21 07:54:57.439 | 03:00   36ms  145M   70G  24/ 54U [GameAnalyzer] Income advantage is now SlightAdvantage
2024-11-21 07:54:57.606 | 03:00   33ms  125M   70G  24/ 54U [ActUnit] SCV from COMMANDCENTER at (37.5, 129.5)
2024-11-21 07:54:58.258 | 03:02   35ms  155M   74G  25/ 54U [GameAnalyzer] Income advantage is now Even
2024-11-21 07:54:58.339 | 03:02   35ms  165M   74G  25/ 54U [GameAnalyzer] Income advantage is now SlightAdvantage
2024-11-21 07:54:58.423 | 03:02   35ms  165M   78G  25/ 54U [GameAnalyzer] Income advantage is now SmallAdvantage
2024-11-21 07:54:58.508 | 03:03   37ms  165M   78G  25/ 54U [GameAnalyzer] Income advantage is now SlightAdvantage
2024-11-21 07:54:58.509 | 03:03   37ms  165M   78G  25/ 54U [GameAnalyzer] Known army advantage is now Even
2024-11-21 07:54:58.511 | 03:03   37ms  115M   78G  25/ 54U [TerranUnit] MARINE from BARRACKS at (38.5, 124.5)
2024-11-21 07:54:58.521 | 03:03   37ms  115M   78G  25/ 54U [BuildAddon] UnitTypeId.BARRACKSREACTOR to (41.0, 124.0)
2024-11-21 07:54:59.938 | 03:06   35ms  175M   86G  26/ 54U [GameAnalyzer] Income advantage is now Even
2024-11-21 07:55:00.122 | 03:07   44ms  210M   90G  26/ 54U [GameAnalyzer] Income advantage is now SlightAdvantage
2024-11-21 07:55:01.140 | 03:09   36ms  195M   94G  26/ 54U [ActUnit] SCV from COMMANDCENTER at (65.5, 133.5)
2024-11-21 07:55:02.383 | 03:12   34ms  245M  102G  27/ 54U [GameAnalyzer] Income advantage is now SmallAdvantage
2024-11-21 07:55:02.385 | 03:12   34ms  195M  102G  27/ 54U [ActUnit] SCV from COMMANDCENTER at (37.5, 129.5)
2024-11-21 07:55:02.474 | 03:13   40ms  200M  106G  28/ 54U [GameAnalyzer] Income advantage is now SlightAdvantage
2024-11-21 07:55:02.958 | 03:14   34ms  245M  106G  28/ 54U [GameAnalyzer] Income advantage is now SmallAdvantage
2024-11-21 07:55:03.045 | 03:14   38ms  245M  110G  28/ 54U [GameAnalyzer] Income advantage is now SlightAdvantage
2024-11-21 07:55:03.057 | 03:14   38ms  245M  110G  28/ 54U [DodgeRampAttack] Retreat stopped.
2024-11-21 07:55:03.144 | 03:14   37ms  250M  110G  28/ 54U [DodgeRampAttack] Supply is 28 -> attack!
2024-11-21 07:55:03.145 | 03:14   37ms  250M  110G  28/ 54U [DodgeRampAttack] Attack started at 3.00 power.
2024-11-21 07:55:03.724 | 03:16   35ms  285M  114G  28/ 54U [GameAnalyzer] Income advantage is now SmallAdvantage
2024-11-21 07:55:03.895 | 03:16   35ms  290M  114G  28/ 54U [GameAnalyzer] Income advantage is now SlightAdvantage
2024-11-21 07:55:04.147 | 03:17   36ms  305M  114G  28/ 54U [GameAnalyzer] Income advantage is now SmallAdvantage
2024-11-21 07:55:04.232 | 03:17   39ms  305M  118G  28/ 54U [GameAnalyzer] Income advantage is now SlightAdvantage
2024-11-21 07:55:04.464 | 03:17  102ms  335M  118G  28/ 54U [GameAnalyzer] Income advantage is now SmallAdvantage
2024-11-21 07:55:04.719 | 03:18   35ms  340M  118G  28/ 54U [GameAnalyzer] Income advantage is now SlightAdvantage
2024-11-21 07:55:05.503 | 03:20   38ms  405M  126G  28/ 54U [Expand] Expanding to (60.5, 106.5)
2024-11-21 07:55:05.591 | 03:20   42ms    5M  126G  28/ 54U [GameAnalyzer] Known army advantage is now SlightAdvantage
2024-11-21 07:55:06.258 | 03:22   37ms   40M  130G  28/ 54U [GameAnalyzer] Income advantage is now SmallAdvantage
2024-11-21 07:55:06.434 | 03:22   34ms   40M  130G  28/ 54U [GameAnalyzer] Income advantage is now SlightAdvantage
2024-11-21 07:55:06.706 | 03:23   37ms    5M  134G  28/ 54U [TerranUnit] MARINE from BARRACKS at (38.5, 124.5)
2024-11-21 07:55:06.889 | 03:24   36ms   25M  134G  29/ 54U [GameAnalyzer] Income advantage is now SmallAdvantage
2024-11-21 07:55:06.981 | 03:24   36ms   25M  134G  29/ 54U [GameAnalyzer] Income advantage is now SlightAdvantage
2024-11-21 07:55:07.150 | 03:24   34ms   55M  134G  29/ 54U [GameAnalyzer] Income advantage is now SmallAdvantage
2024-11-21 07:55:07.847 | 03:26   38ms   80M  142G  29/ 54U [GameAnalyzer] Income advantage is now SlightAdvantage
2024-11-21 07:55:08.095 | 03:26   37ms   95M  142G  29/ 54U [GameAnalyzer] Income advantage is now SmallAdvantage
2024-11-21 07:55:08.270 | 03:27   36ms   50M  142G  29/ 54U [ActUnit] SCV from COMMANDCENTER at (37.5, 129.5)
2024-11-21 07:55:08.445 | 03:27   37ms   50M  146G  30/ 54U [GameAnalyzer] Income advantage is now SlightAdvantage
2024-11-21 07:55:08.882 | 03:28   36ms   85M  146G  30/ 54U [GameAnalyzer] Income advantage is now SmallAdvantage
2024-11-21 07:55:09.316 | 03:30   36ms  110M  150G  30/ 54U [GameAnalyzer] Income advantage is now SlightAdvantage
2024-11-21 07:55:09.405 | 03:30   38ms  115M  150G  30/ 54U [GameAnalyzer] Income advantage is now SmallAdvantage
2024-11-21 07:55:09.493 | 03:30   40ms  120M  150G  30/ 54U [GameAnalyzer] Income advantage is now ClearAdvantage
2024-11-21 07:55:09.585 | 03:30   38ms  145M  154G  30/ 54U [GameAnalyzer] Income advantage is now SmallAdvantage
2024-11-21 07:55:09.836 | 03:31   40ms  170M  154G  30/ 54U [GameAnalyzer] Income advantage is now ClearAdvantage
2024-11-21 07:55:09.929 | 03:31   39ms  170M  154G  30/ 54U [GameAnalyzer] Income advantage is now SmallAdvantage
2024-11-21 07:55:10.020 | 03:31   41ms  175M  154G  30/ 54U [GameAnalyzer] Income advantage is now ClearAdvantage
2024-11-21 07:55:10.117 | 03:31   41ms  180M  154G  30/ 54U [GameAnalyzer] Income advantage is now SmallAdvantage
2024-11-21 07:55:10.394 | 03:32   42ms  185M  158G  30/ 54U [GameAnalyzer] Income advantage is now ClearAdvantage
2024-11-21 07:55:10.580 | 03:32   37ms  190M  158G  30/ 54U [GameAnalyzer] Income advantage is now SmallAdvantage
2024-11-21 07:55:10.759 | 03:33   38ms  210M  158G  30/ 54U [GameAnalyzer] Income advantage is now ClearAdvantage
2024-11-21 07:55:11.129 | 03:34   37ms  220M  162G  30/ 54U [GameAnalyzer] Income advantage is now SmallAdvantage
2024-11-21 07:55:11.223 | 03:34   44ms  220M  162G  30/ 54U [GameAnalyzer] Income advantage is now ClearAdvantage
2024-11-21 07:55:11.673 | 03:35   38ms  225M  166G  30/ 54U [GameAnalyzer] Income advantage is now SmallAdvantage
2024-11-21 07:55:11.851 | 03:35   40ms  250M  166G  30/ 54U [GameAnalyzer] Income advantage is now ClearAdvantage
2024-11-21 07:55:11.853 | 03:35   40ms  200M  166G  30/ 54U [ActUnit] SCV from COMMANDCENTER at (65.5, 133.5)
2024-11-21 07:55:12.038 | 03:36   38ms  210M  166G  31/ 54U [GameAnalyzer] Income advantage is now SmallAdvantage
2024-11-21 07:55:12.230 | 03:36   37ms  215M  170G  31/ 54U [GameAnalyzer] Income advantage is now ClearAdvantage
2024-11-21 07:55:12.416 | 03:37   39ms  245M  170G  31/ 54U [GameAnalyzer] Income advantage is now SmallAdvantage
2024-11-21 07:55:12.510 | 03:37   39ms  270M  170G  31/ 54U [GameAnalyzer] Income advantage is now ClearAdvantage
2024-11-21 07:55:12.604 | 03:37   40ms  275M  170G  31/ 54U [GameAnalyzer] Income advantage is now SmallAdvantage
2024-11-21 07:55:13.059 | 03:38   38ms  305M  174G  31/ 54U [GameAnalyzer] Income advantage is now ClearAdvantage
2024-11-21 07:55:13.314 | 03:39   38ms  315M  174G  31/ 54U [GameAnalyzer] Income advantage is now SmallAdvantage
2024-11-21 07:55:13.406 | 03:39   39ms  315M  174G  31/ 54U [GameAnalyzer] Income advantage is now ClearAdvantage
2024-11-21 07:55:13.408 | 03:39   39ms  215M  174G  31/ 54U [TerranUnit] HELLION from FACTORY at (45.5, 128.5)
2024-11-21 07:55:14.247 | 03:41   38ms  255M  182G  33/ 54U [GameAnalyzer] Known army advantage is now SmallAdvantage
2024-11-21 07:55:14.247 | 03:41   38ms  255M  182G  33/ 54U [GameAnalyzer] Predicted army advantage is now SlightDisadvantage
2024-11-21 07:55:14.986 | 03:42   42ms  275M  186G  33/ 54U [GameAnalyzer] Income advantage is now SmallAdvantage
2024-11-21 07:55:15.084 | 03:43   44ms  285M  186G  33/ 54U [GameAnalyzer] Income advantage is now ClearAdvantage
2024-11-21 07:55:15.277 | 03:43   40ms  270M  186G  33/ 54U [TerranUnit] MARINE from BARRACKS at (38.5, 124.5)
2024-11-21 07:55:16.296 | 03:45  110ms  335M  194G  34/ 54U [GameAnalyzer] Predicted army advantage is now SmallDisadvantage
2024-11-21 07:55:16.591 | 03:46   43ms  345M  194G  34/ 54U [GameAnalyzer] Income advantage is now SmallAdvantage
2024-11-21 07:55:16.694 | 03:46   46ms  355M  194G  34/ 54U [GameAnalyzer] Income advantage is now ClearAdvantage
2024-11-21 07:55:16.696 | 03:46   46ms  305M  194G  34/ 54U [ActUnit] SCV from COMMANDCENTER at (37.5, 129.5)
2024-11-21 07:55:17.086 | 03:47   42ms  310M  198G  35/ 54U [GameAnalyzer] Income advantage is now SmallAdvantage
2024-11-21 07:55:17.182 | 03:47   46ms  320M  198G  35/ 54U [GameAnalyzer] Income advantage is now ClearAdvantage
2024-11-21 07:55:17.838 | 03:49   48ms  305M  202G  35/ 54U [ActUnit] SCV from COMMANDCENTER at (65.5, 133.5)
2024-11-21 07:55:18.125 | 03:49   44ms  305M  206G  36/ 54U [GameAnalyzer] Income advantage is now SmallAdvantage
2024-11-21 07:55:18.222 | 03:50   43ms  335M  206G  36/ 54U [GameAnalyzer] Income advantage is now ClearAdvantage
2024-11-21 07:55:18.515 | 03:50   41ms  350M  206G  36/ 54U [GameAnalyzer] Income advantage is now SmallAdvantage
2024-11-21 07:55:18.617 | 03:51   43ms  365M  206G  36/ 54U [GameAnalyzer] Income advantage is now ClearAdvantage
2024-11-21 07:55:19.014 | 03:51   45ms  405M  210G  36/ 54U [Expand] Expanding to (93.5, 109.5)
2024-11-21 07:55:19.110 | 03:52   49ms  405M  210G  36/ 54U [GameAnalyzer] Income advantage is now SmallAdvantage
2024-11-21 07:55:19.120 | 03:52   49ms  405M  210G  36/ 54U [Expand] Expanding to (93.5, 109.5)
2024-11-21 07:55:19.282 | 03:52   48ms   10M  210G  36/ 54U [GameAnalyzer] Income advantage is now ClearAdvantage
2024-11-21 07:55:19.558 | 03:53   38ms   20M  214G  36/ 54U [GameAnalyzer] Income advantage is now SmallAdvantage
2024-11-21 07:55:19.733 | 03:53   37ms   25M  214G  36/ 54U [GameAnalyzer] Income advantage is now ClearAdvantage
2024-11-21 07:55:22.140 | 03:59   42ms  180M  230G  36/ 69U [ChatManager] Tag:E_roach
2024-11-21 07:55:22.253 | 03:59   48ms  180M  230G  36/ 69U [DodgeRampAttack] Retreat started at 4.00 own local power against 6.00 enemy local power.
2024-11-21 07:55:23.052 | 04:00   45ms  245M  234G  36/ 69U [GameAnalyzer] Predicted army advantage is now Even
2024-11-21 07:55:23.157 | 04:01   49ms  150M  234G  36/ 69U [TerranUnit] HELLION from FACTORY at (45.5, 128.5)
2024-11-21 07:55:23.270 | 04:01   50ms  155M  234G  38/ 69U [GameAnalyzer] Known army advantage is now Even
2024-11-21 07:55:23.271 | 04:01   50ms  155M  234G  38/ 69U [GameAnalyzer] Predicted army advantage is now SmallDisadvantage
2024-11-21 07:55:24.130 | 04:02   48ms  150M  238G  38/ 69U [TerranUnit] MARINE from BARRACKS at (38.5, 124.5)
2024-11-21 07:55:28.564 | 04:11   46ms  240M  262G  39/ 69U [GameAnalyzer] Known army advantage is now SlightDisadvantage
2024-11-21 07:55:28.680 | 04:11   50ms  200M  262G  39/ 69U [ActUnit] SCV from COMMANDCENTER at (37.5, 129.5)
2024-11-21 07:55:29.811 | 04:14   49ms  205M  270G  40/ 69U [ActUnit] SCV from COMMANDCENTER at (65.5, 133.5)
2024-11-21 07:55:31.201 | 04:16   47ms  300M  278G  41/ 69U [DefensiveBuilding] Building BUNKER to (99.29628301182649, 131.24604313272016)
2024-11-21 07:55:32.513 | 04:19   46ms  255M  286G  41/ 69U [DodgeRampAttack] Retreat stopped.
2024-11-21 07:55:33.110 | 04:20   45ms  245M  290G  41/ 69U [TerranUnit] MARINE from BARRACKS at (38.5, 124.5)
2024-11-21 07:55:33.116 | 04:20   45ms  245M  290G  41/ 69U [BuildAddon] UnitTypeId.BARRACKSREACTOR to (41.0, 124.0)
2024-11-21 07:55:33.938 | 04:22   45ms  330M  294G  42/ 69U [DefensiveBuilding] Building BUNKER to (103.29628301182649, 133.24604313272016)
2024-11-21 07:55:34.053 | 04:22   61ms  235M  294G  42/ 69U [GameAnalyzer] Known army advantage is now SlightAdvantage
2024-11-21 07:55:34.054 | 04:22   61ms  235M  294G  42/ 69U [GameAnalyzer] Predicted army advantage is now SlightDisadvantage
2024-11-21 07:55:34.069 | 04:22   61ms  235M  294G  42/ 69U [DodgeRampAttack] Supply is 42 -> attack!
2024-11-21 07:55:34.070 | 04:22   61ms  235M  294G  42/ 69U [DodgeRampAttack] Attack started at 11.00 power.
2024-11-21 07:55:34.793 | 04:24   48ms  220M  298G  42/ 69U [ActUnit] SCV from COMMANDCENTER at (37.5, 129.5)
2024-11-21 07:55:35.960 | 04:26   48ms  225M  302G  43/ 69U [ActUnit] SCV from COMMANDCENTER at (65.5, 133.5)
2024-11-21 07:55:37.442 | 04:28   50ms  300M  310G  44/ 69U [DefensiveBuilding] Building BUNKER to (97.56866735603367, 106.59380903140452)
2024-11-21 07:55:38.743 | 04:31   51ms  255M  318G  44/ 69U [GameAnalyzer] Known army advantage is now Even
2024-11-21 07:55:39.249 | 04:32   55ms  265M  318G  44/ 69U [GameAnalyzer] Known army advantage is now SlightDisadvantage
2024-11-21 07:55:39.249 | 04:32   55ms  265M  318G  44/ 69U [GameAnalyzer] Predicted army advantage is now SmallDisadvantage
2024-11-21 07:55:40.550 | 04:34   52ms  290M  326G  44/ 69U [ActUnit] SCV from COMMANDCENTER at (95.5, 134.5)
2024-11-21 07:55:41.747 | 04:36   52ms  310M  330G  45/ 69U [ActUnit] SCV from COMMANDCENTER at (37.5, 129.5)
2024-11-21 07:55:42.273 | 04:37   52ms  330M  334G  46/ 69U [DefensiveBuilding] Building BUNKER to (60.5, 101.5)
2024-11-21 07:55:43.104 | 04:38   53ms  255M  338G  46/ 69U [GameAnalyzer] Known army advantage is now Even
2024-11-21 07:55:43.106 | 04:38   53ms  205M  338G  46/ 69U [TerranUnit] MARINE from BARRACKS at (38.5, 124.5)
2024-11-21 07:55:43.107 | 04:38   53ms  155M  338G  46/ 69U [ActUnit] SCV from COMMANDCENTER at (65.5, 133.5)
2024-11-21 07:55:43.378 | 04:39   54ms  195M  338G  48/ 69U [GameAnalyzer] Known army advantage is now SlightDisadvantage
2024-11-21 07:55:47.419 | INFO     | sc2.protocol:_execute:72 - Client status changed to Status.ended (was Status.in_game)
2024-11-21 07:55:47.420 | Result: Defeat
2024-11-21 07:55:47.421 | Duration: 04:45
2024-11-21 07:55:47.422 | Step time min: 13
2024-11-21 07:55:47.422 | Step time avg: 34
2024-11-21 07:55:47.423 | Step time max: 619
2024-11-21 07:55:47.423 | [LostUnitsContents] My lost units minerals and gas: (50, 0)
2024-11-21 07:55:47.424 | [LostUnitsContents] My lost units minerals by score: 50.0
2024-11-21 07:55:47.425 | [LostUnitsContents] Enemy lost units minerals and gas: (425, 50)
2024-11-21 07:55:47.425 | [LostUnitsContents] Enemy lost units minerals by score: 425.0
2024-11-21 07:55:47.427 | [GameAnalyzerEnd] Own units:
2024-11-21 07:55:47.428 | [GameAnalyzerEnd] SCV               total:  32 alive:  31 dead:   1 
2024-11-21 07:55:47.429 | [GameAnalyzerEnd] MARINE            total:   5 alive:   5 dead:   0 
2024-11-21 07:55:47.429 | [GameAnalyzerEnd] BUNKER            total:   4 alive:   4 dead:   0 
2024-11-21 07:55:47.430 | [GameAnalyzerEnd] SUPPLYDEPOT       total:   3 alive:   3 dead:   0 
2024-11-21 07:55:47.430 | [GameAnalyzerEnd] MULE              total:   3 alive:   3 dead:   0 
2024-11-21 07:55:47.431 | [GameAnalyzerEnd] REAPER            total:   3 alive:   3 dead:   0 
2024-11-21 07:55:47.431 | [GameAnalyzerEnd] ORBITALCOMMAND    total:   3 alive:   3 dead:   0 
2024-11-21 07:55:47.432 | [GameAnalyzerEnd] HELLION           total:   2 alive:   2 dead:   0 
2024-11-21 07:55:47.433 | [GameAnalyzerEnd] COMMANDCENTER     total:   2 alive:   2 dead:   0 
2024-11-21 07:55:47.434 | [GameAnalyzerEnd] FACTORY           total:   1 alive:   1 dead:   0 
2024-11-21 07:55:47.434 | [GameAnalyzerEnd] BARRACKS          total:   1 alive:   1 dead:   0 
2024-11-21 07:55:47.435 | [GameAnalyzerEnd] REFINERY          total:   1 alive:   1 dead:   0 
2024-11-21 07:55:47.435 | [GameAnalyzerEnd] Enemy units:
2024-11-21 07:55:47.436 | [GameAnalyzerEnd] DRONE             total:  19 alive:  18 dead:   1 
2024-11-21 07:55:47.437 | [GameAnalyzerEnd] ZERGLING          total:  14 alive:   5 dead:   9 
2024-11-21 07:55:47.438 | [GameAnalyzerEnd] OVERLORD          total:   4 alive:   4 dead:   0 
2024-11-21 07:55:47.438 | [GameAnalyzerEnd] ROACH             total:   4 alive:   2 dead:   2 
2024-11-21 07:55:47.439 | [GameAnalyzerEnd] HATCHERY          total:   2 alive:   2 dead:   0 
2024-11-21 07:55:47.440 | [GameAnalyzerEnd] EXTRACTOR         total:   2 alive:   2 dead:   0 
2024-11-21 07:55:47.440 | [GameAnalyzerEnd] SPAWNINGPOOL      total:   1 alive:   1 dead:   0 
2024-11-21 07:55:47.441 | [GameAnalyzerEnd] QUEEN             total:   1 alive:   1 dead:   0 
2024-11-21 07:55:47.442 | [GameAnalyzerEnd] Minerals max 405 Average 172
2024-11-21 07:55:47.442 | [GameAnalyzerEnd] Vespene max 354 Average 109
2024-11-21 07:55:47.443 | INFO     | sc2.main:_play_game:228 - Result for player 1 - Bot LadderBot(Terran): Defeat
2024-11-21 07:55:49.736 | INFO     | sc2.protocol:__request:48 - Cannot receive: Game has already ended.
2024-11-21 07:55:49.739 | INFO     | sc2.sc2process:_close_connection:231 - Closing connection at 58139...
2024-11-21 07:55:49.740 | INFO     | sc2.sc2process:kill_all:33 - kill_switch: Process cleanup for 1 processes
