2024-11-17 07:44:31.764 | INFO     | sc2.protocol:_execute:72 - Client status changed to Status.launched (was None)
2024-11-17 07:44:31.765 | INFO     | sc2.controller:create_game:37 - Creating new game
2024-11-17 07:44:31.766 | INFO     | sc2.controller:create_game:38 - Map:     Gresvan513AIE
2024-11-17 07:44:31.767 | INFO     | sc2.controller:create_game:39 - Players: Bot LadderBot(Terran), Computer VeryHard(Zerg, RandomBuild)
2024-11-17 07:44:31.770 | INFO     | sc2.protocol:_execute:72 - Client status changed to Status.init_game (was Status.launched)
2024-11-17 07:44:43.471 | INFO     | sc2.protocol:_execute:72 - Client status changed to Status.in_game (was None)
2024-11-17 07:44:43.472 | INFO     | sc2.main:_play_game:221 - Player 1 - Bot LadderBot(Terran)
2024-11-17 07:44:44.222 | 00:00    0ms    0M    0G  12/ 15U [Version] 5.0.13.92440
2024-11-17 07:44:44.224 | 00:00    0ms    0M    0G  12/ 15U [Version] 5.0.6 Balance mod recognized.
2024-11-17 07:44:44.340 | 00:00    0ms    0M    0G  12/ 15U [ZoneManager] Map set to: MapName.Unknown from name: GresvanAIE and hash: 3547936.
2024-11-17 07:44:45.744 | 00:00    0ms    0M    0G  12/ 15U [Build] Att at 60
2024-11-17 07:44:45.800 | [Start] My race: Terran
2024-11-17 07:44:45.801 | [Start] Opponent race: Zerg
2024-11-17 07:44:45.801 | [Start] OpponentId: None
2024-11-17 07:44:46.160 | 00:00   14ms    0M    0G  13/ 15U [GameAnalyzer] Income advantage is now SlightDisadvantage
2024-11-17 07:44:46.281 | 00:01   15ms    0M    0G  13/ 15U [GameAnalyzer] Income advantage is now Even
2024-11-17 07:44:48.337 | 00:09   18ms   85M    0G  13/ 15U [GameAnalyzer] Income advantage is now SlightDisadvantage
2024-11-17 07:44:48.395 | 00:09   16ms   90M    0G  13/ 15U [GameAnalyzer] Income advantage is now Even
2024-11-17 07:44:49.645 | 00:14   17ms    0M    0G  13/ 15U [ActUnit] SCV from COMMANDCENTER at (38.5, 121.5)
2024-11-17 07:44:52.923 | 00:27   16ms  115M    0G  14/ 15U [ActUnit] SCV from COMMANDCENTER at (38.5, 121.5)
2024-11-17 07:44:55.603 | 00:36   85ms   10M    0G  15/ 23U [BuildGas] Building REFINERY to (45.5, 124.5)
2024-11-17 07:44:56.420 | 00:39   18ms    5M    0G  15/ 23U [ActUnit] SCV from COMMANDCENTER at (38.5, 121.5)
2024-11-17 07:44:59.849 | 00:52   18ms  105M    0G  16/ 23U [ActUnit] SCV from COMMANDCENTER at (38.5, 121.5)
2024-11-17 07:45:03.436 | 01:04   21ms  205M    4G  17/ 23U [ActUnit] SCV from COMMANDCENTER at (38.5, 121.5)
2024-11-17 07:45:06.003 | 01:11   22ms  290M   20G  18/ 23U [GameAnalyzer] Income advantage is now SlightDisadvantage
2024-11-17 07:45:06.145 | 01:11   25ms  300M   20G  18/ 23U [GameAnalyzer] Income advantage is now SmallDisadvantage
2024-11-17 07:45:06.282 | 01:12   26ms  305M   24G  18/ 23U [GameAnalyzer] Income advantage is now SlightDisadvantage
2024-11-17 07:45:06.436 | 01:12   27ms  310M   24G  18/ 23U [GameAnalyzer] Income advantage is now SmallDisadvantage
2024-11-17 07:45:06.646 | 01:12   23ms  320M   24G  18/ 23U [GameAnalyzer] Income advantage is now SlightDisadvantage
2024-11-17 07:45:06.955 | 01:13   28ms  320M   28G  18/ 23U [GameAnalyzer] Income advantage is now SmallDisadvantage
2024-11-17 07:45:07.033 | 01:14   29ms  320M   28G  18/ 23U [ChatManager] Tag:E_overlord
2024-11-17 07:45:07.121 | 01:14   28ms  330M   28G  18/ 23U [GameAnalyzer] Income advantage is now SlightDisadvantage
2024-11-17 07:45:07.277 | 01:14   26ms  335M   28G  18/ 23U [GameAnalyzer] Income advantage is now SmallDisadvantage
2024-11-17 07:45:07.429 | 01:15   27ms  345M   32G  18/ 23U [GameAnalyzer] Income advantage is now SlightDisadvantage
2024-11-17 07:45:07.586 | 01:15   25ms  345M   32G  18/ 23U [GameAnalyzer] Income advantage is now SmallDisadvantage
2024-11-17 07:45:07.741 | 01:16   27ms  350M   32G  18/ 23U [GameAnalyzer] Income advantage is now Even
2024-11-17 07:45:07.980 | 01:16   28ms  320M   36G  18/ 23U [ActUnit] SCV from COMMANDCENTER at (38.5, 121.5)
2024-11-17 07:45:08.065 | 01:17   30ms  320M   36G  19/ 23U [GameAnalyzer] Predicted army advantage is now SlightDisadvantage
2024-11-17 07:45:08.216 | 01:17   26ms  330M   36G  19/ 23U [GameAnalyzer] Income advantage is now SlightDisadvantage
2024-11-17 07:45:08.296 | 01:17   28ms  330M   36G  19/ 23U [GameAnalyzer] Income advantage is now Even
2024-11-17 07:45:08.908 | 01:19   28ms  340M   40G  19/ 23U [GameAnalyzer] Income advantage is now SlightDisadvantage
2024-11-17 07:45:09.056 | 01:19   25ms  350M   44G  19/ 23U [GameAnalyzer] Income advantage is now Even
2024-11-17 07:45:09.446 | 01:20   25ms  355M   48G  19/ 23U [GameAnalyzer] Income advantage is now SlightDisadvantage
2024-11-17 07:45:09.606 | 01:21   28ms  375M   48G  19/ 23U [GameAnalyzer] Income advantage is now Even
2024-11-17 07:45:09.680 | 01:21   28ms  375M   48G  19/ 23U [GameAnalyzer] Income advantage is now SlightDisadvantage
2024-11-17 07:45:09.830 | 01:21   28ms  390M   48G  19/ 23U [GameAnalyzer] Income advantage is now Even
2024-11-17 07:45:10.063 | 01:22   28ms  390M   52G  19/ 23U [GameAnalyzer] Income advantage is now SlightDisadvantage
2024-11-17 07:45:10.449 | 01:23   25ms  400M   52G  19/ 23U [Expand] Expanding to (36.5, 89.5)
2024-11-17 07:45:10.523 | 01:23   30ms    0M   56G  19/ 23U [GameAnalyzer] Income advantage is now SmallDisadvantage
2024-11-17 07:45:13.495 | 01:32   26ms   20M   76G  19/ 23U [GameAnalyzer] Income advantage is now Even
2024-11-17 07:45:14.338 | 01:34   28ms   45M   84G  19/ 23U [GameAnalyzer] Income advantage is now SlightDisadvantage
2024-11-17 07:45:14.506 | 01:35   33ms   55M   84G  19/ 23U [GameAnalyzer] Income advantage is now Even
2024-11-17 07:45:15.563 | 01:37   29ms   85M   92G  19/ 23U [GameAnalyzer] Income advantage is now SlightDisadvantage
2024-11-17 07:45:15.636 | 01:38   29ms   85M   92G  19/ 23U [GameAnalyzer] Income advantage is now Even
2024-11-17 07:45:15.942 | 01:39   27ms  105M   96G  19/ 23U [GameAnalyzer] Income advantage is now SlightDisadvantage
2024-11-17 07:45:16.089 | 01:39   26ms  115M   96G  19/ 23U [GameAnalyzer] Income advantage is now Even
2024-11-17 07:45:17.158 | 01:42   26ms    0M  104G  19/ 23U [GameAnalyzer] Income advantage is now SlightDisadvantage
2024-11-17 07:45:17.229 | 01:42   31ms    5M  104G  19/ 23U [GameAnalyzer] Income advantage is now Even
2024-11-17 07:45:18.114 | 01:45   31ms   35M  112G  19/ 23U [GameAnalyzer] Income advantage is now SlightDisadvantage
2024-11-17 07:45:18.193 | 01:45   27ms   40M  112G  19/ 23U [GameAnalyzer] Income advantage is now Even
2024-11-17 07:45:18.276 | 01:45   29ms    0M   62G  19/ 23U [TerranUnit] REAPER from BARRACKS at (39.5, 113.5)
2024-11-17 07:45:18.498 | 01:46   28ms   10M   66G  20/ 23U [GameAnalyzer] Income advantage is now SlightDisadvantage
2024-11-17 07:45:18.576 | 01:46   30ms   10M   66G  20/ 23U [GameAnalyzer] Income advantage is now Even
2024-11-17 07:45:19.830 | 01:50   28ms   55M   74G  20/ 23U [GameAnalyzer] Income advantage is now SlightDisadvantage
2024-11-17 07:45:19.907 | 01:50   28ms   60M   78G  20/ 23U [GameAnalyzer] Income advantage is now Even
2024-11-17 07:45:20.135 | 01:51   28ms   70M   78G  20/ 23U [GameAnalyzer] Income advantage is now SlightDisadvantage
2024-11-17 07:45:20.212 | 01:51   31ms    5M   78G  20/ 23U [BuildGas] Building REFINERY to (42.5, 128.5)
2024-11-17 07:45:20.360 | 01:51   29ms   15M   82G  20/ 23U [GameAnalyzer] Income advantage is now Even
2024-11-17 07:45:20.432 | 01:52   31ms   15M   82G  20/ 23U [GameAnalyzer] Income advantage is now SlightDisadvantage
2024-11-17 07:45:20.586 | 01:52   27ms   20M   82G  20/ 23U [GameAnalyzer] Income advantage is now Even
2024-11-17 07:45:21.543 | 01:55   28ms   45M   90G  20/ 23U [GameAnalyzer] Income advantage is now SlightDisadvantage
2024-11-17 07:45:21.851 | 01:56   31ms   55M   90G  20/ 23U [GameAnalyzer] Income advantage is now Even
2024-11-17 07:45:22.012 | 01:56   27ms   65M   94G  20/ 31U [GameAnalyzer] Income advantage is now SlightDisadvantage
2024-11-17 07:45:22.160 | 01:56   28ms   75M   94G  20/ 31U [GameAnalyzer] Income advantage is now Even
2024-11-17 07:45:23.301 | 02:00   31ms  105M  102G  20/ 31U [GameAnalyzer] Income advantage is now SlightDisadvantage
2024-11-17 07:45:23.457 | 02:00   29ms  115M  102G  20/ 31U [GameAnalyzer] Income advantage is now Even
2024-11-17 07:45:23.534 | 02:00   31ms  115M  106G  20/ 31U [GameAnalyzer] Income advantage is now SlightDisadvantage
2024-11-17 07:45:23.686 | 02:01   29ms  125M  106G  20/ 31U [GameAnalyzer] Income advantage is now Even
2024-11-17 07:45:24.753 | 02:04   30ms  160M  114G  20/ 31U [GameAnalyzer] Income advantage is now SlightDisadvantage
2024-11-17 07:45:24.834 | 02:04   33ms  160M  114G  20/ 31U [GameAnalyzer] Income advantage is now Even
2024-11-17 07:45:25.134 | 02:05   30ms  170M  118G  20/ 31U [GameAnalyzer] Income advantage is now SlightDisadvantage
2024-11-17 07:45:25.212 | 02:05   34ms  175M  118G  20/ 31U [GameAnalyzer] Income advantage is now Even
2024-11-17 07:45:25.288 | 02:05   31ms  180M  118G  20/ 31U [GameAnalyzer] Income advantage is now SlightDisadvantage
2024-11-17 07:45:25.368 | 02:05   30ms  185M  118G  20/ 31U [GameAnalyzer] Income advantage is now Even
2024-11-17 07:45:25.525 | 02:06   29ms  195M  118G  20/ 31U [GameAnalyzer] Income advantage is now SlightDisadvantage
2024-11-17 07:45:25.611 | 02:06   34ms  195M  122G  20/ 31U [GameAnalyzer] Income advantage is now Even
2024-11-17 07:45:25.762 | 02:07   29ms  150M  122G  20/ 31U [ActUnit] SCV from COMMANDCENTER at (38.5, 121.5)
2024-11-17 07:45:25.883 | 02:07   30ms  150M  122G  21/ 31U [DodgeRampAttack] Supply is 21 -> attack!
2024-11-17 07:45:25.884 | 02:07   30ms  150M  122G  21/ 31U [DodgeRampAttack] Attack started at 0.00 power.
2024-11-17 07:45:25.966 | 02:07   38ms  150M  122G  21/ 31U [DodgeRampAttack] No attacking units, starting retreat
2024-11-17 07:45:26.127 | 02:07   31ms  155M  122G  21/ 31U [GameAnalyzer] Income advantage is now SlightDisadvantage
2024-11-17 07:45:26.199 | 02:08   33ms  165M  126G  21/ 31U [GameAnalyzer] Income advantage is now Even
2024-11-17 07:45:26.882 | 02:09   29ms  185M  130G  21/ 31U [GameAnalyzer] Income advantage is now SlightDisadvantage
2024-11-17 07:45:27.032 | 02:10   29ms  200M  130G  21/ 31U [GameAnalyzer] Income advantage is now Even
2024-11-17 07:45:27.186 | 02:10   32ms  205M  130G  21/ 31U [GameAnalyzer] Income advantage is now SlightDisadvantage
2024-11-17 07:45:27.261 | 02:11   30ms  205M  134G  21/ 31U [GameAnalyzer] Income advantage is now Even
2024-11-17 07:45:27.641 | 02:12   31ms  210M  134G  21/ 31U [GameAnalyzer] Income advantage is now SlightDisadvantage
2024-11-17 07:45:27.715 | 02:12   31ms  215M  134G  21/ 31U [GameAnalyzer] Income advantage is now Even
2024-11-17 07:45:28.254 | 02:13   30ms  240M  142G  21/ 31U [GameAnalyzer] Income advantage is now SlightDisadvantage
2024-11-17 07:45:28.326 | 02:14   33ms  245M  142G  21/ 31U [GameAnalyzer] Income advantage is now Even
2024-11-17 07:45:28.404 | 02:14   31ms  245M  142G  21/ 31U [GameAnalyzer] Income advantage is now SlightDisadvantage
2024-11-17 07:45:28.481 | 02:14   30ms  250M  142G  21/ 31U [GameAnalyzer] Income advantage is now Even
2024-11-17 07:45:29.423 | 02:17   30ms  305M  150G  21/ 31U [GameAnalyzer] Income advantage is now SlightDisadvantage
2024-11-17 07:45:29.505 | 02:17   33ms  310M  150G  21/ 31U [GameAnalyzer] Income advantage is now Even
2024-11-17 07:45:29.588 | 02:17   35ms  315M  150G  21/ 31U [GameAnalyzer] Income advantage is now SlightDisadvantage
2024-11-17 07:45:29.749 | 02:17   31ms  320M  150G  21/ 31U [GameAnalyzer] Income advantage is now Even
2024-11-17 07:45:29.750 | 02:17   31ms  320M  150G  21/ 31U [GameAnalyzer] Known army advantage is now SlightAdvantage
2024-11-17 07:45:29.756 | 02:17   31ms  320M  150G  21/ 31U [BuildAddon] UnitTypeId.BARRACKSREACTOR to (42.0, 113.0)
2024-11-17 07:45:29.922 | 02:18   33ms  125M    4G  21/ 31U [GameAnalyzer] Income advantage is now SlightDisadvantage
2024-11-17 07:45:30.247 | 02:19   30ms  145M    8G  21/ 31U [GameAnalyzer] Income advantage is now Even
2024-11-17 07:45:30.248 | 02:19   30ms   95M    8G  21/ 31U [ActUnit] SCV from COMMANDCENTER at (38.5, 121.5)
2024-11-17 07:45:30.332 | 02:19   36ms   95M    8G  22/ 31U [GameAnalyzer] Income advantage is now SlightDisadvantage
2024-11-17 07:45:30.486 | 02:19   33ms   95M    8G  22/ 31U [GameAnalyzer] Income advantage is now Even
2024-11-17 07:45:30.570 | 02:19  102ms  100M    8G  22/ 31U [GameAnalyzer] Income advantage is now SlightDisadvantage
2024-11-17 07:45:30.721 | 02:20   31ms  100M    8G  22/ 31U [GameAnalyzer] Income advantage is now Even
2024-11-17 07:45:30.722 | 02:20   31ms  100M    8G  22/ 31U [ChatManager] Tag:E_zergling
2024-11-17 07:45:30.880 | 02:20   35ms  100M   16G  22/ 31U [GameAnalyzer] Income advantage is now SlightDisadvantage
2024-11-17 07:45:31.039 | 02:21   31ms  110M   16G  22/ 31U [GameAnalyzer] Income advantage is now Even
2024-11-17 07:45:31.433 | 02:22   30ms  115M   20G  22/ 31U [GameAnalyzer] Income advantage is now SlightDisadvantage
2024-11-17 07:45:31.590 | 02:22   32ms  145M   24G  22/ 31U [GameAnalyzer] Income advantage is now Even
2024-11-17 07:45:31.750 | 02:23   30ms  155M   24G  22/ 31U [GameAnalyzer] Income advantage is now SlightDisadvantage
2024-11-17 07:45:31.913 | 02:23   30ms  165M   24G  22/ 31U [GameAnalyzer] Known army advantage is now Even
2024-11-17 07:45:31.994 | 02:23   34ms  175M   24G  22/ 31U [GameAnalyzer] Income advantage is now Even
2024-11-17 07:45:32.151 | 02:24   32ms  175M   24G  22/ 31U [GameAnalyzer] Income advantage is now SlightDisadvantage
2024-11-17 07:45:32.461 | 02:25   29ms  185M   28G  22/ 31U [GameAnalyzer] Income advantage is now Even
2024-11-17 07:45:32.622 | 02:25   34ms  185M   32G  22/ 31U [GameAnalyzer] Income advantage is now SlightDisadvantage
2024-11-17 07:45:32.699 | 02:25   34ms  190M   32G  22/ 31U [GameAnalyzer] Income advantage is now Even
2024-11-17 07:45:33.165 | 02:27   32ms  200M   36G  22/ 31U [GameAnalyzer] Income advantage is now SlightDisadvantage
2024-11-17 07:45:33.328 | 02:27   35ms  205M   40G  22/ 31U [DodgeRampAttack] Retreat stopped.
2024-11-17 07:45:33.409 | 02:27   31ms  215M   40G  22/ 31U [DodgeRampAttack] Supply is 22 -> attack!
2024-11-17 07:45:33.410 | 02:27   31ms  215M   40G  22/ 31U [DodgeRampAttack] Attack started at 1.00 power.
2024-11-17 07:45:33.562 | 02:28   37ms  220M   40G  22/ 31U [GameAnalyzer] Income advantage is now Even
2024-11-17 07:45:33.812 | 02:28   38ms  230M   44G  22/ 31U [GameAnalyzer] Income advantage is now SlightDisadvantage
2024-11-17 07:45:33.951 | 02:29   52ms  230M   44G  22/ 31U [GameAnalyzer] Income advantage is now Even
2024-11-17 07:45:34.365 | 02:30   35ms  260M   48G  22/ 31U [GameAnalyzer] Income advantage is now SlightDisadvantage
2024-11-17 07:45:34.450 | 02:30   43ms  270M   52G  22/ 31U [GameAnalyzer] Income advantage is now Even
2024-11-17 07:45:34.621 | 02:30   38ms  275M   52G  22/ 31U [GameAnalyzer] Income advantage is now SlightDisadvantage
2024-11-17 07:45:35.046 | 02:31   44ms  285M   56G  22/ 31U [GameAnalyzer] Income advantage is now Even
2024-11-17 07:45:35.048 | 02:31   44ms  235M   56G  22/ 31U [ActUnit] SCV from COMMANDCENTER at (38.5, 121.5)
2024-11-17 07:45:35.242 | 02:32   46ms  235M   56G  23/ 31U [GameAnalyzer] Income advantage is now SlightDisadvantage
2024-11-17 07:45:35.326 | 02:32   39ms  245M   56G  23/ 31U [GameAnalyzer] Income advantage is now Even
2024-11-17 07:45:35.416 | 02:32   37ms  245M   56G  23/ 31U [GameAnalyzer] Income advantage is now SlightDisadvantage
2024-11-17 07:45:35.509 | 02:32   36ms  255M   60G  23/ 31U [GameAnalyzer] Income advantage is now Even
2024-11-17 07:45:35.879 | 02:33   41ms  265M   60G  23/ 31U [GameAnalyzer] Income advantage is now SlightDisadvantage
2024-11-17 07:45:36.026 | 02:33   71ms  265M   60G  23/ 31U [GameAnalyzer] Income advantage is now Even
2024-11-17 07:45:36.617 | 02:35   36ms  280M   68G  23/ 31U [GameAnalyzer] Income advantage is now SlightDisadvantage
2024-11-17 07:45:36.717 | 02:35   43ms  285M   68G  23/ 31U [GameAnalyzer] Income advantage is now Even
2024-11-17 07:45:36.804 | 02:35   45ms  285M   72G  23/ 31U [GameAnalyzer] Income advantage is now SlightDisadvantage
2024-11-17 07:45:36.887 | 02:35   36ms  290M   72G  23/ 31U [GameAnalyzer] Income advantage is now Even
2024-11-17 07:45:37.075 | 02:36   42ms  290M   72G  23/ 31U [GameAnalyzer] Income advantage is now SlightDisadvantage
2024-11-17 07:45:37.157 | 02:36   39ms  290M   76G  23/ 31U [GameAnalyzer] Income advantage is now Even
2024-11-17 07:45:37.426 | 02:37   37ms  325M   76G  23/ 31U [GameAnalyzer] Income advantage is now SlightDisadvantage
2024-11-17 07:45:37.515 | 02:37   44ms  335M   76G  23/ 31U [GameAnalyzer] Income advantage is now Even
2024-11-17 07:45:37.943 | 02:38   35ms  345M   80G  23/ 31U [GameAnalyzer] Income advantage is now SlightDisadvantage
2024-11-17 07:45:38.368 | 02:39   39ms  360M   84G  23/ 31U [GameAnalyzer] Income advantage is now Even
2024-11-17 07:45:38.462 | 02:39  117ms  365M   84G  23/ 31U [GameAnalyzer] Income advantage is now SlightDisadvantage
2024-11-17 07:45:38.725 | 02:40   38ms  370M   88G  23/ 31U [GameAnalyzer] Income advantage is now Even
2024-11-17 07:45:38.813 | 02:40   38ms  370M   92G  23/ 31U [GameAnalyzer] Income advantage is now SlightDisadvantage
2024-11-17 07:45:38.982 | 02:40   38ms  375M   92G  23/ 31U [GameAnalyzer] Income advantage is now Even
2024-11-17 07:45:39.069 | 02:41   40ms  375M   92G  23/ 31U [GameAnalyzer] Income advantage is now SlightDisadvantage
2024-11-17 07:45:39.998 | 02:43   40ms  400M  100G  23/ 46U [GameAnalyzer] Income advantage is now Even
2024-11-17 07:45:40.088 | 02:43   38ms  210M  100G  23/ 46U [ActUnit] SCV from COMMANDCENTER at (38.5, 121.5)
2024-11-17 07:45:44.023 | 02:53   40ms  325M  144G  24/ 46U [GameAnalyzer] Known army advantage is now SlightDisadvantage
2024-11-17 07:45:44.142 | 02:53  135ms  335M  144G  24/ 46U [ChatManager] Tag:E_queen
2024-11-17 07:45:44.358 | 02:53   46ms  295M  148G  24/ 46U [ActUnit] MARINE from BARRACKS at (39.5, 113.5)
2024-11-17 07:45:44.469 | 02:54   45ms  245M  148G  25/ 46U [ActUnit] MARINE from BARRACKS at (39.5, 113.5)
2024-11-17 07:45:44.666 | 02:54   40ms  250M  148G  26/ 46U [GameAnalyzer] Predicted army advantage is now SmallDisadvantage
2024-11-17 07:45:45.319 | 02:56   35ms  210M  156G  26/ 46U [ActUnit] SCV from COMMANDCENTER at (38.5, 121.5)
2024-11-17 07:45:47.711 | 03:00   45ms  295M  176G  27/ 46U [DodgeRampAttack] Retreat started at 0.89 own local power against 2.00 enemy local power.
2024-11-17 07:45:48.877 | 03:03   50ms  340M  188G  27/ 46U [GameAnalyzer] Income advantage is now SlightDisadvantage
2024-11-17 07:45:49.162 | 03:03   40ms  360M  192G  27/ 46U [GameAnalyzer] Income advantage is now Even
2024-11-17 07:45:49.374 | 03:04   42ms  215M   96G  27/ 46U [BuildAddon] UnitTypeId.FACTORYREACTOR to (49.0, 117.0)
2024-11-17 07:45:49.487 | 03:04   46ms  165M   46G  27/ 46U [DefensiveBuilding] Building BUNKER to (41.43196961916072, 90.32199493652679)
2024-11-17 07:45:49.663 | 03:04   35ms   70M   46G  27/ 46U [EnemyArmyPredicter] Predicting negative free minerals for enemy: -63
2024-11-17 07:45:49.664 | 03:04   35ms   70M   46G  27/ 46U [GameAnalyzer] Predicted army advantage is now SlightDisadvantage
2024-11-17 07:45:50.388 | 03:06   39ms  105M   58G  27/ 46U [GameAnalyzer] Income advantage is now SlightDisadvantage
2024-11-17 07:45:51.309 | 03:08   36ms    5M   66G  26/ 46U [GameAnalyzer] Income advantage is now Even
2024-11-17 07:45:51.741 | 03:09   36ms    5M   70G  26/ 46U [GameAnalyzer] Income advantage is now SlightDisadvantage
2024-11-17 07:45:51.914 | 03:09   36ms   10M   74G  26/ 46U [EnemyArmyPredicter] Predicting negative free minerals for enemy: -90
2024-11-17 07:45:51.916 | 03:09   36ms   10M   74G  26/ 46U [GameAnalyzer] Income advantage is now Even
2024-11-17 07:45:52.350 | 03:10   41ms   25M   78G  26/ 46U [GameAnalyzer] Income advantage is now SlightDisadvantage
2024-11-17 07:45:52.719 | 03:11   38ms    0M   82G  26/ 46U [ActUnit] SCV from COMMANDCENTER at (38.5, 121.5)
2024-11-17 07:45:53.195 | 03:12   38ms   40M   86G  27/ 46U [GameAnalyzer] Income advantage is now Even
2024-11-17 07:45:53.386 | 03:13   39ms    0M   86G  27/ 46U [ActUnit] SCV from COMMANDCENTER at (36.5, 89.5)
2024-11-17 07:45:53.765 | 03:14   40ms    0M   94G  28/ 46U [GameAnalyzer] Income advantage is now SlightDisadvantage
2024-11-17 07:45:53.961 | 03:14   37ms   10M   94G  28/ 46U [GameAnalyzer] Income advantage is now Even
2024-11-17 07:45:54.137 | 03:14   44ms   10M   94G  28/ 46U [GameAnalyzer] Income advantage is now SlightDisadvantage
2024-11-17 07:45:54.237 | 03:15   48ms   10M   94G  28/ 46U [GameAnalyzer] Income advantage is now Even
2024-11-17 07:45:54.433 | 03:15   41ms   10M   98G  28/ 46U [GameAnalyzer] Income advantage is now SlightDisadvantage
2024-11-17 07:45:54.621 | 03:15   39ms   25M   98G  28/ 46U [GameAnalyzer] Income advantage is now Even
2024-11-17 07:45:54.810 | 03:16   40ms   35M   98G  28/ 46U [GameAnalyzer] Income advantage is now SlightDisadvantage
2024-11-17 07:45:55.090 | 03:17   40ms   45M  102G  28/ 46U [GameAnalyzer] Income advantage is now Even
2024-11-17 07:45:55.195 | 03:17   41ms    0M   52G  28/ 46U [TerranUnit] REAPER from BARRACKS at (39.5, 113.5)
2024-11-17 07:45:55.669 | 03:18   43ms   15M   60G  29/ 46U [GameAnalyzer] Income advantage is now SlightDisadvantage
2024-11-17 07:45:55.863 | 03:18   37ms   50M   60G  29/ 46U [GameAnalyzer] Income advantage is now Even
2024-11-17 07:45:55.869 | 03:18   37ms    0M   10G  29/ 46U [TerranUnit] REAPER from BARRACKS at (39.5, 113.5)
2024-11-17 07:45:56.229 | 03:19   38ms   30M   14G  30/ 46U [GameAnalyzer] Income advantage is now SlightDisadvantage
2024-11-17 07:45:56.505 | 03:20   38ms   35M   14G  30/ 46U [GameAnalyzer] Income advantage is now Even
2024-11-17 07:45:56.506 | 03:20   38ms   35M   14G  30/ 46U [GameAnalyzer] Predicted army advantage is now SmallDisadvantage
2024-11-17 07:45:56.791 | 03:20   37ms   45M   22G  30/ 46U [DodgeRampAttack] Retreat stopped.
2024-11-17 07:45:56.871 | 03:21   43ms   45M   22G  30/ 46U [GameAnalyzer] Income advantage is now SlightDisadvantage
2024-11-17 07:45:56.886 | 03:21   43ms   45M   22G  30/ 46U [DodgeRampAttack] Supply is 30 -> attack!
2024-11-17 07:45:56.887 | 03:21   43ms   45M   22G  30/ 46U [DodgeRampAttack] Attack started at 2.67 power.
2024-11-17 07:45:57.159 | 03:21   41ms   55M   22G  30/ 46U [GameAnalyzer] Income advantage is now Even
2024-11-17 07:45:57.253 | 03:22   42ms   55M   22G  30/ 46U [GameAnalyzer] Income advantage is now SlightDisadvantage
2024-11-17 07:45:57.352 | 03:22   40ms   65M   30G  30/ 46U [GameAnalyzer] Income advantage is now Even
2024-11-17 07:45:57.555 | 03:22   44ms   65M   30G  30/ 46U [GameAnalyzer] Income advantage is now SlightDisadvantage
2024-11-17 07:45:57.934 | 03:23   39ms    5M   30G  30/ 46U [BuildGas] Building REFINERY to (29.5, 86.5)
2024-11-17 07:45:58.230 | 03:24   38ms   15M   34G  30/ 46U [GameAnalyzer] Income advantage is now Even
2024-11-17 07:45:58.329 | 03:24   45ms   15M   34G  30/ 46U [GameAnalyzer] Income advantage is now SlightDisadvantage
2024-11-17 07:45:58.722 | 03:25   44ms   55M   42G  30/ 46U [GameAnalyzer] Income advantage is now Even
2024-11-17 07:45:58.724 | 03:25   44ms    5M   42G  30/ 46U [ActUnit] SCV from COMMANDCENTER at (38.5, 121.5)
2024-11-17 07:45:58.833 | 03:25   44ms    5M   42G  31/ 46U [GameAnalyzer] Income advantage is now SlightDisadvantage
2024-11-17 07:45:59.917 | 03:27   43ms    5M   46G  31/ 46U [ActUnit] SCV from COMMANDCENTER at (36.5, 89.5)
2024-11-17 07:46:00.603 | 03:29   44ms   25M   54G  32/ 46U [GameAnalyzer] Income advantage is now Even
2024-11-17 07:46:00.891 | 03:29   43ms   30M   58G  32/ 46U [GameAnalyzer] Income advantage is now SlightDisadvantage
2024-11-17 07:46:01.079 | 03:30   39ms   35M   62G  32/ 46U [GameAnalyzer] Income advantage is now Even
2024-11-17 07:46:01.177 | 03:30   43ms   35M   62G  32/ 46U [GameAnalyzer] Predicted army advantage is now ClearDisadvantage
2024-11-17 07:46:01.462 | 03:31   43ms   40M   66G  32/ 46U [GameAnalyzer] Income advantage is now SlightDisadvantage
2024-11-17 07:46:01.961 | 03:32   43ms   55M   66G  32/ 46U [DodgeRampAttack] Retreat started at 2.77 own local power against 3.76 enemy local power.
2024-11-17 07:46:03.634 | 03:35   42ms  145M   86G  32/ 46U [GameAnalyzer] Known army advantage is now SmallDisadvantage
2024-11-17 07:46:04.437 | 03:37   45ms  130M   94G  32/ 46U [ActUnit] SCV from COMMANDCENTER at (38.5, 121.5)
2024-11-17 07:46:04.736 | 03:38   44ms  135M   98G  33/ 46U [GameAnalyzer] Income advantage is now Even
2024-11-17 07:46:04.850 | 03:38   45ms  140M   98G  33/ 46U [GameAnalyzer] Income advantage is now SlightDisadvantage
2024-11-17 07:46:04.951 | 03:38   53ms  140M  102G  33/ 46U [GameAnalyzer] Income advantage is now Even
2024-11-17 07:46:05.156 | 03:38   44ms  145M  102G  33/ 46U [GameAnalyzer] Income advantage is now SlightDisadvantage
2024-11-17 07:46:05.941 | 03:40   46ms   25M   10G  33/ 46U [ActUnit] SCV from COMMANDCENTER at (36.5, 89.5)
2024-11-17 07:46:06.234 | 03:41   47ms   35M   14G  34/ 46U [GameAnalyzer] Income advantage is now Even
2024-11-17 07:46:07.603 | 03:44   44ms   65M   30G  34/ 46U [GameAnalyzer] Income advantage is now SlightDisadvantage
2024-11-17 07:46:07.708 | 03:44   43ms   75M   30G  34/ 46U [GameAnalyzer] Income advantage is now Even
2024-11-17 07:46:08.020 | 03:45   43ms  100M   34G  34/ 46U [GameAnalyzer] Income advantage is now SlightDisadvantage
2024-11-17 07:46:08.432 | 03:45   44ms   10M   42G  34/ 46U [GameAnalyzer] Predicted army advantage is now OverwhelmingDisadvantage
2024-11-17 07:46:08.632 | 03:46   44ms   15M   42G  34/ 46U [GameAnalyzer] Income advantage is now Even
2024-11-17 07:46:08.732 | 03:46   46ms   40M   42G  34/ 46U [GameAnalyzer] Income advantage is now SlightDisadvantage
2024-11-17 07:46:08.829 | 03:46   43ms   40M   42G  34/ 46U [GameAnalyzer] Income advantage is now Even
2024-11-17 07:46:09.809 | 03:48   42ms   85M   54G  34/ 46U [GameAnalyzer] Income advantage is now SlightDisadvantage
2024-11-17 07:46:10.254 | 03:49   50ms   70M   58G  34/ 46U [ActUnit] SCV from COMMANDCENTER at (38.5, 121.5)
2024-11-17 07:46:10.585 | 03:50   47ms   90M   66G  35/ 46U [GameAnalyzer] Income advantage is now Even
2024-11-17 07:46:10.805 | 03:50   49ms   95M   66G  35/ 46U [GameAnalyzer] Income advantage is now SlightDisadvantage
2024-11-17 07:46:10.928 | 03:51   48ms   95M   66G  35/ 46U [GameAnalyzer] Income advantage is now Even
2024-11-17 07:46:11.045 | 03:51   53ms   95M   70G  35/ 46U [GameAnalyzer] Income advantage is now SlightDisadvantage
2024-11-17 07:46:11.148 | 03:51   53ms  105M   70G  35/ 46U [GameAnalyzer] Income advantage is now Even
2024-11-17 07:46:11.566 | 03:52   50ms  110M   74G  35/ 46U [DodgeRampAttack] Retreat stopped.
2024-11-17 07:46:11.660 | 03:52   50ms  110M   74G  35/ 46U [GameAnalyzer] Income advantage is now SlightDisadvantage
2024-11-17 07:46:11.674 | 03:52   50ms  110M   74G  35/ 46U [DodgeRampAttack] Supply is 35 -> attack!
2024-11-17 07:46:11.675 | 03:52   50ms  110M   74G  35/ 46U [DodgeRampAttack] Attack started at 1.00 power.
2024-11-17 07:46:11.766 | 03:52   49ms  110M   74G  35/ 46U [GameAnalyzer] Income advantage is now Even
2024-11-17 07:46:11.882 | 03:52   53ms   65M   78G  35/ 46U [ActUnit] SCV from COMMANDCENTER at (36.5, 89.5)
2024-11-17 07:46:12.324 | 03:53   48ms  105M   82G  36/ 46U [GameAnalyzer] Income advantage is now SlightDisadvantage
2024-11-17 07:46:12.443 | 03:53   51ms  110M   82G  36/ 46U [GameAnalyzer] Income advantage is now Even
2024-11-17 07:46:12.558 | 03:54   55ms  115M   86G  36/ 46U [GameAnalyzer] Income advantage is now SlightDisadvantage
2024-11-17 07:46:12.775 | 03:54   50ms  165M   86G  36/ 46U [GameAnalyzer] Income advantage is now Even
2024-11-17 07:46:13.622 | 03:56   50ms   30M    2G  36/ 46U [GameAnalyzer] Predicted army advantage is now ClearDisadvantage
2024-11-17 07:46:14.272 | 03:57   46ms   35M    6G  36/ 46U [GameAnalyzer] Income advantage is now SlightDisadvantage
2024-11-17 07:46:14.384 | 03:57   46ms   40M    6G  36/ 46U [GameAnalyzer] Income advantage is now Even
2024-11-17 07:46:14.824 | 03:58   49ms   50M   10G  36/ 46U [GameAnalyzer] Income advantage is now SlightDisadvantage
2024-11-17 07:46:15.112 | 03:59   48ms   75M   18G  36/ 46U [GameAnalyzer] Income advantage is now Even
2024-11-17 07:46:15.329 | 03:59   45ms  110M   18G  36/ 46U [GameAnalyzer] Income advantage is now SlightDisadvantage
2024-11-17 07:46:15.539 | 03:59   49ms  115M   22G  36/ 46U [GameAnalyzer] Income advantage is now Even
2024-11-17 07:46:16.485 | 04:01   49ms  105M   34G  36/ 46U [ActUnit] SCV from COMMANDCENTER at (38.5, 121.5)
2024-11-17 07:46:17.112 | 04:03   47ms   30M   38G  37/ 46U [GameAnalyzer] Income advantage is now SlightDisadvantage
2024-11-17 07:46:17.453 | 04:03   47ms   50M   42G  37/ 46U [GameAnalyzer] Income advantage is now Even
2024-11-17 07:46:17.570 | 04:03   52ms   60M   46G  37/ 46U [ChatManager] Tag:E_roach
2024-11-17 07:46:17.580 | 04:03   52ms   60M   46G  37/ 46U [BuildAddon] UnitTypeId.BARRACKSTECHLAB to (44.0, 110.0)
2024-11-17 07:46:17.705 | 04:04   57ms   15M   21G  37/ 46U [GameAnalyzer] Income advantage is now SlightDisadvantage
2024-11-17 07:46:17.813 | 04:04   48ms   20M   25G  37/ 46U [GameAnalyzer] Income advantage is now Even
2024-11-17 07:46:18.386 | 04:05   48ms   60M   25G  37/ 46U [GameAnalyzer] Income advantage is now SlightDisadvantage
2024-11-17 07:46:18.390 | 04:05   48ms   10M   25G  37/ 46U [ActUnit] SCV from COMMANDCENTER at (36.5, 89.5)
2024-11-17 07:46:18.504 | 04:05   50ms   15M   29G  38/ 46U [GameAnalyzer] Income advantage is now Even
2024-11-17 07:46:21.618 | 04:11   45ms  140M   69G  37/ 54U [GameAnalyzer] Known army advantage is now ClearDisadvantage
2024-11-17 07:46:23.018 | 04:14   46ms  170M   93G  37/ 54U [ActUnit] SCV from COMMANDCENTER at (38.5, 121.5)
2024-11-17 07:46:24.315 | 04:16   48ms   95M    9G  38/ 54U [GameAnalyzer] Predicted army advantage is now OverwhelmingDisadvantage
2024-11-17 07:46:24.546 | 04:17   47ms  100M   13G  38/ 54U [DodgeRampAttack] Retreat started at 2.00 own local power against 2.60 enemy local power.
2024-11-17 07:46:24.863 | 04:17   47ms   55M   21G  38/ 54U [ActUnit] SCV from COMMANDCENTER at (36.5, 89.5)
2024-11-17 07:46:28.960 | 04:25   48ms  255M   81G  39/ 54U [BuildAddon] UnitTypeId.FACTORYTECHLAB to (37.0, 110.0)
2024-11-17 07:46:28.963 | 04:25   48ms  255M   81G  39/ 54U [BuildAddon] UnitTypeId.FACTORYREACTOR to (37.0, 110.0)
2024-11-17 07:46:29.287 | 04:26   47ms  170M   56G  39/ 54U [ActUnit] SCV from COMMANDCENTER at (38.5, 121.5)
2024-11-17 07:46:31.151 | 04:30   52ms  235M   92G  40/ 62U [ActUnit] SCV from COMMANDCENTER at (36.5, 89.5)
2024-11-17 07:46:31.809 | 04:31   53ms  270M  104G  41/ 62U [GameAnalyzer] Income advantage is now SlightAdvantage
2024-11-17 07:46:31.917 | 04:31   51ms  270M  104G  41/ 62U [GameAnalyzer] Income advantage is now Even
2024-11-17 07:46:32.100 | 04:31   50ms  275M  104G  41/ 62U [GameAnalyzer] Income advantage is now SlightAdvantage
2024-11-17 07:46:32.326 | 04:32   51ms  275M  104G  41/ 62U [GameAnalyzer] Income advantage is now Even
2024-11-17 07:46:32.564 | 04:32   58ms  290M  112G  41/ 62U [GameAnalyzer] Income advantage is now SlightAdvantage
2024-11-17 07:46:32.679 | 04:32   58ms  290M  116G  41/ 62U [GameAnalyzer] Income advantage is now Even
2024-11-17 07:46:33.774 | 04:35   50ms  350M  128G  41/ 62U [GameAnalyzer] Income advantage is now SlightAdvantage
2024-11-17 07:46:33.892 | 04:35   52ms  350M  128G  41/ 62U [GameAnalyzer] Income advantage is now Even
2024-11-17 07:46:34.113 | 04:35   50ms  385M  136G  41/ 62U [GameAnalyzer] Income advantage is now SlightAdvantage
2024-11-17 07:46:34.241 | 04:35   52ms  410M  140G  41/ 62U [GameAnalyzer] Income advantage is now Even
2024-11-17 07:46:34.248 | 04:35   52ms  310M  140G  41/ 62U [TerranUnit] HELLION from FACTORY at (46.5, 117.5)
2024-11-17 07:46:34.463 | 04:36   50ms  230M  140G  43/ 62U [GameAnalyzer] Income advantage is now SlightAdvantage
2024-11-17 07:46:34.790 | 04:37   51ms  230M  148G  43/ 62U [GameAnalyzer] Income advantage is now Even
2024-11-17 07:46:34.920 | 04:37   53ms  235M  148G  43/ 62U [DodgeRampAttack] Retreat stopped.
2024-11-17 07:46:35.035 | 04:37   53ms  235M  152G  43/ 62U [DodgeRampAttack] Supply is 43 -> attack!
2024-11-17 07:46:35.036 | 04:37   53ms  235M  152G  43/ 62U [DodgeRampAttack] Attack started at 2.00 power.
2024-11-17 07:46:35.802 | 04:38   55ms  240M  164G  43/ 62U [ActUnit] SCV from COMMANDCENTER at (38.5, 121.5)
2024-11-17 07:46:37.279 | 04:41   55ms  295M  184G  44/ 62U [BuildAddon] UnitTypeId.FACTORYTECHLAB to (50.0, 129.0)
2024-11-17 07:46:37.281 | 04:41   55ms  295M  184G  44/ 62U [BuildAddon] UnitTypeId.FACTORYREACTOR to (50.0, 129.0)
2024-11-17 07:46:37.755 | 04:42   55ms  205M  163G  44/ 62U [ActUnit] SCV from COMMANDCENTER at (36.5, 89.5)
2024-11-17 07:46:37.873 | 04:42   55ms  260M  163G  45/ 62U [GameAnalyzer] Income advantage is now SlightAdvantage
2024-11-17 07:46:37.996 | 04:42   56ms  265M  167G  45/ 62U [GameAnalyzer] Income advantage is now Even
2024-11-17 07:46:38.543 | 04:43   52ms  310M  175G  45/ 62U [GameAnalyzer] Income advantage is now SlightAdvantage
2024-11-17 07:46:38.784 | 04:44   57ms  315M  175G  45/ 62U [GameAnalyzer] Income advantage is now Even
2024-11-17 07:46:39.146 | 04:44   57ms  330M  187G  45/ 62U [GameAnalyzer] Income advantage is now SlightAdvantage
2024-11-17 07:46:39.265 | 04:45   56ms  330M  187G  45/ 62U [GameAnalyzer] Income advantage is now Even
2024-11-17 07:46:39.382 | 04:45   55ms  335M  187G  45/ 62U [GameAnalyzer] Income advantage is now SlightAdvantage
2024-11-17 07:46:39.811 | 04:45   52ms  345M  195G  45/ 62U [GameAnalyzer] Income advantage is now Even
2024-11-17 07:46:39.928 | 04:46   56ms  360M  199G  45/ 62U [GameAnalyzer] Income advantage is now SlightAdvantage
2024-11-17 07:46:40.287 | 04:46   56ms  380M  199G  45/ 62U [GameAnalyzer] Income advantage is now Even
2024-11-17 07:46:40.523 | 04:47   53ms  380M  207G  45/ 62U [GameAnalyzer] Income advantage is now SlightAdvantage
2024-11-17 07:46:40.642 | 04:47   57ms  380M  207G  45/ 62U [GameAnalyzer] Income advantage is now Even
2024-11-17 07:46:40.760 | 04:47   57ms  385M  211G  45/ 62U [GameAnalyzer] Income advantage is now SlightAdvantage
2024-11-17 07:46:40.880 | 04:47   54ms  385M  211G  45/ 62U [GameAnalyzer] Income advantage is now Even
2024-11-17 07:46:41.008 | 04:48   57ms  305M  211G  45/ 62U [TerranUnit] HELLION from FACTORY at (46.5, 117.5)
2024-11-17 07:46:41.313 | 04:48   53ms  325M  211G  47/ 62U [GameAnalyzer] Income advantage is now SlightAdvantage
2024-11-17 07:46:41.436 | 04:48   57ms  330M  219G  47/ 62U [GameAnalyzer] Income advantage is now Even
2024-11-17 07:46:41.675 | 04:49   52ms  340M  223G  47/ 62U [GameAnalyzer] Income advantage is now SlightAdvantage
2024-11-17 07:46:41.801 | 04:49   57ms  300M  223G  47/ 62U [ActUnit] MARINE from BARRACKS at (41.5, 110.5)
2024-11-17 07:46:42.041 | 04:49   54ms  225M  223G  48/ 62U [GameAnalyzer] Income advantage is now Even
2024-11-17 07:46:42.724 | 04:51   52ms  180M  235G  48/ 62U [GameAnalyzer] Income advantage is now SlightAdvantage
2024-11-17 07:46:42.727 | 04:51   52ms  130M  235G  48/ 62U [ActUnit] SCV from COMMANDCENTER at (38.5, 121.5)
2024-11-17 07:46:42.846 | 04:51  128ms  135M  235G  49/ 62U [GameAnalyzer] Income advantage is now Even
2024-11-17 07:46:42.963 | 04:51   55ms  145M  235G  49/ 62U [GameAnalyzer] Income advantage is now SlightAdvantage
2024-11-17 07:46:43.080 | 04:51   52ms  145M  243G  49/ 62U [GameAnalyzer] Income advantage is now Even
2024-11-17 07:46:43.681 | 04:52   57ms  170M  247G  49/ 62U [GameAnalyzer] Income advantage is now SlightAdvantage
2024-11-17 07:46:43.810 | 04:53   63ms  180M  247G  49/ 62U [GameAnalyzer] Income advantage is now Even
2024-11-17 07:46:44.046 | 04:53   57ms  195M  259G  49/ 62U [GameAnalyzer] Income advantage is now SlightAdvantage
2024-11-17 07:46:44.168 | 04:53   55ms  195M  259G  49/ 62U [GameAnalyzer] Income advantage is now Even
2024-11-17 07:46:44.506 | 04:54  137ms  205M  259G  49/ 62U [GameAnalyzer] Income advantage is now SlightAdvantage
2024-11-17 07:46:44.642 | 04:54   57ms  215M  259G  49/ 62U [GameAnalyzer] Income advantage is now Even
2024-11-17 07:46:44.661 | 04:54   57ms  215M  259G  49/ 62U [DodgeRampAttack] Retreat started at 2.00 own local power against 13.11 enemy local power.
2024-11-17 07:46:44.777 | 04:54   65ms  215M  267G  49/ 62U [GameAnalyzer] Income advantage is now SlightAdvantage
2024-11-17 07:46:44.779 | 04:54   65ms  165M  267G  49/ 62U [ActUnit] SCV from COMMANDCENTER at (36.5, 89.5)
2024-11-17 07:46:45.181 | 04:55   59ms  275M  271G  50/ 62U [GameAnalyzer] Income advantage is now Even
2024-11-17 07:46:45.450 | 04:55   60ms  200M  271G  50/ 62U [GameAnalyzer] Income advantage is now SlightAdvantage
2024-11-17 07:46:45.927 | 04:56   59ms  165M  158G  50/ 62U [ActUnit] SIEGETANK from FACTORY at (34.5, 110.5)
2024-11-17 07:46:46.586 | 04:57   66ms  230M  162G  53/ 62U [GameAnalyzer] Income advantage is now Even
2024-11-17 07:46:46.719 | 04:57   64ms  235M  166G  53/ 62U [GameAnalyzer] Income advantage is now SlightAdvantage
2024-11-17 07:46:47.565 | 04:59   59ms  270M  178G  53/ 62U [GameAnalyzer] Income advantage is now Even
2024-11-17 07:46:47.696 | 04:59   62ms  290M  178G  53/ 62U [GameAnalyzer] Income advantage is now SlightAdvantage
2024-11-17 07:46:48.076 | 05:00   58ms  300M  182G  53/ 62U [GameAnalyzer] Income advantage is now Even
2024-11-17 07:46:48.208 | 05:00   62ms  305M  182G  53/ 62U [ChatManager] Tag:E_Macro
2024-11-17 07:46:48.464 | 05:00   58ms  315M  190G  53/ 62U [GameAnalyzer] Income advantage is now SlightAdvantage
2024-11-17 07:46:48.719 | 05:01   58ms  230M  194G  53/ 62U [BuildAddon] UnitTypeId.FACTORYTECHLAB to (51.0, 114.0)
2024-11-17 07:46:48.721 | 05:01   58ms  230M  194G  53/ 62U [BuildAddon] UnitTypeId.FACTORYREACTOR to (51.0, 114.0)
2024-11-17 07:46:49.055 | 05:01  142ms  105M  169G  53/ 62U [GameAnalyzer] Income advantage is now Even
2024-11-17 07:46:49.691 | 05:02   56ms   15M  181G  53/ 62U [GameAnalyzer] Income advantage is now SlightAdvantage
2024-11-17 07:46:50.198 | 05:03   58ms   70M  189G  53/ 70U [GameAnalyzer] Income advantage is now Even
2024-11-17 07:46:50.201 | 05:03   58ms   20M  189G  53/ 70U [ActUnit] SCV from COMMANDCENTER at (38.5, 121.5)
2024-11-17 07:46:50.333 | 05:03   58ms   30M  193G  54/ 70U [GameAnalyzer] Income advantage is now SlightAdvantage
2024-11-17 07:46:50.675 | 05:04   60ms   65M  193G  54/ 70U [GameAnalyzer] Income advantage is now Even
2024-11-17 07:46:50.803 | 05:04  133ms   75M  193G  54/ 70U [GameAnalyzer] Income advantage is now SlightAdvantage
2024-11-17 07:46:51.337 | 05:05   64ms  280M  205G  54/ 70U [GameAnalyzer] Income advantage is now Even
2024-11-17 07:46:51.600 | 05:05   63ms  310M  205G  54/ 70U [GameAnalyzer] Income advantage is now SmallAdvantage
2024-11-17 07:46:51.738 | 05:06   65ms  310M  205G  54/ 70U [GameAnalyzer] Income advantage is now SlightAdvantage
2024-11-17 07:46:51.869 | 05:06   67ms  315M  205G  54/ 70U [GameAnalyzer] Income advantage is now SmallAdvantage
2024-11-17 07:46:52.009 | 05:06   62ms  325M  213G  54/ 70U [GameAnalyzer] Income advantage is now SlightAdvantage
2024-11-17 07:46:52.348 | 05:06  139ms  275M  217G  54/ 70U [ActUnit] SCV from COMMANDCENTER at (36.5, 89.5)
2024-11-17 07:46:54.609 | 05:10   64ms  400M  241G  55/ 70U [Expand] Expanding to (36.5, 64.5)
2024-11-17 07:46:54.738 | 05:10   66ms   10M  241G  55/ 70U [GameAnalyzer] Income advantage is now SmallAdvantage
2024-11-17 07:46:54.890 | 05:10   65ms   15M  249G  55/ 70U [GameAnalyzer] Income advantage is now SlightAdvantage
2024-11-17 07:46:55.021 | 05:11   66ms   40M  253G  55/ 70U [GameAnalyzer] Income advantage is now SmallAdvantage
2024-11-17 07:46:55.150 | 05:11   57ms   45M  253G  55/ 70U [GameAnalyzer] Income advantage is now SlightAdvantage
2024-11-17 07:46:55.483 | 05:11   56ms   50M  253G  55/ 70U [GameAnalyzer] Income advantage is now SmallAdvantage
2024-11-17 07:46:55.495 | 05:11   56ms   50M  253G  55/ 70U [BuildAddon] UnitTypeId.STARPORTTECHLAB to (35.0, 113.0)
2024-11-17 07:46:55.622 | 05:12   61ms    0M  228G  55/ 70U [GameAnalyzer] Income advantage is now SlightAdvantage
2024-11-17 07:46:56.937 | 05:14   64ms   70M  252G  55/ 70U [GameAnalyzer] Income advantage is now Even
2024-11-17 07:46:57.068 | 05:14   58ms   75M  252G  55/ 70U [GameAnalyzer] Income advantage is now SlightAdvantage
2024-11-17 07:46:57.088 | 05:14   58ms   75M  252G  55/ 70U [DodgeRampAttack] Retreat stopped.
2024-11-17 07:46:57.278 | 05:14   60ms   95M  252G  55/ 70U [GameAnalyzer] Income advantage is now SmallAdvantage
2024-11-17 07:46:57.409 | 05:14  137ms   95M  252G  55/ 70U [GameAnalyzer] Income advantage is now SlightAdvantage
2024-11-17 07:46:57.430 | 05:14  137ms   95M  252G  55/ 70U [DodgeRampAttack] Supply is 55 -> attack!
2024-11-17 07:46:57.431 | 05:14  137ms   95M  252G  55/ 70U [DodgeRampAttack] Attack started at 6.00 power.
2024-11-17 07:46:57.548 | 05:15   64ms   95M  252G  55/ 70U [GameAnalyzer] Income advantage is now Even
2024-11-17 07:46:57.688 | 05:15   61ms  110M  260G  55/ 70U [GameAnalyzer] Income advantage is now SlightAdvantage
2024-11-17 07:46:57.970 | 05:15   59ms   70M  264G  55/ 70U [ActUnit] SCV from COMMANDCENTER at (38.5, 121.5)
2024-11-17 07:46:58.420 | 05:16   66ms   80M  264G  56/ 70U [GameAnalyzer] Income advantage is now Even
2024-11-17 07:46:58.568 | 05:16   67ms  110M  272G  56/ 70U [GameAnalyzer] Income advantage is now SlightAdvantage
2024-11-17 07:46:59.523 | 05:18   70ms  145M  276G  56/ 78U [GameAnalyzer] Income advantage is now Even
2024-11-17 07:46:59.681 | 05:18   72ms  165M  284G  56/ 78U [GameAnalyzer] Income advantage is now SlightAdvantage
2024-11-17 07:46:59.979 | 05:18   72ms  195M  288G  56/ 78U [GameAnalyzer] Income advantage is now Even
2024-11-17 07:47:00.275 | 05:19   70ms  165M  288G  56/ 78U [ActUnit] SCV from COMMANDCENTER at (36.5, 89.5)
2024-11-17 07:47:00.655 | 05:19   70ms  180M  292G  57/ 78U [GameAnalyzer] Income advantage is now SlightAdvantage
2024-11-17 07:47:00.800 | 05:19  151ms  185M  296G  57/ 78U [GameAnalyzer] Income advantage is now Even
2024-11-17 07:47:00.952 | 05:20   73ms  185M  300G  57/ 78U [GameAnalyzer] Income advantage is now SlightAdvantage
2024-11-17 07:47:01.103 | 05:20   76ms  190M  300G  57/ 78U [GameAnalyzer] Income advantage is now Even
2024-11-17 07:47:01.389 | 05:20   70ms  215M  300G  57/ 78U [GameAnalyzer] Income advantage is now SlightAdvantage
2024-11-17 07:47:01.684 | 05:21   69ms  225M  308G  57/ 78U [GameAnalyzer] Income advantage is now SmallAdvantage
2024-11-17 07:47:03.532 | 05:23   70ms  150M  199G  57/ 78U [ActUnit] SIEGETANK from FACTORY at (47.5, 129.5)
2024-11-17 07:47:06.080 | 05:27   88ms  265M  235G  60/ 86U [DodgeRampAttack] Retreat started at 5.00 own local power against 6.54 enemy local power.
2024-11-17 07:47:06.341 | 05:28   67ms  230M  235G  60/ 86U [ActUnit] SCV from COMMANDCENTER at (38.5, 121.5)
2024-11-17 07:47:07.440 | 05:29   70ms  185M  247G  61/ 86U [Tech] Started BANSHEESPEED
2024-11-17 07:47:08.611 | 05:31  140ms   65M  142G  61/ 86U [ActUnit] SCV from COMMANDCENTER at (36.5, 89.5)
2024-11-17 07:47:10.448 | 05:34   67ms    0M   58G  62/ 86U [ActUnit] BANSHEE from STARPORT at (32.5, 113.5)
2024-11-17 07:47:10.743 | 05:34   70ms   10M   66G  65/ 86U [GameAnalyzer] Known army advantage is now OverwhelmingDisadvantage
2024-11-17 07:47:12.334 | 05:36   66ms    0M   82G  63/ 86U [BuildGas] Building REFINERY to (33.5, 82.5)
2024-11-17 07:47:15.020 | 05:40   73ms   50M  114G  63/ 86U [ActUnit] SCV from COMMANDCENTER at (38.5, 121.5)
2024-11-17 07:47:17.349 | 05:43   71ms  115M  142G  64/ 86U [ActUnit] SCV from COMMANDCENTER at (36.5, 89.5)
2024-11-17 07:47:20.179 | 05:47   70ms  225M  174G  65/ 86U [DodgeRampAttack] Retreat stopped.
2024-11-17 07:47:23.120 | 05:52   70ms  305M  202G  65/ 86U [ActUnit] MARINE from BARRACKS at (39.5, 113.5)
2024-11-17 07:47:23.566 | 05:52   74ms  285M  214G  66/ 86U [ActUnit] SCV from COMMANDCENTER at (38.5, 121.5)
2024-11-17 07:47:24.559 | 05:54   78ms  165M  101G  67/ 94U [ActUnit] SIEGETANK from FACTORY at (34.5, 110.5)
2024-11-17 07:47:25.948 | 05:56   70ms  125M  113G  70/ 94U [GameAnalyzer] Known army advantage is now ClearDisadvantage
2024-11-17 07:47:25.950 | 05:56   70ms   75M  113G  70/ 94U [ActUnit] SCV from COMMANDCENTER at (36.5, 89.5)
2024-11-17 07:47:26.797 | INFO     | sc2.protocol:_execute:72 - Client status changed to Status.ended (was Status.in_game)
2024-11-17 07:47:26.798 | Result: Defeat
2024-11-17 07:47:26.799 | Duration: 05:57
2024-11-17 07:47:26.799 | Step time min: 13
2024-11-17 07:47:26.800 | Step time avg: 43
2024-11-17 07:47:26.800 | Step time max: 632
2024-11-17 07:47:26.801 | [LostUnitsContents] My lost units minerals and gas: (200, 50)
2024-11-17 07:47:26.801 | [LostUnitsContents] My lost units minerals by score: 200.0
2024-11-17 07:47:26.802 | [LostUnitsContents] Enemy lost units minerals and gas: (250, 0)
2024-11-17 07:47:26.802 | [LostUnitsContents] Enemy lost units minerals by score: 250.0
2024-11-17 07:47:26.803 | [GameAnalyzerEnd] Own units:
2024-11-17 07:47:26.804 | [GameAnalyzerEnd] SCV               total:  47 alive:  46 dead:   1 
2024-11-17 07:47:26.805 | [GameAnalyzerEnd] SUPPLYDEPOT       total:   9 alive:   9 dead:   0 
2024-11-17 07:47:26.805 | [GameAnalyzerEnd] TECHLAB           total:   5 alive:   5 dead:   0 
2024-11-17 07:47:26.806 | [GameAnalyzerEnd] FACTORY           total:   4 alive:   4 dead:   0 
2024-11-17 07:47:26.807 | [GameAnalyzerEnd] REFINERY          total:   4 alive:   4 dead:   0 
2024-11-17 07:47:26.808 | [GameAnalyzerEnd] REAPER            total:   3 alive:   2 dead:   1 
2024-11-17 07:47:26.808 | [GameAnalyzerEnd] HELLION           total:   2 alive:   1 dead:   1 
2024-11-17 07:47:26.809 | [GameAnalyzerEnd] BARRACKS          total:   2 alive:   2 dead:   0 
2024-11-17 07:47:26.810 | [GameAnalyzerEnd] REACTOR           total:   2 alive:   2 dead:   0 
2024-11-17 07:47:26.811 | [GameAnalyzerEnd] SIEGETANK         total:   2 alive:   2 dead:   0 
2024-11-17 07:47:26.812 | [GameAnalyzerEnd] ORBITALCOMMAND    total:   2 alive:   2 dead:   0 
2024-11-17 07:47:26.812 | [GameAnalyzerEnd] COMMANDCENTER     total:   1 alive:   1 dead:   0 
2024-11-17 07:47:26.813 | [GameAnalyzerEnd] STARPORT          total:   1 alive:   1 dead:   0 
2024-11-17 07:47:26.813 | [GameAnalyzerEnd] BUNKER            total:   1 alive:   1 dead:   0 
2024-11-17 07:47:26.814 | [GameAnalyzerEnd] Enemy units:
2024-11-17 07:47:26.814 | [GameAnalyzerEnd] DRONE             total:  32 alive:  31 dead:   1 
2024-11-17 07:47:26.815 | [GameAnalyzerEnd] ZERGLING          total:  14 alive:   6 dead:   8 
2024-11-17 07:47:26.815 | [GameAnalyzerEnd] ROACH             total:   8 alive:   8 dead:   0 
2024-11-17 07:47:26.816 | [GameAnalyzerEnd] OVERLORD          total:   7 alive:   7 dead:   0 
2024-11-17 07:47:26.817 | [GameAnalyzerEnd] HATCHERY          total:   2 alive:   2 dead:   0 
2024-11-17 07:47:26.818 | [GameAnalyzerEnd] EXTRACTOR         total:   2 alive:   2 dead:   0 
2024-11-17 07:47:26.818 | [GameAnalyzerEnd] QUEEN             total:   2 alive:   2 dead:   0 
2024-11-17 07:47:26.819 | [GameAnalyzerEnd] SPAWNINGPOOL      total:   1 alive:   1 dead:   0 
2024-11-17 07:47:26.820 | [GameAnalyzerEnd] ROACHWARREN       total:   1 alive:   1 dead:   0 
2024-11-17 07:47:26.820 | [GameAnalyzerEnd] HYDRALISKDEN      total:   1 alive:   1 dead:   0 
2024-11-17 07:47:26.821 | [GameAnalyzerEnd] LAIR              total:   1 alive:   1 dead:   0 
2024-11-17 07:47:26.822 | [GameAnalyzerEnd] Minerals max 400 Average 154
2024-11-17 07:47:26.822 | [GameAnalyzerEnd] Vespene max 324 Average 87
2024-11-17 07:47:26.824 | INFO     | sc2.main:_play_game:228 - Result for player 1 - Bot LadderBot(Terran): Defeat
2024-11-17 07:47:28.826 | INFO     | sc2.protocol:__request:48 - Cannot receive: Game has already ended.
2024-11-17 07:47:28.827 | INFO     | sc2.sc2process:_close_connection:231 - Closing connection at 53930...
2024-11-17 07:47:28.828 | INFO     | sc2.sc2process:kill_all:33 - kill_switch: Process cleanup for 1 processes
