2024-11-14 13:02:14.109 | INFO     | sc2.protocol:_execute:72 - Client status changed to Status.launched (was None)
2024-11-14 13:02:14.111 | INFO     | sc2.controller:create_game:37 - Creating new game
2024-11-14 13:02:14.112 | INFO     | sc2.controller:create_game:38 - Map:     Gresvan513AIE
2024-11-14 13:02:14.112 | INFO     | sc2.controller:create_game:39 - Players: Bot LadderBot(Terran), Computer VeryHard(Zerg, RandomBuild)
2024-11-14 13:02:14.115 | INFO     | sc2.protocol:_execute:72 - Client status changed to Status.init_game (was Status.launched)
2024-11-14 13:02:26.518 | INFO     | sc2.protocol:_execute:72 - Client status changed to Status.in_game (was None)
2024-11-14 13:02:26.519 | INFO     | sc2.main:_play_game:221 - Player 1 - Bot LadderBot(Terran)
2024-11-14 13:02:27.300 | 00:00    0ms    0M    0G  12/ 15U [Version] 5.0.13.92440
2024-11-14 13:02:27.301 | 00:00    0ms    0M    0G  12/ 15U [Version] 5.0.6 Balance mod recognized.
2024-11-14 13:02:27.420 | 00:00    0ms    0M    0G  12/ 15U [ZoneManager] Map set to: MapName.Unknown from name: GresvanAIE and hash: 3547936.
2024-11-14 13:02:28.891 | 00:00    0ms    0M    0G  12/ 15U [Build] Att at 50
2024-11-14 13:02:28.957 | [Start] My race: Terran
2024-11-14 13:02:28.958 | [Start] Opponent race: Zerg
2024-11-14 13:02:28.959 | [Start] OpponentId: None
2024-11-14 13:02:29.439 | 00:00   16ms    0M    0G  13/ 15U [GameAnalyzer] Income advantage is now SlightDisadvantage
2024-11-14 13:02:29.568 | 00:01   15ms    0M    0G  13/ 15U [GameAnalyzer] Income advantage is now Even
2024-11-14 13:02:33.418 | 00:14   19ms    0M    0G  13/ 15U [ActUnit] SCV from COMMANDCENTER at (161.5, 42.5)
2024-11-14 13:02:36.990 | 00:27   18ms  110M    0G  14/ 15U [ActUnit] SCV from COMMANDCENTER at (161.5, 42.5)
2024-11-14 13:02:39.994 | 00:37   20ms   10M    0G  15/ 23U [BuildGas] Building REFINERY to (157.5, 35.5)
2024-11-14 13:02:40.841 | 00:39   18ms    0M    0G  15/ 23U [ActUnit] SCV from COMMANDCENTER at (161.5, 42.5)
2024-11-14 13:02:44.830 | 00:52   19ms   95M    0G  16/ 23U [ActUnit] SCV from COMMANDCENTER at (161.5, 42.5)
2024-11-14 13:02:46.867 | 00:58   21ms  160M    0G  17/ 23U [GameAnalyzer] Income advantage is now SlightDisadvantage
2024-11-14 13:02:46.933 | 00:58   27ms  165M    0G  17/ 23U [GameAnalyzer] Income advantage is now Even
2024-11-14 13:02:48.833 | 01:04   23ms  190M    4G  17/ 23U [ActUnit] SCV from COMMANDCENTER at (161.5, 42.5)
2024-11-14 13:02:51.698 | 01:11   22ms  270M   24G  18/ 23U [GameAnalyzer] Income advantage is now SmallDisadvantage
2024-11-14 13:02:51.859 | 01:12   28ms  285M   24G  18/ 23U [GameAnalyzer] Income advantage is now SlightDisadvantage
2024-11-14 13:02:52.020 | 01:12   29ms  285M   24G  18/ 23U [GameAnalyzer] Income advantage is now SmallDisadvantage
2024-11-14 13:02:52.410 | 01:13   28ms  300M   28G  18/ 23U [GameAnalyzer] Income advantage is now SlightDisadvantage
2024-11-14 13:02:52.655 | 01:14   31ms  300M   28G  18/ 23U [GameAnalyzer] Income advantage is now SmallDisadvantage
2024-11-14 13:02:52.913 | 01:14   27ms  315M   32G  18/ 23U [GameAnalyzer] Income advantage is now SlightDisadvantage
2024-11-14 13:02:53.086 | 01:15   31ms  315M   32G  18/ 23U [GameAnalyzer] Income advantage is now SmallDisadvantage
2024-11-14 13:02:53.086 | 01:15   31ms  315M   32G  18/ 23U [ChatManager] Tag:E_overlord
2024-11-14 13:02:53.166 | 01:15   30ms  320M   32G  18/ 23U [GameAnalyzer] Income advantage is now SlightDisadvantage
2024-11-14 13:02:53.339 | 01:15   25ms  325M   32G  18/ 23U [GameAnalyzer] Income advantage is now SmallDisadvantage
2024-11-14 13:02:53.589 | 01:16   27ms  325M   36G  18/ 23U [GameAnalyzer] Income advantage is now Even
2024-11-14 13:02:53.754 | 01:16   29ms  285M   36G  18/ 23U [ActUnit] SCV from COMMANDCENTER at (161.5, 42.5)
2024-11-14 13:02:53.838 | 01:17   30ms  295M   36G  19/ 23U [GameAnalyzer] Income advantage is now SlightDisadvantage
2024-11-14 13:02:53.839 | 01:17   30ms  295M   36G  19/ 23U [GameAnalyzer] Predicted army advantage is now SlightDisadvantage
2024-11-14 13:02:53.993 | 01:17   26ms  295M   36G  19/ 23U [GameAnalyzer] Income advantage is now SmallDisadvantage
2024-11-14 13:02:54.235 | 01:18   27ms  305M   40G  19/ 23U [GameAnalyzer] Income advantage is now SlightDisadvantage
2024-11-14 13:02:54.771 | 01:19   28ms  305M   44G  19/ 23U [GameAnalyzer] Income advantage is now SmallDisadvantage
2024-11-14 13:02:55.032 | 01:20   28ms  330M   44G  19/ 23U [GameAnalyzer] Income advantage is now SlightDisadvantage
2024-11-14 13:02:55.299 | 01:20   33ms  330M   48G  19/ 23U [GameAnalyzer] Income advantage is now SmallDisadvantage
2024-11-14 13:02:55.458 | 01:21   26ms  340M   48G  19/ 23U [GameAnalyzer] Income advantage is now SlightDisadvantage
2024-11-14 13:02:55.625 | 01:21   30ms  345M   48G  19/ 23U [GameAnalyzer] Income advantage is now SmallDisadvantage
2024-11-14 13:02:55.867 | 01:22   30ms  360M   52G  19/ 23U [GameAnalyzer] Income advantage is now SlightDisadvantage
2024-11-14 13:02:56.261 | 01:23   31ms  360M   52G  19/ 23U [GameAnalyzer] Income advantage is now SmallDisadvantage
2024-11-14 13:02:56.434 | 01:23   27ms  370M   56G  19/ 23U [GameAnalyzer] Income advantage is now SlightDisadvantage
2024-11-14 13:02:56.812 | 01:24  121ms  270M   56G  19/ 23U [GameAnalyzer] Income advantage is now SmallDisadvantage
2024-11-14 13:02:58.023 | 01:27   34ms  325M   64G  19/ 23U [GameAnalyzer] Income advantage is now SlightDisadvantage
2024-11-14 13:02:58.111 | 01:27   34ms  325M   64G  19/ 23U [GameAnalyzer] Income advantage is now SmallDisadvantage
2024-11-14 13:03:00.135 | 01:30   35ms  210M   72G  19/ 23U [GameAnalyzer] Income advantage is now SlightDisadvantage
2024-11-14 13:03:00.313 | 01:30   39ms  210M   72G  19/ 23U [GameAnalyzer] Income advantage is now SmallDisadvantage
2024-11-14 13:03:03.238 | 01:35   40ms  285M   88G  19/ 23U [GameAnalyzer] Income advantage is now SlightDisadvantage
2024-11-14 13:03:03.315 | 01:36   39ms  285M   88G  19/ 23U [GameAnalyzer] Income advantage is now SmallDisadvantage
2024-11-14 13:03:06.194 | 01:44   32ms  400M  108G  19/ 23U [Expand] Expanding to (163.5, 74.5)
2024-11-14 13:03:06.383 | 01:44   29ms  410M  112G  19/ 23U [Expand] Expanding to (163.5, 74.5)
2024-11-14 13:03:07.711 | 01:48   30ms    0M   70G  19/ 23U [TerranUnit] REAPER from BARRACKS at (165.5, 45.5)
2024-11-14 13:03:09.504 | 01:52   26ms   65M   86G  20/ 31U [GameAnalyzer] Income advantage is now Even
2024-11-14 13:03:09.659 | 01:53   28ms    0M   86G  20/ 31U [BuildGas] Building REFINERY to (154.5, 39.5)
2024-11-14 13:03:10.955 | 01:56   29ms   40M   94G  20/ 31U [GameAnalyzer] Income advantage is now SlightDisadvantage
2024-11-14 13:03:11.112 | 01:57   27ms   50M   94G  20/ 31U [GameAnalyzer] Income advantage is now Even
2024-11-14 13:03:11.114 | 01:57   27ms    0M   94G  20/ 31U [ActUnit] SCV from COMMANDCENTER at (161.5, 42.5)
2024-11-14 13:03:11.195 | 01:57   33ms    5M   98G  21/ 31U [DodgeRampAttack] Supply is 21 -> attack!
2024-11-14 13:03:11.196 | 01:57   33ms    5M   98G  21/ 31U [DodgeRampAttack] Attack started at 0.00 power.
2024-11-14 13:03:11.273 | 01:57   29ms    5M   98G  21/ 31U [DodgeRampAttack] No attacking units, starting retreat
2024-11-14 13:03:11.422 | 01:58   30ms    5M   98G  21/ 31U [GameAnalyzer] Income advantage is now SlightDisadvantage
2024-11-14 13:03:11.578 | 01:58   27ms   15M   98G  21/ 31U [GameAnalyzer] Income advantage is now Even
2024-11-14 13:03:12.947 | 02:02   29ms   55M  110G  21/ 31U [GameAnalyzer] Income advantage is now SlightDisadvantage
2024-11-14 13:03:13.031 | 02:02   29ms   60M  110G  21/ 31U [GameAnalyzer] Income advantage is now Even
2024-11-14 13:03:15.580 | 02:09   29ms    0M   30G  21/ 31U [ActUnit] SCV from COMMANDCENTER at (161.5, 42.5)
2024-11-14 13:03:16.939 | 02:13   33ms   35M   38G  22/ 31U [GameAnalyzer] Income advantage is now SlightDisadvantage
2024-11-14 13:03:17.091 | 02:13   32ms   45M   38G  22/ 31U [GameAnalyzer] Income advantage is now Even
2024-11-14 13:03:18.584 | 02:17   31ms  125M   50G  22/ 31U [ChatManager] Tag:E_zergling
2024-11-14 13:03:18.680 | 02:17   31ms  125M   50G  22/ 31U [DodgeRampAttack] Retreat stopped.
2024-11-14 13:03:18.765 | 02:17   30ms  130M   50G  22/ 31U [DodgeRampAttack] Supply is 22 -> attack!
2024-11-14 13:03:18.766 | 02:17   30ms  130M   50G  22/ 31U [DodgeRampAttack] Attack started at 0.00 power.
2024-11-14 13:03:18.850 | 02:18   35ms  135M   54G  22/ 31U [DodgeRampAttack] No attacking units, starting retreat
2024-11-14 13:03:19.079 | 02:18   29ms  135M   54G  22/ 31U [GameAnalyzer] Known army advantage is now SlightDisadvantage
2024-11-14 13:03:19.492 | 02:19   32ms  155M   58G  22/ 31U [GameAnalyzer] Income advantage is now SlightDisadvantage
2024-11-14 13:03:19.669 | 02:20   35ms  160M   58G  22/ 31U [GameAnalyzer] Known army advantage is now Even
2024-11-14 13:03:19.673 | 02:20   35ms  110M    8G  22/ 31U [TerranUnit] REAPER from BARRACKS at (165.5, 45.5)
2024-11-14 13:03:19.754 | 02:20   36ms  115M    8G  23/ 31U [GameAnalyzer] Income advantage is now Even
2024-11-14 13:03:20.003 | 02:21   31ms  115M   16G  23/ 31U [GameAnalyzer] Income advantage is now SlightDisadvantage
2024-11-14 13:03:20.169 | 02:21   35ms  120M   16G  23/ 31U [GameAnalyzer] Income advantage is now Even
2024-11-14 13:03:20.257 | 02:21   33ms   70M   16G  23/ 31U [ActUnit] SCV from COMMANDCENTER at (161.5, 42.5)
2024-11-14 13:03:20.596 | 02:22   31ms  110M   16G  24/ 31U [GameAnalyzer] Income advantage is now SlightDisadvantage
2024-11-14 13:03:20.994 | 02:23   36ms  120M   20G  23/ 31U [GameAnalyzer] Income advantage is now Even
2024-11-14 13:03:21.158 | 02:23   33ms  125M   24G  23/ 31U [GameAnalyzer] Income advantage is now SlightDisadvantage
2024-11-14 13:03:21.317 | 02:24   33ms  135M   24G  23/ 31U [GameAnalyzer] Income advantage is now Even
2024-11-14 13:03:21.471 | 02:24   33ms  140M   28G  23/ 31U [GameAnalyzer] Income advantage is now SlightDisadvantage
2024-11-14 13:03:21.551 | 02:25   32ms  145M   28G  23/ 31U [GameAnalyzer] Income advantage is now Even
2024-11-14 13:03:21.633 | 02:25   31ms  145M   32G  23/ 31U [GameAnalyzer] Income advantage is now SlightDisadvantage
2024-11-14 13:03:21.796 | 02:25   35ms  145M   32G  23/ 31U [GameAnalyzer] Income advantage is now Even
2024-11-14 13:03:21.955 | 02:25   30ms  150M   32G  23/ 31U [GameAnalyzer] Income advantage is now SlightDisadvantage
2024-11-14 13:03:22.188 | 02:26   30ms  160M   32G  23/ 31U [GameAnalyzer] Income advantage is now Even
2024-11-14 13:03:22.414 | 02:27   30ms  160M   32G  23/ 31U [GameAnalyzer] Income advantage is now SlightDisadvantage
2024-11-14 13:03:22.490 | 02:27   34ms  165M   36G  23/ 31U [GameAnalyzer] Income advantage is now Even
2024-11-14 13:03:22.879 | 02:28   32ms  175M   40G  23/ 31U [GameAnalyzer] Income advantage is now SlightDisadvantage
2024-11-14 13:03:23.116 | 02:29   32ms  195M   44G  23/ 31U [GameAnalyzer] Income advantage is now Even
2024-11-14 13:03:23.196 | 02:29   33ms  220M   48G  23/ 31U [GameAnalyzer] Income advantage is now SlightDisadvantage
2024-11-14 13:03:23.272 | 02:29   35ms  225M   48G  23/ 31U [GameAnalyzer] Income advantage is now Even
2024-11-14 13:03:23.355 | 02:29   32ms  225M   48G  23/ 31U [GameAnalyzer] Income advantage is now SlightDisadvantage
2024-11-14 13:03:23.447 | 02:30   35ms  225M   48G  23/ 31U [GameAnalyzer] Income advantage is now Even
2024-11-14 13:03:23.612 | 02:30   35ms  225M   48G  23/ 31U [GameAnalyzer] Income advantage is now SlightDisadvantage
2024-11-14 13:03:23.840 | 02:31   30ms  240M   48G  23/ 31U [GameAnalyzer] Income advantage is now Even
2024-11-14 13:03:23.921 | 02:31   31ms  240M   48G  23/ 31U [GameAnalyzer] Income advantage is now SlightDisadvantage
2024-11-14 13:03:24.073 | 02:31   32ms  240M   52G  23/ 31U [GameAnalyzer] Income advantage is now Even
2024-11-14 13:03:24.312 | 02:32   32ms  245M   56G  23/ 31U [GameAnalyzer] Income advantage is now SlightDisadvantage
2024-11-14 13:03:24.486 | 02:32   43ms  255M   60G  23/ 31U [GameAnalyzer] Income advantage is now Even
2024-11-14 13:03:24.568 | 02:33   34ms  260M   60G  23/ 31U [GameAnalyzer] Income advantage is now SlightDisadvantage
2024-11-14 13:03:24.956 | 02:34   33ms  225M   64G  23/ 31U [ActUnit] SCV from COMMANDCENTER at (161.5, 42.5)
2024-11-14 13:03:25.036 | 02:34   37ms  225M   64G  24/ 31U [GameAnalyzer] Income advantage is now Even
2024-11-14 13:03:25.268 | 02:34   34ms  230M   64G  24/ 31U [GameAnalyzer] Income advantage is now SlightDisadvantage
2024-11-14 13:03:25.512 | 02:35   35ms  245M   68G  24/ 31U [GameAnalyzer] Income advantage is now Even
2024-11-14 13:03:26.001 | 02:36   35ms  270M   76G  24/ 31U [GameAnalyzer] Income advantage is now SlightDisadvantage
2024-11-14 13:03:26.080 | 02:37   35ms  275M   76G  24/ 31U [GameAnalyzer] Income advantage is now Even
2024-11-14 13:03:26.241 | 02:37   36ms  290M   76G  24/ 31U [GameAnalyzer] Income advantage is now SlightDisadvantage
2024-11-14 13:03:26.321 | 02:37   33ms  295M   80G  24/ 31U [GameAnalyzer] Income advantage is now Even
2024-11-14 13:03:26.549 | 02:38   34ms  300M   80G  24/ 31U [GameAnalyzer] Income advantage is now SlightDisadvantage
2024-11-14 13:03:26.557 | 02:38   34ms  300M   80G  24/ 31U [DodgeRampAttack] Retreat stopped.
2024-11-14 13:03:26.630 | 02:38  106ms  300M   80G  24/ 31U [GameAnalyzer] Income advantage is now Even
2024-11-14 13:03:26.639 | 02:38  106ms  300M   80G  24/ 31U [DodgeRampAttack] Supply is 24 -> attack!
2024-11-14 13:03:26.640 | 02:38  106ms  300M   80G  24/ 31U [DodgeRampAttack] Attack started at 1.00 power.
2024-11-14 13:03:27.052 | 02:39   38ms  315M   84G  24/ 31U [GameAnalyzer] Income advantage is now SlightDisadvantage
2024-11-14 13:03:27.139 | 02:39   41ms  325M   84G  24/ 31U [GameAnalyzer] Income advantage is now Even
2024-11-14 13:03:27.392 | 02:40   35ms  330M   88G  24/ 31U [GameAnalyzer] Income advantage is now SlightDisadvantage
2024-11-14 13:03:27.488 | 02:40   42ms  330M   92G  24/ 31U [GameAnalyzer] Income advantage is now Even
2024-11-14 13:03:28.112 | 02:42   38ms  355M   96G  24/ 31U [GameAnalyzer] Income advantage is now SlightDisadvantage
2024-11-14 13:03:28.288 | 02:42   35ms  390M  100G  24/ 31U [GameAnalyzer] Income advantage is now Even
2024-11-14 13:03:29.281 | 02:45   35ms  420M  112G  24/ 31U [GameAnalyzer] Income advantage is now SlightDisadvantage
2024-11-14 13:03:29.368 | 02:45   37ms  420M  112G  24/ 31U [GameAnalyzer] Income advantage is now Even
2024-11-14 13:03:29.709 | 02:46   39ms  380M  116G  24/ 31U [ActUnit] SCV from COMMANDCENTER at (161.5, 42.5)
2024-11-14 13:03:30.140 | 02:47   37ms  390M  120G  25/ 31U [GameAnalyzer] Income advantage is now SlightDisadvantage
2024-11-14 13:03:30.229 | 02:47   38ms  395M  120G  25/ 31U [GameAnalyzer] Income advantage is now Even
2024-11-14 13:03:30.635 | 02:48   39ms  405M  124G  25/ 31U [GameAnalyzer] Income advantage is now SlightDisadvantage
2024-11-14 13:03:30.776 | 02:48   37ms  410M  124G  25/ 31U [GameAnalyzer] Income advantage is now Even
2024-11-14 13:03:32.171 | 02:52   37ms  480M  144G  25/ 31U [GameAnalyzer] Income advantage is now SlightDisadvantage
2024-11-14 13:03:32.251 | 02:52   48ms  490M  144G  25/ 31U [GameAnalyzer] Income advantage is now Even
2024-11-14 13:03:32.252 | 02:52   48ms  490M  144G  25/ 31U [GameAnalyzer] Known army advantage is now SlightAdvantage
2024-11-14 13:03:32.256 | 02:52   48ms  440M   94G  25/ 31U [TerranUnit] REAPER from BARRACKS at (165.5, 45.5)
2024-11-14 13:03:32.696 | 02:53   38ms  260M   98G  26/ 31U [TerranUnit] HELLION from FACTORY at (160.5, 50.5)
2024-11-14 13:03:32.880 | 02:53   38ms  115M    2G  28/ 31U [GameAnalyzer] Income advantage is now SlightDisadvantage
2024-11-14 13:03:33.066 | 02:54   38ms  120M    6G  28/ 31U [GameAnalyzer] Income advantage is now Even
2024-11-14 13:03:33.675 | 02:55   38ms  165M   14G  28/ 31U [GameAnalyzer] Income advantage is now SlightDisadvantage
2024-11-14 13:03:33.766 | 02:56   42ms  170M   14G  28/ 31U [GameAnalyzer] Income advantage is now Even
2024-11-14 13:03:34.270 | 02:57   38ms  175M   22G  28/ 31U [GameAnalyzer] Income advantage is now SlightDisadvantage
2024-11-14 13:03:34.356 | 02:57   37ms  180M   22G  28/ 31U [GameAnalyzer] Income advantage is now Even
2024-11-14 13:03:34.644 | 02:58   38ms  190M   22G  28/ 31U [GameAnalyzer] Income advantage is now SlightDisadvantage
2024-11-14 13:03:34.826 | 02:58   39ms  200M   22G  28/ 31U [GameAnalyzer] Income advantage is now Even
2024-11-14 13:03:34.828 | 02:58   39ms  150M   22G  28/ 31U [ActUnit] SCV from COMMANDCENTER at (161.5, 42.5)
2024-11-14 13:03:35.212 | 02:59   40ms  160M   30G  29/ 31U [GameAnalyzer] Income advantage is now SlightDisadvantage
2024-11-14 13:03:35.302 | 02:59   43ms  170M   30G  29/ 31U [GameAnalyzer] Income advantage is now Even
2024-11-14 13:03:36.765 | 03:03   35ms  200M   46G  29/ 31U [GameAnalyzer] Income advantage is now SlightDisadvantage
2024-11-14 13:03:36.766 | 03:03   35ms  200M   46G  29/ 31U [ChatManager] Tag:E_queen
2024-11-14 13:03:36.784 | 03:03   35ms  200M   46G  29/ 31U [DodgeRampAttack] Retreat started at 1.00 own local power against 2.50 enemy local power.
2024-11-14 13:03:36.950 | 03:03   47ms  205M   46G  29/ 31U [GameAnalyzer] Income advantage is now Even
2024-11-14 13:03:37.049 | 03:03   45ms  210M   46G  29/ 31U [GameAnalyzer] Income advantage is now SlightDisadvantage
2024-11-14 13:03:37.226 | 03:04   37ms  220M   50G  29/ 31U [GameAnalyzer] Income advantage is now Even
2024-11-14 13:03:37.527 | 03:04   45ms   80M   54G  29/ 46U [GameAnalyzer] Known army advantage is now SlightDisadvantage
2024-11-14 13:03:37.528 | 03:04   45ms   80M   54G  29/ 46U [GameAnalyzer] Predicted army advantage is now SmallDisadvantage
2024-11-14 13:03:38.970 | 03:08   37ms  130M   70G  29/ 46U [GameAnalyzer] Income advantage is now SlightDisadvantage
2024-11-14 13:03:39.060 | 03:08   41ms  135M   74G  29/ 46U [GameAnalyzer] Income advantage is now Even
2024-11-14 13:03:40.351 | 03:10   43ms  125M   86G  29/ 46U [ActUnit] SCV from COMMANDCENTER at (161.5, 42.5)
2024-11-14 13:03:42.169 | 03:14   44ms  205M  106G  30/ 46U [BuildAddon] UnitTypeId.FACTORYREACTOR to (163.0, 50.0)
2024-11-14 13:03:46.032 | 03:23   41ms  260M  104G  30/ 54U [ActUnit] SCV from COMMANDCENTER at (161.5, 42.5)
2024-11-14 13:03:46.141 | 03:23   40ms  270M  104G  31/ 54U [DodgeRampAttack] Retreat stopped.
2024-11-14 13:03:46.236 | 03:23   45ms  270M  104G  31/ 54U [DodgeRampAttack] Supply is 31 -> attack!
2024-11-14 13:03:46.237 | 03:23   45ms  270M  104G  31/ 54U [DodgeRampAttack] Attack started at 4.00 power.
2024-11-14 13:03:46.613 | 03:24   45ms  290M  112G  31/ 54U [GameAnalyzer] Known army advantage is now Even
2024-11-14 13:03:46.620 | 03:24   45ms  290M  112G  31/ 54U [BuildAddon] UnitTypeId.BARRACKSREACTOR to (168.0, 45.0)
2024-11-14 13:03:46.734 | 03:24   48ms  250M   62G  31/ 54U [DefensiveBuilding] Building BUNKER to (158.5, 74.5)
2024-11-14 13:03:47.127 | 03:25   42ms   10M   62G  31/ 54U [GameAnalyzer] Known army advantage is now SlightAdvantage
2024-11-14 13:03:48.505 | 03:28   41ms    5M   78G  31/ 54U [BuildGas] Building REFINERY to (166.5, 81.5)
2024-11-14 13:03:49.623 | 03:30   39ms    0M   94G  31/ 54U [ActUnit] SCV from COMMANDCENTER at (163.5, 74.5)
2024-11-14 13:03:51.647 | 03:35   39ms   25M  114G  32/ 54U [ActUnit] SCV from COMMANDCENTER at (161.5, 42.5)
2024-11-14 13:03:54.297 | 03:40   55ms  135M  146G  33/ 54U [GameAnalyzer] Known army advantage is now SlightDisadvantage
2024-11-14 13:03:56.675 | 03:44   55ms   10M   62G  33/ 54U [ActUnit] SCV from COMMANDCENTER at (163.5, 74.5)
2024-11-14 13:03:58.280 | 03:47   40ms   20M   86G  34/ 54U [ActUnit] SCV from COMMANDCENTER at (161.5, 42.5)
2024-11-14 13:03:59.839 | 03:51   40ms  115M  102G  35/ 54U [GameAnalyzer] Known army advantage is now Even
2024-11-14 13:04:02.310 | 03:56   47ms  230M  126G  35/ 54U [GameAnalyzer] Known army advantage is now SlightAdvantage
2024-11-14 13:04:02.715 | 03:56   47ms  190M  134G  35/ 54U [ActUnit] SCV from COMMANDCENTER at (163.5, 74.5)
2024-11-14 13:04:03.409 | 03:58   48ms  250M  138G  36/ 54U [ChatManager] Tag:E_roach
2024-11-14 13:04:03.556 | 03:58   51ms  250M  142G  36/ 54U [DodgeRampAttack] Retreat started at 4.91 own local power against 7.12 enemy local power.
2024-11-14 13:04:04.424 | 03:59   52ms  265M  150G  36/ 54U [ActUnit] SCV from COMMANDCENTER at (161.5, 42.5)
2024-11-14 13:04:04.554 | 04:00   53ms  265M  150G  37/ 54U [GameAnalyzer] Known army advantage is now Even
2024-11-14 13:04:05.135 | 04:01   52ms  275M  158G  37/ 54U [GameAnalyzer] Known army advantage is now SmallDisadvantage
2024-11-14 13:04:09.511 | 04:09   57ms  410M  206G  36/ 54U [ActUnit] SCV from COMMANDCENTER at (163.5, 74.5)
2024-11-14 13:04:11.260 | 04:11   56ms  400M  218G  37/ 54U [TerranUnit] HELLION from FACTORY at (160.5, 50.5)
2024-11-14 13:04:11.840 | 04:12   76ms  270M  226G  39/ 54U [ActUnit] SCV from COMMANDCENTER at (161.5, 42.5)
2024-11-14 13:04:15.943 | 04:18   52ms  435M  270G  40/ 54U [DodgeRampAttack] Retreat stopped.
2024-11-14 13:04:16.063 | 04:18   54ms  450M  274G  40/ 54U [DodgeRampAttack] Supply is 40 -> attack!
2024-11-14 13:04:16.064 | 04:18   54ms  450M  274G  40/ 54U [DodgeRampAttack] Attack started at 3.07 power.
2024-11-14 13:04:17.418 | 04:21   52ms  400M  294G  40/ 54U [TerranUnit] HELLION from FACTORY at (160.5, 50.5)
2024-11-14 13:04:17.537 | 04:21   56ms  355M  294G  42/ 54U [ActUnit] SCV from COMMANDCENTER at (163.5, 74.5)
2024-11-14 13:04:19.300 | 04:24   52ms  480M  318G  43/ 54U [GameAnalyzer] Income advantage is now SlightAdvantage
2024-11-14 13:04:19.303 | 04:24   52ms  430M  318G  43/ 54U [ActUnit] SCV from COMMANDCENTER at (161.5, 42.5)
2024-11-14 13:04:19.425 | 04:24   58ms  430M  326G  44/ 54U [GameAnalyzer] Income advantage is now Even
2024-11-14 13:04:22.097 | 04:29   54ms  440M  362G  44/ 54U [BuildAddon] UnitTypeId.FACTORYTECHLAB to (154.0, 47.0)
2024-11-14 13:04:23.830 | 04:32   63ms  400M  361G  44/ 54U [Expand] Expanding to (137.5, 64.5)
2024-11-14 13:04:24.192 | 04:32   52ms   25M  365G  44/ 54U [GameAnalyzer] Known army advantage is now SlightDisadvantage
2024-11-14 13:04:24.965 | 04:34   53ms    5M  377G  44/ 54U [ActUnit] SCV from COMMANDCENTER at (163.5, 74.5)
2024-11-14 13:04:25.116 | 04:34   53ms   10M  377G  45/ 54U [DodgeRampAttack] Retreat started at 3.07 own local power against 5.77 enemy local power.
2024-11-14 13:04:25.695 | 04:35   57ms  125M  385G  45/ 54U [BuildAddon] UnitTypeId.STARPORTTECHLAB to (156.0, 44.0)
2024-11-14 13:04:25.839 | 04:35   59ms   25M  310G  45/ 54U [TerranUnit] REAPER from BARRACKS at (167.5, 51.5)
2024-11-14 13:04:25.960 | 04:35   54ms   30M  314G  46/ 54U [GameAnalyzer] Income advantage is now SlightAdvantage
2024-11-14 13:04:26.107 | 04:36   57ms   30M  314G  46/ 54U [GameAnalyzer] Income advantage is now Even
2024-11-14 13:04:26.498 | 04:36   54ms   55M  322G  46/ 54U [GameAnalyzer] Income advantage is now SlightAdvantage
2024-11-14 13:04:26.500 | 04:36   54ms    5M  322G  46/ 54U [ActUnit] SCV from COMMANDCENTER at (161.5, 42.5)
2024-11-14 13:04:26.645 | 04:37   60ms   10M  322G  47/ 54U [GameAnalyzer] Income advantage is now Even
2024-11-14 13:04:27.297 | 04:38   55ms   35M  334G  47/ 54U [GameAnalyzer] Income advantage is now SlightAdvantage
2024-11-14 13:04:27.518 | 04:38   56ms   35M  334G  47/ 54U [GameAnalyzer] Income advantage is now Even
2024-11-14 13:04:27.662 | 04:38  142ms   15M  284G  47/ 54U [TerranUnit] REAPER from BARRACKS at (165.5, 45.5)
2024-11-14 13:04:28.040 | 04:39   52ms   45M  288G  48/ 62U [GameAnalyzer] Income advantage is now SlightAdvantage
2024-11-14 13:04:28.169 | 04:39   60ms   45M  296G  48/ 62U [GameAnalyzer] Income advantage is now Even
2024-11-14 13:04:28.292 | 04:39   54ms   45M  296G  48/ 62U [GameAnalyzer] Income advantage is now SlightAdvantage
2024-11-14 13:04:28.425 | 04:39   52ms   45M  296G  48/ 62U [GameAnalyzer] Income advantage is now Even
2024-11-14 13:04:28.569 | 04:40   57ms    0M  250G  48/ 62U [TerranUnit] REAPER from BARRACKS at (165.5, 45.5)
2024-11-14 13:04:28.681 | 04:40   53ms    5M  250G  49/ 62U [GameAnalyzer] Income advantage is now SlightAdvantage
2024-11-14 13:04:28.810 | 04:40   52ms    5M  250G  49/ 62U [GameAnalyzer] Income advantage is now Even
2024-11-14 13:04:29.059 | 04:41   50ms   20M  258G  49/ 62U [GameAnalyzer] Income advantage is now SlightAdvantage
2024-11-14 13:04:29.191 | 04:41   61ms   30M  258G  49/ 62U [GameAnalyzer] Income advantage is now Even
2024-11-14 13:04:29.770 | 04:42   54ms   45M  262G  49/ 62U [GameAnalyzer] Income advantage is now SlightAdvantage
2024-11-14 13:04:30.033 | 04:42   52ms   80M  270G  49/ 62U [GameAnalyzer] Income advantage is now Even
2024-11-14 13:04:30.034 | 04:42   52ms   80M  270G  49/ 62U [GameAnalyzer] Known army advantage is now SlightAdvantage
2024-11-14 13:04:30.299 | 04:43   55ms   90M  270G  49/ 62U [GameAnalyzer] Income advantage is now SlightAdvantage
2024-11-14 13:04:30.435 | 04:43   57ms  100M  274G  49/ 62U [GameAnalyzer] Income advantage is now Even
2024-11-14 13:04:30.974 | 04:44   56ms  130M  282G  49/ 62U [GameAnalyzer] Income advantage is now SmallAdvantage
2024-11-14 13:04:32.523 | 04:46   60ms  155M  298G  49/ 62U [ActUnit] SCV from COMMANDCENTER at (163.5, 74.5)
2024-11-14 13:04:34.581 | 04:49   51ms   10M  330G  50/ 62U [ActUnit] SCV from COMMANDCENTER at (161.5, 42.5)
2024-11-14 13:04:36.865 | 04:53   60ms  125M  358G  51/ 62U [Tech] Started BANSHEESPEED
2024-11-14 13:04:37.160 | 04:53   67ms   20M   83G  51/ 62U [ActUnit] RAVEN from STARPORT at (153.5, 44.5)
2024-11-14 13:04:37.651 | 04:54   53ms   35M   91G  53/ 70U [DodgeRampAttack] Retreat stopped.
2024-11-14 13:04:37.789 | 04:54   67ms   45M   95G  53/ 70U [DodgeRampAttack] Supply is 53 -> attack!
2024-11-14 13:04:37.790 | 04:54   67ms   45M   95G  53/ 70U [DodgeRampAttack] Attack started at 7.07 power.
2024-11-14 13:04:40.823 | 04:58   63ms  135M  127G  53/ 70U [ActUnit] SCV from COMMANDCENTER at (163.5, 74.5)
2024-11-14 13:04:41.713 | 05:00   63ms  160M  139G  54/ 70U [ChatManager] Tag:E_Macro
2024-11-14 13:04:42.529 | 05:01   63ms  125M  151G  54/ 70U [TerranUnit] HELLION from FACTORY at (160.5, 50.5)
2024-11-14 13:04:42.929 | 05:02   65ms   85M  155G  56/ 70U [ActUnit] SCV from COMMANDCENTER at (161.5, 42.5)
2024-11-14 13:04:43.061 | 05:02   60ms   95M  155G  57/ 70U [GameAnalyzer] Income advantage is now ClearAdvantage
2024-11-14 13:04:43.207 | 05:02   57ms   95M  155G  57/ 70U [GameAnalyzer] Income advantage is now SmallAdvantage
2024-11-14 13:04:44.125 | 05:04   63ms  150M  167G  57/ 70U [GameAnalyzer] Income advantage is now ClearAdvantage
2024-11-14 13:04:44.267 | 05:04   68ms  175M  167G  57/ 70U [GameAnalyzer] Income advantage is now SmallAdvantage
2024-11-14 13:04:44.566 | 05:04   63ms  175M  175G  57/ 70U [GameAnalyzer] Income advantage is now SlightAdvantage
2024-11-14 13:04:44.716 | 05:04   76ms  185M  175G  57/ 70U [GameAnalyzer] Income advantage is now SmallAdvantage
2024-11-14 13:04:45.104 | 05:05   68ms  100M  179G  57/ 70U [TerranUnit] HELLION from FACTORY at (151.5, 47.5)
2024-11-14 13:04:46.075 | 05:06   62ms   30M  191G  59/ 70U [GameAnalyzer] Income advantage is now SlightAdvantage
2024-11-14 13:04:46.376 | 05:07   60ms   50M  199G  59/ 70U [GameAnalyzer] Income advantage is now SmallAdvantage
2024-11-14 13:04:46.660 | 05:07   62ms   95M  199G  59/ 70U [GameAnalyzer] Predicted army advantage is now SlightDisadvantage
2024-11-14 13:04:46.674 | 05:07   62ms   45M  149G  59/ 70U [TerranUnit] REAPER from BARRACKS at (167.5, 51.5)
2024-11-14 13:04:46.893 | 05:08   78ms   50M  149G  60/ 70U [GameAnalyzer] Income advantage is now SlightAdvantage
2024-11-14 13:04:46.894 | 05:08   78ms   50M  149G  60/ 70U [GameAnalyzer] Known army advantage is now SmallDisadvantage
2024-11-14 13:04:46.894 | 05:08   78ms   50M  149G  60/ 70U [GameAnalyzer] Predicted army advantage is now OverwhelmingDisadvantage
2024-11-14 13:04:47.199 | 05:08   68ms   70M  153G  60/ 70U [GameAnalyzer] Income advantage is now SmallAdvantage
2024-11-14 13:04:47.807 | 05:09   64ms   85M  161G  60/ 70U [GameAnalyzer] Income advantage is now SlightAdvantage
2024-11-14 13:04:48.273 | 05:10   69ms  110M  165G  60/ 70U [GameAnalyzer] Income advantage is now SmallAdvantage
2024-11-14 13:04:48.430 | 05:10   76ms   15M  169G  60/ 70U [GameAnalyzer] Income advantage is now SlightAdvantage
2024-11-14 13:04:48.583 | 05:10   70ms   20M  173G  60/ 70U [GameAnalyzer] Income advantage is now SmallAdvantage
2024-11-14 13:04:48.612 | 05:10   70ms   20M  173G  60/ 70U [DodgeRampAttack] Retreat started at 7.07 own local power against 10.97 enemy local power.
2024-11-14 13:04:49.180 | 05:11   70ms   30M  177G  60/ 70U [GameAnalyzer] Income advantage is now SlightAdvantage
2024-11-14 13:04:49.357 | 05:11   77ms   35M  177G  60/ 70U [GameAnalyzer] Income advantage is now SmallAdvantage
2024-11-14 13:04:49.773 | 05:11   76ms   30M  185G  60/ 70U [ActUnit] SCV from COMMANDCENTER at (163.5, 74.5)
2024-11-14 13:04:50.096 | 05:12   77ms   40M  185G  61/ 70U [GameAnalyzer] Income advantage is now SlightAdvantage
2024-11-14 13:04:50.273 | 05:12   76ms    5M  135G  61/ 70U [TerranUnit] REAPER from BARRACKS at (165.5, 45.5)
2024-11-14 13:04:50.431 | 05:12   79ms   10M  139G  62/ 70U [GameAnalyzer] Income advantage is now SmallAdvantage
2024-11-14 13:04:50.756 | 05:13   70ms   20M  139G  62/ 70U [GameAnalyzer] Income advantage is now SlightAdvantage
2024-11-14 13:04:50.757 | 05:13   70ms   20M  139G  62/ 70U [GameAnalyzer] Predicted army advantage is now ClearDisadvantage
2024-11-14 13:04:51.202 | 05:13   77ms   35M  147G  62/ 70U [GameAnalyzer] Income advantage is now SmallAdvantage
2024-11-14 13:04:51.535 | 05:14   72ms    5M  101G  62/ 78U [TerranUnit] REAPER from BARRACKS at (165.5, 45.5)
2024-11-14 13:04:51.690 | 05:14   83ms    5M  101G  63/ 78U [GameAnalyzer] Income advantage is now SlightAdvantage
2024-11-14 13:04:52.003 | 05:14   72ms  115M  109G  63/ 78U [GameAnalyzer] Income advantage is now SmallAdvantage
2024-11-14 13:04:52.005 | 05:14   72ms   65M  109G  63/ 78U [ActUnit] SCV from COMMANDCENTER at (161.5, 42.5)
2024-11-14 13:04:54.538 | 05:18   74ms  160M  133G  64/ 78U [GameAnalyzer] Income advantage is now SlightAdvantage
2024-11-14 13:04:54.695 | 05:18   80ms  170M  133G  64/ 78U [GameAnalyzer] Income advantage is now SmallAdvantage
2024-11-14 13:04:54.696 | 05:18   80ms  170M  133G  64/ 78U [GameAnalyzer] Predicted army advantage is now OverwhelmingDisadvantage
2024-11-14 13:04:55.846 | 05:19   71ms  240M  145G  62/ 78U [GameAnalyzer] Known army advantage is now ClearDisadvantage
2024-11-14 13:04:56.298 | 05:20   72ms  150M  149G  62/ 78U [TerranUnit] HELLION from FACTORY at (160.5, 50.5)
2024-11-14 13:04:57.968 | 05:22   73ms  235M  173G  64/ 78U [GameAnalyzer] Known army advantage is now SmallDisadvantage
2024-11-14 13:04:57.981 | 05:22   73ms  135M  173G  64/ 78U [TerranUnit] HELLION from FACTORY at (160.5, 50.5)
2024-11-14 13:04:58.766 | 05:24  145ms   20M  181G  66/ 78U [ActUnit] SCV from COMMANDCENTER at (163.5, 74.5)
2024-11-14 13:05:00.646 | 05:26   71ms  115M  205G  67/ 78U [GameAnalyzer] Known army advantage is now SlightDisadvantage
2024-11-14 13:05:00.647 | 05:26   71ms  115M  205G  67/ 78U [GameAnalyzer] Predicted army advantage is now ClearDisadvantage
2024-11-14 13:05:01.108 | 05:27   68ms    0M  209G  67/ 78U [ActUnit] SCV from COMMANDCENTER at (161.5, 42.5)
2024-11-14 13:05:01.582 | 05:28   66ms   10M  217G  66/ 78U [GameAnalyzer] Known army advantage is now SmallDisadvantage
2024-11-14 13:05:01.740 | 05:28   75ms   20M  217G  66/ 78U [GameAnalyzer] Known army advantage is now Even
2024-11-14 13:05:01.741 | 05:28   75ms   20M  217G  66/ 78U [GameAnalyzer] Predicted army advantage is now Even
2024-11-14 13:05:02.358 | 05:29   68ms   45M  221G  66/ 78U [GameAnalyzer] Income advantage is now SlightAdvantage
2024-11-14 13:05:02.512 | 05:29   71ms   60M  229G  66/ 78U [GameAnalyzer] Income advantage is now SmallAdvantage
2024-11-14 13:05:03.360 | 05:30   72ms   90M   83G  66/ 78U [ActUnit] RAVEN from STARPORT at (153.5, 44.5)
2024-11-14 13:05:03.376 | 05:30   72ms   90M   83G  66/ 78U [DodgeRampAttack] Retreat stopped.
2024-11-14 13:05:03.519 | 05:30   82ms   20M   83G  68/ 78U [BuildGas] Building REFINERY to (170.5, 77.5)
2024-11-14 13:05:03.532 | 05:30   82ms   20M   83G  68/ 78U [DodgeRampAttack] Supply is 68 -> attack!
2024-11-14 13:05:03.533 | 05:30   82ms   20M   83G  68/ 78U [DodgeRampAttack] Attack started at 12.59 power.
2024-11-14 13:05:07.599 | 05:36   74ms  150M  131G  68/ 86U [ActUnit] SCV from COMMANDCENTER at (163.5, 74.5)
2024-11-14 13:05:10.070 | 05:39   78ms  205M  159G  65/ 86U [ActUnit] SCV from COMMANDCENTER at (161.5, 42.5)
2024-11-14 13:05:10.235 | 05:39   83ms  165M  113G  66/ 86U [TerranUnit] REAPER from BARRACKS at (167.5, 51.5)
2024-11-14 13:05:12.204 | 05:42   82ms  155M  129G  67/ 86U [TerranUnit] HELLION from FACTORY at (160.5, 50.5)
2024-11-14 13:05:12.830 | 05:43   82ms  175M  141G  69/ 86U [GameAnalyzer] Income advantage is now ClearAdvantage
2024-11-14 13:05:13.092 | 05:43   85ms  175M  141G  69/ 86U [GameAnalyzer] Income advantage is now SmallAdvantage
2024-11-14 13:05:13.743 | 05:44   84ms  220M  149G  69/ 86U [GameAnalyzer] Income advantage is now ClearAdvantage
2024-11-14 13:05:13.928 | 05:44   85ms  220M  149G  69/ 86U [GameAnalyzer] Income advantage is now SmallAdvantage
2024-11-14 13:05:14.868 | 05:45   86ms  150M  161G  69/ 86U [TerranUnit] HELLION from FACTORY at (160.5, 50.5)
2024-11-14 13:05:17.045 | 05:48   82ms  175M  185G  71/ 94U [ActUnit] SCV from COMMANDCENTER at (163.5, 74.5)
2024-11-14 13:05:19.053 | 05:51   82ms  155M  201G  72/ 94U [TerranUnit] HELLION from FACTORY at (151.5, 47.5)
2024-11-14 13:05:19.816 | 05:52  159ms   40M  209G  74/ 94U [ActUnit] SCV from COMMANDCENTER at (161.5, 42.5)
2024-11-14 13:05:21.281 | 05:54   72ms   95M  225G  73/ 94U [GameAnalyzer] Income advantage is now SlightAdvantage
2024-11-14 13:05:21.530 | 05:54   77ms  110M  225G  73/ 94U [GameAnalyzer] Income advantage is now SmallAdvantage
2024-11-14 13:05:22.559 | 05:55   75ms  155M  237G  73/109U [GameAnalyzer] Income advantage is now ClearAdvantage
2024-11-14 13:05:22.881 | 05:56   75ms   10M  245G  73/109U [GameAnalyzer] Income advantage is now SmallAdvantage
2024-11-14 13:05:23.195 | 05:56   71ms   35M  245G  73/109U [GameAnalyzer] Income advantage is now ClearAdvantage
2024-11-14 13:05:23.756 | 05:57   74ms   45M  249G  73/109U [GameAnalyzer] Income advantage is now SmallAdvantage
2024-11-14 13:05:24.229 | 05:57   76ms   60M  261G  73/109U [GameAnalyzer] Income advantage is now ClearAdvantage
2024-11-14 13:05:24.726 | 05:58   75ms   90M  265G  73/109U [GameAnalyzer] Income advantage is now SmallAdvantage
2024-11-14 13:05:25.459 | 05:59   75ms  120M  277G  73/109U [GameAnalyzer] Income advantage is now ClearAdvantage
2024-11-14 13:05:25.628 | 05:59  163ms  125M  277G  73/109U [GameAnalyzer] Income advantage is now SmallAdvantage
2024-11-14 13:05:26.652 | 06:00   83ms  140M  289G  73/109U [ActUnit] SCV from COMMANDCENTER at (163.5, 74.5)
2024-11-14 13:05:26.990 | 06:01   76ms  155M  293G  74/109U [GameAnalyzer] Income advantage is now ClearAdvantage
2024-11-14 13:05:27.786 | 06:02   84ms  160M  305G  74/109U [GameAnalyzer] Income advantage is now SmallAdvantage
2024-11-14 13:05:28.314 | 06:02   85ms  200M  313G  74/109U [GameAnalyzer] Income advantage is now ClearAdvantage
2024-11-14 13:05:28.977 | 06:03   81ms  225M  321G  74/109U [GameAnalyzer] Income advantage is now SmallAdvantage
2024-11-14 13:05:29.147 | 06:03  181ms  225M  321G  74/109U [GameAnalyzer] Income advantage is now ClearAdvantage
2024-11-14 13:05:29.325 | 06:04   85ms  235M  321G  74/109U [GameAnalyzer] Income advantage is now SmallAdvantage
2024-11-14 13:05:29.499 | 06:04   87ms  240M  325G  74/109U [GameAnalyzer] Income advantage is now ClearAdvantage
2024-11-14 13:05:29.501 | 06:04   87ms  190M  325G  74/109U [ActUnit] SCV from COMMANDCENTER at (161.5, 42.5)
2024-11-14 13:05:29.855 | 06:04   86ms  215M  325G  75/109U [GameAnalyzer] Income advantage is now SmallAdvantage
2024-11-14 13:05:30.047 | 06:04   86ms   70M  233G  75/109U [ActUnit] BANSHEE from STARPORT at (153.5, 44.5)
2024-11-14 13:05:30.376 | 06:05   81ms  105M  237G  78/109U [GameAnalyzer] Income advantage is now ClearAdvantage
2024-11-14 13:05:30.818 | 06:05  174ms  105M  241G  78/109U [GameAnalyzer] Income advantage is now SmallAdvantage
2024-11-14 13:05:31.157 | 06:06   79ms  120M  249G  78/109U [GameAnalyzer] Income advantage is now ClearAdvantage
2024-11-14 13:05:31.856 | 06:07   81ms  135M  257G  78/109U [GameAnalyzer] Income advantage is now SmallAdvantage
2024-11-14 13:05:32.045 | 06:07   89ms  150M  257G  78/109U [GameAnalyzer] Known army advantage is now SlightAdvantage
2024-11-14 13:05:32.496 | 06:07   90ms  170M  265G  78/109U [GameAnalyzer] Income advantage is now ClearAdvantage
2024-11-14 13:05:33.077 | 06:08   94ms  185M  269G  78/109U [GameAnalyzer] Income advantage is now SmallAdvantage
2024-11-14 13:05:34.081 | 06:09  144ms  250M  281G  78/109U [GameAnalyzer] Known army advantage is now SmallAdvantage
2024-11-14 13:05:34.362 | 06:09   90ms  215M  285G  78/109U [ActUnit] MARINE from BARRACKS at (165.5, 45.5)
2024-11-14 13:05:34.539 | 06:10  171ms  215M  289G  79/109U [GameAnalyzer] Income advantage is now ClearAdvantage
2024-11-14 13:05:34.722 | 06:10   91ms  225M  289G  79/109U [GameAnalyzer] Known army advantage is now SlightAdvantage
2024-11-14 13:05:35.268 | 06:10   85ms  230M  297G  79/109U [GameAnalyzer] Income advantage is now SmallAdvantage
2024-11-14 13:05:35.628 | 06:11   83ms  260M  301G  79/109U [GameAnalyzer] Income advantage is now ClearAdvantage
2024-11-14 13:05:35.641 | 06:11   83ms  210M  301G  79/109U [ActUnit] MARINE from BARRACKS at (165.5, 45.5)
2024-11-14 13:05:36.266 | 06:12   83ms  225M  309G  80/109U [GameAnalyzer] Income advantage is now SmallAdvantage
2024-11-14 13:05:36.267 | 06:12   83ms  225M  309G  80/109U [GameAnalyzer] Known army advantage is now SmallAdvantage
2024-11-14 13:05:36.464 | 06:12   94ms  235M  313G  80/109U [GameAnalyzer] Income advantage is now ClearAdvantage
2024-11-14 13:05:37.024 | 06:12   87ms  250M  321G  80/109U [GameAnalyzer] Income advantage is now SmallAdvantage
2024-11-14 13:05:37.217 | 06:13   97ms  215M  321G  80/109U [ActUnit] SCV from COMMANDCENTER at (163.5, 74.5)
2024-11-14 13:05:37.412 | 06:13   94ms  230M  321G  81/109U [GameAnalyzer] Income advantage is now ClearAdvantage
2024-11-14 13:05:37.695 | 06:13   89ms  245M  329G  81/109U [GameAnalyzer] Income advantage is now SmallAdvantage
2024-11-14 13:05:37.890 | 06:13   88ms  265M  329G  81/109U [GameAnalyzer] Income advantage is now ClearAdvantage
2024-11-14 13:05:37.905 | 06:13   88ms  215M  329G  81/109U [ActUnit] MARINE from BARRACKS at (167.5, 51.5)
2024-11-14 13:05:38.082 | 06:14   95ms  225M  329G  82/117U [GameAnalyzer] Income advantage is now SmallAdvantage
2024-11-14 13:05:38.267 | 06:14   88ms  240M  333G  81/117U [GameAnalyzer] Income advantage is now ClearAdvantage
2024-11-14 13:05:39.428 | 06:15  169ms  270M  345G  81/117U [ChatManager] Tag:E_hydralisk
2024-11-14 13:05:39.807 | 06:16   83ms  150M  228G  81/117U [ActUnit] SIEGETANK from FACTORY at (151.5, 47.5)
2024-11-14 13:05:40.164 | 06:16   88ms  120M  232G  84/117U [ActUnit] SCV from COMMANDCENTER at (161.5, 42.5)
2024-11-14 13:05:41.692 | 06:18   81ms  180M  252G  85/117U [GameAnalyzer] Income advantage is now SmallAdvantage
2024-11-14 13:05:42.059 | 06:18   88ms  215M  256G  85/117U [GameAnalyzer] Income advantage is now ClearAdvantage
2024-11-14 13:05:42.250 | 06:19   89ms  220M  260G  84/117U [GameAnalyzer] Known army advantage is now SlightAdvantage
2024-11-14 13:05:43.117 | 06:19   88ms  240M  268G  84/117U [GameAnalyzer] Predicted army advantage is now SmallDisadvantage
2024-11-14 13:05:43.662 | 06:20   86ms  225M  276G  84/117U [ActUnit] SCV from COMMANDCENTER at (137.5, 64.5)
2024-11-14 13:05:45.474 | 06:22   82ms  300M  300G  84/117U [GameAnalyzer] Known army advantage is now Even
2024-11-14 13:05:45.750 | 06:23   85ms  320M  300G  84/117U [GameAnalyzer] Income advantage is now SmallAdvantage
2024-11-14 13:05:45.925 | 06:23  172ms  330M  308G  84/117U [GameAnalyzer] Income advantage is now ClearAdvantage
2024-11-14 13:05:47.400 | 06:25   87ms  400M  324G  84/117U [GameAnalyzer] Known army advantage is now SmallAdvantage
2024-11-14 13:05:47.400 | 06:25   87ms  400M  324G  84/117U [GameAnalyzer] Predicted army advantage is now ClearDisadvantage
2024-11-14 13:05:47.758 | 06:25   85ms  370M  332G  84/117U [ActUnit] SCV from COMMANDCENTER at (163.5, 74.5)
2024-11-14 13:05:49.646 | 06:27   87ms  405M  356G  85/117U [ActUnit] MARINE from BARRACKS at (165.5, 45.5)
2024-11-14 13:05:50.010 | 06:28   88ms  405M  356G  86/117U [GameAnalyzer] Income advantage is now SmallAdvantage
2024-11-14 13:05:50.194 | 06:28   86ms  420M  364G  86/117U [GameAnalyzer] Income advantage is now ClearAdvantage
2024-11-14 13:05:50.644 | 06:28   95ms  395M  364G  86/117U [ActUnit] SCV from COMMANDCENTER at (161.5, 42.5)
2024-11-14 13:05:51.030 | 06:29   88ms  360M  372G  87/117U [ActUnit] MARINE from BARRACKS at (165.5, 45.5)
2024-11-14 13:05:51.745 | 06:30   86ms  400M  380G  88/117U [GameAnalyzer] Known army advantage is now ClearAdvantage
2024-11-14 13:05:51.746 | 06:30   86ms  400M  380G  88/117U [GameAnalyzer] Predicted army advantage is now Even
2024-11-14 13:05:53.077 | 06:31   87ms  405M  396G  88/117U [ActUnit] MARINE from BARRACKS at (167.5, 51.5)
2024-11-14 13:05:54.086 | 06:32   88ms  395M  412G  89/117U [ActUnit] SCV from COMMANDCENTER at (137.5, 64.5)
2024-11-14 13:05:56.301 | 06:35   95ms  500M  436G  90/117U [GameAnalyzer] Known army advantage is now SlightAdvantage
2024-11-14 13:05:56.961 | 06:35   93ms  535M  444G  90/117U [GameAnalyzer] Income advantage is now SmallAdvantage
2024-11-14 13:05:57.348 | 06:36   94ms  565M  448G  90/117U [GameAnalyzer] Income advantage is now ClearAdvantage
2024-11-14 13:05:57.749 | 06:36   94ms  570M  452G  90/117U [GameAnalyzer] Income advantage is now SmallAdvantage
2024-11-14 13:05:58.427 | 06:37   89ms  595M  460G  88/117U [GameAnalyzer] Income advantage is now ClearAdvantage
2024-11-14 13:05:58.428 | 06:37   89ms  595M  460G  88/117U [GameAnalyzer] Known army advantage is now Even
2024-11-14 13:05:58.623 | 06:37  185ms  550M  460G  88/117U [ActUnit] SCV from COMMANDCENTER at (163.5, 74.5)
2024-11-14 13:05:58.822 | 06:37  100ms  555M  468G  89/117U [GameAnalyzer] Income advantage is now SmallAdvantage
2024-11-14 13:05:59.414 | 06:38   94ms  615M  472G  89/117U [GameAnalyzer] Income advantage is now ClearAdvantage
2024-11-14 13:05:59.807 | 06:39   93ms  625M  476G  89/117U [GameAnalyzer] Income advantage is now SmallAdvantage
2024-11-14 13:06:00.637 | 06:39   98ms  655M  484G  89/117U [GameAnalyzer] Income advantage is now ClearAdvantage
2024-11-14 13:06:01.022 | 06:40   92ms  670M  492G  89/117U [GameAnalyzer] Income advantage is now SmallAdvantage
2024-11-14 13:06:01.424 | 06:40   95ms  690M  492G  89/117U [GameAnalyzer] Income advantage is now ClearAdvantage
2024-11-14 13:06:01.892 | 06:41   92ms  660M  500G  89/117U [ActUnit] SCV from COMMANDCENTER at (161.5, 42.5)
2024-11-14 13:06:02.279 | 06:41   92ms  675M  500G  90/117U [GameAnalyzer] Income advantage is now SmallAdvantage
2024-11-14 13:06:02.475 | 06:41   98ms  675M  508G  90/117U [GameAnalyzer] Income advantage is now ClearAdvantage
2024-11-14 13:06:03.374 | 06:42   98ms  715M  516G  90/117U [GameAnalyzer] Income advantage is now SmallAdvantage
2024-11-14 13:06:04.547 | 06:44   95ms  795M  532G  90/117U [GameAnalyzer] Income advantage is now ClearAdvantage
2024-11-14 13:06:05.028 | 06:44   90ms  815M  532G  90/117U [GameAnalyzer] Income advantage is now SmallAdvantage
2024-11-14 13:06:05.627 | 06:45   97ms  840M  540G  90/117U [GameAnalyzer] Income advantage is now ClearAdvantage
2024-11-14 13:06:05.628 | 06:45   97ms  790M  540G  90/117U [ActUnit] SCV from COMMANDCENTER at (137.5, 64.5)
2024-11-14 13:06:06.034 | 06:45   94ms  755M  548G  91/117U [ActUnit] MARINE from BARRACKS at (165.5, 45.5)
2024-11-14 13:06:06.508 | 06:46   99ms  765M  552G  92/117U [GameAnalyzer] Income advantage is now SmallAdvantage
2024-11-14 13:06:06.704 | 06:46  178ms  775M  556G  92/117U [GameAnalyzer] Income advantage is now ClearAdvantage
2024-11-14 13:06:07.504 | 06:47   95ms  820M  564G  92/117U [GameAnalyzer] Income advantage is now SmallAdvantage
2024-11-14 13:06:07.524 | 06:47   95ms  770M  564G  92/117U [ActUnit] MARINE from BARRACKS at (165.5, 45.5)
2024-11-14 13:06:07.713 | 06:47  113ms  775M  564G  93/117U [GameAnalyzer] Income advantage is now ClearAdvantage
2024-11-14 13:06:08.210 | 06:47  180ms  790M  572G  93/117U [GameAnalyzer] Income advantage is now SmallAdvantage
2024-11-14 13:06:08.211 | 06:47  180ms  790M  572G  93/117U [GameAnalyzer] Known army advantage is now SlightAdvantage
2024-11-14 13:06:08.229 | 06:47  180ms  490M  472G  93/117U [ActUnit] BANSHEE from STARPORT at (153.5, 44.5)
2024-11-14 13:06:08.662 | 06:48   99ms  255M  351G  96/117U [ActUnit] SIEGETANK from FACTORY at (151.5, 47.5)
2024-11-14 13:06:08.850 | 06:48  105ms  290M  355G  99/117U [GameAnalyzer] Income advantage is now ClearAdvantage
2024-11-14 13:06:09.462 | 06:49   97ms  325M  363G  98/117U [GameAnalyzer] Income advantage is now SmallAdvantage
2024-11-14 13:06:09.944 | 06:49   95ms  360M  367G  98/117U [GameAnalyzer] Income advantage is now ClearAdvantage
2024-11-14 13:06:09.945 | 06:49   95ms  360M  367G  98/117U [GameAnalyzer] Known army advantage is now SmallAdvantage
2024-11-14 13:06:09.960 | 06:49   95ms  360M  367G  98/117U [BuildAddon] UnitTypeId.BARRACKSTECHLAB to (170.0, 51.0)
2024-11-14 13:06:10.371 | 06:50  102ms  110M  246G  98/117U [ActUnit] SCV from COMMANDCENTER at (163.5, 74.5)
2024-11-14 13:06:10.573 | 06:50   98ms  115M  246G  99/117U [GameAnalyzer] Income advantage is now SmallAdvantage
2024-11-14 13:06:10.573 | 06:50   98ms  115M  246G  99/117U [GameAnalyzer] Known army advantage is now SlightAdvantage
2024-11-14 13:06:10.961 | 06:50   94ms  135M  254G  99/117U [GameAnalyzer] Income advantage is now ClearAdvantage
2024-11-14 13:06:10.962 | 06:50   94ms  135M  254G  99/117U [GameAnalyzer] Known army advantage is now ClearAdvantage
2024-11-14 13:06:11.654 | 06:51  102ms  160M  262G  99/117U [GameAnalyzer] Income advantage is now SmallAdvantage
2024-11-14 13:06:12.048 | 06:51   93ms  180M  262G  99/117U [GameAnalyzer] Income advantage is now ClearAdvantage
2024-11-14 13:06:12.656 | 06:52   95ms  205M  270G  97/117U [GameAnalyzer] Income advantage is now SmallAdvantage
2024-11-14 13:06:12.657 | 06:52   95ms  205M  270G  97/117U [GameAnalyzer] Known army advantage is now SmallAdvantage
2024-11-14 13:06:13.137 | 06:52  179ms  220M  278G  97/117U [GameAnalyzer] Income advantage is now ClearAdvantage
2024-11-14 13:06:13.333 | 06:53   97ms  225M  278G  95/117U [GameAnalyzer] Income advantage is now SmallAdvantage
2024-11-14 13:06:13.531 | 06:53  102ms  250M  282G  95/117U [GameAnalyzer] Income advantage is now ClearAdvantage
2024-11-14 13:06:13.536 | 06:53  102ms  200M  282G  95/117U [ActUnit] SCV from COMMANDCENTER at (161.5, 42.5)
2024-11-14 13:06:13.750 | 06:53  104ms  215M  286G  96/117U [GameAnalyzer] Income advantage is now SmallAdvantage
2024-11-14 13:06:14.133 | 06:54   96ms  250M  290G  96/117U [GameAnalyzer] Income advantage is now ClearAdvantage
2024-11-14 13:06:14.831 | 06:54  200ms  265M  294G  94/117U [GameAnalyzer] Income advantage is now SmallAdvantage
2024-11-14 13:06:15.228 | 06:55   97ms  280M  302G  94/117U [GameAnalyzer] Income advantage is now ClearAdvantage
2024-11-14 13:06:15.826 | 06:55   98ms  310M  310G  94/117U [GameAnalyzer] Income advantage is now SmallAdvantage
2024-11-14 13:06:16.503 | 06:56   94ms  350M  318G  94/117U [GameAnalyzer] Income advantage is now ClearAdvantage
2024-11-14 13:06:17.116 | 06:57   95ms  370M  326G  94/117U [GameAnalyzer] Income advantage is now SmallAdvantage
2024-11-14 13:06:17.317 | 06:57  108ms  375M  326G  94/117U [GameAnalyzer] Income advantage is now ClearAdvantage
2024-11-14 13:06:17.319 | 06:57  108ms  325M  326G  94/117U [ActUnit] SCV from COMMANDCENTER at (137.5, 64.5)
2024-11-14 13:06:18.009 | 06:58   99ms  345M  334G  95/117U [GameAnalyzer] Income advantage is now SmallAdvantage
2024-11-14 13:06:18.210 | 06:58  180ms  375M  334G  95/117U [GameAnalyzer] Income advantage is now ClearAdvantage
2024-11-14 13:06:19.028 | 06:59   94ms  415M  342G  95/117U [GameAnalyzer] Income advantage is now SmallAdvantage
2024-11-14 13:06:19.232 | 06:59  103ms  430M  350G  95/117U [GameAnalyzer] Income advantage is now ClearAdvantage
2024-11-14 13:06:20.114 | 07:00   97ms  450M  358G  95/117U [GameAnalyzer] Income advantage is now SmallAdvantage
2024-11-14 13:06:20.518 | 07:00  103ms  490M  362G  95/117U [GameAnalyzer] Income advantage is now ClearAdvantage
2024-11-14 13:06:20.720 | 07:00  107ms  500M  366G  95/117U [GameAnalyzer] Known army advantage is now SlightAdvantage
2024-11-14 13:06:21.217 | 07:01  106ms  510M  370G  95/117U [GameAnalyzer] Income advantage is now SmallAdvantage
2024-11-14 13:06:21.627 | 07:01  102ms  530M  374G  95/117U [GameAnalyzer] Income advantage is now ClearAdvantage
2024-11-14 13:06:21.833 | 07:02  103ms  545M  374G  93/117U [GameAnalyzer] Predicted army advantage is now SlightDisadvantage
2024-11-14 13:06:22.037 | 07:02  102ms  545M  382G  93/117U [GameAnalyzer] Income advantage is now SmallAdvantage
2024-11-14 13:06:22.039 | 07:02  102ms  495M  382G  93/117U [ActUnit] SCV from COMMANDCENTER at (163.5, 74.5)
2024-11-14 13:06:22.243 | 07:02  105ms  505M  382G  94/117U [GameAnalyzer] Income advantage is now ClearAdvantage
2024-11-14 13:06:22.446 | 07:02  106ms  520M  382G  93/117U [GameAnalyzer] Known army advantage is now Even
2024-11-14 13:06:23.143 | 07:03   97ms  560M  390G  93/117U [GameAnalyzer] Known army advantage is now SlightAdvantage
2024-11-14 13:06:23.167 | 07:03   97ms  510M  390G  93/117U [ActUnit] MARINE from BARRACKS at (165.5, 45.5)
2024-11-14 13:06:23.417 | 07:03  132ms  525M  390G  94/117U [GameAnalyzer] Income advantage is now SmallAdvantage
2024-11-14 13:06:23.655 | 07:03  147ms  525M  398G  94/117U [GameAnalyzer] Income advantage is now ClearAdvantage
2024-11-14 13:06:24.582 | 07:04  201ms  565M  406G  94/117U [GameAnalyzer] Income advantage is now SmallAdvantage
2024-11-14 13:06:24.790 | 07:05  112ms  575M  406G  94/117U [GameAnalyzer] Income advantage is now ClearAdvantage
2024-11-14 13:06:24.808 | 07:05  112ms  525M  406G  94/117U [ActUnit] MARINE from BARRACKS at (165.5, 45.5)
2024-11-14 13:06:25.432 | 07:05  109ms  515M  414G  95/117U [ActUnit] SCV from COMMANDCENTER at (161.5, 42.5)
2024-11-14 13:06:25.946 | 07:06  107ms  535M  422G  96/117U [GameAnalyzer] Known army advantage is now Even
2024-11-14 13:06:25.947 | 07:06  107ms  535M  422G  96/117U [GameAnalyzer] Predicted army advantage is now SmallDisadvantage
2024-11-14 13:06:27.547 | 07:07  101ms  560M  438G  95/117U [ActUnit] MARINE from BARRACKS at (167.5, 51.5)
2024-11-14 13:06:27.758 | 07:07  102ms  565M  438G  96/117U [GameAnalyzer] Income advantage is now SmallAdvantage
2024-11-14 13:06:28.173 | 07:08  101ms  585M  446G  96/117U [GameAnalyzer] Income advantage is now ClearAdvantage
2024-11-14 13:06:29.544 | 07:09  109ms  610M  462G  96/117U [ActUnit] SCV from COMMANDCENTER at (137.5, 64.5)
2024-11-14 13:06:31.091 | 07:11  102ms  670M  478G  97/117U [GameAnalyzer] Known army advantage is now SlightDisadvantage
2024-11-14 13:06:34.178 | 07:14  107ms  825M  510G  97/117U [GameAnalyzer] Income advantage is now SmallAdvantage
2024-11-14 13:06:34.179 | 07:14  107ms  825M  510G  97/117U [GameAnalyzer] Known army advantage is now SmallDisadvantage
2024-11-14 13:06:34.395 | 07:14  106ms  785M  510G  97/117U [ActUnit] SCV from COMMANDCENTER at (163.5, 74.5)
2024-11-14 13:06:34.605 | 07:14  111ms  795M  518G  98/117U [GameAnalyzer] Income advantage is now ClearAdvantage
2024-11-14 13:06:34.606 | 07:14  111ms  795M  518G  98/117U [GameAnalyzer] Predicted army advantage is now ClearDisadvantage
2024-11-14 13:06:35.317 | 07:15  199ms  825M  522G  98/117U [GameAnalyzer] Income advantage is now SmallAdvantage
2024-11-14 13:06:35.959 | 07:16  110ms  855M  530G  98/117U [GameAnalyzer] Income advantage is now ClearAdvantage
2024-11-14 13:06:36.174 | 07:16  109ms  875M  534G  96/117U [GameAnalyzer] Known army advantage is now SlightDisadvantage
2024-11-14 13:06:36.175 | 07:16  109ms  875M  534G  96/117U [GameAnalyzer] Predicted army advantage is now SmallDisadvantage
2024-11-14 13:06:36.701 | 07:16  112ms  890M  534G  96/117U [GameAnalyzer] Income advantage is now SmallAdvantage
2024-11-14 13:06:36.916 | 07:17  197ms  895M  542G  94/117U [GameAnalyzer] Known army advantage is now SmallDisadvantage
2024-11-14 13:06:37.748 | 07:17  103ms  885M  550G  94/117U [ActUnit] SCV from COMMANDCENTER at (161.5, 42.5)
2024-11-14 13:06:38.257 | 07:18  103ms  925M  554G  95/117U [GameAnalyzer] Income advantage is now ClearAdvantage
2024-11-14 13:06:38.668 | 07:18  105ms  935M  558G  95/117U [GameAnalyzer] Income advantage is now SmallAdvantage
2024-11-14 13:06:40.206 | 07:20  101ms 1035M  574G  95/117U [GameAnalyzer] Known army advantage is now SlightDisadvantage
2024-11-14 13:06:40.227 | 07:20  101ms  885M  449G  95/117U [ActUnit] SIEGETANK from FACTORY at (151.5, 47.5)
2024-11-14 13:06:41.083 | 07:21  100ms  865M  457G  98/117U [ActUnit] MARINE from BARRACKS at (165.5, 45.5)
2024-11-14 13:06:41.378 | 07:21  116ms  870M  465G  99/117U [GameAnalyzer] Known army advantage is now Even
2024-11-14 13:06:41.791 | 07:21  104ms  900M  465G  99/125U [GameAnalyzer] Income advantage is now ClearAdvantage
2024-11-14 13:06:41.794 | 07:21  104ms  850M  465G  99/125U [ActUnit] SCV from COMMANDCENTER at (137.5, 64.5)
2024-11-14 13:06:42.225 | 07:22  107ms  870M  473G 100/125U [GameAnalyzer] Income advantage is now SmallAdvantage
2024-11-14 13:06:42.443 | 07:22  109ms  885M  473G 100/125U [GameAnalyzer] Income advantage is now ClearAdvantage
2024-11-14 13:06:42.682 | 07:22  109ms  835M  477G 100/125U [ActUnit] MARINE from BARRACKS at (165.5, 45.5)
2024-11-14 13:06:42.975 | 07:23  113ms  845M  481G 101/125U [GameAnalyzer] Income advantage is now SmallAdvantage
2024-11-14 13:06:43.406 | 07:23  108ms  875M  485G 101/125U [GameAnalyzer] Income advantage is now ClearAdvantage
2024-11-14 13:06:44.073 | 07:24  109ms  915M  489G 100/125U [GameAnalyzer] Income advantage is now SmallAdvantage
2024-11-14 13:06:44.591 | 07:24  108ms  940M  497G 100/125U [GameAnalyzer] Income advantage is now ClearAdvantage
2024-11-14 13:06:45.032 | 07:25  111ms  955M  501G 100/125U [GameAnalyzer] Known army advantage is now SlightDisadvantage
2024-11-14 13:06:45.501 | 07:25  120ms  975M  505G  99/125U [GameAnalyzer] Known army advantage is now Even
2024-11-14 13:06:45.521 | 07:25  120ms  925M  505G  99/125U [ActUnit] MARINE from BARRACKS at (167.5, 51.5)
2024-11-14 13:06:46.326 | 07:26  209ms  950M  513G 100/125U [GameAnalyzer] Income advantage is now SmallAdvantage
2024-11-14 13:06:46.784 | 07:26  117ms  975M  521G 100/125U [GameAnalyzer] Income advantage is now ClearAdvantage
2024-11-14 13:06:46.786 | 07:26  117ms  975M  521G 100/125U [GameAnalyzer] Known army advantage is now SlightDisadvantage
2024-11-14 13:06:47.023 | 07:26  121ms  940M  521G 100/125U [ActUnit] SCV from COMMANDCENTER at (163.5, 74.5)
2024-11-14 13:06:48.007 | 07:27  197ms  995M  529G 101/125U [GameAnalyzer] Income advantage is now SmallAdvantage
2024-11-14 13:06:48.260 | 07:27  112ms 1015M  533G 101/125U [GameAnalyzer] Income advantage is now ClearAdvantage
2024-11-14 13:06:48.489 | 07:28  131ms 1035M  537G 101/125U [ChatManager] Tag:E_infestor
2024-11-14 13:06:48.935 | 07:28  112ms 1045M  537G 101/125U [GameAnalyzer] Income advantage is now SmallAdvantage
2024-11-14 13:06:49.151 | 07:28  119ms 1075M  545G 101/125U [GameAnalyzer] Income advantage is now ClearAdvantage
2024-11-14 13:06:49.718 | 07:29  111ms  990M  545G 101/125U [BuildAddon] UnitTypeId.STARPORTTECHLAB to (168.0, 54.0)
2024-11-14 13:06:49.945 | 07:29  122ms  945M  528G 101/125U [Expand] Expanding to (163.5, 99.5)
2024-11-14 13:06:50.165 | 07:29  124ms  555M  528G 101/125U [GameAnalyzer] Income advantage is now SmallAdvantage
2024-11-14 13:06:50.642 | 07:30  119ms  295M  432G 101/125U [GameAnalyzer] Income advantage is now ClearAdvantage
2024-11-14 13:06:50.647 | 07:30  119ms  245M  432G 101/125U [ActUnit] SCV from COMMANDCENTER at (161.5, 42.5)
2024-11-14 13:06:50.672 | 07:30  119ms  170M  432G 101/125U [BuildGas] Building REFINERY to (144.5, 67.5)
2024-11-14 13:06:50.975 | 07:30  121ms  170M  436G 102/125U [GameAnalyzer] Income advantage is now SmallAdvantage
2024-11-14 13:06:51.209 | 07:30  210ms  175M  436G 102/125U [GameAnalyzer] Known army advantage is now Even
2024-11-14 13:06:51.210 | 07:30  210ms  175M  436G 102/125U [GameAnalyzer] Predicted army advantage is now Even
2024-11-14 13:06:51.238 | 07:30  210ms   75M  286G 102/125U [ActUnit] RAVEN from STARPORT at (153.5, 44.5)
2024-11-14 13:06:52.099 | 07:31  108ms   35M  294G 104/125U [BuildGas] Building REFINERY to (134.5, 57.5)
2024-11-14 13:06:52.327 | 07:31  114ms   40M  302G 101/125U [GameAnalyzer] Known army advantage is now SlightDisadvantage
2024-11-14 13:06:52.328 | 07:31  114ms   40M  302G 101/125U [GameAnalyzer] Predicted army advantage is now SmallDisadvantage
2024-11-14 13:06:53.288 | 07:32  107ms  110M  310G 101/125U [GameAnalyzer] Income advantage is now ClearAdvantage
2024-11-14 13:06:53.725 | 07:33  112ms  120M  310G 101/125U [GameAnalyzer] Income advantage is now SmallAdvantage
2024-11-14 13:06:54.398 | 07:33  115ms  155M  322G 101/125U [GameAnalyzer] Income advantage is now ClearAdvantage
2024-11-14 13:06:54.622 | 07:34  122ms    5M  276G 101/125U [GameAnalyzer] Income advantage is now SmallAdvantage
2024-11-14 13:06:55.152 | 07:34  103ms   30M  276G 101/125U [GameAnalyzer] Income advantage is now ClearAdvantage
2024-11-14 13:06:55.377 | 07:34  109ms   70M  284G 101/125U [GameAnalyzer] Income advantage is now SmallAdvantage
2024-11-14 13:06:55.379 | 07:34  109ms   20M  284G 101/125U [ActUnit] SCV from COMMANDCENTER at (137.5, 64.5)
2024-11-14 13:06:56.482 | 07:35  104ms   80M  292G 102/125U [GameAnalyzer] Income advantage is now ClearAdvantage
2024-11-14 13:06:57.457 | 07:36  107ms  100M  300G 102/125U [GameAnalyzer] Income advantage is now SmallAdvantage
2024-11-14 13:06:57.678 | 07:36  119ms  125M  308G 102/125U [GameAnalyzer] Income advantage is now ClearAdvantage
2024-11-14 13:06:58.142 | 07:37  117ms  140M  308G 102/125U [GameAnalyzer] Income advantage is now SmallAdvantage
2024-11-14 13:06:58.691 | 07:37  113ms  160M  316G 102/125U [GameAnalyzer] Income advantage is now ClearAdvantage
2024-11-14 13:06:59.340 | 07:38  105ms   35M  224G 102/125U [GameAnalyzer] Income advantage is now SmallAdvantage
2024-11-14 13:07:00.016 | 07:39  108ms  105M  232G 101/125U [GameAnalyzer] Income advantage is now ClearAdvantage
2024-11-14 13:07:00.019 | 07:39  108ms   55M  232G 101/125U [ActUnit] SCV from COMMANDCENTER at (163.5, 74.5)
2024-11-14 13:07:00.578 | 07:39  111ms   65M  232G 102/125U [GameAnalyzer] Income advantage is now SmallAdvantage
2024-11-14 13:07:01.041 | 07:40  112ms  100M  240G 102/125U [GameAnalyzer] Income advantage is now ClearAdvantage
2024-11-14 13:07:01.959 | 07:40  119ms  130M  248G 102/125U [GameAnalyzer] Income advantage is now SmallAdvantage
2024-11-14 13:07:03.619 | 07:42  112ms   30M  164G 101/125U [ActUnit] SCV from COMMANDCENTER at (161.5, 42.5)
2024-11-14 13:07:04.389 | 07:43  108ms   55M  172G 102/125U [GameAnalyzer] Income advantage is now SlightAdvantage
2024-11-14 13:07:04.620 | 07:43  115ms   75M  172G 102/125U [GameAnalyzer] Income advantage is now SmallAdvantage
2024-11-14 13:07:06.401 | 07:44  207ms    0M   42G 101/125U [DodgeRampAttack] Retreat started at 3.91 own local power against 13.00 enemy local power.
2024-11-14 13:07:06.831 | 07:45  102ms  165M  146G 101/125U [GameAnalyzer] Income advantage is now SlightAdvantage
2024-11-14 13:07:07.062 | 07:45  133ms   25M   50G 101/125U [GameAnalyzer] Income advantage is now SmallAdvantage
2024-11-14 13:07:07.734 | 07:46  108ms   80M   54G 101/125U [GameAnalyzer] Income advantage is now SlightAdvantage
2024-11-14 13:07:08.293 | 07:46  214ms  110M   62G 101/125U [GameAnalyzer] Income advantage is now SmallAdvantage
2024-11-14 13:07:08.518 | 07:46  121ms   65M   62G 101/125U [ActUnit] SCV from COMMANDCENTER at (137.5, 64.5)
2024-11-14 13:07:08.731 | 07:47  121ms   75M   66G 102/125U [GameAnalyzer] Known army advantage is now SmallDisadvantage
2024-11-14 13:07:09.643 | 07:48  117ms  115M   78G 102/125U [GameAnalyzer] Income advantage is now SlightAdvantage
2024-11-14 13:07:09.976 | 07:48  124ms  135M   78G 102/125U [GameAnalyzer] Income advantage is now SmallAdvantage
2024-11-14 13:07:10.208 | 07:48  222ms  145M   82G 102/125U [GameAnalyzer] Income advantage is now SlightAdvantage
2024-11-14 13:07:10.447 | 07:48  120ms  155M   86G 102/125U [GameAnalyzer] Income advantage is now SmallAdvantage
2024-11-14 13:07:11.120 | 07:49  112ms  195M   94G 102/125U [ChatManager] Tag:E_overseer
2024-11-14 13:07:12.350 | 07:50  124ms  105M    2G 102/125U [GameAnalyzer] Income advantage is now SlightAdvantage
2024-11-14 13:07:12.578 | 07:50  126ms  120M    2G 102/125U [GameAnalyzer] Income advantage is now SmallAdvantage
2024-11-14 13:07:13.311 | 07:51  116ms   95M   10G 102/125U [ActUnit] SCV from COMMANDCENTER at (163.5, 74.5)
2024-11-14 13:07:18.293 | ERROR    | sc2.protocol:__request:50 - Cannot receive: Connection already closed.
2024-11-14 13:07:18.294 | 07:53  113ms  235M   42G 103/133U [CooldownManager] Get available abilities failed: Connection already closed.
2024-11-14 13:07:18.353 | INFO     | sc2.sc2process:_close_connection:231 - Closing connection at 61857...
2024-11-14 13:07:18.355 | INFO     | sc2.sc2process:kill_all:33 - kill_switch: Process cleanup for 1 processes
