2025-01-18 07:47:05.343 | INFO     | sc2.protocol:_execute:72 - Client status changed to Status.launched (was None)
2025-01-18 07:47:05.344 | INFO     | sc2.controller:create_game:37 - Creating new game
2025-01-18 07:47:05.345 | INFO     | sc2.controller:create_game:38 - Map:     EphemeronAIE
2025-01-18 07:47:05.345 | INFO     | sc2.controller:create_game:39 - Players: Bot LadderBot(Terran), Computer CheatVision(Zerg, Macro)
2025-01-18 07:47:05.348 | INFO     | sc2.protocol:_execute:72 - Client status changed to Status.init_game (was Status.launched)
2025-01-18 07:47:28.200 | INFO     | sc2.protocol:_execute:72 - Client status changed to Status.in_game (was None)
2025-01-18 07:47:28.201 | INFO     | sc2.main:_play_game:221 - Player 1 - Bot LadderBot(Terran)
2025-01-18 07:47:28.957 | 00:00    0ms    0M    0G  12/ 15U [Version] 5.0.14.93333
2025-01-18 07:47:29.126 | 00:00    0ms    0M    0G  12/ 15U [ZoneManager] Map set to: MapName.Unknown from name: Эфемерон РВ and hash: 3713648.
2025-01-18 07:47:30.266 | [Start] My race: Terran
2025-01-18 07:47:30.267 | [Start] Opponent race: Zerg
2025-01-18 07:47:30.268 | [Start] OpponentId: None
2025-01-18 07:47:30.681 | 00:00   15ms    0M    0G  13/ 15U [GameAnalyzer] Income advantage is now SlightDisadvantage
2025-01-18 07:47:30.790 | 00:01   13ms    0M    0G  13/ 15U [GameAnalyzer] Income advantage is now Even
2025-01-18 07:47:33.973 | 00:14   27ms    0M    0G  13/ 15U [ActUnit] SCV from COMMANDCENTER at (29.5, 138.5)
2025-01-18 07:47:37.333 | 00:27   16ms  115M    0G  14/ 15U [ActUnit] SCV from COMMANDCENTER at (29.5, 138.5)
2025-01-18 07:47:40.624 | 00:39   15ms  215M    0G  15/ 23U [ActUnit] SCV from COMMANDCENTER at (29.5, 138.5)
2025-01-18 07:47:43.864 | 00:51   19ms  335M    0G  16/ 23U [ActUnit] SCV from COMMANDCENTER at (29.5, 138.5)
2025-01-18 07:47:44.921 | 00:55   20ms  400M    0G  17/ 23U [Expand] Expanding to (29.5, 111.5)
2025-01-18 07:47:47.131 | 01:03   18ms  120M    0G  17/ 23U [GameAnalyzer] Income advantage is now SmallAdvantage
2025-01-18 07:47:47.192 | 01:04   17ms   70M    0G  17/ 23U [ActUnit] SCV from COMMANDCENTER at (29.5, 138.5)
2025-01-18 07:47:47.261 | 01:04   21ms   70M    0G  18/ 23U [GameAnalyzer] Income advantage is now SlightAdvantage
2025-01-18 07:47:47.380 | 01:04   17ms   85M    0G  18/ 23U [GameAnalyzer] Income advantage is now SmallAdvantage
2025-01-18 07:47:47.442 | 01:04   18ms   85M    0G  18/ 23U [GameAnalyzer] Income advantage is now SlightAdvantage
2025-01-18 07:47:47.503 | 01:05   20ms   90M    0G  18/ 23U [GameAnalyzer] Income advantage is now SmallAdvantage
2025-01-18 07:47:47.563 | 01:05   20ms   95M    0G  18/ 23U [GameAnalyzer] Income advantage is now SlightAdvantage
2025-01-18 07:47:47.751 | 01:06   19ms  105M    0G  18/ 23U [GameAnalyzer] Income advantage is now SmallAdvantage
2025-01-18 07:47:47.816 | 01:06   19ms  105M    0G  18/ 23U [GameAnalyzer] Income advantage is now SlightAdvantage
2025-01-18 07:47:48.046 | 01:07   19ms  120M    0G  18/ 23U [GameAnalyzer] Income advantage is now SmallAdvantage
2025-01-18 07:47:48.222 | 01:07   20ms  130M    0G  18/ 23U [GameAnalyzer] Income advantage is now SlightAdvantage
2025-01-18 07:47:48.344 | 01:08   18ms  140M    0G  18/ 23U [GameAnalyzer] Income advantage is now SmallAdvantage
2025-01-18 07:47:48.406 | 01:08   20ms  140M    0G  18/ 23U [GameAnalyzer] Income advantage is now SlightAdvantage
2025-01-18 07:47:48.465 | 01:08   20ms  140M    0G  18/ 23U [GameAnalyzer] Income advantage is now SmallAdvantage
2025-01-18 07:47:48.528 | 01:08   19ms  140M    0G  18/ 23U [GameAnalyzer] Income advantage is now SlightAdvantage
2025-01-18 07:47:48.777 | 01:09   18ms  160M    0G  18/ 23U [GameAnalyzer] Income advantage is now SmallAdvantage
2025-01-18 07:47:49.511 | 01:10   17ms   15M    0G  18/ 23U [GameAnalyzer] Income advantage is now SlightAdvantage
2025-01-18 07:47:50.304 | 01:12   26ms   50M    0G  18/ 23U [GameAnalyzer] Income advantage is now Even
2025-01-18 07:47:50.936 | 01:14   26ms    0M    0G  18/ 23U [BuildGas] Building REFINERY to (22.5, 135.5)
2025-01-18 07:47:51.298 | 01:15   23ms   20M    0G  18/ 23U [GameAnalyzer] Income advantage is now SlightAdvantage
2025-01-18 07:47:51.613 | 01:16   25ms   25M    0G  18/ 23U [GameAnalyzer] Income advantage is now Even
2025-01-18 07:47:51.828 | 01:17   25ms   35M    0G  18/ 23U [GameAnalyzer] Predicted army advantage is now SlightDisadvantage
2025-01-18 07:47:51.979 | 01:17   27ms    0M    0G  18/ 23U [ActUnit] SCV from COMMANDCENTER at (29.5, 138.5)
2025-01-18 07:47:53.987 | 01:23   26ms   75M    0G  19/ 23U [GameAnalyzer] Income advantage is now SlightDisadvantage
2025-01-18 07:47:54.066 | 01:23   27ms   80M    0G  19/ 23U [GameAnalyzer] Income advantage is now Even
2025-01-18 07:47:54.213 | 01:24   26ms   85M    0G  19/ 23U [GameAnalyzer] Income advantage is now SlightDisadvantage
2025-01-18 07:47:54.293 | 01:24   30ms   90M    0G  19/ 23U [GameAnalyzer] Income advantage is now Even
2025-01-18 07:47:54.665 | 01:25   25ms    5M    0G  19/ 23U [GameAnalyzer] Income advantage is now SlightDisadvantage
2025-01-18 07:47:54.813 | 01:25   27ms   10M    0G  19/ 23U [GameAnalyzer] Income advantage is now Even
2025-01-18 07:47:54.891 | 01:26   26ms   15M    0G  19/ 23U [GameAnalyzer] Income advantage is now SlightDisadvantage
2025-01-18 07:47:54.970 | 01:26   27ms   20M    0G  19/ 23U [GameAnalyzer] Income advantage is now Even
2025-01-18 07:47:55.119 | 01:26   26ms   20M    0G  19/ 23U [GameAnalyzer] Income advantage is now SlightDisadvantage
2025-01-18 07:47:55.714 | 01:28   26ms   55M    0G  19/ 23U [GameAnalyzer] Income advantage is now Even
2025-01-18 07:47:55.787 | 01:28   30ms   55M    0G  19/ 23U [GameAnalyzer] Income advantage is now SlightDisadvantage
2025-01-18 07:47:55.858 | 01:28   27ms   55M    0G  19/ 23U [GameAnalyzer] Income advantage is now Even
2025-01-18 07:47:55.935 | 01:29   27ms   55M    0G  19/ 23U [GameAnalyzer] Income advantage is now SlightDisadvantage
2025-01-18 07:47:56.162 | 01:29   25ms    5M    0G  19/ 23U [ActUnit] SCV from COMMANDCENTER at (29.5, 138.5)
2025-01-18 07:47:56.309 | 01:30   26ms   20M    0G  20/ 23U [GameAnalyzer] Income advantage is now Even
2025-01-18 07:47:56.387 | 01:30   28ms   25M    0G  20/ 23U [GameAnalyzer] Income advantage is now SlightDisadvantage
2025-01-18 07:47:57.441 | 01:33   31ms   70M    0G  20/ 23U [GameAnalyzer] Income advantage is now Even
2025-01-18 07:47:57.521 | 01:33   30ms   70M    0G  20/ 23U [GameAnalyzer] Income advantage is now SlightDisadvantage
2025-01-18 07:47:57.962 | 01:34   27ms   90M    0G  20/ 23U [GameAnalyzer] Income advantage is now Even
2025-01-18 07:47:58.038 | 01:35   28ms   90M    0G  20/ 23U [GameAnalyzer] Income advantage is now SlightDisadvantage
2025-01-18 07:47:58.838 | 01:37   27ms  120M    0G  20/ 23U [GameAnalyzer] Income advantage is now Even
2025-01-18 07:47:59.204 | 01:38   28ms  135M    0G  20/ 23U [GameAnalyzer] Income advantage is now SlightDisadvantage
2025-01-18 07:47:59.341 | 01:38   28ms  140M    0G  20/ 23U [GameAnalyzer] Income advantage is now Even
2025-01-18 07:47:59.419 | 01:39   94ms  145M    0G  20/ 23U [GameAnalyzer] Income advantage is now SlightDisadvantage
2025-01-18 07:47:59.492 | 01:39   31ms  150M    0G  20/ 23U [GameAnalyzer] Income advantage is now Even
2025-01-18 07:47:59.712 | 01:40   29ms  155M    0G  20/ 23U [GameAnalyzer] Income advantage is now SlightDisadvantage
2025-01-18 07:47:59.784 | 01:40   28ms  160M    0G  20/ 23U [GameAnalyzer] Income advantage is now Even
2025-01-18 07:48:00.143 | 01:41   30ms  170M    4G  20/ 23U [GameAnalyzer] Income advantage is now SlightDisadvantage
2025-01-18 07:48:00.285 | 01:41   28ms  180M    4G  20/ 23U [GameAnalyzer] Income advantage is now Even
2025-01-18 07:48:00.360 | 01:42   29ms  130M    4G  20/ 23U [ActUnit] SCV from COMMANDCENTER at (29.5, 138.5)
2025-01-18 07:48:00.437 | 01:42   29ms  130M    4G  21/ 23U [DodgeRampAttack] Supply is 21 -> attack!
2025-01-18 07:48:00.438 | 01:42   29ms  130M    4G  21/ 23U [DodgeRampAttack] Attack started at 0.00 power.
2025-01-18 07:48:00.515 | 01:42   28ms  130M    4G  21/ 23U [DodgeRampAttack] No attacking units, starting retreat
2025-01-18 07:48:00.583 | 01:42   31ms  135M    8G  21/ 23U [GameAnalyzer] Income advantage is now SlightDisadvantage
2025-01-18 07:48:00.802 | 01:43   28ms  150M    8G  21/ 23U [GameAnalyzer] Income advantage is now Even
2025-01-18 07:48:00.955 | 01:43   28ms  160M    8G  21/ 23U [GameAnalyzer] Income advantage is now SlightDisadvantage
2025-01-18 07:48:01.167 | 01:44   28ms  160M   12G  21/ 23U [GameAnalyzer] Income advantage is now Even
2025-01-18 07:48:01.823 | 01:46   27ms  185M   16G  21/ 23U [GameAnalyzer] Income advantage is now SlightDisadvantage
2025-01-18 07:48:01.897 | 01:46   30ms  185M   16G  21/ 23U [GameAnalyzer] Income advantage is now Even
2025-01-18 07:48:02.283 | 01:47   31ms  190M   20G  21/ 23U [GameAnalyzer] Income advantage is now SlightDisadvantage
2025-01-18 07:48:02.430 | 01:48   29ms  210M   20G  21/ 23U [GameAnalyzer] Income advantage is now Even
2025-01-18 07:48:02.790 | 01:48   26ms  225M   24G  21/ 23U [GameAnalyzer] Income advantage is now SlightDisadvantage
2025-01-18 07:48:02.863 | 01:49   30ms  225M   24G  21/ 23U [GameAnalyzer] Income advantage is now Even
2025-01-18 07:48:03.082 | 01:49   29ms  230M   28G  21/ 23U [GameAnalyzer] Income advantage is now SlightDisadvantage
2025-01-18 07:48:03.158 | 01:50   30ms  240M   28G  21/ 23U [GameAnalyzer] Income advantage is now Even
2025-01-18 07:48:03.958 | 01:52   28ms  260M   32G  21/ 31U [GameAnalyzer] Income advantage is now SlightDisadvantage
2025-01-18 07:48:04.106 | 01:52   30ms  280M   36G  21/ 31U [GameAnalyzer] Income advantage is now Even
2025-01-18 07:48:04.603 | 01:54   27ms  250M   40G  21/ 31U [ActUnit] SCV from COMMANDCENTER at (29.5, 138.5)
2025-01-18 07:48:05.795 | 01:57   29ms   90M   48G  22/ 31U [ActUnit] MARINE from BARRACKS at (34.5, 139.5)
2025-01-18 07:48:07.439 | 02:02   30ms  165M   60G  23/ 31U [DodgeRampAttack] Retreat stopped.
2025-01-18 07:48:07.515 | 02:02   31ms  165M   60G  23/ 31U [DodgeRampAttack] Supply is 23 -> attack!
2025-01-18 07:48:07.516 | 02:02   31ms  165M   60G  23/ 31U [DodgeRampAttack] Attack started at 0.00 power.
2025-01-18 07:48:07.591 | 02:02   32ms  165M   60G  23/ 31U [DodgeRampAttack] No attacking units, starting retreat
2025-01-18 07:48:11.209 | 02:13   31ms  340M   92G  23/ 31U [GameAnalyzer] Income advantage is now SlightDisadvantage
2025-01-18 07:48:11.355 | 02:13   33ms  345M   92G  23/ 31U [GameAnalyzer] Income advantage is now Even
2025-01-18 07:48:12.033 | 02:15   31ms  230M   96G  23/ 46U [GameAnalyzer] Known army advantage is now SlightAdvantage
2025-01-18 07:48:12.036 | 02:15   31ms  180M   96G  23/ 46U [ActUnit] MARINE from BARRACKS at (34.5, 139.5)
2025-01-18 07:48:14.803 | 02:23   31ms  155M   16G  24/ 46U [DodgeRampAttack] Retreat stopped.
2025-01-18 07:48:14.883 | 02:23   32ms  155M   16G  24/ 46U [DodgeRampAttack] Supply is 24 -> attack!
2025-01-18 07:48:14.884 | 02:23   32ms  155M   16G  24/ 46U [DodgeRampAttack] Attack started at 1.00 power.
2025-01-18 07:48:17.897 | 02:31   35ms  260M   40G  24/ 46U [ActUnit] SCV from COMMANDCENTER at (29.5, 138.5)
2025-01-18 07:48:18.733 | 02:33   35ms  240M   44G  25/ 46U [ActUnit] MARINE from BARRACKS at (34.5, 139.5)
2025-01-18 07:48:18.738 | 02:33   35ms  165M   44G  25/ 46U [BuildGas] Building REFINERY to (22.5, 107.5)
2025-01-18 07:48:20.409 | 02:37   37ms  230M   56G  26/ 46U [GameAnalyzer] Income advantage is now SlightDisadvantage
2025-01-18 07:48:20.587 | 02:38   40ms  245M   56G  26/ 46U [GameAnalyzer] Income advantage is now Even
2025-01-18 07:48:21.003 | 02:39   37ms  255M   60G  26/ 46U [GameAnalyzer] Income advantage is now SlightDisadvantage
2025-01-18 07:48:21.004 | 02:39   37ms  255M   60G  26/ 46U [GameAnalyzer] Known army advantage is now SlightDisadvantage
2025-01-18 07:48:21.004 | 02:39   37ms  255M   60G  26/ 46U [GameAnalyzer] Predicted army advantage is now SmallDisadvantage
2025-01-18 07:48:21.097 | 02:39   44ms  260M   60G  26/ 46U [BuildDetector] Enemy early build recognized as EarlyRoachZerg
2025-01-18 07:48:21.099 | 02:39   44ms  260M   60G  26/ 46U [ChatManager] Tag:BotVSEarlyRoachZerg
2025-01-18 07:48:21.103 | 02:39   44ms  260M   60G  26/ 46U [BuildDetector] Enemy early build recognized as EarlyRoachZerg
2025-01-18 07:48:21.192 | 02:39   48ms  270M   60G  26/ 46U [GameAnalyzer] Income advantage is now Even
2025-01-18 07:48:21.449 | 02:40   39ms  260M   64G  26/ 46U [ActUnit] SCV from COMMANDCENTER at (29.5, 111.5)
2025-01-18 07:48:21.550 | 02:40   39ms  260M   64G  27/ 46U [GameAnalyzer] Income advantage is now SlightDisadvantage
2025-01-18 07:48:21.644 | 02:40   41ms  265M   64G  27/ 46U [GameAnalyzer] Income advantage is now Even
2025-01-18 07:48:22.517 | 02:42   41ms  285M   72G  26/ 46U [GameAnalyzer] Income advantage is now SlightDisadvantage
2025-01-18 07:48:22.607 | 02:43   37ms  300M   72G  26/ 46U [GameAnalyzer] Income advantage is now Even
2025-01-18 07:48:22.927 | 02:43  104ms  255M   72G  26/ 46U [ActUnit] SCV from COMMANDCENTER at (29.5, 138.5)
2025-01-18 07:48:23.022 | 02:44   38ms  255M   72G  27/ 46U [GameAnalyzer] Income advantage is now SlightDisadvantage
2025-01-18 07:48:23.104 | 02:44   43ms  260M   72G  27/ 46U [GameAnalyzer] Income advantage is now Even
2025-01-18 07:48:23.104 | 02:44   43ms  260M   72G  27/ 46U [GameAnalyzer] Predicted army advantage is now ClearDisadvantage
2025-01-18 07:48:24.933 | 02:48   38ms  360M   88G  27/ 46U [GameAnalyzer] Income advantage is now SlightDisadvantage
2025-01-18 07:48:25.018 | 02:49   41ms  375M   88G  27/ 46U [GameAnalyzer] Income advantage is now Even
2025-01-18 07:48:25.355 | 02:50   38ms  410M   88G  27/ 46U [GameAnalyzer] Income advantage is now SlightDisadvantage
2025-01-18 07:48:25.439 | 02:50   41ms  420M   92G  27/ 46U [GameAnalyzer] Income advantage is now Even
2025-01-18 07:48:25.848 | 02:51   37ms  435M   92G  27/ 46U [GameAnalyzer] Known army advantage is now Even
2025-01-18 07:48:25.851 | 02:51   37ms  385M   92G  27/ 46U [ActUnit] MARINE from BARRACKS at (34.5, 139.5)
2025-01-18 07:48:26.338 | 02:52   38ms  350M   96G  28/ 46U [ActUnit] SCV from COMMANDCENTER at (29.5, 111.5)
2025-01-18 07:48:27.749 | 02:56   41ms  395M  108G  29/ 46U [ActUnit] SCV from COMMANDCENTER at (29.5, 138.5)
2025-01-18 07:48:29.227 | 02:59   40ms  485M  116G  30/ 46U [GameAnalyzer] Predicted army advantage is now OverwhelmingDisadvantage
2025-01-18 07:48:30.124 | 03:01   42ms  545M  124G  30/ 46U [BuildAddon] UnitTypeId.FACTORYREACTOR to (31.0, 131.0)
2025-01-18 07:48:30.224 | 03:01   53ms  420M   74G  30/ 46U [BuildGas] Building REFINERY to (26.5, 104.5)
2025-01-18 07:48:31.178 | 03:04   43ms  420M   82G  30/ 46U [BuildGas] Building REFINERY to (32.5, 145.5)
2025-01-18 07:48:31.340 | 03:04   41ms  420M   82G  30/ 46U [Expand] Expanding to (61.5, 134.5)
2025-01-18 07:48:32.149 | 03:06   40ms   20M   94G  30/ 46U [ActUnit] SCV from COMMANDCENTER at (29.5, 111.5)
2025-01-18 07:48:32.859 | 03:08   42ms    5M   98G  31/ 46U [ActUnit] SCV from COMMANDCENTER at (29.5, 138.5)
2025-01-18 07:48:33.282 | 03:09   41ms   20M   98G  32/ 46U [GameAnalyzer] Known army advantage is now SlightAdvantage
2025-01-18 07:48:34.031 | 03:11   44ms    0M  114G  32/ 46U [ActUnit] MARINE from BARRACKS at (34.5, 139.5)
2025-01-18 07:48:35.440 | 03:14   45ms  105M  130G  33/ 46U [DefensiveBuilding] Building BUNKER to (32.99137496567974, 133.72760010982486)
2025-01-18 07:48:36.121 | 03:15   42ms   25M  138G  33/ 46U [GameAnalyzer] Income advantage is now SlightAdvantage
2025-01-18 07:48:37.423 | 03:18   42ms  100M  154G  33/ 46U [DefensiveBuilding] Building BUNKER to (34.99137496567974, 129.72760010982486)
2025-01-18 07:48:37.891 | 03:19   43ms    5M  158G  33/ 46U [ActUnit] SCV from COMMANDCENTER at (29.5, 111.5)
2025-01-18 07:48:38.266 | 03:20   40ms    5M  162G  34/ 46U [GameAnalyzer] Income advantage is now SmallAdvantage
2025-01-18 07:48:38.454 | 03:21   43ms    5M  162G  34/ 46U [GameAnalyzer] Income advantage is now SlightAdvantage
2025-01-18 07:48:39.180 | 03:22   43ms   50M  174G  34/ 46U [GameAnalyzer] Income advantage is now SmallAdvantage
2025-01-18 07:48:39.183 | 03:22   43ms    0M  174G  34/ 46U [ActUnit] SCV from COMMANDCENTER at (29.5, 138.5)
2025-01-18 07:48:39.286 | 03:22   45ms    0M  178G  35/ 46U [GameAnalyzer] Income advantage is now SlightAdvantage
2025-01-18 07:48:40.035 | 03:24   42ms   35M  186G  35/ 46U [GameAnalyzer] Income advantage is now SmallAdvantage
2025-01-18 07:48:40.135 | 03:24   47ms   35M  186G  35/ 46U [GameAnalyzer] Income advantage is now SlightAdvantage
2025-01-18 07:48:40.230 | 03:25   48ms   35M  186G  35/ 46U [GameAnalyzer] Income advantage is now SmallAdvantage
2025-01-18 07:48:40.424 | 03:25   43ms   35M  190G  35/ 46U [GameAnalyzer] Income advantage is now SlightAdvantage
2025-01-18 07:48:40.878 | 03:26   43ms  100M  194G  35/ 46U [DefensiveBuilding] Building BUNKER to (33.56866735603367, 108.59380903140452)
2025-01-18 07:48:40.976 | 03:26   47ms    0M  194G  35/ 46U [GameAnalyzer] Income advantage is now Even
2025-01-18 07:48:41.073 | 03:26   43ms   20M  194G  35/ 46U [GameAnalyzer] Income advantage is now SlightAdvantage
2025-01-18 07:48:41.465 | 03:27   43ms   40M  202G  35/ 46U [GameAnalyzer] Income advantage is now SmallAdvantage
2025-01-18 07:48:41.564 | 03:28   44ms   45M  202G  35/ 46U [GameAnalyzer] Income advantage is now SlightAdvantage
2025-01-18 07:48:41.945 | 03:28   40ms   50M  210G  35/ 46U [GameAnalyzer] Known army advantage is now SmallAdvantage
2025-01-18 07:48:41.948 | 03:28   40ms    0M  210G  35/ 46U [ActUnit] MARINE from BARRACKS at (34.5, 139.5)
2025-01-18 07:48:42.144 | 03:29   44ms   10M  210G  36/ 46U [GameAnalyzer] Income advantage is now SmallAdvantage
2025-01-18 07:48:42.610 | 03:30  110ms   15M  218G  36/ 46U [GameAnalyzer] Income advantage is now SlightAdvantage
2025-01-18 07:48:42.833 | 03:30   44ms   20M  226G  36/ 46U [GameAnalyzer] Income advantage is now SmallAdvantage
2025-01-18 07:48:42.933 | 03:30   45ms   20M  226G  36/ 46U [GameAnalyzer] Income advantage is now SlightAdvantage
2025-01-18 07:48:43.029 | 03:31   47ms   25M  226G  36/ 46U [GameAnalyzer] Income advantage is now SmallAdvantage
2025-01-18 07:48:43.224 | 03:31   42ms   30M  226G  36/ 46U [GameAnalyzer] Income advantage is now SlightAdvantage
2025-01-18 07:48:43.431 | 03:32   42ms    0M  226G  36/ 46U [ActUnit] SCV from COMMANDCENTER at (29.5, 111.5)
2025-01-18 07:48:43.534 | 03:32   49ms    5M  226G  37/ 46U [GameAnalyzer] Income advantage is now SmallAdvantage
2025-01-18 07:48:43.839 | 03:32   45ms   65M  226G  37/ 46U [GameAnalyzer] Income advantage is now SlightAdvantage
2025-01-18 07:48:44.133 | 03:33   45ms   65M  234G  37/ 46U [GameAnalyzer] Income advantage is now SmallAdvantage
2025-01-18 07:48:44.808 | 03:34   47ms   25M  242G  37/ 46U [ActUnit] SCV from COMMANDCENTER at (29.5, 138.5)
2025-01-18 07:48:45.009 | 03:35   42ms   30M  242G  38/ 46U [GameAnalyzer] Income advantage is now SlightAdvantage
2025-01-18 07:48:45.108 | 03:35   45ms   40M  242G  38/ 46U [GameAnalyzer] Income advantage is now SmallAdvantage
2025-01-18 07:48:45.402 | 03:36   43ms   45M  246G  38/ 46U [GameAnalyzer] Income advantage is now SlightAdvantage
2025-01-18 07:48:45.712 | 03:36   45ms   60M  246G  38/ 46U [GameAnalyzer] Income advantage is now SmallAdvantage
2025-01-18 07:48:46.286 | 03:38   43ms   80M  262G  38/ 46U [GameAnalyzer] Income advantage is now SlightAdvantage
2025-01-18 07:48:46.489 | 03:38   47ms   85M  262G  38/ 46U [GameAnalyzer] Income advantage is now SmallAdvantage
2025-01-18 07:48:46.954 | 03:39   44ms  100M  266G  38/ 46U [DefensiveBuilding] Building BUNKER to (31.56866735603367, 104.59380903140452)
2025-01-18 07:48:47.059 | 03:39   59ms    0M  266G  38/ 46U [GameAnalyzer] Income advantage is now SlightAdvantage
2025-01-18 07:48:47.166 | 03:39   47ms    5M  270G  38/ 46U [GameAnalyzer] Income advantage is now SmallAdvantage
2025-01-18 07:48:47.572 | 03:40   44ms   35M  274G  38/ 46U [GameAnalyzer] Income advantage is now SlightAdvantage
2025-01-18 07:48:47.759 | 03:40   50ms   35M  274G  38/ 46U [GameAnalyzer] Income advantage is now SmallAdvantage
2025-01-18 07:48:47.973 | 03:41   43ms   45M  274G  38/ 46U [GameAnalyzer] Income advantage is now SlightAdvantage
2025-01-18 07:48:48.384 | 03:42   44ms   85M  290G  38/ 46U [GameAnalyzer] Income advantage is now SmallAdvantage
2025-01-18 07:48:48.593 | 03:42   46ms   85M  290G  38/ 46U [GameAnalyzer] Income advantage is now SlightAdvantage
2025-01-18 07:48:48.698 | 03:42   47ms   90M  290G  38/ 46U [GameAnalyzer] Income advantage is now SmallAdvantage
2025-01-18 07:48:48.801 | 03:43   49ms   90M  290G  38/ 46U [GameAnalyzer] Income advantage is now SlightAdvantage
2025-01-18 07:48:48.905 | 03:43   48ms   95M  290G  38/ 46U [GameAnalyzer] Income advantage is now SmallAdvantage
2025-01-18 07:48:49.110 | 03:43   44ms  125M  298G  38/ 46U [GameAnalyzer] Income advantage is now SlightAdvantage
2025-01-18 07:48:49.311 | 03:44   46ms  130M  298G  38/ 46U [GameAnalyzer] Income advantage is now SmallAdvantage
2025-01-18 07:48:49.314 | 03:44   46ms   80M  298G  38/ 46U [ActUnit] SCV from COMMANDCENTER at (29.5, 111.5)
2025-01-18 07:48:50.085 | 03:45   48ms   95M  314G  39/ 46U [GameAnalyzer] Known army advantage is now ClearDisadvantage
2025-01-18 07:48:50.103 | 03:45   48ms   95M  314G  39/ 46U [DodgeRampAttack] Retreat started at 4.00 own local power against 11.00 enemy local power.
2025-01-18 07:48:50.330 | 03:46   48ms  105M  314G  39/ 46U [GameAnalyzer] Income advantage is now SlightAdvantage
2025-01-18 07:48:50.549 | 03:46   48ms  130M  318G  39/ 46U [GameAnalyzer] Income advantage is now SmallAdvantage
2025-01-18 07:48:50.552 | 03:46   48ms   80M  318G  39/ 46U [ActUnit] MARINE from BARRACKS at (34.5, 139.5)
2025-01-18 07:48:52.304 | 03:50   48ms   30M  342G  40/ 46U [ActUnit] SCV from COMMANDCENTER at (29.5, 138.5)
2025-01-18 07:48:53.127 | 03:51  120ms   60M  350G  41/ 46U [GameAnalyzer] Income advantage is now SlightAdvantage
2025-01-18 07:48:53.247 | 03:52   49ms   80M  350G  41/ 46U [GameAnalyzer] Income advantage is now SmallAdvantage
2025-01-18 07:48:53.679 | 03:53   47ms   15M  358G  41/ 46U [GameAnalyzer] Income advantage is now SlightAdvantage
2025-01-18 07:48:53.780 | 03:53   49ms   20M  358G  41/ 46U [GameAnalyzer] Income advantage is now SmallAdvantage
2025-01-18 07:48:55.262 | 03:56   50ms   55M  382G  41/ 46U [GameAnalyzer] Income advantage is now SlightAdvantage
2025-01-18 07:48:55.602 | 03:56   62ms   75M  386G  41/ 46U [GameAnalyzer] Income advantage is now SmallAdvantage
2025-01-18 07:48:55.617 | 03:56   62ms   25M  386G  41/ 46U [ActUnit] SCV from COMMANDCENTER at (29.5, 111.5)
2025-01-18 07:48:58.410 | 04:01   49ms   65M  426G  42/ 46U [TerranUnit] HELLION from FACTORY at (28.5, 131.5)
2025-01-18 07:48:59.103 | 04:02   60ms   35M  434G  44/ 46U [ActUnit] SCV from COMMANDCENTER at (29.5, 138.5)
2025-01-18 07:49:00.186 | 04:04   56ms   45M  450G  45/ 46U [ActUnit] MARINE from BARRACKS at (34.5, 139.5)
2025-01-18 07:49:01.039 | 04:05   50ms   55M  462G  46/ 46U [DodgeRampAttack] Retreat stopped.
2025-01-18 07:49:03.946 | 04:11   55ms   35M  410G  46/ 54U [ActUnit] SCV from COMMANDCENTER at (29.5, 111.5)
2025-01-18 07:49:06.019 | 04:14   53ms   70M  438G  47/ 54U [ActUnit] SCV from COMMANDCENTER at (29.5, 138.5)
2025-01-18 07:49:07.422 | 04:17   49ms   55M  466G  48/ 62U [TerranUnit] HELLION from FACTORY at (28.5, 131.5)
2025-01-18 07:49:08.054 | 04:18   48ms   70M  474G  50/ 62U [GameAnalyzer] Income advantage is now ClearAdvantage
2025-01-18 07:49:08.331 | 04:18   46ms   75M  474G  50/ 62U [GameAnalyzer] Income advantage is now SmallAdvantage
2025-01-18 07:49:08.736 | 04:19   47ms  110M  490G  50/ 62U [GameAnalyzer] Income advantage is now ClearAdvantage
2025-01-18 07:49:08.950 | 04:20   50ms  110M  490G  50/ 62U [GameAnalyzer] Income advantage is now SmallAdvantage
2025-01-18 07:49:10.327 | 04:22  128ms  140M  510G  50/ 62U [ActUnit] MARINE from BARRACKS at (34.5, 139.5)
2025-01-18 07:49:10.820 | 04:23   56ms   60M  514G  51/ 62U [TerranUnit] HELLION from FACTORY at (28.5, 131.5)
2025-01-18 07:49:10.959 | 04:23   59ms   10M  518G  53/ 62U [ActUnit] SCV from COMMANDCENTER at (29.5, 111.5)
2025-01-18 07:49:12.860 | 04:27   47ms  105M  554G  54/ 77U [GameAnalyzer] Income advantage is now ClearAdvantage
2025-01-18 07:49:12.975 | 04:27   50ms  110M  558G  54/ 77U [GameAnalyzer] Income advantage is now SmallAdvantage
2025-01-18 07:49:13.182 | 04:27   47ms  130M  558G  54/ 77U [GameAnalyzer] Income advantage is now ClearAdvantage
2025-01-18 07:49:13.290 | 04:28   52ms  130M  566G  54/ 77U [GameAnalyzer] Income advantage is now SmallAdvantage
2025-01-18 07:49:13.399 | 04:28   49ms  140M  566G  54/ 77U [GameAnalyzer] Income advantage is now ClearAdvantage
2025-01-18 07:49:14.347 | 04:30   51ms    0M  586G  54/ 77U [ActUnit] SCV from COMMANDCENTER at (29.5, 138.5)
2025-01-18 07:49:14.808 | 04:30   48ms   40M  586G  55/ 77U [GameAnalyzer] Income advantage is now SmallAdvantage
2025-01-18 07:49:14.918 | 04:31   48ms   40M  594G  55/ 77U [GameAnalyzer] Income advantage is now ClearAdvantage
2025-01-18 07:49:15.460 | 04:32   53ms   75M  602G  55/ 77U [GameAnalyzer] Income advantage is now SmallAdvantage
2025-01-18 07:49:15.791 | 04:32   54ms   95M  606G  55/ 77U [GameAnalyzer] Income advantage is now ClearAdvantage
2025-01-18 07:49:15.917 | 04:32   61ms  100M  610G  55/ 77U [GameAnalyzer] Income advantage is now SmallAdvantage
2025-01-18 07:49:15.932 | 04:32   61ms  100M  610G  55/ 77U [DefensiveBuilding] Building BUNKER to (65.29628301182649, 131.24604313272016)
2025-01-18 07:49:16.036 | 04:33   60ms   20M  610G  55/ 77U [GameAnalyzer] Income advantage is now ClearAdvantage
2025-01-18 07:49:16.140 | 04:33   51ms   20M  614G  55/ 77U [GameAnalyzer] Income advantage is now SmallAdvantage
2025-01-18 07:49:16.244 | 04:33   49ms   20M  618G  55/ 77U [GameAnalyzer] Income advantage is now ClearAdvantage
2025-01-18 07:49:16.393 | 04:33   48ms   20M  618G  55/ 77U [GameAnalyzer] Income advantage is now SmallAdvantage
2025-01-18 07:49:16.495 | 04:34   52ms   20M  622G  55/ 77U [GameAnalyzer] Income advantage is now ClearAdvantage
2025-01-18 07:49:16.700 | 04:34   45ms   35M  626G  55/ 77U [GameAnalyzer] Income advantage is now SmallAdvantage
2025-01-18 07:49:16.803 | 04:34   52ms   45M  626G  55/ 77U [GameAnalyzer] Income advantage is now ClearAdvantage
2025-01-18 07:49:17.348 | 04:35   46ms   30M  638G  55/ 77U [ActUnit] SCV from COMMANDCENTER at (29.5, 111.5)
2025-01-18 07:49:17.545 | 04:36   58ms   30M  638G  56/ 77U [GameAnalyzer] Income advantage is now SmallAdvantage
2025-01-18 07:49:17.691 | 04:36   56ms   45M  646G  56/ 77U [GameAnalyzer] Income advantage is now ClearAdvantage
2025-01-18 07:49:17.921 | 04:36   48ms   65M  646G  56/ 77U [GameAnalyzer] Income advantage is now SmallAdvantage
2025-01-18 07:49:18.172 | 04:37   49ms  105M  650G  56/ 77U [DefensiveBuilding] Building BUNKER to (69.29628301182649, 131.24604313272016)
2025-01-18 07:49:18.380 | 04:37   46ms   20M  654G  56/ 77U [GameAnalyzer] Income advantage is now ClearAdvantage
2025-01-18 07:49:18.509 | 04:37   51ms   25M  658G  56/ 77U [GameAnalyzer] Income advantage is now SmallAdvantage
2025-01-18 07:49:18.726 | 04:38   48ms   35M  662G  56/ 77U [GameAnalyzer] Income advantage is now ClearAdvantage
2025-01-18 07:49:18.971 | 04:38   56ms   45M  666G  56/ 77U [GameAnalyzer] Income advantage is now SmallAdvantage
2025-01-18 07:49:19.194 | 04:39   50ms   65M  670G  56/ 77U [GameAnalyzer] Income advantage is now ClearAdvantage
2025-01-18 07:49:19.833 | 04:40   49ms   25M  686G  56/ 77U [ActUnit] MARINE from BARRACKS at (34.5, 139.5)
2025-01-18 07:49:20.507 | 04:41   60ms   50M  698G  57/ 77U [GameAnalyzer] Income advantage is now SmallAdvantage
2025-01-18 07:49:20.636 | 04:41   70ms   70M  698G  57/ 77U [GameAnalyzer] Income advantage is now ClearAdvantage
2025-01-18 07:49:20.985 | 04:42   50ms   80M  710G  57/ 77U [GameAnalyzer] Income advantage is now SmallAdvantage
2025-01-18 07:49:20.987 | 04:42   50ms   30M  710G  57/ 77U [ActUnit] SCV from COMMANDCENTER at (29.5, 138.5)
2025-01-18 07:49:21.383 | 04:43   46ms   85M  714G  58/ 77U [GameAnalyzer] Income advantage is now ClearAdvantage
2025-01-18 07:49:21.559 | 04:43   50ms   85M  718G  58/ 77U [GameAnalyzer] Income advantage is now SmallAdvantage
2025-01-18 07:49:21.877 | 04:43   70ms  100M  722G  58/ 77U [GameAnalyzer] Income advantage is now ClearAdvantage
2025-01-18 07:49:23.406 | 04:46   58ms  145M  746G  58/ 77U [GameAnalyzer] Income advantage is now SmallAdvantage
2025-01-18 07:49:23.537 | 04:46   59ms  165M  750G  58/ 77U [GameAnalyzer] Income advantage is now ClearAdvantage
2025-01-18 07:49:23.812 | 04:46   63ms  170M  758G  58/ 77U [GameAnalyzer] Income advantage is now SmallAdvantage
2025-01-18 07:49:24.234 | 04:47   62ms  220M  762G  58/ 77U [GameAnalyzer] Income advantage is now ClearAdvantage
2025-01-18 07:49:24.363 | 04:47   64ms  225M  766G  58/ 77U [GameAnalyzer] Income advantage is now SmallAdvantage
2025-01-18 07:49:24.482 | 04:47   61ms  235M  766G  58/ 77U [GameAnalyzer] Income advantage is now ClearAdvantage
2025-01-18 07:49:24.607 | 04:48   60ms  190M  770G  58/ 77U [ActUnit] SCV from COMMANDCENTER at (29.5, 111.5)
2025-01-18 07:49:26.935 | 04:52   56ms  315M  814G  59/ 77U [GameAnalyzer] Income advantage is now SmallAdvantage
2025-01-18 07:49:27.058 | 04:52   57ms  320M  814G  59/ 77U [GameAnalyzer] Income advantage is now ClearAdvantage
2025-01-18 07:49:27.297 | 04:52   57ms  325M  822G  59/ 77U [GameAnalyzer] Income advantage is now SmallAdvantage
2025-01-18 07:49:27.409 | 04:53   56ms  345M  822G  59/ 77U [GameAnalyzer] Income advantage is now ClearAdvantage
2025-01-18 07:49:27.528 | 04:53   55ms  250M  826G  59/ 77U [TerranUnit] HELLION from FACTORY at (28.5, 131.5)
2025-01-18 07:49:27.642 | 04:53   58ms  200M  826G  61/ 77U [ActUnit] SCV from COMMANDCENTER at (61.5, 134.5)
2025-01-18 07:49:27.908 | 04:53   63ms  205M  834G  62/ 77U [GameAnalyzer] Income advantage is now SmallAdvantage
2025-01-18 07:49:28.043 | 04:54   65ms  210M  838G  62/ 77U [GameAnalyzer] Income advantage is now ClearAdvantage
2025-01-18 07:49:28.471 | 04:54  231ms  195M  842G  62/ 77U [ActUnit] SCV from COMMANDCENTER at (29.5, 138.5)
2025-01-18 07:49:29.089 | 04:55   57ms  225M  854G  63/ 77U [GameAnalyzer] Income advantage is now SmallAdvantage
2025-01-18 07:49:29.212 | 04:55   59ms  230M  854G  63/ 77U [GameAnalyzer] Income advantage is now ClearAdvantage
2025-01-18 07:49:30.572 | 04:58   75ms  325M  878G  63/ 77U [GameAnalyzer] Known army advantage is now SmallDisadvantage
2025-01-18 07:49:30.575 | 04:58   75ms  275M  878G  63/ 77U [ActUnit] MARINE from BARRACKS at (34.5, 139.5)
2025-01-18 07:49:31.953 | 05:00   69ms  280M  902G  64/ 77U [ActUnit] SCV from COMMANDCENTER at (29.5, 111.5)
2025-01-18 07:49:32.362 | 05:01   57ms  310M  910G  65/ 77U [GameAnalyzer] Known army advantage is now ClearDisadvantage
2025-01-18 07:49:32.859 | 05:02   56ms  250M  922G  65/ 77U [TerranUnit] HELLION from FACTORY at (28.5, 131.5)
2025-01-18 07:49:35.265 | 05:05   64ms  355M  962G  67/ 77U [ActUnit] SCV from COMMANDCENTER at (61.5, 134.5)
2025-01-18 07:49:35.902 | 05:06   61ms  330M  974G  68/ 77U [ActUnit] SCV from COMMANDCENTER at (29.5, 138.5)
2025-01-18 07:49:39.564 | 05:12   59ms  550M 1038G  69/ 77U [ActUnit] SCV from COMMANDCENTER at (29.5, 111.5)
2025-01-18 07:49:40.844 | 05:14   63ms  620M 1058G  70/ 77U [GameAnalyzer] Known army advantage is now SmallDisadvantage
2025-01-18 07:49:40.848 | 05:14   63ms  520M 1058G  70/ 77U [TerranUnit] HELLION from FACTORY at (28.5, 131.5)
2025-01-18 07:49:41.756 | 05:16   65ms  380M 1074G  72/ 77U [GameAnalyzer] Known army advantage is now SlightDisadvantage
2025-01-18 07:49:41.761 | 05:16   65ms  330M 1074G  72/ 77U [ActUnit] MARINE from BARRACKS at (34.5, 139.5)
2025-01-18 07:49:43.108 | 05:18   66ms  395M 1094G  73/ 77U [ActUnit] SCV from COMMANDCENTER at (61.5, 134.5)
2025-01-18 07:49:43.908 | 05:19   90ms  385M 1106G  74/ 77U [ActUnit] SCV from COMMANDCENTER at (29.5, 138.5)
2025-01-18 07:49:44.264 | 05:19   66ms  400M 1114G  75/ 77U [GameAnalyzer] Known army advantage is now SmallDisadvantage
2025-01-18 07:49:46.602 | 05:23   61ms  545M 1154G  75/ 77U [GameAnalyzer] Known army advantage is now SlightDisadvantage
2025-01-18 07:49:47.836 | 05:25  130ms  595M 1170G  75/ 77U [ActUnit] SCV from COMMANDCENTER at (29.5, 111.5)
2025-01-18 07:49:51.589 | 05:30   64ms  655M 1226G  76/ 77U [ActUnit] SCV from COMMANDCENTER at (61.5, 134.5)
2025-01-18 07:49:55.648 | 05:36   65ms  910M 1290G  77/ 77U [GameAnalyzer] Known army advantage is now Even
2025-01-18 07:49:55.649 | 05:36   65ms  910M 1290G  77/ 77U [GameAnalyzer] Predicted army advantage is now ClearDisadvantage
2025-01-18 07:50:00.092 | 05:42   67ms 1215M 1358G  77/ 77U [GameAnalyzer] Income advantage is now SmallAdvantage
2025-01-18 07:50:01.486 | 05:43   75ms 1275M 1374G  77/ 77U [GameAnalyzer] Known army advantage is now SlightDisadvantage
2025-01-18 07:50:01.803 | INFO     | sc2.protocol:_execute:72 - Client status changed to Status.ended (was Status.in_game)
2025-01-18 07:50:01.804 | Result: Defeat
2025-01-18 07:50:01.804 | Duration: 05:44
2025-01-18 07:50:01.805 | Step time min: 13
2025-01-18 07:50:01.805 | Step time avg: 43
2025-01-18 07:50:01.806 | Step time max: 630
2025-01-18 07:50:01.807 | [LostUnitsContents] My lost units minerals and gas: (50, 0)
2025-01-18 07:50:01.807 | [LostUnitsContents] My lost units minerals by score: 50.0
2025-01-18 07:50:01.808 | [LostUnitsContents] Enemy lost units minerals and gas: (25, 0)
2025-01-18 07:50:01.809 | [LostUnitsContents] Enemy lost units minerals by score: 25.0
2025-01-18 07:50:01.810 | [GameAnalyzerEnd] Own units:
2025-01-18 07:50:01.811 | [GameAnalyzerEnd] SCV               total:  50 alive:  49 dead:   1 
2025-01-18 07:50:01.812 | [GameAnalyzerEnd] BUNKER            total:   6 alive:   6 dead:   0 
2025-01-18 07:50:01.813 | [GameAnalyzerEnd] HELLION           total:   6 alive:   6 dead:   0 
2025-01-18 07:50:01.814 | [GameAnalyzerEnd] SUPPLYDEPOT       total:   6 alive:   6 dead:   0 
2025-01-18 07:50:01.814 | [GameAnalyzerEnd] REFINERY          total:   4 alive:   4 dead:   0 
2025-01-18 07:50:01.815 | [GameAnalyzerEnd] MULE              total:   3 alive:   3 dead:   0 
2025-01-18 07:50:01.816 | [GameAnalyzerEnd] ORBITALCOMMAND    total:   3 alive:   3 dead:   0 
2025-01-18 07:50:01.817 | [GameAnalyzerEnd] REACTOR           total:   1 alive:   1 dead:   0 
2025-01-18 07:50:01.818 | [GameAnalyzerEnd] FACTORY           total:   1 alive:   1 dead:   0 
2025-01-18 07:50:01.818 | [GameAnalyzerEnd] BARRACKS          total:   1 alive:   1 dead:   0 
2025-01-18 07:50:01.819 | [GameAnalyzerEnd] MARINE            total:   1 alive:   1 dead:   0 
2025-01-18 07:50:01.820 | [GameAnalyzerEnd] STARPORT          total:   1 alive:   1 dead:   0 
2025-01-18 07:50:01.820 | [GameAnalyzerEnd] Enemy units:
2025-01-18 07:50:01.821 | [GameAnalyzerEnd] DRONE             total:  39 alive:  39 dead:   0 
2025-01-18 07:50:01.821 | [GameAnalyzerEnd] OVERLORD          total:   9 alive:   9 dead:   0 
2025-01-18 07:50:01.822 | [GameAnalyzerEnd] ZERGLING          total:   6 alive:   5 dead:   1 
2025-01-18 07:50:01.823 | [GameAnalyzerEnd] ROACH             total:   4 alive:   4 dead:   0 
2025-01-18 07:50:01.823 | [GameAnalyzerEnd] HATCHERY          total:   2 alive:   2 dead:   0 
2025-01-18 07:50:01.824 | [GameAnalyzerEnd] EXTRACTOR         total:   2 alive:   2 dead:   0 
2025-01-18 07:50:01.825 | [GameAnalyzerEnd] QUEEN             total:   2 alive:   2 dead:   0 
2025-01-18 07:50:01.825 | [GameAnalyzerEnd] EVOLUTIONCHAMBER  total:   2 alive:   2 dead:   0 
2025-01-18 07:50:01.826 | [GameAnalyzerEnd] SPAWNINGPOOL      total:   1 alive:   1 dead:   0 
2025-01-18 07:50:01.826 | [GameAnalyzerEnd] ROACHWARREN       total:   1 alive:   1 dead:   0 
2025-01-18 07:50:01.828 | [GameAnalyzerEnd] INFESTATIONPIT    total:   1 alive:   1 dead:   0 
2025-01-18 07:50:01.828 | [GameAnalyzerEnd] HYDRALISKDEN      total:   1 alive:   1 dead:   0 
2025-01-18 07:50:01.829 | [GameAnalyzerEnd] LAIR              total:   1 alive:   1 dead:   0 
2025-01-18 07:50:01.830 | [GameAnalyzerEnd] Minerals max 1265 Average 216
2025-01-18 07:50:01.830 | [GameAnalyzerEnd] Vespene max 1374 Average 303
2025-01-18 07:50:01.831 | INFO     | sc2.main:_play_game:228 - Result for player 1 - Bot LadderBot(Terran): Defeat
2025-01-18 07:50:03.990 | INFO     | sc2.protocol:__request:48 - Cannot receive: Game has already ended.
2025-01-18 07:50:03.990 | INFO     | sc2.sc2process:_close_connection:231 - Closing connection at 59271...
2025-01-18 07:50:03.991 | INFO     | sc2.sc2process:kill_all:33 - kill_switch: Process cleanup for 1 processes
