2024-11-24 23:18:53.625 | INFO     | sc2.protocol:_execute:72 - Client status changed to Status.launched (was None)
2024-11-24 23:18:53.626 | INFO     | sc2.controller:create_game:37 - Creating new game
2024-11-24 23:18:53.627 | INFO     | sc2.controller:create_game:38 - Map:     SiteDelta513AIE
2024-11-24 23:18:53.628 | INFO     | sc2.controller:create_game:39 - Players: Bot LadderBot(Terran), Computer VeryHard(Zerg, RandomBuild)
2024-11-24 23:18:53.631 | INFO     | sc2.protocol:_execute:72 - Client status changed to Status.init_game (was Status.launched)
2024-11-24 23:19:04.203 | INFO     | sc2.protocol:_execute:72 - Client status changed to Status.in_game (was None)
2024-11-24 23:19:04.205 | INFO     | sc2.main:_play_game:221 - Player 1 - Bot LadderBot(Terran)
2024-11-24 23:19:05.073 | 00:00    0ms    0M    0G  12/ 15U [Version] 5.0.13.92440
2024-11-24 23:19:05.074 | 00:00    0ms    0M    0G  12/ 15U [Version] 5.0.6 Balance mod recognized.
2024-11-24 23:19:05.252 | 00:00    0ms    0M    0G  12/ 15U [ZoneManager] Map set to: MapName.Unknown from name: Site Delta AIE and hash: 4002476.
2024-11-24 23:19:06.900 | [Start] My race: Terran
2024-11-24 23:19:06.900 | [Start] Opponent race: Zerg
2024-11-24 23:19:06.901 | [Start] OpponentId: None
2024-11-24 23:19:07.269 | 00:00   14ms    0M    0G  13/ 15U [GameAnalyzer] Income advantage is now SlightDisadvantage
2024-11-24 23:19:07.437 | 00:01   13ms    0M    0G  13/ 15U [GameAnalyzer] Income advantage is now Even
2024-11-24 23:19:10.143 | 00:12   18ms   60M    0G  13/ 15U [TerranUnit] SCV from COMMANDCENTER at (50.5, 157.5)
2024-11-24 23:19:11.469 | 00:17   15ms   20M    0G  14/ 15U [GameAnalyzer] Income advantage is now SlightDisadvantage
2024-11-24 23:19:11.523 | 00:17   20ms   25M    0G  14/ 15U [GameAnalyzer] Income advantage is now Even
2024-11-24 23:19:12.454 | 00:20   16ms    0M    0G  14/ 15U [BuildGas] Building REFINERY to (43.5, 154.5)
2024-11-24 23:19:13.708 | 00:25   18ms    5M    0G  14/ 15U [TerranUnit] SCV from COMMANDCENTER at (50.5, 157.5)
2024-11-24 23:19:18.573 | 00:42   19ms  165M    0G  15/ 23U [TerranUnit] SCV from COMMANDCENTER at (50.5, 157.5)
2024-11-24 23:19:22.053 | 00:54   17ms  115M   20G  16/ 23U [TerranUnit] SCV from COMMANDCENTER at (50.5, 157.5)
2024-11-24 23:19:22.120 | 00:54   20ms   45M   20G  17/ 23U [BuildGas] Building REFINERY to (54.5, 164.5)
2024-11-24 23:19:25.692 | 01:06   18ms  125M   52G  17/ 23U [TerranUnit] SCV from COMMANDCENTER at (50.5, 157.5)
2024-11-24 23:19:29.371 | 01:19   22ms  220M   84G  18/ 23U [TerranUnit] SCV from COMMANDCENTER at (50.5, 157.5)
2024-11-24 23:19:34.010 | 01:32   20ms   25M    2G  19/ 23U [TerranUnit] REAPER from BARRACKS at (51.5, 151.5)
2024-11-24 23:19:42.566 | 01:56   22ms  305M   98G  20/ 23U [ActUnit] SCV from COMMANDCENTER at (50.5, 157.5)
2024-11-24 23:19:42.680 | 01:56   34ms  315M   98G  21/ 23U [DodgeRampAttack] Supply is 21 -> attack!
2024-11-24 23:19:42.681 | 01:56   34ms  315M   98G  21/ 23U [DodgeRampAttack] Attack started at 0.00 power.
2024-11-24 23:19:42.758 | 01:56   26ms  315M   98G  21/ 23U [DodgeRampAttack] No attacking units, starting retreat
2024-11-24 23:19:45.398 | 02:04   26ms  175M   30G  21/ 23U [GameAnalyzer] Known army advantage is now SlightAdvantage
2024-11-24 23:19:45.399 | 02:04   26ms  175M   30G  21/ 23U [GameAnalyzer] Predicted army advantage is now SlightAdvantage
2024-11-24 23:19:46.869 | 02:08   29ms  195M   46G  21/ 23U [ActUnit] SCV from COMMANDCENTER at (50.5, 157.5)
2024-11-24 23:19:47.137 | 02:09   27ms  165M    0G  22/ 23U [TerranUnit] REAPER from BARRACKS at (51.5, 151.5)
2024-11-24 23:19:49.976 | 02:17   23ms  280M   28G  23/ 23U [DodgeRampAttack] Retreat stopped.
2024-11-24 23:19:50.055 | 02:17   25ms  280M   32G  23/ 23U [DodgeRampAttack] Supply is 23 -> attack!
2024-11-24 23:19:50.056 | 02:17   25ms  280M   32G  23/ 23U [DodgeRampAttack] Attack started at 1.00 power.
2024-11-24 23:19:52.736 | 02:24   36ms  400M   56G  23/ 23U [Expand] Expanding to (45.5, 130.5)
2024-11-24 23:19:53.620 | 02:26   35ms   10M   64G  23/ 31U [ActUnit] SCV from COMMANDCENTER at (50.5, 157.5)
2024-11-24 23:19:55.265 | 02:31   31ms   75M   80G  24/ 31U [GameAnalyzer] Income advantage is now SmallAdvantage
2024-11-24 23:19:56.060 | 02:33   33ms    0M   92G  24/ 31U [TerranUnit] HELLION from FACTORY at (57.5, 154.5)
2024-11-24 23:19:56.312 | 02:34   33ms   15M   96G  26/ 31U [GameAnalyzer] Income advantage is now SlightAdvantage
2024-11-24 23:19:56.479 | 02:34   32ms   20M   96G  26/ 31U [GameAnalyzer] Income advantage is now SmallAdvantage
2024-11-24 23:19:57.065 | 02:36   30ms   55M  104G  26/ 31U [GameAnalyzer] Income advantage is now SlightAdvantage
2024-11-24 23:19:57.147 | 02:36   34ms   70M  104G  26/ 31U [GameAnalyzer] Income advantage is now SmallAdvantage
2024-11-24 23:19:58.449 | 02:39   34ms    5M  120G  26/ 31U [GameAnalyzer] Known army advantage is now Even
2024-11-24 23:19:58.450 | 02:39   34ms    5M  120G  26/ 31U [GameAnalyzer] Predicted army advantage is now Even
2024-11-24 23:19:58.789 | 02:40   33ms   10M  128G  26/ 31U [GameAnalyzer] Income advantage is now SlightAdvantage
2024-11-24 23:19:58.871 | 02:40   36ms   25M  128G  26/ 31U [GameAnalyzer] Income advantage is now SmallAdvantage
2024-11-24 23:19:59.209 | 02:41   33ms   35M  132G  26/ 31U [GameAnalyzer] Income advantage is now SlightAdvantage
2024-11-24 23:19:59.209 | 02:41   33ms   35M  132G  26/ 31U [GameAnalyzer] Known army advantage is now SlightAdvantage
2024-11-24 23:19:59.210 | 02:41   33ms   35M  132G  26/ 31U [GameAnalyzer] Predicted army advantage is now SlightAdvantage
2024-11-24 23:19:59.298 | 02:41   40ms   40M  132G  26/ 31U [GameAnalyzer] Income advantage is now SmallAdvantage
2024-11-24 23:19:59.393 | 02:42   36ms   15M  136G  26/ 31U [ActUnit] SCV from COMMANDCENTER at (50.5, 157.5)
2024-11-24 23:19:59.719 | 02:42   33ms   20M  140G  27/ 31U [GameAnalyzer] Income advantage is now SlightAdvantage
2024-11-24 23:19:59.891 | 02:43   34ms   35M  140G  27/ 31U [GameAnalyzer] Income advantage is now SmallAdvantage
2024-11-24 23:20:00.708 | 02:45   34ms    5M  102G  27/ 31U [TerranUnit] REAPER from BARRACKS at (51.5, 151.5)
2024-11-24 23:20:01.059 | 02:46   32ms   15M  106G  28/ 31U [GameAnalyzer] Income advantage is now SlightAdvantage
2024-11-24 23:20:01.152 | 02:46   38ms   20M  106G  28/ 31U [GameAnalyzer] Income advantage is now SmallAdvantage
2024-11-24 23:20:02.029 | 02:48   33ms   75M  118G  28/ 31U [BuildAddon] UnitTypeId.FACTORYREACTOR to (53.0, 147.0)
2024-11-24 23:20:04.252 | 02:53   35ms  100M  100G  28/ 31U [GameAnalyzer] Income advantage is now SlightAdvantage
2024-11-24 23:20:04.350 | 02:54   38ms  105M  100G  28/ 31U [GameAnalyzer] Income advantage is now SmallAdvantage
2024-11-24 23:20:04.440 | 02:54   42ms   70M  100G  28/ 31U [ActUnit] SCV from COMMANDCENTER at (50.5, 157.5)
2024-11-24 23:20:04.800 | 02:55   36ms    0M  104G  29/ 31U [TerranUnit] HELLION from FACTORY at (57.5, 154.5)
2024-11-24 23:20:05.363 | 02:56   41ms   20M  112G  31/ 31U [ChatManager] Tag:E_zergling
2024-11-24 23:20:07.934 | 03:02   36ms  130M  144G  31/ 31U [GameAnalyzer] Income advantage is now SlightAdvantage
2024-11-24 23:20:08.022 | 03:02   34ms  140M  148G  31/ 31U [GameAnalyzer] Income advantage is now SmallAdvantage
2024-11-24 23:20:08.362 | 03:03   32ms    5M   52G  31/ 31U [GameAnalyzer] Income advantage is now SlightAdvantage
2024-11-24 23:20:08.532 | 03:04   28ms   10M   56G  31/ 31U [GameAnalyzer] Income advantage is now SmallAdvantage
2024-11-24 23:20:09.873 | 03:07   30ms   10M   72G  31/ 39U [ActUnit] SCV from COMMANDCENTER at (50.5, 157.5)
2024-11-24 23:20:10.281 | 03:08   27ms   20M   80G  32/ 39U [GameAnalyzer] Income advantage is now Even
2024-11-24 23:20:10.376 | 03:09   38ms   25M   80G  32/ 39U [ChatManager] Tag:E_queen
2024-11-24 23:20:10.586 | 03:09   38ms   30M   84G  32/ 39U [DodgeRampAttack] Retreat started at 2.00 own local power against 2.95 enemy local power.
2024-11-24 23:20:11.213 | 03:10   37ms   45M   92G  32/ 39U [GameAnalyzer] Income advantage is now SlightAdvantage
2024-11-24 23:20:11.322 | 03:11   44ms   70M   92G  32/ 39U [GameAnalyzer] Income advantage is now Even
2024-11-24 23:20:13.106 | 03:15   37ms  140M  116G  32/ 39U [GameAnalyzer] Income advantage is now SlightAdvantage
2024-11-24 23:20:13.205 | 03:15   38ms  140M  116G  32/ 39U [GameAnalyzer] Income advantage is now Even
2024-11-24 23:20:13.666 | 03:16   40ms  160M  124G  32/ 39U [GameAnalyzer] Income advantage is now SlightAdvantage
2024-11-24 23:20:13.666 | 03:16   40ms  160M  124G  32/ 39U [GameAnalyzer] Known army advantage is now SmallAdvantage
2024-11-24 23:20:13.667 | 03:16   40ms  160M  124G  32/ 39U [GameAnalyzer] Predicted army advantage is now SmallAdvantage
2024-11-24 23:20:13.672 | 03:16   40ms   60M  124G  32/ 39U [TerranUnit] HELLION from FACTORY at (57.5, 154.5)
2024-11-24 23:20:13.677 | 03:16   40ms   60M  124G  32/ 39U [BuildAddon] UnitTypeId.FACTORYTECHLAB to (60.0, 154.0)
2024-11-24 23:20:13.875 | 03:17   42ms   65M  124G  34/ 39U [GameAnalyzer] Income advantage is now Even
2024-11-24 23:20:15.102 | 03:19   40ms  135M  140G  34/ 39U [GameAnalyzer] Income advantage is now SlightAdvantage
2024-11-24 23:20:15.209 | 03:20   41ms   85M  140G  34/ 39U [ActUnit] SCV from COMMANDCENTER at (50.5, 157.5)
2024-11-24 23:20:15.504 | 03:20   37ms   90M  144G  35/ 39U [GameAnalyzer] Income advantage is now Even
2024-11-24 23:20:15.990 | 03:21   43ms  115M  148G  35/ 39U [GameAnalyzer] Income advantage is now SlightAdvantage
2024-11-24 23:20:16.163 | 03:22   41ms  120M  152G  35/ 39U [GameAnalyzer] Income advantage is now Even
2024-11-24 23:20:16.415 | 03:22   68ms  125M  152G  35/ 39U [GameAnalyzer] Income advantage is now SlightAdvantage
2024-11-24 23:20:16.531 | 03:22   53ms  125M  156G  35/ 39U [GameAnalyzer] Income advantage is now Even
2024-11-24 23:20:17.126 | 03:24   40ms  155M  164G  35/ 39U [GameAnalyzer] Income advantage is now SlightAdvantage
2024-11-24 23:20:17.264 | 03:24   63ms  155M  164G  35/ 39U [GameAnalyzer] Income advantage is now Even
2024-11-24 23:20:17.558 | 03:24   40ms  185M  168G  35/ 39U [GameAnalyzer] Income advantage is now SlightAdvantage
2024-11-24 23:20:17.922 | 03:25   38ms  190M  172G  35/ 39U [GameAnalyzer] Income advantage is now Even
2024-11-24 23:20:18.229 | 03:26   43ms  220M  176G  35/ 39U [GameAnalyzer] Income advantage is now SlightAdvantage
2024-11-24 23:20:18.334 | 03:26   47ms  220M  176G  35/ 39U [GameAnalyzer] Income advantage is now Even
2024-11-24 23:20:18.732 | 03:27   41ms  230M  180G  35/ 39U [GameAnalyzer] Income advantage is now SlightAdvantage
2024-11-24 23:20:18.943 | 03:27   44ms  230M  184G  35/ 39U [GameAnalyzer] Income advantage is now Even
2024-11-24 23:20:19.234 | 03:28   42ms  260M  188G  35/ 39U [GameAnalyzer] Income advantage is now SlightAdvantage
2024-11-24 23:20:19.498 | 03:28  111ms  260M  188G  35/ 39U [GameAnalyzer] Income advantage is now Even
2024-11-24 23:20:19.775 | 03:29   40ms  270M  192G  35/ 39U [GameAnalyzer] Income advantage is now SlightAdvantage
2024-11-24 23:20:19.787 | 03:29   40ms  270M  192G  35/ 39U [DodgeRampAttack] Retreat stopped.
2024-11-24 23:20:19.888 | 03:29   44ms  270M  192G  35/ 39U [DodgeRampAttack] Power 7.00 is larger than required attack power 4.00 -> attack!
2024-11-24 23:20:19.889 | 03:29   44ms  270M  192G  35/ 39U [DodgeRampAttack] Attack started at 7.00 power.
2024-11-24 23:20:19.976 | 03:30   43ms  270M  196G  35/ 39U [GameAnalyzer] Income advantage is now Even
2024-11-24 23:20:20.182 | 03:30   46ms  285M  196G  35/ 39U [GameAnalyzer] Income advantage is now SlightAdvantage
2024-11-24 23:20:20.186 | 03:30   46ms  185M  196G  35/ 39U [TerranUnit] HELLION from FACTORY at (52.5, 144.5)
2024-11-24 23:20:20.192 | 03:30   46ms  185M  196G  35/ 39U [BuildAddon] UnitTypeId.FACTORYREACTOR to (55.0, 144.0)
2024-11-24 23:20:20.293 | 03:30   47ms  185M  200G  37/ 39U [GameAnalyzer] Income advantage is now Even
2024-11-24 23:20:20.585 | 03:31   42ms  225M  204G  37/ 39U [GameAnalyzer] Income advantage is now SlightAdvantage
2024-11-24 23:20:20.952 | 03:32   41ms  230M  204G  37/ 39U [GameAnalyzer] Income advantage is now Even
2024-11-24 23:20:21.057 | 03:32  112ms  185M  208G  37/ 39U [ActUnit] SCV from COMMANDCENTER at (50.5, 157.5)
2024-11-24 23:20:21.149 | 03:32   43ms  190M  208G  38/ 39U [GameAnalyzer] Income advantage is now SlightAdvantage
2024-11-24 23:20:21.354 | 03:32   45ms  200M  212G  38/ 39U [GameAnalyzer] Income advantage is now Even
2024-11-24 23:20:21.546 | 03:33   42ms  215M  212G  38/ 39U [GameAnalyzer] Income advantage is now SlightAdvantage
2024-11-24 23:20:21.831 | 03:34   41ms  220M  216G  38/ 39U [GameAnalyzer] Income advantage is now Even
2024-11-24 23:20:21.934 | 03:34   42ms  220M  216G  38/ 39U [GameAnalyzer] Income advantage is now SlightAdvantage
2024-11-24 23:20:22.033 | 03:34   45ms  225M  220G  38/ 39U [GameAnalyzer] Income advantage is now Even
2024-11-24 23:20:22.223 | 03:34   43ms  240M  220G  38/ 39U [GameAnalyzer] Income advantage is now SlightAdvantage
2024-11-24 23:20:22.499 | 03:35   42ms  240M  224G  38/ 39U [GameAnalyzer] Income advantage is now Even
2024-11-24 23:20:22.700 | 03:35   44ms  250M  228G  38/ 39U [GameAnalyzer] Income advantage is now SlightAdvantage
2024-11-24 23:20:22.985 | 03:36   45ms  260M  228G  38/ 39U [GameAnalyzer] Income advantage is now Even
2024-11-24 23:20:23.287 | 03:37   43ms  280M  232G  38/ 39U [GameAnalyzer] Income advantage is now SlightAdvantage
2024-11-24 23:20:23.384 | 03:37   46ms  305M  236G  38/ 39U [GameAnalyzer] Income advantage is now Even
2024-11-24 23:20:23.676 | 03:38   42ms  310M  240G  38/ 39U [GameAnalyzer] Income advantage is now SlightAdvantage
2024-11-24 23:20:23.684 | 03:38   42ms  310M  240G  38/ 39U [BuildAddon] UnitTypeId.FACTORYREACTOR to (60.0, 154.0)
2024-11-24 23:20:23.887 | 03:38   43ms  270M  190G  38/ 39U [GameAnalyzer] Income advantage is now Even
2024-11-24 23:20:24.357 | 03:39   41ms  290M  194G  38/ 39U [GameAnalyzer] Income advantage is now SlightAdvantage
2024-11-24 23:20:24.460 | 03:39   44ms  290M  198G  38/ 39U [GameAnalyzer] Income advantage is now Even
2024-11-24 23:20:25.386 | 03:41   45ms  330M  206G  38/ 39U [GameAnalyzer] Income advantage is now SlightAdvantage
2024-11-24 23:20:25.502 | 03:41   48ms  330M  210G  38/ 39U [GameAnalyzer] Income advantage is now Even
2024-11-24 23:20:25.982 | 03:42   44ms  335M  214G  38/ 54U [GameAnalyzer] Income advantage is now SlightAdvantage
2024-11-24 23:20:26.301 | 03:43   43ms  190M  218G  38/ 54U [GameAnalyzer] Income advantage is now Even
2024-11-24 23:20:26.402 | 03:43   47ms  200M  218G  38/ 54U [GameAnalyzer] Income advantage is now SlightAdvantage
2024-11-24 23:20:26.820 | 03:44   49ms  190M  222G  38/ 54U [ActUnit] SCV from COMMANDCENTER at (50.5, 157.5)
2024-11-24 23:20:27.034 | 03:45   43ms  195M  226G  39/ 54U [GameAnalyzer] Income advantage is now SmallAdvantage
2024-11-24 23:20:27.150 | 03:45   53ms  195M  226G  39/ 54U [GameAnalyzer] Income advantage is now SlightAdvantage
2024-11-24 23:20:27.266 | 03:45   45ms  195M  230G  39/ 54U [GameAnalyzer] Income advantage is now Even
2024-11-24 23:20:27.447 | 03:45   46ms  200M  230G  39/ 54U [GameAnalyzer] Income advantage is now SlightAdvantage
2024-11-24 23:20:27.555 | 03:45   50ms  220M  230G  39/ 54U [GameAnalyzer] Income advantage is now SmallAdvantage
2024-11-24 23:20:27.785 | 03:46   46ms  230M  234G  39/ 54U [GameAnalyzer] Income advantage is now SlightAdvantage
2024-11-24 23:20:28.097 | 03:47   44ms  235M  238G  39/ 54U [GameAnalyzer] Income advantage is now SmallAdvantage
2024-11-24 23:20:28.207 | 03:47   49ms  235M  238G  39/ 54U [GameAnalyzer] Income advantage is now SlightAdvantage
2024-11-24 23:20:28.423 | 03:47   44ms  235M  242G  39/ 54U [ChatManager] Tag:E_roach
2024-11-24 23:20:28.424 | 03:47   44ms  235M  242G  39/ 54U [ChatManager] Tag:E_overlord
2024-11-24 23:20:28.441 | 03:47   44ms  235M  242G  39/ 54U [DodgeRampAttack] Retreat started at 7.00 own local power against 10.93 enemy local power.
2024-11-24 23:20:29.985 | 03:51   39ms  335M  258G  39/ 54U [GameAnalyzer] Income advantage is now Even
2024-11-24 23:20:29.986 | 03:51   39ms  335M  258G  39/ 54U [GameAnalyzer] Known army advantage is now SlightDisadvantage
2024-11-24 23:20:29.987 | 03:51   39ms  335M  258G  39/ 54U [GameAnalyzer] Predicted army advantage is now SlightDisadvantage
2024-11-24 23:20:30.082 | 03:51   46ms  335M  258G  39/ 54U [GameAnalyzer] Income advantage is now SlightAdvantage
2024-11-24 23:20:30.178 | 03:51   42ms  350M  262G  39/ 54U [GameAnalyzer] Income advantage is now SmallAdvantage
2024-11-24 23:20:30.279 | 03:51   41ms  350M  262G  39/ 54U [GameAnalyzer] Income advantage is now SlightAdvantage
2024-11-24 23:20:30.380 | 03:51   45ms  350M  262G  39/ 54U [GameAnalyzer] Known army advantage is now Even
2024-11-24 23:20:30.380 | 03:51   45ms  350M  262G  39/ 54U [GameAnalyzer] Predicted army advantage is now Even
2024-11-24 23:20:30.388 | 03:51   45ms  225M  212G  39/ 54U [TerranUnit] CYCLONE from FACTORY at (52.5, 144.5)
2024-11-24 23:20:30.394 | 03:51   45ms  225M  212G  39/ 54U [BuildAddon] UnitTypeId.FACTORYTECHLAB to (55.0, 144.0)
2024-11-24 23:20:32.716 | 03:56   40ms  325M  240G  41/ 54U [GameAnalyzer] Income advantage is now SmallAdvantage
2024-11-24 23:20:32.717 | 03:56   40ms  275M  240G  41/ 54U [ActUnit] SCV from COMMANDCENTER at (50.5, 157.5)
2024-11-24 23:20:32.827 | 03:57   46ms  280M  240G  42/ 54U [GameAnalyzer] Income advantage is now SlightAdvantage
2024-11-24 23:20:35.290 | 04:02   41ms  415M  268G  42/ 54U [GameAnalyzer] Income advantage is now SmallAdvantage
2024-11-24 23:20:35.394 | 04:02   43ms  415M  272G  42/ 54U [GameAnalyzer] Income advantage is now SlightAdvantage
2024-11-24 23:20:36.578 | 04:04   43ms  500M  284G  42/ 54U [GameAnalyzer] Income advantage is now SmallAdvantage
2024-11-24 23:20:36.680 | 04:05   42ms  505M  284G  42/ 54U [GameAnalyzer] Income advantage is now SlightAdvantage
2024-11-24 23:20:36.871 | 04:05   40ms  520M  288G  42/ 54U [GameAnalyzer] Income advantage is now SmallAdvantage
2024-11-24 23:20:36.974 | 04:05   42ms  520M  288G  42/ 54U [GameAnalyzer] Income advantage is now SlightAdvantage
2024-11-24 23:20:37.342 | 04:06   42ms  540M  292G  42/ 54U [GameAnalyzer] Income advantage is now SmallAdvantage
2024-11-24 23:20:37.436 | 04:06   40ms  540M  296G  42/ 54U [GameAnalyzer] Income advantage is now SlightAdvantage
2024-11-24 23:20:37.884 | 04:07   39ms  510M  300G  42/ 54U [ActUnit] SCV from COMMANDCENTER at (45.5, 130.5)
2024-11-24 23:20:37.892 | 04:07   39ms  510M  300G  42/ 54U [DodgeRampAttack] Retreat stopped.
2024-11-24 23:20:37.987 | 04:07   43ms  520M  300G  43/ 54U [DodgeRampAttack] Supply is 43 -> attack!
2024-11-24 23:20:37.988 | 04:07   43ms  520M  300G  43/ 54U [DodgeRampAttack] Attack started at 11.00 power.
2024-11-24 23:20:38.269 | 04:08   44ms  540M  304G  43/ 54U [GameAnalyzer] Income advantage is now SmallAdvantage
2024-11-24 23:20:38.373 | 04:08   43ms  540M  304G  43/ 54U [GameAnalyzer] Income advantage is now SlightAdvantage
2024-11-24 23:20:38.481 | 04:09   42ms  490M  308G  43/ 54U [ActUnit] SCV from COMMANDCENTER at (50.5, 157.5)
2024-11-24 23:20:38.681 | 04:09   43ms  505M  308G  44/ 54U [GameAnalyzer] Income advantage is now SmallAdvantage
2024-11-24 23:20:38.783 | 04:09   43ms  505M  312G  44/ 54U [GameAnalyzer] Income advantage is now SlightAdvantage
2024-11-24 23:20:38.896 | 04:10   47ms  515M  312G  44/ 54U [GameAnalyzer] Income advantage is now SmallAdvantage
2024-11-24 23:20:39.179 | 04:10  112ms  520M  316G  44/ 54U [GameAnalyzer] Income advantage is now SlightAdvantage
2024-11-24 23:20:39.577 | 04:11   44ms  545M  320G  44/ 54U [GameAnalyzer] Income advantage is now SmallAdvantage
2024-11-24 23:20:39.685 | 04:11   46ms  550M  320G  44/ 54U [GameAnalyzer] Income advantage is now SlightAdvantage
2024-11-24 23:20:39.990 | 04:12   43ms  590M  324G  44/ 54U [GameAnalyzer] Income advantage is now SmallAdvantage
2024-11-24 23:20:40.093 | 04:12   43ms  595M  324G  44/ 54U [GameAnalyzer] Income advantage is now SlightAdvantage
2024-11-24 23:20:40.478 | 04:13   43ms  610M  328G  44/ 54U [GameAnalyzer] Income advantage is now SmallAdvantage
2024-11-24 23:20:40.582 | 04:13  119ms  615M  328G  44/ 54U [GameAnalyzer] Income advantage is now SlightAdvantage
2024-11-24 23:20:40.683 | 04:13   43ms  625M  332G  44/ 54U [GameAnalyzer] Income advantage is now SmallAdvantage
2024-11-24 23:20:40.804 | 04:13   43ms  625M  332G  44/ 54U [GameAnalyzer] Income advantage is now SlightAdvantage
2024-11-24 23:20:41.101 | 04:14   43ms  645M  336G  44/ 54U [GameAnalyzer] Income advantage is now SmallAdvantage
2024-11-24 23:20:41.202 | 04:14   47ms  645M  336G  44/ 54U [GameAnalyzer] Income advantage is now SlightAdvantage
2024-11-24 23:20:41.502 | 04:15   45ms  655M  340G  44/ 54U [GameAnalyzer] Income advantage is now SmallAdvantage
2024-11-24 23:20:41.703 | 04:15   42ms  670M  344G  44/ 54U [GameAnalyzer] Income advantage is now SlightAdvantage
2024-11-24 23:20:42.071 | 04:16   41ms  685M  348G  44/ 54U [GameAnalyzer] Income advantage is now SmallAdvantage
2024-11-24 23:20:42.373 | 04:17   43ms  725M  352G  44/ 54U [GameAnalyzer] Income advantage is now SlightAdvantage
2024-11-24 23:20:42.573 | 04:17   42ms  730M  352G  44/ 54U [GameAnalyzer] Income advantage is now SmallAdvantage
2024-11-24 23:20:42.677 | 04:17   43ms  730M  356G  44/ 54U [GameAnalyzer] Income advantage is now SlightAdvantage
2024-11-24 23:20:43.185 | 04:18   41ms  775M  360G  44/ 54U [GameAnalyzer] Income advantage is now SmallAdvantage
2024-11-24 23:20:43.383 | 04:19   44ms  775M  360G  44/ 54U [GameAnalyzer] Income advantage is now SlightAdvantage
2024-11-24 23:20:43.717 | 04:19   46ms  810M  364G  44/ 54U [GameAnalyzer] Income advantage is now SmallAdvantage
2024-11-24 23:20:43.829 | 04:20   48ms  770M  368G  44/ 54U [ActUnit] SCV from COMMANDCENTER at (45.5, 130.5)
2024-11-24 23:20:44.047 | 04:20   43ms  775M  368G  45/ 54U [GameAnalyzer] Income advantage is now SlightAdvantage
2024-11-24 23:20:44.349 | 04:20   62ms  785M  372G  45/ 54U [GameAnalyzer] Income advantage is now SmallAdvantage
2024-11-24 23:20:44.593 | 04:21   47ms  750M  372G  45/ 54U [ActUnit] SCV from COMMANDCENTER at (50.5, 157.5)
2024-11-24 23:20:44.735 | 04:21   72ms  755M  376G  46/ 54U [GameAnalyzer] Income advantage is now SlightAdvantage
2024-11-24 23:20:44.845 | 04:21   45ms  755M  376G  46/ 54U [GameAnalyzer] Income advantage is now SmallAdvantage
2024-11-24 23:20:45.242 | 04:22  117ms  775M  380G  46/ 54U [GameAnalyzer] Income advantage is now SlightAdvantage
2024-11-24 23:20:45.451 | 04:22   46ms  785M  384G  46/ 54U [GameAnalyzer] Income advantage is now SmallAdvantage
2024-11-24 23:20:45.779 | 04:23   44ms  825M  384G  46/ 54U [GameAnalyzer] Income advantage is now SlightAdvantage
2024-11-24 23:20:46.001 | 04:24   47ms  835M  388G  46/ 54U [GameAnalyzer] Income advantage is now SmallAdvantage
2024-11-24 23:20:46.002 | 04:24   47ms  835M  388G  46/ 54U [GameAnalyzer] Known army advantage is now SlightAdvantage
2024-11-24 23:20:46.003 | 04:24   47ms  835M  388G  46/ 54U [GameAnalyzer] Predicted army advantage is now SlightAdvantage
2024-11-24 23:20:46.012 | 04:24   47ms  835M  388G  46/ 54U [BuildAddon] UnitTypeId.FACTORYTECHLAB to (55.0, 144.0)
2024-11-24 23:20:46.140 | 04:24   56ms  790M  363G  46/ 54U [BuildAddon] UnitTypeId.STARPORTTECHLAB to (47.0, 165.0)
2024-11-24 23:20:46.538 | 04:24   45ms  760M  342G  46/ 54U [GameAnalyzer] Income advantage is now SlightAdvantage
2024-11-24 23:20:46.853 | 04:25  118ms  775M  346G  46/ 54U [GameAnalyzer] Income advantage is now SmallAdvantage
2024-11-24 23:20:46.969 | 04:25   48ms  775M  346G  46/ 54U [GameAnalyzer] Income advantage is now SlightAdvantage
2024-11-24 23:20:47.302 | 04:26   49ms  790M  350G  46/ 54U [GameAnalyzer] Income advantage is now SmallAdvantage
2024-11-24 23:20:47.536 | 04:26   49ms  820M  354G  46/ 54U [GameAnalyzer] Income advantage is now SlightAdvantage
2024-11-24 23:20:47.773 | 04:27   49ms  835M  354G  46/ 54U [GameAnalyzer] Income advantage is now SmallAdvantage
2024-11-24 23:20:47.918 | 04:27   56ms  840M  358G  46/ 54U [DodgeRampAttack] Retreat started at 11.00 own local power against 15.11 enemy local power.
2024-11-24 23:20:48.978 | 04:29   49ms  890M  366G  46/ 54U [GameAnalyzer] Income advantage is now SlightAdvantage
2024-11-24 23:20:49.218 | 04:29   48ms  905M  370G  46/ 54U [GameAnalyzer] Income advantage is now SmallAdvantage
2024-11-24 23:20:49.716 | 04:30   48ms  920M  374G  46/ 54U [GameAnalyzer] Income advantage is now SlightAdvantage
2024-11-24 23:20:49.992 | 04:30   51ms  925M  374G  46/ 54U [GameAnalyzer] Income advantage is now SmallAdvantage
2024-11-24 23:20:50.725 | 04:32   49ms  985M  382G  46/ 54U [GameAnalyzer] Known army advantage is now Even
2024-11-24 23:20:50.726 | 04:32   49ms  985M  382G  46/ 54U [GameAnalyzer] Predicted army advantage is now Even
2024-11-24 23:20:50.850 | 04:32   50ms  935M  382G  46/ 54U [ActUnit] SCV from COMMANDCENTER at (45.5, 130.5)
2024-11-24 23:20:50.974 | 04:32   49ms  935M  386G  47/ 54U [GameAnalyzer] Income advantage is now SlightAdvantage
2024-11-24 23:20:51.088 | 04:32   50ms  945M  386G  47/ 54U [GameAnalyzer] Income advantage is now SmallAdvantage
2024-11-24 23:20:51.634 | 04:33   47ms 1000M  390G  47/ 54U [GameAnalyzer] Income advantage is now SlightAdvantage
2024-11-24 23:20:51.635 | 04:33   47ms  950M  390G  47/ 54U [ActUnit] SCV from COMMANDCENTER at (50.5, 157.5)
2024-11-24 23:20:51.760 | 04:33   48ms  955M  390G  48/ 54U [GameAnalyzer] Income advantage is now SmallAdvantage
2024-11-24 23:20:53.923 | 04:37   46ms 1055M  414G  48/ 54U [GameAnalyzer] Income advantage is now SlightAdvantage
2024-11-24 23:20:54.032 | 04:38   53ms 1090M  414G  48/ 54U [GameAnalyzer] Income advantage is now SmallAdvantage
2024-11-24 23:20:56.266 | 04:42   49ms 1120M  288G  48/ 54U [TerranUnit] RAVEN from STARPORT at (44.5, 165.5)
2024-11-24 23:20:56.268 | 04:42   49ms  970M  163G  48/ 54U [TerranUnit] SIEGETANK from FACTORY at (52.5, 144.5)
2024-11-24 23:20:56.935 | 04:43   49ms 1010M  167G  53/ 54U [GameAnalyzer] Income advantage is now SlightAdvantage
2024-11-24 23:20:57.157 | 04:43   47ms 1025M  171G  53/ 54U [GameAnalyzer] Income advantage is now SmallAdvantage
2024-11-24 23:20:57.551 | 04:44  118ms 1000M  175G  53/ 54U [ActUnit] SCV from COMMANDCENTER at (45.5, 130.5)
2024-11-24 23:20:58.098 | 04:45   45ms 1040M  179G  54/ 54U [GameAnalyzer] Income advantage is now SlightAdvantage
2024-11-24 23:20:58.206 | 04:45   48ms 1045M  183G  54/ 54U [GameAnalyzer] Income advantage is now SmallAdvantage
2024-11-24 23:20:58.654 | 04:46   48ms 1060M  187G  54/ 54U [GameAnalyzer] Income advantage is now SlightAdvantage
2024-11-24 23:20:59.036 | 04:47  116ms 1089M  191G  54/ 54U [GameAnalyzer] Income advantage is now SmallAdvantage
2024-11-24 23:20:59.049 | 04:47  116ms 1089M  191G  54/ 54U [DodgeRampAttack] Retreat stopped.
2024-11-24 23:20:59.155 | 04:47   49ms 1088M  191G  54/ 54U [GameAnalyzer] Income advantage is now SlightAdvantage
2024-11-24 23:20:59.167 | 04:47   49ms 1088M  191G  54/ 54U [DodgeRampAttack] Supply is 54 -> attack!
2024-11-24 23:20:59.169 | 04:47   49ms 1088M  191G  54/ 54U [DodgeRampAttack] Attack started at 13.32 power.
2024-11-24 23:20:59.383 | 04:48   50ms 1118M  195G  54/ 54U [GameAnalyzer] Income advantage is now SmallAdvantage
2024-11-24 23:20:59.725 | 04:48   52ms 1128M  199G  54/ 54U [GameAnalyzer] Income advantage is now SlightAdvantage
2024-11-24 23:20:59.942 | 04:49   48ms 1148M  199G  54/ 54U [GameAnalyzer] Income advantage is now SmallAdvantage
2024-11-24 23:21:00.064 | 04:49   52ms 1158M  203G  54/ 54U [GameAnalyzer] Income advantage is now SlightAdvantage
2024-11-24 23:21:00.580 | 04:50  119ms 1168M  207G  54/ 54U [GameAnalyzer] Income advantage is now SmallAdvantage
2024-11-24 23:21:00.926 | 04:51   47ms 1177M  211G  54/ 54U [GameAnalyzer] Income advantage is now SlightAdvantage
2024-11-24 23:21:01.048 | 04:51   49ms 1176M  211G  54/ 54U [GameAnalyzer] Income advantage is now Even
2024-11-24 23:21:01.155 | 04:51   52ms 1191M  211G  54/ 54U [GameAnalyzer] Income advantage is now SlightAdvantage
2024-11-24 23:21:01.280 | 04:51   52ms 1211M  215G  54/ 54U [GameAnalyzer] Income advantage is now SmallAdvantage
2024-11-24 23:21:01.403 | 04:51   54ms 1209M  215G  54/ 54U [GameAnalyzer] Income advantage is now SlightAdvantage
2024-11-24 23:21:01.765 | 04:52   47ms 1240M  219G  54/ 54U [GameAnalyzer] Income advantage is now SmallAdvantage
2024-11-24 23:21:02.072 | 04:53   48ms 1238M  219G  54/ 54U [GameAnalyzer] Income advantage is now SlightAdvantage
2024-11-24 23:21:02.303 | 04:53   52ms 1255M  223G  54/ 54U [GameAnalyzer] Income advantage is now SmallAdvantage
2024-11-24 23:21:02.418 | 04:53   49ms 1259M  223G  54/ 54U [GameAnalyzer] Income advantage is now SlightAdvantage
2024-11-24 23:21:02.536 | 04:53   49ms 1272M  227G  54/ 54U [GameAnalyzer] Income advantage is now SmallAdvantage
2024-11-24 23:21:02.655 | 04:54   51ms 1271M  227G  54/ 54U [GameAnalyzer] Income advantage is now SlightAdvantage
2024-11-24 23:21:02.992 | 04:54   50ms 1279M  231G  54/ 54U [GameAnalyzer] Income advantage is now SmallAdvantage
2024-11-24 23:21:03.651 | 04:55  121ms 1329M  235G  54/ 54U [GameAnalyzer] Income advantage is now SlightAdvantage
2024-11-24 23:21:03.768 | 04:56   53ms 1344M  239G  54/ 54U [GameAnalyzer] Income advantage is now SmallAdvantage
2024-11-24 23:21:04.125 | 04:56   53ms 1349M  243G  54/ 54U [GameAnalyzer] Income advantage is now SlightAdvantage
2024-11-24 23:21:04.249 | 04:57   52ms 1359M  243G  54/ 54U [GameAnalyzer] Income advantage is now SmallAdvantage
2024-11-24 23:21:05.044 | 04:58   49ms 1409M  251G  54/ 54U [GameAnalyzer] Income advantage is now SlightAdvantage
2024-11-24 23:21:05.162 | 04:58   54ms 1409M  251G  54/ 54U [GameAnalyzer] Income advantage is now SmallAdvantage
2024-11-24 23:21:05.982 | 05:00   54ms 1474M  259G  54/ 54U [ChatManager] Tag:E_Macro
2024-11-24 23:21:12.607 | 05:11   60ms 1884M  323G  54/ 54U [DodgeRampAttack] Retreat started at 14.00 own local power against 24.12 enemy local power.
2024-11-24 23:21:13.567 | 05:13   55ms 1939M  331G  54/ 54U [GameAnalyzer] Known army advantage is now SmallDisadvantage
2024-11-24 23:21:13.568 | 05:13   55ms 1939M  331G  54/ 54U [GameAnalyzer] Predicted army advantage is now SmallDisadvantage
2024-11-24 23:21:15.614 | 05:16   52ms 2074M  347G  54/ 54U [GameAnalyzer] Known army advantage is now Even
2024-11-24 23:21:15.614 | 05:16   52ms 2074M  347G  54/ 54U [GameAnalyzer] Predicted army advantage is now Even
2024-11-24 23:21:24.224 | 05:31   49ms 2654M  431G  54/ 54U [GameAnalyzer] Income advantage is now SlightAdvantage
2024-11-24 23:21:24.351 | 05:31   54ms 2669M  431G  54/ 54U [DodgeRampAttack] Retreat stopped.
2024-11-24 23:21:24.447 | 05:31   50ms 2678M  431G  54/ 54U [GameAnalyzer] Income advantage is now SmallAdvantage
2024-11-24 23:21:24.461 | 05:31   50ms 2678M  431G  54/ 54U [DodgeRampAttack] Supply is 54 -> attack!
2024-11-24 23:21:24.462 | 05:31   50ms 2678M  431G  54/ 54U [DodgeRampAttack] Attack started at 18.01 power.
2024-11-24 23:21:24.821 | 05:32   51ms 2692M  435G  54/ 54U [GameAnalyzer] Income advantage is now SlightAdvantage
2024-11-24 23:21:24.945 | 05:32   54ms 2719M  435G  54/ 54U [GameAnalyzer] Income advantage is now SmallAdvantage
2024-11-24 23:21:25.513 | 05:33   52ms 2735M  443G  54/ 54U [GameAnalyzer] Income advantage is now SlightAdvantage
2024-11-24 23:21:25.632 | 05:33   52ms 2745M  443G  54/ 54U [GameAnalyzer] Income advantage is now SmallAdvantage
2024-11-24 23:21:27.090 | 05:36  128ms 2802M  455G  54/ 54U [GameAnalyzer] Income advantage is now SlightAdvantage
2024-11-24 23:21:27.214 | 05:36   62ms 2812M  459G  54/ 54U [GameAnalyzer] Income advantage is now SmallAdvantage
2024-11-24 23:21:27.837 | 05:37   53ms 2837M  463G  54/ 54U [GameAnalyzer] Income advantage is now SlightAdvantage
2024-11-24 23:21:28.086 | 05:38   51ms 2857M  467G  54/ 54U [GameAnalyzer] Income advantage is now SmallAdvantage
2024-11-24 23:21:29.227 | 05:40   51ms 2922M  475G  54/ 54U [GameAnalyzer] Income advantage is now SlightAdvantage
2024-11-24 23:21:29.344 | 05:40   56ms 2937M  479G  54/ 54U [GameAnalyzer] Income advantage is now SmallAdvantage
2024-11-24 23:21:29.839 | 05:41   51ms 2957M  483G  54/ 54U [GameAnalyzer] Income advantage is now SlightAdvantage
2024-11-24 23:21:30.027 | 05:41   53ms 2962M  483G  54/ 54U [GameAnalyzer] Income advantage is now SmallAdvantage
2024-11-24 23:21:37.893 | 05:54   51ms 3432M  555G  54/ 54U [ChatManager] Tag:E_infestor
2024-11-24 23:21:37.917 | 05:54   51ms 3432M  555G  54/ 54U [DodgeRampAttack] Retreat started at 18.58 own local power against 29.02 enemy local power.
2024-11-24 23:21:39.689 | 05:57   56ms 3482M  571G  52/ 54U [ActUnit] SCV from COMMANDCENTER at (50.5, 157.5)
2024-11-24 23:21:39.694 | 05:57   56ms 3382M  421G  52/ 54U [TerranUnit] RAVEN from STARPORT at (44.5, 165.5)
2024-11-24 23:21:39.831 | 05:57   64ms 3347M  421G  53/ 54U [ActUnit] SCV from COMMANDCENTER at (45.5, 130.5)
2024-11-24 23:21:39.836 | 05:57   64ms 3297M  421G  53/ 54U [TerranUnit] MARINE from BARRACKS at (50.5, 147.5)
2024-11-24 23:21:40.964 | 05:59   54ms 3332M  429G  54/ 54U [GameAnalyzer] Known army advantage is now SmallDisadvantage
2024-11-24 23:21:40.965 | 05:59   54ms 3332M  429G  54/ 54U [GameAnalyzer] Predicted army advantage is now SmallDisadvantage
2024-11-24 23:21:44.378 | 06:04  151ms 3542M  457G  54/ 54U [GameAnalyzer] Income advantage is now SlightAdvantage
2024-11-24 23:21:44.509 | 06:04   59ms 3562M  461G  54/ 54U [GameAnalyzer] Income advantage is now SmallAdvantage
2024-11-24 23:21:47.116 | 06:08   57ms 3702M  481G  54/ 54U [GameAnalyzer] Income advantage is now SlightAdvantage
2024-11-24 23:21:47.265 | 06:08   66ms 3712M  481G  54/ 54U [GameAnalyzer] Income advantage is now SmallAdvantage
2024-11-24 23:21:50.324 | 06:13   60ms 3892M  509G  54/ 54U [GameAnalyzer] Income advantage is now ClearAdvantage
2024-11-24 23:21:50.538 | 06:13   64ms 3897M  509G  54/ 54U [GameAnalyzer] Income advantage is now SmallAdvantage
2024-11-24 23:21:50.822 | 06:14   58ms 3922M  513G  54/ 54U [GameAnalyzer] Income advantage is now SlightAdvantage
2024-11-24 23:21:51.086 | 06:14   54ms 3947M  513G  54/ 54U [GameAnalyzer] Income advantage is now SmallAdvantage
2024-11-24 23:21:51.233 | 06:15   55ms 3947M  517G  54/ 54U [DodgeRampAttack] Retreat stopped.
2024-11-24 23:21:51.366 | 06:15   58ms 3952M  517G  54/ 54U [DodgeRampAttack] Supply is 54 -> attack!
2024-11-24 23:21:51.367 | 06:15   58ms 3952M  517G  54/ 54U [DodgeRampAttack] Attack started at 12.67 power.
2024-11-24 23:21:51.485 | 06:15   60ms 3962M  517G  54/ 54U [GameAnalyzer] Income advantage is now SlightAdvantage
2024-11-24 23:21:51.757 | 06:15   60ms 3976M  521G  54/ 54U [GameAnalyzer] Income advantage is now SmallAdvantage
2024-11-24 23:21:52.459 | 06:16   88ms 3990M  525G  54/ 54U [GameAnalyzer] Income advantage is now SlightAdvantage
2024-11-24 23:21:52.590 | 06:17   59ms 3990M  525G  54/ 54U [GameAnalyzer] Income advantage is now SmallAdvantage
2024-11-24 23:21:53.112 | 06:17   56ms 4010M  533G  54/ 54U [GameAnalyzer] Income advantage is now SlightAdvantage
2024-11-24 23:21:53.252 | 06:18   62ms 4015M  533G  54/ 54U [GameAnalyzer] Income advantage is now SmallAdvantage
2024-11-24 23:21:53.395 | 06:18   58ms 4025M  533G  54/ 54U [GameAnalyzer] Income advantage is now SlightAdvantage
2024-11-24 23:21:53.793 | 06:19   55ms 4040M  537G  54/ 54U [GameAnalyzer] Income advantage is now SmallAdvantage
2024-11-24 23:21:54.413 | 06:19   57ms 4089M  541G  54/ 54U [GameAnalyzer] Income advantage is now SlightAdvantage
2024-11-24 23:21:54.968 | 06:20   56ms 4111M  549G  54/ 54U [GameAnalyzer] Income advantage is now SmallAdvantage
2024-11-24 23:21:56.647 | 06:23   69ms 4150M  561G  54/ 54U [GameAnalyzer] Income advantage is now SlightAdvantage
2024-11-24 23:21:56.801 | 06:23   76ms 4183M  561G  54/ 54U [GameAnalyzer] Income advantage is now SmallAdvantage
2024-11-24 23:21:57.502 | 06:24   59ms 4210M  565G  54/ 54U [GameAnalyzer] Income advantage is now SlightAdvantage
2024-11-24 23:21:57.725 | 06:24   71ms 4219M  569G  54/ 54U [GameAnalyzer] Income advantage is now SmallAdvantage
2024-11-24 23:21:58.325 | 06:25   73ms 4237M  573G  54/ 54U [GameAnalyzer] Income advantage is now SlightAdvantage
2024-11-24 23:21:58.594 | 06:25   59ms 4250M  573G  54/ 54U [GameAnalyzer] Income advantage is now SmallAdvantage
2024-11-24 23:21:59.005 | 06:26   58ms 4252M  577G  54/ 54U [GameAnalyzer] Income advantage is now SlightAdvantage
2024-11-24 23:21:59.352 | 06:27   58ms 4277M  581G  54/ 54U [GameAnalyzer] Income advantage is now SmallAdvantage
2024-11-24 23:22:00.587 | 06:29   55ms 4305M  593G  54/ 54U [GameAnalyzer] Income advantage is now SlightAdvantage
2024-11-24 23:22:00.732 | 06:29   70ms 4317M  593G  54/ 54U [GameAnalyzer] Income advantage is now SmallAdvantage
2024-11-24 23:22:01.658 | 06:30   67ms 4326M  601G  54/ 54U [GameAnalyzer] Income advantage is now SlightAdvantage
2024-11-24 23:22:01.943 | 06:30   57ms 4345M  601G  54/ 54U [GameAnalyzer] Income advantage is now SmallAdvantage
2024-11-24 23:22:02.363 | 06:31   54ms 4352M  605G  54/ 54U [GameAnalyzer] Income advantage is now SlightAdvantage
2024-11-24 23:22:02.712 | 06:31   67ms 4372M  609G  54/ 54U [GameAnalyzer] Income advantage is now SmallAdvantage
2024-11-24 23:22:03.081 | 06:32   79ms 4379M  609G  54/ 54U [GameAnalyzer] Income advantage is now SlightAdvantage
2024-11-24 23:22:03.322 | 06:32   70ms 4379M  613G  54/ 54U [GameAnalyzer] Income advantage is now SmallAdvantage
2024-11-24 23:22:07.166 | 06:38   56ms 4604M  645G  54/ 54U [GameAnalyzer] Income advantage is now ClearAdvantage
2024-11-24 23:22:07.307 | 06:38   58ms 4604M  645G  54/ 54U [GameAnalyzer] Income advantage is now SmallAdvantage
2024-11-24 23:22:07.917 | 06:39   54ms 4639M  649G  54/ 54U [GameAnalyzer] Income advantage is now ClearAdvantage
2024-11-24 23:22:08.058 | 06:40   57ms 4639M  653G  54/ 54U [GameAnalyzer] Income advantage is now SmallAdvantage
2024-11-24 23:22:12.221 | 06:46   56ms 4904M  685G  54/ 54U [GameAnalyzer] Income advantage is now ClearAdvantage
2024-11-24 23:22:12.370 | 06:46   62ms 4904M  689G  54/ 54U [GameAnalyzer] Income advantage is now SmallAdvantage
2024-11-24 23:22:14.551 | 06:49   60ms 5034M  705G  54/ 54U dodging
2024-11-24 23:22:14.556 | 06:49   60ms 5034M  705G  54/ 54U [DodgeRampAttack] Retreat started at 13.59 own local power against 21.26 enemy local power.
2024-11-24 23:22:14.723 | 06:50  137ms 5039M  705G  54/ 54U dodging
2024-11-24 23:22:14.873 | 06:50   62ms 4999M  709G  52/ 54U [ActUnit] SCV from COMMANDCENTER at (45.5, 130.5)
2024-11-24 23:22:14.878 | 06:50   62ms 4949M  709G  52/ 54U [TerranUnit] MARINE from BARRACKS at (50.5, 147.5)
2024-11-24 23:22:16.010 | 06:51   56ms 5009M  717G  54/ 54U [GameAnalyzer] Income advantage is now ClearAdvantage
2024-11-24 23:22:16.153 | 06:52   61ms 5039M  717G  54/ 54U [GameAnalyzer] Income advantage is now SmallAdvantage
2024-11-24 23:22:21.500 | INFO     | sc2.protocol:_execute:72 - Client status changed to Status.ended (was Status.in_game)
2024-11-24 23:22:21.501 | Result: Defeat
2024-11-24 23:22:21.502 | Duration: 06:59
2024-11-24 23:22:21.502 | Step time min: 13
2024-11-24 23:22:21.503 | Step time avg: 42
2024-11-24 23:22:21.504 | Step time max: 673
2024-11-24 23:22:21.504 | [LostUnitsContents] My lost units minerals and gas: (200, 0)
2024-11-24 23:22:21.505 | [LostUnitsContents] My lost units minerals by score: 200.0
2024-11-24 23:22:21.506 | [LostUnitsContents] Enemy lost units minerals and gas: (250, 0)
2024-11-24 23:22:21.507 | [LostUnitsContents] Enemy lost units minerals by score: 250.0
2024-11-24 23:22:21.509 | [GameAnalyzerEnd] Own units:
2024-11-24 23:22:21.510 | [GameAnalyzerEnd] SCV               total:  36 alive:  36 dead:   0 
2024-11-24 23:22:21.510 | [GameAnalyzerEnd] HELLION           total:   4 alive:   2 dead:   2 
2024-11-24 23:22:21.511 | [GameAnalyzerEnd] REAPER            total:   3 alive:   3 dead:   0 
2024-11-24 23:22:21.512 | [GameAnalyzerEnd] SUPPLYDEPOT       total:   3 alive:   3 dead:   0 
2024-11-24 23:22:21.512 | [GameAnalyzerEnd] ORBITALCOMMAND    total:   2 alive:   2 dead:   0 
2024-11-24 23:22:21.513 | [GameAnalyzerEnd] MULE              total:   2 alive:   2 dead:   0 
2024-11-24 23:22:21.514 | [GameAnalyzerEnd] FACTORY           total:   2 alive:   2 dead:   0 
2024-11-24 23:22:21.515 | [GameAnalyzerEnd] REACTOR           total:   2 alive:   2 dead:   0 
2024-11-24 23:22:21.515 | [GameAnalyzerEnd] TECHLAB           total:   2 alive:   2 dead:   0 
2024-11-24 23:22:21.516 | [GameAnalyzerEnd] REFINERY          total:   2 alive:   2 dead:   0 
2024-11-24 23:22:21.517 | [GameAnalyzerEnd] STARPORT          total:   1 alive:   1 dead:   0 
2024-11-24 23:22:21.517 | [GameAnalyzerEnd] BARRACKS          total:   1 alive:   1 dead:   0 
2024-11-24 23:22:21.518 | [GameAnalyzerEnd] SIEGETANK         total:   1 alive:   1 dead:   0 
2024-11-24 23:22:21.519 | [GameAnalyzerEnd] RAVEN             total:   1 alive:   1 dead:   0 
2024-11-24 23:22:21.519 | [GameAnalyzerEnd] CYCLONE           total:   1 alive:   1 dead:   0 
2024-11-24 23:22:21.520 | [GameAnalyzerEnd] Enemy units:
2024-11-24 23:22:21.521 | [GameAnalyzerEnd] ZERGLING          total:  18 alive:   8 dead:  10 
2024-11-24 23:22:21.521 | [GameAnalyzerEnd] ROACH             total:   6 alive:   6 dead:   0 
2024-11-24 23:22:21.522 | [GameAnalyzerEnd] OVERLORD          total:   5 alive:   5 dead:   0 
2024-11-24 23:22:21.523 | [GameAnalyzerEnd] DRONE             total:   3 alive:   3 dead:   0 
2024-11-24 23:22:21.524 | [GameAnalyzerEnd] INFESTOR          total:   3 alive:   3 dead:   0 
2024-11-24 23:22:21.525 | [GameAnalyzerEnd] RAVAGER           total:   2 alive:   2 dead:   0 
2024-11-24 23:22:21.526 | [GameAnalyzerEnd] HATCHERY          total:   1 alive:   1 dead:   0 
2024-11-24 23:22:21.526 | [GameAnalyzerEnd] QUEEN             total:   1 alive:   1 dead:   0 
2024-11-24 23:22:21.528 | [GameAnalyzerEnd] Minerals max 5339 Average 1201
2024-11-24 23:22:21.529 | [GameAnalyzerEnd] Vespene max 757 Average 234
2024-11-24 23:22:21.529 | INFO     | sc2.main:_play_game:228 - Result for player 1 - Bot LadderBot(Terran): Defeat
2024-11-24 23:22:23.868 | INFO     | sc2.protocol:__request:48 - Cannot receive: Game has already ended.
2024-11-24 23:22:23.870 | INFO     | sc2.sc2process:_close_connection:231 - Closing connection at 55449...
2024-11-24 23:22:23.871 | INFO     | sc2.sc2process:kill_all:33 - kill_switch: Process cleanup for 1 processes
