2024-11-22 14:39:11.349 | INFO     | sc2.protocol:_execute:72 - Client status changed to Status.launched (was None)
2024-11-22 14:39:11.350 | INFO     | sc2.controller:create_game:37 - Creating new game
2024-11-22 14:39:11.351 | INFO     | sc2.controller:create_game:38 - Map:     Gresvan513AIE
2024-11-22 14:39:11.352 | INFO     | sc2.controller:create_game:39 - Players: Bot LadderBot(Terran), Computer VeryHard(Zerg, RandomBuild)
2024-11-22 14:39:11.354 | INFO     | sc2.protocol:_execute:72 - Client status changed to Status.init_game (was Status.launched)
2024-11-22 14:39:23.430 | INFO     | sc2.protocol:_execute:72 - Client status changed to Status.in_game (was None)
2024-11-22 14:39:23.431 | INFO     | sc2.main:_play_game:221 - Player 1 - Bot LadderBot(Terran)
2024-11-22 14:39:24.228 | 00:00    0ms    0M    0G  12/ 15U [Version] 5.0.13.92440
2024-11-22 14:39:24.229 | 00:00    0ms    0M    0G  12/ 15U [Version] 5.0.6 Balance mod recognized.
2024-11-22 14:39:24.355 | 00:00    0ms    0M    0G  12/ 15U [ZoneManager] Map set to: MapName.Unknown from name: GresvanAIE and hash: 3547936.
2024-11-22 14:39:25.897 | 00:00    0ms    0M    0G  12/ 15U [Build] Att at 60
2024-11-22 14:39:25.959 | [Start] My race: Terran
2024-11-22 14:39:25.960 | [Start] Opponent race: Zerg
2024-11-22 14:39:25.960 | [Start] OpponentId: None
2024-11-22 14:39:26.375 | 00:00   19ms    0M    0G  13/ 15U [GameAnalyzer] Income advantage is now SlightDisadvantage
2024-11-22 14:39:26.502 | 00:01   15ms    0M    0G  13/ 15U [GameAnalyzer] Income advantage is now Even
2024-11-22 14:39:28.663 | 00:09   18ms   85M    0G  13/ 15U [GameAnalyzer] Income advantage is now SlightDisadvantage
2024-11-22 14:39:28.721 | 00:09   16ms   95M    0G  13/ 15U [GameAnalyzer] Income advantage is now Even
2024-11-22 14:39:29.980 | 00:14   15ms    0M    0G  13/ 15U [ActUnit] SCV from COMMANDCENTER at (38.5, 121.5)
2024-11-22 14:39:33.331 | 00:27   19ms  110M    0G  14/ 15U [ActUnit] SCV from COMMANDCENTER at (38.5, 121.5)
2024-11-22 14:39:36.831 | 00:39   17ms   65M    0G  15/ 23U [ActUnit] SCV from COMMANDCENTER at (38.5, 121.5)
2024-11-22 14:39:40.355 | 00:51   18ms  190M    0G  16/ 23U [ActUnit] SCV from COMMANDCENTER at (38.5, 121.5)
2024-11-22 14:39:44.000 | 01:03   21ms  315M    0G  17/ 23U [ActUnit] SCV from COMMANDCENTER at (38.5, 121.5)
2024-11-22 14:39:45.528 | 01:08   22ms  400M    0G  18/ 23U [Expand] Expanding to (36.5, 89.5)
2024-11-22 14:39:46.573 | 01:10   20ms   15M    0G  18/ 23U [GameAnalyzer] Income advantage is now SmallDisadvantage
2024-11-22 14:39:46.793 | 01:11   27ms   25M    0G  18/ 23U [GameAnalyzer] Income advantage is now SlightDisadvantage
2024-11-22 14:39:47.018 | 01:12   23ms   30M    0G  18/ 23U [GameAnalyzer] Income advantage is now SmallDisadvantage
2024-11-22 14:39:47.170 | 01:12   26ms   40M    0G  18/ 23U [GameAnalyzer] Income advantage is now SlightDisadvantage
2024-11-22 14:39:47.244 | 01:12   98ms   40M    0G  18/ 23U [GameAnalyzer] Income advantage is now SmallDisadvantage
2024-11-22 14:39:47.628 | 01:13   26ms   65M    0G  18/ 23U [GameAnalyzer] Income advantage is now SlightDisadvantage
2024-11-22 14:39:47.782 | 01:14   25ms   65M    0G  18/ 23U [ChatManager] Tag:E_overlord
2024-11-22 14:39:47.871 | 01:14   27ms   70M    0G  18/ 23U [GameAnalyzer] Income advantage is now SmallDisadvantage
2024-11-22 14:39:48.103 | 01:15   26ms   85M    0G  18/ 23U [GameAnalyzer] Income advantage is now SlightDisadvantage
2024-11-22 14:39:48.263 | 01:15   27ms   85M    0G  18/ 23U [GameAnalyzer] Income advantage is now SmallDisadvantage
2024-11-22 14:39:48.352 | 01:15   29ms   85M    0G  18/ 23U [GameAnalyzer] Income advantage is now Even
2024-11-22 14:39:48.513 | 01:16   25ms   50M    0G  18/ 23U [ActUnit] SCV from COMMANDCENTER at (38.5, 121.5)
2024-11-22 14:39:48.757 | 01:16   26ms   55M    0G  19/ 23U [GameAnalyzer] Income advantage is now SmallDisadvantage
2024-11-22 14:39:48.843 | 01:17   28ms   55M    0G  19/ 23U [GameAnalyzer] Predicted army advantage is now SlightDisadvantage
2024-11-22 14:39:48.924 | 01:17   31ms   65M    0G  19/ 23U [GameAnalyzer] Income advantage is now Even
2024-11-22 14:39:51.454 | 01:24   29ms  170M    0G  19/ 23U [GameAnalyzer] Income advantage is now SlightDisadvantage
2024-11-22 14:39:51.616 | 01:24   31ms  170M    0G  19/ 23U [GameAnalyzer] Income advantage is now Even
2024-11-22 14:39:52.064 | 01:25   29ms  185M    0G  19/ 23U [GameAnalyzer] Income advantage is now SlightDisadvantage
2024-11-22 14:39:52.230 | 01:25   30ms  200M    0G  19/ 23U [GameAnalyzer] Income advantage is now Even
2024-11-22 14:39:52.314 | 01:26   30ms  160M    0G  19/ 23U [TerranUnit] MARINE from BARRACKS at (39.5, 113.5)
2024-11-22 14:39:52.556 | 01:26   28ms   60M    0G  20/ 23U [GameAnalyzer] Income advantage is now SlightDisadvantage
2024-11-22 14:39:52.717 | 01:27   31ms   65M    0G  20/ 23U [GameAnalyzer] Income advantage is now Even
2024-11-22 14:39:52.957 | 01:27   29ms   75M    0G  20/ 23U [GameAnalyzer] Income advantage is now SlightDisadvantage
2024-11-22 14:39:53.036 | 01:28   29ms   85M    0G  20/ 23U [GameAnalyzer] Income advantage is now Even
2024-11-22 14:39:53.432 | 01:29   31ms   95M    0G  20/ 23U [GameAnalyzer] Income advantage is now SlightDisadvantage
2024-11-22 14:39:53.514 | 01:29   29ms  100M    0G  20/ 23U [GameAnalyzer] Income advantage is now Even
2024-11-22 14:39:54.060 | 01:30   30ms  125M    0G  20/ 23U [GameAnalyzer] Income advantage is now SlightDisadvantage
2024-11-22 14:39:54.143 | 01:31   29ms  130M    0G  20/ 23U [GameAnalyzer] Income advantage is now Even
2024-11-22 14:39:54.475 | 01:31   31ms  130M    0G  20/ 23U [GameAnalyzer] Income advantage is now SlightDisadvantage
2024-11-22 14:39:54.556 | 01:32   31ms  135M    0G  20/ 23U [GameAnalyzer] Income advantage is now Even
2024-11-22 14:39:54.722 | 01:32   33ms  150M    0G  20/ 23U [GameAnalyzer] Income advantage is now SlightDisadvantage
2024-11-22 14:39:54.962 | 01:33   33ms  170M    0G  20/ 23U [GameAnalyzer] Income advantage is now Even
2024-11-22 14:39:55.376 | 01:34   29ms  175M    0G  20/ 23U [GameAnalyzer] Income advantage is now SlightDisadvantage
2024-11-22 14:39:55.454 | 01:34   34ms  180M    0G  20/ 23U [GameAnalyzer] Income advantage is now Even
2024-11-22 14:39:55.768 | 01:35   32ms  200M    0G  20/ 23U [GameAnalyzer] Income advantage is now SlightDisadvantage
2024-11-22 14:39:55.845 | 01:35   33ms   50M    0G  20/ 23U [GameAnalyzer] Income advantage is now Even
2024-11-22 14:39:56.152 | 01:36   28ms   55M    0G  20/ 23U [GameAnalyzer] Income advantage is now SlightDisadvantage
2024-11-22 14:39:56.308 | 01:36   28ms   70M    0G  20/ 23U [GameAnalyzer] Income advantage is now Even
2024-11-22 14:39:57.163 | 01:39   33ms   10M    0G  20/ 23U [GameAnalyzer] Income advantage is now SlightDisadvantage
2024-11-22 14:39:57.241 | 01:39   28ms   15M    0G  20/ 23U [GameAnalyzer] Income advantage is now Even
2024-11-22 14:39:57.398 | 01:40   31ms   20M    0G  20/ 23U [GameAnalyzer] Income advantage is now SlightDisadvantage
2024-11-22 14:39:57.553 | 01:40   28ms   30M    0G  20/ 23U [GameAnalyzer] Income advantage is now Even
2024-11-22 14:39:57.934 | 01:41  102ms   40M    0G  20/ 23U [GameAnalyzer] Income advantage is now SlightDisadvantage
2024-11-22 14:39:58.095 | 01:41   29ms   45M    0G  20/ 23U [GameAnalyzer] Income advantage is now Even
2024-11-22 14:39:58.704 | 01:43   28ms   70M    0G  20/ 23U [GameAnalyzer] Income advantage is now SlightDisadvantage
2024-11-22 14:39:58.786 | 01:43   30ms   80M    0G  20/ 23U [GameAnalyzer] Income advantage is now Even
2024-11-22 14:39:58.792 | 01:43   30ms    5M    0G  20/ 23U [BuildGas] Building REFINERY to (45.5, 124.5)
2024-11-22 14:39:58.879 | 01:44   35ms   10M    0G  20/ 23U [GameAnalyzer] Income advantage is now SlightDisadvantage
2024-11-22 14:39:58.880 | 01:44   35ms   10M    0G  20/ 23U [GameAnalyzer] Known army advantage is now SlightAdvantage
2024-11-22 14:39:59.119 | 01:44   33ms   20M    0G  20/ 23U [GameAnalyzer] Income advantage is now Even
2024-11-22 14:39:59.279 | 01:45   31ms   20M    0G  20/ 23U [GameAnalyzer] Income advantage is now SlightDisadvantage
2024-11-22 14:39:59.364 | 01:45   36ms   30M    0G  20/ 23U [GameAnalyzer] Income advantage is now Even
2024-11-22 14:39:59.533 | 01:45   34ms   30M    0G  20/ 23U [GameAnalyzer] Income advantage is now SlightDisadvantage
2024-11-22 14:39:59.616 | 01:46   36ms   35M    0G  20/ 23U [GameAnalyzer] Income advantage is now Even
2024-11-22 14:39:59.775 | 01:46   31ms   40M    0G  20/ 23U [GameAnalyzer] Income advantage is now SlightDisadvantage
2024-11-22 14:40:00.209 | 01:47   42ms   50M    0G  20/ 23U [GameAnalyzer] Income advantage is now Even
2024-11-22 14:40:00.384 | 01:47   39ms   60M    0G  20/ 23U [GameAnalyzer] Income advantage is now SlightDisadvantage
2024-11-22 14:40:00.544 | 01:48   30ms   75M    0G  20/ 23U [GameAnalyzer] Income advantage is now Even
2024-11-22 14:40:00.784 | 01:48   30ms   75M    0G  20/ 23U [GameAnalyzer] Income advantage is now SlightDisadvantage
2024-11-22 14:40:01.025 | 01:49   30ms   85M    0G  20/ 23U [GameAnalyzer] Income advantage is now Even
2024-11-22 14:40:01.107 | 01:49   33ms   85M    0G  20/ 23U [GameAnalyzer] Income advantage is now SlightDisadvantage
2024-11-22 14:40:01.417 | 01:50   34ms   55M    0G  20/ 23U [TerranUnit] MARINE from BARRACKS at (39.5, 113.5)
2024-11-22 14:40:01.509 | 01:50   35ms   55M    0G  21/ 23U [PlanZoneAttackAllIn] Supply is 21 -> attack!
2024-11-22 14:40:01.510 | 01:50   35ms   55M    0G  21/ 23U [PlanZoneAttackAllIn] Attack started at 0.00 power.
2024-11-22 14:40:01.593 | 01:51   33ms   55M    0G  21/ 23U [PlanZoneAttackAllIn] No attacking units, starting retreat
2024-11-22 14:40:01.751 | 01:51   31ms   60M    0G  21/ 23U [GameAnalyzer] Income advantage is now Even
2024-11-22 14:40:01.924 | 01:52   36ms   65M    0G  21/ 31U [GameAnalyzer] Income advantage is now SlightDisadvantage
2024-11-22 14:40:02.008 | 01:52   35ms   70M    0G  21/ 31U [GameAnalyzer] Income advantage is now Even
2024-11-22 14:40:02.165 | 01:52   32ms   80M    0G  21/ 31U [GameAnalyzer] Income advantage is now SlightDisadvantage
2024-11-22 14:40:02.397 | 01:53   32ms   85M    0G  21/ 31U [GameAnalyzer] Income advantage is now Even
2024-11-22 14:40:02.699 | 01:54   31ms   85M    0G  21/ 31U [GameAnalyzer] Income advantage is now SlightDisadvantage
2024-11-22 14:40:02.777 | 01:54   30ms   90M    0G  21/ 31U [GameAnalyzer] Income advantage is now Even
2024-11-22 14:40:03.008 | 01:54   29ms  105M    0G  21/ 31U [GameAnalyzer] Income advantage is now SlightDisadvantage
2024-11-22 14:40:03.088 | 01:55   32ms  115M    0G  21/ 31U [GameAnalyzer] Income advantage is now Even
2024-11-22 14:40:03.784 | 01:57   30ms  135M    0G  21/ 31U [GameAnalyzer] Income advantage is now SlightDisadvantage
2024-11-22 14:40:03.863 | 01:57   36ms  145M    0G  21/ 31U [GameAnalyzer] Income advantage is now Even
2024-11-22 14:40:04.330 | 01:58   30ms  150M    0G  21/ 31U [GameAnalyzer] Income advantage is now SlightDisadvantage
2024-11-22 14:40:04.406 | 01:58   37ms  150M    0G  21/ 31U [GameAnalyzer] Income advantage is now Even
2024-11-22 14:40:04.565 | 01:59   32ms  160M    0G  21/ 31U [GameAnalyzer] Income advantage is now SlightDisadvantage
2024-11-22 14:40:04.643 | 01:59   35ms  170M    0G  21/ 31U [GameAnalyzer] Income advantage is now Even
2024-11-22 14:40:04.810 | 01:59   31ms  180M    0G  21/ 31U [GameAnalyzer] Income advantage is now SlightDisadvantage
2024-11-22 14:40:04.887 | 02:00   37ms  185M    0G  21/ 31U [GameAnalyzer] Income advantage is now Even
2024-11-22 14:40:04.967 | 02:00   32ms  135M    0G  21/ 31U [ActUnit] SCV from COMMANDCENTER at (38.5, 121.5)
2024-11-22 14:40:05.074 | 02:00   34ms  135M    0G  22/ 31U [GameAnalyzer] Income advantage is now SlightDisadvantage
2024-11-22 14:40:05.149 | 02:00   35ms  135M    0G  22/ 31U [GameAnalyzer] Income advantage is now Even
2024-11-22 14:40:05.453 | 02:01   30ms  145M    0G  22/ 31U [GameAnalyzer] Income advantage is now SlightDisadvantage
2024-11-22 14:40:05.535 | 02:01   34ms  150M    0G  22/ 31U [GameAnalyzer] Income advantage is now Even
2024-11-22 14:40:05.845 | 02:02   35ms  165M    0G  22/ 31U [GameAnalyzer] Income advantage is now SlightDisadvantage
2024-11-22 14:40:05.923 | 02:02   34ms  170M    0G  22/ 31U [GameAnalyzer] Income advantage is now Even
2024-11-22 14:40:06.078 | 02:03   33ms  170M    0G  22/ 31U [GameAnalyzer] Income advantage is now SlightDisadvantage
2024-11-22 14:40:06.308 | 02:03   31ms  185M    0G  22/ 31U [GameAnalyzer] Income advantage is now Even
2024-11-22 14:40:06.629 | 02:04   33ms  195M    0G  22/ 31U [GameAnalyzer] Income advantage is now SlightDisadvantage
2024-11-22 14:40:06.709 | 02:05   32ms  200M    0G  22/ 39U [GameAnalyzer] Income advantage is now Even
2024-11-22 14:40:07.196 | 02:06   30ms   65M    0G  22/ 39U [GameAnalyzer] Income advantage is now SlightDisadvantage
2024-11-22 14:40:07.277 | 02:06   30ms   65M    0G  22/ 39U [GameAnalyzer] Income advantage is now Even
2024-11-22 14:40:07.674 | 02:07   30ms   95M    0G  22/ 39U [GameAnalyzer] Income advantage is now SlightDisadvantage
2024-11-22 14:40:07.760 | 02:07   32ms   95M    0G  22/ 39U [GameAnalyzer] Income advantage is now Even
2024-11-22 14:40:08.077 | 02:08   30ms   55M    0G  22/ 39U [TerranUnit] MARINE from BARRACKS at (39.5, 113.5)
2024-11-22 14:40:09.041 | 02:11   33ms  105M    0G  23/ 39U [PlanZoneAttackAllIn] Retreat stopped.
2024-11-22 14:40:09.123 | 02:11   39ms  105M    0G  23/ 39U [PlanZoneAttackAllIn] Supply is 23 -> attack!
2024-11-22 14:40:09.124 | 02:11   39ms  105M    0G  23/ 39U [PlanZoneAttackAllIn] Attack started at 2.00 power.
2024-11-22 14:40:09.534 | 02:12   36ms   80M    4G  23/ 39U [ActUnit] SCV from COMMANDCENTER at (38.5, 121.5)
2024-11-22 14:40:11.278 | 02:17   34ms  165M   16G  24/ 39U [GameAnalyzer] Income advantage is now SlightDisadvantage
2024-11-22 14:40:14.406 | 02:24   36ms   95M   36G  24/ 39U [ActUnit] SCV from COMMANDCENTER at (38.5, 121.5)
2024-11-22 14:40:14.714 | 02:25   38ms  105M   40G  25/ 39U [GameAnalyzer] Income advantage is now Even
2024-11-22 14:40:14.811 | 02:25   37ms  105M   40G  25/ 39U [GameAnalyzer] Income advantage is now SlightDisadvantage
2024-11-22 14:40:14.813 | 02:25   37ms  105M   40G  25/ 39U [ChatManager] Tag:E_zergling
2024-11-22 14:40:15.084 | 02:26   36ms  115M   40G  25/ 39U [GameAnalyzer] Income advantage is now Even
2024-11-22 14:40:15.085 | 02:26   36ms   65M   40G  25/ 39U [TerranUnit] MARINE from BARRACKS at (39.5, 113.5)
2024-11-22 14:40:15.184 | 02:26   42ms   70M   40G  26/ 39U [GameAnalyzer] Income advantage is now SlightDisadvantage
2024-11-22 14:40:15.717 | 02:27   37ms   95M   44G  26/ 39U [GameAnalyzer] Income advantage is now Even
2024-11-22 14:40:15.884 | 02:28   40ms   95M   44G  26/ 39U [GameAnalyzer] Income advantage is now SlightDisadvantage
2024-11-22 14:40:16.158 | 02:28   39ms  110M   48G  26/ 54U [GameAnalyzer] Income advantage is now Even
2024-11-22 14:40:16.250 | 02:29   37ms  110M   48G  26/ 54U [GameAnalyzer] Income advantage is now SlightDisadvantage
2024-11-22 14:40:16.526 | 02:29   36ms  120M   48G  26/ 54U [GameAnalyzer] Income advantage is now Even
2024-11-22 14:40:16.883 | 02:30   36ms  120M   52G  26/ 54U [GameAnalyzer] Income advantage is now SlightDisadvantage
2024-11-22 14:40:17.070 | 02:31   38ms  160M   52G  26/ 54U [GameAnalyzer] Income advantage is now Even
2024-11-22 14:40:17.256 | 02:31   41ms  170M   56G  26/ 54U [GameAnalyzer] Income advantage is now SlightDisadvantage
2024-11-22 14:40:17.534 | 02:32   40ms  180M   56G  26/ 54U [GameAnalyzer] Income advantage is now Even
2024-11-22 14:40:17.898 | 02:32   42ms  185M   60G  26/ 54U [GameAnalyzer] Income advantage is now SlightDisadvantage
2024-11-22 14:40:18.088 | 02:33   39ms  205M   60G  26/ 54U [GameAnalyzer] Income advantage is now Even
2024-11-22 14:40:18.364 | 02:34   37ms   60M   60G  26/ 54U [GameAnalyzer] Income advantage is now SlightDisadvantage
2024-11-22 14:40:18.539 | 02:34   36ms   60M   64G  26/ 54U [GameAnalyzer] Income advantage is now Even
2024-11-22 14:40:18.984 | 02:35   38ms   75M   64G  26/ 54U [GameAnalyzer] Income advantage is now SlightDisadvantage
2024-11-22 14:40:19.597 | 02:37   36ms  105M   72G  26/ 54U [GameAnalyzer] Income advantage is now Even
2024-11-22 14:40:19.599 | 02:37   36ms   55M   72G  26/ 54U [ActUnit] SCV from COMMANDCENTER at (38.5, 121.5)
2024-11-22 14:40:19.870 | 02:37   41ms   55M   72G  27/ 54U [GameAnalyzer] Income advantage is now SlightDisadvantage
2024-11-22 14:40:20.135 | 02:38   42ms  110M   72G  27/ 54U [GameAnalyzer] Income advantage is now Even
2024-11-22 14:40:20.494 | 02:39   38ms  110M   76G  27/ 54U [GameAnalyzer] Income advantage is now SlightDisadvantage
2024-11-22 14:40:20.762 | 02:39   38ms  120M   76G  27/ 54U [GameAnalyzer] Income advantage is now Even
2024-11-22 14:40:21.041 | 02:40   37ms  130M   80G  27/ 54U [GameAnalyzer] Income advantage is now SlightDisadvantage
2024-11-22 14:40:21.309 | 02:41   38ms  150M   80G  27/ 54U [GameAnalyzer] Income advantage is now Even
2024-11-22 14:40:21.652 | 02:41  112ms  150M   84G  27/ 54U [GameAnalyzer] Income advantage is now SlightDisadvantage
2024-11-22 14:40:21.833 | 02:42   41ms  165M   84G  27/ 54U [GameAnalyzer] Income advantage is now Even
2024-11-22 14:40:22.015 | 02:42   38ms  170M   84G  27/ 54U [GameAnalyzer] Income advantage is now SlightDisadvantage
2024-11-22 14:40:22.192 | 02:43   39ms  180M   88G  27/ 54U [GameAnalyzer] Income advantage is now Even
2024-11-22 14:40:22.564 | 02:44   40ms  185M   88G  27/ 54U [GameAnalyzer] Income advantage is now SlightDisadvantage
2024-11-22 14:40:22.663 | 02:44   44ms  140M   88G  27/ 54U [TerranUnit] MARINE from BARRACKS at (39.5, 113.5)
2024-11-22 14:40:22.763 | 02:44   47ms  150M   92G  28/ 54U [GameAnalyzer] Income advantage is now Even
2024-11-22 14:40:22.862 | 02:44   43ms  150M   92G  28/ 54U [GameAnalyzer] Income advantage is now SlightDisadvantage
2024-11-22 14:40:23.312 | 02:45   42ms  190M   92G  28/ 54U [GameAnalyzer] Income advantage is now Even
2024-11-22 14:40:23.596 | 02:46   40ms   55M   96G  28/ 54U [GameAnalyzer] Income advantage is now SlightDisadvantage
2024-11-22 14:40:23.779 | 02:46   36ms   60M   96G  28/ 54U [GameAnalyzer] Income advantage is now Even
2024-11-22 14:40:23.874 | 02:46   43ms   70M   96G  28/ 54U [GameAnalyzer] Income advantage is now SlightDisadvantage
2024-11-22 14:40:23.973 | 02:47   38ms   70M   96G  28/ 54U [GameAnalyzer] Income advantage is now Even
2024-11-22 14:40:24.067 | 02:47   38ms   70M   96G  28/ 54U [GameAnalyzer] Income advantage is now SlightDisadvantage
2024-11-22 14:40:24.249 | 02:47   36ms   75M  100G  28/ 54U [GameAnalyzer] Income advantage is now Even
2024-11-22 14:40:24.525 | 02:48   37ms   80M  100G  28/ 54U [GameAnalyzer] Income advantage is now SlightDisadvantage
2024-11-22 14:40:24.816 | 02:49   39ms  105M  104G  28/ 54U [GameAnalyzer] Income advantage is now Even
2024-11-22 14:40:24.917 | 02:49   40ms   60M  104G  28/ 54U [ActUnit] SCV from COMMANDCENTER at (38.5, 121.5)
2024-11-22 14:40:25.009 | 02:49   45ms   60M  104G  29/ 54U [GameAnalyzer] Income advantage is now SlightDisadvantage
2024-11-22 14:40:25.370 | 02:50   41ms   65M  104G  29/ 54U [GameAnalyzer] Income advantage is now Even
2024-11-22 14:40:25.562 | 02:50   40ms   70M  108G  29/ 54U [GameAnalyzer] Income advantage is now SlightDisadvantage
2024-11-22 14:40:25.658 | 02:50   44ms   80M  108G  29/ 54U [GameAnalyzer] Income advantage is now Even
2024-11-22 14:40:26.055 | 02:51   45ms   95M  108G  29/ 54U [GameAnalyzer] Income advantage is now SlightDisadvantage
2024-11-22 14:40:26.151 | 02:52   40ms   95M  112G  29/ 54U [GameAnalyzer] Income advantage is now Even
2024-11-22 14:40:26.807 | 02:53   42ms  145M  116G  29/ 54U [GameAnalyzer] Income advantage is now SlightDisadvantage
2024-11-22 14:40:27.268 | 02:54   39ms  165M  116G  29/ 54U [GameAnalyzer] Income advantage is now Even
2024-11-22 14:40:27.367 | 02:54   40ms  165M  116G  29/ 54U [ChatManager] Tag:E_queen
2024-11-22 14:40:27.464 | 02:55   47ms  115M  120G  29/ 54U [TerranUnit] MARINE from BARRACKS at (46.5, 117.5)
2024-11-22 14:40:28.033 | 02:56   41ms  140M  124G  30/ 54U [GameAnalyzer] Income advantage is now SlightDisadvantage
2024-11-22 14:40:28.128 | 02:56   41ms  145M  124G  30/ 54U [GameAnalyzer] Income advantage is now Even
2024-11-22 14:40:28.699 | 02:57   43ms  160M  124G  30/ 54U [GameAnalyzer] Income advantage is now SlightDisadvantage
2024-11-22 14:40:28.801 | 02:57   42ms  165M  128G  30/ 54U [GameAnalyzer] Income advantage is now Even
2024-11-22 14:40:29.008 | 02:58   43ms  180M  128G  30/ 54U [GameAnalyzer] Income advantage is now SlightDisadvantage
2024-11-22 14:40:29.009 | 02:58   43ms  130M  128G  30/ 54U [ActUnit] SCV from COMMANDCENTER at (36.5, 89.5)
2024-11-22 14:40:29.302 | 02:59   44ms  140M  128G  31/ 54U [GameAnalyzer] Income advantage is now Even
2024-11-22 14:40:29.596 | 02:59   42ms  175M  132G  31/ 54U [GameAnalyzer] Predicted army advantage is now SmallDisadvantage
2024-11-22 14:40:29.897 | 03:00   43ms  185M  132G  31/ 54U [GameAnalyzer] Income advantage is now SlightDisadvantage
2024-11-22 14:40:30.196 | 03:01   43ms  195M  136G  31/ 54U [GameAnalyzer] Income advantage is now Even
2024-11-22 14:40:30.558 | 03:01   39ms    5M  136G  31/ 54U [ActUnit] SCV from COMMANDCENTER at (38.5, 121.5)
2024-11-22 14:40:30.759 | 03:02   39ms   10M  136G  32/ 54U [GameAnalyzer] Income advantage is now SlightDisadvantage
2024-11-22 14:40:30.760 | 03:02   39ms   10M  136G  32/ 54U [GameAnalyzer] Known army advantage is now SmallAdvantage
2024-11-22 14:40:30.760 | 03:02   39ms   10M  136G  32/ 54U [GameAnalyzer] Predicted army advantage is now SlightDisadvantage
2024-11-22 14:40:30.975 | 03:02   39ms   20M  140G  32/ 54U [GameAnalyzer] Income advantage is now SmallDisadvantage
2024-11-22 14:40:31.081 | 03:02   43ms   35M  140G  32/ 54U [GameAnalyzer] Income advantage is now SlightDisadvantage
2024-11-22 14:40:31.605 | 03:03   39ms   50M  144G  32/ 54U [BuildAddon] UnitTypeId.BARRACKSREACTOR to (42.0, 113.0)
2024-11-22 14:40:31.721 | 03:04   46ms    5M   94G  32/ 54U [GameAnalyzer] Income advantage is now Even
2024-11-22 14:40:31.821 | 03:04   42ms    5M   94G  32/ 54U [GameAnalyzer] Income advantage is now SlightDisadvantage
2024-11-22 14:40:32.023 | 03:04   38ms   15M   94G  32/ 54U [EnemyArmyPredicter] Predicting negative free minerals for enemy: -73
2024-11-22 14:40:32.024 | 03:04   38ms   15M   94G  32/ 54U [GameAnalyzer] Predicted army advantage is now SmallAdvantage
2024-11-22 14:40:32.798 | 03:06   42ms   40M   98G  32/ 54U [GameAnalyzer] Income advantage is now Even
2024-11-22 14:40:32.910 | 03:06   42ms   40M  102G  32/ 54U [GameAnalyzer] Income advantage is now SlightDisadvantage
2024-11-22 14:40:33.220 | 03:07   41ms  100M  102G  32/ 54U [GameAnalyzer] Income advantage is now SmallDisadvantage
2024-11-22 14:40:33.442 | 03:07   44ms  120M  102G  32/ 54U [GameAnalyzer] Income advantage is now SlightDisadvantage
2024-11-22 14:40:33.552 | 03:07   44ms   70M  102G  31/ 54U [TerranUnit] MARINE from BARRACKS at (32.5, 113.5)
2024-11-22 14:40:33.558 | 03:07   44ms   70M  102G  31/ 54U [BuildAddon] UnitTypeId.BARRACKSREACTOR to (35.0, 113.0)
2024-11-22 14:40:33.855 | 03:08   40ms   75M  106G  32/ 54U [GameAnalyzer] Income advantage is now SmallDisadvantage
2024-11-22 14:40:33.962 | 03:08   41ms   80M  106G  32/ 54U [GameAnalyzer] Income advantage is now SlightDisadvantage
2024-11-22 14:40:34.509 | 03:09   40ms  100M  110G  32/ 54U [EnemyArmyPredicter] Predicting negative free minerals for enemy: -553
2024-11-22 14:40:34.510 | 03:09   40ms  100M  110G  32/ 54U [GameAnalyzer] Known army advantage is now Even
2024-11-22 14:40:34.511 | 03:09   40ms  100M  110G  32/ 54U [GameAnalyzer] Predicted army advantage is now Even
2024-11-22 14:40:34.803 | 03:10   39ms   55M  110G  32/ 54U [ActUnit] SCV from COMMANDCENTER at (36.5, 89.5)
2024-11-22 14:40:35.773 | 03:12   41ms   75M  118G  33/ 54U [TerranUnit] MARINE from BARRACKS at (46.5, 117.5)
2024-11-22 14:40:35.779 | 03:12   41ms   75M  118G  33/ 54U [BuildAddon] UnitTypeId.BARRACKSREACTOR to (49.0, 117.0)
2024-11-22 14:40:35.960 | 03:13   52ms   75M  118G  34/ 54U [GameAnalyzer] Income advantage is now Even
2024-11-22 14:40:36.065 | 03:13   44ms   75M  118G  34/ 54U [GameAnalyzer] Income advantage is now SlightDisadvantage
2024-11-22 14:40:36.368 | 03:13   42ms  120M  118G  34/ 54U [GameAnalyzer] Income advantage is now Even
2024-11-22 14:40:36.370 | 03:13   42ms   70M  118G  34/ 54U [ActUnit] SCV from COMMANDCENTER at (38.5, 121.5)
2024-11-22 14:40:36.564 | 03:14   43ms   75M  122G  35/ 54U [GameAnalyzer] Income advantage is now SlightDisadvantage
2024-11-22 14:40:36.870 | 03:15   43ms   80M  122G  35/ 54U [EnemyArmyPredicter] Predicting negative free minerals for enemy: -430
2024-11-22 14:40:37.181 | 03:15   45ms   95M  126G  35/ 54U [GameAnalyzer] Income advantage is now Even
2024-11-22 14:40:37.342 | 03:15   49ms  105M  126G  35/ 54U [GameAnalyzer] Income advantage is now SlightDisadvantage
2024-11-22 14:40:37.564 | 03:16   45ms  120M  126G  35/ 54U [GameAnalyzer] Income advantage is now Even
2024-11-22 14:40:37.744 | 03:16   44ms  120M  126G  35/ 54U [GameAnalyzer] Income advantage is now SlightDisadvantage
2024-11-22 14:40:38.158 | 03:17   41ms  130M  130G  35/ 54U [GameAnalyzer] Income advantage is now Even
2024-11-22 14:40:38.366 | 03:17   42ms  135M  130G  35/ 54U [GameAnalyzer] Income advantage is now SlightDisadvantage
2024-11-22 14:40:38.678 | 03:18   41ms  160M  134G  35/ 54U [GameAnalyzer] Income advantage is now Even
2024-11-22 14:40:38.893 | 03:19   45ms  160M  134G  35/ 54U [GameAnalyzer] Income advantage is now SlightDisadvantage
2024-11-22 14:40:38.997 | 03:19   45ms  165M  134G  35/ 54U [GameAnalyzer] Income advantage is now Even
2024-11-22 14:40:39.203 | 03:19   43ms  190M  134G  35/ 54U [GameAnalyzer] Income advantage is now SlightDisadvantage
2024-11-22 14:40:39.505 | 03:20  118ms  195M  138G  35/ 54U [EnemyArmyPredicter] Predicting negative free minerals for enemy: -307
2024-11-22 14:40:39.820 | 03:20   42ms  230M  138G  35/ 54U [GameAnalyzer] Income advantage is now Even
2024-11-22 14:40:40.031 | 03:21   41ms  260M  142G  35/ 54U [GameAnalyzer] Income advantage is now SlightDisadvantage
2024-11-22 14:40:40.337 | 03:22   43ms  265M  142G  35/ 54U [GameAnalyzer] Income advantage is now Even
2024-11-22 14:40:40.450 | 03:22   45ms  265M  142G  35/ 54U [GameAnalyzer] Income advantage is now SlightDisadvantage
2024-11-22 14:40:40.651 | 03:22   41ms  285M  142G  35/ 54U [GameAnalyzer] Income advantage is now Even
2024-11-22 14:40:40.758 | 03:22   44ms  245M  146G  35/ 54U [ActUnit] SCV from COMMANDCENTER at (36.5, 89.5)
2024-11-22 14:40:41.053 | 03:23   43ms  245M  146G  36/ 54U [GameAnalyzer] Income advantage is now SlightDisadvantage
2024-11-22 14:40:41.266 | 03:23   46ms  255M  146G  36/ 54U [GameAnalyzer] Income advantage is now Even
2024-11-22 14:40:41.692 | 03:24   44ms  260M  150G  36/ 54U [GameAnalyzer] Income advantage is now SlightDisadvantage
2024-11-22 14:40:42.012 | 03:25   42ms  290M  150G  36/ 54U [EnemyArmyPredicter] Predicting negative free minerals for enemy: -184
2024-11-22 14:40:42.013 | 03:25   42ms  290M  150G  36/ 54U [GameAnalyzer] Income advantage is now Even
2024-11-22 14:40:42.247 | 03:25   47ms  300M  154G  36/ 54U [GameAnalyzer] Known army advantage is now SlightAdvantage
2024-11-22 14:40:42.248 | 03:25   47ms  300M  154G  36/ 54U [GameAnalyzer] Predicted army advantage is now SlightAdvantage
2024-11-22 14:40:42.249 | 03:25   47ms  250M  154G  36/ 54U [TerranUnit] MARINE from BARRACKS at (32.5, 113.5)
2024-11-22 14:40:42.256 | 03:25   47ms  250M  154G  36/ 54U [BuildAddon] UnitTypeId.BARRACKSREACTOR to (35.0, 113.0)
2024-11-22 14:40:42.481 | 03:26   44ms  205M  154G  37/ 54U [ActUnit] SCV from COMMANDCENTER at (38.5, 121.5)
2024-11-22 14:40:42.894 | 03:26   47ms  230M  154G  38/ 54U [GameAnalyzer] Income advantage is now SlightDisadvantage
2024-11-22 14:40:43.108 | 03:27   44ms  260M  158G  38/ 54U [GameAnalyzer] Income advantage is now Even
2024-11-22 14:40:43.541 | 03:28   44ms  265M  158G  38/ 54U [GameAnalyzer] Income advantage is now SlightDisadvantage
2024-11-22 14:40:43.656 | 03:28   49ms  305M  158G  38/ 54U [GameAnalyzer] Income advantage is now Even
2024-11-22 14:40:44.100 | 03:29   45ms  315M  162G  38/ 54U [GameAnalyzer] Income advantage is now SlightDisadvantage
2024-11-22 14:40:44.402 | 03:29   48ms  325M  162G  38/ 54U [GameAnalyzer] Income advantage is now Even
2024-11-22 14:40:44.735 | 03:30   46ms  345M  166G  38/ 54U [EnemyArmyPredicter] Predicting negative free minerals for enemy: -61
2024-11-22 14:40:44.841 | 03:30   47ms  350M  166G  38/ 54U [GameAnalyzer] Known army advantage is now SmallAdvantage
2024-11-22 14:40:44.842 | 03:30   47ms  350M  166G  38/ 54U [GameAnalyzer] Predicted army advantage is now SmallAdvantage
2024-11-22 14:40:44.843 | 03:30   47ms  300M  166G  38/ 54U [TerranUnit] MARINE from BARRACKS at (46.5, 117.5)
2024-11-22 14:40:44.848 | 03:30   47ms  300M  166G  38/ 54U [BuildAddon] UnitTypeId.BARRACKSREACTOR to (49.0, 117.0)
2024-11-22 14:40:45.650 | 03:32   48ms  325M  170G  39/ 54U [GameAnalyzer] Income advantage is now SlightDisadvantage
2024-11-22 14:40:45.762 | 03:32   52ms  340M  170G  39/ 54U [GameAnalyzer] Income advantage is now Even
2024-11-22 14:40:46.872 | 03:34   49ms  435M  174G  39/ 54U [Expand] Expanding to (36.5, 64.5)
2024-11-22 14:40:47.101 | 03:34   42ms   35M  178G  39/ 54U [GameAnalyzer] Income advantage is now SlightDisadvantage
2024-11-22 14:40:47.219 | 03:35   48ms   40M  178G  39/ 54U [GameAnalyzer] Income advantage is now Even
2024-11-22 14:40:47.437 | 03:35   45ms   50M  178G  39/ 54U [GameAnalyzer] Predicted army advantage is now SlightAdvantage
2024-11-22 14:40:47.438 | 03:35   45ms    0M  178G  39/ 54U [ActUnit] SCV from COMMANDCENTER at (36.5, 89.5)
2024-11-22 14:40:48.173 | 03:36   43ms   30M  182G  40/ 54U [GameAnalyzer] Income advantage is now SlightDisadvantage
2024-11-22 14:40:48.285 | 03:37   48ms   30M  182G  40/ 54U [GameAnalyzer] Income advantage is now Even
2024-11-22 14:40:48.620 | 03:37   45ms   55M  186G  40/ 54U [BuildAddon] UnitTypeId.BARRACKSREACTOR to (44.0, 110.0)
2024-11-22 14:40:50.041 | 03:40   48ms   45M  144G  40/ 54U [GameAnalyzer] Income advantage is now SlightDisadvantage
2024-11-22 14:40:50.159 | 03:40   47ms  110M  144G  40/ 54U [GameAnalyzer] Income advantage is now Even
2024-11-22 14:40:50.160 | 03:40   47ms  110M  144G  40/ 54U [GameAnalyzer] Predicted army advantage is now SlightDisadvantage
2024-11-22 14:40:50.161 | 03:40   47ms   60M  144G  40/ 54U [TerranUnit] MARINE from BARRACKS at (39.5, 113.5)
2024-11-22 14:40:50.164 | 03:40   47ms   10M  144G  40/ 54U [ActUnit] SCV from COMMANDCENTER at (38.5, 121.5)
2024-11-22 14:40:50.746 | 03:41   47ms   30M  144G  42/ 54U [GameAnalyzer] Income advantage is now SlightDisadvantage
2024-11-22 14:40:50.855 | 03:42   48ms   45M  148G  42/ 54U [GameAnalyzer] Income advantage is now Even
2024-11-22 14:40:51.742 | 03:43   46ms   85M  152G  42/ 54U [BuildAddon] UnitTypeId.BARRACKSREACTOR to (35.0, 113.0)
2024-11-22 14:40:52.542 | 03:45   48ms   60M  106G  42/ 54U [GameAnalyzer] Income advantage is now SmallAdvantage
2024-11-22 14:40:52.665 | 03:45   52ms   65M  106G  42/ 54U [GameAnalyzer] Income advantage is now SlightAdvantage
2024-11-22 14:40:52.977 | 03:45   47ms   80M  106G  42/ 54U [GameAnalyzer] Predicted army advantage is now SmallDisadvantage
2024-11-22 14:40:53.095 | 03:46  123ms   85M  106G  42/ 54U [GameAnalyzer] Income advantage is now SmallAdvantage
2024-11-22 14:40:53.218 | 03:46   51ms   85M  106G  42/ 54U [GameAnalyzer] Income advantage is now SlightAdvantage
2024-11-22 14:40:53.345 | 03:46   52ms   90M  110G  42/ 54U [GameAnalyzer] Income advantage is now Even
2024-11-22 14:40:53.593 | 03:47   47ms   75M  110G  42/ 54U [TerranUnit] MARINE from BARRACKS at (39.5, 113.5)
2024-11-22 14:40:53.711 | 03:47   55ms   90M  110G  43/ 54U [GameAnalyzer] Income advantage is now SlightAdvantage
2024-11-22 14:40:54.079 | 03:47   49ms   80M  114G  43/ 54U [ActUnit] SCV from COMMANDCENTER at (36.5, 89.5)
2024-11-22 14:40:54.429 | 03:48   48ms   90M  114G  44/ 54U [GameAnalyzer] Income advantage is now SmallAdvantage
2024-11-22 14:40:54.430 | 03:48   48ms   90M  114G  44/ 54U [GameAnalyzer] Predicted army advantage is now SlightDisadvantage
2024-11-22 14:40:54.437 | 03:48   48ms   90M  114G  44/ 54U [BuildAddon] UnitTypeId.BARRACKSREACTOR to (49.0, 117.0)
2024-11-22 14:40:54.564 | 03:48   55ms   45M   64G  44/ 54U [GameAnalyzer] Income advantage is now SlightAdvantage
2024-11-22 14:40:54.995 | 03:49   50ms   60M   68G  44/ 54U [GameAnalyzer] Income advantage is now SmallAdvantage
2024-11-22 14:40:55.240 | 03:49   49ms   65M   68G  44/ 54U [BuildAddon] UnitTypeId.BARRACKSREACTOR to (37.0, 110.0)
2024-11-22 14:40:55.363 | 03:50   53ms   20M   18G  44/ 54U [GameAnalyzer] Income advantage is now SlightAdvantage
2024-11-22 14:40:55.487 | 03:50   51ms   20M   18G  44/ 54U [GameAnalyzer] Income advantage is now Even
2024-11-22 14:40:55.650 | 03:50   58ms   35M   18G  44/ 54U [GameAnalyzer] Income advantage is now SmallAdvantage
2024-11-22 14:40:55.898 | 03:51   52ms   50M   22G  44/ 54U [GameAnalyzer] Income advantage is now SlightAdvantage
2024-11-22 14:40:55.899 | 03:51   52ms   50M   22G  44/ 54U [GameAnalyzer] Predicted army advantage is now SmallDisadvantage
2024-11-22 14:40:56.375 | 03:51   52ms   70M   22G  44/ 54U [GameAnalyzer] Income advantage is now SmallAdvantage
2024-11-22 14:40:56.505 | 03:52   50ms   75M   22G  44/ 54U [GameAnalyzer] Income advantage is now SlightAdvantage
2024-11-22 14:40:56.703 | 03:52   50ms   80M   26G  44/ 54U [GameAnalyzer] Income advantage is now SmallAdvantage
2024-11-22 14:40:56.830 | 03:52   52ms   85M   26G  44/ 54U [GameAnalyzer] Income advantage is now SlightAdvantage
2024-11-22 14:40:57.072 | 03:53   48ms  120M   26G  44/ 54U [GameAnalyzer] Income advantage is now SmallAdvantage
2024-11-22 14:40:57.076 | 03:53   48ms   70M   26G  44/ 54U [ActUnit] SCV from COMMANDCENTER at (38.5, 121.5)
2024-11-22 14:40:57.919 | 03:54   54ms   25M   30G  45/ 54U [GameAnalyzer] Income advantage is now SlightAdvantage
2024-11-22 14:40:58.277 | 03:55   51ms   45M   34G  45/ 54U [GameAnalyzer] Income advantage is now SmallAdvantage
2024-11-22 14:40:58.596 | 03:55   47ms   60M   34G  45/ 54U [GameAnalyzer] Income advantage is now SlightAdvantage
2024-11-22 14:41:00.244 | 03:58   50ms   35M   42G  45/ 54U [GameAnalyzer] Income advantage is now SmallAdvantage
2024-11-22 14:41:00.245 | 03:58   50ms   35M   42G  45/ 54U [GameAnalyzer] Known army advantage is now ClearAdvantage
2024-11-22 14:41:00.378 | 03:58   54ms   35M   42G  45/ 54U [GameAnalyzer] Income advantage is now SlightAdvantage
2024-11-22 14:41:00.765 | 03:59   51ms   70M   42G  45/ 54U [GameAnalyzer] Income advantage is now SmallAdvantage
2024-11-22 14:41:00.899 | 03:59   52ms   70M   46G  45/ 54U [GameAnalyzer] Income advantage is now SlightAdvantage
2024-11-22 14:41:01.164 | 04:00   49ms   35M   46G  45/ 54U [ActUnit] SCV from COMMANDCENTER at (36.5, 89.5)
2024-11-22 14:41:01.296 | 04:00   60ms   45M   46G  46/ 54U [GameAnalyzer] Income advantage is now SmallAdvantage
2024-11-22 14:41:01.548 | 04:00   50ms   55M   46G  46/ 54U [GameAnalyzer] Income advantage is now SlightAdvantage
2024-11-22 14:41:01.814 | 04:01   55ms  100M   50G  46/ 54U [GameAnalyzer] Predicted army advantage is now ClearDisadvantage
2024-11-22 14:41:02.013 | 04:01   55ms    5M   50G  46/ 54U [GameAnalyzer] Income advantage is now SmallAdvantage
2024-11-22 14:41:02.411 | 04:02   58ms  115M   50G  46/ 54U [GameAnalyzer] Income advantage is now SlightAdvantage
2024-11-22 14:41:02.413 | 04:02   58ms   65M   50G  46/ 54U [TerranUnit] MARINE from BARRACKS at (39.5, 113.5)
2024-11-22 14:41:03.008 | 04:03   51ms  100M   54G  47/ 54U [GameAnalyzer] Income advantage is now SmallAdvantage
2024-11-22 14:41:03.140 | 04:03   57ms    5M   54G  47/ 54U [GameAnalyzer] Income advantage is now SlightAdvantage
2024-11-22 14:41:03.513 | 04:03   53ms   20M   54G  47/ 54U [GameAnalyzer] Income advantage is now SmallAdvantage
2024-11-22 14:41:03.642 | 04:04   49ms   20M   58G  47/ 54U [GameAnalyzer] Income advantage is now SlightAdvantage
2024-11-22 14:41:04.093 | 04:04   48ms   35M   58G  47/ 54U [GameAnalyzer] Predicted army advantage is now SmallDisadvantage
2024-11-22 14:41:04.223 | 04:05   53ms   45M   58G  47/ 54U [GameAnalyzer] Income advantage is now SmallAdvantage
2024-11-22 14:41:04.359 | 04:05   54ms    0M   58G  47/ 54U [ActUnit] SCV from COMMANDCENTER at (38.5, 121.5)
2024-11-22 14:41:04.739 | 04:05   53ms   35M   62G  48/ 54U [GameAnalyzer] Income advantage is now SlightAdvantage
2024-11-22 14:41:04.998 | 04:06   49ms   50M   62G  48/ 54U [GameAnalyzer] Predicted army advantage is now ClearDisadvantage
2024-11-22 14:41:05.391 | 04:07   50ms  175M   66G  48/ 54U [GameAnalyzer] Income advantage is now SmallAdvantage
2024-11-22 14:41:05.392 | 04:07   50ms  125M   66G  48/ 54U [TerranUnit] MARINE from BARRACKS at (39.5, 113.5)
2024-11-22 14:41:05.524 | 04:07   62ms  125M   66G  49/ 54U [GameAnalyzer] Income advantage is now SlightAdvantage
2024-11-22 14:41:05.727 | 04:07   57ms  130M   66G  49/ 54U [GameAnalyzer] Income advantage is now SmallAdvantage
2024-11-22 14:41:06.130 | 04:08   54ms  180M   66G  49/ 54U [GameAnalyzer] Income advantage is now SlightAdvantage
2024-11-22 14:41:06.525 | 04:08   52ms  200M   70G  49/ 54U [GameAnalyzer] Income advantage is now SmallAdvantage
2024-11-22 14:41:07.645 | 04:10   55ms  235M   74G  49/ 54U [GameAnalyzer] Income advantage is now SlightAdvantage
2024-11-22 14:41:08.174 | 04:11   52ms  290M   78G  49/ 54U [GameAnalyzer] Income advantage is now SmallAdvantage
2024-11-22 14:41:08.707 | 04:12   52ms  310M   78G  49/ 54U [GameAnalyzer] Income advantage is now SlightAdvantage
2024-11-22 14:41:08.709 | 04:12   52ms  260M   78G  49/ 54U [ActUnit] SCV from COMMANDCENTER at (36.5, 89.5)
2024-11-22 14:41:08.846 | 04:12   60ms  275M   78G  50/ 54U [GameAnalyzer] Income advantage is now SmallAdvantage
2024-11-22 14:41:09.462 | 04:13   54ms  240M   82G  50/ 54U [TerranUnit] MARINE from BARRACKS at (41.5, 110.5)
2024-11-22 14:41:09.601 | 04:13   60ms   95M   82G  51/ 54U [TerranUnit] MARINE from BARRACKS at (41.5, 110.5)
2024-11-22 14:41:09.870 | 04:14   52ms    5M   82G  52/ 54U [GameAnalyzer] Income advantage is now SlightAdvantage
2024-11-22 14:41:10.135 | 04:14   53ms   25M   86G  52/ 54U [GameAnalyzer] Income advantage is now SmallAdvantage
2024-11-22 14:41:10.274 | 04:14   52ms   25M   86G  52/ 54U [GameAnalyzer] Income advantage is now SlightAdvantage
2024-11-22 14:41:10.409 | 04:15   53ms   30M   86G  52/ 54U [GameAnalyzer] Income advantage is now SmallAdvantage
2024-11-22 14:41:10.759 | 04:15   54ms   40M   86G  52/ 54U [GameAnalyzer] Income advantage is now SlightAdvantage
2024-11-22 14:41:11.023 | 04:16   56ms   80M   90G  52/ 54U [GameAnalyzer] Income advantage is now SmallAdvantage
2024-11-22 14:41:11.566 | 04:16   55ms  100M   90G  52/ 54U [GameAnalyzer] Income advantage is now SlightAdvantage
2024-11-22 14:41:11.704 | 04:17   56ms    5M   90G  52/ 54U [GameAnalyzer] Income advantage is now SmallAdvantage
2024-11-22 14:41:12.291 | 04:18   63ms    5M   94G  52/ 54U [ActUnit] SCV from COMMANDCENTER at (38.5, 121.5)
2024-11-22 14:41:13.009 | 04:19   49ms   30M   98G  53/ 54U [GameAnalyzer] Income advantage is now SlightAdvantage
2024-11-22 14:41:13.268 | 04:19   50ms  140M   98G  53/ 54U [GameAnalyzer] Income advantage is now SmallAdvantage
2024-11-22 14:41:13.270 | 04:19   50ms   90M   98G  53/ 54U [TerranUnit] MARINE from BARRACKS at (32.5, 113.5)
2024-11-22 14:41:13.543 | 04:20   55ms    5M   98G  54/ 54U [GameAnalyzer] Income advantage is now SlightAdvantage
2024-11-22 14:41:13.680 | 04:20   54ms   15M   98G  54/ 54U [GameAnalyzer] Income advantage is now SmallAdvantage
2024-11-22 14:41:13.822 | 04:20   53ms   20M  102G  54/ 62U [GameAnalyzer] Income advantage is now SlightAdvantage
2024-11-22 14:41:13.955 | 04:20   55ms  130M  102G  54/ 62U [GameAnalyzer] Income advantage is now SmallAdvantage
2024-11-22 14:41:13.956 | 04:20   55ms   80M  102G  54/ 62U [TerranUnit] MARINE from BARRACKS at (39.5, 113.5)
2024-11-22 14:41:14.302 | 04:21   51ms   85M  102G  55/ 62U [GameAnalyzer] Income advantage is now SlightAdvantage
2024-11-22 14:41:14.434 | 04:21   55ms   95M  102G  55/ 62U [GameAnalyzer] Income advantage is now SmallAdvantage
2024-11-22 14:41:15.468 | 04:23   53ms   90M  106G  55/ 62U [TerranUnit] MARINE from BARRACKS at (32.5, 113.5)
2024-11-22 14:41:15.869 | 04:23   57ms  130M  110G  56/ 62U [ChatManager] Tag:E_roach
2024-11-22 14:41:16.519 | 04:24   63ms  125M  110G  56/ 62U [TerranUnit] MARINE from BARRACKS at (46.5, 117.5)
2024-11-22 14:41:16.675 | 04:24   72ms   75M  114G  57/ 62U [TerranUnit] MARINE from BARRACKS at (46.5, 117.5)
2024-11-22 14:41:16.677 | 04:24   72ms   25M  114G  57/ 62U [ActUnit] SCV from COMMANDCENTER at (36.5, 89.5)
2024-11-22 14:41:18.234 | 04:26   57ms   85M  118G  58/ 70U [GameAnalyzer] Known army advantage is now SlightAdvantage
2024-11-22 14:41:18.542 | 04:27   68ms    5M  118G  58/ 70U [GameAnalyzer] Income advantage is now SlightAdvantage
2024-11-22 14:41:18.685 | 04:27   65ms    5M  122G  57/ 70U [GameAnalyzer] Income advantage is now SmallAdvantage
2024-11-22 14:41:19.279 | 04:28   72ms   35M  122G  57/ 70U [GameAnalyzer] Known army advantage is now Even
2024-11-22 14:41:20.770 | 04:30   56ms   30M  126G  57/ 70U [ActUnit] SCV from COMMANDCENTER at (38.5, 121.5)
2024-11-22 14:41:21.644 | 04:31   64ms   85M  130G  58/ 70U [GameAnalyzer] Known army advantage is now SlightAdvantage
2024-11-22 14:41:22.161 | 04:32   63ms   95M  134G  58/ 70U [GameAnalyzer] Known army advantage is now SmallAdvantage
2024-11-22 14:41:22.311 | 04:32  139ms   90M  134G  58/ 70U [TerranUnit] MARINE from BARRACKS at (39.5, 113.5)
2024-11-22 14:41:22.614 | 04:32   64ms   60M  134G  59/ 70U [TerranUnit] MARINE from BARRACKS at (41.5, 110.5)
2024-11-22 14:41:24.236 | 04:35   64ms   70M  142G  60/ 70U [TerranUnit] MARINE from BARRACKS at (41.5, 110.5)
2024-11-22 14:41:25.267 | 04:36   59ms   55M  146G  61/ 70U [TerranUnit] MARINE from BARRACKS at (34.5, 110.5)
2024-11-22 14:41:25.603 | 04:37   59ms   20M  146G  62/ 70U [ActUnit] SCV from COMMANDCENTER at (36.5, 89.5)
2024-11-22 14:41:25.790 | 04:37   68ms   40M  146G  63/ 70U [GameAnalyzer] Known army advantage is now ClearAdvantage
2024-11-22 14:41:27.114 | 04:38   80ms  100M  150G  63/ 70U [GameAnalyzer] Predicted army advantage is now SmallDisadvantage
2024-11-22 14:41:27.526 | 04:39   69ms   80M  150G  63/ 70U [TerranUnit] MARINE from BARRACKS at (32.5, 113.5)
2024-11-22 14:41:28.311 | 04:39  171ms   60M  154G  64/ 70U [TerranUnit] MARINE from BARRACKS at (39.5, 113.5)
2024-11-22 14:41:29.400 | 04:41   68ms   60M  158G  65/ 70U [TerranUnit] MARINE from BARRACKS at (32.5, 113.5)
2024-11-22 14:41:30.262 | 04:42   68ms   55M  162G  66/ 78U [TerranUnit] MARINE from BARRACKS at (46.5, 117.5)
2024-11-22 14:41:30.268 | 04:42   68ms    5M  162G  66/ 78U [ActUnit] SCV from COMMANDCENTER at (38.5, 121.5)
2024-11-22 14:41:30.437 | 04:42   82ms   10M  162G  68/ 78U [GameAnalyzer] Income advantage is now ClearAdvantage
2024-11-22 14:41:30.600 | 04:43   69ms   10M  162G  68/ 78U [GameAnalyzer] Income advantage is now SmallAdvantage
2024-11-22 14:41:32.476 | 04:45   74ms   75M  170G  68/ 86U [TerranUnit] MARINE from BARRACKS at (46.5, 117.5)
2024-11-22 14:41:33.654 | 04:47   64ms   30M  174G  69/ 86U [GameAnalyzer] Income advantage is now ClearAdvantage
2024-11-22 14:41:33.813 | 04:47   66ms   30M  174G  69/ 86U [GameAnalyzer] Income advantage is now SmallAdvantage
2024-11-22 14:41:35.385 | 04:49   76ms   50M  178G  69/ 86U [ActUnit] SCV from COMMANDCENTER at (36.5, 89.5)
2024-11-22 14:41:36.717 | 04:51   65ms   55M  182G  70/ 86U [TerranUnit] MARINE from BARRACKS at (39.5, 113.5)
2024-11-22 14:41:37.860 | 04:52   63ms   55M  186G  71/ 94U [TerranUnit] MARINE from BARRACKS at (34.5, 110.5)
2024-11-22 14:41:38.044 | 04:52   72ms   85M  190G  72/ 94U [GameAnalyzer] Known army advantage is now OverwhelmingAdvantage
2024-11-22 14:41:38.281 | 04:53  128ms   70M  190G  72/ 94U [TerranUnit] MARINE from BARRACKS at (41.5, 110.5)
2024-11-22 14:41:38.980 | 04:53   64ms   90M  190G  73/ 94U [GameAnalyzer] Income advantage is now ClearAdvantage
2024-11-22 14:41:39.141 | 04:54   68ms   90M  194G  73/ 94U [GameAnalyzer] Income advantage is now SmallAdvantage
2024-11-22 14:41:39.300 | 04:54   66ms   95M  194G  73/ 94U [GameAnalyzer] Predicted army advantage is now SlightDisadvantage
2024-11-22 14:41:39.621 | 04:54   70ms   70M  194G  73/ 94U [TerranUnit] MARINE from BARRACKS at (41.5, 110.5)
2024-11-22 14:41:39.623 | 04:54   70ms   20M  194G  73/ 94U [ActUnit] SCV from COMMANDCENTER at (38.5, 121.5)
2024-11-22 14:41:41.168 | 04:56   70ms   85M  198G  75/109U [GameAnalyzer] Income advantage is now ClearAdvantage
2024-11-22 14:41:41.345 | 04:57   80ms   90M  202G  75/109U [GameAnalyzer] Income advantage is now SmallAdvantage
2024-11-22 14:41:41.675 | 04:57   73ms  110M  202G  75/109U [GameAnalyzer] Income advantage is now ClearAdvantage
2024-11-22 14:41:41.676 | 04:57   73ms   60M  202G  75/109U [TerranUnit] MARINE from BARRACKS at (34.5, 110.5)
2024-11-22 14:41:41.926 | 04:57   79ms   70M  202G  76/109U [GameAnalyzer] Predicted army advantage is now SmallDisadvantage
2024-11-22 14:41:42.589 | 04:58   69ms   80M  206G  76/109U [GameAnalyzer] Income advantage is now SmallAdvantage
2024-11-22 14:41:42.916 | 04:59   67ms   90M  206G  76/109U [GameAnalyzer] Income advantage is now ClearAdvantage
2024-11-22 14:41:43.082 | 04:59   71ms   55M  206G  76/109U [TerranUnit] MARINE from BARRACKS at (39.5, 113.5)
2024-11-22 14:41:43.251 | 04:59   80ms   80M  206G  77/109U [GameAnalyzer] Income advantage is now SmallAdvantage
2024-11-22 14:41:43.681 | 05:00  155ms   60M  206G  77/109U [TerranUnit] MARINE from BARRACKS at (32.5, 113.5)
2024-11-22 14:41:43.841 | 05:00   76ms   90M  210G  78/109U [GameAnalyzer] Income advantage is now ClearAdvantage
2024-11-22 14:41:43.842 | 05:00   76ms   90M  210G  78/109U [ChatManager] Tag:E_Macro
2024-11-22 14:41:44.005 | 05:00   73ms   55M  210G  78/109U [TerranUnit] MARINE from BARRACKS at (46.5, 117.5)
2024-11-22 14:41:44.340 | 05:00   69ms   55M  210G  79/109U [GameAnalyzer] Income advantage is now SmallAdvantage
2024-11-22 14:41:44.669 | 05:01   70ms   75M  210G  79/109U [GameAnalyzer] Income advantage is now ClearAdvantage
2024-11-22 14:41:45.023 | 05:01   68ms   85M  214G  79/109U [GameAnalyzer] Income advantage is now SmallAdvantage
2024-11-22 14:41:45.450 | 05:02   76ms   55M  214G  79/109U [TerranUnit] MARINE from BARRACKS at (32.5, 113.5)
2024-11-22 14:41:45.619 | 05:02   75ms   80M  214G  80/109U [GameAnalyzer] Income advantage is now ClearAdvantage
2024-11-22 14:41:45.714 | INFO     | sc2.protocol:_execute:72 - Client status changed to Status.ended (was Status.in_game)
2024-11-22 14:41:45.715 | Result: Defeat
2024-11-22 14:41:45.716 | Duration: 05:02
2024-11-22 14:41:45.716 | Step time min: 14
2024-11-22 14:41:45.717 | Step time avg: 41
2024-11-22 14:41:45.717 | Step time max: 492
2024-11-22 14:41:45.718 | [LostUnitsContents] My lost units minerals and gas: (150, 0)
2024-11-22 14:41:45.718 | [LostUnitsContents] My lost units minerals by score: 150.0
2024-11-22 14:41:45.719 | [LostUnitsContents] Enemy lost units minerals and gas: (900, 100)
2024-11-22 14:41:45.720 | [LostUnitsContents] Enemy lost units minerals by score: 900.0
2024-11-22 14:41:45.723 | [GameAnalyzerEnd] Own units:
2024-11-22 14:41:45.724 | [GameAnalyzerEnd] SCV               total:  42 alive:  41 dead:   1 
2024-11-22 14:41:45.725 | [GameAnalyzerEnd] MARINE            total:  29 alive:  27 dead:   2 
2024-11-22 14:41:45.726 | [GameAnalyzerEnd] SUPPLYDEPOT       total:   9 alive:   9 dead:   0 
2024-11-22 14:41:45.727 | [GameAnalyzerEnd] REACTOR           total:   5 alive:   5 dead:   0 
2024-11-22 14:41:45.727 | [GameAnalyzerEnd] BARRACKS          total:   5 alive:   5 dead:   0 
2024-11-22 14:41:45.728 | [GameAnalyzerEnd] MULE              total:   2 alive:   2 dead:   0 
2024-11-22 14:41:45.729 | [GameAnalyzerEnd] ORBITALCOMMAND    total:   2 alive:   2 dead:   0 
2024-11-22 14:41:45.729 | [GameAnalyzerEnd] COMMANDCENTER     total:   1 alive:   1 dead:   0 
2024-11-22 14:41:45.730 | [GameAnalyzerEnd] REFINERY          total:   1 alive:   1 dead:   0 
2024-11-22 14:41:45.730 | [GameAnalyzerEnd] Enemy units:
2024-11-22 14:41:45.731 | [GameAnalyzerEnd] DRONE             total:  26 alive:  24 dead:   2 
2024-11-22 14:41:45.731 | [GameAnalyzerEnd] ZERGLING          total:  18 alive:   2 dead:  16 
2024-11-22 14:41:45.732 | [GameAnalyzerEnd] OVERLORD          total:   5 alive:   4 dead:   1 
2024-11-22 14:41:45.733 | [GameAnalyzerEnd] ROACH             total:   5 alive:   1 dead:   4 
2024-11-22 14:41:45.733 | [GameAnalyzerEnd] HATCHERY          total:   2 alive:   2 dead:   0 
2024-11-22 14:41:45.734 | [GameAnalyzerEnd] EXTRACTOR         total:   2 alive:   2 dead:   0 
2024-11-22 14:41:45.735 | [GameAnalyzerEnd] QUEEN             total:   2 alive:   2 dead:   0 
2024-11-22 14:41:45.736 | [GameAnalyzerEnd] SPAWNINGPOOL      total:   1 alive:   1 dead:   0 
2024-11-22 14:41:45.736 | [GameAnalyzerEnd] ROACHWARREN       total:   1 alive:   1 dead:   0 
2024-11-22 14:41:45.737 | [GameAnalyzerEnd] Minerals max 400 Average 115
2024-11-22 14:41:45.738 | [GameAnalyzerEnd] Vespene max 214 Average 61
2024-11-22 14:41:45.742 | INFO     | sc2.main:_play_game:228 - Result for player 1 - Bot LadderBot(Terran): Defeat
2024-11-22 14:41:47.787 | INFO     | sc2.protocol:__request:48 - Cannot receive: Game has already ended.
2024-11-22 14:41:47.789 | INFO     | sc2.sc2process:_close_connection:231 - Closing connection at 58477...
2024-11-22 14:41:47.790 | INFO     | sc2.sc2process:kill_all:33 - kill_switch: Process cleanup for 1 processes
