2025-01-18 07:50:25.031 | INFO     | sc2.protocol:_execute:72 - Client status changed to Status.launched (was None)
2025-01-18 07:50:25.033 | INFO     | sc2.controller:create_game:37 - Creating new game
2025-01-18 07:50:25.033 | INFO     | sc2.controller:create_game:38 - Map:     EphemeronAIE
2025-01-18 07:50:25.034 | INFO     | sc2.controller:create_game:39 - Players: Bot LadderBot(Terran), Computer CheatVision(Zerg, Macro)
2025-01-18 07:50:25.037 | INFO     | sc2.protocol:_execute:72 - Client status changed to Status.init_game (was Status.launched)
2025-01-18 07:50:35.868 | INFO     | sc2.protocol:_execute:72 - Client status changed to Status.in_game (was None)
2025-01-18 07:50:35.869 | INFO     | sc2.main:_play_game:221 - Player 1 - Bot LadderBot(Terran)
2025-01-18 07:50:36.574 | 00:00    0ms    0M    0G  12/ 15U [Version] 5.0.14.93333
2025-01-18 07:50:36.719 | 00:00    0ms    0M    0G  12/ 15U [ZoneManager] Map set to: MapName.Unknown from name: Эфемерон РВ and hash: 3713648.
2025-01-18 07:50:37.785 | [Start] My race: Terran
2025-01-18 07:50:37.786 | [Start] Opponent race: Zerg
2025-01-18 07:50:37.787 | [Start] OpponentId: None
2025-01-18 07:50:38.190 | 00:00   15ms    0M    0G  13/ 15U [GameAnalyzer] Income advantage is now SlightDisadvantage
2025-01-18 07:50:38.249 | 00:01   14ms    0M    0G  13/ 15U [GameAnalyzer] Income advantage is now Even
2025-01-18 07:50:40.419 | 00:10   13ms    0M    0G  13/ 15U [GameAnalyzer] Income advantage is now SlightDisadvantage
2025-01-18 07:50:40.471 | 00:10   16ms   10M    0G  13/ 15U [GameAnalyzer] Income advantage is now Even
2025-01-18 07:50:41.423 | 00:14   15ms    0M    0G  13/ 15U [TerranUnit] SCV from COMMANDCENTER at (130.5, 21.5)
2025-01-18 07:50:42.505 | 00:19   15ms   50M    0G  14/ 15U [GameAnalyzer] Income advantage is now SlightDisadvantage
2025-01-18 07:50:42.603 | 00:19   16ms   75M    0G  14/ 15U [GameAnalyzer] Income advantage is now Even
2025-01-18 07:50:42.605 | 00:19   16ms    0M    0G  14/ 15U [BuildGas] Building REFINERY to (137.5, 24.5)
2025-01-18 07:50:44.340 | 00:27   16ms   25M    0G  14/ 15U [TerranUnit] SCV from COMMANDCENTER at (130.5, 21.5)
2025-01-18 07:50:47.916 | 00:41   15ms    0M    0G  15/ 23U [TerranUnit] SCV from COMMANDCENTER at (130.5, 21.5)
2025-01-18 07:50:50.947 | 00:53   17ms   95M   24G  16/ 23U [TerranUnit] SCV from COMMANDCENTER at (130.5, 21.5)
2025-01-18 07:50:51.079 | 00:54   17ms   20M   24G  17/ 23U [BuildGas] Building REFINERY to (127.5, 14.5)
2025-01-18 07:50:54.156 | 01:06   17ms  105M   56G  17/ 23U [TerranUnit] SCV from COMMANDCENTER at (130.5, 21.5)
2025-01-18 07:50:57.518 | 01:18   16ms  205M   92G  18/ 23U [TerranUnit] SCV from COMMANDCENTER at (130.5, 21.5)
2025-01-18 07:51:01.276 | 01:31   19ms  110M  156G  19/ 23U [GameAnalyzer] Income advantage is now SlightAdvantage
2025-01-18 07:51:01.342 | 01:31   21ms  110M  156G  19/ 23U [GameAnalyzer] Income advantage is now Even
2025-01-18 07:51:03.138 | 01:38   17ms    0M   30G  19/ 23U [TerranUnit] REAPER from BARRACKS at (123.5, 20.5)
2025-01-18 07:51:08.158 | 01:55   21ms   30M    2G  20/ 31U [ActUnit] SCV from COMMANDCENTER at (130.5, 21.5)
2025-01-18 07:51:08.260 | 01:55   22ms   35M    2G  21/ 31U [DodgeRampAttack] Supply is 21 -> attack!
2025-01-18 07:51:08.261 | 01:55   22ms   35M    2G  21/ 31U [DodgeRampAttack] Attack started at 0.00 power.
2025-01-18 07:51:08.328 | 01:56   23ms   40M    6G  21/ 31U [DodgeRampAttack] No attacking units, starting retreat
2025-01-18 07:51:11.864 | 02:07   21ms  170M   58G  21/ 31U [ActUnit] SCV from COMMANDCENTER at (130.5, 21.5)
2025-01-18 07:51:11.931 | 02:08   25ms  180M   58G  22/ 31U [GameAnalyzer] Income advantage is now SlightAdvantage
2025-01-18 07:51:12.068 | 02:08   25ms  180M   58G  22/ 31U [GameAnalyzer] Income advantage is now Even
2025-01-18 07:51:12.658 | 02:10   88ms  205M   66G  22/ 31U [GameAnalyzer] Known army advantage is now SlightAdvantage
2025-01-18 07:51:12.659 | 02:10   88ms  205M   66G  22/ 31U [GameAnalyzer] Predicted army advantage is now SlightAdvantage
2025-01-18 07:51:12.662 | 02:10   88ms  155M   16G  22/ 31U [TerranUnit] REAPER from BARRACKS at (123.5, 20.5)
2025-01-18 07:51:14.579 | 02:16   25ms  260M   40G  23/ 31U [DodgeRampAttack] Retreat stopped.
2025-01-18 07:51:14.648 | 02:16   24ms  260M   40G  23/ 31U [DodgeRampAttack] Supply is 23 -> attack!
2025-01-18 07:51:14.649 | 02:16   24ms  260M   40G  23/ 31U [DodgeRampAttack] Attack started at 1.00 power.
2025-01-18 07:51:15.985 | 02:20   27ms  295M   56G  23/ 31U [ActUnit] SCV from COMMANDCENTER at (130.5, 21.5)
2025-01-18 07:51:16.055 | 02:20   29ms  300M   56G  24/ 31U [GameAnalyzer] Income advantage is now SlightAdvantage
2025-01-18 07:51:16.133 | 02:20   28ms  300M   56G  24/ 31U [GameAnalyzer] Income advantage is now Even
2025-01-18 07:51:16.137 | 02:20   28ms  200M   56G  24/ 31U [TerranUnit] HELLION from FACTORY at (129.5, 28.5)
2025-01-18 07:51:16.427 | 02:21   28ms  215M   56G  26/ 31U [GameAnalyzer] Income advantage is now SlightAdvantage
2025-01-18 07:51:16.506 | 02:21   28ms  220M   56G  26/ 31U [GameAnalyzer] Income advantage is now Even
2025-01-18 07:51:16.725 | 02:22   27ms  235M   64G  26/ 31U [GameAnalyzer] Income advantage is now SlightAdvantage
2025-01-18 07:51:16.950 | 02:23   29ms  240M   64G  26/ 31U [GameAnalyzer] Income advantage is now Even
2025-01-18 07:51:17.615 | 02:24   29ms  270M   72G  26/ 31U [GameAnalyzer] Income advantage is now SlightAdvantage
2025-01-18 07:51:17.762 | 02:25   27ms  270M   72G  26/ 31U [GameAnalyzer] Income advantage is now Even
2025-01-18 07:51:17.906 | 02:25   27ms  280M   72G  26/ 31U [GameAnalyzer] Income advantage is now SlightAdvantage
2025-01-18 07:51:17.986 | 02:25   29ms  310M   76G  26/ 31U [GameAnalyzer] Income advantage is now Even
2025-01-18 07:51:18.059 | 02:26   30ms  315M   80G  26/ 31U [GameAnalyzer] Income advantage is now SlightAdvantage
2025-01-18 07:51:18.137 | 02:26   32ms  315M   80G  26/ 31U [GameAnalyzer] Income advantage is now Even
2025-01-18 07:51:18.211 | 02:26   30ms  315M   80G  26/ 31U [GameAnalyzer] Income advantage is now SlightAdvantage
2025-01-18 07:51:18.359 | 02:27   28ms  325M   80G  26/ 31U [GameAnalyzer] Income advantage is now Even
2025-01-18 07:51:18.435 | 02:27   29ms  325M   80G  26/ 31U [GameAnalyzer] Income advantage is now SlightAdvantage
2025-01-18 07:51:18.508 | 02:27   30ms  330M   88G  26/ 31U [GameAnalyzer] Income advantage is now Even
2025-01-18 07:51:18.578 | 02:27   28ms  335M   88G  26/ 31U [GameAnalyzer] Income advantage is now SlightAdvantage
2025-01-18 07:51:18.728 | 02:28   28ms  345M   88G  26/ 31U [GameAnalyzer] Income advantage is now Even
2025-01-18 07:51:18.881 | 02:28   26ms  350M   88G  26/ 31U [GameAnalyzer] Income advantage is now SlightAdvantage
2025-01-18 07:51:18.961 | 02:28   29ms  350M   88G  26/ 31U [GameAnalyzer] Income advantage is now Even
2025-01-18 07:51:19.112 | 02:29   27ms  360M   88G  26/ 31U [GameAnalyzer] Income advantage is now SlightAdvantage
2025-01-18 07:51:19.184 | 02:29   31ms  360M   88G  26/ 31U [GameAnalyzer] Income advantage is now Even
2025-01-18 07:51:19.699 | 02:30   29ms  385M   96G  26/ 31U [GameAnalyzer] Income advantage is now SlightAdvantage
2025-01-18 07:51:19.778 | 02:31   30ms  385M   96G  26/ 31U [GameAnalyzer] Income advantage is now Even
2025-01-18 07:51:19.855 | 02:31   28ms  390M   96G  26/ 31U [GameAnalyzer] Income advantage is now SlightAdvantage
2025-01-18 07:51:19.928 | 02:31   29ms  390M  104G  26/ 31U [GameAnalyzer] Income advantage is now Even
2025-01-18 07:51:20.158 | 02:32   30ms  405M  104G  26/ 31U [Expand] Expanding to (130.5, 48.5)
2025-01-18 07:51:20.254 | 02:32   27ms   10M  104G  26/ 31U [GameAnalyzer] Income advantage is now SlightAdvantage
2025-01-18 07:51:20.467 | 02:33   24ms   40M  104G  26/ 31U [GameAnalyzer] Income advantage is now Even
2025-01-18 07:51:20.682 | 02:33   25ms    0M  104G  26/ 31U [ActUnit] SCV from COMMANDCENTER at (130.5, 21.5)
2025-01-18 07:51:21.645 | 02:34  622ms   15M  112G  27/ 31U [GameAnalyzer] Income advantage is now SlightAdvantage
2025-01-18 07:51:21.809 | 02:35   34ms   15M  112G  27/ 31U [GameAnalyzer] Income advantage is now Even
2025-01-18 07:51:21.975 | 02:35   37ms   25M  120G  27/ 31U [GameAnalyzer] Income advantage is now SlightAdvantage
2025-01-18 07:51:22.292 | 02:36   29ms   35M  120G  27/ 31U [GameAnalyzer] Known army advantage is now Even
2025-01-18 07:51:22.293 | 02:36   29ms   35M  120G  27/ 31U [GameAnalyzer] Predicted army advantage is now Even
2025-01-18 07:51:22.382 | 02:36   35ms   35M  120G  27/ 31U [GameAnalyzer] Income advantage is now Even
2025-01-18 07:51:22.617 | 02:37   31ms   50M  120G  27/ 31U [GameAnalyzer] Income advantage is now SlightAdvantage
2025-01-18 07:51:22.939 | 02:38   35ms   60M  128G  27/ 31U [GameAnalyzer] Income advantage is now Even
2025-01-18 07:51:23.022 | 02:38   36ms   65M  128G  27/ 31U [GameAnalyzer] Income advantage is now SlightAdvantage
2025-01-18 07:51:23.106 | 02:38   37ms   65M  128G  27/ 31U [GameAnalyzer] Income advantage is now Even
2025-01-18 07:51:23.426 | 02:39   32ms   90M  136G  27/ 31U [GameAnalyzer] Income advantage is now SlightAdvantage
2025-01-18 07:51:23.589 | 02:40   30ms   90M  136G  27/ 31U [GameAnalyzer] Income advantage is now SmallAdvantage
2025-01-18 07:51:24.371 | 02:42   32ms   40M  144G  27/ 31U [GameAnalyzer] Known army advantage is now SlightAdvantage
2025-01-18 07:51:24.372 | 02:42   32ms   40M  144G  27/ 31U [GameAnalyzer] Predicted army advantage is now SlightAdvantage
2025-01-18 07:51:24.742 | 02:42   38ms    0M   94G  27/ 31U [TerranUnit] REAPER from BARRACKS at (123.5, 20.5)
2025-01-18 07:51:26.210 | 02:46   28ms    0M  118G  28/ 31U [ActUnit] SCV from COMMANDCENTER at (130.5, 21.5)
2025-01-18 07:51:26.689 | 02:48   28ms   50M  126G  29/ 31U [GameAnalyzer] Income advantage is now SlightAdvantage
2025-01-18 07:51:26.704 | 02:48   28ms   50M  126G  29/ 31U [BuildAddon] UnitTypeId.FACTORYREACTOR to (132.0, 28.0)
2025-01-18 07:51:26.710 | 02:48   28ms   50M  126G  29/ 31U [BuildAddon] UnitTypeId.FACTORYREACTOR to (124.0, 23.0)
2025-01-18 07:51:26.984 | 02:48   40ms    0M   76G  29/ 31U [GameAnalyzer] Income advantage is now Even
2025-01-18 07:51:27.082 | 02:48   43ms   10M   76G  29/ 31U [GameAnalyzer] Income advantage is now SlightAdvantage
2025-01-18 07:51:27.451 | 02:49   39ms   30M   84G  29/ 31U [GameAnalyzer] Income advantage is now Even
2025-01-18 07:51:27.791 | 02:50  104ms   35M   84G  29/ 31U [GameAnalyzer] Income advantage is now SlightAdvantage
2025-01-18 07:51:28.161 | 02:51   42ms   40M   92G  29/ 31U [GameAnalyzer] Income advantage is now Even
2025-01-18 07:51:28.253 | 02:51   43ms   45M   92G  29/ 31U [GameAnalyzer] Income advantage is now SlightAdvantage
2025-01-18 07:51:28.357 | 02:51   43ms   50M   92G  29/ 31U [BuildAddon] UnitTypeId.FACTORYTECHLAB to (124.0, 23.0)
2025-01-18 07:51:28.916 | 02:53   42ms   20M   75G  29/ 31U [GameAnalyzer] Income advantage is now Even
2025-01-18 07:51:29.125 | 02:53   45ms   25M   75G  29/ 31U [GameAnalyzer] Income advantage is now SlightAdvantage
2025-01-18 07:51:29.369 | 02:54   47ms   35M   83G  29/ 31U [GameAnalyzer] Income advantage is now Even
2025-01-18 07:51:29.527 | 02:54   61ms   45M   83G  29/ 31U [GameAnalyzer] Income advantage is now SlightAdvantage
2025-01-18 07:51:30.142 | 02:55  107ms   80M   91G  29/ 31U [GameAnalyzer] Income advantage is now Even
2025-01-18 07:51:30.244 | 02:55   49ms   80M   91G  29/ 31U [GameAnalyzer] Income advantage is now SlightAdvantage
2025-01-18 07:51:30.602 | 02:56   52ms   90M   91G  29/ 31U [GameAnalyzer] Income advantage is now Even
2025-01-18 07:51:32.309 | 02:59   54ms   85M  107G  29/ 31U [ActUnit] SCV from COMMANDCENTER at (130.5, 21.5)
2025-01-18 07:51:33.964 | 03:02   52ms   10M   23G  30/ 31U [GameAnalyzer] Income advantage is now SlightDisadvantage
2025-01-18 07:51:34.074 | 03:02   47ms   20M   23G  30/ 31U [GameAnalyzer] Income advantage is now Even
2025-01-18 07:51:34.393 | 03:03   39ms   30M   31G  30/ 31U [GameAnalyzer] Income advantage is now SlightDisadvantage
2025-01-18 07:51:34.492 | 03:03   44ms   35M   31G  30/ 31U [GameAnalyzer] Income advantage is now Even
2025-01-18 07:51:34.963 | 03:04   43ms   35M   39G  30/ 31U [GameAnalyzer] Income advantage is now SlightDisadvantage
2025-01-18 07:51:35.058 | 03:04  112ms   50M   39G  30/ 31U [GameAnalyzer] Income advantage is now Even
2025-01-18 07:51:36.284 | 03:07   41ms   85M   55G  30/ 39U [GameAnalyzer] Income advantage is now SlightDisadvantage
2025-01-18 07:51:36.385 | 03:07   45ms   90M   55G  30/ 39U [GameAnalyzer] Income advantage is now Even
2025-01-18 07:51:39.345 | 03:13  122ms    5M   87G  30/ 39U [ActUnit] SCV from COMMANDCENTER at (130.5, 21.5)
2025-01-18 07:51:41.799 | 03:18   49ms    5M  111G  31/ 39U [TerranUnit] HELLION from FACTORY at (121.5, 23.5)
2025-01-18 07:51:45.562 | 03:25   46ms   90M  151G  33/ 39U [ActUnit] SCV from COMMANDCENTER at (130.5, 21.5)
2025-01-18 07:51:49.046 | 03:32   42ms  125M  191G  34/ 39U [TerranUnit] HELLION from FACTORY at (122.5, 28.5)
2025-01-18 07:51:49.052 | 03:32   42ms  125M  191G  34/ 39U [BuildAddon] UnitTypeId.FACTORYREACTOR to (125.0, 28.0)
2025-01-18 07:51:52.025 | 03:39   45ms    0M  223G  36/ 39U [ActUnit] SCV from COMMANDCENTER at (130.5, 21.5)
2025-01-18 07:51:52.253 | 03:39   47ms    5M  231G  37/ 39U [GameAnalyzer] Known army advantage is now SmallAdvantage
2025-01-18 07:51:52.254 | 03:39   47ms    5M  231G  37/ 39U [GameAnalyzer] Predicted army advantage is now SmallAdvantage
2025-01-18 07:51:54.124 | 03:43   48ms   60M  247G  37/ 39U [TerranUnit] HELLION from FACTORY at (121.5, 23.5)
2025-01-18 07:51:56.982 | 03:48   48ms  155M  279G  39/ 39U [GameAnalyzer] Income advantage is now SlightDisadvantage
2025-01-18 07:51:57.083 | 03:48   49ms  160M  279G  39/ 39U [GameAnalyzer] Income advantage is now Even
2025-01-18 07:51:58.518 | 03:51   60ms   10M  295G  39/ 54U [ActUnit] SCV from COMMANDCENTER at (130.5, 21.5)
2025-01-18 07:51:59.253 | 03:53   42ms    9M  303G  40/ 54U [TerranUnit] MARINE from BARRACKS at (129.5, 28.5)
2025-01-18 07:52:01.061 | 03:56   47ms    0M  319G  41/ 54U [TerranUnit] MARINE from BARRACKS at (127.5, 31.5)
2025-01-18 07:52:01.389 | 03:57   42ms   10M  319G  42/ 54U [GameAnalyzer] Income advantage is now SlightAdvantage
2025-01-18 07:52:01.565 | 03:57   45ms   15M  327G  42/ 54U [GameAnalyzer] Income advantage is now Even
2025-01-18 07:52:01.865 | 03:57   44ms   35M  327G  42/ 54U [GameAnalyzer] Income advantage is now SlightAdvantage
2025-01-18 07:52:01.968 | 03:58   43ms   35M  327G  42/ 54U [GameAnalyzer] Income advantage is now Even
2025-01-18 07:52:02.068 | 03:58   43ms   35M  327G  42/ 54U [GameAnalyzer] Income advantage is now SlightAdvantage
2025-01-18 07:52:02.172 | 03:58   43ms   35M  331G  42/ 54U [GameAnalyzer] Income advantage is now Even
2025-01-18 07:52:02.383 | 03:59   42ms   20M  335G  42/ 54U [TerranUnit] MARINE from BARRACKS at (129.5, 28.5)
2025-01-18 07:52:02.613 | 03:59   45ms   35M  335G  43/ 54U [GameAnalyzer] Income advantage is now SlightAdvantage
2025-01-18 07:52:02.731 | 03:59   47ms   35M  335G  43/ 54U [GameAnalyzer] Income advantage is now Even
2025-01-18 07:52:04.678 | 04:03   42ms   50M  359G  43/ 62U [ActUnit] SCV from COMMANDCENTER at (130.5, 21.5)
2025-01-18 07:52:04.882 | 04:04   42ms   65M  359G  44/ 62U [GameAnalyzer] Income advantage is now SlightAdvantage
2025-01-18 07:52:05.091 | 04:04   44ms   70M  367G  44/ 62U [GameAnalyzer] Known army advantage is now ClearAdvantage
2025-01-18 07:52:05.093 | 04:04   44ms   70M  367G  44/ 62U [GameAnalyzer] Predicted army advantage is now ClearAdvantage
2025-01-18 07:52:05.512 | 04:05   47ms   70M  367G  44/ 62U [GameAnalyzer] Income advantage is now Even
2025-01-18 07:52:05.632 | 04:05   49ms   80M  367G  44/ 62U [GameAnalyzer] Income advantage is now SlightAdvantage
2025-01-18 07:52:05.865 | 04:05   48ms  110M  371G  44/ 62U [GameAnalyzer] Income advantage is now SmallAdvantage
2025-01-18 07:52:05.981 | 04:06   49ms  115M  375G  44/ 62U [GameAnalyzer] Income advantage is now SlightAdvantage
2025-01-18 07:52:06.824 | 04:07   49ms  150M  383G  44/ 62U [GameAnalyzer] Income advantage is now SmallAdvantage
2025-01-18 07:52:07.065 | 04:08   50ms  155M  383G  44/ 62U [GameAnalyzer] Income advantage is now SlightAdvantage
2025-01-18 07:52:07.611 | 04:09   51ms  165M  391G  44/ 62U [GameAnalyzer] Income advantage is now SmallAdvantage
2025-01-18 07:52:07.738 | 04:09   56ms  170M  391G  44/ 62U [GameAnalyzer] Income advantage is now SlightAdvantage
2025-01-18 07:52:08.614 | 04:10   52ms  140M  399G  44/ 62U [TerranUnit] MARINE from BARRACKS at (129.5, 28.5)
2025-01-18 07:52:08.853 | 04:11   51ms  180M  399G  45/ 62U [GameAnalyzer] Income advantage is now SmallAdvantage
2025-01-18 07:52:09.036 | 04:11   54ms  185M  399G  45/ 62U [GameAnalyzer] Income advantage is now SlightAdvantage
2025-01-18 07:52:09.289 | 04:12   55ms  190M  407G  45/ 62U [GameAnalyzer] Income advantage is now SmallAdvantage
2025-01-18 07:52:09.416 | 04:12   52ms  190M  407G  45/ 62U [GameAnalyzer] Income advantage is now SlightAdvantage
2025-01-18 07:52:10.164 | 04:13   53ms  230M  415G  45/ 62U [GameAnalyzer] Income advantage is now SmallAdvantage
2025-01-18 07:52:10.297 | 04:13   53ms  235M  415G  45/ 62U [GameAnalyzer] Income advantage is now SlightAdvantage
2025-01-18 07:52:10.614 | 04:14   49ms  190M  415G  45/ 62U [TerranUnit] MARINE from BARRACKS at (127.5, 31.5)
2025-01-18 07:52:10.981 | 04:14   52ms  215M  419G  46/ 62U [GameAnalyzer] Income advantage is now SmallAdvantage
2025-01-18 07:52:11.109 | 04:15   54ms  215M  423G  46/ 62U [GameAnalyzer] Income advantage is now SlightAdvantage
2025-01-18 07:52:11.232 | 04:15   57ms  220M  423G  46/ 62U [GameAnalyzer] Income advantage is now SmallAdvantage
2025-01-18 07:52:11.354 | 04:15   55ms  220M  423G  46/ 62U [GameAnalyzer] Income advantage is now SlightAdvantage
2025-01-18 07:52:11.614 | 04:16   56ms  175M  423G  46/ 62U [ActUnit] SCV from COMMANDCENTER at (130.5, 21.5)
2025-01-18 07:52:11.862 | 04:16   51ms  200M  431G  47/ 62U [GameAnalyzer] Income advantage is now SmallAdvantage
2025-01-18 07:52:11.864 | 04:16   51ms  150M  431G  47/ 62U [ActUnit] SCV from COMMANDCENTER at (130.5, 48.5)
2025-01-18 07:52:12.179 | 04:16   52ms  105M  431G  48/ 62U [TerranUnit] MARINE from BARRACKS at (129.5, 28.5)
2025-01-18 07:52:12.305 | 04:17  125ms  110M  431G  49/ 62U [GameAnalyzer] Income advantage is now SlightAdvantage
2025-01-18 07:52:12.711 | 04:17   48ms  130M  435G  49/ 62U [GameAnalyzer] Income advantage is now SmallAdvantage
2025-01-18 07:52:13.035 | 04:18   62ms  160M  439G  49/ 62U [GameAnalyzer] Income advantage is now SlightAdvantage
2025-01-18 07:52:13.432 | 04:18   57ms  180M  439G  49/ 62U [GameAnalyzer] Income advantage is now SmallAdvantage
2025-01-18 07:52:13.695 | 04:19   58ms  190M  447G  49/ 62U [GameAnalyzer] Income advantage is now SlightAdvantage
2025-01-18 07:52:14.075 | 04:19   60ms  210M  447G  49/ 62U [GameAnalyzer] Income advantage is now SmallAdvantage
2025-01-18 07:52:15.234 | 04:21   57ms  245M  455G  48/ 62U [GameAnalyzer] Known army advantage is now SmallAdvantage
2025-01-18 07:52:15.235 | 04:21   57ms  245M  455G  48/ 62U [GameAnalyzer] Predicted army advantage is now SmallAdvantage
2025-01-18 07:52:16.549 | 04:24   54ms  150M  346G  47/ 62U [TerranUnit] SIEGETANK from FACTORY at (121.5, 23.5)
2025-01-18 07:52:18.496 | 04:27   62ms  275M  362G  50/ 62U [GameAnalyzer] Income advantage is now SlightAdvantage
2025-01-18 07:52:18.639 | 04:27   62ms  280M  362G  50/ 62U [GameAnalyzer] Income advantage is now SmallAdvantage
2025-01-18 07:52:18.986 | 04:28   58ms  300M  366G  50/ 62U [BuildAddon] UnitTypeId.FACTORYREACTOR to (125.0, 28.0)
2025-01-18 07:52:19.137 | 04:28   59ms  200M  320G  50/ 62U [ActUnit] SCV from COMMANDCENTER at (130.5, 21.5)
2025-01-18 07:52:19.400 | 04:28   61ms  165M  320G  51/ 62U [ActUnit] SCV from COMMANDCENTER at (130.5, 48.5)
2025-01-18 07:52:19.405 | 04:28   61ms  115M  320G  51/ 62U [TerranUnit] MARINE from BARRACKS at (129.5, 28.5)
2025-01-18 07:52:20.607 | 04:30   62ms  160M  328G  53/ 62U [GameAnalyzer] Income advantage is now SlightAdvantage
2025-01-18 07:52:20.936 | 04:31   59ms  175M  336G  53/ 62U [GameAnalyzer] Income advantage is now SmallAdvantage
2025-01-18 07:52:21.214 | 04:31   61ms  185M  336G  53/ 62U [GameAnalyzer] Income advantage is now SlightAdvantage
2025-01-18 07:52:21.480 | 04:32   62ms  220M  336G  53/ 62U [GameAnalyzer] Income advantage is now SmallAdvantage
2025-01-18 07:52:21.486 | 04:32   62ms  170M  336G  53/ 62U [TerranUnit] MARINE from BARRACKS at (127.5, 31.5)
2025-01-18 07:52:21.872 | 04:32   61ms  180M  344G  52/ 62U [GameAnalyzer] Income advantage is now SlightAdvantage
2025-01-18 07:52:22.128 | 04:33   62ms  190M  344G  52/ 62U [GameAnalyzer] Income advantage is now Even
2025-01-18 07:52:22.254 | 04:33   66ms  200M  344G  52/ 62U [GameAnalyzer] Income advantage is now SlightAdvantage
2025-01-18 07:52:22.577 | 04:33   60ms  205M  344G  52/ 62U [GameAnalyzer] Income advantage is now Even
2025-01-18 07:52:22.700 | 04:34   61ms  215M  352G  52/ 62U [GameAnalyzer] Income advantage is now SlightAdvantage
2025-01-18 07:52:23.077 | 04:34   61ms  177M  352G  52/ 62U [TerranUnit] MARINE from BARRACKS at (129.5, 28.5)
2025-01-18 07:52:23.229 | 04:35   62ms  182M  352G  53/ 62U [GameAnalyzer] Income advantage is now Even
2025-01-18 07:52:23.478 | 04:35   66ms  189M  356G  53/ 62U [GameAnalyzer] Income advantage is now SlightAdvantage
2025-01-18 07:52:23.861 | 04:36   61ms  198M  360G  53/ 62U [GameAnalyzer] Income advantage is now Even
2025-01-18 07:52:24.060 | 04:36   60ms  208M  360G  53/ 62U [GameAnalyzer] Income advantage is now SlightAdvantage
2025-01-18 07:52:24.611 | 04:37   63ms  218M  368G  53/ 62U [GameAnalyzer] Income advantage is now Even
2025-01-18 07:52:24.742 | 04:37   68ms  228M  368G  53/ 62U [GameAnalyzer] Income advantage is now SlightAdvantage
2025-01-18 07:52:26.003 | 04:39   72ms  266M  376G  53/ 62U [GameAnalyzer] Income advantage is now Even
2025-01-18 07:52:26.192 | 04:39   90ms  270M  376G  53/ 62U [GameAnalyzer] Income advantage is now SlightAdvantage
2025-01-18 07:52:26.387 | 04:39   85ms  268M  376G  53/ 62U [GameAnalyzer] Income advantage is now Even
2025-01-18 07:52:26.566 | 04:39   88ms  288M  380G  53/ 62U [GameAnalyzer] Income advantage is now SlightAdvantage
2025-01-18 07:52:26.938 | 04:40   91ms  285M  384G  53/ 62U [GameAnalyzer] Income advantage is now Even
2025-01-18 07:52:27.117 | 04:40   78ms  240M  384G  53/ 62U [ActUnit] SCV from COMMANDCENTER at (130.5, 21.5)
2025-01-18 07:52:27.267 | 04:40   89ms  245M  384G  54/ 62U [GameAnalyzer] Income advantage is now SlightAdvantage
2025-01-18 07:52:27.459 | 04:41   76ms  200M  384G  54/ 62U [ActUnit] SCV from COMMANDCENTER at (130.5, 48.5)
2025-01-18 07:52:27.654 | 04:41   94ms  211M  384G  55/ 62U [GameAnalyzer] Income advantage is now SmallAdvantage
2025-01-18 07:52:27.870 | 04:41  117ms  211M  392G  55/ 62U [GameAnalyzer] Income advantage is now Even
2025-01-18 07:52:28.222 | 04:41   61ms  221M  392G  55/ 62U [GameAnalyzer] Income advantage is now SlightAdvantage
2025-01-18 07:52:28.352 | 04:42   64ms  216M  392G  55/ 62U [GameAnalyzer] Income advantage is now Even
2025-01-18 07:52:28.383 | 04:42   64ms  216M  392G  55/ 62U [DodgeRampAttack] Retreat started at 5.38 own local power against 8.33 enemy local power.
2025-01-18 07:52:28.489 | 04:42   66ms  221M  392G  55/ 62U [GameAnalyzer] Income advantage is now SlightAdvantage
2025-01-18 07:52:28.490 | 04:42   66ms  221M  392G  55/ 62U [GameAnalyzer] Known army advantage is now SlightAdvantage
2025-01-18 07:52:28.491 | 04:42   66ms  221M  392G  55/ 62U [GameAnalyzer] Predicted army advantage is now Even
2025-01-18 07:52:28.617 | 04:42   61ms  221M  392G  55/ 62U [GameAnalyzer] Income advantage is now Even
2025-01-18 07:52:28.987 | 04:43   60ms  236M  400G  55/ 62U [GameAnalyzer] Income advantage is now SlightAdvantage
2025-01-18 07:52:29.111 | 04:43   62ms  240M  400G  55/ 62U [GameAnalyzer] Income advantage is now Even
2025-01-18 07:52:30.474 | 04:45   64ms  300M  408G  55/ 62U [BuildAddon] UnitTypeId.STARPORTTECHLAB to (137.0, 30.0)
2025-01-18 07:52:30.973 | 04:46   59ms  270M  391G  55/ 62U [GameAnalyzer] Known army advantage is now SmallAdvantage
2025-01-18 07:52:30.974 | 04:46   59ms  270M  391G  55/ 62U [GameAnalyzer] Predicted army advantage is now SlightAdvantage
2025-01-18 07:52:30.979 | 04:46   59ms  220M  391G  55/ 62U [TerranUnit] MARINE from BARRACKS at (129.5, 28.5)
2025-01-18 07:52:31.584 | 04:47   65ms  154M  399G  56/ 62U [BuildGas] Building REFINERY to (137.5, 52.5)
2025-01-18 07:52:32.710 | 04:49   65ms  188M  407G  56/ 62U [GameAnalyzer] Income advantage is now SlightDisadvantage
2025-01-18 07:52:32.844 | 04:49  149ms  193M  407G  56/ 62U [GameAnalyzer] Income advantage is now Even
2025-01-18 07:52:33.115 | 04:49   62ms  203M  407G  56/ 62U [GameAnalyzer] Income advantage is now SlightDisadvantage
2025-01-18 07:52:33.116 | 04:49   62ms  203M  407G  56/ 62U [GameAnalyzer] Predicted army advantage is now SmallAdvantage
2025-01-18 07:52:33.123 | 04:49   62ms  153M  407G  56/ 62U [TerranUnit] MARINE from BARRACKS at (127.5, 31.5)
2025-01-18 07:52:33.256 | 04:50   71ms  158M  411G  57/ 62U [GameAnalyzer] Income advantage is now Even
2025-01-18 07:52:33.531 | 04:50   65ms  163M  415G  57/ 62U [GameAnalyzer] Income advantage is now SlightDisadvantage
2025-01-18 07:52:33.789 | 04:51   63ms  183M  415G  57/ 62U [GameAnalyzer] Income advantage is now Even
2025-01-18 07:52:34.047 | 04:51   63ms  182M  415G  57/ 62U [GameAnalyzer] Income advantage is now SlightDisadvantage
2025-01-18 07:52:34.176 | 04:51   64ms  187M  419G  57/ 62U [GameAnalyzer] Income advantage is now SlightAdvantage
2025-01-18 07:52:34.379 | 04:51   63ms  186M  423G  57/ 62U [GameAnalyzer] Income advantage is now Even
2025-01-18 07:52:34.501 | 04:52   67ms  191M  423G  57/ 62U [GameAnalyzer] Income advantage is now SlightAdvantage
2025-01-18 07:52:34.636 | 04:52   63ms  190M  423G  57/ 62U [GameAnalyzer] Income advantage is now Even
2025-01-18 07:52:34.773 | 04:52   65ms  189M  423G  57/ 62U [GameAnalyzer] Predicted army advantage is now SlightAdvantage
2025-01-18 07:52:34.780 | 04:52   65ms  139M  423G  57/ 62U [TerranUnit] MARINE from BARRACKS at (129.5, 28.5)
2025-01-18 07:52:34.916 | 04:52   71ms  148M  423G  58/ 62U [GameAnalyzer] Income advantage is now SlightAdvantage
2025-01-18 07:52:34.919 | 04:52   71ms   98M  423G  58/ 62U [ActUnit] SCV from COMMANDCENTER at (130.5, 21.5)
2025-01-18 07:52:35.176 | 04:53   62ms  105M  431G  59/ 62U [GameAnalyzer] Income advantage is now SmallAdvantage
2025-01-18 07:52:35.177 | 04:53   62ms  105M  431G  59/ 62U [BuildDetector] Enemy early build recognized as EarlyRoachZerg
2025-01-18 07:52:35.178 | 04:53   62ms  105M  431G  59/ 62U [ChatManager] Tag:BotVSEarlyRoachZerg
2025-01-18 07:52:35.180 | 04:53   62ms  105M  431G  59/ 62U [BuildDetector] Enemy early build recognized as EarlyRoachZerg
2025-01-18 07:52:35.182 | 04:53   62ms   55M  431G  59/ 62U [ActUnit] SCV from COMMANDCENTER at (130.5, 48.5)
2025-01-18 07:52:35.321 | 04:53   73ms   55M  431G  60/ 62U [GameAnalyzer] Income advantage is now SlightAdvantage
2025-01-18 07:52:35.461 | 04:53   64ms   58M  431G  60/ 62U [GameAnalyzer] Income advantage is now Even
2025-01-18 07:52:35.737 | 04:54   69ms   69M  431G  60/ 62U [GameAnalyzer] Income advantage is now SlightAdvantage
2025-01-18 07:52:35.871 | 04:54   63ms   99M  431G  60/ 62U [GameAnalyzer] Income advantage is now SmallAdvantage
2025-01-18 07:52:36.082 | 04:54   65ms   99M  435G  60/ 62U [GameAnalyzer] Income advantage is now SlightAdvantage
2025-01-18 07:52:36.212 | 04:54  137ms   96M  439G  59/ 62U [GameAnalyzer] Income advantage is now Even
2025-01-18 07:52:36.336 | 04:55   58ms  104M  439G  59/ 62U [GameAnalyzer] Income advantage is now SlightAdvantage
2025-01-18 07:52:36.590 | 04:55   59ms  113M  439G  59/ 62U [GameAnalyzer] Income advantage is now Even
2025-01-18 07:52:36.978 | 04:56   67ms  129M  447G  59/ 62U [GameAnalyzer] Income advantage is now SlightAdvantage
2025-01-18 07:52:36.979 | 04:56   67ms  129M  447G  59/ 62U [GameAnalyzer] Known army advantage is now ClearAdvantage
2025-01-18 07:52:36.979 | 04:56   67ms  129M  447G  59/ 62U [GameAnalyzer] Predicted army advantage is now SmallAdvantage
2025-01-18 07:52:37.244 | 04:56   64ms  134M  447G  59/ 62U [GameAnalyzer] Income advantage is now SmallAdvantage
2025-01-18 07:52:37.383 | 04:56   65ms  134M  447G  59/ 62U [GameAnalyzer] Income advantage is now SlightAdvantage
2025-01-18 07:52:37.832 | 04:57   63ms  139M  451G  59/ 62U [GameAnalyzer] Income advantage is now SmallAdvantage
2025-01-18 07:52:37.968 | 04:57  134ms  169M  455G  59/ 62U [GameAnalyzer] Income advantage is now SlightAdvantage
2025-01-18 07:52:37.969 | 04:57  134ms  169M  455G  59/ 62U [GameAnalyzer] Predicted army advantage is now SlightDisadvantage
2025-01-18 07:52:38.491 | 04:58   64ms  194M  455G  59/ 62U [GameAnalyzer] Income advantage is now SmallAdvantage
2025-01-18 07:52:38.755 | 04:59   62ms  209M  459G  59/ 62U [GameAnalyzer] Income advantage is now SlightAdvantage
2025-01-18 07:52:38.880 | 04:59   68ms  214M  463G  59/ 62U [GameAnalyzer] Income advantage is now SmallAdvantage
2025-01-18 07:52:39.009 | 04:59   67ms  219M  463G  59/ 62U [GameAnalyzer] Income advantage is now SlightAdvantage
2025-01-18 07:52:39.271 | 05:00   63ms  224M  463G  59/ 62U [GameAnalyzer] Income advantage is now SmallAdvantage
2025-01-18 07:52:39.599 | 05:00   64ms  239M  463G  59/ 62U [GameAnalyzer] Income advantage is now SlightAdvantage
2025-01-18 07:52:39.754 | 05:00   72ms  249M  471G  59/ 62U [GameAnalyzer] Income advantage is now SmallAdvantage
2025-01-18 07:52:40.403 | 05:01   65ms  269M  471G  59/ 62U [GameAnalyzer] Income advantage is now SlightAdvantage
2025-01-18 07:52:40.533 | 05:02   66ms  284M  475G  59/ 62U [GameAnalyzer] Income advantage is now SmallAdvantage
2025-01-18 07:52:40.689 | 05:02   68ms  289M  479G  59/ 62U [DodgeRampAttack] Retreat stopped.
2025-01-18 07:52:40.819 | 05:02   65ms  294M  479G  59/ 62U [DodgeRampAttack] Power 17.62 is larger than required attack power 10.20 -> attack!
2025-01-18 07:52:40.820 | 05:02   65ms  294M  479G  59/ 62U [DodgeRampAttack] Attack started at 17.62 power.
2025-01-18 07:52:41.002 | 05:02   62ms  299M  479G  59/ 62U [GameAnalyzer] Income advantage is now SlightAdvantage
2025-01-18 07:52:41.136 | 05:02  140ms  329M  479G  59/ 62U [GameAnalyzer] Income advantage is now SmallAdvantage
2025-01-18 07:52:41.144 | 05:02  140ms  179M  354G  59/ 62U [TerranUnit] SIEGETANK from FACTORY at (121.5, 23.5)
2025-01-18 07:52:41.417 | 05:03   65ms  194M  354G  62/ 62U [GameAnalyzer] Income advantage is now SlightAdvantage
2025-01-18 07:52:41.685 | 05:03   64ms  219M  362G  62/ 62U [GameAnalyzer] Income advantage is now SmallAdvantage
2025-01-18 07:52:42.228 | 05:04   69ms  234M  362G  62/ 62U [GameAnalyzer] Income advantage is now SlightAdvantage
2025-01-18 07:52:42.563 | 05:05   66ms  249M  370G  62/ 62U [GameAnalyzer] Income advantage is now SmallAdvantage
2025-01-18 07:52:43.674 | 05:06   71ms  319M  378G  62/ 62U [GameAnalyzer] Income advantage is now SlightAdvantage
2025-01-18 07:52:43.818 | 05:07   71ms  324M  378G  62/ 62U [GameAnalyzer] Income advantage is now SmallAdvantage
2025-01-18 07:52:44.593 | 05:08   74ms  354M  386G  62/ 62U [GameAnalyzer] Income advantage is now SlightAdvantage
2025-01-18 07:52:44.734 | 05:08   73ms  374M  386G  62/ 62U [GameAnalyzer] Income advantage is now SmallAdvantage
2025-01-18 07:52:45.316 | 05:09   68ms  419M  390G  62/ 62U [Expand] Expanding to (98.5, 25.5)
2025-01-18 07:52:45.444 | 05:09   76ms   29M  394G  62/ 62U [GameAnalyzer] Income advantage is now SlightAdvantage
2025-01-18 07:52:45.651 | 05:09   64ms   34M  394G  62/ 62U [GameAnalyzer] Income advantage is now SmallAdvantage
2025-01-18 07:52:46.045 | 05:10   60ms   54M  394G  62/ 62U [GameAnalyzer] Income advantage is now SlightAdvantage
2025-01-18 07:52:46.187 | 05:10   67ms   64M  394G  62/ 62U [GameAnalyzer] Income advantage is now SmallAdvantage
2025-01-18 07:52:47.784 | 05:13   67ms  149M  410G  62/ 62U [GameAnalyzer] Predicted army advantage is now SmallDisadvantage
2025-01-18 07:52:49.727 | 05:16   68ms  254M  426G  62/ 62U [GameAnalyzer] Income advantage is now SlightAdvantage
2025-01-18 07:52:49.868 | 05:16   72ms  274M  426G  62/ 62U [GameAnalyzer] Income advantage is now SmallAdvantage
2025-01-18 07:52:51.372 | 05:18   81ms  259M  442G  62/ 62U [BuildGas] Building REFINERY to (133.5, 55.5)
2025-01-18 07:52:52.548 | 05:20   68ms  319M  450G  62/ 62U [GameAnalyzer] Income advantage is now SlightAdvantage
2025-01-18 07:52:52.687 | 05:20   75ms  334M  450G  62/ 62U [GameAnalyzer] Income advantage is now SmallAdvantage
2025-01-18 07:52:53.128 | 05:21   73ms  354M  454G  62/ 62U [GameAnalyzer] Income advantage is now SlightAdvantage
2025-01-18 07:52:53.416 | 05:21   72ms  364M  458G  62/ 62U [GameAnalyzer] Income advantage is now SmallAdvantage
2025-01-18 07:52:53.758 | 05:22  134ms  389M  458G  62/ 62U [GameAnalyzer] Income advantage is now SlightAdvantage
2025-01-18 07:52:54.043 | 05:22   66ms  414M  458G  62/ 62U [GameAnalyzer] Income advantage is now ClearAdvantage
2025-01-18 07:52:54.192 | 05:22   67ms  319M  466G  62/ 62U [GameAnalyzer] Income advantage is now SmallAdvantage
2025-01-18 07:52:54.488 | 05:23   71ms  344M  466G  62/ 62U [GameAnalyzer] Income advantage is now ClearAdvantage
2025-01-18 07:52:55.624 | 05:24   74ms  354M  478G  62/ 62U [GameAnalyzer] Income advantage is now SmallAdvantage
2025-01-18 07:52:56.088 | 05:25   67ms  389M  482G  62/ 62U [GameAnalyzer] Income advantage is now ClearAdvantage
2025-01-18 07:52:56.276 | 05:25   96ms  404M  490G  62/ 62U [GameAnalyzer] Income advantage is now SmallAdvantage
2025-01-18 07:52:56.444 | 05:25  100ms  309M  490G  62/ 62U [GameAnalyzer] Income advantage is now ClearAdvantage
2025-01-18 07:52:56.890 | 05:26   86ms  319M  490G  62/ 62U [GameAnalyzer] Income advantage is now SmallAdvantage
2025-01-18 07:52:57.041 | 05:26  157ms  324M  490G  62/ 62U [GameAnalyzer] Income advantage is now ClearAdvantage
2025-01-18 07:52:57.208 | 05:26   69ms  324M  494G  62/ 62U [GameAnalyzer] Income advantage is now SmallAdvantage
2025-01-18 07:52:57.593 | 05:27   82ms  339M  502G  62/ 62U [GameAnalyzer] Income advantage is now ClearAdvantage
2025-01-18 07:52:57.879 | 05:27   66ms  354M  502G  62/ 62U [GameAnalyzer] Income advantage is now SmallAdvantage
2025-01-18 07:52:58.166 | 05:28   64ms  369M  502G  62/ 62U [GameAnalyzer] Income advantage is now ClearAdvantage
2025-01-18 07:52:58.312 | 05:28   69ms  374M  506G  62/ 62U [GameAnalyzer] Income advantage is now SmallAdvantage
2025-01-18 07:52:58.529 | 05:28   67ms  379M  510G  62/ 62U [GameAnalyzer] Income advantage is now ClearAdvantage
2025-01-18 07:52:58.833 | 05:29   76ms  304M  514G  62/ 62U [GameAnalyzer] Income advantage is now SmallAdvantage
2025-01-18 07:52:59.121 | 05:29   62ms  334M  514G  62/ 62U [GameAnalyzer] Income advantage is now ClearAdvantage
2025-01-18 07:52:59.421 | 05:29   63ms  339M  518G  62/ 62U [GameAnalyzer] Income advantage is now SmallAdvantage
2025-01-18 07:52:59.844 | 05:30   66ms  364M  526G  62/ 62U [GameAnalyzer] Income advantage is now ClearAdvantage
2025-01-18 07:53:00.186 | 05:31  142ms  369M  526G  62/ 62U [GameAnalyzer] Income advantage is now SmallAdvantage
2025-01-18 07:53:00.591 | 05:31   65ms  374M  538G  62/ 62U [GameAnalyzer] Income advantage is now ClearAdvantage
2025-01-18 07:53:00.734 | 05:31   66ms  379M  538G  62/ 62U [GameAnalyzer] Income advantage is now SmallAdvantage
2025-01-18 07:53:01.007 | 05:32   68ms  399M  538G  62/ 62U [GameAnalyzer] Income advantage is now ClearAdvantage
2025-01-18 07:53:01.159 | 05:32   68ms  404M  538G  62/ 62U [GameAnalyzer] Income advantage is now SmallAdvantage
2025-01-18 07:53:01.516 | 05:33   68ms  319M  550G  62/ 62U [GameAnalyzer] Income advantage is now ClearAdvantage
2025-01-18 07:53:01.661 | 05:33  141ms  319M  550G  62/ 62U [GameAnalyzer] Income advantage is now SmallAdvantage
2025-01-18 07:53:01.964 | 05:33   68ms  319M  550G  62/ 62U [GameAnalyzer] Known army advantage is now OverwhelmingAdvantage
2025-01-18 07:53:02.238 | 05:34   65ms  329M  550G  62/ 62U [GameAnalyzer] Income advantage is now ClearAdvantage
2025-01-18 07:53:02.519 | 05:34   64ms  329M  562G  62/ 62U [GameAnalyzer] Income advantage is now SmallAdvantage
2025-01-18 07:53:04.402 | 05:37   66ms  414M  578G  62/ 62U [GameAnalyzer] Income advantage is now ClearAdvantage
2025-01-18 07:53:04.621 | 05:37   75ms  319M  586G  62/ 62U [GameAnalyzer] Income advantage is now SmallAdvantage
2025-01-18 07:53:05.047 | 05:38   64ms  334M  586G  62/ 62U [GameAnalyzer] Income advantage is now ClearAdvantage
2025-01-18 07:53:05.189 | 05:38   73ms  339M  586G  62/ 62U [GameAnalyzer] Income advantage is now SmallAdvantage
2025-01-18 07:53:05.331 | 05:38   68ms  339M  590G  62/ 62U [GameAnalyzer] Income advantage is now ClearAdvantage
2025-01-18 07:53:05.482 | 05:38   68ms  339M  594G  62/ 62U [GameAnalyzer] Income advantage is now SmallAdvantage
2025-01-18 07:53:08.189 | 05:42   66ms  349M  622G  62/ 62U [GameAnalyzer] Income advantage is now ClearAdvantage
2025-01-18 07:53:08.323 | 05:43   68ms  349M  626G  62/ 62U [GameAnalyzer] Income advantage is now SmallAdvantage
2025-01-18 07:53:09.013 | 05:44   68ms  389M  634G  62/ 62U [GameAnalyzer] Income advantage is now ClearAdvantage
2025-01-18 07:53:09.227 | 05:44   73ms  389M  634G  62/ 62U [GameAnalyzer] Income advantage is now SmallAdvantage
2025-01-18 07:53:12.800 | 05:49   75ms  314M  678G  62/ 70U [ActUnit] SCV from COMMANDCENTER at (130.5, 21.5)
2025-01-18 07:53:12.801 | 05:49   75ms  264M  678G  62/ 70U [ActUnit] SCV from COMMANDCENTER at (130.5, 48.5)
2025-01-18 07:53:12.806 | 05:49   75ms  214M  678G  62/ 70U [TerranUnit] MARINE from BARRACKS at (129.5, 28.5)
2025-01-18 07:53:12.808 | 05:49   75ms  114M  528G  62/ 70U [TerranUnit] RAVEN from STARPORT at (134.5, 30.5)
2025-01-18 07:53:12.998 | 05:49   78ms   89M  536G  67/ 70U [TerranUnit] MARINE from BARRACKS at (129.5, 28.5)
2025-01-18 07:53:13.253 | 05:49  152ms   39M  536G  68/ 70U [TerranUnit] MARINE from BARRACKS at (127.5, 31.5)
2025-01-18 07:53:15.002 | 05:51   77ms  239M  544G  69/ 70U [GameAnalyzer] Income advantage is now ClearAdvantage
2025-01-18 07:53:15.173 | 05:51   85ms  239M  552G  69/ 70U [GameAnalyzer] Income advantage is now SmallAdvantage
2025-01-18 07:53:15.883 | 05:52   90ms  264M  560G  69/ 70U [GameAnalyzer] Income advantage is now ClearAdvantage
2025-01-18 07:53:16.078 | 05:52  100ms  169M  560G  69/ 70U [GameAnalyzer] Income advantage is now SmallAdvantage
2025-01-18 07:53:17.172 | 05:54   81ms  189M  572G  69/ 70U [GameAnalyzer] Predicted army advantage is now SlightDisadvantage
2025-01-18 07:53:19.910 | 05:57   78ms  289M  596G  69/ 78U [GameAnalyzer] Income advantage is now ClearAdvantage
2025-01-18 07:53:19.923 | 05:57   78ms  164M  546G  69/ 78U [TerranUnit] CYCLONE from FACTORY at (121.5, 23.5)
2025-01-18 07:53:20.113 | 05:57   98ms  189M  546G  71/ 78U [GameAnalyzer] Income advantage is now SmallAdvantage
2025-01-18 07:53:21.055 | 05:58  100ms  209M  558G  71/ 78U [GameAnalyzer] Income advantage is now ClearAdvantage
2025-01-18 07:53:21.271 | 05:59   99ms  209M  562G  71/ 78U [GameAnalyzer] Income advantage is now SmallAdvantage
2025-01-18 07:53:22.189 | 06:00   78ms  249M  570G  71/ 78U [GameAnalyzer] Income advantage is now ClearAdvantage
2025-01-18 07:53:22.351 | 06:00   95ms  249M  578G  71/ 78U [GameAnalyzer] Income advantage is now SmallAdvantage
2025-01-18 07:53:22.513 | 06:00   77ms  254M  578G  71/ 78U [GameAnalyzer] Income advantage is now ClearAdvantage
2025-01-18 07:53:22.673 | 06:00   87ms  254M  578G  71/ 78U [GameAnalyzer] Income advantage is now SmallAdvantage
2025-01-18 07:53:23.061 | 06:01   76ms  259M  578G  71/ 78U [GameAnalyzer] Income advantage is now ClearAdvantage
2025-01-18 07:53:23.063 | 06:01   76ms  209M  578G  71/ 78U [ActUnit] SCV from COMMANDCENTER at (130.5, 48.5)
2025-01-18 07:53:23.064 | 06:01   76ms  159M  578G  71/ 78U [ActUnit] SCV from COMMANDCENTER at (130.5, 21.5)
2025-01-18 07:53:23.583 | 06:02   89ms  174M  590G  73/ 86U [GameAnalyzer] Income advantage is now SmallAdvantage
2025-01-18 07:53:24.061 | 06:02   75ms  199M  594G  73/ 86U [GameAnalyzer] Income advantage is now ClearAdvantage
2025-01-18 07:53:24.803 | 06:03  153ms  229M  598G  73/ 86U [GameAnalyzer] Income advantage is now SmallAdvantage
2025-01-18 07:53:24.968 | 06:03   89ms  239M  602G  73/ 86U [GameAnalyzer] Income advantage is now ClearAdvantage
2025-01-18 07:53:25.441 | 06:04   79ms  249M  610G  73/ 86U [GameAnalyzer] Income advantage is now SmallAdvantage
2025-01-18 07:53:25.602 | 06:04   80ms  259M  614G  73/ 86U [GameAnalyzer] Income advantage is now ClearAdvantage
2025-01-18 07:53:27.385 | 06:06   81ms  129M  638G  73/ 86U [TerranUnit] MARINE from BARRACKS at (129.5, 28.5)
2025-01-18 07:53:27.569 | 06:07   93ms   84M  638G  74/ 86U [TerranUnit] MARINE from BARRACKS at (129.5, 28.5)
2025-01-18 07:53:27.799 | 06:07   86ms   54M  638G  75/ 86U [TerranUnit] MARINE from BARRACKS at (127.5, 31.5)
2025-01-18 07:53:29.397 | 06:09   80ms   89M  662G  76/ 86U [GameAnalyzer] Predicted army advantage is now Even
2025-01-18 07:53:32.033 | 06:12   91ms  219M  694G  75/ 86U [GameAnalyzer] Predicted army advantage is now SlightDisadvantage
2025-01-18 07:53:33.236 | 06:13   79ms  194M  710G  74/ 86U [ActUnit] SCV from COMMANDCENTER at (130.5, 21.5)
2025-01-18 07:53:33.237 | 06:13   79ms  144M  710G  74/ 86U [ActUnit] SCV from COMMANDCENTER at (130.5, 48.5)
2025-01-18 07:53:34.124 | 06:14   88ms  169M  718G  76/ 86U [GameAnalyzer] Predicted army advantage is now Even
2025-01-18 07:53:35.010 | 06:15   89ms  199M  734G  75/ 86U [GameAnalyzer] Known army advantage is now ClearAdvantage
2025-01-18 07:53:35.011 | 06:15   89ms  199M  734G  75/ 86U [GameAnalyzer] Predicted army advantage is now SlightDisadvantage
2025-01-18 07:53:39.476 | INFO     | sc2.protocol:_execute:72 - Client status changed to Status.ended (was Status.in_game)
2025-01-18 07:53:39.477 | Result: Defeat
2025-01-18 07:53:39.478 | Duration: 06:21
2025-01-18 07:53:39.479 | Step time min: 13
2025-01-18 07:53:39.479 | Step time avg: 47
2025-01-18 07:53:39.480 | Step time max: 622
2025-01-18 07:53:39.481 | [LostUnitsContents] My lost units minerals and gas: (400, 150)
2025-01-18 07:53:39.481 | [LostUnitsContents] My lost units minerals by score: 350.0
2025-01-18 07:53:39.482 | [LostUnitsContents] Enemy lost units minerals and gas: (2700, 200)
2025-01-18 07:53:39.483 | [LostUnitsContents] Enemy lost units minerals by score: 2725.0
2025-01-18 07:53:39.484 | [GameAnalyzerEnd] Own units:
2025-01-18 07:53:39.485 | [GameAnalyzerEnd] SCV               total:  39 alive:  39 dead:   0 
2025-01-18 07:53:39.486 | [GameAnalyzerEnd] MARINE            total:  15 alive:  12 dead:   3 
2025-01-18 07:53:39.488 | [GameAnalyzerEnd] SUPPLYDEPOT       total:   8 alive:   8 dead:   0 
2025-01-18 07:53:39.488 | [GameAnalyzerEnd] BARRACKS          total:   5 alive:   5 dead:   0 
2025-01-18 07:53:39.489 | [GameAnalyzerEnd] REFINERY          total:   4 alive:   4 dead:   0 
2025-01-18 07:53:39.489 | [GameAnalyzerEnd] HELLION           total:   4 alive:   3 dead:   1 
2025-01-18 07:53:39.490 | [GameAnalyzerEnd] REAPER            total:   3 alive:   0 dead:   3 
2025-01-18 07:53:39.491 | [GameAnalyzerEnd] MULE              total:   2 alive:   2 dead:   0 
2025-01-18 07:53:39.492 | [GameAnalyzerEnd] TECHLAB           total:   2 alive:   2 dead:   0 
2025-01-18 07:53:39.494 | [GameAnalyzerEnd] ENGINEERINGBAY    total:   2 alive:   2 dead:   0 
2025-01-18 07:53:39.494 | [GameAnalyzerEnd] ORBITALCOMMAND    total:   2 alive:   2 dead:   0 
2025-01-18 07:53:39.495 | [GameAnalyzerEnd] FACTORY           total:   2 alive:   2 dead:   0 
2025-01-18 07:53:39.496 | [GameAnalyzerEnd] REACTOR           total:   2 alive:   2 dead:   0 
2025-01-18 07:53:39.496 | [GameAnalyzerEnd] SIEGETANK         total:   2 alive:   2 dead:   0 
2025-01-18 07:53:39.497 | [GameAnalyzerEnd] STARPORT          total:   1 alive:   1 dead:   0 
2025-01-18 07:53:39.497 | [GameAnalyzerEnd] COMMANDCENTER     total:   1 alive:   1 dead:   0 
2025-01-18 07:53:39.498 | [GameAnalyzerEnd] Enemy units:
2025-01-18 07:53:39.498 | [GameAnalyzerEnd] DRONE             total:  40 alive:  19 dead:  21 
2025-01-18 07:53:39.499 | [GameAnalyzerEnd] ZERGLING          total:  16 alive:   0 dead:  16 
2025-01-18 07:53:39.500 | [GameAnalyzerEnd] ROACH             total:   8 alive:   0 dead:   8 
2025-01-18 07:53:39.501 | [GameAnalyzerEnd] OVERLORD          total:   5 alive:   5 dead:   0 
2025-01-18 07:53:39.502 | [GameAnalyzerEnd] QUEEN             total:   3 alive:   1 dead:   2 
2025-01-18 07:53:39.503 | [GameAnalyzerEnd] HATCHERY          total:   2 alive:   1 dead:   1 
2025-01-18 07:53:39.504 | [GameAnalyzerEnd] EXTRACTOR         total:   2 alive:   2 dead:   0 
2025-01-18 07:53:39.504 | [GameAnalyzerEnd] SPAWNINGPOOL      total:   1 alive:   1 dead:   0 
2025-01-18 07:53:39.505 | [GameAnalyzerEnd] ROACHWARREN       total:   1 alive:   1 dead:   0 
2025-01-18 07:53:39.506 | [GameAnalyzerEnd] Minerals max 414 Average 152
2025-01-18 07:53:39.507 | [GameAnalyzerEnd] Vespene max 798 Average 235
2025-01-18 07:53:39.508 | INFO     | sc2.main:_play_game:228 - Result for player 1 - Bot LadderBot(Terran): Defeat
2025-01-18 07:53:41.470 | INFO     | sc2.protocol:__request:48 - Cannot receive: Game has already ended.
2025-01-18 07:53:41.471 | INFO     | sc2.sc2process:_close_connection:231 - Closing connection at 59763...
2025-01-18 07:53:41.472 | INFO     | sc2.sc2process:kill_all:33 - kill_switch: Process cleanup for 1 processes
