2024-11-22 14:26:38.940 | INFO     | sc2.protocol:_execute:72 - Client status changed to Status.launched (was None)
2024-11-22 14:26:38.943 | INFO     | sc2.controller:create_game:37 - Creating new game
2024-11-22 14:26:38.944 | INFO     | sc2.controller:create_game:38 - Map:     SiteDelta513AIE
2024-11-22 14:26:38.945 | INFO     | sc2.controller:create_game:39 - Players: Bot LadderBot(Terran), Computer VeryHard(Zerg, RandomBuild)
2024-11-22 14:26:38.948 | INFO     | sc2.protocol:_execute:72 - Client status changed to Status.init_game (was Status.launched)
2024-11-22 14:26:49.518 | INFO     | sc2.protocol:_execute:72 - Client status changed to Status.in_game (was None)
2024-11-22 14:26:49.519 | INFO     | sc2.main:_play_game:221 - Player 1 - Bot LadderBot(Terran)
2024-11-22 14:26:50.356 | 00:00    0ms    0M    0G  12/ 15U [Version] 5.0.13.92440
2024-11-22 14:26:50.357 | 00:00    0ms    0M    0G  12/ 15U [Version] 5.0.6 Balance mod recognized.
2024-11-22 14:26:50.538 | 00:00    0ms    0M    0G  12/ 15U [ZoneManager] Map set to: MapName.Unknown from name: Site Delta AIE and hash: 4002476.
2024-11-22 14:26:52.130 | 00:00    0ms    0M    0G  12/ 15U [Build] Att at 60
2024-11-22 14:26:52.188 | [Start] My race: Terran
2024-11-22 14:26:52.189 | [Start] Opponent race: Zerg
2024-11-22 14:26:52.190 | [Start] OpponentId: None
2024-11-22 14:26:52.587 | 00:00   16ms    0M    0G  13/ 15U [GameAnalyzer] Income advantage is now SlightDisadvantage
2024-11-22 14:26:52.717 | 00:01   15ms    0M    0G  13/ 15U [GameAnalyzer] Income advantage is now Even
2024-11-22 14:26:56.299 | 00:14   15ms    0M    0G  13/ 15U [ActUnit] SCV from COMMANDCENTER at (149.5, 42.5)
2024-11-22 14:26:59.688 | 00:27   20ms  115M    0G  14/ 15U [ActUnit] SCV from COMMANDCENTER at (149.5, 42.5)
2024-11-22 14:27:03.199 | 00:39   19ms   65M    0G  15/ 23U [ActUnit] SCV from COMMANDCENTER at (149.5, 42.5)
2024-11-22 14:27:06.752 | 00:51   19ms  180M    0G  16/ 23U [ActUnit] SCV from COMMANDCENTER at (149.5, 42.5)
2024-11-22 14:27:10.456 | 01:03   22ms  315M    0G  17/ 23U [ActUnit] SCV from COMMANDCENTER at (149.5, 42.5)
2024-11-22 14:27:12.609 | 01:08   25ms  390M    0G  18/ 23U [GameAnalyzer] Income advantage is now SmallDisadvantage
2024-11-22 14:27:12.761 | 01:09   28ms  395M    0G  18/ 23U [GameAnalyzer] Income advantage is now SlightDisadvantage
2024-11-22 14:27:13.074 | 01:10   29ms  405M    0G  18/ 23U [Expand] Expanding to (154.5, 69.5)
2024-11-22 14:27:13.151 | 01:10   32ms    5M    0G  18/ 23U [GameAnalyzer] Income advantage is now SmallDisadvantage
2024-11-22 14:27:13.388 | 01:11   29ms   20M    0G  18/ 23U [GameAnalyzer] Income advantage is now SlightDisadvantage
2024-11-22 14:27:13.542 | 01:11   26ms   20M    0G  18/ 23U [GameAnalyzer] Income advantage is now SmallDisadvantage
2024-11-22 14:27:13.769 | 01:12   25ms   30M    0G  18/ 23U [GameAnalyzer] Income advantage is now SlightDisadvantage
2024-11-22 14:27:13.853 | 01:12   27ms   35M    0G  18/ 23U [GameAnalyzer] Income advantage is now SmallDisadvantage
2024-11-22 14:27:14.156 | 01:13   27ms   50M    0G  18/ 23U [GameAnalyzer] Income advantage is now SlightDisadvantage
2024-11-22 14:27:14.234 | 01:13   27ms   50M    0G  18/ 23U [GameAnalyzer] Income advantage is now SmallDisadvantage
2024-11-22 14:27:14.312 | 01:13   27ms   55M    0G  18/ 23U [GameAnalyzer] Income advantage is now SlightDisadvantage
2024-11-22 14:27:14.393 | 01:13   29ms   55M    0G  18/ 23U [GameAnalyzer] Income advantage is now SmallDisadvantage
2024-11-22 14:27:14.476 | 01:14   27ms   55M    0G  18/ 23U [ChatManager] Tag:E_overlord
2024-11-22 14:27:14.710 | 01:14   25ms   70M    0G  18/ 23U [GameAnalyzer] Income advantage is now SlightDisadvantage
2024-11-22 14:27:14.807 | 01:15   30ms   70M    0G  18/ 23U [GameAnalyzer] Income advantage is now SmallDisadvantage
2024-11-22 14:27:14.894 | 01:15   38ms   75M    0G  18/ 23U [GameAnalyzer] Income advantage is now Even
2024-11-22 14:27:15.217 | 01:16   30ms   40M    0G  18/ 23U [ActUnit] SCV from COMMANDCENTER at (149.5, 42.5)
2024-11-22 14:27:15.302 | 01:16   29ms   40M    0G  19/ 23U [GameAnalyzer] Income advantage is now SlightDisadvantage
2024-11-22 14:27:15.458 | 01:16   28ms   50M    0G  19/ 23U [GameAnalyzer] Income advantage is now SmallDisadvantage
2024-11-22 14:27:15.542 | 01:17   29ms   55M    0G  19/ 23U [GameAnalyzer] Predicted army advantage is now SlightDisadvantage
2024-11-22 14:27:15.618 | 01:17   33ms   60M    0G  19/ 23U [GameAnalyzer] Income advantage is now SlightDisadvantage
2024-11-22 14:27:15.776 | 01:17   28ms   60M    0G  19/ 23U [GameAnalyzer] Income advantage is now SmallDisadvantage
2024-11-22 14:27:15.850 | 01:17   32ms   60M    0G  19/ 23U [GameAnalyzer] Income advantage is now SlightDisadvantage
2024-11-22 14:27:15.930 | 01:17   31ms   65M    0G  19/ 23U [GameAnalyzer] Income advantage is now SmallDisadvantage
2024-11-22 14:27:16.011 | 01:18   28ms   70M    0G  19/ 23U [GameAnalyzer] Income advantage is now SlightDisadvantage
2024-11-22 14:27:16.092 | 01:18   28ms   70M    0G  19/ 23U [GameAnalyzer] Income advantage is now SmallDisadvantage
2024-11-22 14:27:16.248 | 01:18   27ms   75M    0G  19/ 23U [GameAnalyzer] Income advantage is now Even
2024-11-22 14:27:18.092 | 01:23   31ms  155M    0G  19/ 23U [GameAnalyzer] Income advantage is now SlightDisadvantage
2024-11-22 14:27:18.171 | 01:24   30ms  165M    0G  19/ 23U [GameAnalyzer] Income advantage is now Even
2024-11-22 14:27:18.567 | 01:25   31ms  170M    0G  19/ 23U [GameAnalyzer] Income advantage is now SlightDisadvantage
2024-11-22 14:27:18.650 | 01:25   32ms  185M    0G  19/ 23U [GameAnalyzer] Income advantage is now Even
2024-11-22 14:27:18.651 | 01:25   32ms  135M    0G  19/ 23U [TerranUnit] MARINE from BARRACKS at (153.5, 49.5)
2024-11-22 14:27:19.361 | 01:27   27ms   50M    0G  20/ 23U [GameAnalyzer] Income advantage is now SlightDisadvantage
2024-11-22 14:27:19.445 | 01:27   29ms   55M    0G  20/ 23U [GameAnalyzer] Income advantage is now Even
2024-11-22 14:27:20.080 | 01:29   34ms   90M    0G  20/ 23U [GameAnalyzer] Income advantage is now SlightDisadvantage
2024-11-22 14:27:20.155 | 01:29   35ms   90M    0G  20/ 23U [GameAnalyzer] Income advantage is now Even
2024-11-22 14:27:20.390 | 01:30   30ms   95M    0G  20/ 23U [GameAnalyzer] Income advantage is now SlightDisadvantage
2024-11-22 14:27:20.471 | 01:30   30ms   95M    0G  20/ 23U [GameAnalyzer] Income advantage is now Even
2024-11-22 14:27:20.876 | 01:31   29ms  115M    0G  20/ 23U [GameAnalyzer] Income advantage is now SlightDisadvantage
2024-11-22 14:27:20.958 | 01:31   31ms  120M    0G  20/ 23U [GameAnalyzer] Income advantage is now Even
2024-11-22 14:27:21.198 | 01:32   31ms  130M    0G  20/ 23U [GameAnalyzer] Income advantage is now SlightDisadvantage
2024-11-22 14:27:21.436 | 01:33   30ms  145M    0G  20/ 23U [GameAnalyzer] Income advantage is now Even
2024-11-22 14:27:21.678 | 01:33   31ms  155M    0G  20/ 23U [GameAnalyzer] Income advantage is now SlightDisadvantage
2024-11-22 14:27:21.765 | 01:33   35ms  160M    0G  20/ 23U [GameAnalyzer] Income advantage is now Even
2024-11-22 14:27:22.544 | 01:35   34ms  190M    0G  20/ 23U [GameAnalyzer] Income advantage is now SlightDisadvantage
2024-11-22 14:27:22.781 | 01:36   36ms  200M    0G  20/ 23U [GameAnalyzer] Income advantage is now Even
2024-11-22 14:27:23.249 | 01:37   33ms   75M    0G  20/ 23U [GameAnalyzer] Income advantage is now SlightDisadvantage
2024-11-22 14:27:23.327 | 01:38   30ms   80M    0G  20/ 23U [GameAnalyzer] Income advantage is now Even
2024-11-22 14:27:23.407 | 01:38   33ms   80M    0G  20/ 23U [GameAnalyzer] Income advantage is now SlightDisadvantage
2024-11-22 14:27:23.560 | 01:38   30ms   95M    0G  20/ 23U [GameAnalyzer] Income advantage is now Even
2024-11-22 14:27:23.640 | 01:39   30ms   95M    0G  20/ 23U [GameAnalyzer] Income advantage is now SlightDisadvantage
2024-11-22 14:27:23.717 | 01:39   35ms  100M    0G  20/ 23U [GameAnalyzer] Income advantage is now Even
2024-11-22 14:27:23.876 | 01:39   30ms    0M    0G  20/ 23U [GameAnalyzer] Income advantage is now SlightDisadvantage
2024-11-22 14:27:24.097 | 01:40   33ms   20M    0G  20/ 23U [GameAnalyzer] Income advantage is now Even
2024-11-22 14:27:24.181 | 01:40   30ms   20M    0G  20/ 23U [GameAnalyzer] Income advantage is now SlightDisadvantage
2024-11-22 14:27:24.328 | 01:40   29ms   25M    0G  20/ 23U [GameAnalyzer] Income advantage is now Even
2024-11-22 14:27:24.415 | 01:41   31ms   30M    0G  20/ 23U [GameAnalyzer] Income advantage is now SlightDisadvantage
2024-11-22 14:27:24.644 | 01:41   29ms   40M    0G  20/ 23U [GameAnalyzer] Income advantage is now Even
2024-11-22 14:27:24.794 | 01:42   29ms   40M    0G  20/ 23U [GameAnalyzer] Income advantage is now SlightDisadvantage
2024-11-22 14:27:25.108 | 01:43   28ms   70M    0G  20/ 23U [GameAnalyzer] Income advantage is now Even
2024-11-22 14:27:25.184 | 01:43   33ms   70M    0G  20/ 23U [GameAnalyzer] Known army advantage is now SlightAdvantage
2024-11-22 14:27:25.203 | ERROR    | sc2.main:run_bot_iteration:158 - Caught exception: 'NoneType' object has no attribute 'to_commmand'
Traceback (most recent call last):

  File "d:\Bots\DemonT\run.py", line 18, in <module>
    main()
    └ <function main at 0x0000022DC5CFF380>

  File "d:\Bots\DemonT\run.py", line 13, in main
    result, opponentid = run_ladder_game(protoss_bot)
                         │               └ <sc2.player.Bot object at 0x0000022DC5A650D0>
                         └ <function run_ladder_game at 0x0000022DAA63E5C0>

  File "d:\Bots\DemonT\ladder.py", line 39, in run_ladder_game
    return stand_alone_game(bot), None
           │                └ <sc2.player.Bot object at 0x0000022DC5A650D0>
           └ <function stand_alone_game at 0x0000022DC3458400>

  File "d:\Bots\DemonT\ladder.py", line 166, in stand_alone_game
    return sc2.main.run_game(sc2.maps.get(map_name), [bot, Computer(Race.Zerg, Difficulty.VeryHard)], realtime=False,)
           │   │    │        │   │    │   │           │    │        │    │     │          └ <Difficulty.VeryHard: 7>
           │   │    │        │   │    │   │           │    │        │    │     └ <enum 'Difficulty'>
           │   │    │        │   │    │   │           │    │        │    └ <Race.Zerg: 2>
           │   │    │        │   │    │   │           │    │        └ <enum 'Race'>
           │   │    │        │   │    │   │           │    └ <class 'sc2.player.Computer'>
           │   │    │        │   │    │   │           └ <sc2.player.Bot object at 0x0000022DC5A650D0>
           │   │    │        │   │    │   └ 'SiteDelta513AIE'
           │   │    │        │   │    └ <function get at 0x0000022DC34A7D80>
           │   │    │        │   └ <module 'sc2.maps' from 'd:\\Bots\\DemonT\\sc2\\maps.py'>
           │   │    │        └ <module 'sc2' from 'd:\\Bots\\DemonT\\sc2\\__init__.py'>
           │   │    └ <function run_game at 0x0000022DC3608360>
           │   └ <module 'sc2.main' from 'd:\\Bots\\DemonT\\sc2\\main.py'>
           └ <module 'sc2' from 'd:\\Bots\\DemonT\\sc2\\__init__.py'>

  File "d:\Bots\DemonT\sc2\main.py", line 496, in run_game
    result: Result = asyncio.run(_host_game(map_settings, players, **kwargs))
                     │       │   │          │             │          └ {'realtime': False}
                     │       │   │          │             └ [<sc2.player.Bot object at 0x0000022DC5A650D0>, <sc2.player.Computer object at 0x0000022DC5D2D090>]
                     │       │   │          └ Map(D:\StarCraft II\maps\SiteDelta513AIE.SC2Map)
                     │       │   └ <function _host_game at 0x0000022DC35E3EC0>
                     │       └ <function run at 0x0000022DAC2960C0>
                     └ <module 'asyncio' from 'C:\\Users\\Lena\\AppData\\Local\\Programs\\Python\\Python311\\Lib\\asyncio\\__init__.py'>

  File "C:\Users\Lena\AppData\Local\Programs\Python\Python311\Lib\asyncio\runners.py", line 190, in run
    return runner.run(main)
           │      │   └ <coroutine object _host_game at 0x0000022DC5C78F60>
           │      └ <function Runner.run at 0x0000022DAC3060C0>
           └ <asyncio.runners.Runner object at 0x0000022DC41B0150>
  File "C:\Users\Lena\AppData\Local\Programs\Python\Python311\Lib\asyncio\runners.py", line 118, in run
    return self._loop.run_until_complete(task)
           │    │     │                  └ <Task pending name='Task-1' coro=<_host_game() running at d:\Bots\DemonT\sc2\main.py:369> cb=[_run_until_complete_cb() at C:\...
           │    │     └ <function BaseEventLoop.run_until_complete at 0x0000022DAC2FFBA0>
           │    └ <ProactorEventLoop running=True closed=False debug=False>
           └ <asyncio.runners.Runner object at 0x0000022DC41B0150>
  File "C:\Users\Lena\AppData\Local\Programs\Python\Python311\Lib\asyncio\base_events.py", line 640, in run_until_complete
    self.run_forever()
    │    └ <function ProactorEventLoop.run_forever at 0x0000022DAC7EFBA0>
    └ <ProactorEventLoop running=True closed=False debug=False>
  File "C:\Users\Lena\AppData\Local\Programs\Python\Python311\Lib\asyncio\windows_events.py", line 321, in run_forever
    super().run_forever()
  File "C:\Users\Lena\AppData\Local\Programs\Python\Python311\Lib\asyncio\base_events.py", line 607, in run_forever
    self._run_once()
    │    └ <function BaseEventLoop._run_once at 0x0000022DAC305940>
    └ <ProactorEventLoop running=True closed=False debug=False>
  File "C:\Users\Lena\AppData\Local\Programs\Python\Python311\Lib\asyncio\base_events.py", line 1922, in _run_once
    handle._run()
    │      └ <function Handle._run at 0x0000022DAC25AF20>
    └ <Handle Task.task_wakeup(<Future finished result=None>)>
  File "C:\Users\Lena\AppData\Local\Programs\Python\Python311\Lib\asyncio\events.py", line 80, in _run
    self._context.run(self._callback, *self._args)
    │    │            │    │           │    └ <member '_args' of 'Handle' objects>
    │    │            │    │           └ <Handle Task.task_wakeup(<Future finished result=None>)>
    │    │            │    └ <member '_callback' of 'Handle' objects>
    │    │            └ <Handle Task.task_wakeup(<Future finished result=None>)>
    │    └ <member '_context' of 'Handle' objects>
    └ <Handle Task.task_wakeup(<Future finished result=None>)>

  File "d:\Bots\DemonT\sc2\main.py", line 369, in _host_game
    result = await _play_game(players[0], client, realtime, portconfig, game_time_limit, rgb_render_config)
                   │          │           │       │         │           │                └ None
                   │          │           │       │         │           └ None
                   │          │           │       │         └ None
                   │          │           │       └ False
                   │          │           └ <sc2.client.Client object at 0x0000022DC4576110>
                   │          └ [<sc2.player.Bot object at 0x0000022DC5A650D0>, <sc2.player.Computer object at 0x0000022DC5D2D090>]
                   └ <function _play_game at 0x0000022DC35E3CE0>

  File "d:\Bots\DemonT\sc2\main.py", line 226, in _play_game
    result = await _play_game_ai(client, player_id, player.ai, realtime, game_time_limit)
                   │             │       │          │      │   │         └ None
                   │             │       │          │      │   └ False
                   │             │       │          │      └ <dummy.dummy.LadderBot object at 0x0000022DAA35DF90>
                   │             │       │          └ <sc2.player.Bot object at 0x0000022DC5A650D0>
                   │             │       └ 1
                   │             └ <sc2.client.Client object at 0x0000022DC4576110>
                   └ <function _play_game_ai at 0x0000022DC35E3BA0>

  File "d:\Bots\DemonT\sc2\main.py", line 196, in _play_game_ai
    await run_bot_iteration(iteration)  # Main bot loop
          │                 └ 463
          └ <function _play_game_ai.<locals>.run_bot_iteration at 0x0000022DC5D40040>

> File "d:\Bots\DemonT\sc2\main.py", line 156, in run_bot_iteration
    await ai.on_step(iteration)
          │  │       └ 463
          │  └ <function SkeletonBot.on_step at 0x0000022DC36FFF60>
          └ <dummy.dummy.LadderBot object at 0x0000022DAA35DF90>

  File "d:\Bots\DemonT\sharpy\knowledges\skeleton_bot.py", line 64, in on_step
    await self.knowledge.update(iteration)
          │    │         │      └ 463
          │    │         └ <function Knowledge.update at 0x0000022DC36FEE80>
          │    └ <sharpy.knowledges.knowledge.Knowledge object at 0x0000022DAA3AB7D0>
          └ <dummy.dummy.LadderBot object at 0x0000022DAA35DF90>

  File "d:\Bots\DemonT\sharpy\knowledges\knowledge.py", line 161, in update
    await manager.update()
          │       └ <function ActManager.update at 0x0000022DC3459C60>
          └ <sharpy.managers.core.act_manager.ActManager object at 0x0000022DC5D8CD10>

  File "d:\Bots\DemonT\sharpy\managers\core\act_manager.py", line 32, in update
    await self._act.execute()
          │    │    └ <function BuildOrder.execute at 0x0000022DC5BF7B00>
          │    └ <sharpy.plans.build_order.BuildOrder object at 0x0000022DC4759F90>
          └ <sharpy.managers.core.act_manager.ActManager object at 0x0000022DC5D8CD10>

  File "d:\Bots\DemonT\sharpy\plans\build_order.py", line 290, in execute
    if not await order.execute():
                 │     └ <function SequentialList.execute at 0x0000022DC5BF71A0>
                 └ <sharpy.plans.sequential_list.SequentialList object at 0x0000022DC68423D0>

  File "d:\Bots\DemonT\sharpy\plans\sequential_list.py", line 27, in execute
    result = await order.execute()
                   │     └ <function PlanZoneDefense.execute at 0x0000022DC5C44720>
                   └ <sharpy.plans.tactics.zone_defense.PlanZoneDefense object at 0x0000022DC5DAA050>

  File "d:\Bots\DemonT\sharpy\plans\tactics\zone_defense.py", line 125, in execute
    self.combat.execute(enemy_center, MoveType.SearchAndDestroy)
    │    │      │       │             │        └ <MoveType.SearchAndDestroy: 0>
    │    │      │       │             └ <enum 'MoveType'>
    │    │      │       └ (152.044677734375, 45.56103515625)
    │    │      └ <function GroupCombatManager.execute at 0x0000022DC5BE11C0>
    │    └ <sharpy.combat.group_combat_manager.GroupCombatManager object at 0x0000022DC5D244D0>
    └ <sharpy.plans.tactics.zone_defense.PlanZoneDefense object at 0x0000022DC5DAA050>

  File "d:\Bots\DemonT\sharpy\combat\group_combat_manager.py", line 109, in execute
    self.rules.handle_groups_func(self, target, move_type)
    │    │     │                  │     │       └ <MoveType.SearchAndDestroy: 0>
    │    │     │                  │     └ (152.044677734375, 45.56103515625)
    │    │     │                  └ <sharpy.combat.group_combat_manager.GroupCombatManager object at 0x0000022DC5D244D0>
    │    │     └ <function DefaultMicroMethods.handle_groups at 0x0000022DC3758220>
    │    └ <sharpy.combat.micro_rules.MicroRules object at 0x0000022DC5D245D0>
    └ <sharpy.combat.group_combat_manager.GroupCombatManager object at 0x0000022DC5D244D0>

  File "d:\Bots\DemonT\sharpy\combat\default_micro_methods.py", line 53, in handle_groups
    combat.attack_to(group, target, move_type)
    │      │         │      │       └ <MoveType.SearchAndDestroy: 0>
    │      │         │      └ (152.044677734375, 45.56103515625)
    │      │         └ <sharpy.combat.combat_units.CombatUnits object at 0x0000022DC6A5B690>
    │      └ <function GroupCombatManager.attack_to at 0x0000022DC5BE1440>
    └ <sharpy.combat.group_combat_manager.GroupCombatManager object at 0x0000022DC5D244D0>

  File "d:\Bots\DemonT\sharpy\combat\group_combat_manager.py", line 132, in attack_to
    self.action_to(group, target, move_type, True)
    │    │         │      │       └ <MoveType.SearchAndDestroy: 0>
    │    │         │      └ (152.044677734375, 45.56103515625)
    │    │         └ <sharpy.combat.combat_units.CombatUnits object at 0x0000022DC6A5B690>
    │    └ <function GroupCombatManager.action_to at 0x0000022DC5BE14E0>
    └ <sharpy.combat.group_combat_manager.GroupCombatManager object at 0x0000022DC5D244D0>

  File "d:\Bots\DemonT\sharpy\combat\group_combat_manager.py", line 159, in action_to
    final_action.to_commmand(unit)
    │                        └ Unit(name='Marine', tag=4357619715)
    └ None

AttributeError: 'NoneType' object has no attribute 'to_commmand'
2024-11-22 14:27:25.268 | INFO     | sc2.sc2process:_close_connection:231 - Closing connection at 57100...
2024-11-22 14:27:25.269 | INFO     | sc2.sc2process:kill_all:33 - kill_switch: Process cleanup for 1 processes
