2025-01-24 07:58:43.326 | INFO     | sc2.protocol:_execute:72 - Client status changed to Status.launched (was None)
2025-01-24 07:58:43.328 | INFO     | sc2.controller:create_game:37 - Creating new game
2025-01-24 07:58:43.328 | INFO     | sc2.controller:create_game:38 - Map:     EphemeronAIE
2025-01-24 07:58:43.329 | INFO     | sc2.controller:create_game:39 - Players: Bot LadderBot(Terran), Computer CheatInsane(Zerg, Macro)
2025-01-24 07:58:43.332 | INFO     | sc2.protocol:_execute:72 - Client status changed to Status.init_game (was Status.launched)
2025-01-24 07:58:54.921 | INFO     | sc2.protocol:_execute:72 - Client status changed to Status.in_game (was None)
2025-01-24 07:58:54.923 | INFO     | sc2.main:_play_game:221 - Player 1 - Bot LadderBot(Terran)
2025-01-24 07:58:55.785 | 00:00    0ms    0M    0G  12/ 15U [Version] 5.0.14.93333
2025-01-24 07:58:55.931 | 00:00    0ms    0M    0G  12/ 15U [ZoneManager] Map set to: MapName.Unknown from name: Эфемерон РВ and hash: 3713648.
2025-01-24 07:58:57.080 | [Start] My race: Terran
2025-01-24 07:58:57.081 | [Start] Opponent race: Zerg
2025-01-24 07:58:57.082 | [Start] OpponentId: None
2025-01-24 07:58:57.523 | 00:00   17ms    0M    0G  13/ 15U [GameAnalyzer] Income advantage is now SlightDisadvantage
2025-01-24 07:58:57.616 | 00:01   22ms    0M    0G  13/ 15U [GameAnalyzer] Income advantage is now Even
2025-01-24 07:59:00.246 | 00:12   16ms   65M    0G  13/ 15U [ActUnit] SCV from COMMANDCENTER at (29.5, 138.5)
2025-01-24 07:59:03.406 | 00:24   15ms  180M    0G  14/ 15U [ActUnit] SCV from COMMANDCENTER at (29.5, 138.5)
2025-01-24 07:59:11.552 | 00:56   81ms  490M    0G  15/ 23U [ActUnit] SCV from COMMANDCENTER at (29.5, 138.5)
2025-01-24 07:59:11.628 | 00:57   19ms  270M    0G  16/ 23U [BuildGas] Building REFINERY to (22.5, 135.5)
2025-01-24 07:59:14.186 | 01:06   18ms  400M    0G  16/ 23U [Expand] Expanding to (29.5, 111.5)
2025-01-24 07:59:15.559 | 01:10   19ms    0M    0G  16/ 23U [ActUnit] SCV from COMMANDCENTER at (29.5, 138.5)
2025-01-24 07:59:16.366 | 01:13   22ms   25M    0G  17/ 23U [GameAnalyzer] Income advantage is now SlightAdvantage
2025-01-24 07:59:17.871 | 01:19   18ms   90M    0G  17/ 23U [GameAnalyzer] Income advantage is now Even
2025-01-24 07:59:17.936 | 01:19   21ms  100M    0G  17/ 23U [GameAnalyzer] Income advantage is now SlightAdvantage
2025-01-24 07:59:18.859 | 01:22   19ms  130M    0G  17/ 23U [GameAnalyzer] Income advantage is now SmallAdvantage
2025-01-24 07:59:18.919 | 01:22   21ms  130M    0G  17/ 23U [GameAnalyzer] Income advantage is now SlightAdvantage
2025-01-24 07:59:19.097 | 01:23   20ms  135M    0G  17/ 23U [GameAnalyzer] Income advantage is now SmallAdvantage
2025-01-24 07:59:19.098 | 01:23   20ms   85M    0G  17/ 23U [ActUnit] SCV from COMMANDCENTER at (29.5, 138.5)
2025-01-24 07:59:19.165 | 01:23   21ms   85M    0G  18/ 23U [GameAnalyzer] Income advantage is now SlightAdvantage
2025-01-24 07:59:19.228 | 01:23   20ms   90M    0G  18/ 23U [GameAnalyzer] Income advantage is now SmallAdvantage
2025-01-24 07:59:19.296 | 01:23   22ms   95M    0G  18/ 23U [GameAnalyzer] Income advantage is now SlightAdvantage
2025-01-24 07:59:19.544 | 01:24   20ms  105M    8G  18/ 23U [GameAnalyzer] Income advantage is now SmallAdvantage
2025-01-24 07:59:19.678 | 01:25   21ms  105M    8G  18/ 23U [GameAnalyzer] Income advantage is now SlightAdvantage
2025-01-24 07:59:20.259 | 01:27   20ms  130M    8G  18/ 23U [GameAnalyzer] Income advantage is now SmallAdvantage
2025-01-24 07:59:20.327 | 01:27   20ms  130M    8G  18/ 23U [GameAnalyzer] Income advantage is now SlightAdvantage
2025-01-24 07:59:20.577 | 01:28   83ms  140M    8G  18/ 23U [GameAnalyzer] Income advantage is now SmallAdvantage
2025-01-24 07:59:20.644 | 01:28   19ms  145M    8G  18/ 23U [GameAnalyzer] Income advantage is now SlightAdvantage
2025-01-24 07:59:20.765 | 01:28   19ms  150M   12G  18/ 23U [GameAnalyzer] Income advantage is now SmallAdvantage
2025-01-24 07:59:21.019 | 01:29   19ms  155M   12G  18/ 23U [GameAnalyzer] Income advantage is now SlightAdvantage
2025-01-24 07:59:21.916 | 01:30   22ms  175M   16G  18/ 23U [GameAnalyzer] Income advantage is now Even
2025-01-24 07:59:23.487 | 01:35   26ms  155M   28G  18/ 23U [BuildGas] Building REFINERY to (32.5, 145.5)
2025-01-24 07:59:23.566 | 01:35   26ms  110M   28G  18/ 23U [ActUnit] SCV from COMMANDCENTER at (29.5, 138.5)
2025-01-24 07:59:23.937 | 01:36   26ms  115M   32G  19/ 23U [GameAnalyzer] Income advantage is now SmallAdvantage
2025-01-24 07:59:24.014 | 01:36   25ms  115M   32G  19/ 23U [GameAnalyzer] Income advantage is now SlightAdvantage
2025-01-24 07:59:24.242 | 01:37   26ms  125M   36G  19/ 23U [GameAnalyzer] Income advantage is now Even
2025-01-24 07:59:24.243 | 01:37   26ms  125M   36G  19/ 23U [GameAnalyzer] Predicted army advantage is now SlightDisadvantage
2025-01-24 07:59:26.775 | 01:44   26ms  200M   52G  19/ 23U [GameAnalyzer] Income advantage is now SlightDisadvantage
2025-01-24 07:59:27.530 | 01:46   29ms  230M   60G  19/ 23U [GameAnalyzer] Income advantage is now Even
2025-01-24 07:59:27.688 | 01:47   31ms  230M   60G  19/ 23U [GameAnalyzer] Income advantage is now SlightDisadvantage
2025-01-24 07:59:27.763 | 01:47   29ms  235M   60G  19/ 23U [GameAnalyzer] Income advantage is now Even
2025-01-24 07:59:28.301 | 01:49   27ms  100M   64G  19/ 23U [GameAnalyzer] Income advantage is now SlightDisadvantage
2025-01-24 07:59:28.375 | 01:49   32ms  105M   64G  19/ 23U [GameAnalyzer] Income advantage is now Even
2025-01-24 07:59:28.608 | 01:50   31ms  105M   68G  19/ 23U [GameAnalyzer] Income advantage is now SlightDisadvantage
2025-01-24 07:59:28.832 | 01:50   30ms  130M   68G  19/ 23U [GameAnalyzer] Income advantage is now Even
2025-01-24 07:59:28.984 | 01:51   28ms  130M   68G  19/ 23U [GameAnalyzer] Income advantage is now SlightDisadvantage
2025-01-24 07:59:29.060 | 01:51   31ms  135M   72G  19/ 23U [GameAnalyzer] Income advantage is now Even
2025-01-24 07:59:29.349 | 01:52   30ms  135M   72G  19/ 23U [GameAnalyzer] Income advantage is now SlightDisadvantage
2025-01-24 07:59:29.505 | 01:52   27ms  145M   72G  19/ 23U [GameAnalyzer] Income advantage is now Even
2025-01-24 07:59:29.738 | 01:53   28ms  150M   76G  19/ 23U [GameAnalyzer] Income advantage is now SlightDisadvantage
2025-01-24 07:59:29.810 | 01:53   32ms  160M   76G  19/ 23U [GameAnalyzer] Income advantage is now Even
2025-01-24 07:59:30.193 | 01:54   28ms  165M   80G  19/ 23U [GameAnalyzer] Income advantage is now SlightDisadvantage
2025-01-24 07:59:30.344 | 01:54   28ms  175M   80G  19/ 23U [GameAnalyzer] Income advantage is now Even
2025-01-24 07:59:30.426 | 01:55   28ms  180M   80G  19/ 23U [GameAnalyzer] Income advantage is now SlightDisadvantage
2025-01-24 07:59:30.650 | 01:55   28ms  190M   84G  19/ 23U [GameAnalyzer] Income advantage is now Even
2025-01-24 07:59:30.725 | 01:56   31ms  190M   84G  19/ 23U [GameAnalyzer] Income advantage is now SlightDisadvantage
2025-01-24 07:59:30.798 | 01:56   29ms  195M   84G  19/ 23U [GameAnalyzer] Income advantage is now Even
2025-01-24 07:59:30.875 | 01:56   29ms  195M   84G  19/ 23U [GameAnalyzer] Income advantage is now SlightDisadvantage
2025-01-24 07:59:31.081 | 01:56   94ms  200M   84G  19/ 23U [GameAnalyzer] Income advantage is now Even
2025-01-24 07:59:31.448 | 01:58   32ms  210M   88G  19/ 23U [GameAnalyzer] Income advantage is now SlightDisadvantage
2025-01-24 07:59:31.593 | 01:58   28ms  220M   88G  19/ 23U [GameAnalyzer] Income advantage is now Even
2025-01-24 07:59:31.744 | 01:58   28ms  220M   92G  19/ 23U [GameAnalyzer] Income advantage is now SlightDisadvantage
2025-01-24 07:59:31.830 | 01:59   29ms  225M   92G  19/ 23U [GameAnalyzer] Income advantage is now Even
2025-01-24 07:59:32.192 | 02:00   28ms  240M   96G  19/ 23U [GameAnalyzer] Income advantage is now SlightDisadvantage
2025-01-24 07:59:32.267 | 02:00   29ms  245M   96G  19/ 23U [GameAnalyzer] Income advantage is now Even
2025-01-24 07:59:32.414 | 02:00   29ms  245M   96G  19/ 23U [GameAnalyzer] Income advantage is now SlightDisadvantage
2025-01-24 07:59:32.563 | 02:01   30ms  260M  100G  19/ 23U [GameAnalyzer] Income advantage is now Even
2025-01-24 07:59:32.704 | 02:01   30ms  260M  104G  19/ 23U [GameAnalyzer] Income advantage is now SlightDisadvantage
2025-01-24 07:59:32.775 | 02:01   96ms  265M  104G  19/ 23U [GameAnalyzer] Income advantage is now Even
2025-01-24 07:59:32.922 | 02:02   29ms  270M  104G  19/ 23U [GameAnalyzer] Income advantage is now SlightDisadvantage
2025-01-24 07:59:33.000 | 02:02   29ms  270M  104G  19/ 23U [GameAnalyzer] Income advantage is now Even
2025-01-24 07:59:33.140 | 02:02   27ms  270M  108G  19/ 23U [GameAnalyzer] Income advantage is now SlightDisadvantage
2025-01-24 07:59:33.356 | 02:03   28ms  285M  108G  19/ 23U [GameAnalyzer] Income advantage is now Even
2025-01-24 07:59:33.432 | 02:03   31ms  290M  108G  19/ 23U [GameAnalyzer] Income advantage is now SlightDisadvantage
2025-01-24 07:59:33.736 | 02:04   29ms  150M   12G  19/ 23U [GameAnalyzer] Income advantage is now Even
2025-01-24 07:59:33.883 | 02:05   27ms  150M   12G  19/ 23U [GameAnalyzer] Income advantage is now SlightDisadvantage
2025-01-24 07:59:34.241 | 02:06   27ms  180M   20G  19/ 23U [GameAnalyzer] Income advantage is now Even
2025-01-24 07:59:34.321 | 02:06   28ms  180M   20G  19/ 23U [GameAnalyzer] Income advantage is now SlightDisadvantage
2025-01-24 07:59:34.674 | 02:07   29ms  185M   24G  19/ 23U [GameAnalyzer] Income advantage is now Even
2025-01-24 07:59:34.755 | 02:07   28ms  185M   24G  19/ 23U [GameAnalyzer] Income advantage is now SlightDisadvantage
2025-01-24 07:59:35.050 | 02:08   27ms  205M   28G  19/ 23U [GameAnalyzer] Income advantage is now Even
2025-01-24 07:59:35.124 | 02:08   30ms  205M   28G  19/ 23U [GameAnalyzer] Income advantage is now SlightDisadvantage
2025-01-24 07:59:35.270 | 02:09   28ms  210M   32G  19/ 23U [GameAnalyzer] Income advantage is now Even
2025-01-24 07:59:35.346 | 02:09   30ms  210M   36G  19/ 23U [GameAnalyzer] Income advantage is now SlightDisadvantage
2025-01-24 07:59:35.421 | 02:09   28ms  210M   36G  19/ 23U [GameAnalyzer] Income advantage is now Even
2025-01-24 07:59:35.499 | 02:09   29ms  210M   36G  19/ 23U [GameAnalyzer] Income advantage is now SlightDisadvantage
2025-01-24 07:59:35.713 | 02:10   27ms  225M   36G  19/ 23U [GameAnalyzer] Income advantage is now Even
2025-01-24 07:59:35.788 | 02:10   30ms  230M   40G  19/ 23U [GameAnalyzer] Income advantage is now SlightDisadvantage
2025-01-24 07:59:36.148 | 02:11   27ms  240M   40G  19/ 23U [GameAnalyzer] Income advantage is now Even
2025-01-24 07:59:36.292 | 02:12   30ms  245M   44G  19/ 23U [GameAnalyzer] Income advantage is now SlightDisadvantage
2025-01-24 07:59:36.436 | 02:12   27ms  250M   44G  19/ 23U [GameAnalyzer] Income advantage is now Even
2025-01-24 07:59:36.510 | 02:12   31ms  255M   44G  19/ 23U [GameAnalyzer] Income advantage is now SlightDisadvantage
2025-01-24 07:59:36.513 | 02:12   31ms  205M   44G  19/ 23U [ActUnit] SCV from COMMANDCENTER at (29.5, 138.5)
2025-01-24 07:59:36.597 | 02:13   30ms  205M   44G  20/ 23U [BuildDetector] POSSIBLE RUSH: RoachRush.
2025-01-24 07:59:36.598 | 02:13   30ms  205M   44G  20/ 23U [BuildDetector] Enemy early build recognized as EarlyRoachZerg
2025-01-24 07:59:36.599 | 02:13   30ms  205M   44G  20/ 23U [ChatManager] Tag:BotVSEarlyRoachZerg
2025-01-24 07:59:36.606 | 02:13   30ms  205M   44G  20/ 23U [BuildDetector] POSSIBLE RUSH: RoachRush.
2025-01-24 07:59:36.607 | 02:13   30ms  205M   44G  20/ 23U [BuildDetector] Enemy early build recognized as EarlyRoachZerg
2025-01-24 07:59:36.767 | 02:13   31ms  210M   52G  20/ 23U [GameAnalyzer] Known army advantage is now SlightDisadvantage
2025-01-24 07:59:36.768 | 02:13   31ms  210M   52G  20/ 23U [GameAnalyzer] Predicted army advantage is now ClearDisadvantage
2025-01-24 07:59:36.843 | 02:13   34ms  215M   52G  20/ 23U [GameAnalyzer] Income advantage is now Even
2025-01-24 07:59:37.066 | 02:14   29ms  220M   52G  20/ 23U [GameAnalyzer] Income advantage is now SlightDisadvantage
2025-01-24 07:59:37.687 | 02:16   33ms  250M   60G  20/ 23U [GameAnalyzer] Income advantage is now Even
2025-01-24 07:59:37.769 | 02:16   31ms  250M   60G  20/ 23U [GameAnalyzer] Income advantage is now SlightDisadvantage
2025-01-24 07:59:38.149 | 02:17   30ms  265M   64G  20/ 23U [GameAnalyzer] Income advantage is now Even
2025-01-24 07:59:38.306 | 02:17   29ms  265M   68G  20/ 23U [GameAnalyzer] Income advantage is now SlightDisadvantage
2025-01-24 07:59:38.385 | 02:17   32ms  265M   68G  20/ 23U [GameAnalyzer] Income advantage is now Even
2025-01-24 07:59:38.542 | 02:18   33ms  270M   68G  20/ 23U [GameAnalyzer] Income advantage is now SlightDisadvantage
2025-01-24 07:59:38.920 | 02:19   32ms  295M   72G  20/ 23U [GameAnalyzer] Income advantage is now Even
2025-01-24 07:59:39.003 | 02:19   30ms  295M   72G  20/ 23U [GameAnalyzer] Income advantage is now SlightDisadvantage
2025-01-24 07:59:39.245 | 02:20   34ms  300M   76G  20/ 23U [GameAnalyzer] Income advantage is now Even
2025-01-24 07:59:39.397 | 02:20   32ms  300M   80G  20/ 23U [GameAnalyzer] Income advantage is now SlightDisadvantage
2025-01-24 07:59:39.625 | 02:21   32ms  320M   84G  20/ 23U [GameAnalyzer] Income advantage is now Even
2025-01-24 07:59:39.779 | 02:21   29ms  325M   84G  20/ 23U [GameAnalyzer] Income advantage is now SlightDisadvantage
2025-01-24 07:59:39.990 | 02:22   96ms  325M   88G  20/ 23U [GameAnalyzer] Income advantage is now Even
2025-01-24 07:59:40.217 | 02:23   29ms  325M   88G  20/ 23U [GameAnalyzer] Income advantage is now SlightDisadvantage
2025-01-24 07:59:40.517 | 02:23   29ms  355M   92G  20/ 23U [GameAnalyzer] Income advantage is now Even
2025-01-24 07:59:40.593 | 02:24   32ms  355M   92G  20/ 23U [GameAnalyzer] Income advantage is now SlightDisadvantage
2025-01-24 07:59:40.894 | 02:25   31ms  355M   96G  20/ 23U [GameAnalyzer] Income advantage is now Even
2025-01-24 07:59:40.895 | 02:25   31ms  305M   96G  20/ 23U [ActUnit] SCV from COMMANDCENTER at (29.5, 138.5)
2025-01-24 07:59:41.133 | 02:25   30ms  160M  100G  21/ 38U [GameAnalyzer] Income advantage is now SlightDisadvantage
2025-01-24 07:59:41.210 | 02:25   34ms  175M  100G  21/ 38U [GameAnalyzer] Income advantage is now Even
2025-01-24 07:59:41.359 | 02:26   31ms  180M  104G  21/ 38U [GameAnalyzer] Income advantage is now SlightDisadvantage
2025-01-24 07:59:41.438 | 02:26   32ms  185M  104G  21/ 38U [GameAnalyzer] Income advantage is now Even
2025-01-24 07:59:41.809 | 02:27   32ms  185M  104G  21/ 38U [GameAnalyzer] Income advantage is now SlightDisadvantage
2025-01-24 07:59:42.036 | 02:28   33ms  205M  108G  21/ 38U [GameAnalyzer] Income advantage is now Even
2025-01-24 07:59:42.577 | 02:29   30ms  215M  116G  21/ 38U [GameAnalyzer] Income advantage is now SlightDisadvantage
2025-01-24 07:59:42.726 | 02:30   31ms  230M  120G  21/ 38U [GameAnalyzer] Income advantage is now Even
2025-01-24 07:59:42.882 | 02:30   30ms  235M  120G  21/ 38U [GameAnalyzer] Income advantage is now SlightDisadvantage
2025-01-24 07:59:43.034 | 02:31   29ms  250M  120G  21/ 38U [GameAnalyzer] Income advantage is now Even
2025-01-24 07:59:43.406 | 02:32   30ms  250M  124G  21/ 38U [GameAnalyzer] Income advantage is now SlightDisadvantage
2025-01-24 07:59:43.482 | 02:32  104ms  255M  124G  21/ 38U [GameAnalyzer] Income advantage is now Even
2025-01-24 07:59:43.782 | 02:33   31ms  275M  132G  21/ 38U [GameAnalyzer] Income advantage is now SlightDisadvantage
2025-01-24 07:59:43.929 | 02:33   33ms  280M  132G  21/ 38U [GameAnalyzer] Income advantage is now Even
2025-01-24 07:59:44.085 | 02:34   31ms  280M  132G  21/ 38U [GameAnalyzer] Predicted army advantage is now OverwhelmingDisadvantage
2025-01-24 07:59:44.163 | 02:34   34ms  285M  136G  21/ 38U [GameAnalyzer] Income advantage is now SlightDisadvantage
2025-01-24 07:59:44.237 | 02:34   33ms  290M  136G  21/ 38U [GameAnalyzer] Income advantage is now Even
2025-01-24 07:59:44.535 | 02:35   31ms  155M   36G  21/ 38U [GameAnalyzer] Income advantage is now SlightDisadvantage
2025-01-24 07:59:44.680 | 02:35   30ms  160M   40G  21/ 38U [GameAnalyzer] Income advantage is now Even
2025-01-24 07:59:44.908 | 02:36   29ms  170M   44G  21/ 38U [GameAnalyzer] Income advantage is now SlightDisadvantage
2025-01-24 07:59:45.203 | 02:37   31ms  185M   48G  21/ 38U [GameAnalyzer] Income advantage is now Even
2025-01-24 07:59:45.285 | 02:37   31ms  140M   48G  21/ 38U [ActUnit] SCV from COMMANDCENTER at (29.5, 138.5)
2025-01-24 07:59:45.364 | 02:37   33ms  140M   48G  22/ 38U [GameAnalyzer] Income advantage is now SlightDisadvantage
2025-01-24 07:59:45.446 | 02:37   36ms  140M   48G  22/ 38U [GameAnalyzer] Income advantage is now Even
2025-01-24 07:59:46.208 | 02:39   31ms  165M   56G  22/ 38U [GameAnalyzer] Income advantage is now SlightDisadvantage
2025-01-24 07:59:46.287 | 02:40   34ms  170M   60G  22/ 38U [GameAnalyzer] Income advantage is now Even
2025-01-24 07:59:46.547 | 02:40   37ms  175M   60G  22/ 38U [GameAnalyzer] Income advantage is now SlightDisadvantage
2025-01-24 07:59:46.708 | 02:41   34ms  190M   64G  22/ 38U [GameAnalyzer] Income advantage is now Even
2025-01-24 07:59:46.941 | 02:41   31ms  200M   64G  22/ 38U [GameAnalyzer] Income advantage is now SlightDisadvantage
2025-01-24 07:59:47.162 | 02:42   34ms  205M   68G  22/ 38U [GameAnalyzer] Income advantage is now Even
2025-01-24 07:59:47.483 | 02:43   34ms  210M   68G  22/ 38U [GameAnalyzer] Income advantage is now SlightDisadvantage
2025-01-24 07:59:47.567 | 02:43   35ms  220M   72G  22/ 38U [GameAnalyzer] Income advantage is now Even
2025-01-24 07:59:47.794 | 02:44   31ms  225M   76G  22/ 38U [GameAnalyzer] Income advantage is now SlightDisadvantage
2025-01-24 07:59:47.873 | 02:44   35ms  225M   76G  22/ 38U [GameAnalyzer] Income advantage is now Even
2025-01-24 07:59:48.251 | 02:45   30ms  235M   80G  22/ 38U [GameAnalyzer] Income advantage is now SlightDisadvantage
2025-01-24 07:59:48.403 | 02:45   30ms  260M   80G  22/ 38U [GameAnalyzer] Income advantage is now Even
2025-01-24 07:59:49.078 | 02:47   33ms  170M   92G  22/ 38U [GameAnalyzer] Income advantage is now SlightDisadvantage
2025-01-24 07:59:49.230 | 02:48   31ms  190M   92G  22/ 38U [GameAnalyzer] Income advantage is now Even
2025-01-24 07:59:49.548 | 02:48   34ms  195M   96G  22/ 38U [GameAnalyzer] Income advantage is now SlightDisadvantage
2025-01-24 07:59:49.630 | 02:49   33ms  195M   96G  22/ 38U [GameAnalyzer] Income advantage is now Even
2025-01-24 07:59:49.718 | 02:49   32ms  200M   96G  22/ 38U [BuildAddon] UnitTypeId.FACTORYTECHLAB to (31.0, 131.0)
2025-01-24 07:59:49.808 | 02:49   45ms  100M   71G  22/ 38U [ActUnit] SCV from COMMANDCENTER at (29.5, 138.5)
2025-01-24 07:59:49.884 | 02:49   32ms  100M   75G  23/ 38U [GameAnalyzer] Income advantage is now SlightDisadvantage
2025-01-24 07:59:49.974 | 02:50   30ms  110M   75G  23/ 38U [GameAnalyzer] Income advantage is now Even
2025-01-24 07:59:50.057 | 02:50   35ms   70M   75G  23/ 38U [ActUnit] SCV from COMMANDCENTER at (29.5, 111.5)
2025-01-24 07:59:53.526 | 02:59   42ms  150M  115G  23/ 38U [GameAnalyzer] Known army advantage is now SmallDisadvantage
2025-01-24 07:59:53.527 | 02:59   42ms  150M  115G  23/ 38U [GameAnalyzer] Predicted army advantage is now ClearDisadvantage
2025-01-24 07:59:53.957 | 03:00   33ms  155M  119G  23/ 38U [GameAnalyzer] Income advantage is now SlightDisadvantage
2025-01-24 07:59:54.119 | 03:01   32ms  180M  119G  23/ 38U [GameAnalyzer] Income advantage is now Even
2025-01-24 07:59:54.349 | 03:01   34ms  180M  123G  23/ 38U [GameAnalyzer] Income advantage is now SlightDisadvantage
2025-01-24 07:59:54.440 | 03:01  103ms  130M  123G  23/ 38U [ActUnit] SCV from COMMANDCENTER at (29.5, 138.5)
2025-01-24 07:59:54.598 | 03:02   35ms  130M  123G  24/ 38U [GameAnalyzer] Income advantage is now Even
2025-01-24 07:59:54.683 | 03:02   34ms   80M  123G  24/ 38U [ActUnit] SCV from COMMANDCENTER at (29.5, 111.5)
2025-01-24 07:59:57.374 | 03:09   34ms  175M  163G  25/ 38U [GameAnalyzer] Predicted army advantage is now OverwhelmingDisadvantage
2025-01-24 07:59:58.984 | 03:14   33ms  200M  183G  25/ 46U [ActUnit] SCV from COMMANDCENTER at (29.5, 138.5)
2025-01-24 07:59:59.237 | 03:14   35ms  160M  187G  26/ 46U [ActUnit] SCV from COMMANDCENTER at (29.5, 111.5)
2025-01-24 08:00:01.536 | 03:20   38ms  255M  219G  27/ 46U [BuildAddon] UnitTypeId.FACTORYTECHLAB to (39.0, 136.0)
2025-01-24 08:00:03.902 | 03:26   39ms  165M  226G  27/ 46U [ActUnit] SCV from COMMANDCENTER at (29.5, 138.5)
2025-01-24 08:00:04.169 | 03:27   39ms  135M  226G  28/ 46U [ActUnit] SCV from COMMANDCENTER at (29.5, 111.5)
2025-01-24 08:00:06.082 | 03:31   37ms  150M  250G  29/ 46U [BuildGas] Building REFINERY to (26.5, 104.5)
2025-01-24 08:00:09.055 | 03:38   40ms  240M  290G  29/ 46U [ActUnit] SCV from COMMANDCENTER at (29.5, 138.5)
2025-01-24 08:00:09.410 | 03:39   40ms  195M  298G  30/ 46U [ActUnit] SCV from COMMANDCENTER at (29.5, 111.5)
2025-01-24 08:00:12.700 | 03:46   46ms  350M  330G  31/ 54U [GameAnalyzer] Income advantage is now SlightAdvantage
2025-01-24 08:00:12.878 | 03:46   48ms  350M  334G  31/ 54U [GameAnalyzer] Income advantage is now Even
2025-01-24 08:00:13.192 | 03:47   53ms  365M  338G  31/ 54U [GameAnalyzer] Income advantage is now SlightAdvantage
2025-01-24 08:00:13.488 | 03:47   69ms  370M  338G  31/ 54U [GameAnalyzer] Income advantage is now Even
2025-01-24 08:00:13.899 | 03:48   48ms  400M  346G  31/ 54U [GameAnalyzer] Income advantage is now SlightAdvantage
2025-01-24 08:00:13.908 | 03:48   48ms  400M  346G  31/ 54U [Expand] Expanding to (61.5, 134.5)
2025-01-24 08:00:14.004 | 03:48   47ms    0M  346G  31/ 54U [GameAnalyzer] Income advantage is now Even
2025-01-24 08:00:15.140 | 03:50  127ms   55M  354G  31/ 54U [GameAnalyzer] Income advantage is now SlightAdvantage
2025-01-24 08:00:15.296 | 03:51   47ms   55M  358G  31/ 54U [GameAnalyzer] Income advantage is now Even
2025-01-24 08:00:15.305 | 03:51   47ms    5M  358G  31/ 54U [ActUnit] SCV from COMMANDCENTER at (29.5, 138.5)
2025-01-24 08:00:15.886 | 03:52   40ms   30M  366G  32/ 54U [GameAnalyzer] Income advantage is now SlightAdvantage
2025-01-24 08:00:15.993 | 03:52   49ms   30M  366G  32/ 54U [GameAnalyzer] Income advantage is now Even
2025-01-24 08:00:16.366 | 03:53   39ms   50M  370G  32/ 54U [GameAnalyzer] Income advantage is now SlightAdvantage
2025-01-24 08:00:16.369 | 03:53   39ms    0M  370G  32/ 54U [ActUnit] SCV from COMMANDCENTER at (29.5, 111.5)
2025-01-24 08:00:16.482 | 03:53   43ms   10M  370G  33/ 54U [GameAnalyzer] Income advantage is now Even
2025-01-24 08:00:17.070 | 03:54   47ms   40M  378G  33/ 54U [GameAnalyzer] Income advantage is now SlightAdvantage
2025-01-24 08:00:17.194 | 03:55   55ms   40M  378G  33/ 54U [GameAnalyzer] Income advantage is now Even
2025-01-24 08:00:17.586 | 03:55   43ms   60M  386G  33/ 54U [GameAnalyzer] Income advantage is now SlightAdvantage
2025-01-24 08:00:17.917 | 03:56   48ms   75M  386G  33/ 54U [GameAnalyzer] Income advantage is now Even
2025-01-24 08:00:18.130 | 03:56   49ms   90M  390G  33/ 54U [GameAnalyzer] Income advantage is now SlightAdvantage
2025-01-24 08:00:19.086 | 03:58   42ms  115M  402G  33/ 54U [GameAnalyzer] Income advantage is now Even
2025-01-24 08:00:19.337 | 03:59   56ms  135M  406G  33/ 54U [GameAnalyzer] Income advantage is now SlightAdvantage
2025-01-24 08:00:19.925 | 04:00   42ms  145M  414G  33/ 54U [GameAnalyzer] Income advantage is now Even
2025-01-24 08:00:20.075 | 04:00   57ms  160M  414G  33/ 54U [GameAnalyzer] Income advantage is now SlightAdvantage
2025-01-24 08:00:20.467 | 04:01   55ms  180M  418G  33/ 54U [GameAnalyzer] Income advantage is now Even
2025-01-24 08:00:20.561 | 04:01   47ms  180M  422G  33/ 54U [GameAnalyzer] Income advantage is now SlightAdvantage
2025-01-24 08:00:20.675 | 04:01   50ms  185M  426G  33/ 54U [GameAnalyzer] Income advantage is now Even
2025-01-24 08:00:20.780 | 04:01   53ms  195M  426G  33/ 54U [GameAnalyzer] Income advantage is now SlightAdvantage
2025-01-24 08:00:20.891 | 04:01   53ms  195M  426G  33/ 54U [GameAnalyzer] Income advantage is now SmallAdvantage
2025-01-24 08:00:21.523 | 04:03   45ms   65M  438G  33/ 54U [ActUnit] SCV from COMMANDCENTER at (29.5, 138.5)
2025-01-24 08:00:22.899 | 04:05   48ms   80M  454G  34/ 54U [ActUnit] SCV from COMMANDCENTER at (29.5, 111.5)
2025-01-24 08:00:26.773 | 04:13   60ms  105M  410G  35/ 54U [GameAnalyzer] Income advantage is now Even
2025-01-24 08:00:28.322 | 04:15   48ms  125M  430G  35/ 54U [ActUnit] SCV from COMMANDCENTER at (29.5, 138.5)
2025-01-24 08:00:28.864 | 04:16   50ms  140M  442G  36/ 54U [GameAnalyzer] Predicted army advantage is now ClearDisadvantage
2025-01-24 08:00:29.598 | 04:18   54ms  135M  454G  36/ 54U [ActUnit] SCV from COMMANDCENTER at (29.5, 111.5)
2025-01-24 08:00:34.685 | 04:27   48ms  200M  430G  37/ 54U [ActUnit] SCV from COMMANDCENTER at (29.5, 138.5)
2025-01-24 08:00:34.693 | 04:27   48ms   50M  305G  37/ 54U [TerranUnit] SIEGETANK from FACTORY at (36.5, 136.5)
2025-01-24 08:00:35.932 | 04:30   48ms   80M  325G  41/ 54U [ActUnit] SCV from COMMANDCENTER at (29.5, 111.5)
2025-01-24 08:00:36.784 | 04:32   52ms  115M  337G  42/ 54U [GameAnalyzer] Predicted army advantage is now OverwhelmingDisadvantage
2025-01-24 08:00:37.121 | 04:32   54ms  160M  349G  42/ 54U [GameAnalyzer] Income advantage is now SlightAdvantage
2025-01-24 08:00:37.241 | 04:32   53ms  160M  349G  42/ 54U [GameAnalyzer] Income advantage is now Even
2025-01-24 08:00:37.899 | 04:34   56ms  190M  361G  42/ 54U [GameAnalyzer] Income advantage is now SlightAdvantage
2025-01-24 08:00:38.031 | 04:34   54ms  200M  361G  42/ 54U [DefensiveBuilding] Building SUPPLYDEPOT to (38.82360124086061, 108.26885625652812)
2025-01-24 08:00:38.138 | 04:34   62ms  100M  361G  42/ 54U [GameAnalyzer] Income advantage is now Even
2025-01-24 08:00:40.208 | 04:38   51ms  210M  393G  42/ 54U [DefensiveBuilding] Building SUPPLYDEPOT to (36.82360124086061, 108.26885625652812)
2025-01-24 08:00:41.209 | 04:40   56ms  130M  409G  42/ 54U [ActUnit] SCV from COMMANDCENTER at (29.5, 138.5)
2025-01-24 08:00:41.330 | 04:40   54ms  140M  409G  43/ 54U [GameAnalyzer] Income advantage is now SlightAdvantage
2025-01-24 08:00:41.447 | 04:40   53ms  140M  409G  43/ 54U [GameAnalyzer] Income advantage is now Even
2025-01-24 08:00:42.610 | 04:42   55ms  140M  425G  43/ 54U [ActUnit] SCV from COMMANDCENTER at (29.5, 111.5)
2025-01-24 08:00:42.970 | 04:43   55ms  185M  433G  44/ 54U [GameAnalyzer] Income advantage is now SlightAdvantage
2025-01-24 08:00:43.098 | 04:43   59ms  185M  433G  44/ 54U [GameAnalyzer] Income advantage is now Even
2025-01-24 08:00:43.513 | 04:44   63ms  205M  437G  44/ 54U [DefensiveBuilding] Building SUPPLYDEPOT to (34.82360124086061, 104.26885625652812)
2025-01-24 08:00:44.904 | 04:46   54ms  185M  457G  44/ 54U [GameAnalyzer] Income advantage is now SlightAdvantage
2025-01-24 08:00:45.031 | 04:46   59ms  190M  457G  44/ 54U [GameAnalyzer] Income advantage is now Even
2025-01-24 08:00:45.594 | 04:47   55ms  215M  469G  44/ 54U [DefensiveBuilding] Building SUPPLYDEPOT to (34.82360124086061, 106.26885625652812)
2025-01-24 08:00:48.096 | 04:52   58ms  105M  380G  44/ 54U [TerranUnit] SIEGETANK from FACTORY at (28.5, 131.5)
2025-01-24 08:00:48.215 | 04:52   58ms   60M  380G  47/ 54U [ActUnit] SCV from COMMANDCENTER at (29.5, 138.5)
2025-01-24 08:00:49.620 | 04:54   67ms   80M  404G  48/ 54U [ActUnit] SCV from COMMANDCENTER at (29.5, 111.5)
2025-01-24 08:00:49.891 | 04:55   52ms   90M  404G  49/ 54U [GameAnalyzer] Income advantage is now SlightAdvantage
2025-01-24 08:00:50.011 | 04:55   56ms   90M  404G  49/ 54U [GameAnalyzer] Income advantage is now Even
2025-01-24 08:00:51.021 | 04:57   69ms  150M  416G  49/ 54U [BuildAddon] UnitTypeId.FACTORYTECHLAB to (29.0, 147.0)
2025-01-24 08:00:51.776 | 04:58   55ms  145M  403G  49/ 54U [GameAnalyzer] Income advantage is now SlightAdvantage
2025-01-24 08:00:51.978 | 04:58   56ms  150M  407G  49/ 54U [GameAnalyzer] Income advantage is now Even
2025-01-24 08:00:52.513 | 04:59   60ms  175M  415G  49/ 54U [GameAnalyzer] Income advantage is now SlightAdvantage
2025-01-24 08:00:52.771 | 05:00   57ms  180M  415G  49/ 62U [GameAnalyzer] Income advantage is now Even
2025-01-24 08:00:53.309 | 05:00   63ms  235M  427G  49/ 62U [DefensiveBuilding] Building SUPPLYDEPOT to (34.82360124086061, 108.26885625652812)
2025-01-24 08:00:54.172 | 05:02   65ms  175M  439G  49/ 62U [GameAnalyzer] Income advantage is now SlightAdvantage
2025-01-24 08:00:54.437 | 05:02   66ms  180M  439G  49/ 62U [GameAnalyzer] Income advantage is now Even
2025-01-24 08:00:54.835 | 05:03   59ms  190M  447G  49/ 70U [GameAnalyzer] Income advantage is now SlightAdvantage
2025-01-24 08:00:55.167 | 05:03  129ms  200M  451G  49/ 70U [GameAnalyzer] Income advantage is now Even
2025-01-24 08:00:55.299 | 05:04   62ms  205M  451G  49/ 70U [GameAnalyzer] Income advantage is now SlightAdvantage
2025-01-24 08:00:55.680 | 05:04   59ms  200M  455G  49/ 70U [ActUnit] SCV from COMMANDCENTER at (29.5, 138.5)
2025-01-24 08:00:55.689 | 05:04   59ms   50M  330G  49/ 70U [TerranUnit] SIEGETANK from FACTORY at (36.5, 136.5)
2025-01-24 08:00:56.176 | 05:05   55ms   65M  338G  53/ 70U [GameAnalyzer] Income advantage is now Even
2025-01-24 08:00:56.426 | 05:06   55ms   85M  342G  53/ 70U [GameAnalyzer] Income advantage is now SlightAdvantage
2025-01-24 08:00:56.875 | 05:06   55ms  105M  350G  53/ 70U [GameAnalyzer] Income advantage is now Even
2025-01-24 08:00:57.132 | 05:07   57ms  115M  350G  53/ 70U [GameAnalyzer] Income advantage is now SlightAdvantage
2025-01-24 08:00:57.135 | 05:07   57ms   65M  350G  53/ 70U [ActUnit] SCV from COMMANDCENTER at (29.5, 111.5)
2025-01-24 08:00:57.637 | 05:08   54ms   90M  362G  54/ 70U [GameAnalyzer] Income advantage is now Even
2025-01-24 08:00:57.757 | 05:08   58ms   95M  362G  54/ 70U [GameAnalyzer] Income advantage is now SlightAdvantage
2025-01-24 08:00:58.129 | 05:08   56ms  105M  362G  54/ 70U [GameAnalyzer] Income advantage is now Even
2025-01-24 08:00:58.457 | 05:09   54ms  125M  370G  54/ 78U [GameAnalyzer] Income advantage is now SlightAdvantage
2025-01-24 08:00:58.854 | 05:10   57ms  140M  374G  54/ 78U [GameAnalyzer] Income advantage is now Even
2025-01-24 08:00:59.109 | 05:10   57ms  150M  378G  54/ 78U [GameAnalyzer] Income advantage is now SlightAdvantage
2025-01-24 08:00:59.120 | 05:10   57ms  150M  378G  54/ 78U [BuildAddon] UnitTypeId.FACTORYTECHLAB to (33.0, 128.0)
2025-01-24 08:00:59.514 | 05:11   56ms  120M  361G  54/ 78U [GameAnalyzer] Income advantage is now Even
2025-01-24 08:00:59.640 | 05:11   58ms  130M  361G  54/ 78U [GameAnalyzer] Income advantage is now SlightAdvantage
2025-01-24 08:00:59.776 | 05:11   60ms  165M  361G  54/ 78U [GameAnalyzer] Income advantage is now Even
2025-01-24 08:00:59.904 | 05:11   62ms  180M  361G  54/ 78U [GameAnalyzer] Income advantage is now SlightAdvantage
2025-01-24 08:01:01.182 | 05:13   55ms   80M  231G  54/101U [GameAnalyzer] Income advantage is now SmallAdvantage
2025-01-24 08:01:01.555 | 05:14   53ms  105M  235G  54/101U [GameAnalyzer] Income advantage is now SlightAdvantage
2025-01-24 08:01:01.680 | 05:14   58ms  110M  235G  54/101U [GameAnalyzer] Income advantage is now SmallAdvantage
2025-01-24 08:01:02.133 | 05:15   57ms  120M  247G  54/101U [GameAnalyzer] Income advantage is now SlightAdvantage
2025-01-24 08:01:02.382 | 05:15   57ms  140M  247G  54/101U [GameAnalyzer] Income advantage is now SmallAdvantage
2025-01-24 08:01:02.773 | 05:16   60ms  170M  251G  54/101U [GameAnalyzer] Income advantage is now SlightAdvantage
2025-01-24 08:01:03.035 | 05:16   62ms  185M  259G  54/101U [GameAnalyzer] Income advantage is now SmallAdvantage
2025-01-24 08:01:03.037 | 05:16   62ms  135M  259G  54/101U [ActUnit] SCV from COMMANDCENTER at (29.5, 138.5)
2025-01-24 08:01:03.493 | 05:17   59ms  145M  259G  55/101U [GameAnalyzer] Income advantage is now SlightAdvantage
2025-01-24 08:01:03.629 | 05:17   65ms  155M  263G  55/101U [GameAnalyzer] Income advantage is now SmallAdvantage
2025-01-24 08:01:04.291 | 05:18   66ms  210M  271G  55/101U [GameAnalyzer] Income advantage is now SlightAdvantage
2025-01-24 08:01:04.555 | 05:19   61ms  235M  275G  55/101U [GameAnalyzer] Income advantage is now SmallAdvantage
2025-01-24 08:01:04.558 | 05:19   61ms  185M  275G  55/101U [ActUnit] SCV from COMMANDCENTER at (29.5, 111.5)
2025-01-24 08:01:04.825 | 05:19   61ms  190M  283G  56/101U [GameAnalyzer] Income advantage is now SlightAdvantage
2025-01-24 08:01:05.309 | 05:20  135ms  205M  283G  56/101U [GameAnalyzer] Income advantage is now SmallAdvantage
2025-01-24 08:01:05.973 | 05:21   65ms  110M  195G  56/101U [GameAnalyzer] Income advantage is now SlightAdvantage
2025-01-24 08:01:06.095 | 05:21   59ms  110M  195G  56/101U [GameAnalyzer] Income advantage is now SmallAdvantage
2025-01-24 08:01:06.358 | 05:22   58ms  115M  199G  56/101U [GameAnalyzer] Income advantage is now SlightAdvantage
2025-01-24 08:01:06.686 | 05:22   59ms  150M  207G  56/101U [GameAnalyzer] Income advantage is now SmallAdvantage
2025-01-24 08:01:06.947 | 05:23   60ms  150M  207G  56/109U [GameAnalyzer] Income advantage is now SlightAdvantage
2025-01-24 08:01:07.346 | 05:23   60ms  180M  211G  56/109U [GameAnalyzer] Income advantage is now SmallAdvantage
2025-01-24 08:01:07.607 | 05:24   62ms  190M  219G  56/109U [GameAnalyzer] Known army advantage is now Even
2025-01-24 08:01:08.135 | 05:25   63ms  210M  223G  56/109U [GameAnalyzer] Income advantage is now SlightAdvantage
2025-01-24 08:01:08.344 | 05:25   66ms  220M  227G  56/109U [GameAnalyzer] Income advantage is now SmallAdvantage
2025-01-24 08:01:08.641 | 05:25   62ms  110M  106G  56/109U [TerranUnit] SIEGETANK from FACTORY at (26.5, 147.5)
2025-01-24 08:01:08.786 | 05:26   88ms  115M  106G  59/109U [GameAnalyzer] Income advantage is now SlightAdvantage
2025-01-24 08:01:08.932 | 05:26   77ms  135M  106G  59/109U [GameAnalyzer] Income advantage is now SmallAdvantage
2025-01-24 08:01:09.510 | 05:27   68ms  150M  118G  59/109U [GameAnalyzer] Income advantage is now SlightAdvantage
2025-01-24 08:01:09.866 | 05:27   72ms  180M  118G  59/109U [GameAnalyzer] Income advantage is now SmallAdvantage
2025-01-24 08:01:10.747 | 05:29   77ms  210M  130G  59/109U [GameAnalyzer] Income advantage is now SlightAdvantage
2025-01-24 08:01:10.905 | 05:29   75ms  165M  130G  59/109U [ActUnit] SCV from COMMANDCENTER at (29.5, 138.5)
2025-01-24 08:01:11.054 | 05:29   72ms  175M  130G  60/109U [GameAnalyzer] Income advantage is now SmallAdvantage
2025-01-24 08:01:12.317 | 05:31   66ms  240M  146G  60/109U [GameAnalyzer] Income advantage is now SlightAdvantage
2025-01-24 08:01:12.465 | 05:31   67ms  255M  150G  60/109U [GameAnalyzer] Income advantage is now SmallAdvantage
2025-01-24 08:01:12.477 | 05:31   67ms  105M   25G  60/109U [TerranUnit] SIEGETANK from FACTORY at (28.5, 131.5)
2025-01-24 08:01:12.616 | 05:31   76ms   70M   29G  63/109U [ActUnit] SCV from COMMANDCENTER at (29.5, 111.5)
2025-01-24 08:01:13.079 | 05:32   60ms  110M   29G  64/109U [GameAnalyzer] Income advantage is now SlightAdvantage
2025-01-24 08:01:13.212 | 05:32   60ms  125M   33G  64/109U [GameAnalyzer] Income advantage is now SmallAdvantage
2025-01-24 08:01:15.639 | 05:36   66ms  255M   65G  64/109U [GameAnalyzer] Income advantage is now SlightAdvantage
2025-01-24 08:01:15.790 | 05:36   69ms  265M   65G  64/109U [GameAnalyzer] Income advantage is now SmallAdvantage
2025-01-24 08:01:15.931 | 05:36   74ms  275M   65G  64/109U [GameAnalyzer] Known army advantage is now SmallAdvantage
2025-01-24 08:01:18.135 | 05:39  142ms  410M   93G  64/109U [GameAnalyzer] Income advantage is now SlightAdvantage
2025-01-24 08:01:18.306 | 05:40   78ms  420M   93G  64/109U [GameAnalyzer] Income advantage is now SmallAdvantage
2025-01-24 08:01:19.206 | 05:41   76ms  420M  105G  64/109U [ActUnit] SCV from COMMANDCENTER at (29.5, 138.5)
2025-01-24 08:01:20.512 | 05:43   79ms  340M    0G  65/109U [TerranUnit] SIEGETANK from FACTORY at (36.5, 136.5)
2025-01-24 08:01:20.956 | 05:43   70ms  310M    0G  68/109U [ActUnit] SCV from COMMANDCENTER at (29.5, 111.5)
2025-01-24 08:01:24.611 | 05:49   69ms  475M   44G  69/109U [ActUnit] SCV from COMMANDCENTER at (61.5, 134.5)
2025-01-24 08:01:27.664 | 05:53   66ms  630M   84G  70/109U [ActUnit] SCV from COMMANDCENTER at (29.5, 138.5)
2025-01-24 08:01:29.363 | 05:56   65ms  670M  100G  71/109U [ActUnit] SCV from COMMANDCENTER at (29.5, 111.5)
2025-01-24 08:01:30.511 | 05:58   68ms  745M  116G  72/109U [GameAnalyzer] Known army advantage is now ClearAdvantage
2025-01-24 08:01:30.511 | 05:58   68ms  745M  116G  72/109U [GameAnalyzer] Predicted army advantage is now ClearDisadvantage
2025-01-24 08:01:30.873 | 05:58  150ms  750M  120G  72/109U [GameAnalyzer] Income advantage is now ClearAdvantage
2025-01-24 08:01:31.018 | 05:58   71ms  755M  120G  72/109U [GameAnalyzer] Income advantage is now SmallAdvantage
2025-01-24 08:01:31.477 | 05:59   69ms  625M    3G  72/109U [TerranUnit] SIEGETANK from FACTORY at (30.5, 128.5)
2025-01-24 08:01:32.861 | 06:01   74ms  685M   19G  75/109U [ActUnit] SCV from COMMANDCENTER at (61.5, 134.5)
2025-01-24 08:01:33.955 | 06:02   74ms  755M   31G  76/109U [GameAnalyzer] Income advantage is now ClearAdvantage
2025-01-24 08:01:34.391 | 06:03   80ms  765M   35G  76/109U [GameAnalyzer] Predicted army advantage is now SmallDisadvantage
2025-01-24 08:01:34.683 | 06:04   67ms  780M   43G  76/109U [GameAnalyzer] Income advantage is now SmallAdvantage
2025-01-24 08:01:35.495 | 06:05   72ms  840M   47G  76/109U [GameAnalyzer] Income advantage is now ClearAdvantage
2025-01-24 08:01:35.664 | 06:05  153ms  850M   55G  76/109U [BuildAddon] UnitTypeId.STARPORTREACTOR to (42.0, 145.0)
2025-01-24 08:01:35.812 | 06:05   77ms  800M    5G  76/109U [GameAnalyzer] Income advantage is now SmallAdvantage
2025-01-24 08:01:35.827 | 06:05   77ms  725M    5G  76/109U [BuildGas] Building REFINERY to (22.5, 107.5)
2025-01-24 08:01:36.125 | 06:06   68ms  690M    5G  76/109U [ActUnit] SCV from COMMANDCENTER at (29.5, 138.5)
2025-01-24 08:01:36.565 | 06:06   66ms  750M   13G  77/109U [GameAnalyzer] Income advantage is now ClearAdvantage
2025-01-24 08:01:36.577 | 06:06   66ms  675M   13G  77/109U [BuildGas] Building REFINERY to (54.5, 131.5)
2025-01-24 08:01:36.727 | 06:06   70ms  675M   17G  77/109U [GameAnalyzer] Income advantage is now SmallAdvantage
2025-01-24 08:01:37.540 | 06:08   69ms  725M   21G  77/109U [GameAnalyzer] Income advantage is now ClearAdvantage
2025-01-24 08:01:37.553 | 06:08   69ms  650M   21G  77/109U [BuildGas] Building REFINERY to (64.5, 141.5)
2025-01-24 08:01:37.697 | 06:08   79ms  650M   25G  77/109U [GameAnalyzer] Income advantage is now SmallAdvantage
2025-01-24 08:01:37.848 | 06:08   80ms  605M   29G  77/109U [ActUnit] SCV from COMMANDCENTER at (29.5, 111.5)
2025-01-24 08:01:37.993 | 06:08   80ms  620M   29G  78/109U [GameAnalyzer] Income advantage is now ClearAdvantage
2025-01-24 08:01:38.150 | 06:08   71ms  655M   29G  78/109U [GameAnalyzer] Income advantage is now SmallAdvantage
2025-01-24 08:01:41.533 | 06:13   74ms  635M   15G  78/109U [ActUnit] SCV from COMMANDCENTER at (61.5, 134.5)
2025-01-24 08:01:42.405 | 06:14   75ms  700M   27G  79/109U [GameAnalyzer] Known army advantage is now SmallAdvantage
2025-01-24 08:01:42.406 | 06:14   75ms  700M   27G  79/109U [GameAnalyzer] Predicted army advantage is now ClearDisadvantage
2025-01-24 08:01:42.871 | 06:15   71ms  755M   31G  79/109U [GameAnalyzer] Known army advantage is now ClearAdvantage
2025-01-24 08:01:42.872 | 06:15   71ms  755M   31G  79/109U [GameAnalyzer] Predicted army advantage is now SmallDisadvantage
2025-01-24 08:01:45.064 | 06:18   75ms  680M    5G  79/109U [ActUnit] SCV from COMMANDCENTER at (29.5, 138.5)
2025-01-24 08:01:46.267 | 06:19   84ms  730M   17G  80/109U [GameAnalyzer] Predicted army advantage is now ClearDisadvantage
2025-01-24 08:01:46.925 | 06:20   75ms  725M   25G  80/109U [ActUnit] SCV from COMMANDCENTER at (29.5, 111.5)
2025-01-24 08:01:50.802 | 06:25  155ms  790M   19G  81/109U [ActUnit] SCV from COMMANDCENTER at (61.5, 134.5)
2025-01-24 08:01:54.255 | 06:30   85ms 1160M  105G  82/109U [GameAnalyzer] Income advantage is now ClearAdvantage
2025-01-24 08:01:54.419 | 06:30   84ms 1170M  109G  82/109U [GameAnalyzer] Income advantage is now SmallAdvantage
2025-01-24 08:01:54.423 | 06:30   84ms 1120M  109G  82/109U [ActUnit] SCV from COMMANDCENTER at (29.5, 138.5)
2025-01-24 08:01:54.586 | 06:30   87ms 1135M  109G  83/109U [GameAnalyzer] Income advantage is now ClearAdvantage
2025-01-24 08:01:54.748 | 06:31   85ms 1145M  109G  83/109U [GameAnalyzer] Income advantage is now SmallAdvantage
2025-01-24 08:01:54.911 | 06:31   87ms 1150M  109G  83/109U [GameAnalyzer] Income advantage is now ClearAdvantage
2025-01-24 08:01:55.586 | 06:31   97ms 1180M  121G  83/109U [GameAnalyzer] Income advantage is now SmallAdvantage
2025-01-24 08:01:55.988 | 06:32  102ms 1200M  121G  83/109U [GameAnalyzer] Income advantage is now ClearAdvantage
2025-01-24 08:01:56.261 | 06:32  184ms 1200M  121G  83/109U [GameAnalyzer] Income advantage is now SmallAdvantage
2025-01-24 08:01:56.466 | 06:32  110ms 1215M  125G  83/109U [GameAnalyzer] Income advantage is now ClearAdvantage
2025-01-24 08:01:56.492 | 06:32  110ms 1065M    0G  83/109U [TerranUnit] SIEGETANK from FACTORY at (30.5, 128.5)
2025-01-24 08:01:56.773 | 06:33  114ms 1025M    4G  86/109U [ActUnit] SCV from COMMANDCENTER at (29.5, 111.5)
2025-01-24 08:01:57.607 | 06:34   80ms 1065M   20G  87/109U [GameAnalyzer] Income advantage is now SmallAdvantage
2025-01-24 08:01:57.766 | 06:34   86ms 1075M   24G  87/109U [GameAnalyzer] Income advantage is now ClearAdvantage
2025-01-24 08:01:58.493 | 06:35  157ms 1125M   32G  87/109U [GameAnalyzer] Income advantage is now SmallAdvantage
2025-01-24 08:01:58.672 | 06:35   93ms 1135M   32G  87/109U [GameAnalyzer] Income advantage is now ClearAdvantage
2025-01-24 08:02:01.059 | 06:38   89ms 1210M   68G  87/109U [ActUnit] SCV from COMMANDCENTER at (61.5, 134.5)
2025-01-24 08:02:01.402 | 06:38   86ms 1210M   72G  88/109U [GameAnalyzer] Income advantage is now SmallAdvantage
2025-01-24 08:02:01.630 | 06:38   85ms 1220M   76G  88/109U [GameAnalyzer] Income advantage is now ClearAdvantage
2025-01-24 08:02:02.300 | 06:39   83ms 1250M   84G  88/109U [GameAnalyzer] Income advantage is now SmallAdvantage
2025-01-24 08:02:02.470 | 06:40   85ms 1260M   84G  88/109U [GameAnalyzer] Income advantage is now ClearAdvantage
2025-01-24 08:02:04.676 | 06:42   80ms 1365M  120G  88/109U [ActUnit] SCV from COMMANDCENTER at (29.5, 138.5)
2025-01-24 08:02:05.017 | 06:43   87ms 1375M  132G  89/109U [GameAnalyzer] Income advantage is now SmallAdvantage
2025-01-24 08:02:05.035 | 06:43   87ms 1225M    7G  89/109U [TerranUnit] SIEGETANK from FACTORY at (36.5, 136.5)
2025-01-24 08:02:05.187 | 06:43   90ms 1240M   11G  92/109U [GameAnalyzer] Income advantage is now ClearAdvantage
2025-01-24 08:02:06.528 | 06:45   80ms 1260M   35G  92/109U [ActUnit] SCV from COMMANDCENTER at (29.5, 111.5)
2025-01-24 08:02:10.500 | 06:50   79ms 1435M   99G  93/109U [ActUnit] SCV from COMMANDCENTER at (61.5, 134.5)
2025-01-24 08:02:11.782 | 06:52   88ms 1350M    2G  94/109U [TerranUnit] SIEGETANK from FACTORY at (26.5, 147.5)
2025-01-24 08:02:11.970 | 06:52   88ms 1365M   10G  97/109U [DefensiveBuilding] Building SUPPLYDEPOT to (32.82360124086061, 102.26885625652812)
2025-01-24 08:02:11.987 | 06:52   88ms 1265M   10G  97/109U [DefensiveBuilding] Building SUPPLYDEPOT to (32.82360124086061, 106.26885625652812)
2025-01-24 08:02:12.003 | 06:52   88ms 1165M   10G  97/109U [DefensiveBuilding] Building SUPPLYDEPOT to (32.82360124086061, 108.26885625652812)
2025-01-24 08:02:12.028 | 06:52   88ms 1065M   10G  97/109U [DefensiveBuilding] Building SUPPLYDEPOT to (32.82360124086061, 102.26885625652812)
2025-01-24 08:02:12.045 | 06:52   88ms  965M   10G  97/109U [DefensiveBuilding] Building SUPPLYDEPOT to (32.82360124086061, 102.26885625652812)
2025-01-24 08:02:12.061 | 06:52   88ms  865M   10G  97/109U [DefensiveBuilding] Building SUPPLYDEPOT to (32.82360124086061, 102.26885625652812)
2025-01-24 08:02:12.367 | 06:52   78ms  785M   22G  97/109U [GameAnalyzer] Income advantage is now SmallAdvantage
2025-01-24 08:02:12.521 | 06:52   79ms  805M   22G  97/109U [GameAnalyzer] Income advantage is now ClearAdvantage
2025-01-24 08:02:12.760 | 06:53   79ms  820M   22G  97/109U [GameAnalyzer] Income advantage is now SmallAdvantage
2025-01-24 08:02:13.243 | 06:53   76ms  860M   38G  97/109U [GameAnalyzer] Income advantage is now ClearAdvantage
2025-01-24 08:02:14.272 | 06:55  155ms  855M   58G  97/109U [ActUnit] SCV from COMMANDCENTER at (29.5, 138.5)
2025-01-24 08:02:15.679 | 06:56  158ms 1010M   90G  98/109U [GameAnalyzer] Income advantage is now SmallAdvantage
2025-01-24 08:02:15.859 | 06:57   85ms 1225M   90G  98/109U [GameAnalyzer] Income advantage is now ClearAdvantage
2025-01-24 08:02:15.893 | 06:57   85ms 1225M   90G  98/109U [DefensiveBuilding] Building SUPPLYDEPOT to (32.82360124086061, 104.26885625652812)
2025-01-24 08:02:15.910 | 06:57   85ms 1125M   90G  98/109U [DefensiveBuilding] Building SUPPLYDEPOT to (32.82360124086061, 104.26885625652812)
2025-01-24 08:02:15.926 | 06:57   85ms 1025M   90G  98/109U [DefensiveBuilding] Building SUPPLYDEPOT to (32.82360124086061, 104.26885625652812)
2025-01-24 08:02:15.949 | 06:57   85ms  925M   90G  98/109U [DefensiveBuilding] Building SUPPLYDEPOT to (32.82360124086061, 104.26885625652812)
2025-01-24 08:02:15.965 | 06:57   85ms  825M   90G  98/109U [DefensiveBuilding] Building SUPPLYDEPOT to (32.82360124086061, 104.26885625652812)
2025-01-24 08:02:15.981 | 06:57   85ms  725M   90G  98/109U [DefensiveBuilding] Building SUPPLYDEPOT to (32.82360124086061, 104.26885625652812)
2025-01-24 08:02:16.150 | 06:57  193ms  835M   90G  98/109U [GameAnalyzer] Income advantage is now SmallAdvantage
2025-01-24 08:02:16.315 | 06:57   85ms  855M   90G  98/109U [GameAnalyzer] Income advantage is now ClearAdvantage
2025-01-24 08:02:16.318 | 06:57   85ms  805M   90G  98/109U [ActUnit] SCV from COMMANDCENTER at (29.5, 111.5)
2025-01-24 08:02:16.495 | 06:57   88ms  815M   94G  99/109U [GameAnalyzer] Income advantage is now SmallAdvantage
2025-01-24 08:02:16.927 | 06:58   86ms  940M  110G  99/109U [GameAnalyzer] Income advantage is now ClearAdvantage
2025-01-24 08:02:18.015 | 06:59   88ms  930M    5G  99/109U [TerranUnit] SIEGETANK from FACTORY at (28.5, 131.5)
2025-01-24 08:02:19.460 | 07:01   87ms 1080M   37G 102/109U [DefensiveBuilding] Building SUPPLYDEPOT to (42.82360124086061, 108.26885625652812)
2025-01-24 08:02:19.487 | 07:01   87ms  980M   37G 102/109U [DefensiveBuilding] Building SUPPLYDEPOT to (30.82360124086061, 100.26885625652812)
2025-01-24 08:02:19.519 | 07:01   87ms  880M   37G 102/109U [DefensiveBuilding] Building SUPPLYDEPOT to (42.82360124086061, 112.26885625652812)
2025-01-24 08:02:19.546 | 07:01   87ms  780M   37G 102/109U [DefensiveBuilding] Building SUPPLYDEPOT to (30.82360124086061, 102.26885625652812)
2025-01-24 08:02:19.578 | 07:01   87ms  680M   37G 102/109U [DefensiveBuilding] Building SUPPLYDEPOT to (42.82360124086061, 108.26885625652812)
2025-01-24 08:02:19.819 | 07:01  228ms  820M   37G 102/109U [GameAnalyzer] Income advantage is now SmallAdvantage
2025-01-24 08:02:20.158 | 07:02   84ms  855M   37G 102/109U [GameAnalyzer] Income advantage is now ClearAdvantage
2025-01-24 08:02:20.488 | 07:02   80ms  875M   49G 102/109U [GameAnalyzer] Income advantage is now SmallAdvantage
2025-01-24 08:02:20.656 | 07:02   87ms  895M   57G 102/109U [GameAnalyzer] Income advantage is now ClearAdvantage
2025-01-24 08:02:20.660 | 07:02   87ms  845M   57G 102/109U [ActUnit] SCV from COMMANDCENTER at (61.5, 134.5)
2025-01-24 08:02:20.839 | 07:02   87ms  845M   61G 103/109U [GameAnalyzer] Income advantage is now SmallAdvantage
2025-01-24 08:02:21.009 | 07:03   87ms  855M   61G 103/109U [GameAnalyzer] Income advantage is now ClearAdvantage
2025-01-24 08:02:21.797 | 07:04   91ms  740M    2G 103/109U [TerranUnit] VIKINGFIGHTER from STARPORT at (39.5, 145.5)
2025-01-24 08:02:22.519 | 07:05   82ms  770M   10G 105/109U [GameAnalyzer] Known army advantage is now OverwhelmingAdvantage
2025-01-24 08:02:22.521 | 07:05   82ms  770M   10G 105/109U [GameAnalyzer] Predicted army advantage is now SmallDisadvantage
2025-01-24 08:02:22.726 | 07:05  174ms  770M   14G 105/109U [GameAnalyzer] Income advantage is now SmallAdvantage
2025-01-24 08:02:22.897 | 07:05  100ms  780M   22G 105/109U [GameAnalyzer] Income advantage is now ClearAdvantage
2025-01-24 08:02:23.613 | 07:06   87ms  820M   34G 105/109U [DefensiveBuilding] Building SUPPLYDEPOT to (30.82360124086061, 104.26885625652812)
2025-01-24 08:02:23.640 | 07:06   87ms  720M   34G 105/109U [DefensiveBuilding] Building SUPPLYDEPOT to (30.82360124086061, 108.26885625652812)
2025-01-24 08:02:23.672 | 07:06   87ms  620M   34G 105/109U [DefensiveBuilding] Building SUPPLYDEPOT to (42.82360124086061, 110.26885625652812)
2025-01-24 08:02:23.700 | 07:06   87ms  520M   34G 105/109U [DefensiveBuilding] Building SUPPLYDEPOT to (42.82360124086061, 104.26885625652812)
2025-01-24 08:02:23.733 | 07:06   87ms  420M   34G 105/109U [DefensiveBuilding] Building SUPPLYDEPOT to (30.82360124086061, 100.26885625652812)
2025-01-24 08:02:23.902 | 07:06  237ms  330M   38G 105/109U [GameAnalyzer] Income advantage is now SmallAdvantage
2025-01-24 08:02:25.263 | 07:08   97ms  430M   62G 105/109U [GameAnalyzer] Income advantage is now ClearAdvantage
2025-01-24 08:02:25.519 | 07:08   91ms  430M   66G 105/109U [GameAnalyzer] Income advantage is now SmallAdvantage
2025-01-24 08:02:25.702 | 07:08  165ms  440M   74G 105/109U [GameAnalyzer] Income advantage is now ClearAdvantage
2025-01-24 08:02:25.889 | 07:08   94ms  445M   82G 105/109U [GameAnalyzer] Income advantage is now SmallAdvantage
2025-01-24 08:02:26.066 | 07:09   91ms  460M   82G 105/109U [GameAnalyzer] Income advantage is now ClearAdvantage
2025-01-24 08:02:27.104 | 07:10  178ms  475M  102G 105/109U [GameAnalyzer] Income advantage is now SmallAdvantage
2025-01-24 08:02:27.124 | 07:10  178ms  475M  102G 105/109U [Tech] Started TERRANVEHICLEWEAPONSLEVEL1
2025-01-24 08:02:27.505 | 07:10  101ms  410M    6G 105/109U [GameAnalyzer] Income advantage is now ClearAdvantage
2025-01-24 08:02:28.034 | 07:11   89ms  435M   14G 105/109U [GameAnalyzer] Income advantage is now SmallAdvantage
2025-01-24 08:02:28.658 | 07:11   88ms  455M   30G 105/109U [GameAnalyzer] Income advantage is now ClearAdvantage
2025-01-24 08:02:29.016 | 07:12   89ms  470M   30G 105/109U [GameAnalyzer] Income advantage is now SmallAdvantage
2025-01-24 08:02:29.186 | 07:12   90ms  495M   34G 105/109U [GameAnalyzer] Income advantage is now ClearAdvantage
2025-01-24 08:02:29.551 | 07:13   87ms  505M   50G 105/109U [GameAnalyzer] Income advantage is now SmallAdvantage
2025-01-24 08:02:29.813 | 07:13   94ms  535M   54G 105/109U [GameAnalyzer] Income advantage is now ClearAdvantage
2025-01-24 08:02:30.193 | 07:13   98ms  555M   54G 105/109U [GameAnalyzer] Income advantage is now SmallAdvantage
2025-01-24 08:02:30.380 | 07:13   93ms  555M   58G 105/109U [GameAnalyzer] Income advantage is now ClearAdvantage
2025-01-24 08:02:31.385 | 07:15  170ms  595M   78G 105/109U [GameAnalyzer] Income advantage is now SmallAdvantage
2025-01-24 08:02:31.758 | 07:15   97ms  630M   82G 105/109U [GameAnalyzer] Income advantage is now ClearAdvantage
2025-01-24 08:02:38.932 | 07:23   93ms  805M   72G 105/141U [GameAnalyzer] Income advantage is now SmallAdvantage
2025-01-24 08:02:39.129 | 07:23   96ms  815M   72G 105/141U [GameAnalyzer] Income advantage is now ClearAdvantage
2025-01-24 08:02:46.248 | 07:31   92ms 1030M   96G 105/181U [GameAnalyzer] Predicted army advantage is now SlightDisadvantage
2025-01-24 08:03:12.304 | 08:01  168ms 1965M  176G 105/200U [Tech] Started TERRANVEHICLEWEAPONSLEVEL2
2025-01-24 08:03:12.306 | 08:01  168ms 1815M   51G 105/200U [TerranUnit] SIEGETANK from FACTORY at (36.5, 136.5)
2025-01-24 08:03:19.199 | 08:08   96ms 2230M  179G 108/200U [Tech] Started TERRANVEHICLEWEAPONSLEVEL2
2025-01-24 08:03:19.200 | 08:08   96ms 2080M   54G 108/200U [TerranUnit] SIEGETANK from FACTORY at (26.5, 147.5)
2025-01-24 08:03:24.363 | 08:14  102ms 2520M  242G 111/200U [GameAnalyzer] Income advantage is now SmallAdvantage
2025-01-24 08:03:24.762 | 08:14   99ms 2575M  250G 111/200U [GameAnalyzer] Income advantage is now ClearAdvantage
2025-01-24 08:03:25.478 | 08:15  100ms 2600M  262G 111/200U [GameAnalyzer] Income advantage is now SmallAdvantage
2025-01-24 08:03:25.908 | 08:15  100ms 2610M  266G 111/200U [GameAnalyzer] Income advantage is now ClearAdvantage
2025-01-24 08:03:26.416 | 08:16  102ms 2465M  182G 111/200U [Tech] Started TERRANVEHICLEWEAPONSLEVEL2
2025-01-24 08:03:26.418 | 08:16  102ms 2315M   57G 111/200U [TerranUnit] SIEGETANK from FACTORY at (28.5, 131.5)
2025-01-24 08:03:26.622 | 08:16  179ms 2500M  161G 114/200U [GameAnalyzer] Income advantage is now SmallAdvantage
2025-01-24 08:03:27.048 | 08:17  106ms 2540M  161G 114/200U [GameAnalyzer] Income advantage is now ClearAdvantage
2025-01-24 08:03:27.256 | 08:17  103ms 2555M  165G 114/200U [GameAnalyzer] Income advantage is now SmallAdvantage
2025-01-24 08:03:27.465 | 08:17  102ms 2570M  169G 114/200U [GameAnalyzer] Income advantage is now ClearAdvantage
2025-01-24 08:03:27.956 | 08:17  175ms 2590M  185G 114/200U [GameAnalyzer] Known army advantage is now Even
2025-01-24 08:03:27.957 | 08:17  175ms 2590M  185G 114/200U [GameAnalyzer] Predicted army advantage is now SmallDisadvantage
2025-01-24 08:03:29.508 | 08:19  110ms 2655M  209G 114/200U [GameAnalyzer] Income advantage is now SmallAdvantage
2025-01-24 08:03:29.710 | 08:19  107ms 2670M  209G 114/200U [GameAnalyzer] Income advantage is now ClearAdvantage
2025-01-24 08:03:32.415 | 08:22  103ms 2815M  257G 114/200U [GameAnalyzer] Income advantage is now SmallAdvantage
2025-01-24 08:03:32.622 | 08:22  107ms 2835M  257G 114/200U [GameAnalyzer] Income advantage is now ClearAdvantage
2025-01-24 08:03:33.750 | 08:23  115ms 2765M  177G 114/200U [Tech] Started TERRANVEHICLEWEAPONSLEVEL2
2025-01-24 08:03:33.751 | 08:23  115ms 2615M   52G 114/200U [TerranUnit] SIEGETANK from FACTORY at (30.5, 128.5)
2025-01-24 08:03:34.662 | 08:24  106ms 2795M  160G 117/200U [GameAnalyzer] Income advantage is now SmallAdvantage
2025-01-24 08:03:34.864 | 08:24  185ms 2820M  164G 117/200U [GameAnalyzer] Income advantage is now ClearAdvantage
2025-01-24 08:03:35.879 | 08:26  103ms 2860M  180G 117/200U [GameAnalyzer] Income advantage is now SmallAdvantage
2025-01-24 08:03:36.162 | 08:26  103ms 2880M  184G 117/200U [GameAnalyzer] Income advantage is now ClearAdvantage
2025-01-24 08:03:37.889 | 08:28  101ms 2965M  216G 117/200U [GameAnalyzer] Income advantage is now SmallAdvantage
2025-01-24 08:03:38.107 | 08:28  104ms 3000M  224G 117/200U [GameAnalyzer] Income advantage is now ClearAdvantage
2025-01-24 08:03:41.122 | 08:31  103ms 3025M  176G 117/200U [Tech] Started TERRANVEHICLEWEAPONSLEVEL2
2025-01-24 08:03:41.338 | 08:31  102ms 3030M  176G 117/200U [Tech] Started TERRANVEHICLEWEAPONSLEVEL2
2025-01-24 08:03:41.617 | 08:31  105ms 3045M  176G 117/200U [Tech] Started TERRANVEHICLEWEAPONSLEVEL2
2025-01-24 08:03:41.815 | 08:32  177ms 3060M  180G 117/200U [Tech] Started TERRANVEHICLEWEAPONSLEVEL2
2025-01-24 08:03:42.022 | 08:32  101ms 3070M  184G 117/200U [Tech] Started TERRANVEHICLEWEAPONSLEVEL2
2025-01-24 08:03:42.223 | 08:32  105ms 3075M  188G 117/200U [Tech] Started TERRANVEHICLEWEAPONSLEVEL2
2025-01-24 08:03:42.434 | 08:32  103ms 3090M  196G 117/200U [Tech] Started TERRANVEHICLEWEAPONSLEVEL2
2025-01-24 08:03:42.637 | 08:32  104ms 3100M  200G 117/200U [Tech] Started TERRANVEHICLEWEAPONSLEVEL2
2025-01-24 08:03:42.638 | 08:32  104ms 2950M  125G 117/200U [TerranUnit] VIKINGFIGHTER from STARPORT at (39.5, 145.5)
2025-01-24 08:03:45.497 | 08:35  110ms 3275M  269G 119/200U [BuildAddon] UnitTypeId.STARPORTTECHLAB to (42.0, 122.0)
2025-01-24 08:03:45.498 | 08:35  110ms 3275M  269G 119/200U [BuildAddon] UnitTypeId.STARPORTTECHLAB to (46.0, 138.0)
2025-01-24 08:03:45.500 | 08:35  110ms 3275M  269G 119/200U [BuildAddon] UnitTypeId.STARPORTTECHLAB to (45.0, 133.0)
2025-01-24 08:03:45.502 | 08:35  110ms 3275M  269G 119/200U [BuildAddon] UnitTypeId.STARPORTTECHLAB to (47.0, 130.0)
2025-01-24 08:03:45.503 | 08:35  110ms 3275M  269G 119/200U [Tech] Started TERRANVEHICLEWEAPONSLEVEL2
2025-01-24 08:03:45.504 | 08:35  110ms 3125M  144G 119/200U [TerranUnit] SIEGETANK from FACTORY at (36.5, 136.5)
2025-01-24 08:03:45.505 | 08:35  110ms 2975M   69G 119/200U [TerranUnit] VIKINGFIGHTER from STARPORT at (39.5, 145.5)
2025-01-24 08:03:54.186 | 08:44  118ms 3335M  180G 122/200U [BuildDetector] Enemy mid build recognized as MidAirZerg
2025-01-24 08:03:54.188 | 08:44  118ms 3335M  180G 122/200U [ChatManager] Tag:BotVSMidAirZerg
2025-01-24 08:03:54.190 | 08:44  118ms 3335M  180G 122/200U [BuildDetector] Enemy mid build recognized as MidAirZerg
2025-01-24 08:03:55.558 | 08:45  121ms 3375M  192G 122/200U [GameAnalyzer] Income advantage is now SmallAdvantage
2025-01-24 08:03:55.809 | 08:45  123ms 3420M  196G 122/200U [GameAnalyzer] Income advantage is now ClearAdvantage
2025-01-24 08:03:55.810 | 08:45  123ms 3420M  196G 122/200U [BuildDetector] Enemy late build recognized as LatePowerZerg
2025-01-24 08:03:55.811 | 08:45  123ms 3420M  196G 122/200U [ChatManager] Tag:BotVSMidAirZerg
2025-01-24 08:03:55.813 | 08:45  123ms 3420M  196G 122/200U [BuildDetector] Enemy late build recognized as LatePowerZerg
2025-01-24 08:03:56.110 | 08:45  144ms 3430M  200G 122/200U [GameAnalyzer] Income advantage is now Even
2025-01-24 08:03:56.466 | 08:45  147ms 3430M  208G 122/200U [GameAnalyzer] Income advantage is now SlightAdvantage
2025-01-24 08:03:57.589 | 08:46  138ms 3451M  206G 121/200U [GameAnalyzer] Income advantage is now Even
2025-01-24 08:03:57.591 | 08:46  138ms 3401M  206G 121/200U [ActUnit] SCV from COMMANDCENTER at (29.5, 138.5)
2025-01-24 08:03:58.200 | 08:47  213ms 3406M  207G 122/200U [GameAnalyzer] Income advantage is now SlightAdvantage
2025-01-24 08:03:58.715 | 08:47  131ms 3416M  219G 121/200U [GameAnalyzer] Income advantage is now Even
2025-01-24 08:03:58.717 | 08:47  131ms 3366M  219G 121/200U [ActUnit] SCV from COMMANDCENTER at (29.5, 111.5)
2025-01-24 08:03:58.984 | 08:47  136ms 3368M  219G 122/200U [GameAnalyzer] Income advantage is now SlightAdvantage
2025-01-24 08:03:59.604 | 08:48  133ms 3376M  219G 122/200U [GameAnalyzer] Income advantage is now Even
2025-01-24 08:03:59.886 | 08:48  218ms 3379M  223G 121/200U [GameAnalyzer] Income advantage is now SlightAdvantage
2025-01-24 08:04:00.152 | 08:48  129ms 3386M  227G 121/200U [GameAnalyzer] Known army advantage is now SmallDisadvantage
2025-01-24 08:04:00.153 | 08:48  129ms 3386M  227G 121/200U [GameAnalyzer] Predicted army advantage is now ClearDisadvantage
2025-01-24 08:04:00.942 | 08:49  126ms 3390M  232G 119/200U [GameAnalyzer] Income advantage is now Even
2025-01-24 08:04:01.799 | 08:50  126ms 3417M  233G 117/200U [GameAnalyzer] Income advantage is now SlightAdvantage
2025-01-24 08:04:04.815 | 08:52  180ms 3470M  253G 105/200U [GameAnalyzer] Income advantage is now Even
2025-01-24 08:04:05.031 | 08:53  103ms 3474M  257G 104/200U [GameAnalyzer] Income advantage is now SlightAdvantage
2025-01-24 08:04:06.204 | 08:54  100ms 3498M  268G 102/200U [GameAnalyzer] Income advantage is now Even
2025-01-24 08:04:06.628 | 08:54  100ms 3532M  272G 101/200U [GameAnalyzer] Income advantage is now SlightAdvantage
2025-01-24 08:04:06.842 | 08:54  102ms 3537M  280G 101/200U [GameAnalyzer] Income advantage is now Even
2025-01-24 08:04:06.859 | 08:54  102ms 3387M  180G 101/200U [Tech] Started TERRANVEHICLEWEAPONSLEVEL2
2025-01-24 08:04:06.860 | 08:54  102ms 3237M   55G 101/200U [TerranUnit] SIEGETANK from FACTORY at (26.5, 147.5)
2025-01-24 08:04:07.282 | 08:55  101ms 3397M  159G 104/200U [GameAnalyzer] Income advantage is now SlightAdvantage
2025-01-24 08:04:07.507 | 08:55   98ms 3402M  159G 104/190U [GameAnalyzer] Income advantage is now Even
2025-01-24 08:04:08.224 | 08:56   98ms 3407M  167G 104/190U [GameAnalyzer] Income advantage is now SlightDisadvantage
2025-01-24 08:04:08.432 | 08:56  100ms 3417M  175G 104/190U [GameAnalyzer] Income advantage is now Even
2025-01-24 08:04:08.446 | 08:56  100ms 3417M  175G 104/190U [Tech] Started TERRANVEHICLEWEAPONSLEVEL2
2025-01-24 08:04:08.447 | 08:56  100ms 3267M   50G 104/190U [TerranUnit] SIEGETANK from FACTORY at (28.5, 131.5)
2025-01-24 08:04:09.580 | 08:57   99ms 3307M   54G 107/190U [GameAnalyzer] Income advantage is now SlightDisadvantage
2025-01-24 08:04:10.002 | 08:57  104ms 3327M   66G 107/190U [GameAnalyzer] Income advantage is now Even
2025-01-24 08:04:10.886 | 08:58  100ms 3347M   70G 107/190U [GameAnalyzer] Income advantage is now SlightDisadvantage
2025-01-24 08:04:11.112 | 08:59  105ms 3357M   70G 107/190U [GameAnalyzer] Income advantage is now Even
2025-01-24 08:04:11.113 | 08:59  105ms 3307M   70G 107/190U [ActUnit] SCV from COMMANDCENTER at (29.5, 138.5)
2025-01-24 08:04:12.088 | 08:59  112ms 3287M   82G 108/190U [ActUnit] SCV from COMMANDCENTER at (29.5, 111.5)
2025-01-24 08:04:13.546 | 09:01  109ms 3317M   98G 103/190U [GameAnalyzer] Income advantage is now SlightDisadvantage
2025-01-24 08:04:13.765 | 09:01  184ms 3347M   98G 103/190U [GameAnalyzer] Income advantage is now Even
2025-01-24 08:04:16.144 | 09:03   98ms 3422M  130G 103/190U [GameAnalyzer] Income advantage is now SlightDisadvantage
2025-01-24 08:04:16.346 | 09:04   99ms 3432M  130G 103/190U [GameAnalyzer] Income advantage is now Even
2025-01-24 08:04:16.347 | 09:04   99ms 3432M  130G 103/190U [GameAnalyzer] Known army advantage is now SlightDisadvantage
2025-01-24 08:04:16.347 | 09:04   99ms 3432M  130G 103/190U [GameAnalyzer] Predicted army advantage is now SmallDisadvantage
2025-01-24 08:04:18.155 | 09:06   87ms 3492M  150G 103/190U [GameAnalyzer] Income advantage is now SlightDisadvantage
2025-01-24 08:04:18.168 | 09:06   87ms 3492M  150G 103/190U [Expand] Expanding to (61.5, 134.5)
2025-01-24 08:04:18.608 | 09:06  171ms 3117M  162G 103/190U [GameAnalyzer] Income advantage is now Even
2025-01-24 08:04:19.181 | 09:07   89ms 3122M  162G 103/190U [GameAnalyzer] Income advantage is now SlightDisadvantage
2025-01-24 08:04:19.576 | 09:07   86ms 3147M  166G 103/190U [GameAnalyzer] Income advantage is now Even
2025-01-24 08:04:22.825 | 09:11   98ms 3212M  210G 103/190U [ActUnit] SCV from COMMANDCENTER at (29.5, 138.5)
2025-01-24 08:04:23.693 | 09:12   94ms 3177M  214G 104/190U [ActUnit] SCV from COMMANDCENTER at (29.5, 111.5)
2025-01-24 08:04:28.131 | 09:17   89ms 3342M  274G 105/190U [GameAnalyzer] Income advantage is now SlightDisadvantage
2025-01-24 08:04:28.329 | 09:17   94ms 3367M  274G 105/190U [GameAnalyzer] Income advantage is now Even
2025-01-24 08:04:28.977 | 09:18   89ms 3227M  178G 105/190U [Tech] Started TERRANVEHICLEWEAPONSLEVEL2
2025-01-24 08:04:28.978 | 09:18   89ms 3077M   53G 105/190U [TerranUnit] SIEGETANK from FACTORY at (30.5, 128.5)
2025-01-24 08:04:29.342 | 09:18   88ms 3212M  115G 105/190U [GameAnalyzer] Income advantage is now SlightAdvantage
2025-01-24 08:04:30.100 | 09:19   92ms 3242M  115G 105/190U [GameAnalyzer] Income advantage is now SmallAdvantage
2025-01-24 08:04:30.373 | 09:19   92ms 3257M  119G 105/190U [GameAnalyzer] Income advantage is now SlightAdvantage
2025-01-24 08:04:30.374 | 09:19   92ms 3257M  119G 105/190U [GameAnalyzer] Predicted army advantage is now ClearDisadvantage
2025-01-24 08:04:30.572 | 09:19  172ms 3262M  127G 105/190U [GameAnalyzer] Income advantage is now SmallAdvantage
2025-01-24 08:04:30.765 | 09:20   92ms 3262M  131G 105/190U [GameAnalyzer] Income advantage is now SlightAdvantage
2025-01-24 08:04:31.340 | 09:20   91ms 3282M  131G 105/190U [GameAnalyzer] Income advantage is now SmallAdvantage
2025-01-24 08:04:31.985 | 09:21   89ms 3307M  147G 105/190U [GameAnalyzer] Income advantage is now SlightAdvantage
2025-01-24 08:04:32.560 | 09:22   89ms 3322M  147G 105/190U [GameAnalyzer] Income advantage is now SmallAdvantage
2025-01-24 08:04:33.314 | 09:22   92ms 3332M  163G 105/190U [GameAnalyzer] Income advantage is now SlightAdvantage
2025-01-24 08:04:33.968 | 09:23   87ms 3302M  163G 105/190U [ActUnit] SCV from COMMANDCENTER at (29.5, 138.5)
2025-01-24 08:04:34.347 | 09:24   92ms 3342M  167G 106/190U [GameAnalyzer] Income advantage is now SmallAdvantage
2025-01-24 08:04:34.727 | 09:24   90ms 3292M  179G 106/190U [ActUnit] SCV from COMMANDCENTER at (29.5, 111.5)
2025-01-24 08:04:35.187 | 09:24   90ms 3292M  179G 107/190U [GameAnalyzer] Income advantage is now SlightAdvantage
2025-01-24 08:04:35.563 | 09:25   92ms 3312M  183G 107/190U [GameAnalyzer] Income advantage is now SmallAdvantage
2025-01-24 08:04:36.167 | 09:26   95ms 3327M  195G 107/190U [GameAnalyzer] Income advantage is now SlightAdvantage
2025-01-24 08:04:36.640 | 09:26   90ms 3352M  195G 107/190U [GameAnalyzer] Income advantage is now SmallAdvantage
2025-01-24 08:04:37.019 | 09:26   90ms 3357M  199G 107/190U [GameAnalyzer] Known army advantage is now Even
2025-01-24 08:04:37.416 | 09:27   91ms 3362M  211G 107/190U [GameAnalyzer] Income advantage is now SlightAdvantage
2025-01-24 08:04:37.897 | 09:27   90ms 3376M  211G 107/190U [GameAnalyzer] Income advantage is now SmallAdvantage
2025-01-24 08:04:38.296 | 09:28   91ms 3386M  215G 107/190U [GameAnalyzer] Income advantage is now SlightAdvantage
2025-01-24 08:04:38.501 | 09:28   93ms 3401M  219G 107/190U [GameAnalyzer] Predicted army advantage is now SmallDisadvantage
2025-01-24 08:04:38.597 | INFO     | sc2.protocol:_execute:72 - Client status changed to Status.ended (was Status.in_game)
2025-01-24 08:04:38.598 | Result: Defeat
2025-01-24 08:04:38.599 | Duration: 09:28
2025-01-24 08:04:38.599 | Step time min: 13
2025-01-24 08:04:38.600 | Step time avg: 63
2025-01-24 08:04:38.600 | Step time max: 667
2025-01-24 08:04:38.601 | [LostUnitsContents] My lost units minerals and gas: (1650, 400)
2025-01-24 08:04:38.602 | [LostUnitsContents] My lost units minerals by score: 2113.0
2025-01-24 08:04:38.602 | [LostUnitsContents] Enemy lost units minerals and gas: (1750, 700)
2025-01-24 08:04:38.603 | [LostUnitsContents] Enemy lost units minerals by score: 1750.0
2025-01-24 08:04:38.605 | [GameAnalyzerEnd] Own units:
2025-01-24 08:04:38.605 | [GameAnalyzerEnd] SCV               total:  73 alive:  49 dead:  24 
2025-01-24 08:04:38.606 | [GameAnalyzerEnd] SUPPLYDEPOT       total:  20 alive:  20 dead:   0 
2025-01-24 08:04:38.607 | [GameAnalyzerEnd] SIEGETANK         total:  18 alive:  16 dead:   2 
2025-01-24 08:04:38.608 | [GameAnalyzerEnd] TECHLAB           total:   8 alive:   8 dead:   0 
2025-01-24 08:04:38.609 | [GameAnalyzerEnd] REFINERY          total:   6 alive:   6 dead:   0 
2025-01-24 08:04:38.610 | [GameAnalyzerEnd] STARPORT          total:   5 alive:   5 dead:   0 
2025-01-24 08:04:38.610 | [GameAnalyzerEnd] FACTORY           total:   4 alive:   4 dead:   0 
2025-01-24 08:04:38.611 | [GameAnalyzerEnd] VIKINGFIGHTER     total:   2 alive:   2 dead:   0 
2025-01-24 08:04:38.612 | [GameAnalyzerEnd] ORBITALCOMMAND    total:   2 alive:   2 dead:   0 
2025-01-24 08:04:38.612 | [GameAnalyzerEnd] ARMORY            total:   2 alive:   2 dead:   0 
2025-01-24 08:04:38.613 | [GameAnalyzerEnd] FUSIONCORE        total:   1 alive:   1 dead:   0 
2025-01-24 08:04:38.613 | [GameAnalyzerEnd] COMMANDCENTER     total:   1 alive:   1 dead:   0 
2025-01-24 08:04:38.614 | [GameAnalyzerEnd] REACTOR           total:   1 alive:   1 dead:   0 
2025-01-24 08:04:38.615 | [GameAnalyzerEnd] BARRACKS          total:   1 alive:   1 dead:   0 
2025-01-24 08:04:38.615 | [GameAnalyzerEnd] ENGINEERINGBAY    total:   1 alive:   1 dead:   0 
2025-01-24 08:04:38.615 | [GameAnalyzerEnd] PLANETARYFORTRESS total:   1 alive:   0 dead:   1 
2025-01-24 08:04:38.616 | [GameAnalyzerEnd] Enemy units:
2025-01-24 08:04:38.617 | [GameAnalyzerEnd] DRONE             total:  60 alive:  60 dead:   0 
2025-01-24 08:04:38.617 | [GameAnalyzerEnd] ZERGLING          total:  20 alive:   2 dead:  18 
2025-01-24 08:04:38.618 | [GameAnalyzerEnd] OVERLORD          total:  12 alive:  12 dead:   0 
2025-01-24 08:04:38.619 | [GameAnalyzerEnd] MUTALISK          total:  10 alive:  10 dead:   0 
2025-01-24 08:04:38.621 | [GameAnalyzerEnd] ROACH             total:   9 alive:   1 dead:   8 
2025-01-24 08:04:38.621 | [GameAnalyzerEnd] HYDRALISK         total:   5 alive:   0 dead:   5 
2025-01-24 08:04:38.622 | [GameAnalyzerEnd] EXTRACTOR         total:   4 alive:   4 dead:   0 
2025-01-24 08:04:38.623 | [GameAnalyzerEnd] SPORECRAWLER      total:   4 alive:   4 dead:   0 
2025-01-24 08:04:38.623 | [GameAnalyzerEnd] QUEEN             total:   3 alive:   3 dead:   0 
2025-01-24 08:04:38.624 | [GameAnalyzerEnd] EVOLUTIONCHAMBER  total:   3 alive:   3 dead:   0 
2025-01-24 08:04:38.624 | [GameAnalyzerEnd] SPINECRAWLER      total:   3 alive:   3 dead:   0 
2025-01-24 08:04:38.625 | [GameAnalyzerEnd] INFESTOR          total:   3 alive:   2 dead:   1 
2025-01-24 08:04:38.626 | [GameAnalyzerEnd] HATCHERY          total:   2 alive:   2 dead:   0 
2025-01-24 08:04:38.627 | [GameAnalyzerEnd] OVERSEER          total:   2 alive:   2 dead:   0 
2025-01-24 08:04:38.628 | [GameAnalyzerEnd] RAVAGER           total:   2 alive:   1 dead:   1 
2025-01-24 08:04:38.628 | [GameAnalyzerEnd] SPAWNINGPOOL      total:   1 alive:   1 dead:   0 
2025-01-24 08:04:38.629 | [GameAnalyzerEnd] ROACHWARREN       total:   1 alive:   1 dead:   0 
2025-01-24 08:04:38.630 | [GameAnalyzerEnd] INFESTATIONPIT    total:   1 alive:   1 dead:   0 
2025-01-24 08:04:38.630 | [GameAnalyzerEnd] LAIR              total:   1 alive:   1 dead:   0 
2025-01-24 08:04:38.631 | [GameAnalyzerEnd] SPIRE             total:   1 alive:   1 dead:   0 
2025-01-24 08:04:38.632 | [GameAnalyzerEnd] HYDRALISKDEN      total:   1 alive:   1 dead:   0 
2025-01-24 08:04:38.633 | [GameAnalyzerEnd] TRANSPORTOVERLORDCOCOON total:   1 alive:   1 dead:   0 
2025-01-24 08:04:38.633 | [GameAnalyzerEnd] Minerals max 3532 Average 811
2025-01-24 08:04:38.634 | [GameAnalyzerEnd] Vespene max 506 Average 143
2025-01-24 08:04:38.636 | INFO     | sc2.main:_play_game:228 - Result for player 1 - Bot LadderBot(Terran): Defeat
2025-01-24 08:04:40.639 | INFO     | sc2.protocol:__request:48 - Cannot receive: Game has already ended.
2025-01-24 08:04:40.640 | INFO     | sc2.sc2process:_close_connection:231 - Closing connection at 56988...
2025-01-24 08:04:40.641 | INFO     | sc2.sc2process:kill_all:33 - kill_switch: Process cleanup for 1 processes
