2024-11-05 15:29:23.893 | INFO     | sc2.protocol:_execute:72 - Client status changed to Status.launched (was None)
2024-11-05 15:29:23.894 | INFO     | sc2.controller:create_game:37 - Creating new game
2024-11-05 15:29:23.895 | INFO     | sc2.controller:create_game:38 - Map:     Gresvan513AIE
2024-11-05 15:29:23.896 | INFO     | sc2.controller:create_game:39 - Players: Bot LadderBot(Terran), Computer VeryHard(Zerg, RandomBuild)
2024-11-05 15:29:23.902 | INFO     | sc2.protocol:_execute:72 - Client status changed to Status.init_game (was Status.launched)
2024-11-05 15:29:40.963 | INFO     | sc2.protocol:_execute:72 - Client status changed to Status.in_game (was None)
2024-11-05 15:29:40.966 | INFO     | sc2.main:_play_game:221 - Player 1 - Bot LadderBot(Terran)
2024-11-05 15:29:42.097 | 00:00    0ms    0M    0G  12/ 15U [Version] 5.0.13.92440
2024-11-05 15:29:42.099 | 00:00    0ms    0M    0G  12/ 15U [Version] 5.0.6 Balance mod recognized.
2024-11-05 15:29:42.274 | 00:00    0ms    0M    0G  12/ 15U [ZoneManager] Map set to: MapName.Unknown from name: GresvanAIE and hash: 3547936.
2024-11-05 15:29:44.622 | 00:00    0ms    0M    0G  12/ 15U [Build] Jump, att at 190
2024-11-05 15:29:44.735 | [Start] My race: Terran
2024-11-05 15:29:44.737 | [Start] Opponent race: Zerg
2024-11-05 15:29:44.738 | [Start] OpponentId: None
2024-11-05 15:29:45.213 | 00:00   17ms    0M    0G  13/ 15U [GameAnalyzer] Income advantage is now SlightDisadvantage
2024-11-05 15:29:45.373 | 00:01   16ms    0M    0G  13/ 15U [GameAnalyzer] Income advantage is now Even
2024-11-05 15:29:48.009 | 00:09   20ms   85M    0G  13/ 15U [GameAnalyzer] Income advantage is now SlightDisadvantage
2024-11-05 15:29:48.082 | 00:09   20ms   95M    0G  13/ 15U [GameAnalyzer] Income advantage is now Even
2024-11-05 15:29:49.848 | 00:14   21ms    0M    0G  13/ 15U [ActUnit] SCV from COMMANDCENTER at (38.5, 121.5)
2024-11-05 15:29:54.043 | 00:27   19ms  115M    0G  14/ 15U [ActUnit] SCV from COMMANDCENTER at (38.5, 121.5)
2024-11-05 15:29:57.256 | 00:36   26ms   10M    0G  15/ 23U [BuildGas] Building REFINERY to (42.5, 128.5)
2024-11-05 15:29:58.406 | 00:39   25ms    0M    0G  15/ 23U [ActUnit] SCV from COMMANDCENTER at (38.5, 121.5)
2024-11-05 15:30:02.639 | 00:52   22ms  105M    0G  16/ 23U [ActUnit] SCV from COMMANDCENTER at (38.5, 121.5)
2024-11-05 15:30:06.953 | 01:04   23ms  100M    4G  17/ 23U [ActUnit] SCV from COMMANDCENTER at (38.5, 121.5)
2024-11-05 15:30:09.859 | 01:10   22ms  160M   16G  18/ 23U [GameAnalyzer] Income advantage is now SlightDisadvantage
2024-11-05 15:30:10.043 | 01:10   40ms  160M   16G  18/ 23U [GameAnalyzer] Income advantage is now SmallDisadvantage
2024-11-05 15:30:10.304 | 01:11   37ms  175M   16G  18/ 23U [GameAnalyzer] Income advantage is now SlightDisadvantage
2024-11-05 15:30:10.481 | 01:11   30ms  175M   20G  18/ 23U [GameAnalyzer] Income advantage is now SmallDisadvantage
2024-11-05 15:30:10.571 | 01:11   39ms  175M   20G  18/ 23U [GameAnalyzer] Income advantage is now SlightDisadvantage
2024-11-05 15:30:10.662 | 01:12   31ms  175M   20G  18/ 23U [GameAnalyzer] Income advantage is now SmallDisadvantage
2024-11-05 15:30:11.487 | 01:13   33ms  205M   24G  18/ 23U [GameAnalyzer] Income advantage is now SlightDisadvantage
2024-11-05 15:30:11.815 | 01:14   38ms  205M   24G  18/ 23U [GameAnalyzer] Income advantage is now SmallDisadvantage
2024-11-05 15:30:12.411 | 01:15   39ms  225M   24G  18/ 23U [GameAnalyzer] Income advantage is now Even
2024-11-05 15:30:12.858 | 01:16  111ms  230M   28G  18/ 23U [GameAnalyzer] Income advantage is now SlightDisadvantage
2024-11-05 15:30:12.953 | 01:16   31ms  230M   28G  18/ 23U [GameAnalyzer] Income advantage is now Even
2024-11-05 15:30:13.049 | 01:16   36ms  230M   28G  18/ 23U [GameAnalyzer] Income advantage is now SlightDisadvantage
2024-11-05 15:30:13.052 | 01:16   36ms  180M   28G  18/ 23U [ActUnit] SCV from COMMANDCENTER at (38.5, 121.5)
2024-11-05 15:30:13.176 | 01:16   35ms  180M   28G  19/ 23U [GameAnalyzer] Income advantage is now SmallDisadvantage
2024-11-05 15:30:13.274 | 01:17   38ms  180M   28G  19/ 23U [GameAnalyzer] Predicted army advantage is now SlightDisadvantage
2024-11-05 15:30:13.364 | 01:17   38ms  185M   28G  19/ 23U [GameAnalyzer] Income advantage is now SlightDisadvantage
2024-11-05 15:30:14.357 | 01:19   30ms  210M   32G  19/ 31U [GameAnalyzer] Income advantage is now SmallDisadvantage
2024-11-05 15:30:14.448 | 01:19   36ms  215M   32G  19/ 31U [GameAnalyzer] Income advantage is now SlightDisadvantage
2024-11-05 15:30:15.293 | 01:21   35ms  240M   36G  19/ 31U [GameAnalyzer] Income advantage is now SmallDisadvantage
2024-11-05 15:30:15.472 | 01:22   35ms  255M   40G  19/ 31U [GameAnalyzer] Income advantage is now SlightDisadvantage
2024-11-05 15:30:15.665 | 01:22   37ms  255M   40G  19/ 31U [GameAnalyzer] Income advantage is now SmallDisadvantage
2024-11-05 15:30:15.755 | 01:22   35ms  255M   40G  19/ 31U [GameAnalyzer] Income advantage is now SlightDisadvantage
2024-11-05 15:30:15.943 | 01:23   37ms  255M   40G  19/ 31U [GameAnalyzer] Income advantage is now SmallDisadvantage
2024-11-05 15:30:17.435 | 01:26   39ms  315M   52G  19/ 31U [GameAnalyzer] Income advantage is now SlightDisadvantage
2024-11-05 15:30:17.549 | 01:26   37ms  315M   52G  19/ 31U [GameAnalyzer] Income advantage is now SmallDisadvantage
2024-11-05 15:30:17.727 | 01:27   39ms  315M   52G  19/ 31U [GameAnalyzer] Income advantage is now SlightDisadvantage
2024-11-05 15:30:17.915 | 01:27   37ms  315M   52G  19/ 31U [GameAnalyzer] Income advantage is now SmallDisadvantage
2024-11-05 15:30:18.378 | 01:28   34ms  340M   56G  19/ 31U [GameAnalyzer] Income advantage is now SlightDisadvantage
2024-11-05 15:30:19.022 | 01:30   35ms  195M   60G  19/ 31U [GameAnalyzer] Income advantage is now SmallDisadvantage
2024-11-05 15:30:19.400 | 01:31   34ms  225M   64G  19/ 31U [GameAnalyzer] Income advantage is now SlightDisadvantage
2024-11-05 15:30:19.591 | 01:31   34ms  225M   64G  19/ 31U [GameAnalyzer] Income advantage is now SmallDisadvantage
2024-11-05 15:30:19.803 | 01:31   39ms  230M   64G  19/ 31U [GameAnalyzer] Income advantage is now SlightDisadvantage
2024-11-05 15:30:19.989 | 01:32   33ms  235M   68G  19/ 31U [GameAnalyzer] Income advantage is now SmallDisadvantage
2024-11-05 15:30:20.727 | 01:34   36ms  260M   72G  19/ 31U [GameAnalyzer] Income advantage is now SlightDisadvantage
2024-11-05 15:30:20.827 | 01:34   36ms  260M   72G  19/ 31U [GameAnalyzer] Income advantage is now SmallDisadvantage
2024-11-05 15:30:21.585 | 01:35   38ms  295M   76G  19/ 31U [GameAnalyzer] Income advantage is now SlightDisadvantage
2024-11-05 15:30:21.765 | 01:36   33ms  295M   76G  19/ 31U [GameAnalyzer] Income advantage is now SmallDisadvantage
2024-11-05 15:30:22.303 | 01:37   36ms  325M   80G  19/ 31U [GameAnalyzer] Income advantage is now SlightDisadvantage
2024-11-05 15:30:22.406 | 01:37   37ms  325M   80G  19/ 31U [GameAnalyzer] Income advantage is now SmallDisadvantage
2024-11-05 15:30:23.215 | 01:39   34ms  360M   88G  19/ 31U [GameAnalyzer] Income advantage is now SlightDisadvantage
2024-11-05 15:30:23.315 | 01:40   38ms  360M   88G  19/ 31U [GameAnalyzer] Income advantage is now SmallDisadvantage
2024-11-05 15:30:23.675 | 01:40   39ms  370M   88G  19/ 31U [GameAnalyzer] Income advantage is now SlightDisadvantage
2024-11-05 15:30:23.773 | 01:41   39ms  370M   88G  19/ 31U [GameAnalyzer] Income advantage is now SmallDisadvantage
2024-11-05 15:30:24.133 | 01:42   37ms  395M   92G  19/ 31U [GameAnalyzer] Income advantage is now SlightDisadvantage
2024-11-05 15:30:24.323 | 01:42   39ms  395M   92G  19/ 31U [GameAnalyzer] Income advantage is now SmallDisadvantage
2024-11-05 15:30:24.507 | 01:42   35ms  400M   96G  19/ 31U [Expand] Expanding to (36.5, 89.5)
2024-11-05 15:30:25.724 | 01:45   35ms    0M  104G  19/ 31U [ActUnit] MARINE from BARRACKS at (39.5, 113.5)
2024-11-05 15:30:27.785 | 01:50   32ms   80M  116G  20/ 31U [GameAnalyzer] Income advantage is now SlightDisadvantage
2024-11-05 15:30:27.790 | 01:50   32ms    5M  116G  20/ 31U [BuildGas] Building REFINERY to (45.5, 124.5)
2024-11-05 15:30:27.887 | 01:51  122ms    5M  116G  20/ 31U [GameAnalyzer] Income advantage is now SmallDisadvantage
2024-11-05 15:30:28.068 | 01:51   33ms   10M  120G  20/ 31U [GameAnalyzer] Income advantage is now Even
2024-11-05 15:30:28.435 | 01:52   33ms   20M  120G  20/ 31U [GameAnalyzer] Income advantage is now SlightDisadvantage
2024-11-05 15:30:28.526 | 01:52   41ms   25M  120G  20/ 31U [GameAnalyzer] Income advantage is now Even
2024-11-05 15:30:29.282 | 01:54   34ms    0M  128G  20/ 31U [ActUnit] SCV from COMMANDCENTER at (38.5, 121.5)
2024-11-05 15:30:30.545 | 01:57   35ms   35M  136G  21/ 31U [GameAnalyzer] Income advantage is now SlightDisadvantage
2024-11-05 15:30:30.637 | 01:57   39ms   45M  136G  21/ 31U [GameAnalyzer] Income advantage is now Even
2024-11-05 15:30:33.190 | 02:03   34ms  150M  152G  21/ 31U [GameAnalyzer] Known army advantage is now SlightAdvantage
2024-11-05 15:30:33.990 | 02:05   53ms   10M   56G  21/ 31U [GameAnalyzer] Income advantage is now SlightDisadvantage
2024-11-05 15:30:34.106 | 02:05   48ms   20M   56G  21/ 31U [GameAnalyzer] Income advantage is now Even
2024-11-05 15:30:34.579 | 02:06   47ms   25M   56G  21/ 31U [GameAnalyzer] Income advantage is now SlightDisadvantage
2024-11-05 15:30:34.698 | 02:06   47ms   40M   60G  21/ 31U [GameAnalyzer] Income advantage is now Even
2024-11-05 15:30:35.417 | 02:07   38ms    0M   60G  21/ 31U [ActUnit] SCV from COMMANDCENTER at (38.5, 121.5)
2024-11-05 15:30:36.622 | 02:10   35ms   10M   68G  22/ 31U [ActUnit] MARINE from BARRACKS at (39.5, 113.5)
2024-11-05 15:30:39.522 | 02:17   42ms   95M   88G  23/ 31U [GameAnalyzer] Income advantage is now SlightDisadvantage
2024-11-05 15:30:39.729 | 02:17   41ms  125M   88G  23/ 31U [GameAnalyzer] Income advantage is now Even
2024-11-05 15:30:39.936 | 02:17   37ms  130M   88G  23/ 31U [GameAnalyzer] Income advantage is now SlightDisadvantage
2024-11-05 15:30:40.240 | 02:18   36ms  145M   92G  23/ 31U [GameAnalyzer] Income advantage is now Even
2024-11-05 15:30:40.241 | 02:18   36ms  145M   92G  23/ 31U [GameAnalyzer] Known army advantage is now Even
2024-11-05 15:30:40.718 | 02:19   41ms  155M   96G  23/ 31U [GameAnalyzer] Income advantage is now SlightDisadvantage
2024-11-05 15:30:40.927 | 02:19   39ms  160M   96G  23/ 31U [GameAnalyzer] Income advantage is now Even
2024-11-05 15:30:40.929 | 02:19   39ms  110M   96G  23/ 31U [ActUnit] SCV from COMMANDCENTER at (38.5, 121.5)
2024-11-05 15:30:41.305 | 02:20   41ms  120M  100G  24/ 31U [GameAnalyzer] Income advantage is now SlightDisadvantage
2024-11-05 15:30:41.405 | 02:21   39ms  125M  104G  24/ 31U [GameAnalyzer] Income advantage is now Even
2024-11-05 15:30:41.609 | 02:21   45ms  125M  104G  24/ 31U [GameAnalyzer] Income advantage is now SlightDisadvantage
2024-11-05 15:30:41.804 | 02:21   40ms  140M  104G  24/ 31U [GameAnalyzer] Income advantage is now Even
2024-11-05 15:30:42.099 | 02:22   37ms  145M  108G  24/ 31U [GameAnalyzer] Income advantage is now SlightDisadvantage
2024-11-05 15:30:42.408 | 02:23   38ms  155M  112G  24/ 31U [GameAnalyzer] Income advantage is now Even
2024-11-05 15:30:43.569 | 02:25   41ms  205M  120G  24/ 31U [GameAnalyzer] Income advantage is now SlightDisadvantage
2024-11-05 15:30:43.676 | 02:25   40ms  215M  120G  24/ 31U [GameAnalyzer] Income advantage is now Even
2024-11-05 15:30:43.774 | 02:26   45ms  215M  120G  24/ 31U [GameAnalyzer] Income advantage is now SlightDisadvantage
2024-11-05 15:30:43.874 | 02:26   42ms  225M  124G  24/ 31U [GameAnalyzer] Income advantage is now Even
2024-11-05 15:30:44.168 | 02:27   37ms  235M  128G  24/ 31U [GameAnalyzer] Income advantage is now SlightDisadvantage
2024-11-05 15:30:44.265 | 02:27   37ms  235M  128G  24/ 31U [GameAnalyzer] Income advantage is now Even
2024-11-05 15:30:44.649 | 02:28   41ms  240M  128G  24/ 31U [GameAnalyzer] Known army advantage is now SlightAdvantage
2024-11-05 15:30:44.654 | 02:28   41ms  190M  128G  24/ 31U [ActUnit] MARINE from BARRACKS at (39.5, 113.5)
2024-11-05 15:30:45.228 | 02:29   40ms  105M  136G  25/ 31U [GameAnalyzer] Income advantage is now SlightDisadvantage
2024-11-05 15:30:45.440 | 02:29   40ms  120M  136G  25/ 31U [GameAnalyzer] Income advantage is now Even
2024-11-05 15:30:45.754 | 02:30   39ms  120M  136G  25/ 31U [GameAnalyzer] Income advantage is now SlightDisadvantage
2024-11-05 15:30:45.975 | 02:30   43ms  135M  144G  25/ 31U [GameAnalyzer] Income advantage is now Even
2024-11-05 15:30:46.193 | 02:31   39ms  145M  144G  25/ 31U [GameAnalyzer] Income advantage is now SlightDisadvantage
2024-11-05 15:30:46.513 | 02:32   48ms  150M  144G  25/ 31U [GameAnalyzer] Income advantage is now Even
2024-11-05 15:30:46.614 | 02:32   50ms  130M  144G  25/ 31U [ActUnit] SCV from COMMANDCENTER at (38.5, 121.5)
2024-11-05 15:30:48.224 | 02:35   42ms  170M  160G  26/ 31U [GameAnalyzer] Income advantage is now SlightDisadvantage
2024-11-05 15:30:48.321 | 02:35   43ms  175M  160G  26/ 31U [GameAnalyzer] Income advantage is now Even
2024-11-05 15:30:49.207 | 02:37   42ms  190M  168G  26/ 31U [GameAnalyzer] Income advantage is now SlightDisadvantage
2024-11-05 15:30:49.317 | 02:38   45ms  200M  168G  26/ 31U [GameAnalyzer] Income advantage is now Even
2024-11-05 15:30:49.921 | 02:39   40ms  215M  176G  26/ 31U [GameAnalyzer] Income advantage is now SlightDisadvantage
2024-11-05 15:30:50.123 | 02:39   45ms  255M  176G  26/ 31U [GameAnalyzer] Income advantage is now Even
2024-11-05 15:30:50.489 | 02:40   61ms  260M  176G  26/ 31U [GameAnalyzer] Income advantage is now SlightDisadvantage
2024-11-05 15:30:50.710 | 02:40   46ms  265M  180G  26/ 31U [GameAnalyzer] Income advantage is now Even
2024-11-05 15:30:51.708 | 02:42  133ms  285M  188G  26/ 31U [GameAnalyzer] Income advantage is now SlightDisadvantage
2024-11-05 15:30:52.022 | 02:43   42ms  305M  192G  26/ 31U [GameAnalyzer] Income advantage is now Even
2024-11-05 15:30:52.516 | 02:44   38ms  270M  196G  26/ 31U [ActUnit] SCV from COMMANDCENTER at (38.5, 121.5)
2024-11-05 15:30:53.239 | 02:46   42ms  235M  200G  27/ 31U [ActUnit] MARINE from BARRACKS at (39.5, 113.5)
2024-11-05 15:30:53.791 | 02:46   56ms  265M  204G  28/ 31U [GameAnalyzer] Income advantage is now SlightDisadvantage
2024-11-05 15:30:53.894 | 02:47   47ms  275M  204G  28/ 31U [GameAnalyzer] Income advantage is now Even
2024-11-05 15:30:54.235 | 02:47   44ms  285M  208G  28/ 31U [GameAnalyzer] Income advantage is now SlightDisadvantage
2024-11-05 15:30:54.454 | 02:48   48ms  290M  208G  28/ 31U [GameAnalyzer] Income advantage is now Even
2024-11-05 15:30:55.103 | 02:49   51ms  160M  112G  28/ 31U [DefensiveBuilding] Building BUNKER to (41.43196961916072, 90.32199493652679)
2024-11-05 15:30:55.609 | 02:50   46ms   70M  120G  28/ 31U [GameAnalyzer] Income advantage is now SlightDisadvantage
2024-11-05 15:30:56.022 | 02:51   41ms   80M  120G  28/ 31U [GameAnalyzer] Income advantage is now Even
2024-11-05 15:30:56.424 | 02:52   57ms   85M  124G  28/ 31U [GameAnalyzer] Income advantage is now SlightDisadvantage
2024-11-05 15:30:56.616 | 02:52   73ms   85M  128G  28/ 31U [GameAnalyzer] Income advantage is now Even
2024-11-05 15:30:57.568 | 02:54   42ms  135M  128G  28/ 31U [GameAnalyzer] Income advantage is now SlightDisadvantage
2024-11-05 15:30:57.677 | 02:54   46ms  135M  132G  28/ 39U [GameAnalyzer] Income advantage is now Even
2024-11-05 15:30:57.798 | 02:54   45ms  135M  136G  28/ 39U [GameAnalyzer] Income advantage is now SlightDisadvantage
2024-11-05 15:30:57.924 | 02:54   42ms  145M  136G  28/ 39U [GameAnalyzer] Income advantage is now Even
2024-11-05 15:30:58.142 | 02:55   44ms    0M  136G  28/ 39U [GameAnalyzer] Income advantage is now SlightDisadvantage
2024-11-05 15:30:58.253 | 02:55   42ms    5M  136G  28/ 39U [GameAnalyzer] Income advantage is now Even
2024-11-05 15:30:58.456 | 02:55   44ms    5M  136G  28/ 39U [GameAnalyzer] Income advantage is now SlightDisadvantage
2024-11-05 15:30:58.975 | 02:56   41ms   20M  144G  28/ 39U [GameAnalyzer] Income advantage is now Even
2024-11-05 15:30:59.398 | 02:57   44ms   30M  144G  28/ 39U [GameAnalyzer] Income advantage is now SlightDisadvantage
2024-11-05 15:31:00.032 | 02:59   45ms    0M  152G  28/ 39U [ActUnit] SCV from COMMANDCENTER at (38.5, 121.5)
2024-11-05 15:31:00.146 | 02:59   45ms    0M  152G  29/ 39U [GameAnalyzer] Income advantage is now Even
2024-11-05 15:31:00.367 | 02:59   46ms    5M  152G  29/ 39U [GameAnalyzer] Income advantage is now SlightDisadvantage
2024-11-05 15:31:00.368 | 02:59   46ms    5M  152G  29/ 39U [GameAnalyzer] Known army advantage is now SlightDisadvantage
2024-11-05 15:31:00.369 | 02:59   46ms    5M  152G  29/ 39U [GameAnalyzer] Predicted army advantage is now ClearDisadvantage
2024-11-05 15:31:01.588 | 03:01   41ms   55M  160G  29/ 39U [GameAnalyzer] Income advantage is now SmallDisadvantage
2024-11-05 15:31:01.752 | 03:02   63ms   60M  160G  29/ 39U [GameAnalyzer] Income advantage is now SlightDisadvantage
2024-11-05 15:31:01.988 | 03:02   42ms   65M  164G  29/ 39U [GameAnalyzer] Income advantage is now SmallDisadvantage
2024-11-05 15:31:02.235 | 03:03   49ms   75M  168G  29/ 54U [GameAnalyzer] Income advantage is now SlightDisadvantage
2024-11-05 15:31:02.692 | 03:03   43ms   85M  172G  29/ 54U [GameAnalyzer] Income advantage is now Even
2024-11-05 15:31:02.818 | 03:04   50ms   85M  172G  29/ 54U [GameAnalyzer] Income advantage is now SlightDisadvantage
2024-11-05 15:31:03.252 | 03:04  135ms   90M  176G  29/ 54U [GameAnalyzer] Income advantage is now Even
2024-11-05 15:31:03.253 | 03:04  135ms   90M  176G  29/ 54U [GameAnalyzer] Predicted army advantage is now SlightDisadvantage
2024-11-05 15:31:03.376 | 03:05   56ms   90M  176G  29/ 54U [GameAnalyzer] Income advantage is now SlightDisadvantage
2024-11-05 15:31:03.480 | 03:05   47ms   95M  176G  29/ 54U [GameAnalyzer] Income advantage is now Even
2024-11-05 15:31:03.835 | 03:05   45ms   95M  176G  29/ 54U [GameAnalyzer] Income advantage is now SlightDisadvantage
2024-11-05 15:31:05.150 | 03:08   47ms    5M  188G  28/ 54U [GameAnalyzer] Income advantage is now Even
2024-11-05 15:31:05.257 | 03:08   45ms    5M  192G  28/ 54U [GameAnalyzer] Income advantage is now SlightDisadvantage
2024-11-05 15:31:05.558 | 03:09   41ms   10M  192G  28/ 54U [GameAnalyzer] Income advantage is now Even
2024-11-05 15:31:05.867 | 03:09   48ms   10M  196G  28/ 54U [GameAnalyzer] Income advantage is now SlightDisadvantage
2024-11-05 15:31:06.074 | 03:10   43ms   15M  196G  28/ 54U [GameAnalyzer] Income advantage is now Even
2024-11-05 15:31:06.289 | 03:10   48ms   15M  200G  28/ 54U [GameAnalyzer] Income advantage is now SlightDisadvantage
2024-11-05 15:31:06.610 | 03:11   43ms   25M  204G  28/ 54U [GameAnalyzer] Income advantage is now Even
2024-11-05 15:31:06.720 | 03:11   44ms   25M  204G  28/ 54U [GameAnalyzer] Income advantage is now SlightDisadvantage
2024-11-05 15:31:06.941 | 03:11   44ms   35M  204G  28/ 54U [GameAnalyzer] Income advantage is now Even
2024-11-05 15:31:07.057 | 03:12   45ms   35M  204G  28/ 54U [GameAnalyzer] Income advantage is now SlightDisadvantage
2024-11-05 15:31:07.171 | 03:12   52ms   40M  204G  28/ 54U [GameAnalyzer] Income advantage is now Even
2024-11-05 15:31:07.387 | 03:12   44ms   45M  204G  28/ 54U [GameAnalyzer] Income advantage is now SlightDisadvantage
2024-11-05 15:31:07.794 | 03:13   42ms   80M  212G  28/ 54U [GameAnalyzer] Income advantage is now Even
2024-11-05 15:31:07.796 | 03:13   42ms   30M  212G  28/ 54U [ActUnit] SCV from COMMANDCENTER at (38.5, 121.5)
2024-11-05 15:31:08.120 | 03:14   43ms   30M  212G  29/ 54U [GameAnalyzer] Income advantage is now SlightDisadvantage
2024-11-05 15:31:08.338 | 03:14   44ms   45M  216G  29/ 54U [GameAnalyzer] Income advantage is now Even
2024-11-05 15:31:08.546 | 03:15   47ms   45M  220G  29/ 54U [GameAnalyzer] Predicted army advantage is now SmallDisadvantage
2024-11-05 15:31:08.655 | 03:15   42ms   45M  220G  29/ 54U [GameAnalyzer] Income advantage is now SlightDisadvantage
2024-11-05 15:31:08.762 | 03:15   49ms   55M  220G  29/ 54U [GameAnalyzer] Income advantage is now Even
2024-11-05 15:31:08.773 | 03:15   49ms    5M  220G  29/ 54U [ActUnit] MARINE from BARRACKS at (39.5, 113.5)
2024-11-05 15:31:08.895 | 03:15   53ms    5M  220G  30/ 54U [GameAnalyzer] Income advantage is now SlightDisadvantage
2024-11-05 15:31:09.202 | 03:16   47ms   15M  224G  30/ 54U [GameAnalyzer] Income advantage is now Even
2024-11-05 15:31:09.307 | 03:16   42ms   15M  228G  30/ 54U [GameAnalyzer] Income advantage is now SlightDisadvantage
2024-11-05 15:31:09.411 | 03:16   46ms   20M  228G  30/ 54U [GameAnalyzer] Income advantage is now Even
2024-11-05 15:31:09.621 | 03:17   42ms   25M  228G  30/ 54U [GameAnalyzer] Income advantage is now SlightDisadvantage
2024-11-05 15:31:09.824 | 03:17   46ms   30M  232G  30/ 54U [GameAnalyzer] Income advantage is now Even
2024-11-05 15:31:10.217 | 03:18  134ms   35M  236G  30/ 54U [GameAnalyzer] Income advantage is now SlightDisadvantage
2024-11-05 15:31:10.414 | 03:18   41ms   45M  236G  30/ 54U [GameAnalyzer] Income advantage is now Even
2024-11-05 15:31:10.613 | 03:19   45ms   50M  240G  30/ 54U [GameAnalyzer] Income advantage is now SlightDisadvantage
2024-11-05 15:31:10.916 | 03:20   47ms   70M  244G  30/ 54U [GameAnalyzer] Income advantage is now Even
2024-11-05 15:31:11.029 | 03:20   41ms   70M  244G  30/ 54U [GameAnalyzer] Predicted army advantage is now ClearDisadvantage
2024-11-05 15:31:11.130 | 03:20   50ms   70M  244G  30/ 54U [GameAnalyzer] Income advantage is now SlightDisadvantage
2024-11-05 15:31:11.264 | 03:20   43ms   25M  248G  30/ 54U [BuildGas] Building REFINERY to (29.5, 86.5)
2024-11-05 15:31:12.027 | 03:22   42ms   50M  256G  30/ 54U [GameAnalyzer] Income advantage is now Even
2024-11-05 15:31:12.036 | 03:22   42ms   50M  256G  30/ 54U [BuildAddon] UnitTypeId.FACTORYTECHLAB to (49.0, 117.0)
2024-11-05 15:31:12.158 | 03:22   58ms    0M  235G  30/ 54U [GameAnalyzer] Income advantage is now SlightDisadvantage
2024-11-05 15:31:12.675 | 03:23   43ms   10M  235G  30/ 54U [GameAnalyzer] Income advantage is now Even
2024-11-05 15:31:12.789 | 03:23   46ms   10M  239G  30/ 54U [GameAnalyzer] Income advantage is now SlightDisadvantage
2024-11-05 15:31:13.209 | 03:24   45ms   25M  243G  30/ 54U [GameAnalyzer] Income advantage is now Even
2024-11-05 15:31:13.315 | 03:24   42ms   25M  243G  30/ 54U [GameAnalyzer] Income advantage is now SlightDisadvantage
2024-11-05 15:31:13.983 | 03:26   61ms    0M  243G  30/ 54U [ActUnit] SCV from COMMANDCENTER at (38.5, 121.5)
2024-11-05 15:31:14.543 | 03:27   51ms   10M  251G  31/ 54U [GameAnalyzer] Income advantage is now Even
2024-11-05 15:31:14.765 | 03:27   62ms   10M  251G  31/ 54U [GameAnalyzer] Income advantage is now SlightDisadvantage
2024-11-05 15:31:15.005 | 03:27   46ms   40M  259G  31/ 54U [GameAnalyzer] Income advantage is now Even
2024-11-05 15:31:15.780 | 03:29   45ms   60M  259G  31/ 54U [GameAnalyzer] Income advantage is now SlightDisadvantage
2024-11-05 15:31:15.911 | 03:29   50ms   60M  263G  31/ 54U [GameAnalyzer] Income advantage is now Even
2024-11-05 15:31:16.341 | 03:30   44ms   75M  263G  31/ 54U [GameAnalyzer] Income advantage is now SlightDisadvantage
2024-11-05 15:31:16.440 | 03:30   45ms   80M  267G  31/ 54U [GameAnalyzer] Income advantage is now Even
2024-11-05 15:31:17.743 | 03:32   63ms   60M  279G  31/ 54U [ActUnit] SCV from COMMANDCENTER at (36.5, 89.5)
2024-11-05 15:31:18.024 | 03:33   55ms   75M  279G  32/ 54U [BuildAddon] UnitTypeId.BARRACKSTECHLAB to (42.0, 113.0)
2024-11-05 15:31:18.167 | 03:33   62ms   25M  254G  32/ 54U [GameAnalyzer] Income advantage is now SlightDisadvantage
2024-11-05 15:31:18.425 | 03:34   52ms   35M  258G  32/ 54U [GameAnalyzer] Income advantage is now Even
2024-11-05 15:31:19.185 | 03:35   46ms   90M  266G  32/ 54U [GameAnalyzer] Predicted army advantage is now OverwhelmingDisadvantage
2024-11-05 15:31:20.073 | 03:37   48ms  105M  274G  32/ 54U [GameAnalyzer] Income advantage is now SlightDisadvantage
2024-11-05 15:31:20.296 | 03:37   45ms  125M  274G  32/ 54U [GameAnalyzer] Income advantage is now Even
2024-11-05 15:31:20.625 | 03:38   45ms   80M  282G  32/ 54U [ActUnit] SCV from COMMANDCENTER at (38.5, 121.5)
2024-11-05 15:31:22.499 | 03:41   54ms   25M  173G  33/ 54U [ActUnit] SIEGETANK from FACTORY at (46.5, 117.5)
2024-11-05 15:31:22.747 | 03:42   41ms   50M  173G  36/ 54U [GameAnalyzer] Income advantage is now SlightDisadvantage
2024-11-05 15:31:22.863 | 03:42   59ms   65M  177G  36/ 54U [GameAnalyzer] Income advantage is now Even
2024-11-05 15:31:23.330 | 03:43   41ms   85M  181G  36/ 54U [BuildAddon] UnitTypeId.BARRACKSREACTOR to (44.0, 110.0)
2024-11-05 15:31:24.335 | 03:45   51ms    5M  139G  36/ 54U [ActUnit] SCV from COMMANDCENTER at (36.5, 89.5)
2024-11-05 15:31:29.474 | 03:53   50ms    0M   87G  37/ 54U [ActUnit] SCV from COMMANDCENTER at (38.5, 121.5)
2024-11-05 15:31:31.457 | 03:55   59ms    5M  107G  38/ 54U [ActUnit] MARINE from BARRACKS at (39.5, 113.5)
2024-11-05 15:31:32.685 | 03:57   68ms   30M  119G  39/ 54U [ActUnit] SCV from COMMANDCENTER at (36.5, 89.5)
2024-11-05 15:31:39.249 | 04:05   74ms  175M  171G  40/ 54U [ActUnit] SCV from COMMANDCENTER at (38.5, 121.5)
2024-11-05 15:31:42.566 | 04:09   50ms  220M  199G  41/ 54U [ActUnit] SCV from COMMANDCENTER at (36.5, 89.5)
2024-11-05 15:31:45.815 | ERROR    | sc2.protocol:__request:50 - Cannot receive: Connection already closed.
2024-11-05 15:31:45.819 | INFO     | sc2.sc2process:_close_connection:231 - Closing connection at 61123...
2024-11-05 15:31:45.820 | INFO     | sc2.sc2process:kill_all:33 - kill_switch: Process cleanup for 1 processes
