2024-11-26 17:40:25.687 | INFO     | sc2.protocol:_execute:72 - Client status changed to Status.launched (was None)
2024-11-26 17:40:25.688 | INFO     | sc2.controller:create_game:37 - Creating new game
2024-11-26 17:40:25.689 | INFO     | sc2.controller:create_game:38 - Map:     SiteDelta513AIE
2024-11-26 17:40:25.690 | INFO     | sc2.controller:create_game:39 - Players: Bot LadderBot(Terran), Computer VeryHard(Zerg, RandomBuild)
2024-11-26 17:40:25.693 | INFO     | sc2.protocol:_execute:72 - Client status changed to Status.init_game (was Status.launched)
2024-11-26 17:40:36.525 | INFO     | sc2.protocol:_execute:72 - Client status changed to Status.in_game (was None)
2024-11-26 17:40:36.526 | INFO     | sc2.main:_play_game:221 - Player 1 - Bot LadderBot(Terran)
2024-11-26 17:40:37.315 | 00:00    0ms    0M    0G  12/ 15U [Version] 5.0.13.92440
2024-11-26 17:40:37.316 | 00:00    0ms    0M    0G  12/ 15U [Version] 5.0.6 Balance mod recognized.
2024-11-26 17:40:37.450 | 00:00    0ms    0M    0G  12/ 15U [ZoneManager] Map set to: MapName.Unknown from name: Site Delta AIE and hash: 4002476.
2024-11-26 17:40:38.965 | [Start] My race: Terran
2024-11-26 17:40:38.966 | [Start] Opponent race: Zerg
2024-11-26 17:40:38.967 | [Start] OpponentId: None
2024-11-26 17:40:39.330 | 00:00   14ms    0M    0G  13/ 15U [GameAnalyzer] Income advantage is now SlightDisadvantage
2024-11-26 17:40:39.453 | 00:01   15ms    0M    0G  13/ 15U [GameAnalyzer] Income advantage is now Even
2024-11-26 17:40:42.791 | 00:14   18ms    0M    0G  13/ 15U [TerranUnit] SCV from COMMANDCENTER at (149.5, 42.5)
2024-11-26 17:40:44.725 | 00:21   18ms    0M    0G  14/ 15U [BuildGas] Building REFINERY to (156.5, 45.5)
2024-11-26 17:40:46.224 | 00:27   17ms   30M    0G  14/ 15U [TerranUnit] SCV from COMMANDCENTER at (149.5, 42.5)
2024-11-26 17:40:50.185 | 00:41   18ms    0M    0G  15/ 23U [TerranUnit] SCV from COMMANDCENTER at (149.5, 42.5)
2024-11-26 17:40:53.431 | 00:54   16ms   80M   20G  16/ 23U [TerranUnit] SCV from COMMANDCENTER at (149.5, 42.5)
2024-11-26 17:40:53.499 | 00:54   18ms   15M   20G  17/ 23U [BuildGas] Building REFINERY to (145.5, 35.5)
2024-11-26 17:40:56.805 | 01:06   18ms  100M   52G  17/ 23U [TerranUnit] SCV from COMMANDCENTER at (149.5, 42.5)
2024-11-26 17:41:00.387 | 01:18   20ms  195M   88G  18/ 23U [TerranUnit] SCV from COMMANDCENTER at (149.5, 42.5)
2024-11-26 17:41:05.060 | 01:34   19ms  135M  156G  19/ 23U [GameAnalyzer] Income advantage is now SlightAdvantage
2024-11-26 17:41:05.130 | 01:35   21ms  135M  156G  19/ 23U [GameAnalyzer] Income advantage is now Even
2024-11-26 17:41:05.468 | 01:35   23ms  140M  160G  19/ 23U [GameAnalyzer] Income advantage is now SlightAdvantage
2024-11-26 17:41:05.533 | 01:36   21ms  140M  160G  19/ 23U [GameAnalyzer] Income advantage is now Even
2024-11-26 17:41:06.835 | 01:40   21ms    5M   30G  19/ 23U [TerranUnit] REAPER from BARRACKS at (153.5, 49.5)
2024-11-26 17:41:11.492 | 01:55   20ms  165M   90G  20/ 31U [ActUnit] SCV from COMMANDCENTER at (149.5, 42.5)
2024-11-26 17:41:11.595 | 01:56   25ms  165M   90G  21/ 31U [DodgeRampAttack] Supply is 21 -> attack!
2024-11-26 17:41:11.595 | 01:56   25ms  165M   90G  21/ 31U [DodgeRampAttack] Attack started at 0.00 power.
2024-11-26 17:41:11.663 | 01:56   23ms  165M   90G  21/ 31U [DodgeRampAttack] No attacking units, starting retreat
2024-11-26 17:41:15.456 | 02:08   25ms  145M   38G  21/ 31U [ActUnit] SCV from COMMANDCENTER at (149.5, 42.5)
2024-11-26 17:41:16.143 | 02:10   22ms  175M   46G  22/ 31U [GameAnalyzer] Income advantage is now SlightAdvantage
2024-11-26 17:41:16.215 | 02:10   24ms  175M   46G  22/ 31U [GameAnalyzer] Income advantage is now Even
2024-11-26 17:41:16.989 | 02:12   26ms  230M   58G  22/ 31U [GameAnalyzer] Known army advantage is now SlightAdvantage
2024-11-26 17:41:16.990 | 02:12   26ms  230M   58G  22/ 31U [GameAnalyzer] Predicted army advantage is now SlightAdvantage
2024-11-26 17:41:16.994 | 02:12   26ms  180M    8G  22/ 31U [TerranUnit] REAPER from BARRACKS at (153.5, 49.5)
2024-11-26 17:41:17.144 | 02:13   25ms  200M    8G  23/ 31U [GameAnalyzer] Income advantage is now SlightAdvantage
2024-11-26 17:41:17.223 | 02:13   35ms  200M    8G  23/ 31U [GameAnalyzer] Income advantage is now Even
2024-11-26 17:41:17.519 | 02:14   25ms  215M    8G  23/ 31U [GameAnalyzer] Income advantage is now SlightAdvantage
2024-11-26 17:41:17.668 | 02:14   27ms  215M   16G  23/ 31U [GameAnalyzer] Income advantage is now Even
2024-11-26 17:41:18.192 | 02:16   27ms  240M   24G  23/ 31U [DodgeRampAttack] Retreat stopped.
2024-11-26 17:41:18.274 | 02:16   25ms  240M   24G  23/ 31U [DodgeRampAttack] Supply is 23 -> attack!
2024-11-26 17:41:18.275 | 02:16   25ms  240M   24G  23/ 31U [DodgeRampAttack] Attack started at 1.00 power.
2024-11-26 17:41:20.343 | 02:20   35ms  325M   40G  23/ 31U [GameAnalyzer] Income advantage is now SlightAdvantage
2024-11-26 17:41:20.344 | 02:20   35ms  275M   40G  23/ 31U [ActUnit] SCV from COMMANDCENTER at (149.5, 42.5)
2024-11-26 17:41:20.429 | 02:20   35ms  275M   40G  24/ 31U [GameAnalyzer] Income advantage is now Even
2024-11-26 17:41:21.245 | 02:22   32ms  210M   44G  24/ 31U [TerranUnit] HELLION from FACTORY at (141.5, 45.5)
2024-11-26 17:41:22.485 | 02:25   34ms  285M   56G  26/ 31U [GameAnalyzer] Income advantage is now SlightAdvantage
2024-11-26 17:41:22.571 | 02:26   42ms  290M   56G  26/ 31U [GameAnalyzer] Income advantage is now Even
2024-11-26 17:41:23.296 | 02:27   32ms  310M   68G  26/ 31U [GameAnalyzer] Income advantage is now SlightAdvantage
2024-11-26 17:41:23.449 | 02:28   29ms  310M   68G  26/ 31U [GameAnalyzer] Income advantage is now Even
2024-11-26 17:41:23.676 | 02:29   27ms  340M   72G  26/ 31U [GameAnalyzer] Income advantage is now SlightAdvantage
2024-11-26 17:41:23.900 | 02:29   28ms  340M   72G  26/ 31U [GameAnalyzer] Income advantage is now Even
2024-11-26 17:41:23.979 | 02:30   30ms  340M   72G  26/ 31U [GameAnalyzer] Income advantage is now SlightAdvantage
2024-11-26 17:41:24.212 | 02:30   28ms  345M   76G  26/ 31U [GameAnalyzer] Income advantage is now Even
2024-11-26 17:41:24.369 | 02:31   29ms  370M   76G  26/ 31U [GameAnalyzer] Income advantage is now SlightAdvantage
2024-11-26 17:41:24.538 | 02:31   30ms  400M   80G  26/ 31U [GameAnalyzer] Income advantage is now Even
2024-11-26 17:41:24.543 | 02:31   30ms  400M   80G  26/ 31U [Expand] Expanding to (154.5, 69.5)
2024-11-26 17:41:24.690 | 02:32   26ms    5M   84G  26/ 31U [GameAnalyzer] Income advantage is now SlightAdvantage
2024-11-26 17:41:24.985 | 02:32   26ms    5M   84G  26/ 31U [GameAnalyzer] Income advantage is now Even
2024-11-26 17:41:25.134 | 02:33   25ms   15M   88G  26/ 31U [GameAnalyzer] Income advantage is now SlightAdvantage
2024-11-26 17:41:25.216 | 02:33   27ms   15M   88G  26/ 31U [GameAnalyzer] Income advantage is now Even
2024-11-26 17:41:25.365 | 02:33   25ms   40M   88G  26/ 31U [GameAnalyzer] Income advantage is now SlightAdvantage
2024-11-26 17:41:25.446 | 02:34   27ms   40M   88G  26/ 31U [GameAnalyzer] Income advantage is now Even
2024-11-26 17:41:25.967 | 02:35   28ms   10M   96G  26/ 31U [ActUnit] SCV from COMMANDCENTER at (149.5, 42.5)
2024-11-26 17:41:26.049 | 02:35   27ms   25M  100G  27/ 31U [GameAnalyzer] Income advantage is now SlightAdvantage
2024-11-26 17:41:26.197 | 02:36   28ms   25M  100G  27/ 31U [GameAnalyzer] Income advantage is now Even
2024-11-26 17:41:26.269 | 02:36   28ms   25M  100G  27/ 31U [GameAnalyzer] Income advantage is now SlightAdvantage
2024-11-26 17:41:26.349 | 02:36   28ms   25M  100G  27/ 31U [GameAnalyzer] Income advantage is now Even
2024-11-26 17:41:26.421 | 02:36   31ms   25M  100G  27/ 31U [GameAnalyzer] Income advantage is now SlightAdvantage
2024-11-26 17:41:26.571 | 02:37   25ms   25M  104G  27/ 31U [GameAnalyzer] Income advantage is now Even
2024-11-26 17:41:26.856 | 02:38   93ms   45M  104G  27/ 31U [GameAnalyzer] Income advantage is now SlightAdvantage
2024-11-26 17:41:26.936 | 02:38   29ms   75M  108G  27/ 31U [GameAnalyzer] Income advantage is now Even
2024-11-26 17:41:27.157 | 02:38   30ms   85M  108G  27/ 31U [GameAnalyzer] Income advantage is now SlightAdvantage
2024-11-26 17:41:27.238 | 02:39   28ms   90M  108G  27/ 31U [GameAnalyzer] Income advantage is now SmallAdvantage
2024-11-26 17:41:28.001 | 02:41   24ms   25M  120G  27/ 31U [GameAnalyzer] Income advantage is now SlightAdvantage
2024-11-26 17:41:28.089 | 02:41   34ms   25M  120G  27/ 31U [GameAnalyzer] Income advantage is now Even
2024-11-26 17:41:28.249 | 02:42   31ms   25M  124G  27/ 31U [ChatManager] Tag:E_zergling
2024-11-26 17:41:28.332 | 02:42   37ms   40M  124G  27/ 31U [GameAnalyzer] Income advantage is now SlightAdvantage
2024-11-26 17:41:28.499 | 02:42   30ms   40M  124G  27/ 31U [GameAnalyzer] Income advantage is now Even
2024-11-26 17:41:28.883 | 02:43   33ms   55M  128G  27/ 31U [GameAnalyzer] Income advantage is now SlightAdvantage
2024-11-26 17:41:28.891 | 02:43   33ms   55M  128G  27/ 31U [BuildAddon] UnitTypeId.FACTORYREACTOR to (151.0, 51.0)
2024-11-26 17:41:28.984 | 02:43   42ms    5M   78G  27/ 31U [GameAnalyzer] Income advantage is now Even
2024-11-26 17:41:29.092 | 02:44   36ms   10M   82G  27/ 31U [DodgeRampAttack] Retreat started at 1.00 own local power against 3.50 enemy local power.
2024-11-26 17:41:29.182 | 02:44   42ms   10M   82G  27/ 31U [GameAnalyzer] Known army advantage is now SlightDisadvantage
2024-11-26 17:41:29.183 | 02:44   42ms   10M   82G  27/ 31U [GameAnalyzer] Predicted army advantage is now SlightDisadvantage
2024-11-26 17:41:29.273 | 02:44   37ms   15M   82G  27/ 31U [GameAnalyzer] Income advantage is now SlightAdvantage
2024-11-26 17:41:29.463 | 02:44   38ms   45M   82G  27/ 31U [GameAnalyzer] Income advantage is now Even
2024-11-26 17:41:29.652 | 02:45   36ms   50M   86G  27/ 31U [GameAnalyzer] Income advantage is now SlightAdvantage
2024-11-26 17:41:29.656 | 02:45   36ms    0M   36G  27/ 31U [TerranUnit] REAPER from BARRACKS at (153.5, 49.5)
2024-11-26 17:41:30.019 | 02:46   40ms   10M   40G  28/ 31U [GameAnalyzer] Income advantage is now Even
2024-11-26 17:41:30.203 | 02:46   38ms   25M   44G  28/ 31U [GameAnalyzer] Income advantage is now SlightAdvantage
2024-11-26 17:41:30.386 | 02:47   38ms   25M   48G  28/ 31U [GameAnalyzer] Income advantage is now Even
2024-11-26 17:41:30.637 | 02:47   38ms   25M   48G  28/ 31U [GameAnalyzer] Income advantage is now SlightAdvantage
2024-11-26 17:41:31.014 | 02:48   38ms   40M   56G  28/ 31U [GameAnalyzer] Income advantage is now Even
2024-11-26 17:41:31.202 | 02:48   41ms   50M   56G  28/ 31U [GameAnalyzer] Income advantage is now SlightAdvantage
2024-11-26 17:41:31.204 | 02:48   41ms    0M   56G  28/ 31U [ActUnit] SCV from COMMANDCENTER at (149.5, 42.5)
2024-11-26 17:41:31.387 | 02:49   40ms    5M   60G  29/ 31U [GameAnalyzer] Known army advantage is now Even
2024-11-26 17:41:31.388 | 02:49   40ms    5M   60G  29/ 31U [GameAnalyzer] Predicted army advantage is now Even
2024-11-26 17:41:31.936 | 02:50   40ms   15M   64G  29/ 31U [GameAnalyzer] Income advantage is now Even
2024-11-26 17:41:32.120 | 02:51   39ms   35M   68G  29/ 31U [GameAnalyzer] Income advantage is now SlightAdvantage
2024-11-26 17:41:32.475 | 02:51   35ms   60M   72G  29/ 31U [GameAnalyzer] Income advantage is now Even
2024-11-26 17:41:32.830 | 02:52   36ms   75M   76G  29/ 31U [GameAnalyzer] Income advantage is now SlightAdvantage
2024-11-26 17:41:32.920 | 02:52   40ms   75M   80G  29/ 31U [GameAnalyzer] Income advantage is now Even
2024-11-26 17:41:33.013 | 02:53   39ms   85M   80G  29/ 31U [GameAnalyzer] Income advantage is now SlightAdvantage
2024-11-26 17:41:33.112 | 02:53   39ms   85M   80G  29/ 31U [GameAnalyzer] Income advantage is now Even
2024-11-26 17:41:33.206 | 02:53   43ms   90M   80G  29/ 31U [GameAnalyzer] Income advantage is now SlightAdvantage
2024-11-26 17:41:33.567 | 02:54   37ms   95M   88G  29/ 31U [GameAnalyzer] Known army advantage is now SlightDisadvantage
2024-11-26 17:41:33.567 | 02:54   37ms   95M   88G  29/ 31U [GameAnalyzer] Predicted army advantage is now SlightDisadvantage
2024-11-26 17:41:33.669 | 02:54   40ms   95M   88G  29/ 31U [GameAnalyzer] Income advantage is now Even
2024-11-26 17:41:33.859 | 02:55   38ms  105M   88G  29/ 31U [GameAnalyzer] Income advantage is now SlightAdvantage
2024-11-26 17:41:33.864 | 02:55   38ms    5M   88G  29/ 31U [TerranUnit] HELLION from FACTORY at (141.5, 45.5)
2024-11-26 17:41:34.258 | 02:56   36ms   25M   96G  31/ 31U [GameAnalyzer] Income advantage is now Even
2024-11-26 17:41:34.498 | 02:56   36ms   25M   96G  31/ 31U [GameAnalyzer] Income advantage is now SlightAdvantage
2024-11-26 17:41:35.960 | 03:00   40ms    5M  116G  31/ 31U [GameAnalyzer] Income advantage is now Even
2024-11-26 17:41:36.051 | 03:00   43ms   15M  120G  31/ 31U [GameAnalyzer] Income advantage is now SlightAdvantage
2024-11-26 17:41:36.228 | 03:00   35ms   25M  120G  31/ 31U [GameAnalyzer] Income advantage is now Even
2024-11-26 17:41:36.406 | 03:01   38ms   30M  124G  31/ 31U [GameAnalyzer] Income advantage is now SlightAdvantage
2024-11-26 17:41:36.659 | 03:01   37ms   30M  124G  31/ 31U [GameAnalyzer] Income advantage is now Even
2024-11-26 17:41:36.754 | 03:01   40ms   35M  128G  31/ 31U [GameAnalyzer] Income advantage is now SlightAdvantage
2024-11-26 17:41:36.855 | 03:02   40ms   35M  128G  31/ 31U [GameAnalyzer] Income advantage is now Even
2024-11-26 17:41:36.947 | 03:02   42ms   40M  128G  31/ 31U [GameAnalyzer] Income advantage is now SlightAdvantage
2024-11-26 17:41:37.045 | 03:02   39ms   45M  128G  31/ 31U [GameAnalyzer] Income advantage is now Even
2024-11-26 17:41:37.139 | 03:02   40ms   50M  132G  31/ 31U [GameAnalyzer] Income advantage is now SlightAdvantage
2024-11-26 17:41:37.706 | 03:04   37ms   65M  140G  31/ 31U [DodgeRampAttack] Retreat stopped.
2024-11-26 17:41:37.791 | 03:04   39ms   65M  140G  31/ 31U [GameAnalyzer] Income advantage is now Even
2024-11-26 17:41:37.806 | 03:04   39ms   65M  140G  31/ 31U [DodgeRampAttack] Supply is 31 -> attack!
2024-11-26 17:41:37.807 | 03:04   39ms   65M  140G  31/ 31U [DodgeRampAttack] Attack started at 4.00 power.
2024-11-26 17:41:37.983 | 03:04   39ms   75M  144G  31/ 31U [GameAnalyzer] Income advantage is now SlightAdvantage
2024-11-26 17:41:38.080 | 03:05   42ms   75M  144G  31/ 31U [GameAnalyzer] Income advantage is now Even
2024-11-26 17:41:38.270 | 03:05   37ms   85M  144G  31/ 31U [GameAnalyzer] Income advantage is now SlightAdvantage
2024-11-26 17:41:38.802 | 03:06   38ms  100M  152G  31/ 31U [GameAnalyzer] Income advantage is now Even
2024-11-26 17:41:38.897 | 03:06   40ms  105M  152G  31/ 31U [GameAnalyzer] Income advantage is now SlightAdvantage
2024-11-26 17:41:38.992 | 03:07   42ms   55M  152G  31/ 39U [ActUnit] SCV from COMMANDCENTER at (149.5, 42.5)
2024-11-26 17:41:40.013 | 03:09   41ms  115M  168G  32/ 39U [GameAnalyzer] Income advantage is now Even
2024-11-26 17:41:40.109 | 03:09   42ms  125M  168G  32/ 39U [GameAnalyzer] Income advantage is now SlightAdvantage
2024-11-26 17:41:40.942 | 03:11   40ms    0M   80G  32/ 39U [GameAnalyzer] Income advantage is now Even
2024-11-26 17:41:41.040 | 03:11   43ms    5M   80G  32/ 39U [GameAnalyzer] Income advantage is now SlightAdvantage
2024-11-26 17:41:41.239 | 03:12   39ms   10M   80G  32/ 39U [GameAnalyzer] Income advantage is now Even
2024-11-26 17:41:41.426 | 03:12   37ms   15M   84G  32/ 39U [GameAnalyzer] Income advantage is now SlightAdvantage
2024-11-26 17:41:41.892 | 03:13   39ms   30M   92G  32/ 39U [GameAnalyzer] Income advantage is now Even
2024-11-26 17:41:42.080 | 03:14   39ms   40M   92G  32/ 39U [GameAnalyzer] Income advantage is now SlightAdvantage
2024-11-26 17:41:42.243 | 03:14   41ms   45M   92G  32/ 39U [GameAnalyzer] Income advantage is now Even
2024-11-26 17:41:42.336 | 03:14  105ms   50M   96G  32/ 39U [GameAnalyzer] Income advantage is now SlightAdvantage
2024-11-26 17:41:42.622 | 03:15   37ms   80M  100G  32/ 39U [GameAnalyzer] Income advantage is now Even
2024-11-26 17:41:42.722 | 03:15   38ms   85M  100G  32/ 39U [GameAnalyzer] Income advantage is now SlightAdvantage
2024-11-26 17:41:42.820 | 03:15   44ms   85M  100G  32/ 39U [GameAnalyzer] Income advantage is now Even
2024-11-26 17:41:42.912 | 03:15   39ms   85M  104G  32/ 39U [GameAnalyzer] Income advantage is now SlightAdvantage
2024-11-26 17:41:43.216 | 03:16   41ms  100M  104G  32/ 39U [GameAnalyzer] Known army advantage is now SlightAdvantage
2024-11-26 17:41:43.218 | 03:16   41ms  100M  104G  32/ 39U [GameAnalyzer] Predicted army advantage is now SlightAdvantage
2024-11-26 17:41:43.222 | 03:16   41ms    0M  104G  32/ 39U [TerranUnit] HELLION from FACTORY at (141.5, 45.5)
2024-11-26 17:41:43.417 | 03:17   40ms    0M  108G  34/ 39U [GameAnalyzer] Income advantage is now Even
2024-11-26 17:41:43.623 | 03:17   36ms   10M  112G  34/ 39U [GameAnalyzer] Income advantage is now SlightAdvantage
2024-11-26 17:41:43.624 | 03:17   36ms   10M  112G  34/ 39U [GameAnalyzer] Known army advantage is now SmallAdvantage
2024-11-26 17:41:43.625 | 03:17   36ms   10M  112G  34/ 39U [GameAnalyzer] Predicted army advantage is now SmallAdvantage
2024-11-26 17:41:44.397 | 03:19   38ms   40M  120G  34/ 39U [GameAnalyzer] Income advantage is now Even
2024-11-26 17:41:44.589 | 03:19   38ms   50M  124G  34/ 39U [GameAnalyzer] Income advantage is now SlightAdvantage
2024-11-26 17:41:44.591 | 03:19   38ms    0M  124G  34/ 39U [ActUnit] SCV from COMMANDCENTER at (149.5, 42.5)
2024-11-26 17:41:44.888 | 03:20   37ms    5M  124G  35/ 39U [GameAnalyzer] Income advantage is now Even
2024-11-26 17:41:44.990 | 03:20   44ms   10M  128G  35/ 39U [GameAnalyzer] Income advantage is now SlightAdvantage
2024-11-26 17:41:45.371 | 03:21   38ms   25M  132G  35/ 39U [GameAnalyzer] Income advantage is now Even
2024-11-26 17:41:45.471 | 03:21   40ms   30M  132G  35/ 39U [GameAnalyzer] Income advantage is now SlightAdvantage
2024-11-26 17:41:45.986 | 03:22   39ms   70M  140G  35/ 39U [GameAnalyzer] Income advantage is now Even
2024-11-26 17:41:46.156 | 03:22   43ms   80M  140G  35/ 39U [GameAnalyzer] Income advantage is now SlightAdvantage
2024-11-26 17:41:46.460 | 03:23   40ms   85M  144G  35/ 39U [GameAnalyzer] Income advantage is now Even
2024-11-26 17:41:46.561 | 03:23   42ms   85M  144G  35/ 39U [GameAnalyzer] Income advantage is now SlightAdvantage
2024-11-26 17:41:47.457 | 03:25   42ms  120M  156G  35/ 39U [GameAnalyzer] Income advantage is now Even
2024-11-26 17:41:47.557 | 03:26   42ms  125M  156G  35/ 39U [GameAnalyzer] Income advantage is now SlightAdvantage
2024-11-26 17:41:47.561 | 03:26   42ms   25M  156G  35/ 39U [TerranUnit] HELLION from FACTORY at (146.5, 54.5)
2024-11-26 17:41:48.128 | 03:27   44ms   35M  164G  37/ 47U [GameAnalyzer] Income advantage is now Even
2024-11-26 17:41:48.227 | 03:27   42ms   50M  164G  37/ 47U [GameAnalyzer] Income advantage is now SlightAdvantage
2024-11-26 17:41:49.607 | 03:30   41ms   20M  180G  37/ 47U [GameAnalyzer] Income advantage is now Even
2024-11-26 17:41:49.774 | 03:30   40ms   25M  184G  37/ 47U [GameAnalyzer] Income advantage is now SlightAdvantage
2024-11-26 17:41:50.069 | 03:31   38ms   30M  184G  37/ 47U [GameAnalyzer] Income advantage is now Even
2024-11-26 17:41:50.166 | 03:31   41ms   35M  188G  37/ 47U [GameAnalyzer] Income advantage is now SlightAdvantage
2024-11-26 17:41:50.561 | 03:32   41ms    0M  192G  37/ 47U [ActUnit] SCV from COMMANDCENTER at (149.5, 42.5)
2024-11-26 17:41:50.756 | 03:32   39ms   10M  196G  38/ 47U [GameAnalyzer] Income advantage is now SmallAdvantage
2024-11-26 17:41:50.857 | 03:33   46ms   10M  196G  38/ 47U [GameAnalyzer] Income advantage is now SlightAdvantage
2024-11-26 17:41:52.221 | 03:35   56ms   55M  208G  38/ 47U [GameAnalyzer] Income advantage is now Even
2024-11-26 17:41:52.327 | 03:36   40ms   60M  212G  38/ 47U [GameAnalyzer] Income advantage is now SlightAdvantage
2024-11-26 17:41:53.276 | 03:38   48ms  115M  224G  38/ 47U [BuildAddon] UnitTypeId.FACTORYREACTOR to (144.0, 45.0)
2024-11-26 17:41:54.619 | 03:40   42ms  115M  186G  38/ 47U [GameAnalyzer] Known army advantage is now SlightDisadvantage
2024-11-26 17:41:54.620 | 03:40   42ms  115M  186G  38/ 47U [GameAnalyzer] Predicted army advantage is now SlightDisadvantage
2024-11-26 17:41:54.636 | 03:40   42ms  115M  186G  38/ 47U [DodgeRampAttack] Retreat started at 6.94 own local power against 9.00 enemy local power.
2024-11-26 17:41:54.851 | 03:41   41ms  120M  190G  38/ 47U [GameAnalyzer] Income advantage is now Even
2024-11-26 17:41:55.065 | 03:41   43ms  125M  190G  38/ 47U [GameAnalyzer] Income advantage is now SlightAdvantage
2024-11-26 17:41:56.610 | 03:44   41ms  140M  206G  38/ 47U [ActUnit] SCV from COMMANDCENTER at (149.5, 42.5)
2024-11-26 17:41:57.118 | 03:45   41ms  160M  214G  39/ 47U [GameAnalyzer] Income advantage is now Even
2024-11-26 17:41:57.435 | 03:46   41ms  180M  218G  39/ 47U [GameAnalyzer] Income advantage is now SlightAdvantage
2024-11-26 17:41:57.926 | 03:47   39ms  195M  222G  39/ 47U [GameAnalyzer] Known army advantage is now Even
2024-11-26 17:41:57.927 | 03:47   39ms  195M  222G  39/ 47U [GameAnalyzer] Predicted army advantage is now Even
2024-11-26 17:41:57.935 | 03:47   39ms   70M  172G  39/ 47U [TerranUnit] CYCLONE from FACTORY at (146.5, 54.5)
2024-11-26 17:41:57.940 | 03:47   39ms   70M  172G  39/ 47U [BuildAddon] UnitTypeId.FACTORYTECHLAB to (149.0, 54.0)
2024-11-26 17:41:58.248 | 03:48   39ms   70M  176G  41/ 47U [GameAnalyzer] Income advantage is now Even
2024-11-26 17:41:58.358 | 03:48   41ms   85M  180G  41/ 47U [GameAnalyzer] Income advantage is now SlightAdvantage
2024-11-26 17:41:59.136 | 03:49   42ms   95M  188G  41/ 47U [GameAnalyzer] Income advantage is now Even
2024-11-26 17:41:59.237 | 03:50   42ms  105M  188G  41/ 47U [GameAnalyzer] Income advantage is now SlightAdvantage
2024-11-26 17:41:59.656 | 03:51   41ms  150M  192G  41/ 62U [GameAnalyzer] Income advantage is now SmallAdvantage
2024-11-26 17:41:59.762 | 03:51   46ms    0M  192G  41/ 62U [GameAnalyzer] Income advantage is now SlightAdvantage
2024-11-26 17:41:59.866 | 03:51   39ms    0M  196G  41/ 62U [GameAnalyzer] Income advantage is now SmallAdvantage
2024-11-26 17:42:00.066 | 03:51   40ms    5M  196G  41/ 62U [GameAnalyzer] Income advantage is now SlightAdvantage
2024-11-26 17:42:00.259 | 03:52   38ms   20M  196G  41/ 70U [GameAnalyzer] Income advantage is now SmallAdvantage
2024-11-26 17:42:00.430 | 03:52   42ms   20M  200G  41/ 70U [GameAnalyzer] Income advantage is now SlightAdvantage
2024-11-26 17:42:00.632 | 03:53   38ms   30M  204G  41/ 70U [GameAnalyzer] Income advantage is now SmallAdvantage
2024-11-26 17:42:01.110 | 03:54   37ms   35M  208G  41/ 70U [GameAnalyzer] Income advantage is now SlightAdvantage
2024-11-26 17:42:01.296 | 03:54   40ms   50M  212G  41/ 70U [GameAnalyzer] Income advantage is now SmallAdvantage
2024-11-26 17:42:02.120 | 03:56  110ms   75M  220G  41/ 70U [GameAnalyzer] Income advantage is now SlightAdvantage
2024-11-26 17:42:02.410 | 03:57   39ms  100M  224G  41/ 70U [GameAnalyzer] Income advantage is now SmallAdvantage
2024-11-26 17:42:02.412 | 03:57   39ms   50M  224G  41/ 70U [ActUnit] SCV from COMMANDCENTER at (149.5, 42.5)
2024-11-26 17:42:04.087 | 04:00   38ms  140M  244G  42/ 70U [DodgeRampAttack] Retreat stopped.
2024-11-26 17:42:04.186 | 04:01   38ms  155M  244G  42/ 70U [DodgeRampAttack] Supply is 42 -> attack!
2024-11-26 17:42:04.187 | 04:01   38ms  155M  244G  42/ 70U [DodgeRampAttack] Attack started at 10.94 power.
2024-11-26 17:42:04.482 | 04:01   43ms  170M  252G  42/ 70U [GameAnalyzer] Income advantage is now SlightAdvantage
2024-11-26 17:42:04.584 | 04:01   47ms  170M  252G  42/ 70U [GameAnalyzer] Income advantage is now SmallAdvantage
2024-11-26 17:42:05.177 | 04:03   45ms  185M  260G  42/ 70U [GameAnalyzer] Income advantage is now SlightAdvantage
2024-11-26 17:42:05.278 | 04:03   47ms  195M  260G  42/ 70U [GameAnalyzer] Income advantage is now SmallAdvantage
2024-11-26 17:42:05.702 | 04:04   43ms  210M  264G  42/ 70U [GameAnalyzer] Income advantage is now SlightAdvantage
2024-11-26 17:42:05.803 | 04:04   45ms  215M  264G  42/ 70U [GameAnalyzer] Income advantage is now SmallAdvantage
2024-11-26 17:42:06.107 | 04:05   42ms  250M  268G  42/ 70U [GameAnalyzer] Income advantage is now SlightAdvantage
2024-11-26 17:42:06.303 | 04:05   44ms  270M  268G  42/ 70U [GameAnalyzer] Income advantage is now SmallAdvantage
2024-11-26 17:42:07.297 | 04:07   44ms  305M  284G  42/ 70U [GameAnalyzer] Income advantage is now SlightAdvantage
2024-11-26 17:42:07.506 | 04:07   47ms  325M  284G  42/ 70U [GameAnalyzer] Income advantage is now SmallAdvantage
2024-11-26 17:42:07.846 | 04:08   51ms  340M  288G  42/ 70U [GameAnalyzer] Income advantage is now SlightAdvantage
2024-11-26 17:42:08.037 | 04:08   49ms  345M  288G  42/ 70U [GameAnalyzer] Income advantage is now SmallAdvantage
2024-11-26 17:42:08.058 | 04:08   49ms  345M  288G  42/ 70U [DodgeRampAttack] Retreat started at 10.94 own local power against 15.28 enemy local power.
2024-11-26 17:42:08.284 | 04:09   51ms  295M  292G  42/ 70U [ActUnit] SCV from COMMANDCENTER at (149.5, 42.5)
2024-11-26 17:42:08.411 | 04:09   51ms  300M  292G  43/ 70U [GameAnalyzer] Income advantage is now SlightAdvantage
2024-11-26 17:42:08.656 | 04:10   50ms  315M  292G  43/ 70U [GameAnalyzer] Income advantage is now SmallAdvantage
2024-11-26 17:42:09.465 | 04:11   45ms  370M  300G  43/ 70U [GameAnalyzer] Known army advantage is now SmallDisadvantage
2024-11-26 17:42:09.466 | 04:11   45ms  370M  300G  43/ 70U [GameAnalyzer] Predicted army advantage is now SmallDisadvantage
2024-11-26 17:42:10.334 | 04:13   46ms  415M  312G  43/ 70U [GameAnalyzer] Income advantage is now SlightAdvantage
2024-11-26 17:42:10.445 | 04:13   50ms  420M  312G  43/ 70U [GameAnalyzer] Income advantage is now SmallAdvantage
2024-11-26 17:42:10.778 | 04:14   48ms  430M  316G  43/ 70U [GameAnalyzer] Income advantage is now SlightAdvantage
2024-11-26 17:42:10.884 | 04:14   47ms  430M  316G  43/ 70U [GameAnalyzer] Income advantage is now SmallAdvantage
2024-11-26 17:42:11.400 | 04:15   45ms  465M  324G  43/ 70U [GameAnalyzer] Income advantage is now SlightAdvantage
2024-11-26 17:42:11.497 | 04:15   49ms  470M  324G  43/ 70U [GameAnalyzer] Income advantage is now SmallAdvantage
2024-11-26 17:42:11.802 | 04:16   48ms  425M  324G  43/ 70U [ActUnit] SCV from COMMANDCENTER at (154.5, 69.5)
2024-11-26 17:42:12.438 | 04:17   48ms  460M  332G  44/ 70U [GameAnalyzer] Income advantage is now SlightAdvantage
2024-11-26 17:42:12.714 | 04:17   44ms  475M  340G  44/ 70U [GameAnalyzer] Income advantage is now SmallAdvantage
2024-11-26 17:42:13.025 | 04:18   46ms  510M  340G  44/ 70U [GameAnalyzer] Income advantage is now SlightAdvantage
2024-11-26 17:42:13.223 | 04:18   41ms  525M  340G  44/ 70U [GameAnalyzer] Income advantage is now SmallAdvantage
2024-11-26 17:42:13.527 | 04:19   42ms  545M  348G  44/ 70U [GameAnalyzer] Known army advantage is now SlightDisadvantage
2024-11-26 17:42:13.528 | 04:19   42ms  545M  348G  44/ 70U [GameAnalyzer] Predicted army advantage is now SlightDisadvantage
2024-11-26 17:42:13.537 | 04:19   42ms  545M  348G  44/ 70U [BuildAddon] UnitTypeId.FACTORYTECHLAB to (149.0, 54.0)
2024-11-26 17:42:13.652 | 04:19   49ms  500M  323G  44/ 70U [BuildAddon] UnitTypeId.STARPORTTECHLAB to (142.0, 39.0)
2024-11-26 17:42:14.552 | 04:21   43ms  130M  306G  44/ 70U [ActUnit] SCV from COMMANDCENTER at (149.5, 42.5)
2024-11-26 17:42:14.668 | 04:21   46ms  130M  306G  45/ 70U [GameAnalyzer] Income advantage is now SlightAdvantage
2024-11-26 17:42:14.871 | 04:22   43ms  295M  314G  45/ 70U [GameAnalyzer] Income advantage is now SmallAdvantage
2024-11-26 17:42:15.090 | 04:22   48ms   10M  314G  45/ 70U [GameAnalyzer] Income advantage is now SlightAdvantage
2024-11-26 17:42:15.672 | 04:23  112ms   45M  322G  45/ 70U [GameAnalyzer] Income advantage is now SmallAdvantage
2024-11-26 17:42:15.789 | 04:24   50ms   45M  322G  45/ 70U [GameAnalyzer] Income advantage is now SlightAdvantage
2024-11-26 17:42:15.926 | 04:24   50ms   45M  322G  45/ 70U [GameAnalyzer] Income advantage is now SmallAdvantage
2024-11-26 17:42:17.427 | 04:26   57ms  275M  338G  45/ 70U [GameAnalyzer] Income advantage is now SlightAdvantage
2024-11-26 17:42:17.563 | 04:26   53ms  285M  338G  45/ 70U [GameAnalyzer] Income advantage is now SmallAdvantage
2024-11-26 17:42:17.859 | 04:27   62ms  305M  338G  45/ 70U [GameAnalyzer] Income advantage is now SlightAdvantage
2024-11-26 17:42:17.997 | 04:27   60ms  315M  338G  43/ 70U [GameAnalyzer] Known army advantage is now SmallDisadvantage
2024-11-26 17:42:17.997 | 04:27   60ms  315M  338G  43/ 70U [GameAnalyzer] Predicted army advantage is now SmallDisadvantage
2024-11-26 17:42:18.381 | 04:28   50ms  285M  346G  42/ 70U [ActUnit] SCV from COMMANDCENTER at (154.5, 69.5)
2024-11-26 17:42:18.775 | 04:28   49ms  285M  346G  41/ 70U [DodgeRampAttack] Retreat stopped.
2024-11-26 17:42:18.882 | 04:29   50ms  284M  346G  41/ 70U [GameAnalyzer] Income advantage is now SmallAdvantage
2024-11-26 17:42:18.900 | 04:29   50ms  284M  346G  41/ 70U [DodgeRampAttack] Supply is 41 -> attack!
2024-11-26 17:42:18.901 | 04:29   50ms  284M  346G  41/ 70U [DodgeRampAttack] Attack started at 0.00 power.
2024-11-26 17:42:19.081 | 04:29   55ms  284M  346G  41/ 70U [GameAnalyzer] Income advantage is now SlightAdvantage
2024-11-26 17:42:19.097 | 04:29   55ms  284M  346G  41/ 70U [DodgeRampAttack] No attacking units, starting retreat
2024-11-26 17:42:19.430 | 04:30   51ms  312M  354G  41/ 70U [GameAnalyzer] Income advantage is now SmallAdvantage
2024-11-26 17:42:19.706 | 04:30   49ms  309M  354G  41/ 70U [GameAnalyzer] Income advantage is now SlightAdvantage
2024-11-26 17:42:19.943 | 04:30   49ms  308M  358G  41/ 70U [GameAnalyzer] Income advantage is now SmallAdvantage
2024-11-26 17:42:20.300 | 04:31   48ms  304M  362G  41/ 70U [GameAnalyzer] Income advantage is now SlightAdvantage
2024-11-26 17:42:20.549 | 04:32   52ms  319M  362G  41/ 70U [GameAnalyzer] Known army advantage is now Even
2024-11-26 17:42:20.550 | 04:32   52ms  319M  362G  41/ 70U [GameAnalyzer] Predicted army advantage is now Even
2024-11-26 17:42:20.866 | 04:32  121ms  344M  366G  41/ 70U [GameAnalyzer] Income advantage is now SmallAdvantage
2024-11-26 17:42:20.989 | 04:32   54ms  343M  370G  41/ 70U [GameAnalyzer] Income advantage is now SlightAdvantage
2024-11-26 17:42:21.607 | 04:33   49ms  289M  370G  41/ 70U [ActUnit] SCV from COMMANDCENTER at (149.5, 42.5)
2024-11-26 17:42:21.993 | 04:34   50ms  319M  378G  42/ 70U [GameAnalyzer] Income advantage is now SmallAdvantage
2024-11-26 17:42:22.127 | 04:34   63ms  318M  378G  42/ 70U [GameAnalyzer] Income advantage is now SlightAdvantage
2024-11-26 17:42:22.551 | 04:35  122ms  326M  382G  42/ 70U [GameAnalyzer] Income advantage is now SmallAdvantage
2024-11-26 17:42:23.138 | 04:36   48ms  334M  386G  42/ 70U [GameAnalyzer] Income advantage is now Even
2024-11-26 17:42:23.627 | 04:37   51ms  352M  390G  42/ 70U [GameAnalyzer] Income advantage is now SlightAdvantage
2024-11-26 17:42:23.878 | 04:37   49ms  351M  390G  42/ 70U [GameAnalyzer] Income advantage is now Even
2024-11-26 17:42:23.883 | 04:37   49ms  251M  240G  42/ 70U [TerranUnit] RAVEN from STARPORT at (139.5, 39.5)
2024-11-26 17:42:25.069 | 04:39   53ms  264M  252G  44/ 70U [GameAnalyzer] Income advantage is now SlightAdvantage
2024-11-26 17:42:25.436 | 04:40   49ms  261M  252G  44/ 70U [GameAnalyzer] Income advantage is now Even
2024-11-26 17:42:25.438 | 04:40   49ms  211M  252G  44/ 70U [ActUnit] SCV from COMMANDCENTER at (154.5, 69.5)
2024-11-26 17:42:25.570 | 04:40   58ms  211M  252G  45/ 70U [GameAnalyzer] Income advantage is now SlightAdvantage
2024-11-26 17:42:26.031 | 04:41   54ms  222M  256G  45/ 70U [GameAnalyzer] Income advantage is now Even
2024-11-26 17:42:26.290 | 04:41   51ms  236M  256G  45/ 70U [GameAnalyzer] Income advantage is now SlightAdvantage
2024-11-26 17:42:26.541 | 04:42   49ms  239M  256G  45/ 70U [GameAnalyzer] Income advantage is now Even
2024-11-26 17:42:26.542 | 04:42   49ms  239M  256G  45/ 70U [GameAnalyzer] Known army advantage is now SlightAdvantage
2024-11-26 17:42:26.542 | 04:42   49ms  239M  256G  45/ 70U [GameAnalyzer] Predicted army advantage is now SlightAdvantage
2024-11-26 17:42:27.069 | 04:43   55ms  254M  264G  45/ 70U [GameAnalyzer] Income advantage is now SlightAdvantage
2024-11-26 17:42:27.199 | 04:43   60ms  253M  264G  45/ 70U [GameAnalyzer] Income advantage is now Even
2024-11-26 17:42:27.636 | 04:44   52ms  261M  264G  45/ 70U [GameAnalyzer] Income advantage is now SlightAdvantage
2024-11-26 17:42:28.017 | 04:44   51ms  258M  268G  45/ 70U [GameAnalyzer] Income advantage is now Even
2024-11-26 17:42:28.143 | 04:45   53ms  258M  268G  45/ 70U [GameAnalyzer] Income advantage is now SlightAdvantage
2024-11-26 17:42:28.385 | 04:45   49ms  267M  268G  45/ 70U [GameAnalyzer] Income advantage is now Even
2024-11-26 17:42:28.733 | 04:46   54ms  275M  272G  45/ 70U [GameAnalyzer] Income advantage is now SlightAdvantage
2024-11-26 17:42:28.735 | 04:46   54ms  225M  272G  45/ 70U [ActUnit] SCV from COMMANDCENTER at (149.5, 42.5)
2024-11-26 17:42:29.504 | 04:47   50ms  227M  280G  46/ 70U [GameAnalyzer] Known army advantage is now SmallAdvantage
2024-11-26 17:42:29.505 | 04:47   50ms  227M  280G  46/ 70U [GameAnalyzer] Predicted army advantage is now SmallAdvantage
2024-11-26 17:42:30.429 | 04:49   50ms  241M  288G  46/ 70U [GameAnalyzer] Income advantage is now Even
2024-11-26 17:42:30.617 | 04:49   53ms  241M  288G  46/ 70U [GameAnalyzer] Income advantage is now SlightAdvantage
2024-11-26 17:42:30.633 | 04:49   53ms  241M  288G  46/ 70U [DodgeRampAttack] Retreat stopped.
2024-11-26 17:42:30.756 | 04:49   55ms  254M  288G  46/ 70U [DodgeRampAttack] Supply is 46 -> attack!
2024-11-26 17:42:30.757 | 04:49   55ms  254M  288G  46/ 70U [DodgeRampAttack] Attack started at 0.00 power.
2024-11-26 17:42:30.883 | 04:49   52ms  253M  288G  46/ 70U [DodgeRampAttack] No attacking units, starting retreat
2024-11-26 17:42:31.106 | 04:50   50ms  261M  292G  46/ 70U [GameAnalyzer] Income advantage is now Even
2024-11-26 17:42:31.239 | 04:50   53ms  264M  292G  46/ 70U [GameAnalyzer] Income advantage is now SlightAdvantage
2024-11-26 17:42:31.352 | 04:50   54ms  263M  292G  46/ 70U [GameAnalyzer] Income advantage is now SmallAdvantage
2024-11-26 17:42:31.898 | 04:51   47ms  302M  303G  46/ 70U [GameAnalyzer] Income advantage is now SlightAdvantage
2024-11-26 17:42:32.205 | 04:52   45ms  312M  303G  46/ 70U [GameAnalyzer] Income advantage is now SmallAdvantage
2024-11-26 17:42:32.323 | 04:52   55ms  312M  303G  46/ 70U [GameAnalyzer] Income advantage is now SlightAdvantage
2024-11-26 17:42:32.447 | 04:52   54ms  262M  307G  46/ 70U [ActUnit] SCV from COMMANDCENTER at (154.5, 69.5)
2024-11-26 17:42:32.562 | 04:53   49ms  266M  307G  47/ 70U [GameAnalyzer] Income advantage is now SmallAdvantage
2024-11-26 17:42:33.328 | 04:54   50ms  289M  314G  47/ 70U [GameAnalyzer] Income advantage is now SlightAdvantage
2024-11-26 17:42:33.512 | 04:54   52ms  294M  318G  47/ 70U [GameAnalyzer] Income advantage is now SmallAdvantage
2024-11-26 17:42:33.731 | 04:55   48ms  295M  318G  47/ 70U [GameAnalyzer] Income advantage is now SlightAdvantage
2024-11-26 17:42:33.843 | 04:55   54ms  295M  318G  47/ 70U [GameAnalyzer] Income advantage is now SmallAdvantage
2024-11-26 17:42:35.214 | 04:58   51ms  330M  329G  47/ 70U [GameAnalyzer] Income advantage is now SlightAdvantage
2024-11-26 17:42:35.326 | 04:58   49ms  339M  328G  47/ 70U [GameAnalyzer] Income advantage is now SmallAdvantage
2024-11-26 17:42:35.327 | 04:58   49ms  289M  328G  47/ 70U [ActUnit] SCV from COMMANDCENTER at (149.5, 42.5)
2024-11-26 17:42:36.246 | 05:00   51ms  315M  332G  48/ 70U [ChatManager] Tag:E_Macro
2024-11-26 17:42:36.576 | 05:00   52ms  340M  340G  48/ 70U [GameAnalyzer] Income advantage is now ClearAdvantage
2024-11-26 17:42:36.685 | 05:01   52ms  340M  340G  48/ 70U [GameAnalyzer] Income advantage is now SmallAdvantage
2024-11-26 17:42:38.711 | 05:05   48ms  360M  364G  48/ 70U [ActUnit] SCV from COMMANDCENTER at (154.5, 69.5)
2024-11-26 17:42:39.331 | 05:06   52ms  380M  364G  49/ 70U [GameAnalyzer] Income advantage is now ClearAdvantage
2024-11-26 17:42:39.449 | 05:06   51ms  380M  372G  49/ 70U [GameAnalyzer] Income advantage is now SmallAdvantage
2024-11-26 17:42:40.542 | 05:08   49ms  465M  380G  49/ 70U [BuildAddon] UnitTypeId.BARRACKSTECHLAB to (156.0, 49.0)
2024-11-26 17:42:40.672 | 05:08   51ms  340M  355G  49/ 70U [BuildGas] Building REFINERY to (158.5, 76.5)
2024-11-26 17:42:41.332 | 05:10   47ms   85M  363G  49/ 70U [DodgeRampAttack] Retreat stopped.
2024-11-26 17:42:41.434 | 05:10   48ms   85M  363G  49/ 70U [DodgeRampAttack] Power 8.78 is larger than required attack power 4.00 -> attack!
2024-11-26 17:42:41.435 | 05:10   48ms   85M  363G  49/ 70U [DodgeRampAttack] Attack started at 8.78 power.
2024-11-26 17:42:41.638 | 05:10   50ms   90M  363G  49/ 70U [GameAnalyzer] Income advantage is now ClearAdvantage
2024-11-26 17:42:41.639 | 05:10   50ms   40M  363G  49/ 70U [ActUnit] SCV from COMMANDCENTER at (149.5, 42.5)
2024-11-26 17:42:41.756 | 05:10   53ms   45M  371G  50/ 70U [GameAnalyzer] Income advantage is now SmallAdvantage
2024-11-26 17:42:42.064 | 05:11   45ms   50M  371G  50/ 70U [BuildAddon] UnitTypeId.BARRACKSREACTOR to (155.0, 32.0)
2024-11-26 17:42:42.524 | 05:12   48ms   30M  321G  50/ 70U [GameAnalyzer] Known army advantage is now ClearAdvantage
2024-11-26 17:42:42.525 | 05:12   48ms   30M  321G  50/ 70U [GameAnalyzer] Predicted army advantage is now ClearAdvantage
2024-11-26 17:42:42.666 | 05:12   55ms   85M  179G  50/ 70U [TerranUnit] RAVEN from STARPORT at (139.5, 39.5)
2024-11-26 17:42:42.788 | 05:12   56ms   40M  179G  52/ 70U [TerranUnit] MARINE from BARRACKS at (148.5, 51.5)
2024-11-26 17:42:43.031 | 05:13   47ms    0M  179G  53/ 70U [TerranUnit] MARINE from BARRACKS at (148.5, 51.5)
2024-11-26 17:42:44.178 | 05:15   53ms   80M  187G  54/ 70U [GameAnalyzer] Income advantage is now ClearAdvantage
2024-11-26 17:42:44.310 | 05:15   62ms  105M  195G  54/ 70U [GameAnalyzer] Income advantage is now SmallAdvantage
2024-11-26 17:42:44.675 | 05:16   54ms  135M  195G  54/ 70U [GameAnalyzer] Income advantage is now ClearAdvantage
2024-11-26 17:42:44.801 | 05:16   57ms  145M  195G  54/ 70U [GameAnalyzer] Income advantage is now SmallAdvantage
2024-11-26 17:42:45.389 | 05:17  128ms  160M  203G  54/ 70U [GameAnalyzer] Income advantage is now ClearAdvantage
2024-11-26 17:42:45.521 | 05:17   57ms  160M  203G  54/ 70U [GameAnalyzer] Income advantage is now SmallAdvantage
2024-11-26 17:42:45.522 | 05:17   57ms  110M  203G  54/ 70U [ActUnit] SCV from COMMANDCENTER at (154.5, 69.5)
2024-11-26 17:42:46.561 | 05:19   55ms  180M  211G  55/ 70U [GameAnalyzer] Income advantage is now ClearAdvantage
2024-11-26 17:42:46.883 | 05:19  129ms  180M  211G  55/ 70U [GameAnalyzer] Income advantage is now SmallAdvantage
2024-11-26 17:42:47.641 | 05:20   57ms  230M  219G  55/ 70U [GameAnalyzer] Income advantage is now ClearAdvantage
2024-11-26 17:42:48.029 | 05:21   60ms  260M  227G  55/ 70U [GameAnalyzer] Income advantage is now SmallAdvantage
2024-11-26 17:42:48.491 | 05:22   57ms  155M  102G  55/ 70U [TerranUnit] SIEGETANK from FACTORY at (146.5, 54.5)
2024-11-26 17:42:48.742 | 05:22   55ms  190M  110G  58/ 70U [GameAnalyzer] Income advantage is now ClearAdvantage
2024-11-26 17:42:48.880 | 05:22   61ms  195M  110G  58/ 70U [GameAnalyzer] Income advantage is now SmallAdvantage
2024-11-26 17:42:48.882 | 05:22   61ms  145M  110G  58/ 70U [ActUnit] SCV from COMMANDCENTER at (149.5, 42.5)
2024-11-26 17:42:49.155 | 05:23   58ms  150M  110G  59/ 70U [GameAnalyzer] Known army advantage is now SmallAdvantage
2024-11-26 17:42:49.156 | 05:23   58ms  150M  110G  59/ 70U [GameAnalyzer] Predicted army advantage is now SmallAdvantage
2024-11-26 17:42:49.288 | 05:23   64ms  160M  110G  59/ 70U [GameAnalyzer] Income advantage is now ClearAdvantage
2024-11-26 17:42:49.428 | 05:23   61ms  160M  110G  59/ 70U [GameAnalyzer] Income advantage is now SmallAdvantage
2024-11-26 17:42:49.633 | 05:24   61ms  165M  114G  59/ 70U [GameAnalyzer] Income advantage is now ClearAdvantage
2024-11-26 17:42:49.764 | 05:24  133ms  165M  118G  59/ 70U [GameAnalyzer] Income advantage is now SmallAdvantage
2024-11-26 17:42:50.708 | 05:25   59ms  225M  126G  59/ 70U [GameAnalyzer] Income advantage is now ClearAdvantage
2024-11-26 17:42:51.054 | 05:26   61ms  175M  126G  59/ 70U [TerranUnit] MARINE from BARRACKS at (153.5, 49.5)
2024-11-26 17:42:51.187 | 05:26  137ms  180M  126G  60/ 70U [GameAnalyzer] Income advantage is now SmallAdvantage
2024-11-26 17:42:51.705 | 05:27   57ms  235M  134G  60/ 70U [GameAnalyzer] Income advantage is now ClearAdvantage
2024-11-26 17:42:52.246 | 05:28   62ms  270M  134G  60/ 70U [GameAnalyzer] Income advantage is now SmallAdvantage
2024-11-26 17:42:52.372 | 05:28   58ms  275M  142G  60/ 70U [GameAnalyzer] Known army advantage is now ClearAdvantage
2024-11-26 17:42:52.373 | 05:28   58ms  275M  142G  60/ 70U [GameAnalyzer] Predicted army advantage is now ClearAdvantage
2024-11-26 17:42:52.572 | 05:28   58ms  285M  142G  60/ 70U [GameAnalyzer] Income advantage is now ClearAdvantage
2024-11-26 17:42:52.828 | 05:29   56ms  325M  142G  60/ 70U [GameAnalyzer] Income advantage is now SmallAdvantage
2024-11-26 17:42:53.090 | 05:29   57ms  350M  142G  60/ 70U [GameAnalyzer] Income advantage is now ClearAdvantage
2024-11-26 17:42:53.092 | 05:29   57ms  300M  142G  60/ 70U [ActUnit] SCV from COMMANDCENTER at (154.5, 69.5)
2024-11-26 17:42:53.356 | 05:30   54ms  305M  150G  61/ 70U [GameAnalyzer] Income advantage is now SmallAdvantage
2024-11-26 17:42:53.624 | 05:30   57ms  270M  150G  61/ 70U [TerranUnit] MARINE from BARRACKS at (148.5, 51.5)
2024-11-26 17:42:53.760 | 05:30   62ms  285M  150G  62/ 70U [GameAnalyzer] Income advantage is now ClearAdvantage
2024-11-26 17:42:53.971 | 05:31   61ms  240M  150G  62/ 70U [TerranUnit] MARINE from BARRACKS at (148.5, 51.5)
2024-11-26 17:42:54.367 | 05:31   60ms  260M  158G  63/ 70U [GameAnalyzer] Income advantage is now SmallAdvantage
2024-11-26 17:42:54.761 | 05:32   60ms  285M  158G  63/ 70U [GameAnalyzer] Income advantage is now ClearAdvantage
2024-11-26 17:42:55.150 | 05:33   60ms  295M  166G  63/ 70U [GameAnalyzer] Income advantage is now SmallAdvantage
2024-11-26 17:42:55.487 | 05:33   57ms  315M  166G  63/ 70U [GameAnalyzer] Income advantage is now ClearAdvantage
2024-11-26 17:42:55.754 | 05:33   59ms  330M  166G  63/ 70U [ChatManager] Tag:E_roach
2024-11-26 17:42:56.162 | 05:34   58ms  345M  174G  63/ 70U [GameAnalyzer] Income advantage is now SmallAdvantage
2024-11-26 17:42:56.298 | 05:34   62ms  355M  174G  63/ 70U [GameAnalyzer] Income advantage is now ClearAdvantage
2024-11-26 17:42:56.577 | 05:35   60ms  340M  174G  63/ 70U [ActUnit] SCV from COMMANDCENTER at (149.5, 42.5)
2024-11-26 17:42:57.489 | 05:36   63ms  405M  186G  64/ 70U [GameAnalyzer] Income advantage is now SmallAdvantage
2024-11-26 17:42:58.681 | 05:38   65ms  470M  198G  64/ 70U [GameAnalyzer] Income advantage is now SlightAdvantage
2024-11-26 17:42:58.813 | 05:38   62ms  475M  198G  64/ 70U [GameAnalyzer] Income advantage is now SmallAdvantage
2024-11-26 17:43:00.920 | 05:41   60ms  435M  230G  64/ 70U [ActUnit] SCV from COMMANDCENTER at (154.5, 69.5)
2024-11-26 17:43:00.927 | 05:41   60ms  435M  230G  64/ 70U [Tech] Started STIMPACK
2024-11-26 17:43:02.378 | 05:44   60ms  290M  146G  65/ 70U [TerranUnit] MARINE from BARRACKS at (153.5, 49.5)
2024-11-26 17:43:02.511 | 05:44   65ms  295M  146G  66/ 70U [GameAnalyzer] Income advantage is now ClearAdvantage
2024-11-26 17:43:02.662 | 05:44   65ms  305M  146G  66/ 70U [GameAnalyzer] Income advantage is now SmallAdvantage
2024-11-26 17:43:04.421 | 05:47  140ms  215M  170G  66/ 70U [TerranUnit] MARINE from BARRACKS at (152.5, 32.5)
2024-11-26 17:43:04.566 | 05:47   66ms  185M  170G  67/ 70U [TerranUnit] MARINE from BARRACKS at (152.5, 32.5)
2024-11-26 17:43:04.708 | 05:47   65ms  150M  170G  68/ 70U [ActUnit] SCV from COMMANDCENTER at (149.5, 42.5)
2024-11-26 17:43:05.315 | 05:48   65ms  145M  182G  69/ 70U [TerranUnit] MARINE from BARRACKS at (148.5, 51.5)
2024-11-26 17:43:09.669 | 05:54   75ms  240M  230G  70/ 70U [GameAnalyzer] Known army advantage is now OverwhelmingAdvantage
2024-11-26 17:43:09.670 | 05:54   75ms  240M  230G  70/ 70U [GameAnalyzer] Predicted army advantage is now OverwhelmingAdvantage
2024-11-26 17:43:10.834 | 05:56   71ms  400M  242G  70/ 70U [GameAnalyzer] Income advantage is now SlightAdvantage
2024-11-26 17:43:10.979 | 05:56   73ms  415M  242G  70/ 70U [GameAnalyzer] Income advantage is now SmallAdvantage
2024-11-26 17:43:10.987 | 05:56   73ms  415M  242G  70/ 70U [BuildAddon] UnitTypeId.FACTORYTECHLAB to (137.0, 48.0)
2024-11-26 17:43:10.995 | 05:56   73ms  415M  242G  70/ 70U [BuildAddon] UnitTypeId.FACTORYREACTOR to (137.0, 48.0)
2024-11-26 17:43:12.786 | 05:58   68ms  324M  237G  70/ 70U [BuildAddon] UnitTypeId.BARRACKSREACTOR to (142.0, 48.0)
2024-11-26 17:43:15.083 | 06:01   73ms  348M  211G  70/ 70U [GameAnalyzer] Income advantage is now ClearAdvantage
2024-11-26 17:43:15.248 | 06:02   78ms  388M  211G  70/ 70U [GameAnalyzer] Income advantage is now SmallAdvantage
2024-11-26 17:43:15.422 | 06:02   78ms  393M  211G  70/ 70U [GameAnalyzer] Income advantage is now ClearAdvantage
2024-11-26 17:43:15.739 | 06:02   69ms  398M  219G  70/ 70U [GameAnalyzer] Income advantage is now SmallAdvantage
2024-11-26 17:43:16.138 | 06:03  150ms  418M  223G  70/ 70U [GameAnalyzer] Income advantage is now ClearAdvantage
2024-11-26 17:43:16.303 | 06:03   69ms  423M  223G  70/ 70U [GameAnalyzer] Income advantage is now SmallAdvantage
2024-11-26 17:43:17.111 | 06:04   73ms  443M  235G  70/ 70U [GameAnalyzer] Known army advantage is now SmallAdvantage
2024-11-26 17:43:17.112 | 06:04   73ms  443M  235G  70/ 70U [GameAnalyzer] Predicted army advantage is now SmallAdvantage
2024-11-26 17:43:17.653 | 06:05  146ms  463M  235G  70/ 70U [GameAnalyzer] Known army advantage is now ClearAdvantage
2024-11-26 17:43:17.654 | 06:05  146ms  463M  235G  70/ 70U [GameAnalyzer] Predicted army advantage is now ClearAdvantage
2024-11-26 17:43:18.437 | 06:06   69ms  448M  247G  70/ 78U [ActUnit] SCV from COMMANDCENTER at (154.5, 69.5)
2024-11-26 17:43:18.443 | 06:06   69ms  398M  247G  70/ 78U [TerranUnit] MARINE from BARRACKS at (153.5, 49.5)
2024-11-26 17:43:18.444 | 06:06   69ms  348M  247G  70/ 78U [TerranUnit] MARINE from BARRACKS at (148.5, 51.5)
2024-11-26 17:43:18.446 | 06:06   69ms  198M  122G  70/ 78U [TerranUnit] SIEGETANK from FACTORY at (146.5, 54.5)
2024-11-26 17:43:18.601 | 06:06   85ms  153M  122G  76/ 78U [ActUnit] SCV from COMMANDCENTER at (149.5, 42.5)
2024-11-26 17:43:18.608 | 06:06   85ms  103M  122G  76/ 78U [TerranUnit] MARINE from BARRACKS at (148.5, 51.5)
2024-11-26 17:43:19.963 | 06:08   85ms  168M  138G  78/ 78U [GameAnalyzer] Income advantage is now ClearAdvantage
2024-11-26 17:43:20.464 | 06:08   78ms  203M  146G  78/ 78U [GameAnalyzer] Income advantage is now SmallAdvantage
2024-11-26 17:43:21.029 | 06:09   74ms  228M  146G  78/ 78U [GameAnalyzer] Income advantage is now ClearAdvantage
2024-11-26 17:43:21.030 | 06:09   74ms  228M  146G  78/ 78U [GameAnalyzer] Known army advantage is now OverwhelmingAdvantage
2024-11-26 17:43:21.030 | 06:09   74ms  228M  146G  78/ 78U [GameAnalyzer] Predicted army advantage is now OverwhelmingAdvantage
2024-11-26 17:43:21.198 | 06:09   82ms  238M  154G  78/ 78U [GameAnalyzer] Income advantage is now SmallAdvantage
2024-11-26 17:43:21.695 | 06:10   76ms  258M  158G  78/ 78U [GameAnalyzer] Income advantage is now ClearAdvantage
2024-11-26 17:43:21.862 | 06:10   79ms  288M  158G  78/ 78U [GameAnalyzer] Income advantage is now SmallAdvantage
2024-11-26 17:43:22.270 | 06:11  152ms  303M  158G  78/ 78U [GameAnalyzer] Income advantage is now ClearAdvantage
2024-11-26 17:43:22.618 | 06:11   76ms  313M  166G  78/ 86U [GameAnalyzer] Income advantage is now SmallAdvantage
2024-11-26 17:43:22.626 | 06:11   76ms  263M  166G  78/ 86U [TerranUnit] MARINE from BARRACKS at (152.5, 32.5)
2024-11-26 17:43:22.629 | 06:11   76ms  163M   66G  78/ 86U [TerranUnit] MEDIVAC from STARPORT at (141.5, 45.5)
2024-11-26 17:43:22.804 | 06:11   88ms  123M   70G  81/ 86U [TerranUnit] MARINE from BARRACKS at (152.5, 32.5)
2024-11-26 17:43:23.120 | 06:12   74ms  153M   70G  82/ 86U [GameAnalyzer] Income advantage is now ClearAdvantage
2024-11-26 17:43:23.290 | 06:12   82ms  153M   70G  82/ 86U [GameAnalyzer] Known army advantage is now ClearAdvantage
2024-11-26 17:43:23.291 | 06:12   82ms  153M   70G  82/ 86U [GameAnalyzer] Predicted army advantage is now ClearAdvantage
2024-11-26 17:43:23.473 | 06:12   75ms  158M   78G  82/ 86U [GameAnalyzer] Income advantage is now SmallAdvantage
2024-11-26 17:43:23.650 | 06:12   78ms  168M   78G  82/ 86U [GameAnalyzer] Income advantage is now ClearAdvantage
2024-11-26 17:43:24.373 | 06:13   73ms  183M   82G  82/ 86U [GameAnalyzer] Income advantage is now SmallAdvantage
2024-11-26 17:43:24.545 | 06:14   73ms  198M   82G  80/ 94U [GameAnalyzer] Income advantage is now ClearAdvantage
2024-11-26 17:43:24.709 | 06:14   77ms  203M   90G  80/ 94U [GameAnalyzer] Income advantage is now SmallAdvantage
2024-11-26 17:43:24.866 | 06:14   78ms  218M   90G  80/ 94U [GameAnalyzer] Income advantage is now ClearAdvantage
2024-11-26 17:43:25.038 | 06:14   70ms  218M   94G  80/ 94U [GameAnalyzer] Income advantage is now SmallAdvantage
2024-11-26 17:43:25.039 | 06:14   70ms  218M   94G  80/ 94U [GameAnalyzer] Known army advantage is now OverwhelmingAdvantage
2024-11-26 17:43:25.040 | 06:14   70ms  218M   94G  80/ 94U [GameAnalyzer] Predicted army advantage is now OverwhelmingAdvantage
2024-11-26 17:43:25.323 | 06:15   90ms  218M   94G  80/ 94U [GameAnalyzer] Income advantage is now ClearAdvantage
2024-11-26 17:43:25.489 | 06:15  156ms  253M   94G  80/ 94U [GameAnalyzer] Income advantage is now SmallAdvantage
2024-11-26 17:43:25.825 | 06:15   76ms  168M   98G  80/ 94U [GameAnalyzer] Income advantage is now ClearAdvantage
2024-11-26 17:43:26.168 | 06:16   76ms  188M  102G  80/ 94U [GameAnalyzer] Income advantage is now SmallAdvantage
2024-11-26 17:43:26.674 | 06:16   72ms  223M  106G  80/ 94U [GameAnalyzer] Income advantage is now ClearAdvantage
2024-11-26 17:43:27.075 | 06:17   69ms  228M  114G  80/ 94U [GameAnalyzer] Income advantage is now SmallAdvantage
2024-11-26 17:43:27.239 | 06:17   78ms  238M  114G  80/ 94U [GameAnalyzer] Income advantage is now ClearAdvantage
2024-11-26 17:43:27.898 | 06:18   75ms  258M  118G  80/ 94U [GameAnalyzer] Income advantage is now SmallAdvantage
2024-11-26 17:43:28.061 | 06:18   78ms  218M  118G  80/ 94U [ActUnit] SCV from COMMANDCENTER at (154.5, 69.5)
2024-11-26 17:43:28.317 | 06:18   80ms  253M  126G  81/ 94U [GameAnalyzer] Income advantage is now ClearAdvantage
2024-11-26 17:43:28.319 | 06:18   80ms  203M  126G  81/ 94U [ActUnit] SCV from COMMANDCENTER at (149.5, 42.5)
2024-11-26 17:43:29.746 | 06:20   74ms  158M   42G  82/102U [TerranUnit] MEDIVAC from STARPORT at (141.5, 45.5)
2024-11-26 17:43:30.580 | 06:21   74ms  218M   50G  84/102U [GameAnalyzer] Income advantage is now SmallAdvantage
2024-11-26 17:43:30.902 | 06:22   74ms  228M   54G  84/102U [GameAnalyzer] Income advantage is now ClearAdvantage
2024-11-26 17:43:31.482 | 06:22  148ms  248M   54G  84/102U [GameAnalyzer] Income advantage is now SmallAdvantage
2024-11-26 17:43:31.814 | 06:23   73ms  273M   62G  84/102U [GameAnalyzer] Income advantage is now ClearAdvantage
2024-11-26 17:43:32.503 | 06:24   80ms  248M   66G  84/102U [TerranUnit] MARINE from BARRACKS at (153.5, 49.5)
2024-11-26 17:43:32.678 | 06:24   83ms  208M   66G  85/102U [TerranUnit] MARINE from BARRACKS at (148.5, 51.5)
2024-11-26 17:43:32.919 | 06:24   82ms  168M   74G  86/102U [TerranUnit] MARINE from BARRACKS at (148.5, 51.5)
2024-11-26 17:43:33.269 | 06:25   79ms  178M   78G  87/102U [GameAnalyzer] Income advantage is now SmallAdvantage
2024-11-26 17:43:33.609 | 06:25   77ms  203M   78G  87/102U [GameAnalyzer] Income advantage is now ClearAdvantage
2024-11-26 17:43:34.138 | 06:26   76ms  248M   86G  87/102U [GameAnalyzer] Income advantage is now SmallAdvantage
2024-11-26 17:43:34.568 | 06:26  156ms  253M   90G  87/102U [GameAnalyzer] Income advantage is now ClearAdvantage
2024-11-26 17:43:35.149 | 06:27   97ms  173M   90G  87/102U [GameAnalyzer] Income advantage is now SmallAdvantage
2024-11-26 17:43:35.660 | 06:27  100ms  198M   98G  87/102U [GameAnalyzer] Income advantage is now ClearAdvantage
2024-11-26 17:43:36.571 | 06:28  138ms  218M  102G  87/102U [GameAnalyzer] Income advantage is now SmallAdvantage
2024-11-26 17:43:36.786 | 06:28  101ms  223M  102G  87/102U [GameAnalyzer] Income advantage is now ClearAdvantage
2024-11-26 17:43:37.532 | 06:29   80ms  253M  114G  87/102U [GameAnalyzer] Income advantage is now SmallAdvantage
2024-11-26 17:43:37.541 | 06:29   80ms  203M  114G  87/102U [TerranUnit] MARINE from BARRACKS at (152.5, 32.5)
2024-11-26 17:43:37.721 | 06:29   89ms   63M  114G  88/102U [TerranUnit] MARINE from BARRACKS at (152.5, 32.5)
2024-11-26 17:43:38.645 | 06:30   72ms   48M  122G  88/102U [ActUnit] SCV from COMMANDCENTER at (154.5, 69.5)
2024-11-26 17:43:38.823 | 06:31   76ms   53M  126G  89/102U [GameAnalyzer] Income advantage is now ClearAdvantage
2024-11-26 17:43:38.825 | 06:31   76ms    3M  126G  89/102U [ActUnit] SCV from COMMANDCENTER at (149.5, 42.5)
2024-11-26 17:43:39.504 | 06:31   74ms   53M  134G  90/102U [GameAnalyzer] Income advantage is now SmallAdvantage
2024-11-26 17:43:39.671 | 06:32   73ms   63M  134G  90/102U [GameAnalyzer] Income advantage is now ClearAdvantage
2024-11-26 17:43:40.263 | 06:32   75ms   78M  138G  90/102U [GameAnalyzer] Income advantage is now SmallAdvantage
2024-11-26 17:43:40.435 | 06:33   74ms   83M  138G  90/102U [GameAnalyzer] Income advantage is now ClearAdvantage
2024-11-26 17:43:41.105 | 06:33   71ms  128M  150G  90/102U [GameAnalyzer] Income advantage is now SmallAdvantage
2024-11-26 17:43:41.275 | 06:34   79ms  143M  150G  90/102U [GameAnalyzer] Income advantage is now ClearAdvantage
2024-11-26 17:43:41.697 | 06:34   80ms  123M  150G  90/102U [TerranUnit] MARINE from BARRACKS at (139.5, 48.5)
2024-11-26 17:43:41.880 | 06:34   84ms   83M  158G  91/102U [TerranUnit] MARINE from BARRACKS at (139.5, 48.5)
2024-11-26 17:43:42.057 | 06:35   76ms   83M  158G  92/102U [GameAnalyzer] Income advantage is now SmallAdvantage
2024-11-26 17:43:42.231 | 06:35   79ms   83M  162G  92/102U [GameAnalyzer] Income advantage is now ClearAdvantage
2024-11-26 17:43:45.217 | 06:38   84ms  153M   61G  92/102U [TerranUnit] SIEGETANK from FACTORY at (134.5, 48.5)
2024-11-26 17:43:47.875 | 06:42   86ms  163M   85G  95/110U [TerranUnit] MARINE from BARRACKS at (153.5, 49.5)
2024-11-26 17:43:48.075 | 06:42   98ms  113M   93G  96/110U [TerranUnit] MARINE from BARRACKS at (148.5, 51.5)
2024-11-26 17:43:48.279 | 06:42   96ms   68M   93G  97/110U [TerranUnit] MARINE from BARRACKS at (148.5, 51.5)
2024-11-26 17:43:48.899 | 06:43   77ms   38M   97G  98/110U [ActUnit] SCV from COMMANDCENTER at (154.5, 69.5)
2024-11-26 17:43:49.088 | 06:43  161ms    8M   97G  99/110U [ActUnit] SCV from COMMANDCENTER at (149.5, 42.5)
2024-11-26 17:43:49.478 | 06:43   91ms   18M  105G 100/110U [ChatManager] Tag:E_overlord
2024-11-26 17:43:51.716 | 06:46   92ms  103M  121G 100/110U [ChatManager] Tag:E_queen
2024-11-26 17:43:52.518 | 06:47   83ms  153M  133G 100/110U [GameAnalyzer] Income advantage is now OverwhelmingAdvantage
2024-11-26 17:43:52.703 | 06:47   87ms  108M  133G 100/110U [TerranUnit] MARINE from BARRACKS at (152.5, 32.5)
2024-11-26 17:43:52.884 | 06:47   88ms   73M  133G 101/110U [TerranUnit] MARINE from BARRACKS at (152.5, 32.5)
2024-11-26 17:43:53.435 | 06:48   84ms  113M  141G 102/110U [GameAnalyzer] Income advantage is now ClearAdvantage
2024-11-26 17:43:55.733 | 06:50   97ms  203M  157G 102/110U [GameAnalyzer] Predicted army advantage is now SmallAdvantage
2024-11-26 17:43:57.351 | 06:52   94ms  208M  173G 102/110U [TerranUnit] MARINE from BARRACKS at (139.5, 48.5)
2024-11-26 17:43:57.353 | 06:52   94ms  108M   73G 102/110U [TerranUnit] MEDIVAC from STARPORT at (141.5, 45.5)
2024-11-26 17:43:57.556 | 06:52  101ms   68M   77G 105/110U [TerranUnit] MARINE from BARRACKS at (139.5, 48.5)
2024-11-26 17:44:00.099 | 06:55   94ms  138M   93G 106/118U [ActUnit] SCV from COMMANDCENTER at (154.5, 69.5)
2024-11-26 17:44:00.311 | 06:55   98ms  133M  101G 107/118U [ActUnit] SCV from COMMANDCENTER at (149.5, 42.5)
2024-11-26 17:44:00.518 | 06:55   95ms  133M  101G 108/118U [GameAnalyzer] Predicted army advantage is now ClearAdvantage
2024-11-26 17:44:03.973 | 06:59   99ms  158M   29G 108/118U [TerranUnit] MEDIVAC from STARPORT at (141.5, 45.5)
2024-11-26 17:44:04.444 | 06:59  168ms  173M   33G 110/118U [GameAnalyzer] Income advantage is now OverwhelmingAdvantage
2024-11-26 17:44:04.452 | 06:59  168ms  123M   33G 110/118U [TerranUnit] MARINE from BARRACKS at (153.5, 49.5)
2024-11-26 17:44:04.667 | 07:00  104ms  133M   37G 111/118U [GameAnalyzer] Income advantage is now ClearAdvantage
2024-11-26 17:44:04.676 | 07:00  104ms   83M   37G 111/118U [TerranUnit] MARINE from BARRACKS at (148.5, 51.5)
2024-11-26 17:44:05.488 | 07:00   91ms   88M   41G 112/118U [TerranUnit] MARINE from BARRACKS at (148.5, 51.5)
2024-11-26 17:44:09.598 | 07:05   98ms  203M   77G 113/126U [TerranUnit] MARINE from BARRACKS at (152.5, 32.5)
2024-11-26 17:44:09.819 | 07:05  107ms   63M   77G 114/126U [TerranUnit] MARINE from BARRACKS at (152.5, 32.5)
2024-11-26 17:44:11.999 | 07:07   94ms   83M   97G 115/126U [ActUnit] SCV from COMMANDCENTER at (154.5, 69.5)
2024-11-26 17:44:12.228 | 07:07  175ms   63M  101G 116/126U [ActUnit] SCV from COMMANDCENTER at (149.5, 42.5)
2024-11-26 17:44:12.846 | 07:08   99ms   88M  101G 117/126U [GameAnalyzer] Income advantage is now OverwhelmingAdvantage
2024-11-26 17:44:13.051 | 07:08   97ms   93M  109G 117/126U [GameAnalyzer] Income advantage is now ClearAdvantage
2024-11-26 17:44:14.632 | 07:10  100ms  118M  117G 117/126U [TerranUnit] MARINE from BARRACKS at (139.5, 48.5)
2024-11-26 17:44:14.853 | 07:10  115ms   78M  117G 118/126U [TerranUnit] MARINE from BARRACKS at (139.5, 48.5)
2024-11-26 17:44:22.948 | 07:17  111ms  212M  165G 119/126U [TerranUnit] MARINE from BARRACKS at (153.5, 49.5)
2024-11-26 17:44:23.289 | 07:17  127ms  172M  165G 120/126U [TerranUnit] MARINE from BARRACKS at (148.5, 51.5)
2024-11-26 17:44:24.229 | 07:18  125ms  172M  165G 121/126U [TerranUnit] MARINE from BARRACKS at (148.5, 51.5)
2024-11-26 17:44:25.426 | 07:19  109ms  142M  177G 122/126U [ActUnit] SCV from COMMANDCENTER at (154.5, 69.5)
2024-11-26 17:44:25.670 | 07:20  113ms   97M  177G 123/126U [ActUnit] SCV from COMMANDCENTER at (149.5, 42.5)
2024-11-26 17:44:26.416 | 07:20  103ms  147M  189G 124/126U [GameAnalyzer] Income advantage is now OverwhelmingAdvantage
2024-11-26 17:44:26.641 | 07:21  105ms  147M  189G 124/126U [GameAnalyzer] Income advantage is now ClearAdvantage
2024-11-26 17:44:28.729 | 07:23  107ms  182M  197G 124/126U [TerranUnit] MARINE from BARRACKS at (152.5, 32.5)
2024-11-26 17:44:29.043 | 07:23  114ms  139M  198G 125/126U [TerranUnit] MARINE from BARRACKS at (152.5, 32.5)
2024-11-26 17:44:36.956 | 07:30  114ms  246M  239G 126/134U [TerranUnit] MARINE from BARRACKS at (139.5, 48.5)
2024-11-26 17:44:36.957 | 07:30  114ms  146M  139G 126/134U [TerranUnit] MEDIVAC from STARPORT at (141.5, 45.5)
2024-11-26 17:44:37.196 | 07:30  124ms  105M  143G 129/134U [TerranUnit] MARINE from BARRACKS at (139.5, 48.5)
2024-11-26 17:44:38.474 | 07:31  136ms  136M  143G 130/134U [GameAnalyzer] Predicted army advantage is now OverwhelmingAdvantage
2024-11-26 17:44:39.055 | 07:32  125ms  110M  147G 130/134U [ActUnit] SCV from COMMANDCENTER at (154.5, 69.5)
2024-11-26 17:44:39.290 | 07:32  123ms   60M  155G 131/134U [ActUnit] SCV from COMMANDCENTER at (149.5, 42.5)
2024-11-26 17:44:42.931 | 07:35  128ms  140M  179G 132/134U [TerranUnit] MARINE from BARRACKS at (153.5, 49.5)
2024-11-26 17:44:43.179 | 07:35  120ms   95M  179G 133/134U [TerranUnit] MARINE from BARRACKS at (148.5, 51.5)
2024-11-26 17:44:55.376 | ERROR    | sc2.protocol:__request:50 - Cannot receive: Connection already closed.
2024-11-26 17:44:55.377 | 07:44  189ms  305M  234G 134/134U [CooldownManager] Get available abilities failed: Connection already closed.
2024-11-26 17:44:55.444 | INFO     | sc2.sc2process:_close_connection:231 - Closing connection at 58483...
2024-11-26 17:44:55.445 | INFO     | sc2.sc2process:kill_all:33 - kill_switch: Process cleanup for 1 processes
