2024-11-24 22:45:10.380 | INFO     | sc2.protocol:_execute:72 - Client status changed to Status.launched (was None)
2024-11-24 22:45:10.381 | INFO     | sc2.controller:create_game:37 - Creating new game
2024-11-24 22:45:10.383 | INFO     | sc2.controller:create_game:38 - Map:     GoldenAura513AIE
2024-11-24 22:45:10.385 | INFO     | sc2.controller:create_game:39 - Players: Bot LadderBot(Terran), Computer VeryHard(Zerg, RandomBuild)
2024-11-24 22:45:10.389 | INFO     | sc2.protocol:_execute:72 - Client status changed to Status.init_game (was Status.launched)
2024-11-24 22:45:23.270 | INFO     | sc2.protocol:_execute:72 - Client status changed to Status.in_game (was None)
2024-11-24 22:45:23.271 | INFO     | sc2.main:_play_game:221 - Player 1 - Bot LadderBot(Terran)
2024-11-24 22:45:24.204 | 00:00    0ms    0M    0G  12/ 15U [Version] 5.0.13.92440
2024-11-24 22:45:24.204 | 00:00    0ms    0M    0G  12/ 15U [Version] 5.0.6 Balance mod recognized.
2024-11-24 22:45:24.360 | 00:00    0ms    0M    0G  12/ 15U [ZoneManager] Map set to: MapName.Unknown from name: Goldenaura AIE and hash: 3781140.
2024-11-24 22:45:26.072 | [Start] My race: Terran
2024-11-24 22:45:26.072 | [Start] Opponent race: Zerg
2024-11-24 22:45:26.073 | [Start] OpponentId: None
2024-11-24 22:45:26.499 | 00:00   19ms    0M    0G  13/ 15U [GameAnalyzer] Income advantage is now SlightDisadvantage
2024-11-24 22:45:26.567 | 00:01   17ms    0M    0G  13/ 15U [GameAnalyzer] Income advantage is now Even
2024-11-24 22:45:29.237 | 00:12   16ms   65M    0G  13/ 15U [TerranUnit] SCV from COMMANDCENTER at (69.5, 168.5)
2024-11-24 22:45:31.076 | 00:20   14ms    0M    0G  14/ 15U [BuildGas] Building REFINERY to (72.5, 175.5)
2024-11-24 22:45:32.213 | 00:24   15ms    0M    0G  14/ 15U [TerranUnit] SCV from COMMANDCENTER at (69.5, 168.5)
2024-11-24 22:45:36.385 | 00:41   18ms  155M    0G  15/ 23U [TerranUnit] SCV from COMMANDCENTER at (69.5, 168.5)
2024-11-24 22:45:39.416 | 00:54   16ms   95M   20G  16/ 23U [TerranUnit] SCV from COMMANDCENTER at (69.5, 168.5)
2024-11-24 22:45:39.482 | 00:54   17ms   25M   20G  17/ 23U [BuildGas] Building REFINERY to (62.5, 165.5)
2024-11-24 22:45:42.593 | 01:06   18ms  115M   56G  17/ 23U [TerranUnit] SCV from COMMANDCENTER at (69.5, 168.5)
2024-11-24 22:45:46.021 | 01:18   19ms  210M   88G  18/ 23U [TerranUnit] SCV from COMMANDCENTER at (69.5, 168.5)
2024-11-24 22:45:49.761 | 01:31   19ms    0M    6G  19/ 23U [TerranUnit] REAPER from BARRACKS at (73.5, 169.5)
2024-11-24 22:45:50.182 | 01:33   17ms   25M   14G  20/ 23U [GameAnalyzer] Income advantage is now SlightAdvantage
2024-11-24 22:45:50.313 | 01:33   19ms   25M   18G  20/ 23U [GameAnalyzer] Income advantage is now Even
2024-11-24 22:45:55.245 | 01:50   90ms  250M   86G  20/ 23U [GameAnalyzer] Income advantage is now SlightAdvantage
2024-11-24 22:45:55.942 | 01:50   22ms  250M   86G  20/ 23U [GameAnalyzer] Income advantage is now Even
2024-11-24 22:45:57.648 | 01:55   23ms  125M    6G  20/ 23U [ActUnit] SCV from COMMANDCENTER at (69.5, 168.5)
2024-11-24 22:46:00.019 | 02:02   27ms  115M   34G  21/ 23U [DodgeRampAttack] Supply is 21 -> attack!
2024-11-24 22:46:00.021 | 02:02   27ms  115M   34G  21/ 23U [DodgeRampAttack] Attack started at 0.00 power.
2024-11-24 22:46:00.106 | 02:02   30ms  115M   34G  21/ 23U [DodgeRampAttack] No attacking units, starting retreat
2024-11-24 22:46:00.475 | 02:04   29ms  125M   38G  21/ 23U [GameAnalyzer] Known army advantage is now SlightAdvantage
2024-11-24 22:46:00.476 | 02:04   29ms  125M   38G  21/ 23U [GameAnalyzer] Predicted army advantage is now SlightAdvantage
2024-11-24 22:46:01.007 | 02:05   24ms  120M    0G  21/ 23U [TerranUnit] REAPER from BARRACKS at (73.5, 169.5)
2024-11-24 22:46:01.845 | 02:08   28ms  100M    4G  22/ 23U [ActUnit] SCV from COMMANDCENTER at (69.5, 168.5)
2024-11-24 22:46:06.637 | 02:23   24ms  355M   64G  23/ 23U [DodgeRampAttack] Retreat stopped.
2024-11-24 22:46:06.714 | 02:23   24ms  360M   68G  23/ 23U [DodgeRampAttack] Supply is 23 -> attack!
2024-11-24 22:46:06.715 | 02:23   24ms  360M   68G  23/ 23U [DodgeRampAttack] Attack started at 1.00 power.
2024-11-24 22:46:06.856 | 02:23   27ms  315M   68G  23/ 31U [ActUnit] SCV from COMMANDCENTER at (69.5, 168.5)
2024-11-24 22:46:06.860 | 02:23   27ms  215M   68G  23/ 31U [TerranUnit] HELLION from FACTORY at (71.5, 161.5)
2024-11-24 22:46:07.939 | 02:26   28ms  285M   80G  26/ 31U [GameAnalyzer] Income advantage is now SlightAdvantage
2024-11-24 22:46:08.014 | 02:26   31ms  290M   80G  26/ 31U [GameAnalyzer] Income advantage is now Even
2024-11-24 22:46:08.319 | 02:27   27ms  300M   84G  26/ 31U [GameAnalyzer] Income advantage is now SlightAdvantage
2024-11-24 22:46:08.552 | 02:28   27ms  310M   88G  26/ 31U [GameAnalyzer] Income advantage is now Even
2024-11-24 22:46:09.011 | 02:29   25ms  335M   96G  26/ 31U [GameAnalyzer] Income advantage is now SlightAdvantage
2024-11-24 22:46:09.173 | 02:30   29ms  340M   96G  26/ 31U [GameAnalyzer] Income advantage is now Even
2024-11-24 22:46:09.616 | 02:31   98ms  360M  100G  26/ 31U [GameAnalyzer] Income advantage is now SlightAdvantage
2024-11-24 22:46:09.697 | 02:31   29ms  365M  100G  26/ 31U [GameAnalyzer] Income advantage is now Even
2024-11-24 22:46:10.088 | 02:32   27ms  405M  108G  26/ 31U [GameAnalyzer] Income advantage is now SlightAdvantage
2024-11-24 22:46:10.093 | 02:32   27ms  405M  108G  26/ 31U [Expand] Expanding to (61.5, 146.5)
2024-11-24 22:46:10.171 | 02:32   32ms    5M  108G  26/ 31U [GameAnalyzer] Income advantage is now Even
2024-11-24 22:46:10.825 | 02:34   26ms   40M  112G  26/ 31U [GameAnalyzer] Income advantage is now SlightAdvantage
2024-11-24 22:46:10.910 | 02:35   29ms   40M  116G  26/ 31U [GameAnalyzer] Income advantage is now Even
2024-11-24 22:46:10.911 | 02:35   29ms   40M  116G  26/ 31U [ChatManager] Tag:E_zergling
2024-11-24 22:46:11.260 | 02:36   30ms    0M  120G  26/ 31U [ActUnit] SCV from COMMANDCENTER at (69.5, 168.5)
2024-11-24 22:46:11.555 | 02:36   25ms   15M  124G  27/ 31U [GameAnalyzer] Income advantage is now SlightAdvantage
2024-11-24 22:46:11.643 | 02:36   28ms   15M  124G  27/ 31U [GameAnalyzer] Income advantage is now Even
2024-11-24 22:46:12.314 | 02:38   35ms   45M  128G  27/ 31U [GameAnalyzer] Income advantage is now SlightAdvantage
2024-11-24 22:46:12.481 | 02:39   35ms   45M  132G  27/ 31U [GameAnalyzer] Income advantage is now Even
2024-11-24 22:46:12.575 | 02:39   34ms    5M   82G  27/ 31U [TerranUnit] REAPER from BARRACKS at (73.5, 169.5)
2024-11-24 22:46:12.816 | 02:40   34ms   45M   86G  28/ 31U [GameAnalyzer] Income advantage is now SmallAdvantage
2024-11-24 22:46:14.570 | 02:44   27ms   15M  106G  28/ 31U [TerranUnit] HELLION from FACTORY at (78.5, 165.5)
2024-11-24 22:46:15.215 | 02:46   33ms   35M  114G  30/ 31U [ChatManager] Tag:E_queen
2024-11-24 22:46:15.232 | 02:46   33ms   35M  114G  30/ 31U [DodgeRampAttack] Retreat started at 1.00 own local power against 2.00 enemy local power.
2024-11-24 22:46:16.061 | 02:48   35ms   35M  126G  30/ 31U [ActUnit] SCV from COMMANDCENTER at (69.5, 168.5)
2024-11-24 22:46:18.455 | 02:54   32ms   60M  158G  31/ 31U [BuildAddon] UnitTypeId.FACTORYREACTOR to (74.0, 161.0)
2024-11-24 22:46:22.881 | 03:05   31ms   55M   72G  31/ 31U [GameAnalyzer] Known army advantage is now SmallAdvantage
2024-11-24 22:46:22.882 | 03:05   31ms   55M   72G  31/ 31U [GameAnalyzer] Predicted army advantage is now SmallAdvantage
2024-11-24 22:46:22.896 | 03:05   31ms   55M   72G  31/ 31U [BuildAddon] UnitTypeId.FACTORYTECHLAB to (81.0, 165.0)
2024-11-24 22:46:23.089 | 03:06   37ms   20M   47G  31/ 31U [DodgeRampAttack] Retreat stopped.
2024-11-24 22:46:23.174 | 03:06   33ms   20M   51G  31/ 31U [DodgeRampAttack] Power 6.00 is larger than required attack power 4.00 -> attack!
2024-11-24 22:46:23.176 | 03:06   33ms   20M   51G  31/ 31U [DodgeRampAttack] Attack started at 6.00 power.
2024-11-24 22:46:25.270 | 03:11   39ms  120M   79G  31/ 31U [BuildAddon] UnitTypeId.BARRACKSTECHLAB to (76.0, 169.0)
2024-11-24 22:46:28.623 | 03:18   39ms  165M   94G  31/ 39U [ActUnit] SCV from COMMANDCENTER at (69.5, 168.5)
2024-11-24 22:46:30.845 | 03:23   39ms  165M  118G  32/ 39U [TerranUnit] HELLION from FACTORY at (78.5, 165.5)
2024-11-24 22:46:33.178 | 03:28   40ms  250M  146G  34/ 39U [GameAnalyzer] Income advantage is now Even
2024-11-24 22:46:33.283 | 03:29   45ms  255M  150G  34/ 39U [GameAnalyzer] Income advantage is now SlightAdvantage
2024-11-24 22:46:33.810 | 03:30   43ms  290M  154G  34/ 39U [GameAnalyzer] Income advantage is now Even
2024-11-24 22:46:33.921 | 03:30   50ms  300M  154G  34/ 39U [GameAnalyzer] Income advantage is now SlightAdvantage
2024-11-24 22:46:34.026 | 03:30   45ms  310M  158G  34/ 39U [GameAnalyzer] Income advantage is now Even
2024-11-24 22:46:34.234 | 03:31   41ms  260M  158G  34/ 39U [ActUnit] SCV from COMMANDCENTER at (69.5, 168.5)
2024-11-24 22:46:35.823 | 03:34   42ms  305M  174G  35/ 39U [GameAnalyzer] Income advantage is now SlightDisadvantage
2024-11-24 22:46:36.105 | 03:34  113ms  325M  178G  35/ 39U [GameAnalyzer] Income advantage is now Even
2024-11-24 22:46:36.816 | 03:36   44ms  365M  186G  35/ 39U [GameAnalyzer] Income advantage is now SlightDisadvantage
2024-11-24 22:46:37.020 | 03:36   42ms  375M  190G  35/ 39U [GameAnalyzer] Income advantage is now Even
2024-11-24 22:46:38.002 | 03:38   42ms  305M  202G  35/ 39U [TerranUnit] HELLION from FACTORY at (65.5, 158.5)
2024-11-24 22:46:38.005 | 03:38   42ms  305M  202G  35/ 39U [BuildAddon] UnitTypeId.FACTORYREACTOR to (68.0, 158.0)
2024-11-24 22:46:38.220 | 03:39   41ms  315M  202G  37/ 39U [GameAnalyzer] Income advantage is now SlightDisadvantage
2024-11-24 22:46:38.427 | 03:39   46ms  325M  206G  37/ 39U [GameAnalyzer] Income advantage is now Even
2024-11-24 22:46:39.145 | 03:41   43ms  340M  214G  37/ 39U [GameAnalyzer] Income advantage is now SlightDisadvantage
2024-11-24 22:46:39.249 | 03:41   43ms  350M  214G  37/ 39U [GameAnalyzer] Income advantage is now Even
2024-11-24 22:46:40.148 | 03:43   42ms  350M  226G  37/ 39U [ActUnit] SCV from COMMANDCENTER at (69.5, 168.5)
2024-11-24 22:46:41.735 | 03:46   48ms  400M  242G  38/ 39U [GameAnalyzer] Income advantage is now SlightDisadvantage
2024-11-24 22:46:41.953 | 03:47   46ms  410M  246G  38/ 39U [GameAnalyzer] Income advantage is now Even
2024-11-24 22:46:44.138 | 03:51   44ms  220M  220G  38/ 54U [TerranUnit] CYCLONE from FACTORY at (78.5, 165.5)
2024-11-24 22:46:44.955 | 03:53   43ms  150M   78G  40/ 54U [TerranUnit] RAVEN from STARPORT at (73.5, 169.5)
2024-11-24 22:46:45.158 | 03:53   42ms  155M   78G  42/ 54U [GameAnalyzer] Income advantage is now SlightAdvantage
2024-11-24 22:46:45.266 | 03:53   46ms  155M   82G  42/ 54U [GameAnalyzer] Income advantage is now Even
2024-11-24 22:46:45.367 | 03:53   46ms  160M   82G  42/ 54U [GameAnalyzer] Income advantage is now SlightAdvantage
2024-11-24 22:46:45.471 | 03:54   43ms  160M   82G  42/ 54U [GameAnalyzer] Income advantage is now Even
2024-11-24 22:46:46.157 | 03:55   41ms  195M   90G  42/ 54U [GameAnalyzer] Income advantage is now SlightAdvantage
2024-11-24 22:46:46.261 | 03:55   42ms  195M   94G  42/ 54U [GameAnalyzer] Income advantage is now Even
2024-11-24 22:46:46.262 | 03:55   42ms  145M   94G  42/ 54U [ActUnit] SCV from COMMANDCENTER at (69.5, 168.5)
2024-11-24 22:46:46.363 | 03:55   47ms  145M   94G  43/ 54U [GameAnalyzer] Income advantage is now SlightAdvantage
2024-11-24 22:46:46.578 | 03:56   42ms  145M   94G  43/ 54U [GameAnalyzer] Income advantage is now Even
2024-11-24 22:46:46.796 | 03:56   44ms  165M   98G  43/ 54U [GameAnalyzer] Income advantage is now SlightAdvantage
2024-11-24 22:46:47.092 | 03:57   41ms  175M  102G  43/ 54U [GameAnalyzer] Income advantage is now Even
2024-11-24 22:46:47.577 | 03:58   42ms  210M  106G  43/ 54U [GameAnalyzer] Income advantage is now SlightAdvantage
2024-11-24 22:46:47.780 | 03:58   41ms  215M  110G  43/ 54U [GameAnalyzer] Income advantage is now Even
2024-11-24 22:46:48.254 | 03:59   50ms  240M  114G  43/ 54U [GameAnalyzer] Income advantage is now SlightAdvantage
2024-11-24 22:46:48.370 | 03:59   55ms  245M  114G  43/ 54U [GameAnalyzer] Income advantage is now Even
2024-11-24 22:46:48.576 | 04:00   41ms  260M  118G  43/ 54U [GameAnalyzer] Income advantage is now SlightAdvantage
2024-11-24 22:46:48.584 | 04:00   41ms  260M  118G  43/ 54U [BuildAddon] UnitTypeId.FACTORYREACTOR to (68.0, 158.0)
2024-11-24 22:46:48.700 | 04:00   51ms  135M   68G  43/ 54U [BuildGas] Building REFINERY to (64.5, 153.5)
2024-11-24 22:46:48.797 | 04:00   45ms  140M   68G  43/ 54U [GameAnalyzer] Income advantage is now Even
2024-11-24 22:46:49.285 | 04:01   46ms  170M   76G  43/ 54U [GameAnalyzer] Income advantage is now SlightAdvantage
2024-11-24 22:46:49.512 | 04:02   44ms  170M   76G  43/ 54U [GameAnalyzer] Income advantage is now Even
2024-11-24 22:46:49.725 | 04:02   44ms  175M   80G  43/ 54U [GameAnalyzer] Income advantage is now SlightAdvantage
2024-11-24 22:46:49.831 | 04:02   43ms  175M   80G  43/ 54U [GameAnalyzer] Income advantage is now Even
2024-11-24 22:46:50.035 | 04:03   44ms  185M   84G  43/ 54U [GameAnalyzer] Income advantage is now SlightAdvantage
2024-11-24 22:46:50.138 | 04:03   45ms  190M   84G  43/ 54U [GameAnalyzer] Income advantage is now Even
2024-11-24 22:46:50.344 | 04:03   43ms  205M   84G  43/ 54U [GameAnalyzer] Income advantage is now SlightAdvantage
2024-11-24 22:46:50.830 | 04:04   41ms  210M   92G  43/ 54U [GameAnalyzer] Income advantage is now Even
2024-11-24 22:46:51.366 | 04:05   46ms  250M   96G  43/ 54U [GameAnalyzer] Income advantage is now SlightAdvantage
2024-11-24 22:46:51.486 | 04:06   49ms  260M  100G  43/ 54U [GameAnalyzer] Income advantage is now Even
2024-11-24 22:46:51.813 | 04:06   46ms  285M  100G  43/ 54U [GameAnalyzer] Income advantage is now SlightAdvantage
2024-11-24 22:46:51.919 | 04:07   44ms  285M  104G  43/ 54U [GameAnalyzer] Income advantage is now Even
2024-11-24 22:46:52.234 | 04:07   44ms  305M  108G  43/ 54U [GameAnalyzer] Income advantage is now SlightAdvantage
2024-11-24 22:46:52.425 | 04:07   47ms  310M  108G  43/ 54U [GameAnalyzer] Income advantage is now Even
2024-11-24 22:46:52.426 | 04:07   47ms  260M  108G  43/ 54U [ActUnit] SCV from COMMANDCENTER at (69.5, 168.5)
2024-11-24 22:46:52.538 | 04:08   51ms  270M  108G  44/ 54U [GameAnalyzer] Income advantage is now SlightAdvantage
2024-11-24 22:46:52.768 | 04:08   47ms  275M  112G  44/ 54U [GameAnalyzer] Income advantage is now Even
2024-11-24 22:46:52.873 | 04:08   47ms  280M  112G  44/ 54U [GameAnalyzer] Income advantage is now SlightAdvantage
2024-11-24 22:46:53.412 | 04:10   46ms  285M  120G  44/ 54U [GameAnalyzer] Income advantage is now Even
2024-11-24 22:46:53.635 | 04:10   44ms  310M  124G  44/ 54U [GameAnalyzer] Income advantage is now SlightAdvantage
2024-11-24 22:46:54.025 | 04:11   45ms  320M  124G  44/ 54U [GameAnalyzer] Income advantage is now Even
2024-11-24 22:46:54.147 | 04:11   51ms  350M  124G  44/ 54U [GameAnalyzer] Income advantage is now SlightAdvantage
2024-11-24 22:46:54.727 | 04:12   46ms  365M  132G  44/ 54U [GameAnalyzer] Income advantage is now Even
2024-11-24 22:46:54.842 | 04:12   52ms  375M  132G  44/ 54U [GameAnalyzer] Income advantage is now SlightAdvantage
2024-11-24 22:46:55.859 | 04:14   47ms  405M  144G  44/ 54U [ChatManager] Tag:E_roach
2024-11-24 22:46:56.940 | 04:16   49ms  405M  156G  44/ 54U [ActUnit] SCV from COMMANDCENTER at (61.5, 146.5)
2024-11-24 22:46:57.944 | 04:18   46ms  445M  164G  45/ 54U [GameAnalyzer] Income advantage is now SmallAdvantage
2024-11-24 22:46:58.065 | 04:18   49ms  445M  164G  45/ 54U [GameAnalyzer] Income advantage is now SlightAdvantage
2024-11-24 22:46:58.183 | 04:18   52ms  480M  164G  45/ 54U [GameAnalyzer] Income advantage is now SmallAdvantage
2024-11-24 22:46:58.292 | 04:18   46ms  480M  168G  45/ 54U [GameAnalyzer] Income advantage is now SlightAdvantage
2024-11-24 22:46:58.515 | 04:19   48ms  495M  172G  45/ 54U [GameAnalyzer] Income advantage is now SmallAdvantage
2024-11-24 22:46:58.748 | 04:19   43ms  500M  172G  45/ 54U [GameAnalyzer] Income advantage is now SlightAdvantage
2024-11-24 22:46:58.875 | 04:20   50ms  500M  172G  45/ 54U [Expand] Expanding to (57.5, 121.5)
2024-11-24 22:46:59.054 | 04:20   49ms   55M  176G  45/ 54U [ActUnit] SCV from COMMANDCENTER at (69.5, 168.5)
2024-11-24 22:46:59.628 | 04:21   47ms  100M  180G  46/ 54U [GameAnalyzer] Income advantage is now SmallAdvantage
2024-11-24 22:46:59.738 | 04:21   46ms    0M  180G  46/ 54U [GameAnalyzer] Income advantage is now SlightAdvantage
2024-11-24 22:47:00.596 | 04:23   45ms   20M  192G  46/ 54U [GameAnalyzer] Income advantage is now Even
2024-11-24 22:47:00.717 | 04:23   48ms   25M  192G  46/ 54U [GameAnalyzer] Known army advantage is now ClearAdvantage
2024-11-24 22:47:00.718 | 04:23   48ms   25M  192G  46/ 54U [GameAnalyzer] Predicted army advantage is now ClearAdvantage
2024-11-24 22:47:02.659 | 04:27  119ms    0M   87G  46/ 54U [TerranUnit] SIEGETANK from FACTORY at (78.5, 165.5)
2024-11-24 22:47:02.884 | 04:27   50ms   10M   91G  49/ 54U [GameAnalyzer] Income advantage is now SmallAdvantage
2024-11-24 22:47:03.438 | 04:28   48ms   35M   95G  49/ 54U [GameAnalyzer] Income advantage is now SlightAdvantage
2024-11-24 22:47:03.774 | 04:29   49ms   45M   99G  49/ 54U [GameAnalyzer] Income advantage is now SmallAdvantage
2024-11-24 22:47:03.891 | 04:29   48ms   45M  103G  49/ 54U [GameAnalyzer] Income advantage is now SlightAdvantage
2024-11-24 22:47:04.010 | 04:29   49ms   55M  103G  49/ 54U [GameAnalyzer] Income advantage is now SmallAdvantage
2024-11-24 22:47:04.011 | 04:29   49ms    5M  103G  49/ 54U [ActUnit] SCV from COMMANDCENTER at (61.5, 146.5)
2024-11-24 22:47:04.529 | 04:30   51ms   15M  107G  50/ 54U [GameAnalyzer] Income advantage is now SlightAdvantage
2024-11-24 22:47:04.646 | 04:30   50ms   15M  107G  50/ 54U [GameAnalyzer] Income advantage is now SmallAdvantage
2024-11-24 22:47:05.441 | 04:32   49ms   40M  123G  50/ 54U [ActUnit] SCV from COMMANDCENTER at (69.5, 168.5)
2024-11-24 22:47:05.899 | 04:33   50ms   55M  123G  51/ 54U [GameAnalyzer] Income advantage is now SlightAdvantage
2024-11-24 22:47:06.208 | 04:33   48ms   60M  127G  51/ 54U [GameAnalyzer] Income advantage is now SmallAdvantage
2024-11-24 22:47:07.503 | 04:36   49ms    5M  143G  51/ 54U [GameAnalyzer] Income advantage is now SlightAdvantage
2024-11-24 22:47:08.313 | 04:37   48ms   40M  151G  51/ 54U [GameAnalyzer] Income advantage is now SmallAdvantage
2024-11-24 22:47:08.671 | 04:38   50ms   90M  159G  51/ 54U [GameAnalyzer] Income advantage is now SlightAdvantage
2024-11-24 22:47:08.916 | 04:38   53ms  100M  163G  51/ 54U [GameAnalyzer] Income advantage is now SmallAdvantage
2024-11-24 22:47:08.921 | 04:38   53ms    0M   13G  51/ 54U [TerranUnit] RAVEN from STARPORT at (73.5, 169.5)
2024-11-24 22:47:09.382 | 04:39   47ms   10M   21G  53/ 54U [GameAnalyzer] Income advantage is now SlightAdvantage
2024-11-24 22:47:09.794 | 04:40   47ms   30M   25G  53/ 54U [GameAnalyzer] Income advantage is now SmallAdvantage
2024-11-24 22:47:10.034 | 04:40   50ms   35M   29G  53/ 54U [GameAnalyzer] Income advantage is now SlightAdvantage
2024-11-24 22:47:10.263 | 04:41   50ms   50M   33G  53/ 54U [GameAnalyzer] Income advantage is now SmallAdvantage
2024-11-24 22:47:10.269 | 04:41   50ms    0M   33G  53/ 54U [TerranUnit] MARINE from BARRACKS at (71.5, 161.5)
2024-11-24 22:47:10.626 | 04:41   47ms   15M   37G  54/ 54U [GameAnalyzer] Income advantage is now SlightAdvantage
2024-11-24 22:47:10.862 | 04:42   48ms   15M   45G  54/ 54U [GameAnalyzer] Income advantage is now SmallAdvantage
2024-11-24 22:47:12.121 | 04:44   51ms   60M   61G  54/ 54U [GameAnalyzer] Income advantage is now SlightAdvantage
2024-11-24 22:47:12.241 | 04:44   54ms   95M   61G  54/ 54U [GameAnalyzer] Income advantage is now SmallAdvantage
2024-11-24 22:47:12.492 | 04:45   49ms  130M   69G  54/ 54U [GameAnalyzer] Income advantage is now SlightAdvantage
2024-11-24 22:47:12.850 | 04:45   51ms  150M   73G  54/ 54U [GameAnalyzer] Income advantage is now SmallAdvantage
2024-11-24 22:47:14.168 | 04:48   56ms  135M   89G  54/ 62U [ActUnit] SCV from COMMANDCENTER at (69.5, 168.5)
2024-11-24 22:47:14.173 | 04:48   56ms   85M   89G  54/ 62U [TerranUnit] MARINE from BARRACKS at (71.5, 161.5)
2024-11-24 22:47:14.297 | 04:48   61ms   85M   93G  56/ 62U [GameAnalyzer] Income advantage is now SlightAdvantage
2024-11-24 22:47:14.298 | 04:48   61ms   35M   93G  56/ 62U [ActUnit] SCV from COMMANDCENTER at (61.5, 146.5)
2024-11-24 22:47:14.540 | 04:48   52ms   55M   97G  57/ 62U [GameAnalyzer] Income advantage is now SmallAdvantage
2024-11-24 22:47:20.478 | 04:59   52ms  320M  181G  57/ 62U [TerranUnit] MARINE from BARRACKS at (71.5, 161.5)
2024-11-24 22:47:20.623 | 04:59   60ms  220M  181G  58/ 62U [GameAnalyzer] Income advantage is now SlightAdvantage
2024-11-24 22:47:20.758 | 04:59   63ms  235M  181G  58/ 62U [GameAnalyzer] Income advantage is now SmallAdvantage
2024-11-24 22:47:21.127 | 05:00   57ms  245M  189G  58/ 62U [ChatManager] Tag:E_Macro
2024-11-24 22:47:21.261 | 05:00   60ms  205M  189G  58/ 62U [ActUnit] SCV from COMMANDCENTER at (69.5, 168.5)
2024-11-24 22:47:21.396 | 05:00   59ms  155M  193G  59/ 62U [ActUnit] SCV from COMMANDCENTER at (61.5, 146.5)
2024-11-24 22:47:22.387 | 05:02   61ms  185M  205G  60/ 62U [GameAnalyzer] Income advantage is now ClearAdvantage
2024-11-24 22:47:24.218 | 05:05   59ms  155M  104G  60/ 70U [TerranUnit] SIEGETANK from FACTORY at (78.5, 165.5)
2024-11-24 22:47:24.354 | 05:05   62ms  160M  104G  63/ 70U [ChatManager] Tag:E_overlord
2024-11-24 22:47:24.753 | 05:06   61ms  130M  112G  63/ 70U [TerranUnit] MARINE from BARRACKS at (71.5, 161.5)
2024-11-24 22:47:26.078 | 05:08   65ms  185M  128G  64/ 70U [EnemyArmyPredicter] Predicting negative free minerals for enemy: -1025
2024-11-24 22:47:29.177 | 05:12  132ms  270M  164G  64/ 70U [ActUnit] SCV from COMMANDCENTER at (69.5, 168.5)
2024-11-24 22:47:29.319 | 05:12   77ms  220M  164G  65/ 70U [ActUnit] SCV from COMMANDCENTER at (61.5, 146.5)
2024-11-24 22:47:29.458 | 05:13   68ms  220M  168G  66/ 70U [EnemyArmyPredicter] Predicting negative free minerals for enemy: -963
2024-11-24 22:47:29.460 | 05:13   68ms  220M  168G  66/ 70U [GameAnalyzer] Known army advantage is now OverwhelmingAdvantage
2024-11-24 22:47:29.461 | 05:13   68ms  220M  168G  66/ 70U [GameAnalyzer] Predicted army advantage is now OverwhelmingAdvantage
2024-11-24 22:47:30.439 | 05:14   65ms  270M  184G  66/ 70U [GameAnalyzer] Known army advantage is now ClearAdvantage
2024-11-24 22:47:30.440 | 05:14   65ms  270M  184G  66/ 70U [GameAnalyzer] Predicted army advantage is now ClearAdvantage
2024-11-24 22:47:31.903 | 05:16   81ms  350M  200G  66/ 70U [GameAnalyzer] Known army advantage is now OverwhelmingAdvantage
2024-11-24 22:47:31.904 | 05:16   81ms  350M  200G  66/ 70U [GameAnalyzer] Predicted army advantage is now OverwhelmingAdvantage
2024-11-24 22:47:31.911 | 05:16   81ms  300M  200G  66/ 70U [TerranUnit] MARINE from BARRACKS at (71.5, 161.5)
2024-11-24 22:47:32.350 | 05:17   82ms  310M  204G  67/ 70U [GameAnalyzer] Income advantage is now OverwhelmingAdvantage
2024-11-24 22:47:32.503 | 05:17   82ms  335M  208G  67/ 70U [GameAnalyzer] Income advantage is now ClearAdvantage
2024-11-24 22:47:32.807 | 05:18   75ms  350M  212G  67/ 70U [EnemyArmyPredicter] Predicting negative free minerals for enemy: -902
2024-11-24 22:47:34.692 | 05:20  143ms  440M  232G  67/ 70U [GameAnalyzer] Income advantage is now OverwhelmingAdvantage
2024-11-24 22:47:34.978 | 05:21   67ms  440M  236G  67/ 70U [GameAnalyzer] Income advantage is now ClearAdvantage
2024-11-24 22:47:34.989 | 05:21   67ms  440M  236G  67/ 70U [BuildAddon] UnitTypeId.FACTORYREACTOR to (62.0, 160.0)
2024-11-24 22:47:36.230 | 05:23  143ms  270M  198G  67/ 70U [GameAnalyzer] Income advantage is now OverwhelmingAdvantage
2024-11-24 22:47:36.375 | 05:23   69ms  270M  198G  67/ 70U [EnemyArmyPredicter] Predicting negative free minerals for enemy: -840
2024-11-24 22:47:36.525 | 05:23   71ms  270M  206G  67/ 70U [GameAnalyzer] Income advantage is now ClearAdvantage
2024-11-24 22:47:36.673 | 05:23   68ms  220M  206G  67/ 70U [TerranUnit] MARINE from BARRACKS at (71.5, 161.5)
2024-11-24 22:47:37.090 | 05:24   66ms  250M  210G  68/ 70U [GameAnalyzer] Income advantage is now OverwhelmingAdvantage
2024-11-24 22:47:37.230 | 05:24   67ms  250M  210G  68/ 70U [GameAnalyzer] Income advantage is now ClearAdvantage
2024-11-24 22:47:37.380 | 05:25   70ms  200M  214G  68/ 70U [ActUnit] SCV from COMMANDCENTER at (69.5, 168.5)
2024-11-24 22:47:37.602 | 05:25   70ms  155M  218G  69/ 70U [ActUnit] SCV from COMMANDCENTER at (61.5, 146.5)
2024-11-24 22:47:37.755 | 05:25  146ms  175M  218G  70/ 70U [GameAnalyzer] Income advantage is now OverwhelmingAdvantage
2024-11-24 22:47:38.040 | 05:25   67ms  185M  222G  70/ 70U [GameAnalyzer] Income advantage is now ClearAdvantage
2024-11-24 22:47:38.617 | 05:26   66ms  210M  230G  70/ 70U [GameAnalyzer] Income advantage is now OverwhelmingAdvantage
2024-11-24 22:47:38.769 | 05:27   70ms  310M  230G  70/ 70U [GameAnalyzer] Income advantage is now ClearAdvantage
2024-11-24 22:47:39.264 | 05:27  143ms  235M  234G  70/ 78U [GameAnalyzer] Income advantage is now OverwhelmingAdvantage
2024-11-24 22:47:39.418 | 05:27   75ms  235M  238G  70/ 78U [GameAnalyzer] Income advantage is now ClearAdvantage
2024-11-24 22:47:39.888 | 05:28   70ms  345M  246G  70/ 78U [EnemyArmyPredicter] Predicting negative free minerals for enemy: -854
2024-11-24 22:47:39.896 | 05:28   70ms  245M  146G  70/ 78U [TerranUnit] MEDIVAC from STARPORT at (65.5, 158.5)
2024-11-24 22:47:40.052 | 05:28   76ms  175M   46G  72/ 78U [TerranUnit] MEDIVAC from STARPORT at (65.5, 158.5)
2024-11-24 22:47:40.200 | 05:29   74ms  195M   46G  74/ 78U [GameAnalyzer] Income advantage is now OverwhelmingAdvantage
2024-11-24 22:47:40.347 | 05:29   70ms  195M   46G  74/ 78U [GameAnalyzer] Income advantage is now ClearAdvantage
2024-11-24 22:47:41.013 | 05:30   74ms  240M   58G  74/ 78U [GameAnalyzer] Income advantage is now OverwhelmingAdvantage
2024-11-24 22:47:41.171 | 05:30   81ms  250M   58G  74/ 78U [GameAnalyzer] Income advantage is now ClearAdvantage
2024-11-24 22:47:41.461 | 05:30   66ms  160M   58G  74/ 78U [GameAnalyzer] Income advantage is now OverwhelmingAdvantage
2024-11-24 22:47:41.900 | 05:31   69ms  165M   70G  74/ 78U [GameAnalyzer] Income advantage is now ClearAdvantage
2024-11-24 22:47:42.192 | 05:31   68ms  190M   70G  74/ 78U [GameAnalyzer] Income advantage is now OverwhelmingAdvantage
2024-11-24 22:47:42.543 | 05:32  140ms  200M   74G  74/ 78U [GameAnalyzer] Income advantage is now ClearAdvantage
2024-11-24 22:47:43.122 | 05:33   62ms  230M   82G  74/ 78U [GameAnalyzer] Income advantage is now OverwhelmingAdvantage
2024-11-24 22:47:43.279 | 05:33   74ms  230M   82G  74/ 78U [GameAnalyzer] Income advantage is now ClearAdvantage
2024-11-24 22:47:43.434 | 05:33   73ms  235M   82G  74/ 78U [EnemyArmyPredicter] Predicting negative free minerals for enemy: -705
2024-11-24 22:47:43.878 | 05:34   72ms  260M   90G  74/ 78U [GameAnalyzer] Income advantage is now OverwhelmingAdvantage
2024-11-24 22:47:44.230 | 05:34   64ms  270M   94G  74/ 78U [GameAnalyzer] Income advantage is now ClearAdvantage
2024-11-24 22:47:44.237 | 05:34   64ms  220M   94G  74/ 78U [TerranUnit] MARINE from BARRACKS at (71.5, 161.5)
2024-11-24 22:47:44.685 | 05:35   75ms  235M  102G  75/ 78U [GameAnalyzer] Income advantage is now OverwhelmingAdvantage
2024-11-24 22:47:44.988 | 05:35   76ms  265M  106G  75/ 78U [GameAnalyzer] Income advantage is now ClearAdvantage
2024-11-24 22:47:45.674 | 05:36   70ms  330M  114G  75/ 78U [GameAnalyzer] Income advantage is now OverwhelmingAdvantage
2024-11-24 22:47:45.823 | 05:37   76ms  330M  114G  75/ 78U [GameAnalyzer] Income advantage is now ClearAdvantage
2024-11-24 22:47:45.974 | 05:37   72ms  285M  114G  75/ 78U [ActUnit] SCV from COMMANDCENTER at (69.5, 168.5)
2024-11-24 22:47:46.135 | 05:37   74ms  235M  118G  76/ 78U [ActUnit] SCV from COMMANDCENTER at (61.5, 146.5)
2024-11-24 22:47:47.314 | 05:39   76ms  190M  130G  77/ 93U [GameAnalyzer] Income advantage is now OverwhelmingAdvantage
2024-11-24 22:47:47.471 | 05:39   73ms   45M  130G  77/ 93U [GameAnalyzer] Income advantage is now ClearAdvantage
2024-11-24 22:47:47.922 | 05:39   68ms   50M  138G  77/ 93U [GameAnalyzer] Income advantage is now OverwhelmingAdvantage
2024-11-24 22:47:48.090 | 05:40   71ms   50M  138G  77/ 93U [GameAnalyzer] Income advantage is now ClearAdvantage
2024-11-24 22:47:48.235 | 05:40   79ms   60M  142G  77/ 93U [GameAnalyzer] Income advantage is now OverwhelmingAdvantage
2024-11-24 22:47:48.926 | 05:41  150ms   95M  150G  77/ 93U [GameAnalyzer] Income advantage is now ClearAdvantage
2024-11-24 22:47:49.241 | 05:41   80ms  110M  154G  77/ 93U [GameAnalyzer] Income advantage is now OverwhelmingAdvantage
2024-11-24 22:47:49.247 | 05:41   80ms   60M  154G  77/ 93U [TerranUnit] MARINE from BARRACKS at (71.5, 161.5)
2024-11-24 22:47:49.740 | 05:42   87ms   70M  154G  78/ 93U [GameAnalyzer] Income advantage is now ClearAdvantage
2024-11-24 22:47:50.232 | 05:43   82ms  110M  162G  78/ 93U [GameAnalyzer] Income advantage is now OverwhelmingAdvantage
2024-11-24 22:47:50.397 | 05:43   76ms  110M  166G  78/ 93U [GameAnalyzer] Income advantage is now ClearAdvantage
2024-11-24 22:47:50.975 | 05:43   79ms  175M  166G  78/ 93U [GameAnalyzer] Income advantage is now OverwhelmingAdvantage
2024-11-24 22:47:51.460 | 05:44   79ms  180M  174G  78/ 93U [GameAnalyzer] Income advantage is now ClearAdvantage
2024-11-24 22:47:51.815 | 05:45   90ms  190M  178G  78/ 93U [GameAnalyzer] Income advantage is now OverwhelmingAdvantage
2024-11-24 22:47:52.580 | 05:45   89ms  220M  186G  78/ 93U [GameAnalyzer] Income advantage is now ClearAdvantage
2024-11-24 22:47:52.893 | 05:46   78ms  245M  190G  78/ 93U [GameAnalyzer] Income advantage is now OverwhelmingAdvantage
2024-11-24 22:47:54.298 | 05:48   83ms  285M  202G  78/ 93U [GameAnalyzer] Income advantage is now ClearAdvantage
2024-11-24 22:47:54.611 | 05:48   76ms  315M  210G  78/ 93U [GameAnalyzer] Income advantage is now OverwhelmingAdvantage
2024-11-24 22:47:54.618 | 05:48   76ms  165M   85G  78/ 93U [TerranUnit] SIEGETANK from FACTORY at (78.5, 165.5)
2024-11-24 22:47:55.278 | 05:49   74ms  125M   89G  81/101U [ActUnit] SCV from COMMANDCENTER at (69.5, 168.5)
2024-11-24 22:47:55.516 | 05:49   82ms  105M   89G  82/101U [ActUnit] SCV from COMMANDCENTER at (61.5, 146.5)
2024-11-24 22:47:57.751 | 05:52   78ms  170M  113G  83/101U [TerranUnit] MARINE from BARRACKS at (71.5, 161.5)
2024-11-24 22:47:59.024 | 05:54   83ms  220M  125G  84/109U [GameAnalyzer] Predicted army advantage is now ClearAdvantage
2024-11-24 22:48:02.473 | 05:58   78ms  315M   61G  84/109U [TerranUnit] MEDIVAC from STARPORT at (65.5, 158.5)
2024-11-24 22:48:03.139 | 05:59   76ms  290M   73G  86/109U [TerranUnit] MARINE from BARRACKS at (71.5, 161.5)
2024-11-24 22:48:04.895 | 06:01   75ms  315M   89G  87/109U [ActUnit] SCV from COMMANDCENTER at (69.5, 168.5)
2024-11-24 22:48:05.125 | 06:02   79ms  265M   93G  88/109U [ActUnit] SCV from COMMANDCENTER at (61.5, 146.5)
2024-11-24 22:48:06.663 | 06:04   76ms  320M  109G  89/109U [ActUnit] SCV from COMMANDCENTER at (57.5, 121.5)
2024-11-24 22:48:08.374 | 06:06   75ms  305M   29G  90/117U [TerranUnit] MEDIVAC from STARPORT at (65.5, 158.5)
2024-11-24 22:48:10.861 | 06:09   77ms  425M   53G  92/117U [GameAnalyzer] Predicted army advantage is now OverwhelmingAdvantage
2024-11-24 22:48:11.612 | 06:10   84ms  430M   57G  92/117U [TerranUnit] MARINE from BARRACKS at (71.5, 161.5)
2024-11-24 22:48:14.486 | 06:14  153ms  570M   89G  93/117U [ActUnit] SCV from COMMANDCENTER at (69.5, 168.5)
2024-11-24 22:48:14.667 | 06:14   93ms  525M   93G  94/117U [ActUnit] SCV from COMMANDCENTER at (61.5, 146.5)
2024-11-24 22:48:14.996 | 06:14   81ms  535M   93G  95/117U [GameAnalyzer] Predicted army advantage is now ClearAdvantage
2024-11-24 22:48:16.259 | 06:16   85ms  540M  105G  95/117U [ActUnit] SCV from COMMANDCENTER at (57.5, 121.5)
2024-11-24 22:48:17.171 | 06:17   88ms  455M  117G  96/117U [TerranUnit] MARINE from BARRACKS at (71.5, 161.5)
2024-11-24 22:48:19.432 | 06:19   89ms  585M  137G  97/117U [GameAnalyzer] Predicted army advantage is now OverwhelmingAdvantage
2024-11-24 22:48:21.169 | 06:21   95ms  505M   28G  97/117U [TerranUnit] SIEGETANK from FACTORY at (78.5, 165.5)
2024-11-24 22:48:24.916 | 06:26   86ms  685M   64G 100/117U [ActUnit] SCV from COMMANDCENTER at (69.5, 168.5)
2024-11-24 22:48:25.175 | 06:26   91ms  640M   64G 101/117U [ActUnit] SCV from COMMANDCENTER at (61.5, 146.5)
2024-11-24 22:48:26.650 | 06:28   91ms  680M   84G 102/117U [TerranUnit] MARINE from BARRACKS at (71.5, 161.5)
2024-11-24 22:48:26.912 | 06:28  103ms  645M   84G 103/117U [ActUnit] SCV from COMMANDCENTER at (57.5, 121.5)
2024-11-24 22:48:31.806 | 06:34   90ms  705M   28G 104/117U [TerranUnit] MEDIVAC from STARPORT at (65.5, 158.5)
2024-11-24 22:48:32.777 | 06:35   94ms  725M   36G 106/117U [TerranUnit] MARINE from BARRACKS at (71.5, 161.5)
2024-11-24 22:48:35.885 | 06:38  108ms  820M   64G 107/117U [ActUnit] SCV from COMMANDCENTER at (69.5, 168.5)
2024-11-24 22:48:36.099 | 06:38  107ms  775M   68G 108/117U [ActUnit] SCV from COMMANDCENTER at (61.5, 146.5)
2024-11-24 22:48:38.124 | 06:40  111ms  855M   84G 109/117U [ActUnit] SCV from COMMANDCENTER at (57.5, 121.5)
2024-11-24 22:48:40.177 | INFO     | sc2.protocol:_execute:72 - Client status changed to Status.ended (was Status.in_game)
2024-11-24 22:48:40.178 | Result: Victory
2024-11-24 22:48:40.179 | Duration: 06:42
2024-11-24 22:48:40.180 | Step time min: 13
2024-11-24 22:48:40.182 | Step time avg: 46
2024-11-24 22:48:40.183 | Step time max: 650
2024-11-24 22:48:40.184 | [LostUnitsContents] My lost units minerals and gas: (0, 0)
2024-11-24 22:48:40.184 | [LostUnitsContents] My lost units minerals by score: 0.0
2024-11-24 22:48:40.185 | [LostUnitsContents] Enemy lost units minerals and gas: (4200, 25)
2024-11-24 22:48:40.186 | [LostUnitsContents] Enemy lost units minerals by score: 4200.0
2024-11-24 22:48:40.186 | [GameAnalyzerEnd] Own units:
2024-11-24 22:48:40.186 | [GameAnalyzerEnd] SCV               total:  51 alive:  51 dead:   0 
2024-11-24 22:48:40.187 | [GameAnalyzerEnd] MARINE            total:  12 alive:  12 dead:   0 
2024-11-24 22:48:40.187 | [GameAnalyzerEnd] SUPPLYDEPOT       total:  11 alive:  11 dead:   0 
2024-11-24 22:48:40.188 | [GameAnalyzerEnd] MEDIVAC           total:   4 alive:   4 dead:   0 
2024-11-24 22:48:40.188 | [GameAnalyzerEnd] HELLION           total:   4 alive:   4 dead:   0 
2024-11-24 22:48:40.189 | [GameAnalyzerEnd] REAPER            total:   3 alive:   3 dead:   0 
2024-11-24 22:48:40.190 | [GameAnalyzerEnd] MULE              total:   3 alive:   3 dead:   0 
2024-11-24 22:48:40.190 | [GameAnalyzerEnd] REFINERY          total:   3 alive:   3 dead:   0 
2024-11-24 22:48:40.191 | [GameAnalyzerEnd] REACTOR           total:   3 alive:   3 dead:   0 
2024-11-24 22:48:40.192 | [GameAnalyzerEnd] ORBITALCOMMAND    total:   3 alive:   3 dead:   0 
2024-11-24 22:48:40.192 | [GameAnalyzerEnd] SIEGETANK         total:   3 alive:   3 dead:   0 
2024-11-24 22:48:40.193 | [GameAnalyzerEnd] RAVEN             total:   2 alive:   2 dead:   0 
2024-11-24 22:48:40.193 | [GameAnalyzerEnd] FACTORY           total:   2 alive:   2 dead:   0 
2024-11-24 22:48:40.194 | [GameAnalyzerEnd] TECHLAB           total:   2 alive:   2 dead:   0 
2024-11-24 22:48:40.195 | [GameAnalyzerEnd] CYCLONE           total:   1 alive:   1 dead:   0 
2024-11-24 22:48:40.195 | [GameAnalyzerEnd] STARPORT          total:   1 alive:   1 dead:   0 
2024-11-24 22:48:40.196 | [GameAnalyzerEnd] BARRACKS          total:   1 alive:   1 dead:   0 
2024-11-24 22:48:40.196 | [GameAnalyzerEnd] Enemy units:
2024-11-24 22:48:40.197 | [GameAnalyzerEnd] DRONE             total:  36 alive:   0 dead:  36 
2024-11-24 22:48:40.197 | [GameAnalyzerEnd] ZERGLING          total:  24 alive:   0 dead:  24 
2024-11-24 22:48:40.197 | [GameAnalyzerEnd] OVERLORD          total:   3 alive:   1 dead:   2 
2024-11-24 22:48:40.198 | [GameAnalyzerEnd] EXTRACTOR         total:   2 alive:   1 dead:   1 
2024-11-24 22:48:40.199 | [GameAnalyzerEnd] QUEEN             total:   2 alive:   0 dead:   2 
2024-11-24 22:48:40.200 | [GameAnalyzerEnd] HATCHERY          total:   2 alive:   0 dead:   2 
2024-11-24 22:48:40.201 | [GameAnalyzerEnd] ROACH             total:   1 alive:   0 dead:   1 
2024-11-24 22:48:40.201 | [GameAnalyzerEnd] ROACHWARREN       total:   1 alive:   0 dead:   1 
2024-11-24 22:48:40.202 | [GameAnalyzerEnd] SPAWNINGPOOL      total:   1 alive:   0 dead:   1 
2024-11-24 22:48:40.203 | [GameAnalyzerEnd] Minerals max 905 Average 215
2024-11-24 22:48:40.203 | [GameAnalyzerEnd] Vespene max 266 Average 93
2024-11-24 22:48:40.205 | INFO     | sc2.main:_play_game:228 - Result for player 1 - Bot LadderBot(Terran): Victory
2024-11-24 22:48:41.580 | INFO     | sc2.protocol:_execute:72 - Client status changed to Status.launched (was Status.ended)
2024-11-24 22:48:41.596 | INFO     | sc2.protocol:_execute:72 - Client status changed to Status.quit (was Status.launched)
2024-11-24 22:48:41.597 | INFO     | sc2.sc2process:_close_connection:231 - Closing connection at 51708...
2024-11-24 22:48:41.599 | INFO     | sc2.sc2process:kill_all:33 - kill_switch: Process cleanup for 1 processes
