2024-11-22 14:27:54.351 | INFO     | sc2.protocol:_execute:72 - Client status changed to Status.launched (was None)
2024-11-22 14:27:54.353 | INFO     | sc2.controller:create_game:37 - Creating new game
2024-11-22 14:27:54.354 | INFO     | sc2.controller:create_game:38 - Map:     Gresvan513AIE
2024-11-22 14:27:54.354 | INFO     | sc2.controller:create_game:39 - Players: Bot LadderBot(Terran), Computer VeryHard(Zerg, RandomBuild)
2024-11-22 14:27:54.357 | INFO     | sc2.protocol:_execute:72 - Client status changed to Status.init_game (was Status.launched)
2024-11-22 14:28:06.296 | INFO     | sc2.protocol:_execute:72 - Client status changed to Status.in_game (was None)
2024-11-22 14:28:06.297 | INFO     | sc2.main:_play_game:221 - Player 1 - Bot LadderBot(Terran)
2024-11-22 14:28:07.093 | 00:00    0ms    0M    0G  12/ 15U [Version] 5.0.13.92440
2024-11-22 14:28:07.094 | 00:00    0ms    0M    0G  12/ 15U [Version] 5.0.6 Balance mod recognized.
2024-11-22 14:28:07.217 | 00:00    0ms    0M    0G  12/ 15U [ZoneManager] Map set to: MapName.Unknown from name: GresvanAIE and hash: 3547936.
2024-11-22 14:28:08.670 | 00:00    0ms    0M    0G  12/ 15U [Build] Att at 60
2024-11-22 14:28:08.730 | [Start] My race: Terran
2024-11-22 14:28:08.731 | [Start] Opponent race: Zerg
2024-11-22 14:28:08.732 | [Start] OpponentId: None
2024-11-22 14:28:09.096 | 00:00   16ms    0M    0G  13/ 15U [GameAnalyzer] Income advantage is now SlightDisadvantage
2024-11-22 14:28:09.218 | 00:01   16ms    0M    0G  13/ 15U [GameAnalyzer] Income advantage is now Even
2024-11-22 14:28:10.022 | 00:04   17ms    0M    0G  13/ 15U [GameAnalyzer] Income advantage is now SlightDisadvantage
2024-11-22 14:28:10.082 | 00:04   17ms   20M    0G  13/ 15U [GameAnalyzer] Income advantage is now Even
2024-11-22 14:28:11.896 | 00:11   16ms    0M    0G  13/ 15U [GameAnalyzer] Income advantage is now SlightDisadvantage
2024-11-22 14:28:11.947 | 00:11   15ms    0M    0G  13/ 15U [GameAnalyzer] Income advantage is now Even
2024-11-22 14:28:12.809 | 00:15   15ms    0M    0G  13/ 15U [ActUnit] SCV from COMMANDCENTER at (161.5, 42.5)
2024-11-22 14:28:16.147 | 00:27   19ms  105M    0G  14/ 15U [ActUnit] SCV from COMMANDCENTER at (161.5, 42.5)
2024-11-22 14:28:19.644 | 00:39   18ms   65M    0G  15/ 23U [ActUnit] SCV from COMMANDCENTER at (161.5, 42.5)
2024-11-22 14:28:23.165 | 00:52   18ms  170M    0G  16/ 23U [ActUnit] SCV from COMMANDCENTER at (161.5, 42.5)
2024-11-22 14:28:26.789 | 01:04   21ms  300M    0G  17/ 23U [ActUnit] SCV from COMMANDCENTER at (161.5, 42.5)
2024-11-22 14:28:28.878 | 01:11   22ms  400M    0G  18/ 23U [Expand] Expanding to (163.5, 74.5)
2024-11-22 14:28:29.534 | 01:11   19ms   15M    0G  18/ 23U [GameAnalyzer] Income advantage is now SlightDisadvantage
2024-11-22 14:28:29.628 | 01:11  549ms   15M    0G  18/ 23U [GameAnalyzer] Income advantage is now SmallDisadvantage
2024-11-22 14:28:29.942 | 01:12   73ms   20M    0G  18/ 23U [GameAnalyzer] Income advantage is now SlightDisadvantage
2024-11-22 14:28:30.014 | 01:12  114ms   20M    0G  18/ 23U [GameAnalyzer] Income advantage is now SmallDisadvantage
2024-11-22 14:28:30.239 | 01:13   27ms   25M    0G  18/ 23U [GameAnalyzer] Income advantage is now SlightDisadvantage
2024-11-22 14:28:30.539 | 01:14   24ms   40M    0G  18/ 23U [GameAnalyzer] Income advantage is now SmallDisadvantage
2024-11-22 14:28:30.761 | 01:14   24ms   55M    0G  18/ 23U [GameAnalyzer] Income advantage is now SlightDisadvantage
2024-11-22 14:28:30.918 | 01:15   28ms   60M    0G  18/ 23U [GameAnalyzer] Income advantage is now SmallDisadvantage
2024-11-22 14:28:30.919 | 01:15   28ms   60M    0G  18/ 23U [ChatManager] Tag:E_overlord
2024-11-22 14:28:31.151 | 01:15   27ms   75M    0G  18/ 23U [GameAnalyzer] Income advantage is now SlightDisadvantage
2024-11-22 14:28:31.235 | 01:16   27ms   75M    0G  18/ 23U [GameAnalyzer] Income advantage is now SmallDisadvantage
2024-11-22 14:28:31.389 | 01:16   28ms   80M    0G  18/ 23U [GameAnalyzer] Income advantage is now Even
2024-11-22 14:28:31.479 | 01:16   27ms   35M    0G  18/ 23U [ActUnit] SCV from COMMANDCENTER at (161.5, 42.5)
2024-11-22 14:28:31.565 | 01:17   31ms   35M    0G  19/ 23U [GameAnalyzer] Predicted army advantage is now SlightDisadvantage
2024-11-22 14:28:31.646 | 01:17   32ms   35M    0G  19/ 23U [GameAnalyzer] Income advantage is now SlightDisadvantage
2024-11-22 14:28:31.807 | 01:17   26ms   40M    0G  19/ 23U [GameAnalyzer] Income advantage is now SmallDisadvantage
2024-11-22 14:28:32.669 | 01:19   30ms   75M    0G  19/ 23U [GameAnalyzer] Income advantage is now SlightDisadvantage
2024-11-22 14:28:32.747 | 01:20   29ms   85M    0G  19/ 23U [GameAnalyzer] Income advantage is now Even
2024-11-22 14:28:34.553 | 01:25   27ms  105M    0G  19/ 23U [TerranUnit] MARINE from BARRACKS at (165.5, 45.5)
2024-11-22 14:28:34.717 | 01:25   28ms   10M    0G  20/ 23U [GameAnalyzer] Income advantage is now SlightDisadvantage
2024-11-22 14:28:34.805 | 01:25   28ms   15M    0G  20/ 23U [GameAnalyzer] Income advantage is now Even
2024-11-22 14:28:36.455 | 01:30   28ms   75M    0G  20/ 23U [GameAnalyzer] Income advantage is now SlightDisadvantage
2024-11-22 14:28:36.536 | 01:30   32ms   80M    0G  20/ 23U [GameAnalyzer] Income advantage is now Even
2024-11-22 14:28:36.783 | 01:31   28ms   85M    0G  20/ 23U [GameAnalyzer] Income advantage is now SlightDisadvantage
2024-11-22 14:28:36.865 | 01:31   33ms   85M    0G  20/ 23U [GameAnalyzer] Income advantage is now Even
2024-11-22 14:28:37.104 | 01:31   32ms   95M    0G  20/ 23U [GameAnalyzer] Income advantage is now SlightDisadvantage
2024-11-22 14:28:37.185 | 01:32   30ms  105M    0G  20/ 23U [GameAnalyzer] Income advantage is now Even
2024-11-22 14:28:37.684 | 01:33   29ms  125M    0G  20/ 23U [GameAnalyzer] Income advantage is now SlightDisadvantage
2024-11-22 14:28:37.769 | 01:33   31ms  125M    0G  20/ 23U [GameAnalyzer] Income advantage is now Even
2024-11-22 14:28:38.011 | 01:34   31ms  140M    0G  20/ 23U [GameAnalyzer] Income advantage is now SlightDisadvantage
2024-11-22 14:28:38.087 | 01:34   33ms  140M    0G  20/ 23U [GameAnalyzer] Income advantage is now Even
2024-11-22 14:28:38.785 | 01:36   30ms  170M    0G  20/ 23U [GameAnalyzer] Income advantage is now SlightDisadvantage
2024-11-22 14:28:38.870 | 01:36   34ms  175M    0G  20/ 23U [GameAnalyzer] Income advantage is now Even
2024-11-22 14:28:40.545 | 01:41   31ms    0M    0G  20/ 23U [GameAnalyzer] Income advantage is now SlightDisadvantage
2024-11-22 14:28:40.626 | 01:41   28ms    5M    0G  20/ 23U [GameAnalyzer] Income advantage is now Even
2024-11-22 14:28:40.854 | 01:42   28ms   10M    0G  20/ 23U [GameAnalyzer] Income advantage is now SlightDisadvantage
2024-11-22 14:28:40.937 | 01:42   29ms   20M    0G  20/ 23U [GameAnalyzer] Income advantage is now Even
2024-11-22 14:28:41.121 | 01:42   50ms   30M    0G  20/ 23U [GameAnalyzer] Known army advantage is now SlightAdvantage
2024-11-22 14:28:41.279 | 01:43   33ms   35M    0G  20/ 23U [GameAnalyzer] Income advantage is now SlightDisadvantage
2024-11-22 14:28:41.361 | 01:43   30ms   35M    0G  20/ 23U [GameAnalyzer] Income advantage is now Even
2024-11-22 14:28:41.910 | 01:45   30ms   55M    0G  20/ 23U [GameAnalyzer] Income advantage is now SlightDisadvantage
2024-11-22 14:28:41.989 | 01:45   35ms   65M    0G  20/ 23U [GameAnalyzer] Income advantage is now Even
2024-11-22 14:28:42.072 | 01:45   31ms   65M    0G  20/ 23U [GameAnalyzer] Income advantage is now SlightDisadvantage
2024-11-22 14:28:42.231 | 01:46   34ms   75M    0G  20/ 23U [GameAnalyzer] Income advantage is now Even
2024-11-22 14:28:42.236 | 01:46   34ms    0M    0G  20/ 23U [BuildGas] Building REFINERY to (154.5, 39.5)
2024-11-22 14:28:42.628 | 01:46   30ms    5M    0G  20/ 23U [GameAnalyzer] Income advantage is now SlightDisadvantage
2024-11-22 14:28:43.182 | 01:48   30ms   30M    0G  20/ 23U [GameAnalyzer] Income advantage is now Even
2024-11-22 14:28:43.421 | 01:49   31ms   30M    0G  20/ 23U [GameAnalyzer] Income advantage is now SlightDisadvantage
2024-11-22 14:28:43.579 | 01:49   31ms   45M    0G  20/ 23U [GameAnalyzer] Income advantage is now Even
2024-11-22 14:28:43.744 | 01:50   34ms   45M    0G  20/ 23U [GameAnalyzer] Income advantage is now SlightDisadvantage
2024-11-22 14:28:43.822 | 01:50   35ms   55M    0G  20/ 23U [GameAnalyzer] Income advantage is now Even
2024-11-22 14:28:44.058 | 01:50   28ms   55M    0G  20/ 31U [GameAnalyzer] Income advantage is now SlightDisadvantage
2024-11-22 14:28:44.445 | 01:52   32ms   75M    0G  20/ 31U [GameAnalyzer] Income advantage is now Even
2024-11-22 14:28:44.690 | 01:52   34ms   85M    0G  20/ 31U [GameAnalyzer] Income advantage is now SlightDisadvantage
2024-11-22 14:28:44.849 | 01:52   35ms   85M    0G  20/ 31U [GameAnalyzer] Income advantage is now Even
2024-11-22 14:28:45.401 | 01:54   38ms   55M    0G  20/ 31U [TerranUnit] MARINE from BARRACKS at (165.5, 45.5)
2024-11-22 14:28:45.489 | 01:54   36ms   55M    0G  21/ 31U [GameAnalyzer] Income advantage is now SlightDisadvantage
2024-11-22 14:28:45.497 | 01:54   36ms   55M    0G  21/ 31U [DodgeRampAttack] Supply is 21 -> attack!
2024-11-22 14:28:45.499 | 01:54   36ms   55M    0G  21/ 31U [DodgeRampAttack] Attack started at 1.00 power.
2024-11-22 14:28:45.729 | 01:55   35ms   70M    0G  21/ 31U [GameAnalyzer] Income advantage is now Even
2024-11-22 14:28:45.965 | 01:56   36ms   70M    0G  21/ 31U [GameAnalyzer] Income advantage is now SlightDisadvantage
2024-11-22 14:28:46.128 | 01:56   33ms   80M    0G  21/ 31U [GameAnalyzer] Income advantage is now Even
2024-11-22 14:28:46.291 | 01:56   31ms   90M    0G  21/ 31U [GameAnalyzer] Income advantage is now SlightDisadvantage
2024-11-22 14:28:46.447 | 01:57   34ms  100M    0G  21/ 31U [GameAnalyzer] Income advantage is now Even
2024-11-22 14:28:46.696 | 01:58   36ms  100M    0G  21/ 31U [GameAnalyzer] Income advantage is now SlightDisadvantage
2024-11-22 14:28:47.014 | 01:58   35ms  115M    0G  21/ 31U [GameAnalyzer] Income advantage is now Even
2024-11-22 14:28:48.052 | 02:01   35ms  155M    0G  21/ 31U [GameAnalyzer] Income advantage is now SlightDisadvantage
2024-11-22 14:28:48.296 | 02:02   33ms  170M    0G  21/ 31U [GameAnalyzer] Income advantage is now Even
2024-11-22 14:28:48.544 | 02:02   36ms  180M    0G  21/ 31U [GameAnalyzer] Income advantage is now SlightDisadvantage
2024-11-22 14:28:48.788 | 02:03  112ms  185M    0G  21/ 31U [GameAnalyzer] Income advantage is now Even
2024-11-22 14:28:48.790 | 02:03  112ms  135M    0G  21/ 31U [ActUnit] SCV from COMMANDCENTER at (161.5, 42.5)
2024-11-22 14:28:48.905 | 02:03   35ms  140M    0G  22/ 31U [GameAnalyzer] Income advantage is now SlightDisadvantage
2024-11-22 14:28:49.069 | 02:04   36ms  140M    0G  22/ 31U [GameAnalyzer] Income advantage is now Even
2024-11-22 14:28:49.731 | 02:05   33ms  165M    0G  22/ 31U [GameAnalyzer] Income advantage is now SlightDisadvantage
2024-11-22 14:28:49.890 | 02:06   33ms  175M    0G  22/ 31U [GameAnalyzer] Income advantage is now Even
2024-11-22 14:28:50.057 | 02:06   38ms  180M    0G  22/ 31U [GameAnalyzer] Income advantage is now SlightDisadvantage
2024-11-22 14:28:50.310 | 02:07   37ms  200M    0G  22/ 39U [GameAnalyzer] Income advantage is now Even
2024-11-22 14:28:50.474 | 02:07   33ms   50M    0G  22/ 39U [GameAnalyzer] Income advantage is now SlightDisadvantage
2024-11-22 14:28:50.798 | 02:08   33ms   60M    0G  22/ 39U [GameAnalyzer] Income advantage is now Even
2024-11-22 14:28:51.115 | 02:09   35ms   70M    0G  22/ 39U [GameAnalyzer] Income advantage is now SlightDisadvantage
2024-11-22 14:28:51.283 | 02:09   34ms   80M    0G  22/ 39U [GameAnalyzer] Income advantage is now Even
2024-11-22 14:28:51.526 | 02:10   33ms   90M    0G  22/ 39U [GameAnalyzer] Income advantage is now SlightDisadvantage
2024-11-22 14:28:51.695 | 02:11   32ms  100M    0G  22/ 39U [GameAnalyzer] Income advantage is now Even
2024-11-22 14:28:52.018 | 02:11   34ms  130M    0G  22/ 39U [GameAnalyzer] Income advantage is now SlightDisadvantage
2024-11-22 14:28:52.101 | 02:12   37ms  140M    0G  22/ 39U [GameAnalyzer] Income advantage is now Even
2024-11-22 14:28:52.185 | 02:12   36ms   90M    0G  22/ 39U [TerranUnit] MARINE from BARRACKS at (165.5, 45.5)
2024-11-22 14:28:52.359 | 02:12   38ms   90M    0G  23/ 39U [GameAnalyzer] Income advantage is now SlightDisadvantage
2024-11-22 14:28:52.446 | 02:13   36ms  100M    0G  23/ 39U [GameAnalyzer] Income advantage is now Even
2024-11-22 14:28:52.777 | 02:13   34ms  105M    0G  23/ 39U [GameAnalyzer] Income advantage is now SlightDisadvantage
2024-11-22 14:28:52.862 | 02:13   37ms  105M    0G  23/ 39U [GameAnalyzer] Income advantage is now Even
2024-11-22 14:28:53.111 | 02:14   34ms  120M    4G  23/ 39U [GameAnalyzer] Income advantage is now SlightDisadvantage
2024-11-22 14:28:53.269 | 02:15   35ms  130M    4G  23/ 39U [GameAnalyzer] Income advantage is now Even
2024-11-22 14:28:53.524 | 02:15   34ms  135M    4G  23/ 39U [GameAnalyzer] Income advantage is now SlightDisadvantage
2024-11-22 14:28:53.526 | 02:15   34ms   85M    4G  23/ 39U [ActUnit] SCV from COMMANDCENTER at (161.5, 42.5)
2024-11-22 14:28:53.617 | 02:15   39ms   90M    8G  24/ 39U [GameAnalyzer] Income advantage is now Even
2024-11-22 14:28:54.052 | 02:17   35ms  105M    8G  24/ 39U [GameAnalyzer] Income advantage is now SlightDisadvantage
2024-11-22 14:28:54.141 | 02:17   39ms  105M    8G  24/ 39U [GameAnalyzer] Income advantage is now Even
2024-11-22 14:28:54.143 | 02:17   39ms  105M    8G  24/ 39U [ChatManager] Tag:E_zergling
2024-11-22 14:28:54.500 | 02:18   39ms  115M   12G  24/ 39U [GameAnalyzer] Income advantage is now SlightDisadvantage
2024-11-22 14:28:54.662 | 02:18   37ms  125M   12G  24/ 39U [GameAnalyzer] Income advantage is now Even
2024-11-22 14:28:54.937 | 02:19   36ms  160M   16G  24/ 39U [GameAnalyzer] Income advantage is now SlightDisadvantage
2024-11-22 14:28:55.300 | 02:19   36ms  165M   16G  24/ 39U [GameAnalyzer] Income advantage is now Even
2024-11-22 14:28:55.396 | 02:20   40ms  170M   20G  24/ 39U [GameAnalyzer] Income advantage is now SlightDisadvantage
2024-11-22 14:28:55.758 | 02:21   34ms  190M   20G  24/ 39U [GameAnalyzer] Income advantage is now Even
2024-11-22 14:28:55.952 | 02:21   38ms  190M   20G  24/ 39U [GameAnalyzer] Income advantage is now SlightDisadvantage
2024-11-22 14:28:56.133 | 02:21   37ms  205M   24G  24/ 39U [GameAnalyzer] Income advantage is now Even
2024-11-22 14:28:56.309 | 02:22   34ms   60M   24G  23/ 39U [GameAnalyzer] Income advantage is now SlightDisadvantage
2024-11-22 14:28:56.805 | 02:23   37ms   70M   28G  23/ 39U [GameAnalyzer] Income advantage is now Even
2024-11-22 14:28:56.895 | 02:23   36ms   70M   28G  23/ 39U [GameAnalyzer] Income advantage is now SlightDisadvantage
2024-11-22 14:28:57.143 | 02:24   34ms   80M   28G  23/ 39U [GameAnalyzer] Income advantage is now Even
2024-11-22 14:28:57.236 | 02:24   35ms   80M   32G  23/ 39U [GameAnalyzer] Income advantage is now SlightDisadvantage
2024-11-22 14:28:58.247 | 02:27   36ms  145M   36G  23/ 39U [GameAnalyzer] Income advantage is now Even
2024-11-22 14:28:58.335 | 02:27   41ms  145M   40G  23/ 39U [GameAnalyzer] Income advantage is now SlightDisadvantage
2024-11-22 14:28:58.581 | 02:27   35ms  160M   40G  23/ 39U [GameAnalyzer] Income advantage is now Even
2024-11-22 14:28:58.583 | 02:27   35ms  110M   40G  23/ 39U [ActUnit] SCV from COMMANDCENTER at (161.5, 42.5)
2024-11-22 14:28:58.926 | 02:28   38ms  115M   40G  24/ 39U [GameAnalyzer] Income advantage is now SlightDisadvantage
2024-11-22 14:28:59.011 | 02:29   36ms  120M   44G  24/ 39U [GameAnalyzer] Income advantage is now Even
2024-11-22 14:28:59.185 | 02:29   37ms  120M   44G  24/ 39U [GameAnalyzer] Income advantage is now SlightDisadvantage
2024-11-22 14:28:59.358 | 02:30   35ms  125M   44G  24/ 39U [GameAnalyzer] Income advantage is now Even
2024-11-22 14:28:59.449 | 02:30   40ms  130M   44G  24/ 39U [GameAnalyzer] Income advantage is now SlightDisadvantage
2024-11-22 14:28:59.451 | 02:30   40ms   80M   44G  24/ 39U [TerranUnit] MARINE from BARRACKS at (165.5, 45.5)
2024-11-22 14:28:59.901 | 02:31   36ms  110M   48G  25/ 54U [GameAnalyzer] Income advantage is now Even
2024-11-22 14:29:00.771 | 02:33   39ms  155M   52G  25/ 54U [GameAnalyzer] Income advantage is now SlightDisadvantage
2024-11-22 14:29:00.858 | 02:33   42ms  155M   56G  25/ 54U [GameAnalyzer] Income advantage is now Even
2024-11-22 14:29:01.296 | 02:34   38ms  170M   56G  25/ 54U [GameAnalyzer] Income advantage is now SlightDisadvantage
2024-11-22 14:29:01.384 | 02:34   42ms  170M   60G  25/ 54U [GameAnalyzer] Income advantage is now Even
2024-11-22 14:29:01.648 | 02:35   41ms  185M   60G  25/ 54U [GameAnalyzer] Income advantage is now SlightDisadvantage
2024-11-22 14:29:01.736 | 02:35   40ms  200M   60G  25/ 54U [GameAnalyzer] Income advantage is now Even
2024-11-22 14:29:01.831 | 02:36   41ms   50M   60G  25/ 54U [GameAnalyzer] Income advantage is now SlightDisadvantage
2024-11-22 14:29:01.916 | 02:36   41ms   55M   60G  25/ 54U [GameAnalyzer] Income advantage is now Even
2024-11-22 14:29:02.181 | 02:36   38ms   60M   64G  25/ 54U [GameAnalyzer] Income advantage is now SlightDisadvantage
2024-11-22 14:29:02.272 | 02:37   38ms   65M   64G  25/ 54U [GameAnalyzer] Income advantage is now Even
2024-11-22 14:29:02.525 | 02:37   39ms   70M   64G  25/ 54U [GameAnalyzer] Income advantage is now SlightDisadvantage
2024-11-22 14:29:02.607 | 02:37   36ms   80M   68G  25/ 54U [GameAnalyzer] Income advantage is now Even
2024-11-22 14:29:03.120 | 02:38   48ms   90M   68G  25/ 54U [GameAnalyzer] Income advantage is now SlightDisadvantage
2024-11-22 14:29:03.215 | 02:39   39ms   95M   68G  25/ 54U [GameAnalyzer] Income advantage is now Even
2024-11-22 14:29:03.494 | 02:39   48ms  100M   72G  25/ 54U [GameAnalyzer] Income advantage is now SlightDisadvantage
2024-11-22 14:29:03.891 | 02:40   72ms  110M   72G  25/ 54U [GameAnalyzer] Income advantage is now Even
2024-11-22 14:29:03.986 | 02:40   41ms   65M   72G  25/ 54U [ActUnit] SCV from COMMANDCENTER at (161.5, 42.5)
2024-11-22 14:29:04.084 | 02:40   42ms   90M   72G  26/ 54U [GameAnalyzer] Income advantage is now SlightDisadvantage
2024-11-22 14:29:04.397 | 02:41   39ms  110M   76G  26/ 54U [GameAnalyzer] Income advantage is now Even
2024-11-22 14:29:06.612 | 02:45   40ms  170M   88G  26/ 54U [GameAnalyzer] Income advantage is now SlightDisadvantage
2024-11-22 14:29:06.804 | 02:46   39ms  190M   88G  26/ 54U [GameAnalyzer] Income advantage is now Even
2024-11-22 14:29:07.173 | 02:46   40ms   70M   92G  26/ 54U [GameAnalyzer] Income advantage is now SlightDisadvantage
2024-11-22 14:29:07.263 | 02:46   39ms   70M   92G  26/ 54U [GameAnalyzer] Income advantage is now Even
2024-11-22 14:29:08.270 | 02:49   42ms  105M   96G  26/ 54U [GameAnalyzer] Income advantage is now SlightDisadvantage
2024-11-22 14:29:08.272 | 02:49   42ms   55M   96G  26/ 54U [TerranUnit] MARINE from BARRACKS at (165.5, 45.5)
2024-11-22 14:29:08.452 | 02:49   37ms   70M  100G  27/ 54U [GameAnalyzer] Income advantage is now Even
2024-11-22 14:29:08.653 | 02:50   40ms   70M  100G  27/ 54U [GameAnalyzer] Income advantage is now SlightDisadvantage
2024-11-22 14:29:08.917 | 02:50   40ms   90M  100G  27/ 54U [GameAnalyzer] Income advantage is now Even
2024-11-22 14:29:09.660 | 02:52   41ms   60M  108G  27/ 54U [ActUnit] SCV from COMMANDCENTER at (161.5, 42.5)
2024-11-22 14:29:10.126 | 02:53   43ms   95M  108G  28/ 54U [GameAnalyzer] Income advantage is now SlightDisadvantage
2024-11-22 14:29:10.220 | 02:53   41ms   95M  108G  28/ 54U [GameAnalyzer] Income advantage is now Even
2024-11-22 14:29:10.614 | 02:54   43ms  110M  112G  28/ 54U [GameAnalyzer] Income advantage is now SlightDisadvantage
2024-11-22 14:29:10.895 | 02:55   45ms  125M  112G  28/ 54U [GameAnalyzer] Income advantage is now Even
2024-11-22 14:29:11.092 | 02:55   41ms  130M  112G  28/ 54U [GameAnalyzer] Income advantage is now SlightDisadvantage
2024-11-22 14:29:11.370 | 02:56   39ms  150M  116G  28/ 54U [GameAnalyzer] Income advantage is now Even
2024-11-22 14:29:11.652 | 02:56   41ms  100M  116G  28/ 54U [TerranUnit] MARINE from BARRACKS at (160.5, 50.5)
2024-11-22 14:29:12.873 | 02:59  122ms  160M  124G  29/ 54U [GameAnalyzer] Income advantage is now SlightDisadvantage
2024-11-22 14:29:13.064 | 02:59   42ms  170M  124G  29/ 54U [GameAnalyzer] Income advantage is now Even
2024-11-22 14:29:13.362 | 03:00   44ms  175M  128G  29/ 54U [GameAnalyzer] Income advantage is now SlightDisadvantage
2024-11-22 14:29:13.456 | 03:00   44ms  190M  128G  29/ 54U [GameAnalyzer] Income advantage is now Even
2024-11-22 14:29:13.554 | 03:00   40ms  145M  128G  29/ 54U [ActUnit] SCV from COMMANDCENTER at (163.5, 74.5)
2024-11-22 14:29:14.212 | 03:02   42ms  150M  132G  30/ 54U [GameAnalyzer] Income advantage is now SlightDisadvantage
2024-11-22 14:29:14.326 | 03:02   51ms  155M  132G  30/ 54U [GameAnalyzer] Income advantage is now Even
2024-11-22 14:29:15.623 | 03:04   50ms  140M  140G  30/ 54U [ActUnit] SCV from COMMANDCENTER at (161.5, 42.5)
2024-11-22 14:29:16.985 | 03:07   44ms   60M  148G  31/ 54U [GameAnalyzer] Income advantage is now SlightDisadvantage
2024-11-22 14:29:16.986 | 03:07   44ms   60M  148G  31/ 54U [GameAnalyzer] Known army advantage is now SmallAdvantage
2024-11-22 14:29:16.987 | 03:07   44ms   60M  148G  31/ 54U [GameAnalyzer] Predicted army advantage is now SlightAdvantage
2024-11-22 14:29:17.100 | 03:07   46ms   75M  148G  31/ 54U [GameAnalyzer] Income advantage is now Even
2024-11-22 14:29:18.146 | 03:09   49ms   80M  152G  31/ 54U [TerranUnit] MARINE from BARRACKS at (165.5, 45.5)
2024-11-22 14:29:19.239 | 03:11   43ms   60M  156G  32/ 54U [TerranUnit] MARINE from BARRACKS at (153.5, 44.5)
2024-11-22 14:29:19.246 | 03:11   43ms   60M  156G  32/ 54U [BuildAddon] UnitTypeId.BARRACKSREACTOR to (156.0, 44.0)
2024-11-22 14:29:19.371 | 03:11   54ms   65M  156G  33/ 54U [GameAnalyzer] Income advantage is now SlightDisadvantage
2024-11-22 14:29:19.606 | 03:11   41ms   75M  160G  33/ 54U [GameAnalyzer] Income advantage is now Even
2024-11-22 14:29:20.121 | 03:13   40ms   55M  160G  33/ 54U [ActUnit] SCV from COMMANDCENTER at (163.5, 74.5)
2024-11-22 14:29:20.869 | 03:14   38ms   65M  168G  34/ 54U [BuildAddon] UnitTypeId.BARRACKSREACTOR to (163.0, 50.0)
2024-11-22 14:29:21.992 | 03:17   44ms   60M  122G  34/ 54U [ActUnit] SCV from COMMANDCENTER at (161.5, 42.5)
2024-11-22 14:29:25.979 | 03:25  116ms  235M  146G  35/ 54U [ActUnit] SCV from COMMANDCENTER at (163.5, 74.5)
2024-11-22 14:29:26.926 | 03:27   43ms  275M  150G  36/ 54U [GameAnalyzer] Predicted army advantage is now SmallAdvantage
2024-11-22 14:29:26.927 | 03:27   43ms  225M  150G  36/ 54U [TerranUnit] MARINE from BARRACKS at (165.5, 45.5)
2024-11-22 14:29:26.932 | 03:27   43ms  225M  150G  36/ 54U [BuildAddon] UnitTypeId.BARRACKSREACTOR to (168.0, 45.0)
2024-11-22 14:29:27.910 | 03:29   49ms  205M  154G  37/ 54U [TerranUnit] MARINE from BARRACKS at (153.5, 44.5)
2024-11-22 14:29:27.916 | 03:29   49ms  205M  154G  37/ 54U [BuildAddon] UnitTypeId.BARRACKSREACTOR to (156.0, 44.0)
2024-11-22 14:29:28.039 | 03:29   52ms  160M  158G  38/ 54U [ActUnit] SCV from COMMANDCENTER at (161.5, 42.5)
2024-11-22 14:29:31.223 | 03:35   46ms  290M  174G  39/ 54U [TerranUnit] MARINE from BARRACKS at (167.5, 51.5)
2024-11-22 14:29:31.230 | 03:35   46ms  290M  174G  39/ 54U [BuildAddon] UnitTypeId.BARRACKSREACTOR to (170.0, 51.0)
2024-11-22 14:29:32.455 | 03:37  120ms  340M  178G  40/ 54U [ActUnit] SCV from COMMANDCENTER at (163.5, 74.5)
2024-11-22 14:29:34.102 | 03:40  121ms  305M  186G  41/ 54U [GameAnalyzer] Predicted army advantage is now SlightAdvantage
2024-11-22 14:29:34.571 | 03:41   48ms  265M  190G  41/ 54U [ActUnit] SCV from COMMANDCENTER at (161.5, 42.5)
2024-11-22 14:29:36.488 | 03:45   50ms  410M  198G  42/ 54U [GameAnalyzer] Income advantage is now SlightAdvantage
2024-11-22 14:29:36.489 | 03:45   50ms  360M  198G  42/ 54U [TerranUnit] MARINE from BARRACKS at (165.5, 45.5)
2024-11-22 14:29:36.496 | 03:45   50ms  360M  198G  42/ 54U [BuildAddon] UnitTypeId.BARRACKSREACTOR to (168.0, 45.0)
2024-11-22 14:29:36.743 | 03:45   47ms  360M  202G  43/ 54U [GameAnalyzer] Income advantage is now Even
2024-11-22 14:29:36.862 | 03:45   53ms  360M  202G  43/ 54U [GameAnalyzer] Predicted army advantage is now SmallAdvantage
2024-11-22 14:29:37.535 | 03:47   47ms  340M  202G  43/ 54U [TerranUnit] MARINE from BARRACKS at (153.5, 44.5)
2024-11-22 14:29:37.542 | 03:47   47ms  340M  202G  43/ 54U [BuildAddon] UnitTypeId.BARRACKSREACTOR to (156.0, 44.0)
2024-11-22 14:29:38.950 | 03:49   49ms  405M  210G  44/ 54U [GameAnalyzer] Income advantage is now SlightAdvantage
2024-11-22 14:29:38.958 | 03:49   49ms  405M  210G  44/ 54U [Expand] Expanding to (137.5, 64.5)
2024-11-22 14:29:39.078 | 03:49   53ms   10M  210G  44/ 54U [GameAnalyzer] Income advantage is now Even
2024-11-22 14:29:40.117 | 03:51   44ms   85M  218G  44/ 54U [GameAnalyzer] Income advantage is now SlightAdvantage
2024-11-22 14:29:40.118 | 03:51   44ms   35M  218G  44/ 54U [ActUnit] SCV from COMMANDCENTER at (163.5, 74.5)
2024-11-22 14:29:40.244 | 03:51   52ms   65M  218G  45/ 54U [GameAnalyzer] Income advantage is now Even
2024-11-22 14:29:41.014 | 03:53   47ms   90M  222G  45/ 54U [GameAnalyzer] Known army advantage is now ClearAdvantage
2024-11-22 14:29:41.015 | 03:53   47ms   90M  222G  45/ 54U [GameAnalyzer] Predicted army advantage is now ClearAdvantage
2024-11-22 14:29:41.022 | 03:53   47ms   90M  222G  45/ 54U [BuildAddon] UnitTypeId.BARRACKSREACTOR to (170.0, 51.0)
2024-11-22 14:29:41.260 | 03:53   47ms   55M  172G  45/ 54U [GameAnalyzer] Income advantage is now SlightAdvantage
2024-11-22 14:29:41.381 | 03:53   52ms   10M  172G  45/ 54U [ActUnit] SCV from COMMANDCENTER at (161.5, 42.5)
2024-11-22 14:29:41.510 | 03:54   50ms   15M  172G  46/ 54U [GameAnalyzer] Income advantage is now Even
2024-11-22 14:29:42.367 | 03:55   48ms   50M  176G  46/ 54U [GameAnalyzer] Income advantage is now SlightAdvantage
2024-11-22 14:29:42.564 | 03:55   51ms   55M  180G  46/ 54U [GameAnalyzer] Income advantage is now Even
2024-11-22 14:29:43.193 | 03:57   49ms   95M  180G  46/ 54U [GameAnalyzer] Income advantage is now SmallAdvantage
2024-11-22 14:29:43.202 | 03:57   49ms   95M  180G  46/ 54U [BuildAddon] UnitTypeId.BARRACKSREACTOR to (154.0, 47.0)
2024-11-22 14:29:44.203 | 03:58   47ms   55M  138G  46/ 54U [TerranUnit] MARINE from BARRACKS at (160.5, 50.5)
2024-11-22 14:29:46.706 | 04:03   48ms   75M  146G  47/ 54U [BuildAddon] UnitTypeId.BARRACKSREACTOR to (168.0, 45.0)
2024-11-22 14:29:47.219 | 04:03   53ms    0M  100G  47/ 54U [ActUnit] SCV from COMMANDCENTER at (163.5, 74.5)
2024-11-22 14:29:48.198 | 04:05   47ms   50M  104G  48/ 62U [BuildAddon] UnitTypeId.BARRACKSREACTOR to (156.0, 44.0)
2024-11-22 14:29:48.612 | 04:06   60ms   10M   58G  48/ 62U [ActUnit] SCV from COMMANDCENTER at (161.5, 42.5)
2024-11-22 14:29:50.754 | 04:09   51ms   60M   66G  49/ 62U [TerranUnit] MARINE from BARRACKS at (160.5, 50.5)
2024-11-22 14:29:52.481 | 04:12   55ms  120M   74G  50/ 62U [GameAnalyzer] Income advantage is now ClearAdvantage
2024-11-22 14:29:52.611 | 04:12   53ms  120M   74G  50/ 62U [GameAnalyzer] Income advantage is now SmallAdvantage
2024-11-22 14:29:52.878 | 04:13   54ms  160M   74G  50/ 62U [DefensiveBuilding] Building BUNKER to (134.2990780016776, 68.34110639798688)
2024-11-22 14:29:54.710 | 04:16   53ms  120M   82G  50/ 62U [ActUnit] SCV from COMMANDCENTER at (163.5, 74.5)
2024-11-22 14:29:54.966 | 04:16   54ms   90M   86G  51/ 62U [TerranUnit] MARINE from BARRACKS at (160.5, 50.5)
2024-11-22 14:29:56.504 | 04:19   51ms   25M   90G  52/ 62U [ActUnit] SCV from COMMANDCENTER at (161.5, 42.5)
2024-11-22 14:29:58.182 | 04:21   53ms  120M   98G  53/ 62U [GameAnalyzer] Income advantage is now ClearAdvantage
2024-11-22 14:29:58.321 | 04:22   58ms  120M   98G  53/ 62U [GameAnalyzer] Income advantage is now SmallAdvantage
2024-11-22 14:29:59.627 | 04:24   52ms   80M  106G  53/ 70U [ChatManager] Tag:E_roach
2024-11-22 14:30:00.985 | 04:26   56ms  170M  110G  52/ 70U [DefensiveBuilding] Building BUNKER to (136.2990780016776, 72.34110639798688)
2024-11-22 14:30:01.454 | 04:26   54ms   75M  114G  51/ 70U [GameAnalyzer] Known army advantage is now SlightAdvantage
2024-11-22 14:30:01.455 | 04:26   54ms   75M  114G  51/ 70U [GameAnalyzer] Predicted army advantage is now SmallDisadvantage
2024-11-22 14:30:01.718 | 04:27   57ms   95M  114G  50/ 70U [GameAnalyzer] Predicted army advantage is now ClearDisadvantage
2024-11-22 14:30:01.859 | 04:27   55ms  110M  114G  50/ 70U [GameAnalyzer] Known army advantage is now SmallAdvantage
2024-11-22 14:30:01.860 | 04:27   55ms  110M  114G  50/ 70U [GameAnalyzer] Predicted army advantage is now SmallDisadvantage
2024-11-22 14:30:01.862 | 04:27   55ms   60M  114G  50/ 70U [TerranUnit] MARINE from BARRACKS at (160.5, 50.5)
2024-11-22 14:30:02.132 | 04:28   55ms  170M  114G  51/ 70U [GameAnalyzer] Known army advantage is now SlightAdvantage
2024-11-22 14:30:02.420 | 04:28   58ms  130M  118G  51/ 70U [ActUnit] SCV from COMMANDCENTER at (163.5, 74.5)
2024-11-22 14:30:02.698 | 04:28   55ms  160M  118G  51/ 70U [GameAnalyzer] Predicted army advantage is now ClearDisadvantage
2024-11-22 14:30:02.699 | 04:28   55ms  110M  118G  51/ 70U [TerranUnit] MARINE from BARRACKS at (167.5, 51.5)
2024-11-22 14:30:02.849 | 04:29   64ms   65M  118G  52/ 70U [TerranUnit] MARINE from BARRACKS at (167.5, 51.5)
2024-11-22 14:30:03.628 | 04:30   55ms  100M  122G  52/ 70U [DodgeRampAttack] Retreat started at 6.00 own local power against 7.88 enemy local power.
2024-11-22 14:30:03.891 | 04:30   60ms  110M  122G  52/ 70U [GameAnalyzer] Income advantage is now ClearAdvantage
2024-11-22 14:30:04.032 | 04:30   58ms  110M  122G  51/ 70U [GameAnalyzer] Income advantage is now SmallAdvantage
2024-11-22 14:30:04.033 | 04:30   58ms  110M  122G  51/ 70U [GameAnalyzer] Known army advantage is now Even
2024-11-22 14:30:04.317 | 04:31   67ms   80M  126G  51/ 70U [ActUnit] SCV from COMMANDCENTER at (161.5, 42.5)
2024-11-22 14:30:04.444 | 04:31   56ms   95M  126G  52/ 70U [GameAnalyzer] Income advantage is now ClearAdvantage
2024-11-22 14:30:04.584 | 04:31   56ms  100M  126G  52/ 70U [GameAnalyzer] Income advantage is now SmallAdvantage
2024-11-22 14:30:04.726 | 04:32   59ms  105M  126G  52/ 70U [GameAnalyzer] Known army advantage is now SlightDisadvantage
2024-11-22 14:30:04.937 | 04:32   64ms  110M  126G  51/ 70U [GameAnalyzer] Predicted army advantage is now OverwhelmingDisadvantage
2024-11-22 14:30:05.325 | 04:32   55ms  130M  130G  51/ 70U [GameAnalyzer] Income advantage is now ClearAdvantage
2024-11-22 14:30:05.327 | 04:32   55ms   80M  130G  51/ 70U [TerranUnit] MARINE from BARRACKS at (151.5, 47.5)
2024-11-22 14:30:05.596 | 04:33   59ms  115M  130G  52/ 70U [GameAnalyzer] Income advantage is now SmallAdvantage
2024-11-22 14:30:05.598 | 04:33   59ms   65M  130G  52/ 70U [TerranUnit] MARINE from BARRACKS at (151.5, 47.5)
2024-11-22 14:30:06.133 | 04:34   58ms  105M  134G  52/ 70U [GameAnalyzer] Income advantage is now ClearAdvantage
2024-11-22 14:30:06.134 | 04:34   58ms  105M  134G  52/ 70U [GameAnalyzer] Known army advantage is now SmallDisadvantage
2024-11-22 14:30:06.278 | 04:34   57ms   55M  134G  52/ 70U [TerranUnit] MARINE from BARRACKS at (160.5, 50.5)
2024-11-22 14:30:06.420 | 04:34   67ms   55M  134G  53/ 70U [GameAnalyzer] Income advantage is now SmallAdvantage
2024-11-22 14:30:06.758 | 04:35  135ms   65M  134G  53/ 70U [GameAnalyzer] Income advantage is now ClearAdvantage
2024-11-22 14:30:06.900 | 04:35   60ms   70M  134G  53/ 70U [GameAnalyzer] Income advantage is now SmallAdvantage
2024-11-22 14:30:07.569 | 04:36   56ms  145M  138G  50/ 70U [GameAnalyzer] Known army advantage is now ClearDisadvantage
2024-11-22 14:30:07.953 | 04:37   55ms  155M  142G  50/ 70U [GameAnalyzer] Income advantage is now ClearAdvantage
2024-11-22 14:30:08.080 | 04:37   60ms  155M  142G  50/ 70U [GameAnalyzer] Income advantage is now SmallAdvantage
2024-11-22 14:30:09.093 | 04:39   62ms  160M  146G  50/ 70U [TerranUnit] MARINE from BARRACKS at (165.5, 45.5)
2024-11-22 14:30:09.229 | 04:39   66ms  115M  146G  51/ 70U [TerranUnit] MARINE from BARRACKS at (165.5, 45.5)
2024-11-22 14:30:10.382 | 04:40  123ms  120M  150G  52/ 70U [ActUnit] SCV from COMMANDCENTER at (163.5, 74.5)
2024-11-22 14:30:10.895 | 04:41   74ms  160M  150G  53/ 70U [GameAnalyzer] Income advantage is now ClearAdvantage
2024-11-22 14:30:10.897 | 04:41   74ms  110M  150G  53/ 70U [TerranUnit] MARINE from BARRACKS at (153.5, 44.5)
2024-11-22 14:30:11.245 | 04:41   94ms   15M  154G  54/ 70U [GameAnalyzer] Income advantage is now SmallAdvantage
2024-11-22 14:30:12.372 | 04:43   60ms  100M  158G  54/ 70U [GameAnalyzer] Income advantage is now ClearAdvantage
2024-11-22 14:30:12.510 | 04:43   59ms    0M  158G  54/ 70U [GameAnalyzer] Income advantage is now SmallAdvantage
2024-11-22 14:30:13.176 | 04:45   55ms   50M  162G  54/ 78U [GameAnalyzer] Income advantage is now ClearAdvantage
2024-11-22 14:30:13.179 | 04:45   55ms    0M  162G  54/ 78U [ActUnit] SCV from COMMANDCENTER at (161.5, 42.5)
2024-11-22 14:30:13.306 | 04:45   56ms    5M  162G  55/ 78U [GameAnalyzer] Income advantage is now SmallAdvantage
2024-11-22 14:30:13.448 | 04:45   59ms    5M  162G  55/ 78U [GameAnalyzer] Known army advantage is now SmallDisadvantage
2024-11-22 14:30:13.922 | 04:46   59ms   25M  166G  55/ 78U [GameAnalyzer] Income advantage is now ClearAdvantage
2024-11-22 14:30:14.174 | 04:46   51ms   30M  166G  55/ 78U [GameAnalyzer] Income advantage is now SmallAdvantage
2024-11-22 14:30:14.443 | 04:47   65ms   45M  166G  55/ 78U [GameAnalyzer] Income advantage is now ClearAdvantage
2024-11-22 14:30:14.445 | 04:47   65ms   45M  166G  55/ 78U [GameAnalyzer] Known army advantage is now SlightDisadvantage
2024-11-22 14:30:14.581 | 04:47   57ms   50M  166G  55/ 78U [GameAnalyzer] Income advantage is now SmallAdvantage
2024-11-22 14:30:15.102 | 04:48   56ms   85M  170G  55/ 78U [GameAnalyzer] Income advantage is now ClearAdvantage
2024-11-22 14:30:15.363 | 04:48   52ms  165M  170G  55/ 78U [TerranUnit] MARINE from BARRACKS at (153.5, 44.5)
2024-11-22 14:30:15.514 | 04:48   73ms  165M  170G  56/ 78U [GameAnalyzer] Income advantage is now SmallAdvantage
2024-11-22 14:30:15.515 | 04:48   73ms  115M  170G  56/ 78U [TerranUnit] MARINE from BARRACKS at (160.5, 50.5)
2024-11-22 14:30:15.755 | 04:49   65ms   70M  174G  57/ 78U [TerranUnit] MARINE from BARRACKS at (167.5, 51.5)
2024-11-22 14:30:15.914 | 04:49   63ms   95M  174G  58/ 78U [GameAnalyzer] Income advantage is now ClearAdvantage
2024-11-22 14:30:16.071 | 04:49   73ms  105M  174G  58/ 78U [GameAnalyzer] Income advantage is now SmallAdvantage
2024-11-22 14:30:16.073 | 04:49   73ms   55M  174G  58/ 78U [TerranUnit] MARINE from BARRACKS at (167.5, 51.5)
2024-11-22 14:30:16.220 | 04:49   68ms   65M  174G  59/ 78U [GameAnalyzer] Income advantage is now ClearAdvantage
2024-11-22 14:30:16.389 | 04:49   64ms   65M  174G  59/ 78U [GameAnalyzer] Income advantage is now SmallAdvantage
2024-11-22 14:30:16.540 | 04:50   76ms   75M  174G  59/ 78U [GameAnalyzer] Income advantage is now ClearAdvantage
2024-11-22 14:30:16.542 | 04:50   76ms   75M  174G  59/ 78U [GameAnalyzer] Known army advantage is now SmallDisadvantage
2024-11-22 14:30:16.700 | 04:50   62ms  105M  178G  59/ 78U [DodgeRampAttack] Retreat stopped.
2024-11-22 14:30:16.954 | 04:50   63ms   65M  178G  59/ 78U [TerranUnit] MARINE from BARRACKS at (151.5, 47.5)
2024-11-22 14:30:17.901 | 04:51  199ms   90M  182G  60/ 78U [GameAnalyzer] Income advantage is now SmallAdvantage
2024-11-22 14:30:18.230 | 04:52   69ms  100M  182G  60/ 78U [GameAnalyzer] Income advantage is now ClearAdvantage
2024-11-22 14:30:18.865 | 04:53   62ms   30M  182G  60/ 78U [GameAnalyzer] Income advantage is now SmallAdvantage
2024-11-22 14:30:18.998 | 04:53   66ms   45M  186G  60/ 78U [GameAnalyzer] Income advantage is now ClearAdvantage
2024-11-22 14:30:19.148 | 04:53   64ms    5M  186G  60/ 78U [ActUnit] SCV from COMMANDCENTER at (163.5, 74.5)
2024-11-22 14:30:19.289 | 04:53   62ms   10M  186G  61/ 78U [GameAnalyzer] Income advantage is now SmallAdvantage
2024-11-22 14:30:19.903 | 04:54  135ms   45M  190G  61/ 78U [GameAnalyzer] Income advantage is now ClearAdvantage
2024-11-22 14:30:20.182 | 04:55   59ms   50M  190G  61/ 78U [GameAnalyzer] Income advantage is now SmallAdvantage
2024-11-22 14:30:20.462 | 04:55   59ms   70M  190G  61/ 78U [GameAnalyzer] Income advantage is now ClearAdvantage
2024-11-22 14:30:20.783 | 04:56   70ms   55M  190G  61/ 78U [TerranUnit] MARINE from BARRACKS at (151.5, 47.5)
2024-11-22 14:30:21.229 | 04:56   61ms   60M  194G  62/ 78U [GameAnalyzer] Known army advantage is now SlightDisadvantage
2024-11-22 14:30:21.376 | 04:57   62ms   65M  194G  62/ 78U [GameAnalyzer] Predicted army advantage is now ClearDisadvantage
2024-11-22 14:30:21.520 | 04:57   62ms   30M  194G  62/ 78U [ActUnit] SCV from COMMANDCENTER at (161.5, 42.5)
2024-11-22 14:30:21.887 | 04:57  141ms   60M  198G  63/ 78U [GameAnalyzer] Income advantage is now SmallAdvantage
2024-11-22 14:30:22.032 | 04:57   64ms   80M  198G  63/ 78U [GameAnalyzer] Income advantage is now ClearAdvantage
2024-11-22 14:30:22.662 | 04:58   64ms  100M  198G  63/ 78U [GameAnalyzer] Income advantage is now SmallAdvantage
2024-11-22 14:30:22.891 | 04:59   66ms   60M  198G  63/ 78U [TerranUnit] MARINE from BARRACKS at (160.5, 50.5)
2024-11-22 14:30:23.027 | 04:59  151ms   75M  202G  64/ 78U [GameAnalyzer] Income advantage is now ClearAdvantage
2024-11-22 14:30:23.028 | 04:59  151ms   75M  202G  64/ 78U [GameAnalyzer] Known army advantage is now Even
2024-11-22 14:30:23.586 | INFO     | sc2.protocol:_execute:72 - Client status changed to Status.ended (was Status.in_game)
2024-11-22 14:30:23.588 | Result: Defeat
2024-11-22 14:30:23.589 | Duration: 05:00
2024-11-22 14:30:23.590 | Step time min: 14
2024-11-22 14:30:23.591 | Step time avg: 40
2024-11-22 14:30:23.592 | Step time max: 549
2024-11-22 14:30:23.593 | [LostUnitsContents] My lost units minerals and gas: (600, 0)
2024-11-22 14:30:23.594 | [LostUnitsContents] My lost units minerals by score: 600.0
2024-11-22 14:30:23.595 | [LostUnitsContents] Enemy lost units minerals and gas: (275, 0)
2024-11-22 14:30:23.596 | [LostUnitsContents] Enemy lost units minerals by score: 275.0
2024-11-22 14:30:23.597 | [GameAnalyzerEnd] Own units:
2024-11-22 14:30:23.597 | [GameAnalyzerEnd] SCV               total:  41 alive:  40 dead:   1 
2024-11-22 14:30:23.598 | [GameAnalyzerEnd] MARINE            total:  21 alive:  10 dead:  11 
2024-11-22 14:30:23.599 | [GameAnalyzerEnd] SUPPLYDEPOT       total:   8 alive:   8 dead:   0 
2024-11-22 14:30:23.600 | [GameAnalyzerEnd] BARRACKS          total:   5 alive:   5 dead:   0 
2024-11-22 14:30:23.600 | [GameAnalyzerEnd] REACTOR           total:   5 alive:   5 dead:   0 
2024-11-22 14:30:23.601 | [GameAnalyzerEnd] MULE              total:   2 alive:   2 dead:   0 
2024-11-22 14:30:23.601 | [GameAnalyzerEnd] ORBITALCOMMAND    total:   2 alive:   2 dead:   0 
2024-11-22 14:30:23.602 | [GameAnalyzerEnd] BUNKER            total:   2 alive:   2 dead:   0 
2024-11-22 14:30:23.603 | [GameAnalyzerEnd] COMMANDCENTER     total:   1 alive:   1 dead:   0 
2024-11-22 14:30:23.604 | [GameAnalyzerEnd] REFINERY          total:   1 alive:   1 dead:   0 
2024-11-22 14:30:23.605 | [GameAnalyzerEnd] Enemy units:
2024-11-22 14:30:23.606 | [GameAnalyzerEnd] DRONE             total:  20 alive:  20 dead:   0 
2024-11-22 14:30:23.607 | [GameAnalyzerEnd] ZERGLING          total:  16 alive:   5 dead:  11 
2024-11-22 14:30:23.609 | [GameAnalyzerEnd] ROACH             total:   4 alive:   4 dead:   0 
2024-11-22 14:30:23.609 | [GameAnalyzerEnd] OVERLORD          total:   3 alive:   3 dead:   0 
2024-11-22 14:30:23.610 | [GameAnalyzerEnd] HATCHERY          total:   2 alive:   2 dead:   0 
2024-11-22 14:30:23.612 | [GameAnalyzerEnd] EXTRACTOR         total:   2 alive:   2 dead:   0 
2024-11-22 14:30:23.613 | [GameAnalyzerEnd] SPAWNINGPOOL      total:   1 alive:   1 dead:   0 
2024-11-22 14:30:23.614 | [GameAnalyzerEnd] Minerals max 390 Average 124
2024-11-22 14:30:23.615 | [GameAnalyzerEnd] Vespene max 222 Average 68
2024-11-22 14:30:23.616 | INFO     | sc2.main:_play_game:228 - Result for player 1 - Bot LadderBot(Terran): Defeat
2024-11-22 14:30:26.093 | INFO     | sc2.protocol:__request:48 - Cannot receive: Game has already ended.
2024-11-22 14:30:26.094 | INFO     | sc2.sc2process:_close_connection:231 - Closing connection at 57234...
2024-11-22 14:30:26.095 | INFO     | sc2.sc2process:kill_all:33 - kill_switch: Process cleanup for 1 processes
