2024-11-21 07:49:27.175 | INFO     | sc2.protocol:_execute:72 - Client status changed to Status.launched (was None)
2024-11-21 07:49:27.177 | INFO     | sc2.controller:create_game:37 - Creating new game
2024-11-21 07:49:27.178 | INFO     | sc2.controller:create_game:38 - Map:     Equilibrium513AIE
2024-11-21 07:49:27.178 | INFO     | sc2.controller:create_game:39 - Players: Bot LadderBot(Terran), Computer VeryHard(Zerg, RandomBuild)
2024-11-21 07:49:27.181 | INFO     | sc2.protocol:_execute:72 - Client status changed to Status.init_game (was Status.launched)
2024-11-21 07:49:38.734 | INFO     | sc2.protocol:_execute:72 - Client status changed to Status.in_game (was None)
2024-11-21 07:49:38.735 | INFO     | sc2.main:_play_game:221 - Player 1 - Bot LadderBot(Terran)
2024-11-21 07:49:39.497 | 00:00    0ms    0M    0G  12/ 15U [Version] 5.0.13.92440
2024-11-21 07:49:39.498 | 00:00    0ms    0M    0G  12/ 15U [Version] 5.0.6 Balance mod recognized.
2024-11-21 07:49:39.625 | 00:00    0ms    0M    0G  12/ 15U [ZoneManager] Map set to: MapName.Unknown from name: Equilibrium AIE and hash: 3540971.
2024-11-21 07:49:40.926 | 00:00    0ms    0M    0G  12/ 15U [Build] Att at 60
2024-11-21 07:49:40.980 | [Start] My race: Terran
2024-11-21 07:49:40.981 | [Start] Opponent race: Zerg
2024-11-21 07:49:40.982 | [Start] OpponentId: None
2024-11-21 07:49:41.414 | 00:00   17ms    0M    0G  13/ 15U [GameAnalyzer] Income advantage is now SlightDisadvantage
2024-11-21 07:49:41.535 | 00:01   16ms    0M    0G  13/ 15U [GameAnalyzer] Income advantage is now Even
2024-11-21 07:49:44.817 | 00:14   17ms   45M    0G  13/ 15U [GameAnalyzer] Income advantage is now SlightDisadvantage
2024-11-21 07:49:44.870 | 00:15   15ms   55M    0G  13/ 15U [GameAnalyzer] Income advantage is now Even
2024-11-21 07:49:44.871 | 00:15   15ms    5M    0G  13/ 15U [ActUnit] SCV from COMMANDCENTER at (177.5, 119.5)
2024-11-21 07:49:47.952 | 00:27   16ms  100M    0G  14/ 15U [ActUnit] SCV from COMMANDCENTER at (177.5, 119.5)
2024-11-21 07:49:50.548 | 00:37   16ms    0M    0G  15/ 23U [BuildGas] Building REFINERY to (184.5, 116.5)
2024-11-21 07:49:51.688 | 00:41   17ms    0M    0G  15/ 23U [ActUnit] SCV from COMMANDCENTER at (177.5, 119.5)
2024-11-21 07:49:55.085 | 00:54   18ms   85M    0G  16/ 23U [ActUnit] SCV from COMMANDCENTER at (177.5, 119.5)
2024-11-21 07:49:56.049 | 00:55   19ms  110M    0G  17/ 23U [GameAnalyzer] Income advantage is now SmallDisadvantage
2024-11-21 07:49:56.254 | 00:56   23ms  110M    0G  17/ 23U [GameAnalyzer] Income advantage is now SlightDisadvantage
2024-11-21 07:49:56.327 | 00:56   25ms  115M    0G  17/ 23U [GameAnalyzer] Income advantage is now SmallDisadvantage
2024-11-21 07:49:56.462 | 00:56   25ms  125M    0G  17/ 23U [GameAnalyzer] Income advantage is now SlightDisadvantage
2024-11-21 07:49:56.599 | 00:57   24ms  125M    0G  17/ 23U [GameAnalyzer] Income advantage is now SmallDisadvantage
2024-11-21 07:49:56.739 | 00:57   25ms  125M    0G  17/ 23U [GameAnalyzer] Income advantage is now SlightDisadvantage
2024-11-21 07:49:56.879 | 00:58   23ms  125M    0G  17/ 23U [GameAnalyzer] Income advantage is now SmallDisadvantage
2024-11-21 07:49:57.090 | 00:58   25ms  145M    0G  17/ 23U [GameAnalyzer] Income advantage is now SlightDisadvantage
2024-11-21 07:49:57.167 | 00:58   25ms  145M    0G  17/ 23U [GameAnalyzer] Income advantage is now SmallDisadvantage
2024-11-21 07:49:57.435 | 00:59   29ms  165M    0G  17/ 23U [GameAnalyzer] Income advantage is now Even
2024-11-21 07:49:57.437 | 00:59   29ms  165M    0G  17/ 23U [ChatManager] Tag:E_overlord
2024-11-21 07:49:57.528 | 00:59   37ms  165M    0G  17/ 23U [GameAnalyzer] Income advantage is now SlightDisadvantage
2024-11-21 07:49:57.761 | 01:00   30ms  170M    0G  17/ 23U [GameAnalyzer] Income advantage is now SmallDisadvantage
2024-11-21 07:49:59.744 | 01:06   27ms  180M    8G  17/ 23U [ActUnit] SCV from COMMANDCENTER at (177.5, 119.5)
2024-11-21 07:50:03.415 | 01:17   26ms  325M   36G  18/ 23U [GameAnalyzer] Predicted army advantage is now SlightDisadvantage
2024-11-21 07:50:04.009 | 01:18   25ms  290M   40G  18/ 23U [ActUnit] SCV from COMMANDCENTER at (177.5, 119.5)
2024-11-21 07:50:05.853 | 01:24   25ms  305M    6G  19/ 23U [TerranUnit] REAPER from BARRACKS at (175.5, 113.5)
2024-11-21 07:50:08.637 | 01:32   30ms  170M   30G  20/ 23U [GameAnalyzer] Income advantage is now SlightDisadvantage
2024-11-21 07:50:08.714 | 01:32   28ms  170M   30G  20/ 23U [GameAnalyzer] Income advantage is now SmallDisadvantage
2024-11-21 07:50:08.928 | 01:33   27ms  175M   30G  20/ 23U [GameAnalyzer] Income advantage is now SlightDisadvantage
2024-11-21 07:50:09.003 | 01:33   27ms  175M   34G  20/ 23U [GameAnalyzer] Income advantage is now SmallDisadvantage
2024-11-21 07:50:11.185 | 01:40   27ms  270M   50G  20/ 23U [GameAnalyzer] Income advantage is now SlightDisadvantage
2024-11-21 07:50:11.340 | 01:40   30ms  270M   50G  20/ 23U [GameAnalyzer] Income advantage is now SmallDisadvantage
2024-11-21 07:50:11.922 | 01:42   27ms  305M   54G  20/ 23U [GameAnalyzer] Income advantage is now SlightDisadvantage
2024-11-21 07:50:12.068 | 01:42   29ms  305M   58G  20/ 23U [GameAnalyzer] Income advantage is now SmallDisadvantage
2024-11-21 07:50:14.256 | 01:48   28ms  400M   74G  20/ 23U [Expand] Expanding to (184.5, 91.5)
2024-11-21 07:50:16.899 | 01:56   27ms  110M   94G  20/ 31U [GameAnalyzer] Known army advantage is now SlightAdvantage
2024-11-21 07:50:16.901 | 01:56   27ms   60M   44G  20/ 31U [TerranUnit] REAPER from BARRACKS at (175.5, 113.5)
2024-11-21 07:50:16.988 | 01:56   34ms   60M   44G  21/ 31U [DodgeRampAttack] Supply is 21 -> attack!
2024-11-21 07:50:16.989 | 01:56   34ms   60M   44G  21/ 31U [DodgeRampAttack] Attack started at 1.00 power.
2024-11-21 07:50:17.136 | 01:57   33ms   70M   44G  21/ 31U [GameAnalyzer] Income advantage is now Even
2024-11-21 07:50:17.147 | 01:57   33ms   70M   44G  21/ 31U [DodgeRampAttack] No attacking units, starting retreat
2024-11-21 07:50:19.193 | 02:02   34ms  100M   60G  21/ 31U [ActUnit] SCV from COMMANDCENTER at (177.5, 119.5)
2024-11-21 07:50:21.438 | 02:09   30ms  115M   80G  22/ 31U [GameAnalyzer] Income advantage is now SlightDisadvantage
2024-11-21 07:50:21.590 | 02:09   28ms  120M   80G  22/ 31U [GameAnalyzer] Income advantage is now Even
2024-11-21 07:50:21.898 | 02:10   31ms  130M   84G  22/ 31U [GameAnalyzer] Income advantage is now SlightDisadvantage
2024-11-21 07:50:21.977 | 02:11   31ms  135M   84G  22/ 31U [GameAnalyzer] Income advantage is now Even
2024-11-21 07:50:22.057 | 02:11   31ms  140M   84G  22/ 31U [GameAnalyzer] Income advantage is now SlightDisadvantage
2024-11-21 07:50:22.424 | 02:12   32ms  150M   88G  22/ 31U [GameAnalyzer] Income advantage is now Even
2024-11-21 07:50:22.506 | 02:12   30ms  150M   88G  22/ 31U [GameAnalyzer] Income advantage is now SlightDisadvantage
2024-11-21 07:50:23.564 | 02:15   29ms  170M   96G  22/ 31U [ActUnit] SCV from COMMANDCENTER at (177.5, 119.5)
2024-11-21 07:50:24.188 | 02:16   32ms  190M  100G  23/ 31U [GameAnalyzer] Income advantage is now Even
2024-11-21 07:50:24.268 | 02:17   31ms  190M  100G  23/ 31U [GameAnalyzer] Income advantage is now SlightDisadvantage
2024-11-21 07:50:24.367 | 02:17   31ms  190M  100G  23/ 31U [DodgeRampAttack] Retreat stopped.
2024-11-21 07:50:24.474 | 02:17   38ms  195M  100G  23/ 31U [DodgeRampAttack] Supply is 23 -> attack!
2024-11-21 07:50:24.476 | 02:17   38ms  195M  100G  23/ 31U [DodgeRampAttack] Attack started at 1.00 power.
2024-11-21 07:50:24.926 | 02:18   35ms  215M  104G  23/ 31U [GameAnalyzer] Predicted army advantage is now SlightAdvantage
2024-11-21 07:50:25.179 | 02:19   35ms  245M  104G  23/ 31U [ChatManager] Tag:E_zergling
2024-11-21 07:50:26.929 | 02:23   35ms  310M  116G  23/ 31U [GameAnalyzer] Known army advantage is now Even
2024-11-21 07:50:26.930 | 02:23   35ms  310M  116G  23/ 31U [GameAnalyzer] Predicted army advantage is now Even
2024-11-21 07:50:27.904 | 02:26   34ms  345M  124G  23/ 31U [GameAnalyzer] Income advantage is now SmallDisadvantage
2024-11-21 07:50:28.135 | 02:26   37ms  360M  128G  23/ 31U [GameAnalyzer] Income advantage is now SlightDisadvantage
2024-11-21 07:50:28.386 | 02:27   37ms  350M  128G  23/ 31U [ActUnit] SCV from COMMANDCENTER at (177.5, 119.5)
2024-11-21 07:50:28.801 | 02:28   35ms  360M  132G  24/ 31U [GameAnalyzer] Known army advantage is now SlightAdvantage
2024-11-21 07:50:28.802 | 02:28   35ms  360M  132G  24/ 31U [GameAnalyzer] Predicted army advantage is now SlightAdvantage
2024-11-21 07:50:28.804 | 02:28   35ms  310M   82G  24/ 31U [TerranUnit] REAPER from BARRACKS at (175.5, 113.5)
2024-11-21 07:50:28.813 | 02:28   35ms  310M   82G  24/ 31U [BuildAddon] UnitTypeId.BARRACKSREACTOR to (178.0, 113.0)
2024-11-21 07:50:28.905 | 02:28   57ms  310M   82G  25/ 31U [GameAnalyzer] Predicted army advantage is now SlightDisadvantage
2024-11-21 07:50:30.905 | 02:33   41ms  405M   94G  25/ 31U [Expand] Expanding to (182.5, 61.5)
2024-11-21 07:50:31.164 | 02:34   38ms    5M   98G  25/ 39U [GameAnalyzer] Income advantage is now SmallDisadvantage
2024-11-21 07:50:31.252 | 02:34   38ms    5M   98G  25/ 39U [GameAnalyzer] Income advantage is now SlightDisadvantage
2024-11-21 07:50:32.817 | 02:38   32ms   75M  106G  25/ 39U [GameAnalyzer] Income advantage is now Even
2024-11-21 07:50:32.900 | 02:38   34ms   75M  110G  25/ 39U [GameAnalyzer] Income advantage is now SlightDisadvantage
2024-11-21 07:50:33.072 | 02:39   34ms   75M  110G  25/ 39U [GameAnalyzer] Income advantage is now SmallDisadvantage
2024-11-21 07:50:33.156 | 02:39   36ms   80M  110G  25/ 39U [GameAnalyzer] Income advantage is now SlightDisadvantage
2024-11-21 07:50:33.575 | 02:40   34ms   75M  114G  25/ 39U [ActUnit] SCV from COMMANDCENTER at (177.5, 119.5)
2024-11-21 07:50:34.636 | 02:43   33ms  115M  122G  26/ 39U [GameAnalyzer] Income advantage is now Even
2024-11-21 07:50:34.721 | 02:43   36ms  115M  122G  26/ 39U [GameAnalyzer] Income advantage is now SlightDisadvantage
2024-11-21 07:50:35.430 | 02:45   40ms  140M  126G  26/ 39U [GameAnalyzer] Income advantage is now Even
2024-11-21 07:50:35.535 | 02:45   40ms  145M  126G  26/ 39U [GameAnalyzer] Income advantage is now SlightDisadvantage
2024-11-21 07:50:36.201 | 02:46   37ms  170M  130G  26/ 39U [GameAnalyzer] Income advantage is now Even
2024-11-21 07:50:36.288 | 02:47   36ms  175M  130G  26/ 39U [GameAnalyzer] Income advantage is now SlightDisadvantage
2024-11-21 07:50:37.134 | 02:49   35ms  225M  138G  26/ 39U [GameAnalyzer] Income advantage is now Even
2024-11-21 07:50:38.484 | 02:52   36ms  235M  146G  26/ 39U [ActUnit] SCV from COMMANDCENTER at (177.5, 119.5)
2024-11-21 07:50:39.339 | 02:54   36ms  265M  154G  27/ 39U [ChatManager] Tag:E_queen
2024-11-21 07:50:39.529 | 02:55   37ms  275M  154G  27/ 39U [DodgeRampAttack] Retreat started at 2.00 own local power against 2.50 enemy local power.
2024-11-21 07:50:40.597 | 02:57   37ms  340M  162G  27/ 39U [GameAnalyzer] Income advantage is now SlightAdvantage
2024-11-21 07:50:40.714 | 02:58   50ms  340M  162G  27/ 39U [GameAnalyzer] Income advantage is now Even
2024-11-21 07:50:41.445 | 02:59   39ms  380M  166G  27/ 39U [GameAnalyzer] Known army advantage is now SlightDisadvantage
2024-11-21 07:50:41.446 | 02:59   39ms  380M  166G  27/ 39U [GameAnalyzer] Predicted army advantage is now SmallDisadvantage
2024-11-21 07:50:41.883 | 03:00   36ms  335M  170G  26/ 39U [TerranUnit] MARINE from BARRACKS at (175.5, 113.5)
2024-11-21 07:50:41.888 | 03:00   36ms  335M  170G  26/ 39U [BuildAddon] UnitTypeId.BARRACKSREACTOR to (178.0, 113.0)
2024-11-21 07:50:43.447 | 03:04   36ms  410M  178G  27/ 39U [Expand] Expanding to (154.5, 100.5)
2024-11-21 07:50:45.620 | 03:09   36ms  115M  194G  27/ 54U [EnemyArmyPredicter] Predicting negative free minerals for enemy: -57
2024-11-21 07:50:45.621 | 03:09   36ms  115M  194G  27/ 54U [GameAnalyzer] Predicted army advantage is now SlightDisadvantage
2024-11-21 07:50:47.868 | 03:15   39ms  200M  206G  26/ 54U [EnemyArmyPredicter] Predicting negative free minerals for enemy: -423
2024-11-21 07:50:47.869 | 03:15   39ms  200M  206G  26/ 54U [GameAnalyzer] Known army advantage is now SmallDisadvantage
2024-11-21 07:50:47.869 | 03:15   39ms  200M  206G  26/ 54U [GameAnalyzer] Predicted army advantage is now SmallDisadvantage
2024-11-21 07:50:48.045 | 03:15   41ms   50M  206G  26/ 54U [DodgeRampAttack] Retreat stopped.
2024-11-21 07:50:48.134 | 03:15  106ms   80M  210G  26/ 54U [DodgeRampAttack] Supply is 26 -> attack!
2024-11-21 07:50:48.135 | 03:15  106ms   80M  210G  26/ 54U [DodgeRampAttack] Attack started at 1.00 power.
2024-11-21 07:50:48.598 | 03:16   40ms   50M  210G  26/ 54U [ActUnit] SCV from COMMANDCENTER at (177.5, 119.5)
2024-11-21 07:50:49.250 | 03:18   40ms   65M  214G  27/ 54U [GameAnalyzer] Income advantage is now SlightAdvantage
2024-11-21 07:50:49.434 | 03:18   40ms   80M  218G  27/ 54U [GameAnalyzer] Income advantage is now SmallAdvantage
2024-11-21 07:50:49.436 | 03:18   40ms   30M  218G  27/ 54U [TerranUnit] MARINE from BARRACKS at (175.5, 113.5)
2024-11-21 07:50:49.455 | ERROR    | sc2.main:run_bot_iteration:158 - Caught exception: 'NoneType' object has no attribute 'to_commmand'
Traceback (most recent call last):

  File "d:\Bots\DemonT\run.py", line 18, in <module>
    main()
    └ <function main at 0x000002A45B3EF380>

  File "d:\Bots\DemonT\run.py", line 13, in main
    result, opponentid = run_ladder_game(protoss_bot)
                         │               └ <sc2.player.Bot object at 0x000002A459C650D0>
                         └ <function run_ladder_game at 0x000002A43FD1E5C0>

  File "d:\Bots\DemonT\ladder.py", line 39, in run_ladder_game
    return stand_alone_game(bot), None
           │                └ <sc2.player.Bot object at 0x000002A459C650D0>
           └ <function stand_alone_game at 0x000002A458B44400>

  File "d:\Bots\DemonT\ladder.py", line 166, in stand_alone_game
    return sc2.main.run_game(sc2.maps.get(map_name), [bot, Computer(Race.Zerg, Difficulty.VeryHard)], realtime=False,)
           │   │    │        │   │    │   │           │    │        │    │     │          └ <Difficulty.VeryHard: 7>
           │   │    │        │   │    │   │           │    │        │    │     └ <enum 'Difficulty'>
           │   │    │        │   │    │   │           │    │        │    └ <Race.Zerg: 2>
           │   │    │        │   │    │   │           │    │        └ <enum 'Race'>
           │   │    │        │   │    │   │           │    └ <class 'sc2.player.Computer'>
           │   │    │        │   │    │   │           └ <sc2.player.Bot object at 0x000002A459C650D0>
           │   │    │        │   │    │   └ 'Equilibrium513AIE'
           │   │    │        │   │    └ <function get at 0x000002A458B97D80>
           │   │    │        │   └ <module 'sc2.maps' from 'd:\\Bots\\DemonT\\sc2\\maps.py'>
           │   │    │        └ <module 'sc2' from 'd:\\Bots\\DemonT\\sc2\\__init__.py'>
           │   │    └ <function run_game at 0x000002A458CF8360>
           │   └ <module 'sc2.main' from 'd:\\Bots\\DemonT\\sc2\\main.py'>
           └ <module 'sc2' from 'd:\\Bots\\DemonT\\sc2\\__init__.py'>

  File "d:\Bots\DemonT\sc2\main.py", line 496, in run_game
    result: Result = asyncio.run(_host_game(map_settings, players, **kwargs))
                     │       │   │          │             │          └ {'realtime': False}
                     │       │   │          │             └ [<sc2.player.Bot object at 0x000002A459C650D0>, <sc2.player.Computer object at 0x000002A459C67550>]
                     │       │   │          └ Map(D:\StarCraft II\maps\Equilibrium513AIE.SC2Map)
                     │       │   └ <function _host_game at 0x000002A458CDBEC0>
                     │       └ <function run at 0x000002A4419760C0>
                     └ <module 'asyncio' from 'C:\\Users\\Lena\\AppData\\Local\\Programs\\Python\\Python311\\Lib\\asyncio\\__init__.py'>

  File "C:\Users\Lena\AppData\Local\Programs\Python\Python311\Lib\asyncio\runners.py", line 190, in run
    return runner.run(main)
           │      │   └ <coroutine object _host_game at 0x000002A45B368F60>
           │      └ <function Runner.run at 0x000002A4419E60C0>
           └ <asyncio.runners.Runner object at 0x000002A45B424DD0>
  File "C:\Users\Lena\AppData\Local\Programs\Python\Python311\Lib\asyncio\runners.py", line 118, in run
    return self._loop.run_until_complete(task)
           │    │     │                  └ <Task pending name='Task-1' coro=<_host_game() running at d:\Bots\DemonT\sc2\main.py:369> cb=[_run_until_complete_cb() at C:\...
           │    │     └ <function BaseEventLoop.run_until_complete at 0x000002A4419DFBA0>
           │    └ <ProactorEventLoop running=True closed=False debug=False>
           └ <asyncio.runners.Runner object at 0x000002A45B424DD0>
  File "C:\Users\Lena\AppData\Local\Programs\Python\Python311\Lib\asyncio\base_events.py", line 640, in run_until_complete
    self.run_forever()
    │    └ <function ProactorEventLoop.run_forever at 0x000002A441EDFBA0>
    └ <ProactorEventLoop running=True closed=False debug=False>
  File "C:\Users\Lena\AppData\Local\Programs\Python\Python311\Lib\asyncio\windows_events.py", line 321, in run_forever
    super().run_forever()
  File "C:\Users\Lena\AppData\Local\Programs\Python\Python311\Lib\asyncio\base_events.py", line 607, in run_forever
    self._run_once()
    │    └ <function BaseEventLoop._run_once at 0x000002A4419E5940>
    └ <ProactorEventLoop running=True closed=False debug=False>
  File "C:\Users\Lena\AppData\Local\Programs\Python\Python311\Lib\asyncio\base_events.py", line 1922, in _run_once
    handle._run()
    │      └ <function Handle._run at 0x000002A44193AF20>
    └ <Handle Task.task_wakeup(<Future finished result=None>)>
  File "C:\Users\Lena\AppData\Local\Programs\Python\Python311\Lib\asyncio\events.py", line 80, in _run
    self._context.run(self._callback, *self._args)
    │    │            │    │           │    └ <member '_args' of 'Handle' objects>
    │    │            │    │           └ <Handle Task.task_wakeup(<Future finished result=None>)>
    │    │            │    └ <member '_callback' of 'Handle' objects>
    │    │            └ <Handle Task.task_wakeup(<Future finished result=None>)>
    │    └ <member '_context' of 'Handle' objects>
    └ <Handle Task.task_wakeup(<Future finished result=None>)>

  File "d:\Bots\DemonT\sc2\main.py", line 369, in _host_game
    result = await _play_game(players[0], client, realtime, portconfig, game_time_limit, rgb_render_config)
                   │          │           │       │         │           │                └ None
                   │          │           │       │         │           └ None
                   │          │           │       │         └ None
                   │          │           │       └ False
                   │          │           └ <sc2.client.Client object at 0x000002A459FAC6D0>
                   │          └ [<sc2.player.Bot object at 0x000002A459C650D0>, <sc2.player.Computer object at 0x000002A459C67550>]
                   └ <function _play_game at 0x000002A458CDBCE0>

  File "d:\Bots\DemonT\sc2\main.py", line 226, in _play_game
    result = await _play_game_ai(client, player_id, player.ai, realtime, game_time_limit)
                   │             │       │          │      │   │         └ None
                   │             │       │          │      │   └ False
                   │             │       │          │      └ <dummy.dummy.LadderBot object at 0x000002A459C52950>
                   │             │       │          └ <sc2.player.Bot object at 0x000002A459C650D0>
                   │             │       └ 1
                   │             └ <sc2.client.Client object at 0x000002A459FAC6D0>
                   └ <function _play_game_ai at 0x000002A458CDBBA0>

  File "d:\Bots\DemonT\sc2\main.py", line 196, in _play_game_ai
    await run_bot_iteration(iteration)  # Main bot loop
          │                 └ 890
          └ <function _play_game_ai.<locals>.run_bot_iteration at 0x000002A45B430040>

> File "d:\Bots\DemonT\sc2\main.py", line 156, in run_bot_iteration
    await ai.on_step(iteration)
          │  │       └ 890
          │  └ <function SkeletonBot.on_step at 0x000002A458DEFF60>
          └ <dummy.dummy.LadderBot object at 0x000002A459C52950>

  File "d:\Bots\DemonT\sharpy\knowledges\skeleton_bot.py", line 64, in on_step
    await self.knowledge.update(iteration)
          │    │         │      └ 890
          │    │         └ <function Knowledge.update at 0x000002A458DEEE80>
          │    └ <sharpy.knowledges.knowledge.Knowledge object at 0x000002A4578F3850>
          └ <dummy.dummy.LadderBot object at 0x000002A459C52950>

  File "d:\Bots\DemonT\sharpy\knowledges\knowledge.py", line 161, in update
    await manager.update()
          │       └ <function ActManager.update at 0x000002A458B45C60>
          └ <sharpy.managers.core.act_manager.ActManager object at 0x000002A45B47DA50>

  File "d:\Bots\DemonT\sharpy\managers\core\act_manager.py", line 32, in update
    await self._act.execute()
          │    │    └ <function BuildOrder.execute at 0x000002A45B2E7B00>
          │    └ <sharpy.plans.build_order.BuildOrder object at 0x000002A45B434190>
          └ <sharpy.managers.core.act_manager.ActManager object at 0x000002A45B47DA50>

  File "d:\Bots\DemonT\sharpy\plans\build_order.py", line 290, in execute
    if not await order.execute():
                 │     └ <function SequentialList.execute at 0x000002A45B2E71A0>
                 └ <sharpy.plans.sequential_list.SequentialList object at 0x000002A45BE9E890>

  File "d:\Bots\DemonT\sharpy\plans\sequential_list.py", line 27, in execute
    result = await order.execute()
                   │     └ <function PlanZoneGatherTerran.execute at 0x000002A45B3819E0>
                   └ <sharpy.plans.tactics.terran.zone_gather_terran.PlanZoneGatherTerran object at 0x000002A45BE96550>

  File "d:\Bots\DemonT\sharpy\plans\tactics\terran\zone_gather_terran.py", line 63, in execute
    self.combat.execute(self.gather_point)
    │    │      │       │    └ (148.5, 100.5)
    │    │      │       └ <sharpy.plans.tactics.terran.zone_gather_terran.PlanZoneGatherTerran object at 0x000002A45BE96550>
    │    │      └ <function GroupCombatManager.execute at 0x000002A45B2CD1C0>
    │    └ <sharpy.combat.group_combat_manager.GroupCombatManager object at 0x000002A459FE6290>
    └ <sharpy.plans.tactics.terran.zone_gather_terran.PlanZoneGatherTerran object at 0x000002A45BE96550>

  File "d:\Bots\DemonT\sharpy\combat\group_combat_manager.py", line 109, in execute
    self.rules.handle_groups_func(self, target, move_type)
    │    │     │                  │     │       └ <MoveType.Assault: 1>
    │    │     │                  │     └ (148.5, 100.5)
    │    │     │                  └ <sharpy.combat.group_combat_manager.GroupCombatManager object at 0x000002A459FE6290>
    │    │     └ <function DefaultMicroMethods.handle_groups at 0x000002A458E48220>
    │    └ <sharpy.combat.micro_rules.MicroRules object at 0x000002A45B414790>
    └ <sharpy.combat.group_combat_manager.GroupCombatManager object at 0x000002A459FE6290>

  File "d:\Bots\DemonT\sharpy\combat\default_micro_methods.py", line 53, in handle_groups
    combat.attack_to(group, target, move_type)
    │      │         │      │       └ <MoveType.Assault: 1>
    │      │         │      └ (148.5, 100.5)
    │      │         └ <sharpy.combat.combat_units.CombatUnits object at 0x000002A45BC4C710>
    │      └ <function GroupCombatManager.attack_to at 0x000002A45B2CD440>
    └ <sharpy.combat.group_combat_manager.GroupCombatManager object at 0x000002A459FE6290>

  File "d:\Bots\DemonT\sharpy\combat\group_combat_manager.py", line 132, in attack_to
    self.action_to(group, target, move_type, True)
    │    │         │      │       └ <MoveType.Assault: 1>
    │    │         │      └ (148.5, 100.5)
    │    │         └ <sharpy.combat.combat_units.CombatUnits object at 0x000002A45BC4C710>
    │    └ <function GroupCombatManager.action_to at 0x000002A45B2CD4E0>
    └ <sharpy.combat.group_combat_manager.GroupCombatManager object at 0x000002A459FE6290>

  File "d:\Bots\DemonT\sharpy\combat\group_combat_manager.py", line 159, in action_to
    final_action.to_commmand(unit)
    │                        └ Unit(name='Marine', tag=4367843330)
    └ None

AttributeError: 'NoneType' object has no attribute 'to_commmand'
2024-11-21 07:50:49.514 | INFO     | sc2.sc2process:_close_connection:231 - Closing connection at 57660...
2024-11-21 07:50:49.516 | INFO     | sc2.sc2process:kill_all:33 - kill_switch: Process cleanup for 1 processes
