2024-11-22 14:35:41.818 | INFO     | sc2.protocol:_execute:72 - Client status changed to Status.launched (was None)
2024-11-22 14:35:41.819 | INFO     | sc2.controller:create_game:37 - Creating new game
2024-11-22 14:35:41.820 | INFO     | sc2.controller:create_game:38 - Map:     Equilibrium513AIE
2024-11-22 14:35:41.821 | INFO     | sc2.controller:create_game:39 - Players: Bot LadderBot(Terran), Computer VeryHard(Zerg, RandomBuild)
2024-11-22 14:35:41.824 | INFO     | sc2.protocol:_execute:72 - Client status changed to Status.init_game (was Status.launched)
2024-11-22 14:35:54.063 | INFO     | sc2.protocol:_execute:72 - Client status changed to Status.in_game (was None)
2024-11-22 14:35:54.064 | INFO     | sc2.main:_play_game:221 - Player 1 - Bot LadderBot(Terran)
2024-11-22 14:35:54.874 | 00:00    0ms    0M    0G  12/ 15U [Version] 5.0.13.92440
2024-11-22 14:35:54.876 | 00:00    0ms    0M    0G  12/ 15U [Version] 5.0.6 Balance mod recognized.
2024-11-22 14:35:55.031 | 00:00    0ms    0M    0G  12/ 15U [ZoneManager] Map set to: MapName.Unknown from name: Equilibrium AIE and hash: 3540971.
2024-11-22 14:35:56.562 | 00:00    0ms    0M    0G  12/ 15U [Build] Att at 60
2024-11-22 14:35:56.633 | [Start] My race: Terran
2024-11-22 14:35:56.634 | [Start] Opponent race: Zerg
2024-11-22 14:35:56.635 | [Start] OpponentId: None
2024-11-22 14:35:57.056 | 00:00   17ms    0M    0G  13/ 15U [GameAnalyzer] Income advantage is now SlightDisadvantage
2024-11-22 14:35:57.193 | 00:01   16ms    0M    0G  13/ 15U [GameAnalyzer] Income advantage is now Even
2024-11-22 14:35:59.473 | 00:09   19ms   85M    0G  13/ 15U [GameAnalyzer] Income advantage is now SlightDisadvantage
2024-11-22 14:35:59.540 | 00:09   17ms   95M    0G  13/ 15U [GameAnalyzer] Income advantage is now Even
2024-11-22 14:36:01.123 | 00:14   17ms   45M    0G  13/ 15U [GameAnalyzer] Income advantage is now SlightDisadvantage
2024-11-22 14:36:01.241 | 00:15   15ms   60M    0G  13/ 15U [GameAnalyzer] Income advantage is now Even
2024-11-22 14:36:01.242 | 00:15   15ms   10M    0G  13/ 15U [ActUnit] SCV from COMMANDCENTER at (177.5, 119.5)
2024-11-22 14:36:04.138 | 00:26   15ms  130M    0G  14/ 15U [GameAnalyzer] Income advantage is now SlightDisadvantage
2024-11-22 14:36:04.197 | 00:26   16ms  140M    0G  14/ 15U [GameAnalyzer] Income advantage is now Even
2024-11-22 14:36:04.422 | 00:27   18ms  100M    0G  14/ 15U [ActUnit] SCV from COMMANDCENTER at (177.5, 119.5)
2024-11-22 14:36:07.778 | 00:39   18ms   45M    0G  15/ 23U [ActUnit] SCV from COMMANDCENTER at (177.5, 119.5)
2024-11-22 14:36:11.285 | 00:52   19ms  160M    0G  16/ 23U [ActUnit] SCV from COMMANDCENTER at (177.5, 119.5)
2024-11-22 14:36:13.428 | 00:57   29ms  235M    0G  17/ 23U [ChatManager] Tag:E_overlord
2024-11-22 14:36:13.759 | 00:58   26ms  245M    0G  17/ 23U [GameAnalyzer] Income advantage is now SlightAdvantage
2024-11-22 14:36:13.993 | 00:59   26ms  260M    0G  17/ 23U [GameAnalyzer] Income advantage is now Even
2024-11-22 14:36:14.829 | 01:01   28ms  290M    0G  17/ 23U [EnemyArmyPredicter] Predicting negative free minerals for enemy: -215
2024-11-22 14:36:15.793 | 01:04   28ms  285M    0G  17/ 23U [ActUnit] SCV from COMMANDCENTER at (177.5, 119.5)
2024-11-22 14:36:16.538 | 01:06   26ms  315M    0G  18/ 23U [EnemyArmyPredicter] Predicting negative free minerals for enemy: -225
2024-11-22 14:36:17.926 | 01:10   29ms  365M    0G  18/ 23U [GameAnalyzer] Income advantage is now SlightDisadvantage
2024-11-22 14:36:18.002 | 01:10   28ms  365M    0G  18/ 23U [GameAnalyzer] Income advantage is now Even
2024-11-22 14:36:18.323 | 01:11   28ms  385M    0G  18/ 23U [GameAnalyzer] Income advantage is now SlightDisadvantage
2024-11-22 14:36:18.397 | 01:11   30ms  385M    0G  18/ 23U [GameAnalyzer] Income advantage is now Even
2024-11-22 14:36:18.398 | 01:11   30ms  385M    0G  18/ 23U [GameAnalyzer] Predicted army advantage is now SlightDisadvantage
2024-11-22 14:36:18.633 | 01:12   29ms  390M    0G  18/ 23U [GameAnalyzer] Income advantage is now SlightDisadvantage
2024-11-22 14:36:18.787 | 01:12   27ms  410M    0G  18/ 23U [GameAnalyzer] Income advantage is now Even
2024-11-22 14:36:18.791 | 01:12   27ms  410M    0G  18/ 23U [Expand] Expanding to (184.5, 91.5)
2024-11-22 14:36:19.099 | 01:13   25ms   20M    0G  18/ 23U [GameAnalyzer] Income advantage is now SlightDisadvantage
2024-11-22 14:36:19.261 | 01:14   26ms   25M    0G  18/ 23U [GameAnalyzer] Income advantage is now Even
2024-11-22 14:36:19.967 | 01:16   27ms   50M    0G  18/ 23U [GameAnalyzer] Income advantage is now SlightDisadvantage
2024-11-22 14:36:20.046 | 01:16   27ms   50M    0G  18/ 23U [GameAnalyzer] Income advantage is now Even
2024-11-22 14:36:20.206 | 01:16   25ms    5M    0G  18/ 23U [ActUnit] SCV from COMMANDCENTER at (177.5, 119.5)
2024-11-22 14:36:20.365 | 01:17   29ms    5M    0G  19/ 23U [GameAnalyzer] Income advantage is now SlightDisadvantage
2024-11-22 14:36:20.524 | 01:17   27ms   25M    0G  19/ 23U [GameAnalyzer] Income advantage is now Even
2024-11-22 14:36:20.679 | 01:18   25ms   30M    0G  19/ 23U [GameAnalyzer] Income advantage is now SlightDisadvantage
2024-11-22 14:36:20.833 | 01:18   29ms   35M    0G  19/ 23U [GameAnalyzer] Income advantage is now Even
2024-11-22 14:36:21.207 | 01:19   32ms   45M    0G  19/ 23U [GameAnalyzer] Income advantage is now SmallDisadvantage
2024-11-22 14:36:21.820 | 01:21   28ms   75M    0G  19/ 23U [GameAnalyzer] Income advantage is now Even
2024-11-22 14:36:21.900 | 01:21   31ms   75M    0G  19/ 23U [GameAnalyzer] Income advantage is now SlightDisadvantage
2024-11-22 14:36:22.049 | 01:21   29ms   85M    0G  19/ 23U [GameAnalyzer] Income advantage is now Even
2024-11-22 14:36:22.272 | 01:22   30ms   95M    0G  19/ 23U [GameAnalyzer] Income advantage is now SlightDisadvantage
2024-11-22 14:36:22.421 | 01:23   27ms  100M    0G  19/ 23U [GameAnalyzer] Income advantage is now Even
2024-11-22 14:36:22.650 | 01:23   27ms  110M    0G  19/ 23U [GameAnalyzer] Income advantage is now SlightDisadvantage
2024-11-22 14:36:22.724 | 01:23   32ms  110M    0G  19/ 23U [GameAnalyzer] Income advantage is now Even
2024-11-22 14:36:22.802 | 01:24   29ms   65M    0G  19/ 23U [TerranUnit] MARINE from BARRACKS at (175.5, 113.5)
2024-11-22 14:36:23.177 | 01:25   27ms   80M    0G  20/ 23U [GameAnalyzer] Income advantage is now SlightDisadvantage
2024-11-22 14:36:23.249 | 01:25  104ms   85M    0G  20/ 23U [GameAnalyzer] Income advantage is now Even
2024-11-22 14:36:23.476 | 01:25   29ms   95M    0G  20/ 23U [GameAnalyzer] Income advantage is now SlightDisadvantage
2024-11-22 14:36:23.557 | 01:26   29ms   95M    0G  20/ 23U [GameAnalyzer] Income advantage is now Even
2024-11-22 14:36:23.866 | 01:27   30ms   10M    0G  20/ 23U [GameAnalyzer] Income advantage is now SlightDisadvantage
2024-11-22 14:36:24.077 | 01:27   37ms   15M    0G  20/ 23U [GameAnalyzer] Income advantage is now Even
2024-11-22 14:36:24.322 | 01:28   27ms   30M    0G  20/ 23U [GameAnalyzer] Income advantage is now SlightDisadvantage
2024-11-22 14:36:24.399 | 01:28   28ms   35M    0G  20/ 23U [GameAnalyzer] Income advantage is now Even
2024-11-22 14:36:24.695 | 01:29   29ms   40M    0G  20/ 23U [GameAnalyzer] Income advantage is now SlightDisadvantage
2024-11-22 14:36:24.847 | 01:29   27ms   55M    0G  20/ 23U [GameAnalyzer] Income advantage is now Even
2024-11-22 14:36:25.229 | 01:30   27ms   75M    0G  20/ 23U [GameAnalyzer] Income advantage is now SlightDisadvantage
2024-11-22 14:36:25.385 | 01:31   30ms   80M    0G  20/ 23U [GameAnalyzer] Income advantage is now Even
2024-11-22 14:36:25.539 | 01:31   27ms   80M    0G  20/ 23U [GameAnalyzer] Income advantage is now SlightDisadvantage
2024-11-22 14:36:25.617 | 01:31   30ms   85M    0G  20/ 23U [GameAnalyzer] Income advantage is now Even
2024-11-22 14:36:26.326 | 01:33   33ms  115M    0G  20/ 23U [GameAnalyzer] Income advantage is now SlightDisadvantage
2024-11-22 14:36:26.404 | 01:33   34ms  120M    0G  20/ 23U [GameAnalyzer] Income advantage is now Even
2024-11-22 14:36:26.565 | 01:34   29ms  125M    0G  20/ 23U [GameAnalyzer] Income advantage is now SlightDisadvantage
2024-11-22 14:36:26.643 | 01:34   33ms  135M    0G  20/ 23U [GameAnalyzer] Income advantage is now Even
2024-11-22 14:36:27.029 | 01:35   28ms  155M    0G  20/ 23U [GameAnalyzer] Income advantage is now SlightDisadvantage
2024-11-22 14:36:27.105 | 01:35   33ms  155M    0G  20/ 23U [GameAnalyzer] Income advantage is now Even
2024-11-22 14:36:28.267 | 01:39   31ms  200M    0G  20/ 23U [GameAnalyzer] Income advantage is now SlightDisadvantage
2024-11-22 14:36:28.348 | 01:39   34ms   55M    0G  20/ 23U [GameAnalyzer] Income advantage is now Even
2024-11-22 14:36:28.584 | 01:40   31ms   65M    0G  20/ 23U [GameAnalyzer] Income advantage is now SlightDisadvantage
2024-11-22 14:36:28.661 | 01:40   29ms   75M    0G  20/ 23U [GameAnalyzer] Income advantage is now Even
2024-11-22 14:36:29.045 | 01:41   31ms   85M    0G  20/ 23U [GameAnalyzer] Income advantage is now SlightDisadvantage
2024-11-22 14:36:29.201 | 01:41   30ms   90M    0G  20/ 23U [GameAnalyzer] Income advantage is now Even
2024-11-22 14:36:29.348 | 01:42   30ms   95M    0G  20/ 23U [GameAnalyzer] Known army advantage is now SlightAdvantage
2024-11-22 14:36:29.368 | ERROR    | sc2.main:run_bot_iteration:158 - Caught exception: 'NoneType' object has no attribute 'to_commmand'
Traceback (most recent call last):

  File "d:\Bots\DemonT\run.py", line 18, in <module>
    main()
    └ <function main at 0x000001D32131F420>

  File "d:\Bots\DemonT\run.py", line 13, in main
    result, opponentid = run_ladder_game(protoss_bot)
                         │               └ <sc2.player.Bot object at 0x000001D321347850>
                         └ <function run_ladder_game at 0x000001D305BDE5C0>

  File "d:\Bots\DemonT\ladder.py", line 39, in run_ladder_game
    return stand_alone_game(bot), None
           │                └ <sc2.player.Bot object at 0x000001D321347850>
           └ <function stand_alone_game at 0x000001D31EA78400>

  File "d:\Bots\DemonT\ladder.py", line 166, in stand_alone_game
    return sc2.main.run_game(sc2.maps.get(map_name), [bot, Computer(Race.Zerg, Difficulty.VeryHard)], realtime=False,)
           │   │    │        │   │    │   │           │    │        │    │     │          └ <Difficulty.VeryHard: 7>
           │   │    │        │   │    │   │           │    │        │    │     └ <enum 'Difficulty'>
           │   │    │        │   │    │   │           │    │        │    └ <Race.Zerg: 2>
           │   │    │        │   │    │   │           │    │        └ <enum 'Race'>
           │   │    │        │   │    │   │           │    └ <class 'sc2.player.Computer'>
           │   │    │        │   │    │   │           └ <sc2.player.Bot object at 0x000001D321347850>
           │   │    │        │   │    │   └ 'Equilibrium513AIE'
           │   │    │        │   │    └ <function get at 0x000001D31EAC7D80>
           │   │    │        │   └ <module 'sc2.maps' from 'd:\\Bots\\DemonT\\sc2\\maps.py'>
           │   │    │        └ <module 'sc2' from 'd:\\Bots\\DemonT\\sc2\\__init__.py'>
           │   │    └ <function run_game at 0x000001D31EC28360>
           │   └ <module 'sc2.main' from 'd:\\Bots\\DemonT\\sc2\\main.py'>
           └ <module 'sc2' from 'd:\\Bots\\DemonT\\sc2\\__init__.py'>

  File "d:\Bots\DemonT\sc2\main.py", line 496, in run_game
    result: Result = asyncio.run(_host_game(map_settings, players, **kwargs))
                     │       │   │          │             │          └ {'realtime': False}
                     │       │   │          │             └ [<sc2.player.Bot object at 0x000001D321347850>, <sc2.player.Computer object at 0x000001D31F67EB10>]
                     │       │   │          └ Map(D:\StarCraft II\maps\Equilibrium513AIE.SC2Map)
                     │       │   └ <function _host_game at 0x000001D31EC03EC0>
                     │       └ <function run at 0x000001D3078960C0>
                     └ <module 'asyncio' from 'C:\\Users\\Lena\\AppData\\Local\\Programs\\Python\\Python311\\Lib\\asyncio\\__init__.py'>

  File "C:\Users\Lena\AppData\Local\Programs\Python\Python311\Lib\asyncio\runners.py", line 190, in run
    return runner.run(main)
           │      │   └ <coroutine object _host_game at 0x000001D321298F60>
           │      └ <function Runner.run at 0x000001D3079160C0>
           └ <asyncio.runners.Runner object at 0x000001D31F7D0E90>
  File "C:\Users\Lena\AppData\Local\Programs\Python\Python311\Lib\asyncio\runners.py", line 118, in run
    return self._loop.run_until_complete(task)
           │    │     │                  └ <Task pending name='Task-1' coro=<_host_game() running at d:\Bots\DemonT\sc2\main.py:369> cb=[_run_until_complete_cb() at C:\...
           │    │     └ <function BaseEventLoop.run_until_complete at 0x000001D30790FBA0>
           │    └ <ProactorEventLoop running=True closed=False debug=False>
           └ <asyncio.runners.Runner object at 0x000001D31F7D0E90>
  File "C:\Users\Lena\AppData\Local\Programs\Python\Python311\Lib\asyncio\base_events.py", line 640, in run_until_complete
    self.run_forever()
    │    └ <function ProactorEventLoop.run_forever at 0x000001D307E0FBA0>
    └ <ProactorEventLoop running=True closed=False debug=False>
  File "C:\Users\Lena\AppData\Local\Programs\Python\Python311\Lib\asyncio\windows_events.py", line 321, in run_forever
    super().run_forever()
  File "C:\Users\Lena\AppData\Local\Programs\Python\Python311\Lib\asyncio\base_events.py", line 607, in run_forever
    self._run_once()
    │    └ <function BaseEventLoop._run_once at 0x000001D307915940>
    └ <ProactorEventLoop running=True closed=False debug=False>
  File "C:\Users\Lena\AppData\Local\Programs\Python\Python311\Lib\asyncio\base_events.py", line 1922, in _run_once
    handle._run()
    │      └ <function Handle._run at 0x000001D30785AF20>
    └ <Handle Task.task_wakeup(<Future finished result=None>)>
  File "C:\Users\Lena\AppData\Local\Programs\Python\Python311\Lib\asyncio\events.py", line 80, in _run
    self._context.run(self._callback, *self._args)
    │    │            │    │           │    └ <member '_args' of 'Handle' objects>
    │    │            │    │           └ <Handle Task.task_wakeup(<Future finished result=None>)>
    │    │            │    └ <member '_callback' of 'Handle' objects>
    │    │            └ <Handle Task.task_wakeup(<Future finished result=None>)>
    │    └ <member '_context' of 'Handle' objects>
    └ <Handle Task.task_wakeup(<Future finished result=None>)>

  File "d:\Bots\DemonT\sc2\main.py", line 369, in _host_game
    result = await _play_game(players[0], client, realtime, portconfig, game_time_limit, rgb_render_config)
                   │          │           │       │         │           │                └ None
                   │          │           │       │         │           └ None
                   │          │           │       │         └ None
                   │          │           │       └ False
                   │          │           └ <sc2.client.Client object at 0x000001D31FBB79D0>
                   │          └ [<sc2.player.Bot object at 0x000001D321347850>, <sc2.player.Computer object at 0x000001D31F67EB10>]
                   └ <function _play_game at 0x000001D31EC03CE0>

  File "d:\Bots\DemonT\sc2\main.py", line 226, in _play_game
    result = await _play_game_ai(client, player_id, player.ai, realtime, game_time_limit)
                   │             │       │          │      │   │         └ None
                   │             │       │          │      │   └ False
                   │             │       │          │      └ <dummy.dummy.LadderBot object at 0x000001D3210AA950>
                   │             │       │          └ <sc2.player.Bot object at 0x000001D321347850>
                   │             │       └ 1
                   │             └ <sc2.client.Client object at 0x000001D31FBB79D0>
                   └ <function _play_game_ai at 0x000001D31EC03BA0>

  File "d:\Bots\DemonT\sc2\main.py", line 196, in _play_game_ai
    await run_bot_iteration(iteration)  # Main bot loop
          │                 └ 457
          └ <function _play_game_ai.<locals>.run_bot_iteration at 0x000001D3213600E0>

> File "d:\Bots\DemonT\sc2\main.py", line 156, in run_bot_iteration
    await ai.on_step(iteration)
          │  │       └ 457
          │  └ <function SkeletonBot.on_step at 0x000001D31ED1FF60>
          └ <dummy.dummy.LadderBot object at 0x000001D3210AA950>

  File "d:\Bots\DemonT\sharpy\knowledges\skeleton_bot.py", line 64, in on_step
    await self.knowledge.update(iteration)
          │    │         │      └ 457
          │    │         └ <function Knowledge.update at 0x000001D31ED1EE80>
          │    └ <sharpy.knowledges.knowledge.Knowledge object at 0x000001D3058FDF90>
          └ <dummy.dummy.LadderBot object at 0x000001D3210AA950>

  File "d:\Bots\DemonT\sharpy\knowledges\knowledge.py", line 161, in update
    await manager.update()
          │       └ <function ActManager.update at 0x000001D31EA79C60>
          └ <sharpy.managers.core.act_manager.ActManager object at 0x000001D3213AE0D0>

  File "d:\Bots\DemonT\sharpy\managers\core\act_manager.py", line 32, in update
    await self._act.execute()
          │    │    └ <function BuildOrder.execute at 0x000001D321217B00>
          │    └ <sharpy.plans.build_order.BuildOrder object at 0x000001D31FB71F90>
          └ <sharpy.managers.core.act_manager.ActManager object at 0x000001D3213AE0D0>

  File "d:\Bots\DemonT\sharpy\plans\build_order.py", line 290, in execute
    if not await order.execute():
                 │     └ <function SequentialList.execute at 0x000001D3212171A0>
                 └ <sharpy.plans.sequential_list.SequentialList object at 0x000001D321DCA950>

  File "d:\Bots\DemonT\sharpy\plans\sequential_list.py", line 27, in execute
    result = await order.execute()
                   │     └ <function PlanZoneGatherTerran.execute at 0x000001D3212B19E0>
                   └ <sharpy.plans.tactics.terran.zone_gather_terran.PlanZoneGatherTerran object at 0x000001D321DC28D0>

  File "d:\Bots\DemonT\sharpy\plans\tactics\terran\zone_gather_terran.py", line 63, in execute
    self.combat.execute(self.gather_point)
    │    │      │       │    └ (178.5, 92.5)
    │    │      │       └ <sharpy.plans.tactics.terran.zone_gather_terran.PlanZoneGatherTerran object at 0x000001D321DC28D0>
    │    │      └ <function GroupCombatManager.execute at 0x000001D3212011C0>
    │    └ <sharpy.combat.group_combat_manager.GroupCombatManager object at 0x000001D321344650>
    └ <sharpy.plans.tactics.terran.zone_gather_terran.PlanZoneGatherTerran object at 0x000001D321DC28D0>

  File "d:\Bots\DemonT\sharpy\combat\group_combat_manager.py", line 109, in execute
    self.rules.handle_groups_func(self, target, move_type)
    │    │     │                  │     │       └ <MoveType.Assault: 1>
    │    │     │                  │     └ (178.5, 92.5)
    │    │     │                  └ <sharpy.combat.group_combat_manager.GroupCombatManager object at 0x000001D321344650>
    │    │     └ <function DefaultMicroMethods.handle_groups at 0x000001D31ED78220>
    │    └ <sharpy.combat.micro_rules.MicroRules object at 0x000001D3213446D0>
    └ <sharpy.combat.group_combat_manager.GroupCombatManager object at 0x000001D321344650>

  File "d:\Bots\DemonT\sharpy\combat\default_micro_methods.py", line 53, in handle_groups
    combat.attack_to(group, target, move_type)
    │      │         │      │       └ <MoveType.Assault: 1>
    │      │         │      └ (178.5, 92.5)
    │      │         └ <sharpy.combat.combat_units.CombatUnits object at 0x000001D321ECDDD0>
    │      └ <function GroupCombatManager.attack_to at 0x000001D321201440>
    └ <sharpy.combat.group_combat_manager.GroupCombatManager object at 0x000001D321344650>

  File "d:\Bots\DemonT\sharpy\combat\group_combat_manager.py", line 132, in attack_to
    self.action_to(group, target, move_type, True)
    │    │         │      │       └ <MoveType.Assault: 1>
    │    │         │      └ (178.5, 92.5)
    │    │         └ <sharpy.combat.combat_units.CombatUnits object at 0x000001D321ECDDD0>
    │    └ <function GroupCombatManager.action_to at 0x000001D3212014E0>
    └ <sharpy.combat.group_combat_manager.GroupCombatManager object at 0x000001D321344650>

  File "d:\Bots\DemonT\sharpy\combat\group_combat_manager.py", line 159, in action_to
    final_action.to_commmand(unit)
    │                        └ Unit(name='Marine', tag=4357619715)
    └ None

AttributeError: 'NoneType' object has no attribute 'to_commmand'
2024-11-22 14:36:29.432 | INFO     | sc2.sc2process:_close_connection:231 - Closing connection at 58115...
2024-11-22 14:36:29.434 | INFO     | sc2.sc2process:kill_all:33 - kill_switch: Process cleanup for 1 processes
