2024-11-22 14:15:15.872 | INFO     | sc2.protocol:_execute:72 - Client status changed to Status.launched (was None)
2024-11-22 14:15:15.873 | INFO     | sc2.controller:create_game:37 - Creating new game
2024-11-22 14:15:15.874 | INFO     | sc2.controller:create_game:38 - Map:     HardLead513AIE
2024-11-22 14:15:15.875 | INFO     | sc2.controller:create_game:39 - Players: Bot LadderBot(Terran), Computer VeryHard(Zerg, RandomBuild)
2024-11-22 14:15:15.878 | INFO     | sc2.protocol:_execute:72 - Client status changed to Status.init_game (was Status.launched)
2024-11-22 14:15:28.853 | INFO     | sc2.protocol:_execute:72 - Client status changed to Status.in_game (was None)
2024-11-22 14:15:28.854 | INFO     | sc2.main:_play_game:221 - Player 1 - Bot LadderBot(Terran)
2024-11-22 14:15:29.641 | 00:00    0ms    0M    0G  12/ 15U [Version] 5.0.13.92440
2024-11-22 14:15:29.642 | 00:00    0ms    0M    0G  12/ 15U [Version] 5.0.6 Balance mod recognized.
2024-11-22 14:15:29.777 | 00:00    0ms    0M    0G  12/ 15U [ZoneManager] Map set to: MapName.Unknown from name: Hard Lead AIE and hash: 3179994.
2024-11-22 14:15:30.924 | 00:00    0ms    0M    0G  12/ 15U [Build] Att at 40
2024-11-22 14:15:30.974 | [Start] My race: Terran
2024-11-22 14:15:30.975 | [Start] Opponent race: Zerg
2024-11-22 14:15:30.975 | [Start] OpponentId: None
2024-11-22 14:15:31.325 | 00:00   13ms    0M    0G  13/ 15U [GameAnalyzer] Income advantage is now SlightDisadvantage
2024-11-22 14:15:31.452 | 00:01   14ms    0M    0G  13/ 15U [GameAnalyzer] Income advantage is now Even
2024-11-22 14:15:34.864 | 00:15   16ms    0M    0G  13/ 15U [ActUnit] SCV from COMMANDCENTER at (130.5, 34.5)
2024-11-22 14:15:38.088 | 00:27   16ms  105M    0G  14/ 15U [ActUnit] SCV from COMMANDCENTER at (130.5, 34.5)
2024-11-22 14:15:41.328 | 00:38   20ms   20M    0G  15/ 23U [BuildGas] Building REFINERY to (126.5, 27.5)
2024-11-22 14:15:41.910 | 00:40   20ms    0M    0G  15/ 23U [ActUnit] SCV from COMMANDCENTER at (130.5, 34.5)
2024-11-22 14:15:45.531 | 00:52   20ms   85M    0G  16/ 23U [ActUnit] SCV from COMMANDCENTER at (130.5, 34.5)
2024-11-22 14:15:49.273 | 01:04   19ms  185M    0G  17/ 23U [ActUnit] SCV from COMMANDCENTER at (130.5, 34.5)
2024-11-22 14:15:52.121 | 01:11   21ms  260M   16G  18/ 23U [GameAnalyzer] Income advantage is now SmallDisadvantage
2024-11-22 14:15:52.284 | 01:11   28ms  270M   20G  18/ 23U [GameAnalyzer] Income advantage is now SlightDisadvantage
2024-11-22 14:15:52.368 | 01:11   31ms  275M   20G  18/ 23U [GameAnalyzer] Income advantage is now SmallDisadvantage
2024-11-22 14:15:52.593 | 01:12   30ms  280M   20G  18/ 23U [GameAnalyzer] Income advantage is now SlightDisadvantage
2024-11-22 14:15:52.769 | 01:12   30ms  285M   20G  18/ 23U [GameAnalyzer] Income advantage is now SmallDisadvantage
2024-11-22 14:15:53.008 | 01:13   30ms  295M   24G  18/ 23U [GameAnalyzer] Income advantage is now SlightDisadvantage
2024-11-22 14:15:53.334 | 01:14   26ms  295M   24G  18/ 23U [GameAnalyzer] Income advantage is now SmallDisadvantage
2024-11-22 14:15:53.417 | 01:14   26ms  300M   24G  18/ 23U [GameAnalyzer] Income advantage is now SlightDisadvantage
2024-11-22 14:15:53.814 | 01:15   26ms  315M   28G  18/ 23U [GameAnalyzer] Income advantage is now SmallDisadvantage
2024-11-22 14:15:53.980 | 01:15   34ms  320M   28G  18/ 23U [ChatManager] Tag:E_overlord
2024-11-22 14:15:54.167 | 01:16   27ms  335M   32G  18/ 23U [GameAnalyzer] Income advantage is now SlightDisadvantage
2024-11-22 14:15:54.240 | 01:16   34ms  335M   32G  18/ 23U [GameAnalyzer] Income advantage is now Even
2024-11-22 14:15:54.424 | 01:17   29ms  340M   32G  18/ 23U [GameAnalyzer] Predicted army advantage is now SlightDisadvantage
2024-11-22 14:15:54.426 | 01:17   29ms  290M   32G  18/ 23U [ActUnit] SCV from COMMANDCENTER at (130.5, 34.5)
2024-11-22 14:15:54.929 | 01:18   96ms  305M   36G  19/ 23U [GameAnalyzer] Income advantage is now SlightDisadvantage
2024-11-22 14:15:55.023 | 01:18   29ms  305M   36G  19/ 23U [GameAnalyzer] Income advantage is now Even
2024-11-22 14:15:55.303 | 01:19   30ms  310M   36G  19/ 23U [GameAnalyzer] Income advantage is now SlightDisadvantage
2024-11-22 14:15:55.596 | 01:19   38ms  325M   40G  19/ 23U [GameAnalyzer] Income advantage is now Even
2024-11-22 14:15:55.717 | 01:19   42ms  325M   40G  19/ 23U [GameAnalyzer] Income advantage is now SlightDisadvantage
2024-11-22 14:15:56.117 | 01:20   34ms  340M   44G  19/ 23U [GameAnalyzer] Income advantage is now Even
2024-11-22 14:15:56.451 | 01:21   26ms  350M   44G  19/ 23U [GameAnalyzer] Income advantage is now SlightDisadvantage
2024-11-22 14:15:56.615 | 01:22   27ms  360M   48G  19/ 23U [GameAnalyzer] Income advantage is now Even
2024-11-22 14:15:56.712 | 01:22   34ms  360M   48G  19/ 23U [GameAnalyzer] Income advantage is now SlightDisadvantage
2024-11-22 14:15:57.264 | 01:23   33ms  375M   52G  19/ 23U [GameAnalyzer] Income advantage is now SmallDisadvantage
2024-11-22 14:15:57.580 | 01:24   38ms  385M   52G  19/ 23U [GameAnalyzer] Income advantage is now SlightDisadvantage
2024-11-22 14:15:57.671 | 01:24   28ms  390M   52G  19/ 23U [GameAnalyzer] Income advantage is now SmallDisadvantage
2024-11-22 14:15:57.927 | 01:25   27ms  395M   56G  19/ 23U [GameAnalyzer] Income advantage is now SlightDisadvantage
2024-11-22 14:15:58.030 | 01:25   36ms  400M   56G  19/ 23U [Expand] Expanding to (102.5, 30.5)
2024-11-22 14:15:58.126 | 01:25   34ms    5M   56G  19/ 23U [GameAnalyzer] Income advantage is now SmallDisadvantage
2024-11-22 14:15:59.305 | 01:28   29ms   45M   64G  19/ 23U [GameAnalyzer] Income advantage is now SlightDisadvantage
2024-11-22 14:15:59.387 | 01:28   31ms   45M   64G  19/ 23U [GameAnalyzer] Income advantage is now SmallDisadvantage
2024-11-22 14:15:59.708 | 01:29   28ms   55M   68G  19/ 23U [GameAnalyzer] Income advantage is now SlightDisadvantage
2024-11-22 14:15:59.952 | 01:29  107ms   60M   68G  19/ 23U [GameAnalyzer] Income advantage is now SmallDisadvantage
2024-11-22 14:16:00.211 | 01:30   34ms   75M   68G  19/ 23U [GameAnalyzer] Income advantage is now SlightDisadvantage
2024-11-22 14:16:00.303 | 01:30   31ms   75M   72G  19/ 23U [GameAnalyzer] Income advantage is now SmallDisadvantage
2024-11-22 14:16:00.703 | 01:31   30ms   90M   72G  19/ 23U [GameAnalyzer] Income advantage is now SlightDisadvantage
2024-11-22 14:16:00.785 | 01:32   27ms   90M   72G  19/ 23U [GameAnalyzer] Income advantage is now SmallDisadvantage
2024-11-22 14:16:01.020 | 01:32   27ms  100M   76G  19/ 23U [GameAnalyzer] Income advantage is now SlightDisadvantage
2024-11-22 14:16:01.106 | 01:33   29ms    0M   76G  19/ 23U [GameAnalyzer] Income advantage is now SmallDisadvantage
2024-11-22 14:16:01.192 | 01:33   30ms    5M   76G  19/ 23U [GameAnalyzer] Income advantage is now Even
2024-11-22 14:16:01.669 | 01:34   28ms   20M   80G  19/ 23U [GameAnalyzer] Income advantage is now SlightDisadvantage
2024-11-22 14:16:01.748 | 01:34   27ms   30M   80G  19/ 23U [GameAnalyzer] Income advantage is now Even
2024-11-22 14:16:02.883 | 01:37   28ms   60M   88G  19/ 23U [GameAnalyzer] Income advantage is now SlightDisadvantage
2024-11-22 14:16:02.962 | 01:38   27ms   70M   92G  19/ 23U [GameAnalyzer] Income advantage is now Even
2024-11-22 14:16:03.276 | 01:39   28ms   75M   92G  19/ 23U [GameAnalyzer] Income advantage is now SlightDisadvantage
2024-11-22 14:16:03.353 | 01:39   29ms   85M   92G  19/ 23U [GameAnalyzer] Income advantage is now Even
2024-11-22 14:16:03.972 | 01:41   27ms   55M   96G  19/ 23U [TerranUnit] MARINE from BARRACKS at (127.5, 39.5)
2024-11-22 14:16:06.032 | 01:46   33ms  130M  112G  20/ 23U [GameAnalyzer] Income advantage is now SlightDisadvantage
2024-11-22 14:16:06.153 | 01:47   34ms  135M  116G  20/ 23U [GameAnalyzer] Income advantage is now Even
2024-11-22 14:16:07.748 | 01:51   31ms  190M  124G  20/ 23U [GameAnalyzer] Income advantage is now SlightDisadvantage
2024-11-22 14:16:07.826 | 01:51   32ms  195M  128G  20/ 23U [GameAnalyzer] Income advantage is now Even
2024-11-22 14:16:09.279 | 01:55   28ms    0M  136G  20/ 23U [GameAnalyzer] Income advantage is now SlightDisadvantage
2024-11-22 14:16:09.356 | 01:55   29ms   10M  136G  20/ 23U [GameAnalyzer] Income advantage is now Even
2024-11-22 14:16:09.742 | 01:56   26ms   20M  140G  20/ 23U [GameAnalyzer] Income advantage is now SlightDisadvantage
2024-11-22 14:16:09.820 | 01:57   28ms   25M  140G  20/ 23U [GameAnalyzer] Income advantage is now Even
2024-11-22 14:16:10.420 | 01:58   29ms   45M  144G  20/ 23U [GameAnalyzer] Income advantage is now SlightDisadvantage
2024-11-22 14:16:10.501 | 01:58   29ms   45M  148G  20/ 23U [GameAnalyzer] Known army advantage is now SlightAdvantage
2024-11-22 14:16:10.520 | ERROR    | sc2.main:run_bot_iteration:158 - Caught exception: 'NoneType' object has no attribute 'to_commmand'
Traceback (most recent call last):

  File "d:\Bots\DemonT\run.py", line 18, in <module>
    main()
    └ <function main at 0x000002185195F380>

  File "d:\Bots\DemonT\run.py", line 13, in main
    result, opponentid = run_ladder_game(protoss_bot)
                         │               └ <sc2.player.Bot object at 0x000002185175D0D0>
                         └ <function run_ladder_game at 0x00000218362EE5C0>

  File "d:\Bots\DemonT\ladder.py", line 39, in run_ladder_game
    return stand_alone_game(bot), None
           │                └ <sc2.player.Bot object at 0x000002185175D0D0>
           └ <function stand_alone_game at 0x000002184F0B4400>

  File "d:\Bots\DemonT\ladder.py", line 166, in stand_alone_game
    return sc2.main.run_game(sc2.maps.get(map_name), [bot, Computer(Race.Zerg, Difficulty.VeryHard)], realtime=False,)
           │   │    │        │   │    │   │           │    │        │    │     │          └ <Difficulty.VeryHard: 7>
           │   │    │        │   │    │   │           │    │        │    │     └ <enum 'Difficulty'>
           │   │    │        │   │    │   │           │    │        │    └ <Race.Zerg: 2>
           │   │    │        │   │    │   │           │    │        └ <enum 'Race'>
           │   │    │        │   │    │   │           │    └ <class 'sc2.player.Computer'>
           │   │    │        │   │    │   │           └ <sc2.player.Bot object at 0x000002185175D0D0>
           │   │    │        │   │    │   └ 'HardLead513AIE'
           │   │    │        │   │    └ <function get at 0x000002184F107D80>
           │   │    │        │   └ <module 'sc2.maps' from 'd:\\Bots\\DemonT\\sc2\\maps.py'>
           │   │    │        └ <module 'sc2' from 'd:\\Bots\\DemonT\\sc2\\__init__.py'>
           │   │    └ <function run_game at 0x000002184F26C360>
           │   └ <module 'sc2.main' from 'd:\\Bots\\DemonT\\sc2\\main.py'>
           └ <module 'sc2' from 'd:\\Bots\\DemonT\\sc2\\__init__.py'>

  File "d:\Bots\DemonT\sc2\main.py", line 496, in run_game
    result: Result = asyncio.run(_host_game(map_settings, players, **kwargs))
                     │       │   │          │             │          └ {'realtime': False}
                     │       │   │          │             └ [<sc2.player.Bot object at 0x000002185175D0D0>, <sc2.player.Computer object at 0x0000021850417550>]
                     │       │   │          └ Map(D:\StarCraft II\maps\HardLead513AIE.SC2Map)
                     │       │   └ <function _host_game at 0x000002184F243EC0>
                     │       └ <function run at 0x0000021837F460C0>
                     └ <module 'asyncio' from 'C:\\Users\\Lena\\AppData\\Local\\Programs\\Python\\Python311\\Lib\\asyncio\\__init__.py'>

  File "C:\Users\Lena\AppData\Local\Programs\Python\Python311\Lib\asyncio\runners.py", line 190, in run
    return runner.run(main)
           │      │   └ <coroutine object _host_game at 0x00000218518CCF60>
           │      └ <function Runner.run at 0x0000021837FB60C0>
           └ <asyncio.runners.Runner object at 0x0000021851995250>
  File "C:\Users\Lena\AppData\Local\Programs\Python\Python311\Lib\asyncio\runners.py", line 118, in run
    return self._loop.run_until_complete(task)
           │    │     │                  └ <Task pending name='Task-1' coro=<_host_game() running at d:\Bots\DemonT\sc2\main.py:369> cb=[_run_until_complete_cb() at C:\...
           │    │     └ <function BaseEventLoop.run_until_complete at 0x0000021837FAFBA0>
           │    └ <ProactorEventLoop running=True closed=False debug=False>
           └ <asyncio.runners.Runner object at 0x0000021851995250>
  File "C:\Users\Lena\AppData\Local\Programs\Python\Python311\Lib\asyncio\base_events.py", line 640, in run_until_complete
    self.run_forever()
    │    └ <function ProactorEventLoop.run_forever at 0x000002183847FBA0>
    └ <ProactorEventLoop running=True closed=False debug=False>
  File "C:\Users\Lena\AppData\Local\Programs\Python\Python311\Lib\asyncio\windows_events.py", line 321, in run_forever
    super().run_forever()
  File "C:\Users\Lena\AppData\Local\Programs\Python\Python311\Lib\asyncio\base_events.py", line 607, in run_forever
    self._run_once()
    │    └ <function BaseEventLoop._run_once at 0x0000021837FB5940>
    └ <ProactorEventLoop running=True closed=False debug=False>
  File "C:\Users\Lena\AppData\Local\Programs\Python\Python311\Lib\asyncio\base_events.py", line 1922, in _run_once
    handle._run()
    │      └ <function Handle._run at 0x0000021837F0AF20>
    └ <Handle Task.task_wakeup(<Future finished result=None>)>
  File "C:\Users\Lena\AppData\Local\Programs\Python\Python311\Lib\asyncio\events.py", line 80, in _run
    self._context.run(self._callback, *self._args)
    │    │            │    │           │    └ <member '_args' of 'Handle' objects>
    │    │            │    │           └ <Handle Task.task_wakeup(<Future finished result=None>)>
    │    │            │    └ <member '_callback' of 'Handle' objects>
    │    │            └ <Handle Task.task_wakeup(<Future finished result=None>)>
    │    └ <member '_context' of 'Handle' objects>
    └ <Handle Task.task_wakeup(<Future finished result=None>)>

  File "d:\Bots\DemonT\sc2\main.py", line 369, in _host_game
    result = await _play_game(players[0], client, realtime, portconfig, game_time_limit, rgb_render_config)
                   │          │           │       │         │           │                └ None
                   │          │           │       │         │           └ None
                   │          │           │       │         └ None
                   │          │           │       └ False
                   │          │           └ <sc2.client.Client object at 0x0000021851742C10>
                   │          └ [<sc2.player.Bot object at 0x000002185175D0D0>, <sc2.player.Computer object at 0x0000021850417550>]
                   └ <function _play_game at 0x000002184F243CE0>

  File "d:\Bots\DemonT\sc2\main.py", line 226, in _play_game
    result = await _play_game_ai(client, player_id, player.ai, realtime, game_time_limit)
                   │             │       │          │      │   │         └ None
                   │             │       │          │      │   └ False
                   │             │       │          │      └ <dummy.dummy.LadderBot object at 0x000002183600DF90>
                   │             │       │          └ <sc2.player.Bot object at 0x000002185175D0D0>
                   │             │       └ 1
                   │             └ <sc2.client.Client object at 0x0000021851742C10>
                   └ <function _play_game_ai at 0x000002184F243BA0>

  File "d:\Bots\DemonT\sc2\main.py", line 196, in _play_game_ai
    await run_bot_iteration(iteration)  # Main bot loop
          │                 └ 533
          └ <function _play_game_ai.<locals>.run_bot_iteration at 0x00000218519A0180>

> File "d:\Bots\DemonT\sc2\main.py", line 156, in run_bot_iteration
    await ai.on_step(iteration)
          │  │       └ 533
          │  └ <function SkeletonBot.on_step at 0x000002184F35FF60>
          └ <dummy.dummy.LadderBot object at 0x000002183600DF90>

  File "d:\Bots\DemonT\sharpy\knowledges\skeleton_bot.py", line 64, in on_step
    await self.knowledge.update(iteration)
          │    │         │      └ 533
          │    │         └ <function Knowledge.update at 0x000002184F35EE80>
          │    └ <sharpy.knowledges.knowledge.Knowledge object at 0x000002183605B7D0>
          └ <dummy.dummy.LadderBot object at 0x000002183600DF90>

  File "d:\Bots\DemonT\sharpy\knowledges\knowledge.py", line 161, in update
    await manager.update()
          │       └ <function ActManager.update at 0x000002184F0B5C60>
          └ <sharpy.managers.core.act_manager.ActManager object at 0x00000218519EF410>

  File "d:\Bots\DemonT\sharpy\managers\core\act_manager.py", line 32, in update
    await self._act.execute()
          │    │    └ <function BuildOrder.execute at 0x0000021851857B00>
          │    └ <sharpy.plans.build_order.BuildOrder object at 0x00000218519EE710>
          └ <sharpy.managers.core.act_manager.ActManager object at 0x00000218519EF410>

  File "d:\Bots\DemonT\sharpy\plans\build_order.py", line 290, in execute
    if not await order.execute():
                 │     └ <function SequentialList.execute at 0x00000218518571A0>
                 └ <sharpy.plans.sequential_list.SequentialList object at 0x0000021852356BD0>

  File "d:\Bots\DemonT\sharpy\plans\sequential_list.py", line 27, in execute
    result = await order.execute()
                   │     └ <function PlanZoneDefense.execute at 0x00000218518A8720>
                   └ <sharpy.plans.tactics.zone_defense.PlanZoneDefense object at 0x0000021852346210>

  File "d:\Bots\DemonT\sharpy\plans\tactics\zone_defense.py", line 125, in execute
    self.combat.execute(enemy_center, MoveType.SearchAndDestroy)
    │    │      │       │             │        └ <MoveType.SearchAndDestroy: 0>
    │    │      │       │             └ <enum 'MoveType'>
    │    │      │       └ (120.671142578125, 38.5322265625)
    │    │      └ <function GroupCombatManager.execute at 0x00000218518411C0>
    │    └ <sharpy.combat.group_combat_manager.GroupCombatManager object at 0x00000218501D5B50>
    └ <sharpy.plans.tactics.zone_defense.PlanZoneDefense object at 0x0000021852346210>

  File "d:\Bots\DemonT\sharpy\combat\group_combat_manager.py", line 109, in execute
    self.rules.handle_groups_func(self, target, move_type)
    │    │     │                  │     │       └ <MoveType.SearchAndDestroy: 0>
    │    │     │                  │     └ (120.671142578125, 38.5322265625)
    │    │     │                  └ <sharpy.combat.group_combat_manager.GroupCombatManager object at 0x00000218501D5B50>
    │    │     └ <function DefaultMicroMethods.handle_groups at 0x000002184F3B4220>
    │    └ <sharpy.combat.micro_rules.MicroRules object at 0x0000021851984810>
    └ <sharpy.combat.group_combat_manager.GroupCombatManager object at 0x00000218501D5B50>

  File "d:\Bots\DemonT\sharpy\combat\default_micro_methods.py", line 53, in handle_groups
    combat.attack_to(group, target, move_type)
    │      │         │      │       └ <MoveType.SearchAndDestroy: 0>
    │      │         │      └ (120.671142578125, 38.5322265625)
    │      │         └ <sharpy.combat.combat_units.CombatUnits object at 0x0000021852378590>
    │      └ <function GroupCombatManager.attack_to at 0x0000021851841440>
    └ <sharpy.combat.group_combat_manager.GroupCombatManager object at 0x00000218501D5B50>

  File "d:\Bots\DemonT\sharpy\combat\group_combat_manager.py", line 132, in attack_to
    self.action_to(group, target, move_type, True)
    │    │         │      │       └ <MoveType.SearchAndDestroy: 0>
    │    │         │      └ (120.671142578125, 38.5322265625)
    │    │         └ <sharpy.combat.combat_units.CombatUnits object at 0x0000021852378590>
    │    └ <function GroupCombatManager.action_to at 0x00000218518414E0>
    └ <sharpy.combat.group_combat_manager.GroupCombatManager object at 0x00000218501D5B50>

  File "d:\Bots\DemonT\sharpy\combat\group_combat_manager.py", line 159, in action_to
    final_action.to_commmand(unit)
    │                        └ Unit(name='Marine', tag=4356833282)
    └ None

AttributeError: 'NoneType' object has no attribute 'to_commmand'
2024-11-22 14:16:10.586 | INFO     | sc2.sc2process:_close_connection:231 - Closing connection at 55771...
2024-11-22 14:16:10.587 | INFO     | sc2.sc2process:kill_all:33 - kill_switch: Process cleanup for 1 processes
