2025-01-18 08:02:49.863 | INFO     | sc2.protocol:_execute:72 - Client status changed to Status.launched (was None)
2025-01-18 08:02:49.865 | INFO     | sc2.controller:create_game:37 - Creating new game
2025-01-18 08:02:49.866 | INFO     | sc2.controller:create_game:38 - Map:     EphemeronAIE
2025-01-18 08:02:49.867 | INFO     | sc2.controller:create_game:39 - Players: Bot LadderBot(Terran), Computer CheatVision(Zerg, Macro)
2025-01-18 08:02:49.870 | INFO     | sc2.protocol:_execute:72 - Client status changed to Status.init_game (was Status.launched)
2025-01-18 08:03:01.703 | INFO     | sc2.protocol:_execute:72 - Client status changed to Status.in_game (was None)
2025-01-18 08:03:01.704 | INFO     | sc2.main:_play_game:221 - Player 1 - Bot LadderBot(Terran)
2025-01-18 08:03:02.464 | 00:00    0ms    0M    0G  12/ 15U [Version] 5.0.14.93333
2025-01-18 08:03:02.603 | 00:00    0ms    0M    0G  12/ 15U [ZoneManager] Map set to: MapName.Unknown from name: Эфемерон РВ and hash: 3713648.
2025-01-18 08:03:03.751 | [Start] My race: Terran
2025-01-18 08:03:03.752 | [Start] Opponent race: Zerg
2025-01-18 08:03:03.752 | [Start] OpponentId: None
2025-01-18 08:03:04.143 | 00:00   15ms    0M    0G  13/ 15U [GameAnalyzer] Income advantage is now SlightDisadvantage
2025-01-18 08:03:04.249 | 00:01   13ms    0M    0G  13/ 15U [GameAnalyzer] Income advantage is now Even
2025-01-18 08:03:07.609 | 00:14   19ms    0M    0G  13/ 15U [TerranUnit] SCV from COMMANDCENTER at (29.5, 138.5)
2025-01-18 08:03:09.204 | 00:21   16ms    0M    0G  14/ 15U [BuildGas] Building REFINERY to (22.5, 135.5)
2025-01-18 08:03:10.576 | 00:27   15ms   20M    0G  14/ 15U [TerranUnit] SCV from COMMANDCENTER at (29.5, 138.5)
2025-01-18 08:03:14.806 | 00:42   22ms    0M    0G  15/ 23U [TerranUnit] SCV from COMMANDCENTER at (29.5, 138.5)
2025-01-18 08:03:18.401 | 00:54   18ms   85M   20G  16/ 23U [TerranUnit] SCV from COMMANDCENTER at (29.5, 138.5)
2025-01-18 08:03:21.765 | 01:06   18ms  185M   52G  17/ 23U [TerranUnit] SCV from COMMANDCENTER at (29.5, 138.5)
2025-01-18 08:03:25.932 | 01:19   24ms  295M   88G  18/ 23U [TerranUnit] SCV from COMMANDCENTER at (29.5, 138.5)
2025-01-18 08:03:28.778 | 01:28   23ms  420M  112G  19/ 23U [GameAnalyzer] Income advantage is now SlightAdvantage
2025-01-18 08:03:28.845 | 01:28   23ms  420M  112G  19/ 23U [GameAnalyzer] Income advantage is now Even
2025-01-18 08:03:30.150 | 01:32   23ms  330M  124G  19/ 23U [GameAnalyzer] Income advantage is now SlightAdvantage
2025-01-18 08:03:30.222 | 01:33   24ms  330M  124G  19/ 23U [GameAnalyzer] Income advantage is now Even
2025-01-18 08:03:30.419 | 01:33   23ms  345M  124G  19/ 23U [GameAnalyzer] Income advantage is now SlightAdvantage
2025-01-18 08:03:30.486 | 01:33   25ms  345M  128G  19/ 23U [GameAnalyzer] Income advantage is now Even
2025-01-18 08:03:30.873 | 01:35   22ms  370M  128G  19/ 23U [GameAnalyzer] Income advantage is now SlightAdvantage
2025-01-18 08:03:30.999 | 01:35   21ms  370M  132G  19/ 23U [GameAnalyzer] Income advantage is now Even
2025-01-18 08:03:31.461 | 01:37   21ms  400M  136G  19/ 23U [Expand] Expanding to (29.5, 111.5)
2025-01-18 08:03:33.304 | 01:43   24ms   90M  152G  19/ 23U [GameAnalyzer] Income advantage is now SlightAdvantage
2025-01-18 08:03:33.384 | 01:43   30ms   90M  152G  19/ 23U [GameAnalyzer] Income advantage is now Even
2025-01-18 08:03:33.534 | 01:43   25ms   95M  152G  19/ 23U [GameAnalyzer] Income advantage is now SmallAdvantage
2025-01-18 08:03:34.219 | 01:45   26ms   15M  160G  19/ 23U [GameAnalyzer] Income advantage is now SlightAdvantage
2025-01-18 08:03:34.288 | 01:46   28ms   30M  160G  19/ 23U [GameAnalyzer] Income advantage is now SmallAdvantage
2025-01-18 08:03:34.868 | 01:47   22ms   55M  164G  19/ 23U [GameAnalyzer] Income advantage is now SlightAdvantage
2025-01-18 08:03:34.936 | 01:48   25ms   60M  164G  19/ 23U [GameAnalyzer] Income advantage is now SmallAdvantage
2025-01-18 08:03:35.991 | 01:50   27ms   90M  172G  19/ 23U [GameAnalyzer] Income advantage is now SlightAdvantage
2025-01-18 08:03:36.067 | 01:50   23ms  100M  172G  19/ 23U [GameAnalyzer] Income advantage is now SmallAdvantage
2025-01-18 08:03:37.312 | 01:54   97ms    0M  184G  19/ 23U [GameAnalyzer] Income advantage is now SlightAdvantage
2025-01-18 08:03:37.390 | 01:54   21ms   10M  184G  19/ 23U [GameAnalyzer] Income advantage is now SmallAdvantage
2025-01-18 08:03:37.610 | 01:55   21ms   10M  184G  19/ 23U [GameAnalyzer] Income advantage is now SlightAdvantage
2025-01-18 08:03:37.761 | 01:56   25ms   20M  188G  19/ 23U [GameAnalyzer] Income advantage is now SmallAdvantage
2025-01-18 08:03:37.908 | 01:56   22ms   30M  188G  19/ 23U [GameAnalyzer] Income advantage is now SlightAdvantage
2025-01-18 08:03:38.004 | 01:56   25ms   35M  188G  19/ 23U [GameAnalyzer] Income advantage is now SmallAdvantage
2025-01-18 08:03:38.274 | 01:57   20ms   45M  192G  19/ 23U [GameAnalyzer] Income advantage is now SlightAdvantage
2025-01-18 08:03:38.352 | 01:57   23ms    0M  192G  19/ 23U [ActUnit] SCV from COMMANDCENTER at (29.5, 138.5)
2025-01-18 08:03:38.416 | 01:58   24ms    5M  192G  20/ 23U [GameAnalyzer] Income advantage is now SmallAdvantage
2025-01-18 08:03:38.729 | 01:58   21ms   15M  192G  20/ 23U [GameAnalyzer] Income advantage is now SlightAdvantage
2025-01-18 08:03:38.795 | 01:59   22ms   15M  196G  20/ 23U [GameAnalyzer] Income advantage is now SmallAdvantage
2025-01-18 08:03:40.030 | 02:03   20ms   70M  204G  20/ 23U [GameAnalyzer] Income advantage is now SlightAdvantage
2025-01-18 08:03:40.096 | 02:03   23ms   75M  208G  20/ 23U [GameAnalyzer] Income advantage is now SmallAdvantage
2025-01-18 08:03:40.423 | 02:04   20ms   85M  208G  20/ 23U [GameAnalyzer] Income advantage is now SlightAdvantage
2025-01-18 08:03:40.553 | 02:05   20ms  120M  212G  20/ 23U [GameAnalyzer] Income advantage is now SmallAdvantage
2025-01-18 08:03:41.147 | 02:06   25ms  140M  216G  20/ 23U [GameAnalyzer] Income advantage is now SlightAdvantage
2025-01-18 08:03:41.214 | 02:07   25ms  145M  216G  20/ 23U [GameAnalyzer] Income advantage is now SmallAdvantage
2025-01-18 08:03:41.416 | 02:07   21ms    5M  216G  20/ 23U [GameAnalyzer] Income advantage is now SlightAdvantage
2025-01-18 08:03:41.617 | 02:08   23ms   20M  220G  20/ 23U [GameAnalyzer] Income advantage is now SmallAdvantage
2025-01-18 08:03:41.813 | 02:09   20ms   25M  220G  20/ 23U [GameAnalyzer] Income advantage is now SlightAdvantage
2025-01-18 08:03:41.946 | 02:09   21ms   30M  224G  20/ 23U [GameAnalyzer] Income advantage is now SmallAdvantage
2025-01-18 08:03:42.022 | 02:09   22ms   30M  224G  20/ 23U [GameAnalyzer] Income advantage is now SlightAdvantage
2025-01-18 08:03:42.096 | 02:09   22ms   35M  224G  20/ 31U [GameAnalyzer] Income advantage is now SmallAdvantage
2025-01-18 08:03:42.598 | 02:11   24ms    0M  228G  20/ 31U [ActUnit] SCV from COMMANDCENTER at (29.5, 138.5)
2025-01-18 08:03:42.681 | 02:11   26ms   30M  228G  21/ 31U [DodgeRampAttack] Supply is 21 -> attack!
2025-01-18 08:03:42.682 | 02:11   26ms   30M  228G  21/ 31U [DodgeRampAttack] Attack started at 0.00 power.
2025-01-18 08:03:42.843 | 02:11   25ms   35M  228G  21/ 31U [DodgeRampAttack] No attacking units, starting retreat
2025-01-18 08:03:43.743 | 02:15   21ms    0M  236G  21/ 31U [BuildGas] Building REFINERY to (32.5, 145.5)
2025-01-18 08:03:44.006 | 02:15   21ms   10M  240G  21/ 31U [GameAnalyzer] Income advantage is now SlightAdvantage
2025-01-18 08:03:44.073 | 02:16   23ms   10M  240G  21/ 31U [GameAnalyzer] Income advantage is now SmallAdvantage
2025-01-18 08:03:44.274 | 02:16   23ms   20M  244G  21/ 31U [GameAnalyzer] Income advantage is now SlightAdvantage
2025-01-18 08:03:44.341 | 02:17   22ms   35M  244G  21/ 31U [GameAnalyzer] Income advantage is now SmallAdvantage
2025-01-18 08:03:45.621 | 02:21   23ms  100M  252G  21/ 31U [GameAnalyzer] Income advantage is now SlightAdvantage
2025-01-18 08:03:45.718 | 02:21   27ms  105M  256G  21/ 31U [GameAnalyzer] Income advantage is now SmallAdvantage
2025-01-18 08:03:46.088 | 02:22   22ms  125M  256G  21/ 31U [GameAnalyzer] Income advantage is now SlightAdvantage
2025-01-18 08:03:46.157 | 02:22   23ms  125M  260G  21/ 31U [GameAnalyzer] Income advantage is now SmallAdvantage
2025-01-18 08:03:46.568 | 02:23   22ms   95M  260G  21/ 31U [ActUnit] SCV from COMMANDCENTER at (29.5, 138.5)
2025-01-18 08:03:46.778 | 02:24   22ms   95M  264G  22/ 31U [GameAnalyzer] Income advantage is now SlightAdvantage
2025-01-18 08:03:46.877 | 02:24   26ms   95M  264G  22/ 31U [GameAnalyzer] Income advantage is now SmallAdvantage
2025-01-18 08:03:47.538 | 02:26   24ms    5M  168G  22/ 31U [GameAnalyzer] Income advantage is now SlightAdvantage
2025-01-18 08:03:47.615 | 02:26   25ms   10M  168G  22/ 31U [GameAnalyzer] Income advantage is now SmallAdvantage
2025-01-18 08:03:48.467 | 02:29   22ms   35M  176G  22/ 31U [GameAnalyzer] Income advantage is now SlightAdvantage
2025-01-18 08:03:48.529 | 02:29   24ms   35M  176G  22/ 31U [GameAnalyzer] Income advantage is now SmallAdvantage
2025-01-18 08:03:48.735 | 02:30   23ms    0M  130G  22/ 31U [TerranUnit] REAPER from BARRACKS at (34.5, 139.5)
2025-01-18 08:03:49.299 | 02:32   22ms   45M  134G  23/ 31U [DodgeRampAttack] Retreat stopped.
2025-01-18 08:03:49.370 | 02:32   24ms   50M  134G  23/ 31U [DodgeRampAttack] Supply is 23 -> attack!
2025-01-18 08:03:49.371 | 02:32   24ms   50M  134G  23/ 31U [DodgeRampAttack] Attack started at 0.00 power.
2025-01-18 08:03:49.445 | 02:32   24ms   55M  134G  23/ 31U [DodgeRampAttack] No attacking units, starting retreat
2025-01-18 08:03:50.052 | 02:34   24ms   75M  138G  23/ 31U [GameAnalyzer] Income advantage is now SlightAdvantage
2025-01-18 08:03:50.114 | 02:34   25ms   80M  142G  23/ 31U [GameAnalyzer] Income advantage is now SmallAdvantage
2025-01-18 08:03:50.378 | 02:35   22ms   95M  142G  23/ 31U [GameAnalyzer] Income advantage is now SlightAdvantage
2025-01-18 08:03:50.446 | 02:35   25ms  100M  142G  23/ 31U [GameAnalyzer] Income advantage is now SmallAdvantage
2025-01-18 08:03:50.867 | 02:36   23ms   15M  146G  23/ 31U [GameAnalyzer] Income advantage is now SlightAdvantage
2025-01-18 08:03:51.084 | 02:37   24ms   25M  150G  23/ 31U [GameAnalyzer] Income advantage is now SmallAdvantage
2025-01-18 08:03:51.161 | 02:37   23ms    5M  150G  23/ 31U [ActUnit] SCV from COMMANDCENTER at (29.5, 138.5)
2025-01-18 08:03:51.240 | 02:38   24ms    5M  150G  24/ 31U [GameAnalyzer] Income advantage is now SlightAdvantage
2025-01-18 08:03:51.392 | 02:38   23ms   15M  150G  24/ 31U [GameAnalyzer] Income advantage is now SmallAdvantage
2025-01-18 08:03:51.535 | 02:38   24ms   15M  154G  24/ 31U [GameAnalyzer] Income advantage is now SlightAdvantage
2025-01-18 08:03:51.604 | 02:39   22ms   25M  154G  24/ 31U [GameAnalyzer] Income advantage is now SmallAdvantage
2025-01-18 08:03:53.021 | 02:43   25ms   25M  124G  24/ 31U [TerranUnit] REAPER from BARRACKS at (28.5, 131.5)
2025-01-18 08:03:55.141 | 02:50   23ms   65M  156G  25/ 31U [ActUnit] SCV from COMMANDCENTER at (29.5, 138.5)
2025-01-18 08:03:55.940 | 02:52   24ms  130M  172G  26/ 31U [DodgeRampAttack] Retreat stopped.
2025-01-18 08:03:56.016 | 02:52   24ms  130M  172G  26/ 31U [DodgeRampAttack] Supply is 26 -> attack!
2025-01-18 08:03:56.017 | 02:52   24ms  130M  172G  26/ 31U [DodgeRampAttack] Attack started at 0.00 power.
2025-01-18 08:03:56.089 | 02:52   27ms  130M  172G  26/ 31U [DodgeRampAttack] No attacking units, starting retreat
2025-01-18 08:03:57.604 | 02:57   22ms   15M  146G  26/ 46U [TerranUnit] REAPER from BARRACKS at (36.5, 136.5)
2025-01-18 08:03:59.381 | 03:02   25ms   85M  178G  27/ 54U [GameAnalyzer] Known army advantage is now SlightAdvantage
2025-01-18 08:03:59.382 | 03:02   25ms   85M  178G  27/ 54U [GameAnalyzer] Predicted army advantage is now SlightAdvantage
2025-01-18 08:03:59.383 | 03:02   25ms   35M  178G  27/ 54U [ActUnit] SCV from COMMANDCENTER at (29.5, 138.5)
2025-01-18 08:03:59.624 | 03:03   26ms   50M  178G  28/ 54U [BuildAddon] UnitTypeId.BARRACKSREACTOR to (37.0, 139.0)
2025-01-18 08:04:00.362 | INFO     | sc2.protocol:_execute:72 - Client status changed to Status.ended (was Status.in_game)
2025-01-18 08:04:00.363 | Result: Defeat
2025-01-18 08:04:00.363 | Duration: 03:04
2025-01-18 08:04:00.363 | Step time min: 13
2025-01-18 08:04:00.364 | Step time avg: 22
2025-01-18 08:04:00.364 | Step time max: 124
2025-01-18 08:04:00.365 | [LostUnitsContents] My lost units minerals and gas: (0, 0)
2025-01-18 08:04:00.365 | [LostUnitsContents] My lost units minerals by score: 0.0
2025-01-18 08:04:00.366 | [LostUnitsContents] Enemy lost units minerals and gas: (0, 0)
2025-01-18 08:04:00.367 | [LostUnitsContents] Enemy lost units minerals by score: 0.0
2025-01-18 08:04:00.368 | [GameAnalyzerEnd] Own units:
2025-01-18 08:04:00.368 | [GameAnalyzerEnd] SCV               total:  22 alive:  22 dead:   0 
2025-01-18 08:04:00.369 | [GameAnalyzerEnd] BARRACKS          total:   3 alive:   3 dead:   0 
2025-01-18 08:04:00.370 | [GameAnalyzerEnd] SUPPLYDEPOT       total:   3 alive:   3 dead:   0 
2025-01-18 08:04:00.372 | [GameAnalyzerEnd] REFINERY          total:   2 alive:   2 dead:   0 
2025-01-18 08:04:00.373 | [GameAnalyzerEnd] MULE              total:   1 alive:   1 dead:   0 
2025-01-18 08:04:00.374 | [GameAnalyzerEnd] FACTORY           total:   1 alive:   1 dead:   0 
2025-01-18 08:04:00.375 | [GameAnalyzerEnd] ORBITALCOMMAND    total:   1 alive:   1 dead:   0 
2025-01-18 08:04:00.376 | [GameAnalyzerEnd] COMMANDCENTER     total:   1 alive:   1 dead:   0 
2025-01-18 08:04:00.376 | [GameAnalyzerEnd] REAPER            total:   1 alive:   1 dead:   0 
2025-01-18 08:04:00.377 | [GameAnalyzerEnd] REACTOR           total:   1 alive:   1 dead:   0 
2025-01-18 08:04:00.378 | [GameAnalyzerEnd] Enemy units:
2025-01-18 08:04:00.378 | [GameAnalyzerEnd] Minerals max 460 Average 109
2025-01-18 08:04:00.379 | [GameAnalyzerEnd] Vespene max 268 Average 104
2025-01-18 08:04:00.380 | INFO     | sc2.main:_play_game:228 - Result for player 1 - Bot LadderBot(Terran): Defeat
2025-01-18 08:04:02.382 | INFO     | sc2.protocol:__request:48 - Cannot receive: Game has already ended.
2025-01-18 08:04:02.384 | INFO     | sc2.sc2process:_close_connection:231 - Closing connection at 61651...
2025-01-18 08:04:02.385 | INFO     | sc2.sc2process:kill_all:33 - kill_switch: Process cleanup for 1 processes
