2024-12-23 08:12:39.693 | INFO     | sc2.protocol:_execute:72 - Client status changed to Status.launched (was None)
2024-12-23 08:12:39.696 | INFO     | sc2.controller:create_game:37 - Creating new game
2024-12-23 08:12:39.696 | INFO     | sc2.controller:create_game:38 - Map:     HardLead513AIE
2024-12-23 08:12:39.697 | INFO     | sc2.controller:create_game:39 - Players: Bot LadderBot(Terran), Computer VeryHard(Zerg, RandomBuild)
2024-12-23 08:12:39.701 | INFO     | sc2.protocol:_execute:72 - Client status changed to Status.init_game (was Status.launched)
2024-12-23 08:12:56.944 | INFO     | sc2.protocol:_execute:72 - Client status changed to Status.in_game (was None)
2024-12-23 08:12:56.945 | INFO     | sc2.main:_play_game:221 - Player 1 - Bot LadderBot(Terran)
2024-12-23 08:12:57.873 | 00:00    0ms    0M    0G  12/ 15U [Version] 5.0.13.92440
2024-12-23 08:12:57.874 | 00:00    0ms    0M    0G  12/ 15U [Version] 5.0.6 Balance mod recognized.
2024-12-23 08:12:58.070 | 00:00    0ms    0M    0G  12/ 15U [ZoneManager] Map set to: MapName.Unknown from name: Hard Lead AIE and hash: 3179994.
2024-12-23 08:12:59.681 | [Start] My race: Terran
2024-12-23 08:12:59.682 | [Start] Opponent race: Zerg
2024-12-23 08:12:59.683 | [Start] OpponentId: None
2024-12-23 08:13:00.109 | 00:00   15ms    0M    0G  13/ 15U [GameAnalyzer] Income advantage is now SlightDisadvantage
2024-12-23 08:13:00.242 | 00:01   13ms    0M    0G  13/ 15U [GameAnalyzer] Income advantage is now Even
2024-12-23 08:13:02.319 | 00:09   16ms   85M    0G  13/ 15U [GameAnalyzer] Income advantage is now SlightDisadvantage
2024-12-23 08:13:02.370 | 00:09   15ms   90M    0G  13/ 15U [GameAnalyzer] Income advantage is now Even
2024-12-23 08:13:03.141 | 00:13   14ms   25M    0G  13/ 15U [GameAnalyzer] Income advantage is now SlightDisadvantage
2024-12-23 08:13:03.199 | 00:13   15ms   30M    0G  13/ 15U [GameAnalyzer] Income advantage is now Even
2024-12-23 08:13:03.663 | 00:14   16ms    0M    0G  13/ 15U [ActUnit] SCV from COMMANDCENTER at (37.5, 129.5)
2024-12-23 08:13:04.520 | 00:17   14ms   35M    0G  14/ 15U [GameAnalyzer] Income advantage is now SlightDisadvantage
2024-12-23 08:13:04.578 | 00:18   15ms   50M    0G  14/ 15U [GameAnalyzer] Income advantage is now Even
2024-12-23 08:13:06.809 | 00:27   18ms  110M    0G  14/ 15U [ActUnit] SCV from COMMANDCENTER at (37.5, 129.5)
2024-12-23 08:13:10.021 | 00:39   15ms  215M    0G  15/ 23U [ActUnit] SCV from COMMANDCENTER at (37.5, 129.5)
2024-12-23 08:13:13.270 | 00:51   17ms  345M    0G  16/ 23U [ActUnit] SCV from COMMANDCENTER at (37.5, 129.5)
2024-12-23 08:13:14.286 | 00:55   20ms  400M    0G  17/ 23U [Expand] Expanding to (65.5, 133.5)
2024-12-23 08:13:16.510 | 01:03   17ms  115M    0G  17/ 23U [GameAnalyzer] Income advantage is now SlightAdvantage
2024-12-23 08:13:16.635 | 01:03   19ms  130M    0G  17/ 23U [GameAnalyzer] Income advantage is now SmallAdvantage
2024-12-23 08:13:16.637 | 01:03   19ms   80M    0G  17/ 23U [ActUnit] SCV from COMMANDCENTER at (37.5, 129.5)
2024-12-23 08:13:16.706 | 01:04   20ms   80M    0G  18/ 23U [GameAnalyzer] Income advantage is now SlightAdvantage
2024-12-23 08:13:16.961 | 01:04   19ms   90M    0G  18/ 23U [GameAnalyzer] Income advantage is now SmallAdvantage
2024-12-23 08:13:17.088 | 01:05   18ms   95M    0G  18/ 23U [GameAnalyzer] Income advantage is now SlightAdvantage
2024-12-23 08:13:17.271 | 01:05   19ms  110M    0G  18/ 23U [GameAnalyzer] Income advantage is now SmallAdvantage
2024-12-23 08:13:17.404 | 01:06   20ms  115M    0G  18/ 23U [GameAnalyzer] Income advantage is now SlightAdvantage
2024-12-23 08:13:17.607 | 01:06   21ms  125M    0G  18/ 23U [GameAnalyzer] Income advantage is now SmallAdvantage
2024-12-23 08:13:17.742 | 01:07   20ms  125M    0G  18/ 23U [GameAnalyzer] Income advantage is now SlightAdvantage
2024-12-23 08:13:17.941 | 01:08   21ms  140M    0G  18/ 23U [GameAnalyzer] Income advantage is now SmallAdvantage
2024-12-23 08:13:18.012 | 01:08   22ms  145M    0G  18/ 23U [GameAnalyzer] Income advantage is now SlightAdvantage
2024-12-23 08:13:18.202 | 01:08   18ms    5M    0G  18/ 23U [GameAnalyzer] Income advantage is now SmallAdvantage
2024-12-23 08:13:18.277 | 01:09   21ms    5M    0G  18/ 23U [GameAnalyzer] Income advantage is now SlightAdvantage
2024-12-23 08:13:19.991 | 01:11   25ms   50M    0G  18/ 23U [GameAnalyzer] Income advantage is now Even
2024-12-23 08:13:20.600 | 01:13   28ms    0M    0G  18/ 23U [BuildGas] Building REFINERY to (41.5, 136.5)
2024-12-23 08:13:20.837 | 01:14   30ms    0M    0G  18/ 23U [GameAnalyzer] Income advantage is now SlightDisadvantage
2024-12-23 08:13:20.916 | 01:14   32ms   10M    0G  18/ 23U [GameAnalyzer] Income advantage is now Even
2024-12-23 08:13:21.233 | 01:15   25ms   15M    0G  18/ 23U [GameAnalyzer] Income advantage is now SlightDisadvantage
2024-12-23 08:13:21.316 | 01:15   27ms   35M    0G  18/ 23U [GameAnalyzer] Income advantage is now SlightAdvantage
2024-12-23 08:13:21.391 | 01:15   29ms   35M    0G  18/ 23U [GameAnalyzer] Income advantage is now SmallAdvantage
2024-12-23 08:13:21.481 | 01:16   27ms   35M    0G  18/ 23U [GameAnalyzer] Income advantage is now SlightAdvantage
2024-12-23 08:13:21.566 | 01:16   33ms   35M    0G  18/ 23U [GameAnalyzer] Income advantage is now Even
2024-12-23 08:13:21.813 | 01:17   26ms   45M    0G  18/ 23U [GameAnalyzer] Predicted army advantage is now SlightDisadvantage
2024-12-23 08:13:22.197 | 01:17   31ms    5M    0G  18/ 23U [ActUnit] SCV from COMMANDCENTER at (37.5, 129.5)
2024-12-23 08:13:22.608 | 01:19   28ms   20M    0G  19/ 23U [GameAnalyzer] Income advantage is now SlightDisadvantage
2024-12-23 08:13:22.687 | 01:19   33ms   25M    0G  19/ 23U [GameAnalyzer] Income advantage is now Even
2024-12-23 08:13:22.929 | 01:19   31ms   30M    0G  19/ 23U [GameAnalyzer] Income advantage is now SlightDisadvantage
2024-12-23 08:13:23.012 | 01:20   31ms   35M    0G  19/ 23U [GameAnalyzer] Income advantage is now Even
2024-12-23 08:13:23.103 | 01:20   29ms   35M    0G  19/ 23U [GameAnalyzer] Income advantage is now SlightDisadvantage
2024-12-23 08:13:23.190 | 01:20   37ms   45M    0G  19/ 23U [GameAnalyzer] Income advantage is now Even
2024-12-23 08:13:24.587 | 01:24   27ms   90M    0G  19/ 23U [GameAnalyzer] Income advantage is now SlightDisadvantage
2024-12-23 08:13:24.671 | 01:24   28ms  100M    0G  19/ 23U [GameAnalyzer] Income advantage is now Even
2024-12-23 08:13:24.973 | 01:25   27ms    0M    0G  19/ 23U [GameAnalyzer] Income advantage is now SlightDisadvantage
2024-12-23 08:13:25.048 | 01:25   27ms   10M    0G  19/ 23U [GameAnalyzer] Income advantage is now Even
2024-12-23 08:13:25.346 | 01:26   25ms   25M    0G  19/ 23U [GameAnalyzer] Income advantage is now SlightDisadvantage
2024-12-23 08:13:25.420 | 01:26   30ms   25M    0G  19/ 23U [GameAnalyzer] Income advantage is now Even
2024-12-23 08:13:25.640 | 01:27   26ms   30M    0G  19/ 23U [GameAnalyzer] Income advantage is now SlightDisadvantage
2024-12-23 08:13:25.937 | 01:28   26ms   50M    0G  19/ 23U [GameAnalyzer] Income advantage is now Even
2024-12-23 08:13:26.090 | 01:28   26ms   55M    0G  19/ 23U [GameAnalyzer] Income advantage is now SlightDisadvantage
2024-12-23 08:13:26.317 | 01:29   27ms   65M    0G  19/ 23U [GameAnalyzer] Income advantage is now Even
2024-12-23 08:13:26.685 | 01:30   27ms   70M    0G  19/ 23U [GameAnalyzer] Income advantage is now SlightDisadvantage
2024-12-23 08:13:26.687 | 01:30   27ms   20M    0G  19/ 23U [ActUnit] SCV from COMMANDCENTER at (37.5, 129.5)
2024-12-23 08:13:26.766 | 01:30   28ms   30M    0G  20/ 23U [GameAnalyzer] Income advantage is now Even
2024-12-23 08:13:27.225 | 01:31   25ms   45M    0G  20/ 23U [GameAnalyzer] Income advantage is now SlightDisadvantage
2024-12-23 08:13:28.671 | 01:35   97ms  105M    0G  20/ 23U [GameAnalyzer] Income advantage is now Even
2024-12-23 08:13:28.746 | 01:35   30ms  105M    0G  20/ 23U [GameAnalyzer] Income advantage is now SlightDisadvantage
2024-12-23 08:13:28.830 | 01:36   28ms  105M    0G  20/ 23U [GameAnalyzer] Income advantage is now SmallDisadvantage
2024-12-23 08:13:28.904 | 01:36   30ms  110M    0G  20/ 23U [GameAnalyzer] Income advantage is now SlightDisadvantage
2024-12-23 08:13:29.135 | 01:37   29ms  120M    0G  20/ 23U [GameAnalyzer] Income advantage is now Even
2024-12-23 08:13:29.218 | 01:37   31ms  120M    0G  20/ 23U [GameAnalyzer] Income advantage is now SlightDisadvantage
2024-12-23 08:13:29.509 | 01:38   26ms  145M    0G  20/ 23U [GameAnalyzer] Income advantage is now Even
2024-12-23 08:13:29.662 | 01:38   29ms  145M    0G  20/ 23U [GameAnalyzer] Income advantage is now SlightDisadvantage
2024-12-23 08:13:29.882 | 01:39   28ms  150M    0G  20/ 23U [GameAnalyzer] Income advantage is now Even
2024-12-23 08:13:30.031 | 01:39   27ms  150M    0G  20/ 23U [GameAnalyzer] Income advantage is now SlightDisadvantage
2024-12-23 08:13:30.174 | 01:40   27ms  165M    0G  20/ 23U [GameAnalyzer] Income advantage is now Even
2024-12-23 08:13:30.321 | 01:40   29ms  165M    0G  20/ 23U [GameAnalyzer] Income advantage is now SlightDisadvantage
2024-12-23 08:13:30.682 | 01:41   26ms  180M    4G  20/ 23U [GameAnalyzer] Income advantage is now Even
2024-12-23 08:13:30.761 | 01:41   28ms  185M    4G  20/ 23U [GameAnalyzer] Income advantage is now SlightDisadvantage
2024-12-23 08:13:30.985 | 01:42   27ms  140M    8G  20/ 23U [ActUnit] SCV from COMMANDCENTER at (37.5, 129.5)
2024-12-23 08:13:31.056 | 01:42   31ms  150M    8G  21/ 23U [GameAnalyzer] Income advantage is now Even
2024-12-23 08:13:31.065 | 01:42   31ms  150M    8G  21/ 23U [DodgeRampAttack] Supply is 21 -> attack!
2024-12-23 08:13:31.065 | 01:42   31ms  150M    8G  21/ 23U [DodgeRampAttack] Attack started at 0.00 power.
2024-12-23 08:13:31.139 | 01:42   31ms  150M    8G  21/ 23U [DodgeRampAttack] No attacking units, starting retreat
2024-12-23 08:13:31.359 | 01:43   27ms  155M   12G  21/ 23U [GameAnalyzer] Income advantage is now SlightDisadvantage
2024-12-23 08:13:31.446 | 01:43   29ms  160M   12G  21/ 23U [GameAnalyzer] Income advantage is now Even
2024-12-23 08:13:31.594 | 01:44   27ms  160M   12G  21/ 23U [GameAnalyzer] Income advantage is now SlightDisadvantage
2024-12-23 08:13:31.744 | 01:44   29ms  165M   12G  21/ 23U [GameAnalyzer] Income advantage is now Even
2024-12-23 08:13:32.138 | 01:45   27ms  180M   16G  21/ 23U [GameAnalyzer] Income advantage is now SlightDisadvantage
2024-12-23 08:13:32.820 | 01:47   31ms  210M   20G  21/ 23U [GameAnalyzer] Income advantage is now Even
2024-12-23 08:13:32.932 | 01:47   30ms  210M   20G  21/ 23U [GameAnalyzer] Income advantage is now SlightDisadvantage
2024-12-23 08:13:33.003 | 01:48   37ms  215M   20G  21/ 23U [GameAnalyzer] Income advantage is now Even
2024-12-23 08:13:33.225 | 01:48   29ms  220M   24G  21/ 23U [GameAnalyzer] Income advantage is now SlightDisadvantage
2024-12-23 08:13:33.373 | 01:49   27ms  225M   24G  21/ 23U [GameAnalyzer] Income advantage is now Even
2024-12-23 08:13:33.524 | 01:49   27ms  225M   28G  21/ 23U [GameAnalyzer] Income advantage is now SlightDisadvantage
2024-12-23 08:13:33.672 | 01:50   29ms  240M   28G  21/ 23U [GameAnalyzer] Income advantage is now Even
2024-12-23 08:13:33.754 | 01:50   30ms  240M   28G  21/ 23U [GameAnalyzer] Income advantage is now SlightDisadvantage
2024-12-23 08:13:34.116 | 01:51   94ms  260M   32G  21/ 31U [GameAnalyzer] Income advantage is now Even
2024-12-23 08:13:35.260 | 01:54   29ms  290M   40G  21/ 31U [GameAnalyzer] Income advantage is now SlightDisadvantage
2024-12-23 08:13:35.345 | 01:54   34ms  295M   40G  21/ 31U [GameAnalyzer] Income advantage is now Even
2024-12-23 08:13:35.347 | 01:54   34ms  245M   40G  21/ 31U [ActUnit] SCV from COMMANDCENTER at (37.5, 129.5)
2024-12-23 08:13:36.094 | 01:56   34ms   70M   44G  22/ 31U [ActUnit] MARINE from BARRACKS at (38.5, 124.5)
2024-12-23 08:13:37.107 | 01:59   32ms  270M   52G  23/ 31U [GameAnalyzer] Income advantage is now SlightDisadvantage
2024-12-23 08:13:37.187 | 01:59   31ms  280M   52G  23/ 31U [GameAnalyzer] Income advantage is now Even
2024-12-23 08:13:38.348 | 02:02   33ms  165M   64G  23/ 31U [DodgeRampAttack] Retreat stopped.
2024-12-23 08:13:38.424 | 02:03   33ms  175M   64G  23/ 31U [DodgeRampAttack] Supply is 23 -> attack!
2024-12-23 08:13:38.425 | 02:03   33ms  175M   64G  23/ 31U [DodgeRampAttack] Attack started at 0.00 power.
2024-12-23 08:13:38.503 | 02:03   34ms  175M   64G  23/ 31U [DodgeRampAttack] No attacking units, starting retreat
2024-12-23 08:13:42.472 | 02:14   30ms  350M   92G  23/ 31U [GameAnalyzer] Known army advantage is now SlightAdvantage
2024-12-23 08:13:42.475 | 02:14   30ms  300M   92G  23/ 31U [ActUnit] MARINE from BARRACKS at (38.5, 124.5)
2024-12-23 08:13:44.018 | 02:18   30ms   75M    4G  24/ 46U [GameAnalyzer] Known army advantage is now Even
2024-12-23 08:13:44.188 | 02:19   32ms   80M    4G  24/ 46U [GameAnalyzer] Income advantage is now SlightDisadvantage
2024-12-23 08:13:44.274 | 02:19   33ms   80M    8G  24/ 46U [GameAnalyzer] Income advantage is now Even
2024-12-23 08:13:44.521 | 02:19   33ms  100M    8G  24/ 46U [GameAnalyzer] Income advantage is now SlightDisadvantage
2024-12-23 08:13:44.608 | 02:20   37ms  115M    8G  24/ 46U [GameAnalyzer] Income advantage is now Even
2024-12-23 08:13:45.592 | 02:22   34ms  150M   16G  24/ 46U [GameAnalyzer] Income advantage is now SlightDisadvantage
2024-12-23 08:13:45.670 | 02:22   38ms  155M   16G  24/ 46U [GameAnalyzer] Income advantage is now Even
2024-12-23 08:13:45.920 | 02:23   33ms  160M   16G  24/ 46U [GameAnalyzer] Income advantage is now SlightDisadvantage
2024-12-23 08:13:45.929 | 02:23   33ms  160M   16G  24/ 46U [DodgeRampAttack] Retreat stopped.
2024-12-23 08:13:46.004 | 02:23   34ms  160M   20G  24/ 46U [GameAnalyzer] Income advantage is now Even
2024-12-23 08:13:46.013 | 02:23   34ms  160M   20G  24/ 46U [DodgeRampAttack] Supply is 24 -> attack!
2024-12-23 08:13:46.015 | 02:23   34ms  160M   20G  24/ 46U [DodgeRampAttack] Attack started at 1.00 power.
2024-12-23 08:13:46.332 | 02:24   33ms  195M   20G  24/ 46U [GameAnalyzer] Income advantage is now SlightDisadvantage
2024-12-23 08:13:46.412 | 02:24   40ms  195M   20G  24/ 46U [GameAnalyzer] Income advantage is now Even
2024-12-23 08:13:48.835 | 02:31  102ms  300M   40G  23/ 46U [GameAnalyzer] Income advantage is now SlightDisadvantage
2024-12-23 08:13:48.929 | 02:31   36ms  310M   40G  23/ 46U [GameAnalyzer] Income advantage is now Even
2024-12-23 08:13:49.179 | 02:32   33ms  265M   40G  23/ 46U [ActUnit] SCV from COMMANDCENTER at (37.5, 129.5)
2024-12-23 08:13:49.284 | 02:32   37ms  265M   40G  24/ 46U [GameAnalyzer] Income advantage is now SlightDisadvantage
2024-12-23 08:13:49.366 | 02:32   37ms  275M   44G  24/ 46U [GameAnalyzer] Known army advantage is now SlightAdvantage
2024-12-23 08:13:49.369 | 02:32   37ms  225M   44G  24/ 46U [ActUnit] MARINE from BARRACKS at (38.5, 124.5)
2024-12-23 08:13:49.375 | 02:32   37ms  150M   44G  24/ 46U [BuildGas] Building REFINERY to (30.5, 126.5)
2024-12-23 08:13:49.543 | 02:32   39ms  170M   44G  25/ 46U [GameAnalyzer] Income advantage is now Even
2024-12-23 08:13:49.786 | 02:33   37ms  180M   44G  25/ 46U [GameAnalyzer] Income advantage is now SlightDisadvantage
2024-12-23 08:13:49.960 | 02:34   38ms  185M   48G  25/ 46U [GameAnalyzer] Income advantage is now Even
2024-12-23 08:13:50.783 | 02:36  109ms  210M   52G  25/ 46U [GameAnalyzer] Income advantage is now SlightDisadvantage
2024-12-23 08:13:50.867 | 02:36   41ms  215M   52G  25/ 46U [GameAnalyzer] Income advantage is now Even
2024-12-23 08:13:51.120 | 02:36   41ms  215M   56G  25/ 46U [GameAnalyzer] Income advantage is now SlightDisadvantage
2024-12-23 08:13:51.365 | 02:37   37ms  240M   56G  25/ 46U [GameAnalyzer] Income advantage is now Even
2024-12-23 08:13:51.450 | 02:37   39ms  245M   56G  25/ 46U [GameAnalyzer] Income advantage is now SlightDisadvantage
2024-12-23 08:13:51.616 | 02:38   40ms  255M   56G  25/ 46U [GameAnalyzer] Income advantage is now Even
2024-12-23 08:13:51.782 | 02:38   36ms  255M   60G  25/ 46U [GameAnalyzer] Income advantage is now SlightDisadvantage
2024-12-23 08:13:51.872 | 02:38   41ms  260M   60G  25/ 46U [GameAnalyzer] Income advantage is now Even
2024-12-23 08:13:52.200 | 02:39   34ms  270M   64G  25/ 46U [GameAnalyzer] Income advantage is now SlightDisadvantage
2024-12-23 08:13:52.203 | 02:39   34ms  220M   64G  25/ 46U [ActUnit] SCV from COMMANDCENTER at (65.5, 133.5)
2024-12-23 08:13:52.291 | 02:40   41ms  230M   64G  26/ 46U [GameAnalyzer] Income advantage is now Even
2024-12-23 08:13:52.687 | 02:40   39ms  260M   64G  26/ 46U [GameAnalyzer] Income advantage is now SlightDisadvantage
2024-12-23 08:13:52.775 | 02:41   43ms  260M   64G  26/ 46U [GameAnalyzer] Income advantage is now Even
2024-12-23 08:13:53.134 | 02:42   38ms  285M   68G  26/ 46U [GameAnalyzer] Income advantage is now SlightDisadvantage
2024-12-23 08:13:53.393 | 02:42   36ms  305M   68G  26/ 46U [GameAnalyzer] Income advantage is now Even
2024-12-23 08:13:53.478 | 02:42   41ms  305M   72G  26/ 46U [GameAnalyzer] Income advantage is now SlightDisadvantage
2024-12-23 08:13:53.560 | 02:43   39ms  305M   72G  26/ 46U [GameAnalyzer] Income advantage is now Even
2024-12-23 08:13:53.646 | 02:43   37ms  305M   72G  26/ 46U [GameAnalyzer] Income advantage is now SlightDisadvantage
2024-12-23 08:13:53.725 | 02:43   41ms  310M   72G  26/ 46U [GameAnalyzer] Income advantage is now Even
2024-12-23 08:13:53.972 | 02:44   37ms  265M   76G  26/ 46U [ActUnit] SCV from COMMANDCENTER at (37.5, 129.5)
2024-12-23 08:13:54.055 | 02:44   39ms  270M   76G  27/ 46U [GameAnalyzer] Income advantage is now SlightDisadvantage
2024-12-23 08:13:54.139 | 02:44   38ms  275M   76G  27/ 46U [GameAnalyzer] Income advantage is now Even
2024-12-23 08:13:54.303 | 02:45   35ms  285M   76G  27/ 46U [GameAnalyzer] Income advantage is now SlightDisadvantage
2024-12-23 08:13:54.390 | 02:45   37ms  285M   76G  27/ 46U [GameAnalyzer] Income advantage is now Even
2024-12-23 08:13:54.622 | 02:45   35ms  285M   80G  27/ 46U [GameAnalyzer] Income advantage is now SlightDisadvantage
2024-12-23 08:13:54.871 | 02:46   36ms  305M   80G  27/ 46U [GameAnalyzer] Income advantage is now Even
2024-12-23 08:13:55.046 | 02:46   37ms  320M   80G  27/ 46U [GameAnalyzer] Income advantage is now SlightDisadvantage
2024-12-23 08:13:55.214 | 02:47   35ms  330M   84G  27/ 46U [GameAnalyzer] Income advantage is now Even
2024-12-23 08:13:55.716 | 02:48   37ms  390M   88G  27/ 46U [GameAnalyzer] Income advantage is now SlightDisadvantage
2024-12-23 08:13:55.805 | 02:48   41ms  400M   88G  27/ 46U [GameAnalyzer] Income advantage is now Even
2024-12-23 08:13:56.122 | 02:49   38ms  405M   88G  27/ 46U [GameAnalyzer] Income advantage is now SlightDisadvantage
2024-12-23 08:13:56.208 | 02:49  108ms  415M   88G  27/ 46U [GameAnalyzer] Income advantage is now Even
2024-12-23 08:13:56.379 | 02:50   39ms  365M   92G  27/ 46U [ActUnit] MARINE from BARRACKS at (38.5, 124.5)
2024-12-23 08:13:56.471 | 02:50   43ms  370M   92G  28/ 46U [GameAnalyzer] Income advantage is now SlightDisadvantage
2024-12-23 08:13:56.734 | 02:51   38ms  400M   92G  28/ 46U [GameAnalyzer] Income advantage is now Even
2024-12-23 08:13:56.823 | 02:51   41ms  405M   92G  28/ 46U [GameAnalyzer] Income advantage is now SlightDisadvantage
2024-12-23 08:13:57.083 | 02:52   37ms  360M   96G  28/ 46U [ActUnit] SCV from COMMANDCENTER at (65.5, 133.5)
2024-12-23 08:13:57.172 | 02:52   42ms  365M   96G  29/ 46U [GameAnalyzer] Income advantage is now Even
2024-12-23 08:13:58.178 | 02:54   43ms  390M  104G  29/ 46U [GameAnalyzer] Income advantage is now SlightDisadvantage
2024-12-23 08:13:58.478 | 02:55   42ms  465M  104G  29/ 46U [GameAnalyzer] Income advantage is now Even
2024-12-23 08:13:58.586 | 02:55   43ms  475M  104G  29/ 46U [GameAnalyzer] Income advantage is now SlightDisadvantage
2024-12-23 08:13:58.872 | 02:56   41ms  490M  108G  29/ 46U [GameAnalyzer] Income advantage is now Even
2024-12-23 08:13:59.059 | 02:56   42ms  440M  108G  29/ 46U [ActUnit] SCV from COMMANDCENTER at (37.5, 129.5)
2024-12-23 08:14:00.090 | 02:58   42ms  465M  112G  30/ 46U [GameAnalyzer] Income advantage is now SlightDisadvantage
2024-12-23 08:14:00.193 | 02:59   50ms  470M  116G  30/ 46U [GameAnalyzer] Income advantage is now Even
2024-12-23 08:14:00.587 | 02:59   39ms  500M  120G  30/ 46U [GameAnalyzer] Income advantage is now SlightDisadvantage
2024-12-23 08:14:00.681 | 03:00   44ms  510M  124G  30/ 46U [GameAnalyzer] Income advantage is now Even
2024-12-23 08:14:00.968 | 03:00   40ms  520M  128G  30/ 46U [GameAnalyzer] Income advantage is now SlightDisadvantage
2024-12-23 08:14:01.060 | 03:01   44ms  520M  128G  30/ 46U [GameAnalyzer] Income advantage is now Even
2024-12-23 08:14:01.446 | 03:01   39ms  550M  136G  30/ 46U [BuildAddon] UnitTypeId.FACTORYREACTOR to (48.0, 128.0)
2024-12-23 08:14:01.625 | 03:02   49ms  425M   86G  30/ 46U [BuildGas] Building REFINERY to (72.5, 136.5)
2024-12-23 08:14:02.125 | 03:03   42ms  465M   86G  30/ 46U [GameAnalyzer] Income advantage is now SlightDisadvantage
2024-12-23 08:14:02.408 | 03:03   44ms  490M   94G  30/ 46U [GameAnalyzer] Income advantage is now Even
2024-12-23 08:14:02.513 | 03:04   42ms  415M   94G  30/ 46U [BuildGas] Building REFINERY to (69.5, 140.5)
2024-12-23 08:14:02.608 | 03:04   41ms  415M   94G  30/ 46U [GameAnalyzer] Income advantage is now SlightDisadvantage
2024-12-23 08:14:02.611 | 03:04   41ms  365M   94G  30/ 46U [ActUnit] SCV from COMMANDCENTER at (65.5, 133.5)
2024-12-23 08:14:02.801 | 03:04   40ms  390M   98G  31/ 46U [GameAnalyzer] Income advantage is now Even
2024-12-23 08:14:03.079 | 03:05   41ms  390M  102G  31/ 46U [GameAnalyzer] Income advantage is now SlightDisadvantage
2024-12-23 08:14:03.171 | 03:05   44ms  395M  102G  31/ 46U [GameAnalyzer] Income advantage is now Even
2024-12-23 08:14:03.272 | 03:05   42ms  400M  102G  31/ 46U [Expand] Expanding to (95.5, 134.5)
2024-12-23 08:14:03.600 | 03:06   36ms    0M  110G  31/ 46U [GameAnalyzer] Income advantage is now SlightDisadvantage
2024-12-23 08:14:03.693 | 03:06   41ms    5M  110G  31/ 46U [GameAnalyzer] Income advantage is now Even
2024-12-23 08:14:04.046 | 03:07   41ms   40M  110G  31/ 46U [GameAnalyzer] Income advantage is now SlightDisadvantage
2024-12-23 08:14:04.221 | 03:08   38ms   50M  118G  31/ 46U [GameAnalyzer] Income advantage is now Even
2024-12-23 08:14:04.501 | 03:08   39ms   10M  118G  31/ 46U [ActUnit] SCV from COMMANDCENTER at (37.5, 129.5)
2024-12-23 08:14:04.597 | 03:09   44ms   15M  118G  32/ 46U [GameAnalyzer] Income advantage is now SlightDisadvantage
2024-12-23 08:14:04.784 | 03:09   39ms   50M  126G  32/ 46U [GameAnalyzer] Income advantage is now Even
2024-12-23 08:14:06.435 | 03:13   42ms  100M  142G  32/ 46U [GameAnalyzer] Income advantage is now SlightDisadvantage
2024-12-23 08:14:06.626 | 03:13   44ms  110M  150G  32/ 46U [GameAnalyzer] Income advantage is now Even
2024-12-23 08:14:06.916 | 03:14   43ms  150M  150G  32/ 46U [GameAnalyzer] Income advantage is now SlightDisadvantage
2024-12-23 08:14:07.014 | 03:14   47ms  155M  150G  32/ 46U [GameAnalyzer] Income advantage is now Even
2024-12-23 08:14:07.949 | 03:16   44ms  155M  166G  32/ 46U [ActUnit] SCV from COMMANDCENTER at (65.5, 133.5)
2024-12-23 08:14:08.054 | 03:16   47ms  155M  166G  33/ 46U [GameAnalyzer] Income advantage is now SlightAdvantage
2024-12-23 08:14:08.239 | 03:17   43ms  165M  166G  33/ 46U [GameAnalyzer] Income advantage is now SmallAdvantage
2024-12-23 08:14:08.343 | 03:17   44ms  165M  166G  33/ 46U [GameAnalyzer] Income advantage is now SlightAdvantage
2024-12-23 08:14:08.812 | 03:18   53ms  190M  174G  33/ 46U [GameAnalyzer] Income advantage is now SmallAdvantage
2024-12-23 08:14:08.911 | 03:18   47ms  195M  174G  33/ 46U [GameAnalyzer] Income advantage is now SlightAdvantage
2024-12-23 08:14:09.791 | 03:20   46ms  240M  182G  33/ 46U [GameAnalyzer] Income advantage is now SmallAdvantage
2024-12-23 08:14:09.897 | 03:20   45ms  265M  182G  33/ 46U [GameAnalyzer] Income advantage is now SlightAdvantage
2024-12-23 08:14:09.997 | 03:21   50ms  215M  190G  33/ 46U [ActUnit] SCV from COMMANDCENTER at (37.5, 129.5)
2024-12-23 08:14:10.262 | 03:21  113ms  220M  190G  34/ 46U [GameAnalyzer] Income advantage is now SmallAdvantage
2024-12-23 08:14:10.461 | 03:22   44ms  220M  190G  34/ 46U [GameAnalyzer] Income advantage is now SlightAdvantage
2024-12-23 08:14:10.751 | 03:22   43ms  240M  198G  34/ 46U [GameAnalyzer] Income advantage is now SmallAdvantage
2024-12-23 08:14:10.952 | 03:23   47ms  250M  198G  34/ 46U [GameAnalyzer] Income advantage is now SlightAdvantage
2024-12-23 08:14:11.257 | 03:23   46ms  285M  198G  34/ 46U [GameAnalyzer] Income advantage is now SmallAdvantage
2024-12-23 08:14:11.367 | 03:24   49ms  290M  206G  34/ 46U [GameAnalyzer] Income advantage is now SlightAdvantage
2024-12-23 08:14:12.357 | 03:26   50ms  335M  214G  34/ 46U [GameAnalyzer] Income advantage is now SmallAdvantage
2024-12-23 08:14:12.567 | 03:26   47ms  335M  214G  34/ 46U [GameAnalyzer] Income advantage is now SlightAdvantage
2024-12-23 08:14:12.858 | 03:27   45ms  355M  222G  34/ 46U [GameAnalyzer] Income advantage is now SmallAdvantage
2024-12-23 08:14:13.058 | 03:27   45ms  385M  222G  34/ 46U [GameAnalyzer] Income advantage is now SlightAdvantage
2024-12-23 08:14:13.332 | 03:28   44ms  390M  222G  34/ 46U [GameAnalyzer] Income advantage is now SmallAdvantage
2024-12-23 08:14:13.747 | 03:28   45ms  400M  230G  34/ 46U [GameAnalyzer] Income advantage is now SlightAdvantage
2024-12-23 08:14:13.750 | 03:28   45ms  350M  230G  34/ 46U [ActUnit] SCV from COMMANDCENTER at (65.5, 133.5)
2024-12-23 08:14:14.075 | 03:29   46ms  375M  230G  35/ 46U [GameAnalyzer] Income advantage is now SmallAdvantage
2024-12-23 08:14:14.486 | 03:30   48ms  380M  238G  35/ 46U [GameAnalyzer] Predicted army advantage is now SmallDisadvantage
2024-12-23 08:14:14.803 | 03:31   55ms  405M  242G  35/ 46U [GameAnalyzer] Income advantage is now SlightAdvantage
2024-12-23 08:14:14.976 | 03:31   49ms  410M  246G  35/ 46U [GameAnalyzer] Income advantage is now SmallAdvantage
2024-12-23 08:14:15.934 | 03:33   48ms  395M  250G  35/ 46U [ActUnit] SCV from COMMANDCENTER at (37.5, 129.5)
2024-12-23 08:14:18.343 | 03:38   49ms  480M  278G  36/ 46U [GameAnalyzer] Income advantage is now SlightAdvantage
2024-12-23 08:14:18.453 | 03:38   51ms  520M  282G  36/ 46U [GameAnalyzer] Income advantage is now SmallAdvantage
2024-12-23 08:14:18.901 | 03:39   52ms  530M  286G  36/ 46U [GameAnalyzer] Income advantage is now SlightAdvantage
2024-12-23 08:14:19.020 | 03:39   53ms  535M  290G  36/ 46U [GameAnalyzer] Income advantage is now SmallAdvantage
2024-12-23 08:14:19.252 | 03:39   52ms  540M  290G  36/ 46U [DodgeRampAttack] Retreat started at 3.00 own local power against 4.08 enemy local power.
2024-12-23 08:14:19.344 | 03:40   49ms  540M  294G  36/ 46U [GameAnalyzer] Income advantage is now SlightAdvantage
2024-12-23 08:14:19.454 | 03:40   52ms  560M  298G  36/ 46U [GameAnalyzer] Income advantage is now SmallAdvantage
2024-12-23 08:14:19.726 | 03:40   47ms  590M  298G  36/ 46U [GameAnalyzer] Known army advantage is now SlightDisadvantage
2024-12-23 08:14:19.965 | 03:41   54ms  545M  302G  36/ 46U [ActUnit] SCV from COMMANDCENTER at (65.5, 133.5)
2024-12-23 08:14:21.520 | 03:44   57ms  590M  330G  37/ 46U [GameAnalyzer] Income advantage is now SlightAdvantage
2024-12-23 08:14:21.647 | 03:44   52ms  595M  330G  37/ 46U [GameAnalyzer] Income advantage is now SmallAdvantage
2024-12-23 08:14:22.306 | 03:45   50ms  600M  342G  37/ 46U [ActUnit] SCV from COMMANDCENTER at (37.5, 129.5)
2024-12-23 08:14:22.425 | 03:45   58ms  600M  342G  38/ 46U [GameAnalyzer] Known army advantage is now SmallDisadvantage
2024-12-23 08:14:22.426 | 03:45   58ms  600M  342G  38/ 46U [GameAnalyzer] Predicted army advantage is now ClearDisadvantage
2024-12-23 08:14:24.085 | 03:49   49ms  665M  370G  38/ 46U [GameAnalyzer] Income advantage is now SlightAdvantage
2024-12-23 08:14:24.203 | 03:49   55ms  680M  370G  38/ 46U [GameAnalyzer] Income advantage is now SmallAdvantage
2024-12-23 08:14:24.607 | 03:49  121ms  640M  378G  37/ 46U [ActUnit] MARINE from BARRACKS at (38.5, 124.5)
2024-12-23 08:14:26.439 | 03:53   47ms  705M  406G  38/ 46U [ActUnit] SCV from COMMANDCENTER at (65.5, 133.5)
2024-12-23 08:14:28.644 | 03:57   50ms  740M  446G  39/ 46U [ActUnit] SCV from COMMANDCENTER at (37.5, 129.5)
2024-12-23 08:14:29.874 | 03:59   61ms  520M  466G  40/ 46U [DodgeRampAttack] Retreat stopped.
2024-12-23 08:14:33.743 | 04:05   61ms  720M  518G  40/ 46U [ActUnit] SCV from COMMANDCENTER at (65.5, 133.5)
2024-12-23 08:14:37.186 | 04:10   78ms  780M  554G  41/ 46U [ActUnit] SCV from COMMANDCENTER at (37.5, 129.5)
2024-12-23 08:14:38.170 | INFO     | sc2.protocol:_execute:72 - Client status changed to Status.ended (was Status.in_game)
2024-12-23 08:14:38.171 | Result: Defeat
2024-12-23 08:14:38.172 | Duration: 04:11
2024-12-23 08:14:38.173 | Step time min: 13
2024-12-23 08:14:38.173 | Step time avg: 36
2024-12-23 08:14:38.174 | Step time max: 768
2024-12-23 08:14:38.174 | [LostUnitsContents] My lost units minerals and gas: (100, 0)
2024-12-23 08:14:38.175 | [LostUnitsContents] My lost units minerals by score: 100.0
2024-12-23 08:14:38.176 | [LostUnitsContents] Enemy lost units minerals and gas: (0, 0)
2024-12-23 08:14:38.177 | [LostUnitsContents] Enemy lost units minerals by score: 0.0
2024-12-23 08:14:38.179 | [GameAnalyzerEnd] Own units:
2024-12-23 08:14:38.180 | [GameAnalyzerEnd] SCV               total:  34 alive:  33 dead:   1 
2024-12-23 08:14:38.181 | [GameAnalyzerEnd] MARINE            total:   5 alive:   4 dead:   1 
2024-12-23 08:14:38.181 | [GameAnalyzerEnd] REFINERY          total:   4 alive:   4 dead:   0 
2024-12-23 08:14:38.182 | [GameAnalyzerEnd] SUPPLYDEPOT       total:   4 alive:   4 dead:   0 
2024-12-23 08:14:38.183 | [GameAnalyzerEnd] MULE              total:   2 alive:   2 dead:   0 
2024-12-23 08:14:38.184 | [GameAnalyzerEnd] ORBITALCOMMAND    total:   2 alive:   2 dead:   0 
2024-12-23 08:14:38.184 | [GameAnalyzerEnd] REACTOR           total:   1 alive:   1 dead:   0 
2024-12-23 08:14:38.185 | [GameAnalyzerEnd] FACTORY           total:   1 alive:   1 dead:   0 
2024-12-23 08:14:38.186 | [GameAnalyzerEnd] COMMANDCENTER     total:   1 alive:   1 dead:   0 
2024-12-23 08:14:38.186 | [GameAnalyzerEnd] BARRACKS          total:   1 alive:   1 dead:   0 
2024-12-23 08:14:38.187 | [GameAnalyzerEnd] Enemy units:
2024-12-23 08:14:38.187 | [GameAnalyzerEnd] DRONE             total:  22 alive:  22 dead:   0 
2024-12-23 08:14:38.188 | [GameAnalyzerEnd] ZERGLING          total:   6 alive:   6 dead:   0 
2024-12-23 08:14:38.188 | [GameAnalyzerEnd] OVERLORD          total:   3 alive:   3 dead:   0 
2024-12-23 08:14:38.189 | [GameAnalyzerEnd] HATCHERY          total:   2 alive:   2 dead:   0 
2024-12-23 08:14:38.190 | [GameAnalyzerEnd] ROACH             total:   2 alive:   2 dead:   0 
2024-12-23 08:14:38.191 | [GameAnalyzerEnd] SPAWNINGPOOL      total:   1 alive:   1 dead:   0 
2024-12-23 08:14:38.191 | [GameAnalyzerEnd] EXTRACTOR         total:   1 alive:   1 dead:   0 
2024-12-23 08:14:38.192 | [GameAnalyzerEnd] Minerals max 830 Average 263
2024-12-23 08:14:38.193 | [GameAnalyzerEnd] Vespene max 562 Average 100
2024-12-23 08:14:38.194 | INFO     | sc2.main:_play_game:228 - Result for player 1 - Bot LadderBot(Terran): Defeat
2024-12-23 08:14:41.021 | INFO     | sc2.protocol:__request:48 - Cannot receive: Game has already ended.
2024-12-23 08:14:41.023 | INFO     | sc2.sc2process:_close_connection:231 - Closing connection at 51398...
2024-12-23 08:14:41.023 | INFO     | sc2.sc2process:kill_all:33 - kill_switch: Process cleanup for 1 processes
