2024-11-26 18:20:39.626 | INFO     | sc2.protocol:_execute:72 - Client status changed to Status.launched (was None)
2024-11-26 18:20:39.627 | INFO     | sc2.controller:create_game:37 - Creating new game
2024-11-26 18:20:39.628 | INFO     | sc2.controller:create_game:38 - Map:     GoldenAura513AIE
2024-11-26 18:20:39.629 | INFO     | sc2.controller:create_game:39 - Players: Bot LadderBot(Terran), Computer VeryHard(Zerg, RandomBuild)
2024-11-26 18:20:39.632 | INFO     | sc2.protocol:_execute:72 - Client status changed to Status.init_game (was Status.launched)
2024-11-26 18:20:51.796 | INFO     | sc2.protocol:_execute:72 - Client status changed to Status.in_game (was None)
2024-11-26 18:20:51.797 | INFO     | sc2.main:_play_game:221 - Player 1 - Bot LadderBot(Terran)
2024-11-26 18:20:52.793 | 00:00    0ms    0M    0G  12/ 15U [Version] 5.0.13.92440
2024-11-26 18:20:52.794 | 00:00    0ms    0M    0G  12/ 15U [Version] 5.0.6 Balance mod recognized.
2024-11-26 18:20:52.966 | 00:00    0ms    0M    0G  12/ 15U [ZoneManager] Map set to: MapName.Unknown from name: Goldenaura AIE and hash: 3781140.
2024-11-26 18:20:54.930 | [Start] My race: Terran
2024-11-26 18:20:54.931 | [Start] Opponent race: Zerg
2024-11-26 18:20:54.931 | [Start] OpponentId: None
2024-11-26 18:20:55.333 | 00:00   16ms    0M    0G  13/ 15U [GameAnalyzer] Income advantage is now SlightDisadvantage
2024-11-26 18:20:55.401 | 00:01   15ms    0M    0G  13/ 15U [GameAnalyzer] Income advantage is now Even
2024-11-26 18:20:58.909 | 00:14   17ms    0M    0G  13/ 15U [TerranUnit] SCV from COMMANDCENTER at (69.5, 168.5)
2024-11-26 18:21:00.251 | 00:20   18ms    0M    0G  14/ 15U [BuildGas] Building REFINERY to (72.5, 175.5)
2024-11-26 18:21:01.563 | 00:24   17ms   40M    0G  14/ 15U [GameAnalyzer] Income advantage is now SlightDisadvantage
2024-11-26 18:21:01.620 | 00:25   19ms   55M    0G  14/ 15U [GameAnalyzer] Income advantage is now Even
2024-11-26 18:21:01.864 | 00:25   16ms   55M    0G  14/ 15U [GameAnalyzer] Income advantage is now SlightDisadvantage
2024-11-26 18:21:01.934 | 00:26   20ms   55M    0G  14/ 15U [GameAnalyzer] Income advantage is now Even
2024-11-26 18:21:02.251 | 00:27   19ms   25M    0G  14/ 15U [TerranUnit] SCV from COMMANDCENTER at (69.5, 168.5)
2024-11-26 18:21:06.419 | 00:41   18ms    5M    0G  15/ 23U [TerranUnit] SCV from COMMANDCENTER at (69.5, 168.5)
2024-11-26 18:21:09.929 | 00:54   18ms   85M   24G  16/ 23U [TerranUnit] SCV from COMMANDCENTER at (69.5, 168.5)
2024-11-26 18:21:10.001 | 00:54   21ms   10M   24G  17/ 23U [BuildGas] Building REFINERY to (62.5, 165.5)
2024-11-26 18:21:13.713 | 01:06   21ms  100M   56G  17/ 23U [TerranUnit] SCV from COMMANDCENTER at (69.5, 168.5)
2024-11-26 18:21:17.746 | 01:18   20ms  200M   92G  18/ 23U [TerranUnit] SCV from COMMANDCENTER at (69.5, 168.5)
2024-11-26 18:21:22.420 | 01:33   22ms  120M  160G  19/ 23U [GameAnalyzer] Income advantage is now SlightAdvantage
2024-11-26 18:21:22.500 | 01:33   21ms  120M  160G  19/ 23U [GameAnalyzer] Income advantage is now Even
2024-11-26 18:21:24.436 | 01:39   22ms    0M   34G  19/ 23U [TerranUnit] REAPER from BARRACKS at (73.5, 169.5)
2024-11-26 18:21:31.697 | 01:56   21ms   15M    2G  20/ 31U [ActUnit] SCV from COMMANDCENTER at (69.5, 168.5)
2024-11-26 18:21:31.802 | 01:56   21ms   25M    2G  21/ 31U [DodgeRampAttack] Supply is 21 -> attack!
2024-11-26 18:21:31.803 | 01:56   21ms   25M    2G  21/ 31U [DodgeRampAttack] Attack started at 0.00 power.
2024-11-26 18:21:31.881 | 01:56   22ms   30M    6G  21/ 31U [DodgeRampAttack] No attacking units, starting retreat
2024-11-26 18:21:36.188 | 02:08   24ms  165M   54G  21/ 31U [ActUnit] SCV from COMMANDCENTER at (69.5, 168.5)
2024-11-26 18:21:37.363 | 02:11   26ms  240M   66G  22/ 31U [GameAnalyzer] Known army advantage is now SlightAdvantage
2024-11-26 18:21:37.364 | 02:11   26ms  240M   66G  22/ 31U [GameAnalyzer] Predicted army advantage is now SlightAdvantage
2024-11-26 18:21:37.367 | 02:11   26ms  190M   16G  22/ 31U [TerranUnit] REAPER from BARRACKS at (73.5, 169.5)
2024-11-26 18:21:39.252 | 02:16   24ms  260M   36G  23/ 31U [DodgeRampAttack] Retreat stopped.
2024-11-26 18:21:39.334 | 02:16   26ms  260M   36G  23/ 31U [DodgeRampAttack] Supply is 23 -> attack!
2024-11-26 18:21:39.335 | 02:16   26ms  260M   36G  23/ 31U [DodgeRampAttack] Attack started at 1.00 power.
2024-11-26 18:21:40.828 | 02:20  110ms  290M   52G  23/ 31U [ActUnit] SCV from COMMANDCENTER at (69.5, 168.5)
2024-11-26 18:21:41.282 | 02:21   38ms  210M   56G  24/ 31U [TerranUnit] HELLION from FACTORY at (71.5, 161.5)
2024-11-26 18:21:41.736 | 02:22   41ms  215M   64G  26/ 31U [GameAnalyzer] Income advantage is now SlightAdvantage
2024-11-26 18:21:41.817 | 02:23   36ms  215M   64G  26/ 31U [GameAnalyzer] Income advantage is now Even
2024-11-26 18:21:45.579 | 02:31   35ms  410M  100G  26/ 31U [Expand] Expanding to (61.5, 146.5)
2024-11-26 18:21:45.754 | 02:32   37ms   10M  100G  26/ 31U [ChatManager] Tag:E_zergling
2024-11-26 18:21:46.359 | 02:33   38ms   35M  104G  26/ 31U [GameAnalyzer] Income advantage is now SlightAdvantage
2024-11-26 18:21:46.481 | 02:33  117ms   35M  104G  26/ 31U [GameAnalyzer] Income advantage is now Even
2024-11-26 18:21:46.577 | 02:34   35ms   40M  104G  26/ 31U [GameAnalyzer] Known army advantage is now Even
2024-11-26 18:21:46.578 | 02:34   35ms   40M  104G  26/ 31U [GameAnalyzer] Predicted army advantage is now Even
2024-11-26 18:21:46.962 | 02:34   39ms    0M  112G  26/ 31U [ActUnit] SCV from COMMANDCENTER at (69.5, 168.5)
2024-11-26 18:21:47.829 | 02:36   30ms   40M  120G  27/ 31U [GameAnalyzer] Income advantage is now SlightAdvantage
2024-11-26 18:21:47.940 | 02:37   40ms   45M  120G  27/ 31U [GameAnalyzer] Income advantage is now Even
2024-11-26 18:21:48.312 | 02:38   36ms   50M  120G  27/ 31U [GameAnalyzer] Income advantage is now SlightAdvantage
2024-11-26 18:21:48.505 | 02:38   35ms   85M  128G  27/ 31U [GameAnalyzer] Income advantage is now Even
2024-11-26 18:21:48.791 | 02:39   31ms   90M  128G  27/ 31U [GameAnalyzer] Income advantage is now SmallAdvantage
2024-11-26 18:21:48.792 | 02:39   31ms   90M  128G  27/ 31U [GameAnalyzer] Known army advantage is now SlightAdvantage
2024-11-26 18:21:48.793 | 02:39   31ms   90M  128G  27/ 31U [GameAnalyzer] Predicted army advantage is now SlightAdvantage
2024-11-26 18:21:50.146 | 02:42   27ms   50M  144G  27/ 31U [BuildAddon] UnitTypeId.FACTORYREACTOR to (81.0, 165.0)
2024-11-26 18:21:51.395 | 02:45   35ms   30M  106G  27/ 31U [GameAnalyzer] Income advantage is now Even
2024-11-26 18:21:51.399 | 02:45   35ms   30M  106G  27/ 31U [ChatManager] Tag:E_queen
2024-11-26 18:21:51.418 | 02:45   35ms   30M  106G  27/ 31U [DodgeRampAttack] Retreat started at 1.00 own local power against 2.00 enemy local power.
2024-11-26 18:21:51.547 | 02:45   54ms    5M   56G  27/ 31U [TerranUnit] REAPER from BARRACKS at (73.5, 169.5)
2024-11-26 18:21:52.314 | 02:47   38ms   35M   64G  28/ 31U [GameAnalyzer] Income advantage is now SlightAdvantage
2024-11-26 18:21:52.518 | 02:47   43ms   40M   68G  28/ 31U [GameAnalyzer] Income advantage is now Even
2024-11-26 18:21:52.612 | 02:47   43ms   40M   68G  28/ 31U [GameAnalyzer] Income advantage is now SlightAdvantage
2024-11-26 18:21:52.814 | 02:48   37ms   45M   72G  28/ 31U [GameAnalyzer] Income advantage is now Even
2024-11-26 18:21:52.913 | 02:48   49ms    0M   72G  28/ 31U [ActUnit] SCV from COMMANDCENTER at (69.5, 168.5)
2024-11-26 18:21:53.108 | 02:48   39ms    5M   76G  29/ 31U [GameAnalyzer] Income advantage is now SlightAdvantage
2024-11-26 18:21:53.410 | 02:49   40ms   10M   80G  29/ 31U [GameAnalyzer] Income advantage is now Even
2024-11-26 18:21:53.694 | 02:50   39ms   30M   80G  29/ 31U [GameAnalyzer] Income advantage is now SlightAdvantage
2024-11-26 18:21:53.795 | 02:50   43ms   30M   84G  29/ 31U [GameAnalyzer] Income advantage is now Even
2024-11-26 18:21:54.081 | 02:51   35ms   45M   88G  29/ 31U [GameAnalyzer] Income advantage is now SlightAdvantage
2024-11-26 18:21:54.448 | 02:51   39ms   50M   92G  29/ 31U [GameAnalyzer] Income advantage is now Even
2024-11-26 18:21:54.639 | 02:52   38ms   55M   96G  29/ 31U [GameAnalyzer] Income advantage is now SlightAdvantage
2024-11-26 18:21:54.827 | 02:52   37ms   85M   96G  29/ 31U [GameAnalyzer] Income advantage is now Even
2024-11-26 18:21:55.011 | 02:53   36ms   85M   96G  29/ 31U [GameAnalyzer] Income advantage is now SlightAdvantage
2024-11-26 18:21:55.201 | 02:53   38ms   90M  100G  29/ 31U [GameAnalyzer] Income advantage is now Even
2024-11-26 18:21:55.392 | 02:54   36ms  100M  104G  29/ 31U [GameAnalyzer] Income advantage is now SlightAdvantage
2024-11-26 18:21:55.397 | 02:54   36ms    0M  104G  29/ 31U [TerranUnit] HELLION from FACTORY at (71.5, 161.5)
2024-11-26 18:21:55.501 | 02:54   49ms    0M  104G  31/ 31U [GameAnalyzer] Income advantage is now Even
2024-11-26 18:21:55.699 | 02:54   44ms   20M  108G  31/ 31U [GameAnalyzer] Income advantage is now SlightAdvantage
2024-11-26 18:21:55.993 | 02:55   38ms   20M  112G  31/ 31U [GameAnalyzer] Income advantage is now Even
2024-11-26 18:21:56.178 | 02:55   36ms   30M  112G  31/ 31U [GameAnalyzer] Income advantage is now SlightAdvantage
2024-11-26 18:21:56.463 | 02:56   35ms   40M  116G  31/ 31U [GameAnalyzer] Income advantage is now Even
2024-11-26 18:21:57.412 | 02:58   40ms   70M  128G  31/ 31U [GameAnalyzer] Income advantage is now SlightAdvantage
2024-11-26 18:21:57.515 | 02:58   44ms   70M  128G  31/ 31U [GameAnalyzer] Income advantage is now Even
2024-11-26 18:21:57.899 | 02:59   41ms   95M  132G  31/ 31U [GameAnalyzer] Income advantage is now SlightAdvantage
2024-11-26 18:21:58.097 | 03:00   42ms   20M  136G  31/ 31U [GameAnalyzer] Income advantage is now Even
2024-11-26 18:21:58.603 | 03:01   42ms   45M  144G  31/ 31U [GameAnalyzer] Income advantage is now SlightAdvantage
2024-11-26 18:21:58.712 | 03:01   40ms   45M  144G  31/ 31U [GameAnalyzer] Income advantage is now Even
2024-11-26 18:21:58.983 | 03:01  119ms   60M  144G  31/ 31U [GameAnalyzer] Income advantage is now SlightAdvantage
2024-11-26 18:21:59.261 | 03:02   37ms   60M  148G  31/ 31U [GameAnalyzer] Income advantage is now Even
2024-11-26 18:21:59.461 | 03:03   41ms   65M  152G  31/ 31U [GameAnalyzer] Income advantage is now SlightAdvantage
2024-11-26 18:21:59.759 | 03:03   45ms   70M  156G  31/ 31U [GameAnalyzer] Income advantage is now Even
2024-11-26 18:22:00.532 | 03:05   42ms   45M  164G  31/ 39U [ActUnit] SCV from COMMANDCENTER at (69.5, 168.5)
2024-11-26 18:22:00.545 | 03:05   42ms   45M  164G  31/ 39U [DodgeRampAttack] Retreat stopped.
2024-11-26 18:22:00.652 | 03:05   44ms   60M  168G  32/ 39U [DodgeRampAttack] Supply is 32 -> attack!
2024-11-26 18:22:00.653 | 03:05   44ms   60M  168G  32/ 39U [DodgeRampAttack] Attack started at 4.00 power.
2024-11-26 18:22:01.204 | 03:06   40ms   80M  172G  32/ 39U [GameAnalyzer] Income advantage is now SlightAdvantage
2024-11-26 18:22:01.402 | 03:07   40ms   80M  176G  32/ 39U [GameAnalyzer] Income advantage is now Even
2024-11-26 18:22:01.512 | 03:07   43ms   85M  176G  32/ 39U [GameAnalyzer] Income advantage is now SlightAdvantage
2024-11-26 18:22:01.805 | 03:08   38ms   85M  180G  32/ 39U [GameAnalyzer] Income advantage is now Even
2024-11-26 18:22:01.901 | 03:08   43ms   90M  180G  32/ 39U [GameAnalyzer] Income advantage is now SlightAdvantage
2024-11-26 18:22:02.244 | 03:09   44ms   95M  184G  32/ 39U [GameAnalyzer] Income advantage is now Even
2024-11-26 18:22:02.544 | 03:09   45ms  140M  188G  32/ 39U [GameAnalyzer] Income advantage is now SlightAdvantage
2024-11-26 18:22:02.747 | 03:10   42ms  145M  192G  32/ 39U [GameAnalyzer] Income advantage is now Even
2024-11-26 18:22:03.083 | 03:10   41ms   10M   92G  32/ 39U [GameAnalyzer] Income advantage is now SlightAdvantage
2024-11-26 18:22:03.181 | 03:11   43ms   10M   96G  32/ 39U [GameAnalyzer] Income advantage is now Even
2024-11-26 18:22:03.552 | 03:11   40ms   25M  100G  32/ 39U [GameAnalyzer] Income advantage is now SlightAdvantage
2024-11-26 18:22:03.840 | 03:12   38ms   30M  100G  32/ 39U [GameAnalyzer] Income advantage is now Even
2024-11-26 18:22:04.032 | 03:12   36ms   35M  104G  32/ 39U [GameAnalyzer] Income advantage is now SlightAdvantage
2024-11-26 18:22:04.131 | 03:13   41ms   35M  108G  32/ 39U [GameAnalyzer] Income advantage is now Even
2024-11-26 18:22:05.248 | 03:15   38ms   85M  120G  32/ 39U [GameAnalyzer] Income advantage is now SlightAdvantage
2024-11-26 18:22:05.249 | 03:15   38ms   85M  120G  32/ 39U [GameAnalyzer] Known army advantage is now SmallAdvantage
2024-11-26 18:22:05.249 | 03:15   38ms   85M  120G  32/ 39U [GameAnalyzer] Predicted army advantage is now SmallAdvantage
2024-11-26 18:22:05.257 | 03:15   38ms   85M  120G  32/ 39U [BuildAddon] UnitTypeId.FACTORYTECHLAB to (74.0, 161.0)
2024-11-26 18:22:05.483 | 03:15   38ms   60M   99G  32/ 39U [GameAnalyzer] Income advantage is now Even
2024-11-26 18:22:05.880 | 03:16   42ms   80M   99G  32/ 39U [GameAnalyzer] Income advantage is now SlightAdvantage
2024-11-26 18:22:05.995 | 03:16   42ms   80M  103G  32/ 39U [GameAnalyzer] Income advantage is now Even
2024-11-26 18:22:06.311 | 03:17   40ms   85M  107G  32/ 39U [GameAnalyzer] Income advantage is now SlightAdvantage
2024-11-26 18:22:06.423 | 03:17   47ms   35M  107G  32/ 39U [ActUnit] SCV from COMMANDCENTER at (69.5, 168.5)
2024-11-26 18:22:06.545 | 03:17   49ms   35M  107G  33/ 39U [GameAnalyzer] Income advantage is now Even
2024-11-26 18:22:06.760 | 03:18   44ms   45M  111G  33/ 39U [GameAnalyzer] Income advantage is now SlightAdvantage
2024-11-26 18:22:06.874 | 03:18   48ms   45M  111G  33/ 39U [GameAnalyzer] Income advantage is now Even
2024-11-26 18:22:07.336 | 03:19   43ms   70M  115G  33/ 39U [GameAnalyzer] Income advantage is now SlightAdvantage
2024-11-26 18:22:07.701 | 03:20   40ms   75M  119G  33/ 39U [GameAnalyzer] Income advantage is now Even
2024-11-26 18:22:07.815 | 03:20   47ms   85M  123G  33/ 39U [GameAnalyzer] Income advantage is now SlightAdvantage
2024-11-26 18:22:08.123 | 03:20   42ms   90M  123G  33/ 39U [GameAnalyzer] Income advantage is now Even
2024-11-26 18:22:08.628 | 03:21   47ms  110M  127G  33/ 39U [GameAnalyzer] Income advantage is now SlightAdvantage
2024-11-26 18:22:08.918 | 03:22   45ms  110M  131G  33/ 39U [GameAnalyzer] Income advantage is now Even
2024-11-26 18:22:09.175 | 03:22   45ms  140M  131G  33/ 39U [GameAnalyzer] Income advantage is now SlightAdvantage
2024-11-26 18:22:09.412 | 03:23   44ms  140M  135G  33/ 39U [GameAnalyzer] Income advantage is now Even
2024-11-26 18:22:09.901 | 03:24   41ms  165M  139G  33/ 39U [GameAnalyzer] Income advantage is now SlightAdvantage
2024-11-26 18:22:10.334 | 03:24   42ms  175M  143G  33/ 39U [GameAnalyzer] Income advantage is now Even
2024-11-26 18:22:10.338 | 03:24   42ms   75M  143G  33/ 39U [TerranUnit] HELLION from FACTORY at (80.5, 162.5)
2024-11-26 18:22:10.344 | 03:24   42ms   75M  143G  33/ 39U [BuildAddon] UnitTypeId.FACTORYREACTOR to (83.0, 162.0)
2024-11-26 18:22:10.677 | 03:25   40ms   85M  147G  35/ 39U [GameAnalyzer] Income advantage is now SlightAdvantage
2024-11-26 18:22:10.913 | 03:25   46ms   90M  151G  35/ 39U [GameAnalyzer] Income advantage is now Even
2024-11-26 18:22:11.269 | 03:26   47ms  110M  155G  35/ 47U [GameAnalyzer] Income advantage is now SlightAdvantage
2024-11-26 18:22:11.505 | 03:26   42ms  115M  155G  35/ 47U [GameAnalyzer] Income advantage is now Even
2024-11-26 18:22:11.642 | 03:27   46ms  115M  155G  35/ 47U [GameAnalyzer] Income advantage is now SlightAdvantage
2024-11-26 18:22:12.333 | 03:28   46ms  130M  163G  35/ 47U [GameAnalyzer] Income advantage is now Even
2024-11-26 18:22:12.446 | 03:28   48ms  135M  167G  35/ 47U [GameAnalyzer] Income advantage is now SlightAdvantage
2024-11-26 18:22:13.101 | 03:29   49ms  180M  171G  35/ 47U [GameAnalyzer] Income advantage is now Even
2024-11-26 18:22:13.224 | 03:30   47ms  180M  171G  35/ 47U [GameAnalyzer] Income advantage is now SlightAdvantage
2024-11-26 18:22:13.226 | 03:30   47ms  130M  171G  35/ 47U [ActUnit] SCV from COMMANDCENTER at (69.5, 168.5)
2024-11-26 18:22:13.586 | 03:30   41ms   40M  179G  36/ 47U [GameAnalyzer] Income advantage is now Even
2024-11-26 18:22:13.934 | 03:31   42ms   65M  179G  36/ 47U [GameAnalyzer] Income advantage is now SlightAdvantage
2024-11-26 18:22:14.170 | 03:31   44ms   65M  183G  36/ 47U [GameAnalyzer] Income advantage is now Even
2024-11-26 18:22:14.279 | 03:32   44ms   70M  183G  36/ 47U [GameAnalyzer] Income advantage is now SlightAdvantage
2024-11-26 18:22:14.512 | 03:32   45ms   70M  187G  36/ 47U [GameAnalyzer] Income advantage is now Even
2024-11-26 18:22:14.619 | 03:32   45ms   70M  187G  36/ 47U [GameAnalyzer] Income advantage is now SlightAdvantage
2024-11-26 18:22:14.934 | 03:33  123ms   75M  191G  36/ 47U [GameAnalyzer] Income advantage is now Even
2024-11-26 18:22:15.173 | 03:33   45ms   95M  195G  36/ 47U [GameAnalyzer] Income advantage is now SlightAdvantage
2024-11-26 18:22:15.301 | 03:33   51ms    0M  195G  36/ 47U [TerranUnit] HELLION from FACTORY at (71.5, 161.5)
2024-11-26 18:22:15.430 | 03:34   50ms    5M  195G  38/ 47U [GameAnalyzer] Income advantage is now Even
2024-11-26 18:22:15.678 | 03:34   48ms   10M  195G  38/ 47U [GameAnalyzer] Income advantage is now SlightAdvantage
2024-11-26 18:22:15.800 | 03:34   54ms   10M  199G  38/ 47U [GameAnalyzer] Income advantage is now Even
2024-11-26 18:22:15.929 | 03:34   48ms   10M  199G  38/ 47U [GameAnalyzer] Income advantage is now SlightAdvantage
2024-11-26 18:22:16.053 | 03:35   54ms   10M  203G  38/ 47U [GameAnalyzer] Income advantage is now Even
2024-11-26 18:22:16.412 | 03:35   49ms   35M  203G  38/ 47U [GameAnalyzer] Income advantage is now SlightAdvantage
2024-11-26 18:22:16.536 | 03:36   50ms   60M  207G  38/ 47U [GameAnalyzer] Income advantage is now Even
2024-11-26 18:22:16.543 | 03:36   50ms   10M  207G  38/ 47U [TerranUnit] MARINE from BARRACKS at (78.5, 165.5)
2024-11-26 18:22:16.906 | 03:36   43ms   25M  211G  39/ 47U [GameAnalyzer] Income advantage is now SlightAdvantage
2024-11-26 18:22:17.350 | 03:37  119ms   25M  211G  39/ 47U [GameAnalyzer] Income advantage is now Even
2024-11-26 18:22:17.476 | 03:37   49ms   25M  215G  39/ 47U [GameAnalyzer] Income advantage is now SlightAdvantage
2024-11-26 18:22:17.712 | 03:38   43ms   35M  219G  39/ 47U [GameAnalyzer] Income advantage is now Even
2024-11-26 18:22:17.965 | 03:38   50ms    0M  219G  39/ 47U [TerranUnit] MARINE from BARRACKS at (78.5, 165.5)
2024-11-26 18:22:18.427 | 03:39   46ms   15M  223G  40/ 47U [GameAnalyzer] Income advantage is now SlightAdvantage
2024-11-26 18:22:18.550 | 03:39   51ms   15M  227G  40/ 47U [GameAnalyzer] Income advantage is now Even
2024-11-26 18:22:19.703 | 03:41  138ms   55M  235G  40/ 47U [GameAnalyzer] Income advantage is now SlightAdvantage
2024-11-26 18:22:19.934 | 03:42   41ms   55M  239G  40/ 47U [GameAnalyzer] Income advantage is now Even
2024-11-26 18:22:20.048 | 03:42   40ms   10M  239G  40/ 47U [ActUnit] SCV from COMMANDCENTER at (69.5, 168.5)
2024-11-26 18:22:20.164 | 03:42   48ms   15M  243G  41/ 47U [GameAnalyzer] Income advantage is now SlightAdvantage
2024-11-26 18:22:20.427 | 03:42   49ms   50M  243G  41/ 47U [GameAnalyzer] Income advantage is now Even
2024-11-26 18:22:26.516 | 03:53   45ms   60M  303G  41/ 62U [TerranUnit] MARINE from BARRACKS at (78.5, 165.5)
2024-11-26 18:22:26.882 | 03:54   45ms   10M  307G  42/ 62U [ActUnit] SCV from COMMANDCENTER at (69.5, 168.5)
2024-11-26 18:22:27.219 | 03:55   45ms   20M  311G  43/ 70U [GameAnalyzer] Known army advantage is now ClearAdvantage
2024-11-26 18:22:27.220 | 03:55   45ms   20M  311G  43/ 70U [GameAnalyzer] Predicted army advantage is now ClearAdvantage
2024-11-26 18:22:27.447 | 03:55   42ms   35M  315G  43/ 70U [GameAnalyzer] Income advantage is now SlightAdvantage
2024-11-26 18:22:27.567 | 03:55   49ms   40M  315G  43/ 70U [GameAnalyzer] Income advantage is now Even
2024-11-26 18:22:27.685 | 03:56   45ms   50M  315G  43/ 70U [GameAnalyzer] Income advantage is now SlightAdvantage
2024-11-26 18:22:27.819 | 03:56   47ms   75M  315G  43/ 70U [GameAnalyzer] Income advantage is now Even
2024-11-26 18:22:27.820 | 03:56   47ms   75M  315G  43/ 70U [ChatManager] Tag:E_roach
2024-11-26 18:22:27.828 | 03:56   47ms   25M  315G  43/ 70U [TerranUnit] MARINE from BARRACKS at (78.5, 165.5)
2024-11-26 18:22:27.952 | 03:56   62ms   30M  315G  44/ 70U [GameAnalyzer] Income advantage is now SlightAdvantage
2024-11-26 18:22:28.278 | 03:57  126ms   35M  319G  44/ 70U [GameAnalyzer] Income advantage is now Even
2024-11-26 18:22:29.469 | 03:59   50ms   75M  331G  44/ 70U [GameAnalyzer] Income advantage is now SlightAdvantage
2024-11-26 18:22:29.847 | 03:59   46ms   75M  335G  44/ 70U [GameAnalyzer] Income advantage is now Even
2024-11-26 18:22:30.289 | 04:00   45ms  110M  339G  44/ 70U [GameAnalyzer] Income advantage is now SlightAdvantage
2024-11-26 18:22:30.539 | 04:00   50ms  115M  339G  44/ 70U [GameAnalyzer] Income advantage is now Even
2024-11-26 18:22:30.785 | 04:01   50ms  125M  343G  44/ 70U [GameAnalyzer] Income advantage is now SlightAdvantage
2024-11-26 18:22:30.908 | 04:01   53ms  125M  343G  44/ 70U [GameAnalyzer] Income advantage is now Even
2024-11-26 18:22:31.398 | 04:02   48ms  145M  347G  44/ 70U [GameAnalyzer] Income advantage is now SlightAdvantage
2024-11-26 18:22:31.649 | 04:02   52ms  165M  351G  44/ 70U [GameAnalyzer] Income advantage is now Even
2024-11-26 18:22:31.925 | 04:03   61ms  195M  355G  44/ 70U [GameAnalyzer] Income advantage is now SlightAdvantage
2024-11-26 18:22:32.862 | 04:04   58ms  205M  363G  44/ 70U [GameAnalyzer] Income advantage is now Even
2024-11-26 18:22:32.863 | 04:04   58ms  205M  363G  44/ 70U [ChatManager] Tag:E_overlord
2024-11-26 18:22:33.258 | 04:05   52ms  235M  363G  44/ 70U [GameAnalyzer] Income advantage is now SlightAdvantage
2024-11-26 18:22:33.647 | 04:05   56ms  240M  367G  44/ 70U [GameAnalyzer] Income advantage is now Even
2024-11-26 18:22:34.113 | 04:06   55ms  260M  371G  44/ 70U [GameAnalyzer] Income advantage is now SlightAdvantage
2024-11-26 18:22:34.113 | 04:06   55ms  260M  371G  44/ 70U [GameAnalyzer] Known army advantage is now SmallAdvantage
2024-11-26 18:22:34.114 | 04:06   55ms  260M  371G  44/ 70U [GameAnalyzer] Predicted army advantage is now SmallAdvantage
2024-11-26 18:22:34.247 | 04:06   56ms  270M  371G  44/ 70U [GameAnalyzer] Income advantage is now SmallAdvantage
2024-11-26 18:22:34.249 | 04:06   56ms  220M  371G  44/ 70U [ActUnit] SCV from COMMANDCENTER at (69.5, 168.5)
2024-11-26 18:22:34.275 | 04:06   56ms  220M  371G  44/ 70U [DodgeRampAttack] Retreat started at 5.98 own local power against 9.18 enemy local power.
2024-11-26 18:22:34.399 | 04:07   62ms  225M  375G  45/ 70U [GameAnalyzer] Income advantage is now Even
2024-11-26 18:22:34.522 | 04:07   54ms  230M  375G  45/ 70U [GameAnalyzer] Income advantage is now SlightAdvantage
2024-11-26 18:22:35.385 | 04:08   55ms  255M  383G  43/ 70U [GameAnalyzer] Income advantage is now SmallAdvantage
2024-11-26 18:22:35.726 | 04:09   64ms  265M  387G  43/ 70U [GameAnalyzer] Income advantage is now SlightAdvantage
2024-11-26 18:22:36.208 | 04:10   52ms  290M  391G  43/ 70U [GameAnalyzer] Income advantage is now SmallAdvantage
2024-11-26 18:22:36.331 | 04:10   54ms  290M  395G  43/ 70U [GameAnalyzer] Income advantage is now SlightAdvantage
2024-11-26 18:22:36.582 | 04:10   54ms  295M  395G  43/ 70U [GameAnalyzer] Income advantage is now Even
2024-11-26 18:22:36.704 | 04:11   52ms  320M  395G  43/ 70U [GameAnalyzer] Income advantage is now SlightAdvantage
2024-11-26 18:22:36.709 | 04:11   52ms  170M  270G  43/ 70U [TerranUnit] SIEGETANK from FACTORY at (71.5, 161.5)
2024-11-26 18:22:36.946 | 04:11   51ms  205M  274G  46/ 70U [GameAnalyzer] Known army advantage is now Even
2024-11-26 18:22:36.947 | 04:11   51ms  205M  274G  46/ 70U [GameAnalyzer] Predicted army advantage is now Even
2024-11-26 18:22:37.081 | 04:11   51ms  155M  274G  46/ 70U [TerranUnit] MARINE from BARRACKS at (78.5, 165.5)
2024-11-26 18:22:37.504 | 04:12   50ms  165M  278G  46/ 70U [GameAnalyzer] Income advantage is now SmallAdvantage
2024-11-26 18:22:37.624 | 04:12  135ms  170M  278G  44/ 70U [GameAnalyzer] Income advantage is now SlightAdvantage
2024-11-26 18:22:37.625 | 04:12  135ms  170M  278G  44/ 70U [GameAnalyzer] Known army advantage is now SlightDisadvantage
2024-11-26 18:22:37.626 | 04:12  135ms  170M  278G  44/ 70U [GameAnalyzer] Predicted army advantage is now SlightDisadvantage
2024-11-26 18:22:38.449 | 04:14   55ms  150M  286G  43/ 70U [TerranUnit] MARINE from BARRACKS at (78.5, 165.5)
2024-11-26 18:22:39.244 | 04:15  134ms  135M  294G  44/ 70U [ActUnit] SCV from COMMANDCENTER at (61.5, 146.5)
2024-11-26 18:22:39.793 | 04:16   51ms  160M  302G  44/ 70U [GameAnalyzer] Income advantage is now SmallAdvantage
2024-11-26 18:22:39.906 | 04:16   53ms  160M  302G  44/ 70U [GameAnalyzer] Income advantage is now SlightAdvantage
2024-11-26 18:22:40.955 | 04:18   51ms  230M  314G  44/ 70U [GameAnalyzer] Income advantage is now SmallAdvantage
2024-11-26 18:22:41.084 | 04:19   52ms  235M  314G  44/ 70U [GameAnalyzer] Income advantage is now SlightAdvantage
2024-11-26 18:22:41.085 | 04:19   52ms  185M  314G  44/ 70U [ActUnit] SCV from COMMANDCENTER at (69.5, 168.5)
2024-11-26 18:22:41.620 | 04:20   50ms  230M  322G  45/ 70U [GameAnalyzer] Income advantage is now SmallAdvantage
2024-11-26 18:22:41.847 | 04:20   49ms  235M  322G  45/ 70U [GameAnalyzer] Income advantage is now SlightAdvantage
2024-11-26 18:22:42.164 | 04:21   48ms  240M  326G  45/ 70U [GameAnalyzer] Income advantage is now SmallAdvantage
2024-11-26 18:22:42.346 | 04:21   50ms  240M  326G  45/ 70U [GameAnalyzer] Income advantage is now SlightAdvantage
2024-11-26 18:22:42.459 | 04:21  129ms  255M  330G  45/ 70U [GameAnalyzer] Income advantage is now SmallAdvantage
2024-11-26 18:22:42.568 | 04:22   51ms  260M  330G  45/ 70U [GameAnalyzer] Income advantage is now SlightAdvantage
2024-11-26 18:22:42.673 | 04:22   48ms  265M  334G  45/ 70U [GameAnalyzer] Income advantage is now SmallAdvantage
2024-11-26 18:22:42.794 | 04:22   47ms  275M  334G  45/ 70U [GameAnalyzer] Income advantage is now SlightAdvantage
2024-11-26 18:22:43.132 | 04:23   50ms  295M  338G  45/ 70U [GameAnalyzer] Income advantage is now SmallAdvantage
2024-11-26 18:22:43.351 | 04:23   46ms  300M  338G  45/ 70U [GameAnalyzer] Income advantage is now SlightAdvantage
2024-11-26 18:22:43.781 | 04:24   47ms  370M  342G  45/ 70U [GameAnalyzer] Income advantage is now SmallAdvantage
2024-11-26 18:22:43.887 | 04:24   52ms  375M  346G  45/ 70U [GameAnalyzer] Income advantage is now SlightAdvantage
2024-11-26 18:22:44.618 | 04:26   52ms  305M  250G  45/ 70U [TerranUnit] MEDIVAC from STARPORT at (73.5, 158.5)
2024-11-26 18:22:44.740 | 04:26   52ms  310M  254G  47/ 70U [BuildAddon] UnitTypeId.FACTORYREACTOR to (83.0, 162.0)
2024-11-26 18:22:44.954 | 04:26   50ms  275M  208G  47/ 70U [GameAnalyzer] Income advantage is now SmallAdvantage
2024-11-26 18:22:45.078 | 04:26   49ms  280M  208G  47/ 70U [GameAnalyzer] Income advantage is now SlightAdvantage
2024-11-26 18:22:45.094 | 04:26   49ms  280M  208G  47/ 70U [DodgeRampAttack] Retreat stopped.
2024-11-26 18:22:45.194 | 04:27   52ms  280M  208G  47/ 70U [DodgeRampAttack] Supply is 47 -> attack!
2024-11-26 18:22:45.195 | 04:27   52ms  280M  208G  47/ 70U [DodgeRampAttack] Attack started at 8.00 power.
2024-11-26 18:22:45.512 | 04:27   45ms  305M  212G  47/ 70U [GameAnalyzer] Income advantage is now SmallAdvantage
2024-11-26 18:22:45.514 | 04:27   45ms  255M  212G  47/ 70U [ActUnit] SCV from COMMANDCENTER at (61.5, 146.5)
2024-11-26 18:22:45.952 | 04:28   50ms  265M  216G  48/ 70U [GameAnalyzer] Income advantage is now SlightAdvantage
2024-11-26 18:22:46.062 | 04:28   53ms  270M  216G  48/ 70U [GameAnalyzer] Income advantage is now SmallAdvantage
2024-11-26 18:22:46.288 | 04:29   47ms  280M  220G  48/ 70U [GameAnalyzer] Income advantage is now SlightAdvantage
2024-11-26 18:22:46.518 | 04:29   49ms  295M  224G  48/ 70U [GameAnalyzer] Income advantage is now SmallAdvantage
2024-11-26 18:22:46.524 | 04:29   49ms  245M  224G  48/ 70U [TerranUnit] MARINE from BARRACKS at (78.5, 165.5)
2024-11-26 18:22:47.006 | 04:30   49ms  255M  228G  49/ 70U [GameAnalyzer] Income advantage is now Even
2024-11-26 18:22:47.128 | 04:30   58ms  265M  228G  49/ 70U [GameAnalyzer] Income advantage is now SlightAdvantage
2024-11-26 18:22:47.370 | 04:31   52ms  310M  232G  49/ 70U [GameAnalyzer] Income advantage is now SmallAdvantage
2024-11-26 18:22:47.576 | 04:31   54ms  335M  232G  49/ 70U [GameAnalyzer] Income advantage is now SlightAdvantage
2024-11-26 18:22:47.578 | 04:31   54ms  285M  232G  49/ 70U [ActUnit] SCV from COMMANDCENTER at (69.5, 168.5)
2024-11-26 18:22:47.944 | 04:32   55ms  300M  236G  50/ 70U [GameAnalyzer] Income advantage is now SmallAdvantage
2024-11-26 18:22:47.945 | 04:32   55ms  300M  236G  50/ 70U [GameAnalyzer] Known army advantage is now Even
2024-11-26 18:22:47.946 | 04:32   55ms  300M  236G  50/ 70U [GameAnalyzer] Predicted army advantage is now Even
2024-11-26 18:22:47.950 | 04:32   55ms  250M  236G  50/ 70U [TerranUnit] MARINE from BARRACKS at (78.5, 165.5)
2024-11-26 18:22:48.205 | 04:32   52ms  265M  240G  51/ 70U [GameAnalyzer] Income advantage is now SlightAdvantage
2024-11-26 18:22:48.450 | 04:32   51ms  280M  240G  51/ 70U [GameAnalyzer] Income advantage is now SmallAdvantage
2024-11-26 18:22:48.588 | 04:33   58ms  285M  240G  51/ 70U [GameAnalyzer] Income advantage is now SlightAdvantage
2024-11-26 18:22:48.712 | 04:33   59ms  295M  240G  51/ 70U [GameAnalyzer] Income advantage is now SmallAdvantage
2024-11-26 18:22:49.119 | 04:34   58ms  295M  248G  51/ 70U [GameAnalyzer] Income advantage is now SlightAdvantage
2024-11-26 18:22:49.335 | 04:34   61ms  300M  248G  51/ 70U [GameAnalyzer] Income advantage is now SmallAdvantage
2024-11-26 18:22:49.880 | 04:35   56ms  325M  252G  51/ 70U [GameAnalyzer] Income advantage is now SlightAdvantage
2024-11-26 18:22:50.152 | 04:35   55ms  340M  256G  51/ 70U [GameAnalyzer] Income advantage is now SmallAdvantage
2024-11-26 18:22:50.844 | 04:36   56ms  360M  260G  51/ 70U [GameAnalyzer] Income advantage is now SlightAdvantage
2024-11-26 18:22:50.985 | 04:36   63ms  365M  260G  51/ 70U [GameAnalyzer] Income advantage is now SmallAdvantage
2024-11-26 18:22:51.126 | 04:37   60ms  370M  264G  51/ 70U [GameAnalyzer] Income advantage is now SlightAdvantage
2024-11-26 18:22:51.266 | 04:37   62ms  380M  264G  51/ 70U [GameAnalyzer] Income advantage is now SmallAdvantage
2024-11-26 18:22:51.484 | 04:37   60ms  385M  264G  51/ 70U [GameAnalyzer] Income advantage is now SlightAdvantage
2024-11-26 18:22:51.757 | 04:37   62ms  435M  268G  51/ 70U [GameAnalyzer] Income advantage is now SmallAdvantage
2024-11-26 18:22:52.030 | 04:38   56ms  440M  268G  51/ 70U [GameAnalyzer] Income advantage is now SlightAdvantage
2024-11-26 18:22:52.177 | 04:38   58ms  440M  272G  51/ 70U [GameAnalyzer] Income advantage is now SmallAdvantage
2024-11-26 18:22:52.600 | 04:39   53ms  470M  272G  51/ 70U [GameAnalyzer] Income advantage is now SlightAdvantage
2024-11-26 18:22:52.731 | 04:39   59ms  485M  276G  51/ 70U [GameAnalyzer] Income advantage is now SmallAdvantage
2024-11-26 18:22:53.210 | 04:40   56ms  460M  280G  51/ 70U [ActUnit] SCV from COMMANDCENTER at (61.5, 146.5)
2024-11-26 18:22:53.350 | 04:40   58ms  465M  280G  52/ 70U [GameAnalyzer] Income advantage is now SlightAdvantage
2024-11-26 18:22:53.488 | 04:40   57ms  465M  280G  52/ 70U [GameAnalyzer] Income advantage is now SmallAdvantage
2024-11-26 18:22:54.034 | 04:41   60ms  485M  288G  52/ 70U [GameAnalyzer] Income advantage is now SlightAdvantage
2024-11-26 18:22:54.325 | 04:41   64ms  505M  288G  52/ 70U [GameAnalyzer] Income advantage is now SmallAdvantage
2024-11-26 18:22:54.844 | 04:42   59ms  525M  292G  52/ 70U [GameAnalyzer] Income advantage is now SlightAdvantage
2024-11-26 18:22:54.982 | 04:42  143ms  535M  292G  52/ 70U [GameAnalyzer] Income advantage is now SmallAdvantage
2024-11-26 18:22:55.259 | 04:43   58ms  540M  296G  52/ 70U [GameAnalyzer] Known army advantage is now SlightAdvantage
2024-11-26 18:22:55.260 | 04:43   58ms  540M  296G  52/ 70U [GameAnalyzer] Predicted army advantage is now SlightAdvantage
2024-11-26 18:22:55.266 | 04:43   58ms  390M  171G  52/ 70U [TerranUnit] SIEGETANK from FACTORY at (71.5, 161.5)
2024-11-26 18:22:55.549 | 04:43   64ms  350M  171G  55/ 70U [ActUnit] SCV from COMMANDCENTER at (69.5, 168.5)
2024-11-26 18:22:55.828 | 04:44   58ms  255M  175G  56/ 70U [GameAnalyzer] Income advantage is now SlightAdvantage
2024-11-26 18:22:55.963 | 04:44   57ms  265M  179G  56/ 70U [GameAnalyzer] Income advantage is now SmallAdvantage
2024-11-26 18:22:57.991 | 04:47   60ms  400M  195G  56/ 70U [GameAnalyzer] Income advantage is now SlightAdvantage
2024-11-26 18:22:57.992 | 04:47   60ms  400M  195G  56/ 70U [GameAnalyzer] Known army advantage is now SmallAdvantage
2024-11-26 18:22:57.993 | 04:47   60ms  400M  195G  56/ 70U [GameAnalyzer] Predicted army advantage is now SmallAdvantage
2024-11-26 18:22:57.998 | 04:47   60ms  350M  195G  56/ 70U [TerranUnit] MARINE from BARRACKS at (78.5, 165.5)
2024-11-26 18:22:58.137 | 04:47   68ms  360M  195G  57/ 70U [GameAnalyzer] Income advantage is now SmallAdvantage
2024-11-26 18:22:59.107 | 04:49   83ms  390M  203G  57/ 70U [GameAnalyzer] Income advantage is now SlightAdvantage
2024-11-26 18:22:59.254 | 04:49   66ms  395M  203G  57/ 70U [GameAnalyzer] Income advantage is now SmallAdvantage
2024-11-26 18:22:59.688 | 04:49   61ms  370M  207G  57/ 70U [TerranUnit] MARINE from BARRACKS at (78.5, 165.5)
2024-11-26 18:22:59.995 | 04:50   64ms  375M  211G  58/ 70U [GameAnalyzer] Income advantage is now SlightAdvantage
2024-11-26 18:23:00.297 | 04:50   66ms  400M  211G  58/ 70U [GameAnalyzer] Income advantage is now SmallAdvantage
2024-11-26 18:23:01.437 | 04:52   63ms  460M  219G  58/ 70U [GameAnalyzer] Income advantage is now SlightAdvantage
2024-11-26 18:23:01.440 | 04:52   63ms  410M  219G  58/ 70U [ActUnit] SCV from COMMANDCENTER at (61.5, 146.5)
2024-11-26 18:23:01.599 | 04:52   70ms  450M  223G  59/ 70U [GameAnalyzer] Income advantage is now SmallAdvantage
2024-11-26 18:23:04.140 | 04:55   63ms  490M  239G  59/ 70U [ActUnit] SCV from COMMANDCENTER at (69.5, 168.5)
2024-11-26 18:23:05.597 | 04:57   69ms  555M  251G  60/ 70U [GameAnalyzer] Income advantage is now SlightAdvantage
2024-11-26 18:23:05.750 | 04:58   71ms  555M  251G  60/ 70U [GameAnalyzer] Income advantage is now SmallAdvantage
2024-11-26 18:23:07.218 | 05:00   68ms  665M  263G  60/ 70U [ChatManager] Tag:E_Macro
2024-11-26 18:23:08.555 | 05:02   67ms  615M  175G  60/ 70U [TerranUnit] MEDIVAC from STARPORT at (73.5, 158.5)
2024-11-26 18:23:08.702 | 05:02   82ms  625M  175G  62/ 70U [GameAnalyzer] Income advantage is now SlightAdvantage
2024-11-26 18:23:10.503 | 05:04   63ms  422M  187G  62/ 70U [ActUnit] SCV from COMMANDCENTER at (61.5, 146.5)
2024-11-26 18:23:10.659 | 05:04   70ms  430M  187G  63/ 70U [GameAnalyzer] Income advantage is now SmallAdvantage
2024-11-26 18:23:10.804 | 05:05   69ms  435M  191G  63/ 70U [GameAnalyzer] Income advantage is now SlightAdvantage
2024-11-26 18:23:10.950 | 05:05   66ms  435M  191G  63/ 70U [GameAnalyzer] Income advantage is now SmallAdvantage
2024-11-26 18:23:10.956 | 05:05   66ms  385M  191G  63/ 70U [TerranUnit] MARINE from BARRACKS at (78.5, 165.5)
2024-11-26 18:23:11.278 | 05:05   66ms  412M  191G  64/ 70U [GameAnalyzer] Income advantage is now SlightAdvantage
2024-11-26 18:23:12.767 | 05:07   71ms  561M  203G  64/ 70U [GameAnalyzer] Income advantage is now SmallAdvantage
2024-11-26 18:23:12.774 | 05:07   71ms  511M  203G  64/ 70U [TerranUnit] MARINE from BARRACKS at (78.5, 165.5)
2024-11-26 18:23:12.958 | 05:08   72ms  516M  207G  65/ 70U [GameAnalyzer] Income advantage is now SlightAdvantage
2024-11-26 18:23:13.121 | 05:08   70ms  471M  207G  65/ 70U [ActUnit] SCV from COMMANDCENTER at (69.5, 168.5)
2024-11-26 18:23:13.291 | 05:08   71ms  481M  207G  66/ 70U [GameAnalyzer] Income advantage is now SmallAdvantage
2024-11-26 18:23:15.946 | 05:11   63ms  421M  177G  64/ 78U [TerranUnit] CYCLONE from FACTORY at (80.5, 162.5)
2024-11-26 18:23:16.776 | 05:12   76ms  466M  181G  66/ 78U [GameAnalyzer] Income advantage is now SlightAdvantage
2024-11-26 18:23:17.017 | 05:13   86ms  471M  181G  66/ 78U [GameAnalyzer] Income advantage is now SmallAdvantage
2024-11-26 18:23:18.586 | 05:15   65ms  401M   72G  63/ 78U [TerranUnit] SIEGETANK from FACTORY at (71.5, 161.5)
2024-11-26 18:23:19.593 | 05:16   76ms  456M   80G  65/ 78U [GameAnalyzer] Income advantage is now SlightAdvantage
2024-11-26 18:23:19.747 | 05:16   70ms  471M   80G  65/ 78U [GameAnalyzer] Income advantage is now SmallAdvantage
2024-11-26 18:23:19.749 | 05:16   70ms  421M   80G  65/ 78U [ActUnit] SCV from COMMANDCENTER at (61.5, 146.5)
2024-11-26 18:23:20.734 | 05:18   68ms  466M   88G  66/ 78U [GameAnalyzer] Known army advantage is now ClearAdvantage
2024-11-26 18:23:20.735 | 05:18   68ms  466M   88G  66/ 78U [GameAnalyzer] Predicted army advantage is now ClearAdvantage
2024-11-26 18:23:20.884 | 05:18   66ms  471M   88G  66/ 78U [GameAnalyzer] Income advantage is now ClearAdvantage
2024-11-26 18:23:21.045 | 05:18   67ms  471M   88G  66/ 78U [GameAnalyzer] Income advantage is now SmallAdvantage
2024-11-26 18:23:22.246 | 05:20   68ms  471M   96G  66/ 78U [ActUnit] SCV from COMMANDCENTER at (69.5, 168.5)
2024-11-26 18:23:22.918 | 05:21   62ms  476M  104G  67/ 78U [GameAnalyzer] Income advantage is now SlightAdvantage
2024-11-26 18:23:23.077 | 05:21   70ms  486M  104G  67/ 78U [GameAnalyzer] Income advantage is now SmallAdvantage
2024-11-26 18:23:24.129 | 05:23   65ms  522M  112G  67/ 78U [GameAnalyzer] Income advantage is now SlightAdvantage
2024-11-26 18:23:24.134 | 05:23   65ms  472M  112G  67/ 78U [TerranUnit] MARINE from BARRACKS at (78.5, 165.5)
2024-11-26 18:23:24.314 | 05:23   77ms  487M  112G  68/ 78U [GameAnalyzer] Income advantage is now SmallAdvantage
2024-11-26 18:23:25.435 | 05:25   66ms  517M  120G  68/ 78U [GameAnalyzer] Income advantage is now SlightAdvantage
2024-11-26 18:23:25.598 | 05:25   67ms  517M  124G  68/ 78U [GameAnalyzer] Income advantage is now SmallAdvantage
2024-11-26 18:23:25.913 | 05:25   69ms  486M  128G  68/ 78U [TerranUnit] MARINE from BARRACKS at (78.5, 165.5)
2024-11-26 18:23:26.449 | 05:26   77ms  500M  128G  69/ 86U [GameAnalyzer] Income advantage is now SlightAdvantage
2024-11-26 18:23:26.613 | 05:26   70ms  414M  132G  69/ 86U [GameAnalyzer] Income advantage is now SmallAdvantage
2024-11-26 18:23:28.119 | 05:28   80ms  485M  144G  69/ 86U [GameAnalyzer] Income advantage is now SlightAdvantage
2024-11-26 18:23:28.281 | 05:28   69ms  494M  144G  69/ 86U [GameAnalyzer] Income advantage is now SmallAdvantage
2024-11-26 18:23:28.594 | 05:29   64ms  448M  144G  69/ 86U [ActUnit] SCV from COMMANDCENTER at (61.5, 146.5)
2024-11-26 18:23:31.422 | 05:32   69ms  510M  164G  70/ 86U [ActUnit] SCV from COMMANDCENTER at (69.5, 168.5)
2024-11-26 18:23:31.836 | 05:33   75ms  535M  168G  71/ 86U [GameAnalyzer] Income advantage is now ClearAdvantage
2024-11-26 18:23:32.233 | 05:33   96ms  535M  168G  71/ 86U [GameAnalyzer] Income advantage is now SmallAdvantage
2024-11-26 18:23:34.040 | 05:35   69ms  615M  180G  71/ 86U [GameAnalyzer] Income advantage is now ClearAdvantage
2024-11-26 18:23:34.226 | 05:35   74ms  620M  184G  71/ 86U [GameAnalyzer] Income advantage is now SmallAdvantage
2024-11-26 18:23:35.831 | 05:37   72ms  695M  192G  71/ 86U [GameAnalyzer] Income advantage is now ClearAdvantage
2024-11-26 18:23:36.016 | 05:38   79ms  695M  192G  71/ 86U [GameAnalyzer] Income advantage is now SmallAdvantage
2024-11-26 18:23:39.426 | ERROR    | sc2.protocol:__request:50 - Cannot receive: Connection already closed.
2024-11-26 18:23:39.427 | INFO     | sc2.sc2process:_close_connection:231 - Closing connection at 63296...
2024-11-26 18:23:39.427 | INFO     | sc2.sc2process:kill_all:33 - kill_switch: Process cleanup for 1 processes
