2024-11-22 14:24:47.782 | INFO     | sc2.protocol:_execute:72 - Client status changed to Status.launched (was None)
2024-11-22 14:24:47.783 | INFO     | sc2.controller:create_game:37 - Creating new game
2024-11-22 14:24:47.784 | INFO     | sc2.controller:create_game:38 - Map:     SiteDelta513AIE
2024-11-22 14:24:47.785 | INFO     | sc2.controller:create_game:39 - Players: Bot LadderBot(Terran), Computer VeryHard(Zerg, RandomBuild)
2024-11-22 14:24:47.788 | INFO     | sc2.protocol:_execute:72 - Client status changed to Status.init_game (was Status.launched)
2024-11-22 14:24:59.115 | INFO     | sc2.protocol:_execute:72 - Client status changed to Status.in_game (was None)
2024-11-22 14:24:59.116 | INFO     | sc2.main:_play_game:221 - Player 1 - Bot LadderBot(Terran)
2024-11-22 14:24:59.946 | 00:00    0ms    0M    0G  12/ 15U [Version] 5.0.13.92440
2024-11-22 14:24:59.947 | 00:00    0ms    0M    0G  12/ 15U [Version] 5.0.6 Balance mod recognized.
2024-11-22 14:25:00.114 | 00:00    0ms    0M    0G  12/ 15U [ZoneManager] Map set to: MapName.Unknown from name: Site Delta AIE and hash: 4002476.
2024-11-22 14:25:01.699 | 00:00    0ms    0M    0G  12/ 15U [Build] Att at 70
2024-11-22 14:25:01.759 | [Start] My race: Terran
2024-11-22 14:25:01.760 | [Start] Opponent race: Zerg
2024-11-22 14:25:01.761 | [Start] OpponentId: None
2024-11-22 14:25:02.147 | 00:00   15ms    0M    0G  13/ 15U [GameAnalyzer] Income advantage is now SlightDisadvantage
2024-11-22 14:25:02.276 | 00:01   15ms    0M    0G  13/ 15U [GameAnalyzer] Income advantage is now Even
2024-11-22 14:25:05.829 | 00:14   17ms    0M    0G  13/ 15U [ActUnit] SCV from COMMANDCENTER at (50.5, 157.5)
2024-11-22 14:25:09.289 | 00:27   17ms  110M    0G  14/ 15U [ActUnit] SCV from COMMANDCENTER at (50.5, 157.5)
2024-11-22 14:25:12.764 | 00:39   17ms   70M    0G  15/ 23U [ActUnit] SCV from COMMANDCENTER at (50.5, 157.5)
2024-11-22 14:25:16.370 | 00:51   20ms  185M    0G  16/ 23U [ActUnit] SCV from COMMANDCENTER at (50.5, 157.5)
2024-11-22 14:25:20.169 | 01:04   20ms  310M    0G  17/ 23U [ActUnit] SCV from COMMANDCENTER at (50.5, 157.5)
2024-11-22 14:25:22.494 | 01:09   31ms  380M    0G  18/ 23U [GameAnalyzer] Income advantage is now SlightDisadvantage
2024-11-22 14:25:22.588 | 01:09   31ms  385M    0G  18/ 23U [GameAnalyzer] Income advantage is now SmallDisadvantage
2024-11-22 14:25:22.663 | 01:09   33ms  385M    0G  18/ 23U [GameAnalyzer] Income advantage is now SlightDisadvantage
2024-11-22 14:25:22.742 | 01:10   28ms  390M    0G  18/ 23U [GameAnalyzer] Income advantage is now SmallDisadvantage
2024-11-22 14:25:22.946 | 01:10   50ms  400M    0G  18/ 23U [Expand] Expanding to (45.5, 130.5)
2024-11-22 14:25:23.096 | 01:10   24ms    5M    0G  18/ 23U [GameAnalyzer] Income advantage is now SlightDisadvantage
2024-11-22 14:25:23.173 | 01:11   30ms    5M    0G  18/ 23U [GameAnalyzer] Income advantage is now SmallDisadvantage
2024-11-22 14:25:23.734 | 01:12   32ms   30M    0G  18/ 23U [GameAnalyzer] Income advantage is now SlightDisadvantage
2024-11-22 14:25:23.810 | 01:12   26ms   30M    0G  18/ 23U [GameAnalyzer] Income advantage is now SmallDisadvantage
2024-11-22 14:25:24.113 | 01:13   25ms   40M    0G  18/ 23U [GameAnalyzer] Income advantage is now SlightDisadvantage
2024-11-22 14:25:24.191 | 01:13   29ms   40M    0G  18/ 23U [GameAnalyzer] Income advantage is now SmallDisadvantage
2024-11-22 14:25:24.192 | 01:13   29ms   40M    0G  18/ 23U [ChatManager] Tag:E_overlord
2024-11-22 14:25:24.428 | 01:14   26ms   55M    0G  18/ 23U [GameAnalyzer] Income advantage is now SlightDisadvantage
2024-11-22 14:25:24.510 | 01:14   28ms   55M    0G  18/ 23U [GameAnalyzer] Income advantage is now SmallDisadvantage
2024-11-22 14:25:24.900 | 01:15   28ms   70M    0G  18/ 23U [GameAnalyzer] Income advantage is now Even
2024-11-22 14:25:25.069 | 01:16   25ms   30M    0G  18/ 23U [ActUnit] SCV from COMMANDCENTER at (50.5, 157.5)
2024-11-22 14:25:25.311 | 01:17   29ms   40M    0G  19/ 23U [GameAnalyzer] Predicted army advantage is now SlightDisadvantage
2024-11-22 14:25:25.389 | 01:17   30ms   40M    0G  19/ 23U [GameAnalyzer] Income advantage is now SlightDisadvantage
2024-11-22 14:25:25.546 | 01:17   26ms   40M    0G  19/ 23U [GameAnalyzer] Income advantage is now Even
2024-11-22 14:25:25.850 | 01:18   25ms   50M    0G  19/ 23U [GameAnalyzer] Income advantage is now SlightDisadvantage
2024-11-22 14:25:25.926 | 01:18   28ms   55M    0G  19/ 23U [GameAnalyzer] Income advantage is now Even
2024-11-22 14:25:26.157 | 01:19   28ms   70M    0G  19/ 23U [GameAnalyzer] Income advantage is now SlightAdvantage
2024-11-22 14:25:26.699 | 01:20   27ms   85M    0G  19/ 23U [GameAnalyzer] Income advantage is now Even
2024-11-22 14:25:28.638 | 01:26   29ms  160M    0G  19/ 23U [GameAnalyzer] Income advantage is now SlightDisadvantage
2024-11-22 14:25:28.719 | 01:26   29ms  165M    0G  19/ 23U [GameAnalyzer] Income advantage is now Even
2024-11-22 14:25:29.030 | 01:27   30ms  130M    0G  19/ 23U [TerranUnit] MARINE from BARRACKS at (51.5, 151.5)
2024-11-22 14:25:29.115 | 01:27   34ms   35M    0G  20/ 23U [GameAnalyzer] Income advantage is now SlightDisadvantage
2024-11-22 14:25:29.268 | 01:27   30ms   40M    0G  20/ 23U [GameAnalyzer] Income advantage is now Even
2024-11-22 14:25:31.710 | 01:34   33ms  145M    0G  20/ 23U [GameAnalyzer] Income advantage is now SlightDisadvantage
2024-11-22 14:25:31.866 | 01:34   32ms  150M    0G  20/ 23U [GameAnalyzer] Income advantage is now Even
2024-11-22 14:25:32.419 | 01:36   31ms  170M    0G  20/ 23U [GameAnalyzer] Income advantage is now SlightDisadvantage
2024-11-22 14:25:32.498 | 01:36   35ms  180M    0G  20/ 23U [GameAnalyzer] Income advantage is now Even
2024-11-22 14:25:32.811 | 01:37   29ms  190M    0G  20/ 23U [GameAnalyzer] Income advantage is now SlightDisadvantage
2024-11-22 14:25:32.888 | 01:37   33ms  195M    0G  20/ 23U [GameAnalyzer] Income advantage is now Even
2024-11-22 14:25:33.203 | 01:38   34ms   65M    0G  20/ 23U [GameAnalyzer] Income advantage is now SlightDisadvantage
2024-11-22 14:25:33.283 | 01:38   30ms   70M    0G  20/ 23U [GameAnalyzer] Income advantage is now Even
2024-11-22 14:25:33.518 | 01:39   29ms   80M    0G  20/ 23U [GameAnalyzer] Income advantage is now SlightDisadvantage
2024-11-22 14:25:33.602 | 01:39   33ms   80M    0G  20/ 23U [GameAnalyzer] Income advantage is now Even
2024-11-22 14:25:34.056 | 01:40   29ms   95M    0G  20/ 23U [GameAnalyzer] Income advantage is now SlightDisadvantage
2024-11-22 14:25:34.140 | 01:41   30ms  105M    0G  20/ 23U [GameAnalyzer] Income advantage is now Even
2024-11-22 14:25:34.821 | 01:43   32ms  135M    0G  20/ 23U [GameAnalyzer] Income advantage is now SlightDisadvantage
2024-11-22 14:25:34.897 | 01:43   34ms  140M    0G  20/ 23U [GameAnalyzer] Income advantage is now Even
2024-11-22 14:25:35.506 | 01:45   29ms   75M    0G  20/ 23U [GameAnalyzer] Known army advantage is now SlightAdvantage
2024-11-22 14:25:35.523 | ERROR    | sc2.main:run_bot_iteration:158 - Caught exception: 'NoneType' object has no attribute 'to_commmand'
Traceback (most recent call last):

  File "d:\Bots\DemonT\run.py", line 18, in <module>
    main()
    └ <function main at 0x000001CE5FFDF380>

  File "d:\Bots\DemonT\run.py", line 13, in main
    result, opponentid = run_ladder_game(protoss_bot)
                         │               └ <sc2.player.Bot object at 0x000001CE60007B10>
                         └ <function run_ladder_game at 0x000001CE448CE5C0>

  File "d:\Bots\DemonT\ladder.py", line 39, in run_ladder_game
    return stand_alone_game(bot), None
           │                └ <sc2.player.Bot object at 0x000001CE60007B10>
           └ <function stand_alone_game at 0x000001CE5D734400>

  File "d:\Bots\DemonT\ladder.py", line 166, in stand_alone_game
    return sc2.main.run_game(sc2.maps.get(map_name), [bot, Computer(Race.Zerg, Difficulty.VeryHard)], realtime=False,)
           │   │    │        │   │    │   │           │    │        │    │     │          └ <Difficulty.VeryHard: 7>
           │   │    │        │   │    │   │           │    │        │    │     └ <enum 'Difficulty'>
           │   │    │        │   │    │   │           │    │        │    └ <Race.Zerg: 2>
           │   │    │        │   │    │   │           │    │        └ <enum 'Race'>
           │   │    │        │   │    │   │           │    └ <class 'sc2.player.Computer'>
           │   │    │        │   │    │   │           └ <sc2.player.Bot object at 0x000001CE60007B10>
           │   │    │        │   │    │   └ 'SiteDelta513AIE'
           │   │    │        │   │    └ <function get at 0x000001CE5D787D80>
           │   │    │        │   └ <module 'sc2.maps' from 'd:\\Bots\\DemonT\\sc2\\maps.py'>
           │   │    │        └ <module 'sc2' from 'd:\\Bots\\DemonT\\sc2\\__init__.py'>
           │   │    └ <function run_game at 0x000001CE5D8E8360>
           │   └ <module 'sc2.main' from 'd:\\Bots\\DemonT\\sc2\\main.py'>
           └ <module 'sc2' from 'd:\\Bots\\DemonT\\sc2\\__init__.py'>

  File "d:\Bots\DemonT\sc2\main.py", line 496, in run_game
    result: Result = asyncio.run(_host_game(map_settings, players, **kwargs))
                     │       │   │          │             │          └ {'realtime': False}
                     │       │   │          │             └ [<sc2.player.Bot object at 0x000001CE60007B10>, <sc2.player.Computer object at 0x000001CE5EA39C90>]
                     │       │   │          └ Map(D:\StarCraft II\maps\SiteDelta513AIE.SC2Map)
                     │       │   └ <function _host_game at 0x000001CE5D8C3EC0>
                     │       └ <function run at 0x000001CE465560C0>
                     └ <module 'asyncio' from 'C:\\Users\\Lena\\AppData\\Local\\Programs\\Python\\Python311\\Lib\\asyncio\\__init__.py'>

  File "C:\Users\Lena\AppData\Local\Programs\Python\Python311\Lib\asyncio\runners.py", line 190, in run
    return runner.run(main)
           │      │   └ <coroutine object _host_game at 0x000001CE5FF58F60>
           │      └ <function Runner.run at 0x000001CE465D60C0>
           └ <asyncio.runners.Runner object at 0x000001CE5EBD9190>
  File "C:\Users\Lena\AppData\Local\Programs\Python\Python311\Lib\asyncio\runners.py", line 118, in run
    return self._loop.run_until_complete(task)
           │    │     │                  └ <Task pending name='Task-1' coro=<_host_game() running at d:\Bots\DemonT\sc2\main.py:369> cb=[_run_until_complete_cb() at C:\...
           │    │     └ <function BaseEventLoop.run_until_complete at 0x000001CE465CFBA0>
           │    └ <ProactorEventLoop running=True closed=False debug=False>
           └ <asyncio.runners.Runner object at 0x000001CE5EBD9190>
  File "C:\Users\Lena\AppData\Local\Programs\Python\Python311\Lib\asyncio\base_events.py", line 640, in run_until_complete
    self.run_forever()
    │    └ <function ProactorEventLoop.run_forever at 0x000001CE46ACFBA0>
    └ <ProactorEventLoop running=True closed=False debug=False>
  File "C:\Users\Lena\AppData\Local\Programs\Python\Python311\Lib\asyncio\windows_events.py", line 321, in run_forever
    super().run_forever()
  File "C:\Users\Lena\AppData\Local\Programs\Python\Python311\Lib\asyncio\base_events.py", line 607, in run_forever
    self._run_once()
    │    └ <function BaseEventLoop._run_once at 0x000001CE465D5940>
    └ <ProactorEventLoop running=True closed=False debug=False>
  File "C:\Users\Lena\AppData\Local\Programs\Python\Python311\Lib\asyncio\base_events.py", line 1922, in _run_once
    handle._run()
    │      └ <function Handle._run at 0x000001CE4651AF20>
    └ <Handle Task.task_wakeup(<Future finished result=None>)>
  File "C:\Users\Lena\AppData\Local\Programs\Python\Python311\Lib\asyncio\events.py", line 80, in _run
    self._context.run(self._callback, *self._args)
    │    │            │    │           │    └ <member '_args' of 'Handle' objects>
    │    │            │    │           └ <Handle Task.task_wakeup(<Future finished result=None>)>
    │    │            │    └ <member '_callback' of 'Handle' objects>
    │    │            └ <Handle Task.task_wakeup(<Future finished result=None>)>
    │    └ <member '_context' of 'Handle' objects>
    └ <Handle Task.task_wakeup(<Future finished result=None>)>

  File "d:\Bots\DemonT\sc2\main.py", line 369, in _host_game
    result = await _play_game(players[0], client, realtime, portconfig, game_time_limit, rgb_render_config)
                   │          │           │       │         │           │                └ None
                   │          │           │       │         │           └ None
                   │          │           │       │         └ None
                   │          │           │       └ False
                   │          │           └ <sc2.client.Client object at 0x000001CE5E873110>
                   │          └ [<sc2.player.Bot object at 0x000001CE60007B10>, <sc2.player.Computer object at 0x000001CE5EA39C90>]
                   └ <function _play_game at 0x000001CE5D8C3CE0>

  File "d:\Bots\DemonT\sc2\main.py", line 226, in _play_game
    result = await _play_game_ai(client, player_id, player.ai, realtime, game_time_limit)
                   │             │       │          │      │   │         └ None
                   │             │       │          │      │   └ False
                   │             │       │          │      └ <dummy.dummy.LadderBot object at 0x000001CE445EDF90>
                   │             │       │          └ <sc2.player.Bot object at 0x000001CE60007B10>
                   │             │       └ 1
                   │             └ <sc2.client.Client object at 0x000001CE5E873110>
                   └ <function _play_game_ai at 0x000001CE5D8C3BA0>

  File "d:\Bots\DemonT\sc2\main.py", line 196, in _play_game_ai
    await run_bot_iteration(iteration)  # Main bot loop
          │                 └ 471
          └ <function _play_game_ai.<locals>.run_bot_iteration at 0x000001CE60020040>

> File "d:\Bots\DemonT\sc2\main.py", line 156, in run_bot_iteration
    await ai.on_step(iteration)
          │  │       └ 471
          │  └ <function SkeletonBot.on_step at 0x000001CE5D9DFF60>
          └ <dummy.dummy.LadderBot object at 0x000001CE445EDF90>

  File "d:\Bots\DemonT\sharpy\knowledges\skeleton_bot.py", line 64, in on_step
    await self.knowledge.update(iteration)
          │    │         │      └ 471
          │    │         └ <function Knowledge.update at 0x000001CE5D9DEE80>
          │    └ <sharpy.knowledges.knowledge.Knowledge object at 0x000001CE4463B7D0>
          └ <dummy.dummy.LadderBot object at 0x000001CE445EDF90>

  File "d:\Bots\DemonT\sharpy\knowledges\knowledge.py", line 161, in update
    await manager.update()
          │       └ <function ActManager.update at 0x000001CE5D735C60>
          └ <sharpy.managers.core.act_manager.ActManager object at 0x000001CE600642D0>

  File "d:\Bots\DemonT\sharpy\managers\core\act_manager.py", line 32, in update
    await self._act.execute()
          │    │    └ <function BuildOrder.execute at 0x000001CE5FED7B00>
          │    └ <sharpy.plans.build_order.BuildOrder object at 0x000001CE60B29F90>
          └ <sharpy.managers.core.act_manager.ActManager object at 0x000001CE600642D0>

  File "d:\Bots\DemonT\sharpy\plans\build_order.py", line 290, in execute
    if not await order.execute():
                 │     └ <function SequentialList.execute at 0x000001CE5FED71A0>
                 └ <sharpy.plans.sequential_list.SequentialList object at 0x000001CE60B35F50>

  File "d:\Bots\DemonT\sharpy\plans\sequential_list.py", line 27, in execute
    result = await order.execute()
                   │     └ <function PlanZoneDefense.execute at 0x000001CE5FF28720>
                   └ <sharpy.plans.tactics.zone_defense.PlanZoneDefense object at 0x000001CE60B29850>

  File "d:\Bots\DemonT\sharpy\plans\tactics\zone_defense.py", line 125, in execute
    self.combat.execute(enemy_center, MoveType.SearchAndDestroy)
    │    │      │       │             │        └ <MoveType.SearchAndDestroy: 0>
    │    │      │       │             └ <enum 'MoveType'>
    │    │      │       └ (53.289306640625, 136.8701171875)
    │    │      └ <function GroupCombatManager.execute at 0x000001CE5FEC11C0>
    │    └ <sharpy.combat.group_combat_manager.GroupCombatManager object at 0x000001CE60004690>
    └ <sharpy.plans.tactics.zone_defense.PlanZoneDefense object at 0x000001CE60B29850>

  File "d:\Bots\DemonT\sharpy\combat\group_combat_manager.py", line 109, in execute
    self.rules.handle_groups_func(self, target, move_type)
    │    │     │                  │     │       └ <MoveType.SearchAndDestroy: 0>
    │    │     │                  │     └ (53.289306640625, 136.8701171875)
    │    │     │                  └ <sharpy.combat.group_combat_manager.GroupCombatManager object at 0x000001CE60004690>
    │    │     └ <function DefaultMicroMethods.handle_groups at 0x000001CE5DA38220>
    │    └ <sharpy.combat.micro_rules.MicroRules object at 0x000001CE60004710>
    └ <sharpy.combat.group_combat_manager.GroupCombatManager object at 0x000001CE60004690>

  File "d:\Bots\DemonT\sharpy\combat\default_micro_methods.py", line 70, in handle_groups
    combat.attack_to(group, target, move_type)
    │      │         │      │       └ <MoveType.SearchAndDestroy: 0>
    │      │         │      └ (53.289306640625, 136.8701171875)
    │      │         └ <sharpy.combat.combat_units.CombatUnits object at 0x000001CE60B43E90>
    │      └ <function GroupCombatManager.attack_to at 0x000001CE5FEC1440>
    └ <sharpy.combat.group_combat_manager.GroupCombatManager object at 0x000001CE60004690>

  File "d:\Bots\DemonT\sharpy\combat\group_combat_manager.py", line 132, in attack_to
    self.action_to(group, target, move_type, True)
    │    │         │      │       └ <MoveType.SearchAndDestroy: 0>
    │    │         │      └ (53.289306640625, 136.8701171875)
    │    │         └ <sharpy.combat.combat_units.CombatUnits object at 0x000001CE60B43E90>
    │    └ <function GroupCombatManager.action_to at 0x000001CE5FEC14E0>
    └ <sharpy.combat.group_combat_manager.GroupCombatManager object at 0x000001CE60004690>

  File "d:\Bots\DemonT\sharpy\combat\group_combat_manager.py", line 159, in action_to
    final_action.to_commmand(unit)
    │                        └ Unit(name='Marine', tag=4358144003)
    └ None

AttributeError: 'NoneType' object has no attribute 'to_commmand'
2024-11-22 14:25:35.587 | INFO     | sc2.sc2process:_close_connection:231 - Closing connection at 56874...
2024-11-22 14:25:35.589 | INFO     | sc2.sc2process:kill_all:33 - kill_switch: Process cleanup for 1 processes
