2024-11-17 07:47:56.545 | INFO     | sc2.protocol:_execute:72 - Client status changed to Status.launched (was None)
2024-11-17 07:47:56.547 | INFO     | sc2.controller:create_game:37 - Creating new game
2024-11-17 07:47:56.547 | INFO     | sc2.controller:create_game:38 - Map:     GoldenAura513AIE
2024-11-17 07:47:56.548 | INFO     | sc2.controller:create_game:39 - Players: Bot LadderBot(Terran), Computer VeryHard(Zerg, RandomBuild)
2024-11-17 07:47:56.550 | INFO     | sc2.protocol:_execute:72 - Client status changed to Status.init_game (was Status.launched)
2024-11-17 07:48:07.784 | INFO     | sc2.protocol:_execute:72 - Client status changed to Status.in_game (was None)
2024-11-17 07:48:07.785 | INFO     | sc2.main:_play_game:221 - Player 1 - Bot LadderBot(Terran)
2024-11-17 07:48:08.621 | 00:00    0ms    0M    0G  12/ 15U [Version] 5.0.13.92440
2024-11-17 07:48:08.621 | 00:00    0ms    0M    0G  12/ 15U [Version] 5.0.6 Balance mod recognized.
2024-11-17 07:48:08.771 | 00:00    0ms    0M    0G  12/ 15U [ZoneManager] Map set to: MapName.Unknown from name: Goldenaura AIE and hash: 3781140.
2024-11-17 07:48:10.353 | 00:00    0ms    0M    0G  12/ 15U [Build] Att at 60
2024-11-17 07:48:10.399 | [Start] My race: Terran
2024-11-17 07:48:10.400 | [Start] Opponent race: Zerg
2024-11-17 07:48:10.401 | [Start] OpponentId: None
2024-11-17 07:48:10.773 | 00:00   16ms    0M    0G  13/ 15U [GameAnalyzer] Income advantage is now SlightDisadvantage
2024-11-17 07:48:10.880 | 00:01   15ms    0M    0G  13/ 15U [GameAnalyzer] Income advantage is now Even
2024-11-17 07:48:14.069 | 00:14   16ms    0M    0G  13/ 15U [ActUnit] SCV from COMMANDCENTER at (69.5, 168.5)
2024-11-17 07:48:17.125 | 00:27   16ms  110M    0G  14/ 15U [ActUnit] SCV from COMMANDCENTER at (69.5, 168.5)
2024-11-17 07:48:19.785 | 00:37   19ms   10M    0G  15/ 23U [BuildGas] Building REFINERY to (72.5, 175.5)
2024-11-17 07:48:20.509 | 00:39   18ms    0M    0G  15/ 23U [ActUnit] SCV from COMMANDCENTER at (69.5, 168.5)
2024-11-17 07:48:21.567 | 00:43   20ms   30M    0G  16/ 23U [GameAnalyzer] Income advantage is now SlightDisadvantage
2024-11-17 07:48:21.622 | 00:43   19ms   35M    0G  16/ 23U [GameAnalyzer] Income advantage is now Even
2024-11-17 07:48:23.847 | 00:52   18ms   90M    0G  16/ 23U [ActUnit] SCV from COMMANDCENTER at (69.5, 168.5)
2024-11-17 07:48:27.302 | 01:04   20ms  190M    4G  17/ 23U [ActUnit] SCV from COMMANDCENTER at (69.5, 168.5)
2024-11-17 07:48:30.107 | 01:11   28ms  290M   24G  18/ 23U [GameAnalyzer] Income advantage is now SmallDisadvantage
2024-11-17 07:48:30.108 | 01:11   28ms  290M   24G  18/ 23U [ChatManager] Tag:E_overlord
2024-11-17 07:48:30.194 | 01:12   30ms  290M   24G  18/ 23U [GameAnalyzer] Income advantage is now SlightDisadvantage
2024-11-17 07:48:30.274 | 01:12   28ms  290M   24G  18/ 23U [GameAnalyzer] Income advantage is now SmallDisadvantage
2024-11-17 07:48:30.786 | 01:13   26ms  310M   28G  18/ 23U [GameAnalyzer] Income advantage is now SlightDisadvantage
2024-11-17 07:48:30.941 | 01:14   26ms  310M   32G  18/ 23U [GameAnalyzer] Income advantage is now Even
2024-11-17 07:48:31.458 | 01:15   26ms  330M   36G  18/ 23U [GameAnalyzer] Income advantage is now SlightDisadvantage
2024-11-17 07:48:31.594 | 01:16   24ms  340M   36G  18/ 23U [GameAnalyzer] Income advantage is now Even
2024-11-17 07:48:31.671 | 01:16   25ms  340M   36G  18/ 23U [GameAnalyzer] Income advantage is now SlightDisadvantage
2024-11-17 07:48:31.826 | 01:16   24ms  300M   36G  18/ 23U [ActUnit] SCV from COMMANDCENTER at (69.5, 168.5)
2024-11-17 07:48:31.900 | 01:17   26ms  300M   40G  19/ 23U [GameAnalyzer] Predicted army advantage is now SlightDisadvantage
2024-11-17 07:48:31.975 | 01:17   29ms  310M   40G  19/ 23U [GameAnalyzer] Income advantage is now Even
2024-11-17 07:48:32.128 | 01:17   25ms  310M   40G  19/ 23U [GameAnalyzer] Income advantage is now SlightDisadvantage
2024-11-17 07:48:32.204 | 01:17   30ms  310M   40G  19/ 23U [GameAnalyzer] Income advantage is now SmallDisadvantage
2024-11-17 07:48:32.277 | 01:18   27ms  315M   40G  19/ 23U [GameAnalyzer] Income advantage is now SlightDisadvantage
2024-11-17 07:48:32.882 | 01:19   30ms  335M   48G  19/ 23U [GameAnalyzer] Income advantage is now SmallDisadvantage
2024-11-17 07:48:34.317 | 01:23   28ms  390M   56G  19/ 23U [GameAnalyzer] Income advantage is now SlightDisadvantage
2024-11-17 07:48:34.396 | 01:24   27ms  390M   56G  19/ 23U [GameAnalyzer] Income advantage is now SmallDisadvantage
2024-11-17 07:48:34.698 | 01:25   26ms  400M   60G  19/ 23U [GameAnalyzer] Income advantage is now SlightDisadvantage
2024-11-17 07:48:34.772 | 01:25   33ms  300M   60G  19/ 23U [GameAnalyzer] Income advantage is now SmallDisadvantage
2024-11-17 07:48:36.205 | 01:29   30ms  205M   72G  19/ 23U [GameAnalyzer] Income advantage is now SlightDisadvantage
2024-11-17 07:48:36.282 | 01:29   31ms  205M   72G  19/ 23U [GameAnalyzer] Income advantage is now SmallDisadvantage
2024-11-17 07:48:41.303 | 01:43   28ms  405M  112G  19/ 23U [Expand] Expanding to (61.5, 146.5)
2024-11-17 07:48:42.280 | 01:46   26ms    0M   70G  19/ 23U [TerranUnit] REAPER from BARRACKS at (73.5, 169.5)
2024-11-17 07:48:43.931 | 01:51   26ms   65M   82G  20/ 31U [GameAnalyzer] Income advantage is now Even
2024-11-17 07:48:44.154 | 01:52   26ms    0M   86G  20/ 31U [BuildGas] Building REFINERY to (62.5, 165.5)
2024-11-17 07:48:45.470 | 01:56   27ms    0M   94G  20/ 31U [ActUnit] SCV from COMMANDCENTER at (69.5, 168.5)
2024-11-17 07:48:45.549 | 01:56   29ms    0M   94G  21/ 31U [DodgeRampAttack] Supply is 21 -> attack!
2024-11-17 07:48:45.550 | 01:56   29ms    0M   94G  21/ 31U [DodgeRampAttack] Attack started at 0.00 power.
2024-11-17 07:48:45.626 | 01:56   31ms    0M   98G  21/ 31U [DodgeRampAttack] No attacking units, starting retreat
2024-11-17 07:48:45.775 | 01:57   27ms    5M   98G  21/ 31U [GameAnalyzer] Income advantage is now SlightDisadvantage
2024-11-17 07:48:45.847 | 01:57   30ms   10M   98G  21/ 31U [GameAnalyzer] Income advantage is now Even
2024-11-17 07:48:47.445 | 02:02   30ms   70M  110G  21/ 31U [GameAnalyzer] Income advantage is now SlightDisadvantage
2024-11-17 07:48:47.521 | 02:02   28ms   80M  110G  21/ 31U [GameAnalyzer] Income advantage is now Even
2024-11-17 07:48:47.970 | 02:03   28ms  110M  114G  21/ 31U [GameAnalyzer] Income advantage is now SlightDisadvantage
2024-11-17 07:48:48.047 | 02:03   31ms  125M  114G  21/ 31U [GameAnalyzer] Income advantage is now Even
2024-11-17 07:48:48.423 | 02:05   29ms  140M  118G  21/ 31U [GameAnalyzer] Income advantage is now SlightDisadvantage
2024-11-17 07:48:48.501 | 02:05   30ms  145M  118G  21/ 31U [GameAnalyzer] Income advantage is now Even
2024-11-17 07:48:49.172 | 02:07   27ms   15M   26G  21/ 31U [GameAnalyzer] Income advantage is now SlightDisadvantage
2024-11-17 07:48:49.248 | 02:07   31ms   20M   26G  21/ 31U [GameAnalyzer] Income advantage is now Even
2024-11-17 07:48:50.087 | 02:09   28ms    5M   30G  21/ 31U [ActUnit] SCV from COMMANDCENTER at (69.5, 168.5)
2024-11-17 07:48:50.629 | 02:11   27ms   45M   34G  22/ 31U [GameAnalyzer] Income advantage is now SlightDisadvantage
2024-11-17 07:48:50.700 | 02:11   31ms   50M   38G  22/ 31U [GameAnalyzer] Income advantage is now Even
2024-11-17 07:48:51.861 | 02:14   30ms   85M   46G  22/ 31U [GameAnalyzer] Income advantage is now SlightDisadvantage
2024-11-17 07:48:51.932 | 02:15   30ms   85M   46G  22/ 31U [GameAnalyzer] Income advantage is now Even
2024-11-17 07:48:52.549 | 02:16   32ms  115M   50G  22/ 31U [DodgeRampAttack] Retreat stopped.
2024-11-17 07:48:52.710 | 02:17   29ms  115M   50G  22/ 31U [DodgeRampAttack] Supply is 22 -> attack!
2024-11-17 07:48:52.711 | 02:17   29ms  115M   50G  22/ 31U [DodgeRampAttack] Attack started at 0.00 power.
2024-11-17 07:48:52.786 | 02:17  104ms  145M   50G  22/ 31U [DodgeRampAttack] No attacking units, starting retreat
2024-11-17 07:48:53.171 | 02:18   29ms  160M   54G  22/ 31U [GameAnalyzer] Income advantage is now SlightDisadvantage
2024-11-17 07:48:53.253 | 02:18   32ms  160M   54G  22/ 31U [GameAnalyzer] Known army advantage is now SlightDisadvantage
2024-11-17 07:48:53.254 | 02:18   32ms  160M   54G  22/ 31U [ChatManager] Tag:E_zergling
2024-11-17 07:48:53.333 | 02:18   36ms  165M   58G  22/ 31U [GameAnalyzer] Income advantage is now Even
2024-11-17 07:48:53.414 | 02:19   33ms  165M   58G  22/ 31U [GameAnalyzer] Income advantage is now SlightDisadvantage
2024-11-17 07:48:53.415 | 02:19   33ms  165M   58G  22/ 31U [GameAnalyzer] Known army advantage is now Even
2024-11-17 07:48:53.419 | 02:19   33ms  115M    8G  22/ 31U [TerranUnit] REAPER from BARRACKS at (73.5, 169.5)
2024-11-17 07:48:54.498 | 02:21   32ms  100M   20G  23/ 31U [ActUnit] SCV from COMMANDCENTER at (69.5, 168.5)
2024-11-17 07:48:54.661 | 02:22   39ms  110M   20G  24/ 31U [GameAnalyzer] Income advantage is now Even
2024-11-17 07:48:54.740 | 02:22   38ms  110M   20G  24/ 31U [GameAnalyzer] Income advantage is now SlightDisadvantage
2024-11-17 07:48:55.065 | 02:23   29ms  125M   24G  24/ 31U [GameAnalyzer] Income advantage is now Even
2024-11-17 07:48:55.147 | 02:23   33ms  125M   24G  24/ 31U [GameAnalyzer] Income advantage is now SlightDisadvantage
2024-11-17 07:48:55.305 | 02:23   30ms  125M   24G  24/ 31U [GameAnalyzer] Income advantage is now Even
2024-11-17 07:48:55.464 | 02:24   29ms  160M   28G  24/ 31U [GameAnalyzer] Income advantage is now SlightDisadvantage
2024-11-17 07:48:55.618 | 02:24   33ms  170M   28G  24/ 31U [GameAnalyzer] Income advantage is now Even
2024-11-17 07:48:55.853 | 02:25   33ms  175M   36G  24/ 31U [GameAnalyzer] Income advantage is now SlightDisadvantage
2024-11-17 07:48:56.088 | 02:26   33ms  180M   36G  24/ 31U [GameAnalyzer] Income advantage is now Even
2024-11-17 07:48:56.322 | 02:26   33ms  190M   40G  24/ 31U [GameAnalyzer] Income advantage is now SlightDisadvantage
2024-11-17 07:48:56.628 | 02:27   32ms  200M   40G  23/ 31U [GameAnalyzer] Income advantage is now Even
2024-11-17 07:48:57.016 | 02:28   31ms  215M   44G  23/ 31U [GameAnalyzer] Income advantage is now SlightDisadvantage
2024-11-17 07:48:57.246 | 02:29   30ms  225M   48G  23/ 31U [GameAnalyzer] Income advantage is now Even
2024-11-17 07:48:57.716 | 02:30   31ms  230M   56G  23/ 31U [GameAnalyzer] Income advantage is now SlightDisadvantage
2024-11-17 07:48:57.791 | 02:30   35ms  240M   56G  23/ 31U [GameAnalyzer] Income advantage is now Even
2024-11-17 07:48:57.870 | 02:31   31ms  245M   56G  23/ 31U [GameAnalyzer] Income advantage is now SlightDisadvantage
2024-11-17 07:48:58.018 | 02:31   32ms  250M   56G  23/ 31U [GameAnalyzer] Income advantage is now Even
2024-11-17 07:48:58.330 | 02:32   35ms  280M   60G  23/ 31U [GameAnalyzer] Income advantage is now SlightDisadvantage
2024-11-17 07:48:58.559 | 02:32   33ms  290M   60G  23/ 31U [GameAnalyzer] Income advantage is now Even
2024-11-17 07:48:58.638 | 02:33   32ms  295M   60G  23/ 31U [GameAnalyzer] Income advantage is now SlightDisadvantage
2024-11-17 07:48:58.879 | 02:33   31ms  310M   68G  23/ 31U [GameAnalyzer] Income advantage is now Even
2024-11-17 07:48:59.032 | 02:34   33ms  265M   68G  23/ 31U [ActUnit] SCV from COMMANDCENTER at (69.5, 168.5)
2024-11-17 07:48:59.345 | 02:35   31ms  265M   72G  24/ 31U [GameAnalyzer] Income advantage is now SlightDisadvantage
2024-11-17 07:48:59.420 | 02:35   32ms  270M   72G  24/ 31U [GameAnalyzer] Income advantage is now Even
2024-11-17 07:48:59.574 | 02:35   31ms  275M   72G  24/ 31U [GameAnalyzer] Income advantage is now SlightDisadvantage
2024-11-17 07:48:59.654 | 02:36   32ms  285M   76G  24/ 31U [GameAnalyzer] Income advantage is now Even
2024-11-17 07:48:59.885 | 02:36   31ms  290M   76G  24/ 31U [GameAnalyzer] Income advantage is now SlightDisadvantage
2024-11-17 07:49:00.035 | 02:36   35ms  290M   76G  24/ 31U [GameAnalyzer] Income advantage is now Even
2024-11-17 07:49:00.203 | 02:37   34ms  300M   80G  24/ 31U [DodgeRampAttack] Retreat stopped.
2024-11-17 07:49:00.281 | 02:37   38ms  300M   80G  24/ 31U [GameAnalyzer] Income advantage is now SlightDisadvantage
2024-11-17 07:49:00.289 | 02:37   38ms  300M   80G  24/ 31U [DodgeRampAttack] Supply is 24 -> attack!
2024-11-17 07:49:00.290 | 02:37   38ms  300M   80G  24/ 31U [DodgeRampAttack] Attack started at 1.00 power.
2024-11-17 07:49:00.436 | 02:38   35ms  305M   80G  24/ 31U [GameAnalyzer] Income advantage is now Even
2024-11-17 07:49:00.596 | 02:38   34ms  315M   84G  24/ 31U [GameAnalyzer] Income advantage is now SlightDisadvantage
2024-11-17 07:49:00.758 | 02:38   37ms  345M   88G  24/ 31U [GameAnalyzer] Income advantage is now Even
2024-11-17 07:49:01.084 | 02:39   35ms  350M   88G  24/ 31U [GameAnalyzer] Income advantage is now SlightDisadvantage
2024-11-17 07:49:01.241 | 02:40   38ms  355M   96G  24/ 31U [GameAnalyzer] Income advantage is now Even
2024-11-17 07:49:01.950 | 02:42  107ms  375M  100G  24/ 31U [GameAnalyzer] Income advantage is now SlightDisadvantage
2024-11-17 07:49:02.030 | 02:42   38ms  385M  100G  24/ 31U [GameAnalyzer] Income advantage is now Even
2024-11-17 07:49:02.107 | 02:42   37ms  385M  100G  24/ 31U [GameAnalyzer] Income advantage is now SlightDisadvantage
2024-11-17 07:49:02.190 | 02:42   35ms  390M  100G  24/ 31U [GameAnalyzer] Income advantage is now Even
2024-11-17 07:49:02.349 | 02:43   34ms  390M  108G  24/ 31U [GameAnalyzer] Income advantage is now SlightDisadvantage
2024-11-17 07:49:02.601 | 02:43   35ms  405M  108G  24/ 31U [GameAnalyzer] Income advantage is now Even
2024-11-17 07:49:02.765 | 02:44   38ms  410M  112G  24/ 31U [GameAnalyzer] Income advantage is now SlightDisadvantage
2024-11-17 07:49:02.926 | 02:44   33ms  415M  116G  24/ 31U [GameAnalyzer] Income advantage is now Even
2024-11-17 07:49:03.578 | 02:46   34ms  405M  120G  24/ 31U [ActUnit] SCV from COMMANDCENTER at (69.5, 168.5)
2024-11-17 07:49:04.298 | 02:48   38ms  425M  128G  25/ 31U [GameAnalyzer] Income advantage is now SlightDisadvantage
2024-11-17 07:49:04.383 | 02:48   37ms  435M  128G  25/ 31U [GameAnalyzer] Income advantage is now Even
2024-11-17 07:49:05.416 | 02:51   36ms  470M  140G  25/ 31U [GameAnalyzer] Known army advantage is now SlightAdvantage
2024-11-17 07:49:05.423 | 02:51   36ms  420M  140G  25/ 31U [ActUnit] MARINE from BARRACKS at (73.5, 169.5)
2024-11-17 07:49:05.700 | 02:51   36ms   30M   48G  26/ 31U [GameAnalyzer] Income advantage is now SlightDisadvantage
2024-11-17 07:49:05.790 | 02:52   34ms   40M   48G  26/ 31U [GameAnalyzer] Income advantage is now Even
2024-11-17 07:49:05.869 | 02:52   39ms   40M   48G  26/ 31U [GameAnalyzer] Income advantage is now SlightDisadvantage
2024-11-17 07:49:05.949 | 02:52   35ms   45M   48G  26/ 31U [GameAnalyzer] Income advantage is now Even
2024-11-17 07:49:06.126 | 02:52   37ms   50M   56G  26/ 31U [GameAnalyzer] Income advantage is now SlightDisadvantage
2024-11-17 07:49:06.380 | 02:53   37ms   90M   56G  26/ 31U [GameAnalyzer] Income advantage is now Even
2024-11-17 07:49:06.635 | 02:54   36ms  100M   64G  26/ 31U [GameAnalyzer] Income advantage is now SlightDisadvantage
2024-11-17 07:49:06.730 | 02:54   36ms  100M   64G  26/ 31U [DefensiveBuilding] Building BUNKER to (65.29628301182649, 143.24604313272016)
2024-11-17 07:49:07.141 | 02:55   40ms    5M   64G  26/ 31U [GameAnalyzer] Income advantage is now Even
2024-11-17 07:49:07.372 | 02:56  106ms    5M   64G  26/ 31U [GameAnalyzer] Income advantage is now SlightDisadvantage
2024-11-17 07:49:07.532 | 02:56   35ms   10M   72G  26/ 31U [GameAnalyzer] Income advantage is now Even
2024-11-17 07:49:07.624 | 02:56   34ms   10M   72G  26/ 31U [GameAnalyzer] Income advantage is now SlightDisadvantage
2024-11-17 07:49:08.536 | 02:59   34ms   55M   80G  26/ 31U [GameAnalyzer] Income advantage is now Even
2024-11-17 07:49:08.538 | 02:59   34ms    5M   80G  26/ 31U [ActUnit] SCV from COMMANDCENTER at (69.5, 168.5)
2024-11-17 07:49:08.630 | 02:59   37ms    5M   80G  27/ 31U [GameAnalyzer] Income advantage is now SlightDisadvantage
2024-11-17 07:49:10.285 | 03:03   34ms   70M   96G  27/ 46U [GameAnalyzer] Income advantage is now Even
2024-11-17 07:49:10.377 | 03:03   39ms   75M   96G  27/ 46U [GameAnalyzer] Income advantage is now SlightDisadvantage
2024-11-17 07:49:10.548 | 03:04   35ms   80M   96G  27/ 46U [GameAnalyzer] Income advantage is now Even
2024-11-17 07:49:11.163 | 03:05   38ms   90M  104G  27/ 46U [ChatManager] Tag:E_queen
2024-11-17 07:49:11.176 | 03:05   38ms   90M  104G  27/ 46U [DodgeRampAttack] Retreat started at 1.00 own local power against 2.44 enemy local power.
2024-11-17 07:49:11.426 | 03:06   37ms   95M  112G  27/ 46U [GameAnalyzer] Income advantage is now SlightDisadvantage
2024-11-17 07:49:11.511 | 03:06   39ms   95M  112G  27/ 46U [GameAnalyzer] Income advantage is now Even
2024-11-17 07:49:12.876 | 03:09   38ms  145M  124G  27/ 46U [GameAnalyzer] Predicted army advantage is now SmallDisadvantage
2024-11-17 07:49:13.221 | 03:10   41ms    5M  128G  27/ 46U [GameAnalyzer] Income advantage is now SlightDisadvantage
2024-11-17 07:49:13.308 | 03:10   37ms    5M  128G  27/ 46U [GameAnalyzer] Income advantage is now Even
2024-11-17 07:49:14.189 | 03:13   40ms   25M  136G  27/ 46U [GameAnalyzer] Income advantage is now SlightDisadvantage
2024-11-17 07:49:14.275 | 03:13   38ms   30M  136G  27/ 46U [GameAnalyzer] Income advantage is now Even
2024-11-17 07:49:14.368 | 03:13   40ms    5M  136G  27/ 46U [ActUnit] SCV from COMMANDCENTER at (69.5, 168.5)
2024-11-17 07:49:14.551 | 03:13   37ms   10M  144G  28/ 46U [GameAnalyzer] Income advantage is now SlightDisadvantage
2024-11-17 07:49:14.640 | 03:14   38ms   15M  144G  28/ 46U [GameAnalyzer] Income advantage is now Even
2024-11-17 07:49:15.507 | 03:16   37ms   35M  152G  28/ 46U [GameAnalyzer] Income advantage is now SlightDisadvantage
2024-11-17 07:49:15.590 | 03:16   39ms   45M  152G  28/ 46U [GameAnalyzer] Income advantage is now Even
2024-11-17 07:49:15.948 | 03:17   35ms   55M  152G  28/ 46U [GameAnalyzer] Income advantage is now SlightDisadvantage
2024-11-17 07:49:16.039 | 03:17   40ms   60M  156G  28/ 54U [GameAnalyzer] Income advantage is now Even
2024-11-17 07:49:18.574 | 03:23   39ms   25M   88G  28/ 54U [GameAnalyzer] Income advantage is now SlightDisadvantage
2024-11-17 07:49:18.661 | 03:24   40ms   30M   88G  28/ 54U [GameAnalyzer] Income advantage is now Even
2024-11-17 07:49:19.164 | 03:25   37ms   45M   96G  28/ 54U [GameAnalyzer] Income advantage is now SlightDisadvantage
2024-11-17 07:49:19.248 | 03:25   38ms   50M   96G  28/ 54U [GameAnalyzer] Income advantage is now Even
2024-11-17 07:49:19.467 | 03:25   41ms    5M   96G  28/ 54U [ActUnit] SCV from COMMANDCENTER at (69.5, 168.5)
2024-11-17 07:49:19.479 | 03:25   41ms    5M   96G  28/ 54U [DodgeRampAttack] Retreat stopped.
2024-11-17 07:49:19.566 | 03:26   41ms    5M   96G  29/ 54U [DodgeRampAttack] Supply is 29 -> attack!
2024-11-17 07:49:19.567 | 03:26   41ms    5M   96G  29/ 54U [DodgeRampAttack] Attack started at 3.00 power.
2024-11-17 07:49:20.732 | 03:28   36ms    0M  108G  29/ 54U [BuildGas] Building REFINERY to (54.5, 142.5)
2024-11-17 07:49:23.380 | 03:35   38ms   45M  136G  29/ 54U [ActUnit] SCV from COMMANDCENTER at (61.5, 146.5)
2024-11-17 07:49:24.271 | 03:37   37ms   75M  152G  30/ 54U [GameAnalyzer] Known army advantage is now Even
2024-11-17 07:49:24.551 | 03:38   40ms   40M  152G  30/ 54U [ActUnit] SCV from COMMANDCENTER at (69.5, 168.5)
2024-11-17 07:49:25.722 | 03:40   38ms   90M  168G  31/ 54U [GameAnalyzer] Known army advantage is now SlightDisadvantage
2024-11-17 07:49:27.935 | 03:45   43ms   75M   96G  31/ 54U [DodgeRampAttack] No attacking units, starting retreat
2024-11-17 07:49:28.577 | 03:47   41ms   40M  104G  31/ 54U [ActUnit] SCV from COMMANDCENTER at (61.5, 146.5)
2024-11-17 07:49:29.887 | 03:50   41ms  100M  120G  32/ 54U [ActUnit] SCV from COMMANDCENTER at (69.5, 168.5)
2024-11-17 07:49:30.163 | 03:51   40ms  110M  124G  33/ 54U [GameAnalyzer] Known army advantage is now Even
2024-11-17 07:49:32.450 | 03:56   42ms   65M   56G  33/ 54U [GameAnalyzer] Known army advantage is now SlightDisadvantage
2024-11-17 07:49:32.951 | 03:57   45ms   90M   64G  33/ 54U [BuildAddon] UnitTypeId.FACTORYTECHLAB to (74.0, 161.0)
2024-11-17 07:49:34.067 | 03:59   39ms   55M   51G  33/ 54U [ActUnit] SCV from COMMANDCENTER at (61.5, 146.5)
2024-11-17 07:49:34.727 | 04:01   43ms   75M   63G  34/ 54U [GameAnalyzer] Known army advantage is now Even
2024-11-17 07:49:35.294 | 04:02   43ms   55M   71G  34/ 54U [ActUnit] SCV from COMMANDCENTER at (69.5, 168.5)
2024-11-17 07:49:36.880 | 04:05   45ms  155M   95G  35/ 54U [DodgeRampAttack] Retreat stopped.
2024-11-17 07:49:36.982 | 04:06   45ms  170M   99G  35/ 54U [DodgeRampAttack] Supply is 35 -> attack!
2024-11-17 07:49:36.983 | 04:06   45ms  170M   99G  35/ 54U [DodgeRampAttack] Attack started at 2.00 power.
2024-11-17 07:49:37.075 | 04:06   45ms  170M   99G  35/ 54U [BuildAddon] UnitTypeId.FACTORYTECHLAB to (68.0, 158.0)
2024-11-17 07:49:37.732 | 04:07   42ms  145M   78G  35/ 54U [GameAnalyzer] Income advantage is now SlightAdvantage
2024-11-17 07:49:37.838 | 04:07   44ms  145M   78G  35/ 54U [GameAnalyzer] Income advantage is now Even
2024-11-17 07:49:39.331 | 04:11   44ms  260M  102G  35/ 54U [GameAnalyzer] Income advantage is now SlightAdvantage
2024-11-17 07:49:39.430 | 04:11   48ms  260M  102G  35/ 54U [GameAnalyzer] Income advantage is now Even
2024-11-17 07:49:39.534 | 04:11   46ms  260M  102G  35/ 54U [GameAnalyzer] Known army advantage is now SlightDisadvantage
2024-11-17 07:49:39.535 | 04:11   46ms  260M  102G  35/ 54U [ChatManager] Tag:E_roach
2024-11-17 07:49:39.543 | 04:11   46ms  260M  102G  35/ 54U [BuildAddon] UnitTypeId.BARRACKSTECHLAB to (76.0, 169.0)
2024-11-17 07:49:39.545 | 04:11   46ms  260M  102G  35/ 54U [BuildAddon] UnitTypeId.BARRACKSTECHLAB to (76.0, 158.0)
2024-11-17 07:49:39.553 | 04:11   46ms  260M  102G  35/ 54U [DodgeRampAttack] Retreat started at 2.00 own local power against 3.04 enemy local power.
2024-11-17 07:49:39.783 | 04:12   53ms  115M   52G  35/ 54U [ActUnit] SCV from COMMANDCENTER at (61.5, 146.5)
2024-11-17 07:49:40.541 | 04:13   49ms  155M   64G  36/ 54U [GameAnalyzer] Income advantage is now SlightAdvantage
2024-11-17 07:49:40.652 | 04:13   44ms  155M   64G  36/ 54U [GameAnalyzer] Income advantage is now Even
2024-11-17 07:49:41.377 | 04:14   43ms  130M   72G  36/ 54U [ActUnit] SCV from COMMANDCENTER at (69.5, 168.5)
2024-11-17 07:49:41.788 | 04:15   44ms  150M   84G  37/ 54U [GameAnalyzer] Income advantage is now SlightAdvantage
2024-11-17 07:49:41.894 | 04:16   47ms  155M   84G  37/ 54U [GameAnalyzer] Income advantage is now Even
2024-11-17 07:49:42.107 | 04:16   45ms  185M   84G  37/ 54U [GameAnalyzer] Income advantage is now SlightAdvantage
2024-11-17 07:49:42.228 | 04:16   54ms  210M   84G  37/ 54U [GameAnalyzer] Income advantage is now Even
2024-11-17 07:49:43.822 | 04:19   46ms  280M  108G  37/ 54U [GameAnalyzer] Income advantage is now SlightAdvantage
2024-11-17 07:49:44.026 | 04:20   44ms  290M  112G  37/ 54U [GameAnalyzer] Income advantage is now Even
2024-11-17 07:49:44.408 | 04:20   44ms  300M  112G  37/ 54U [GameAnalyzer] Income advantage is now SlightAdvantage
2024-11-17 07:49:44.716 | 04:21   46ms  305M  124G  37/ 54U [GameAnalyzer] Income advantage is now Even
2024-11-17 07:49:44.821 | 04:21   47ms  305M  124G  37/ 54U [GameAnalyzer] Income advantage is now SlightAdvantage
2024-11-17 07:49:45.141 | 04:22   48ms  320M  128G  37/ 54U [GameAnalyzer] Income advantage is now Even
2024-11-17 07:49:45.503 | 04:23   51ms  370M  136G  37/ 54U [GameAnalyzer] Income advantage is now SlightAdvantage
2024-11-17 07:49:45.613 | 04:23   52ms  375M  136G  37/ 54U [GameAnalyzer] Income advantage is now Even
2024-11-17 07:49:45.710 | 04:23   45ms  380M  136G  37/ 54U [GameAnalyzer] Income advantage is now SlightAdvantage
2024-11-17 07:49:45.901 | 04:23   45ms  385M  136G  37/ 54U [GameAnalyzer] Income advantage is now Even
2024-11-17 07:49:46.114 | 04:24   46ms  350M  144G  37/ 54U [ActUnit] SCV from COMMANDCENTER at (61.5, 146.5)
2024-11-17 07:49:46.227 | 04:24   51ms  385M  148G  38/ 54U [GameAnalyzer] Income advantage is now SlightAdvantage
2024-11-17 07:49:46.442 | 04:24   45ms  395M  148G  38/ 54U [GameAnalyzer] Income advantage is now Even
2024-11-17 07:49:46.654 | 04:25   51ms  400M  148G  38/ 54U [GameAnalyzer] Income advantage is now SlightAdvantage
2024-11-17 07:49:46.662 | 04:25   51ms  300M  148G  38/ 54U [TerranUnit] HELLION from FACTORY at (71.5, 161.5)
2024-11-17 07:49:47.548 | 04:27  120ms  170M  168G  40/ 54U [ActUnit] SCV from COMMANDCENTER at (69.5, 168.5)
2024-11-17 07:49:47.658 | 04:27   50ms  175M  172G  41/ 54U [GameAnalyzer] Income advantage is now Even
2024-11-17 07:49:47.761 | 04:27   47ms  185M  172G  41/ 54U [GameAnalyzer] Income advantage is now SlightAdvantage
2024-11-17 07:49:47.974 | 04:28   45ms  205M  172G  41/ 54U [GameAnalyzer] Income advantage is now Even
2024-11-17 07:49:48.307 | 04:28   52ms  230M  180G  41/ 54U [BuildAddon] UnitTypeId.FACTORYTECHLAB to (82.0, 173.0)
2024-11-17 07:49:48.309 | 04:28   52ms  230M  180G  41/ 54U [BuildAddon] UnitTypeId.FACTORYREACTOR to (82.0, 173.0)
2024-11-17 07:49:48.422 | 04:28   56ms  185M  159G  41/ 54U [GameAnalyzer] Income advantage is now SlightAdvantage
2024-11-17 07:49:48.653 | 04:29   51ms  215M  159G  41/ 54U [GameAnalyzer] Income advantage is now Even
2024-11-17 07:49:48.873 | 04:29   50ms  230M  167G  41/ 54U [GameAnalyzer] Income advantage is now SlightAdvantage
2024-11-17 07:49:49.821 | 04:31   52ms  270M  179G  41/ 54U [DodgeRampAttack] Retreat stopped.
2024-11-17 07:49:49.933 | 04:31   51ms  280M  183G  41/ 54U [DodgeRampAttack] Supply is 41 -> attack!
2024-11-17 07:49:49.933 | 04:31   51ms  280M  183G  41/ 54U [DodgeRampAttack] Attack started at 2.00 power.
2024-11-17 07:49:50.150 | 04:32   50ms  285M  183G  41/ 54U [GameAnalyzer] Income advantage is now Even
2024-11-17 07:49:50.479 | 04:32   50ms  315M  191G  41/ 54U [GameAnalyzer] Income advantage is now SlightAdvantage
2024-11-17 07:49:50.901 | 04:33   52ms  340M  195G  41/ 54U [GameAnalyzer] Income advantage is now Even
2024-11-17 07:49:51.125 | 04:34   53ms  345M  195G  41/ 54U [GameAnalyzer] Income advantage is now SlightAdvantage
2024-11-17 07:49:51.991 | 04:35   50ms  405M  215G  41/ 54U [Expand] Expanding to (57.5, 121.5)
2024-11-17 07:49:52.694 | 04:37   45ms   25M  223G  41/ 54U [GameAnalyzer] Income advantage is now Even
2024-11-17 07:49:52.899 | 04:37   47ms   60M  231G  41/ 54U [GameAnalyzer] Income advantage is now SlightAdvantage
2024-11-17 07:49:52.901 | 04:37   47ms   10M  231G  41/ 54U [ActUnit] SCV from COMMANDCENTER at (61.5, 146.5)
2024-11-17 07:49:53.114 | 04:38   48ms   15M  231G  42/ 54U [GameAnalyzer] Income advantage is now Even
2024-11-17 07:49:53.346 | 04:38   49ms   50M  231G  42/ 54U [GameAnalyzer] Income advantage is now SlightAdvantage
2024-11-17 07:49:53.355 | 04:38   49ms   50M  231G  42/ 54U [BuildAddon] UnitTypeId.STARPORTTECHLAB to (81.0, 165.0)
2024-11-17 07:49:54.064 | 04:39   46ms   20M  218G  42/ 54U [GameAnalyzer] Income advantage is now SmallAdvantage
2024-11-17 07:49:54.176 | 04:40   50ms   25M  218G  42/ 54U [GameAnalyzer] Income advantage is now SlightAdvantage
2024-11-17 07:49:54.603 | 04:41   48ms   35M  230G  42/ 54U [GameAnalyzer] Income advantage is now SmallAdvantage
2024-11-17 07:49:54.729 | 04:41   48ms   40M  230G  42/ 54U [GameAnalyzer] Income advantage is now SlightAdvantage
2024-11-17 07:49:54.966 | 04:41   49ms    5M  234G  42/ 54U [ActUnit] SCV from COMMANDCENTER at (69.5, 168.5)
2024-11-17 07:49:55.549 | 04:42   50ms   50M  242G  43/ 54U [BuildAddon] UnitTypeId.FACTORYREACTOR to (84.0, 170.0)
2024-11-17 07:49:55.661 | 04:43   52ms    0M  192G  43/ 54U [GameAnalyzer] Income advantage is now SmallAdvantage
2024-11-17 07:49:56.295 | 04:44   50ms   15M  204G  43/ 54U [GameAnalyzer] Income advantage is now ClearAdvantage
2024-11-17 07:49:56.515 | 04:44   45ms   20M  204G  43/ 54U [GameAnalyzer] Income advantage is now SmallAdvantage
2024-11-17 07:49:56.830 | 04:45   46ms   35M  216G  43/ 54U [GameAnalyzer] Income advantage is now ClearAdvantage
2024-11-17 07:49:57.061 | 04:45   49ms   40M  216G  43/ 54U [GameAnalyzer] Income advantage is now SmallAdvantage
2024-11-17 07:49:57.643 | 04:46   50ms  105M  228G  43/ 54U [GameAnalyzer] Known army advantage is now Even
2024-11-17 07:49:57.985 | 04:47  120ms   15M  228G  43/ 54U [DodgeRampAttack] Retreat started at 2.00 own local power against 4.00 enemy local power.
2024-11-17 07:50:00.555 | 04:52   49ms    0M  272G  43/ 54U [ActUnit] SCV from COMMANDCENTER at (61.5, 146.5)
2024-11-17 07:50:01.576 | 04:53   49ms   30M  288G  44/ 62U [ActUnit] SCV from COMMANDCENTER at (69.5, 168.5)
2024-11-17 07:50:01.698 | 04:54   55ms   30M  288G  45/ 62U [GameAnalyzer] Income advantage is now ClearAdvantage
2024-11-17 07:50:01.935 | 04:54   49ms   65M  288G  45/ 62U [GameAnalyzer] Income advantage is now SmallAdvantage
2024-11-17 07:50:02.877 | 04:56   56ms  115M  304G  45/ 62U [GameAnalyzer] Income advantage is now ClearAdvantage
2024-11-17 07:50:03.077 | 04:56   51ms  115M  308G  45/ 62U [GameAnalyzer] Income advantage is now SmallAdvantage
2024-11-17 07:50:03.321 | 04:57   49ms  125M  312G  45/ 62U [Tech] Started BANSHEESPEED
2024-11-17 07:50:03.651 | 04:57   48ms   30M  187G  45/ 62U [GameAnalyzer] Income advantage is now ClearAdvantage
2024-11-17 07:50:03.769 | 04:57   49ms   30M  191G  45/ 62U [GameAnalyzer] Income advantage is now SmallAdvantage
2024-11-17 07:50:04.121 | 04:58   48ms   50M  199G  45/ 62U [GameAnalyzer] Income advantage is now ClearAdvantage
2024-11-17 07:50:04.483 | 04:59   49ms   60M  203G  45/ 62U [GameAnalyzer] Income advantage is now SmallAdvantage
2024-11-17 07:50:04.619 | 04:59   53ms   15M  103G  45/ 62U [ActUnit] BANSHEE from STARPORT at (78.5, 165.5)
2024-11-17 07:50:04.920 | 05:00  122ms   60M  111G  48/ 62U [GameAnalyzer] Income advantage is now ClearAdvantage
2024-11-17 07:50:05.037 | 05:00   52ms   60M  111G  48/ 62U [ChatManager] Tag:E_Macro
2024-11-17 07:50:05.283 | 05:00   48ms   70M  111G  48/ 62U [GameAnalyzer] Income advantage is now SmallAdvantage
2024-11-17 07:50:05.526 | 05:01   50ms  105M  119G  48/ 62U [GameAnalyzer] Income advantage is now ClearAdvantage
2024-11-17 07:50:05.776 | 05:01   56ms  115M  123G  48/ 62U [GameAnalyzer] Income advantage is now SmallAdvantage
2024-11-17 07:50:06.014 | 05:02   49ms  140M  123G  48/ 62U [GameAnalyzer] Income advantage is now ClearAdvantage
2024-11-17 07:50:06.131 | 05:02   54ms  140M  123G  48/ 62U [GameAnalyzer] Income advantage is now SmallAdvantage
2024-11-17 07:50:06.249 | 05:02   53ms  150M  127G  48/ 62U [GameAnalyzer] Income advantage is now ClearAdvantage
2024-11-17 07:50:06.374 | 05:02   54ms  155M  135G  48/ 62U [GameAnalyzer] Income advantage is now SmallAdvantage
2024-11-17 07:50:06.926 | 05:03   54ms  180M  135G  48/ 62U [GameAnalyzer] Income advantage is now ClearAdvantage
2024-11-17 07:50:07.048 | 05:03   56ms  185M  139G  48/ 62U [GameAnalyzer] Income advantage is now SmallAdvantage
2024-11-17 07:50:07.409 | 05:04   50ms  145M  147G  48/ 62U [ActUnit] SCV from COMMANDCENTER at (61.5, 146.5)
2024-11-17 07:50:08.481 | 05:06   57ms  145M  159G  49/ 62U [ActUnit] SCV from COMMANDCENTER at (69.5, 168.5)
2024-11-17 07:50:09.123 | 05:07   52ms    5M  171G  50/ 62U [DodgeRampAttack] Retreat stopped.
2024-11-17 07:50:09.267 | 05:07   57ms   10M  171G  50/ 62U [DodgeRampAttack] Supply is 50 -> attack!
2024-11-17 07:50:09.268 | 05:07   57ms   10M  171G  50/ 62U [DodgeRampAttack] Attack started at 4.00 power.
2024-11-17 07:50:09.500 | 05:08   53ms   40M  171G  50/ 62U [GameAnalyzer] Known army advantage is now SmallDisadvantage
2024-11-17 07:50:09.501 | 05:08   53ms   40M  171G  50/ 62U [GameAnalyzer] Predicted army advantage is now OverwhelmingDisadvantage
2024-11-17 07:50:13.674 | 05:14   60ms  205M  106G  50/ 70U [ActUnit] SIEGETANK from FACTORY at (79.5, 173.5)
2024-11-17 07:50:14.767 | 05:16   57ms  210M  118G  53/ 70U [ActUnit] SCV from COMMANDCENTER at (61.5, 146.5)
2024-11-17 07:50:15.775 | 05:18   59ms  220M  134G  54/ 70U [ActUnit] SCV from COMMANDCENTER at (69.5, 168.5)
2024-11-17 07:50:19.483 | 05:24   61ms  420M  182G  55/ 70U [DodgeRampAttack] Retreat started at 4.00 own local power against 5.95 enemy local power.
2024-11-17 07:50:21.982 | 05:28   63ms  575M  214G  55/ 70U [GameAnalyzer] Known army advantage is now ClearDisadvantage
2024-11-17 07:50:21.993 | 05:28   63ms  475M  214G  55/ 70U [TerranUnit] HELLION from FACTORY at (65.5, 158.5)
2024-11-17 07:50:22.336 | 05:29   64ms  240M  218G  57/ 70U [ActUnit] SCV from COMMANDCENTER at (61.5, 146.5)
2024-11-17 07:50:23.411 | 05:30   60ms  240M  234G  58/ 70U [ActUnit] SCV from COMMANDCENTER at (69.5, 168.5)
2024-11-17 07:50:24.702 | 05:32   60ms  150M  125G  59/ 70U [ActUnit] SIEGETANK from FACTORY at (71.5, 161.5)
2024-11-17 07:50:26.580 | 05:35   66ms  375M  149G  62/ 78U [GameAnalyzer] Income advantage is now ClearAdvantage
2024-11-17 07:50:26.918 | 05:36   84ms  375M  149G  62/ 78U [GameAnalyzer] Income advantage is now SmallAdvantage
2024-11-17 07:50:29.572 | 05:40   73ms  450M  185G  62/ 78U [ActUnit] MARINE from BARRACKS at (73.5, 169.5)
2024-11-17 07:50:29.834 | 05:40   62ms  465M  189G  63/ 78U [GameAnalyzer] Income advantage is now ClearAdvantage
2024-11-17 07:50:30.030 | 05:40   64ms  470M  189G  63/ 78U [GameAnalyzer] Income advantage is now SmallAdvantage
2024-11-17 07:50:30.406 | 05:41  143ms  425M  197G  63/ 78U [ActUnit] SCV from COMMANDCENTER at (61.5, 146.5)
2024-11-17 07:50:31.096 | 05:42   64ms  275M  201G  64/ 78U [GameAnalyzer] Known army advantage is now SlightDisadvantage
2024-11-17 07:50:31.096 | 05:42   64ms  275M  201G  64/ 78U [GameAnalyzer] Predicted army advantage is now SlightDisadvantage
2024-11-17 07:50:31.515 | 05:43   61ms  125M  209G  64/ 78U [ActUnit] SCV from COMMANDCENTER at (69.5, 168.5)
2024-11-17 07:50:32.270 | 05:44   62ms    5M  117G  65/ 78U [ActUnit] BANSHEE from STARPORT at (78.5, 165.5)
2024-11-17 07:50:32.534 | 05:44   55ms   10M  121G  68/ 78U [DodgeRampAttack] Retreat stopped.
2024-11-17 07:50:32.671 | 05:44   56ms   10M  121G  68/ 78U [DodgeRampAttack] Supply is 68 -> attack!
2024-11-17 07:50:32.672 | 05:44   56ms   10M  121G  68/ 78U [DodgeRampAttack] Attack started at 6.82 power.
2024-11-17 07:50:36.254 | 05:50   67ms  270M  165G  68/ 78U [GameAnalyzer] Known army advantage is now Even
2024-11-17 07:50:36.708 | 05:50   70ms  305M  169G  68/ 78U [GameAnalyzer] Income advantage is now ClearAdvantage
2024-11-17 07:50:36.873 | 05:50   70ms  310M  169G  68/ 78U [GameAnalyzer] Income advantage is now SmallAdvantage
2024-11-17 07:50:38.935 | 05:53  145ms  345M  193G  68/ 78U [ActUnit] SCV from COMMANDCENTER at (61.5, 146.5)
2024-11-17 07:50:40.171 | 05:55   85ms  245M  205G  69/ 93U [GameAnalyzer] Income advantage is now ClearAdvantage
2024-11-17 07:50:40.354 | 05:55   81ms  250M  209G  69/101U [GameAnalyzer] Income advantage is now SmallAdvantage
2024-11-17 07:50:40.357 | 05:55   81ms  200M  209G  69/101U [ActUnit] SCV from COMMANDCENTER at (69.5, 168.5)
2024-11-17 07:50:41.208 | 05:56   84ms  215M  217G  70/101U [GameAnalyzer] Income advantage is now ClearAdvantage
2024-11-17 07:50:41.745 | 05:56   86ms  230M  221G  70/101U [GameAnalyzer] Income advantage is now SmallAdvantage
2024-11-17 07:50:42.276 | 05:57   88ms  265M  225G  70/101U [GameAnalyzer] Income advantage is now ClearAdvantage
2024-11-17 07:50:42.834 | 05:58   73ms  280M  229G  70/101U [GameAnalyzer] Income advantage is now SmallAdvantage
2024-11-17 07:50:43.016 | 05:58   82ms  285M  233G  70/101U [GameAnalyzer] Income advantage is now ClearAdvantage
2024-11-17 07:50:43.704 | 05:59   85ms  150M  116G  70/101U [ActUnit] SIEGETANK from FACTORY at (79.5, 173.5)
2024-11-17 07:50:44.314 | 06:00   77ms  185M  120G  73/101U [GameAnalyzer] Income advantage is now SmallAdvantage
2024-11-17 07:50:44.973 | 06:00   79ms  215M  128G  73/101U [GameAnalyzer] Income advantage is now ClearAdvantage
2024-11-17 07:50:45.456 | 06:01   69ms  230M  136G  73/101U [GameAnalyzer] Income advantage is now SmallAdvantage
2024-11-17 07:50:46.084 | 06:02   86ms  275M  140G  73/101U [GameAnalyzer] Income advantage is now ClearAdvantage
2024-11-17 07:50:46.921 | 06:03   68ms  285M  148G  73/101U [GameAnalyzer] Income advantage is now SmallAdvantage
2024-11-17 07:50:47.077 | 06:03   79ms  295M  152G  73/101U [GameAnalyzer] Income advantage is now ClearAdvantage
2024-11-17 07:50:47.309 | 06:03   75ms  300M  152G  73/101U [GameAnalyzer] Income advantage is now SmallAdvantage
2024-11-17 07:50:47.466 | 06:04   79ms  310M  152G  73/101U [GameAnalyzer] Income advantage is now ClearAdvantage
2024-11-17 07:50:48.108 | 06:04   73ms  345M  160G  73/101U [GameAnalyzer] Income advantage is now SmallAdvantage
2024-11-17 07:50:48.295 | 06:04   93ms  350M  160G  73/101U [GameAnalyzer] Known army advantage is now SlightAdvantage
2024-11-17 07:50:48.974 | 06:05   80ms  320M  168G  73/109U [ActUnit] SCV from COMMANDCENTER at (61.5, 146.5)
2024-11-17 07:50:49.064 | INFO     | sc2.protocol:_execute:72 - Client status changed to Status.ended (was Status.in_game)
2024-11-17 07:50:49.065 | Result: Defeat
2024-11-17 07:50:49.065 | Duration: 06:05
2024-11-17 07:50:49.066 | Step time min: 14
2024-11-17 07:50:49.066 | Step time avg: 41
2024-11-17 07:50:49.067 | Step time max: 634
2024-11-17 07:50:49.068 | [LostUnitsContents] My lost units minerals and gas: (50, 0)
2024-11-17 07:50:49.068 | [LostUnitsContents] My lost units minerals by score: 50.0
2024-11-17 07:50:49.069 | [LostUnitsContents] Enemy lost units minerals and gas: (425, 0)
2024-11-17 07:50:49.070 | [LostUnitsContents] Enemy lost units minerals by score: 425.0
2024-11-17 07:50:49.071 | [GameAnalyzerEnd] Own units:
2024-11-17 07:50:49.072 | [GameAnalyzerEnd] SCV               total:  47 alive:  46 dead:   1 
2024-11-17 07:50:49.073 | [GameAnalyzerEnd] SUPPLYDEPOT       total:   8 alive:   8 dead:   0 
2024-11-17 07:50:49.074 | [GameAnalyzerEnd] TECHLAB           total:   6 alive:   6 dead:   0 
2024-11-17 07:50:49.075 | [GameAnalyzerEnd] FACTORY           total:   4 alive:   4 dead:   0 
2024-11-17 07:50:49.075 | [GameAnalyzerEnd] BARRACKS          total:   3 alive:   3 dead:   0 
2024-11-17 07:50:49.077 | [GameAnalyzerEnd] REFINERY          total:   3 alive:   3 dead:   0 
2024-11-17 07:50:49.079 | [GameAnalyzerEnd] SIEGETANK         total:   2 alive:   2 dead:   0 
2024-11-17 07:50:49.079 | [GameAnalyzerEnd] REAPER            total:   2 alive:   2 dead:   0 
2024-11-17 07:50:49.080 | [GameAnalyzerEnd] ORBITALCOMMAND    total:   2 alive:   2 dead:   0 
2024-11-17 07:50:49.081 | [GameAnalyzerEnd] HELLION           total:   2 alive:   2 dead:   0 
2024-11-17 07:50:49.082 | [GameAnalyzerEnd] BUNKER            total:   1 alive:   1 dead:   0 
2024-11-17 07:50:49.083 | [GameAnalyzerEnd] REACTOR           total:   1 alive:   1 dead:   0 
2024-11-17 07:50:49.083 | [GameAnalyzerEnd] COMMANDCENTER     total:   1 alive:   1 dead:   0 
2024-11-17 07:50:49.084 | [GameAnalyzerEnd] STARPORT          total:   1 alive:   1 dead:   0 
2024-11-17 07:50:49.085 | [GameAnalyzerEnd] MARINE            total:   1 alive:   1 dead:   0 
2024-11-17 07:50:49.086 | [GameAnalyzerEnd] BANSHEE           total:   1 alive:   1 dead:   0 
2024-11-17 07:50:49.087 | [GameAnalyzerEnd] Enemy units:
2024-11-17 07:50:49.088 | [GameAnalyzerEnd] DRONE             total:  34 alive:  34 dead:   0 
2024-11-17 07:50:49.088 | [GameAnalyzerEnd] ZERGLING          total:  11 alive:   0 dead:  11 
2024-11-17 07:50:49.088 | [GameAnalyzerEnd] OVERLORD          total:   8 alive:   8 dead:   0 
2024-11-17 07:50:49.091 | [GameAnalyzerEnd] ROACH             total:   4 alive:   4 dead:   0 
2024-11-17 07:50:49.093 | [GameAnalyzerEnd] QUEEN             total:   3 alive:   2 dead:   1 
2024-11-17 07:50:49.094 | [GameAnalyzerEnd] HATCHERY          total:   2 alive:   2 dead:   0 
2024-11-17 07:50:49.095 | [GameAnalyzerEnd] EXTRACTOR         total:   2 alive:   2 dead:   0 
2024-11-17 07:50:49.096 | [GameAnalyzerEnd] SPAWNINGPOOL      total:   1 alive:   1 dead:   0 
2024-11-17 07:50:49.096 | [GameAnalyzerEnd] LAIR              total:   1 alive:   1 dead:   0 
2024-11-17 07:50:49.097 | [GameAnalyzerEnd] ROACHWARREN       total:   1 alive:   1 dead:   0 
2024-11-17 07:50:49.098 | [GameAnalyzerEnd] HYDRALISKDEN      total:   1 alive:   1 dead:   0 
2024-11-17 07:50:49.099 | [GameAnalyzerEnd] INFESTATIONPIT    total:   1 alive:   1 dead:   0 
2024-11-17 07:50:49.100 | [GameAnalyzerEnd] Minerals max 530 Average 163
2024-11-17 07:50:49.101 | [GameAnalyzerEnd] Vespene max 312 Average 99
2024-11-17 07:50:49.102 | INFO     | sc2.main:_play_game:228 - Result for player 1 - Bot LadderBot(Terran): Defeat
2024-11-17 07:50:51.245 | INFO     | sc2.protocol:__request:48 - Cannot receive: Game has already ended.
2024-11-17 07:50:51.248 | INFO     | sc2.sc2process:_close_connection:231 - Closing connection at 54285...
2024-11-17 07:50:51.249 | INFO     | sc2.sc2process:kill_all:33 - kill_switch: Process cleanup for 1 processes
