2024-11-05 16:22:19.962 | INFO     | sc2.protocol:_execute:72 - Client status changed to Status.launched (was None)
2024-11-05 16:22:19.964 | INFO     | sc2.controller:create_game:37 - Creating new game
2024-11-05 16:22:19.964 | INFO     | sc2.controller:create_game:38 - Map:     Gresvan513AIE
2024-11-05 16:22:19.965 | INFO     | sc2.controller:create_game:39 - Players: Bot LadderBot(Terran), Computer VeryHard(Zerg, RandomBuild)
2024-11-05 16:22:19.969 | INFO     | sc2.protocol:_execute:72 - Client status changed to Status.init_game (was Status.launched)
2024-11-05 16:22:32.933 | INFO     | sc2.protocol:_execute:72 - Client status changed to Status.in_game (was None)
2024-11-05 16:22:32.934 | INFO     | sc2.main:_play_game:221 - Player 1 - Bot LadderBot(Terran)
2024-11-05 16:22:33.693 | 00:00    0ms    0M    0G  12/ 15U [Version] 5.0.13.92440
2024-11-05 16:22:33.694 | 00:00    0ms    0M    0G  12/ 15U [Version] 5.0.6 Balance mod recognized.
2024-11-05 16:22:33.830 | 00:00    0ms    0M    0G  12/ 15U [ZoneManager] Map set to: MapName.Unknown from name: GresvanAIE and hash: 3547936.
2024-11-05 16:22:35.455 | [DataManager] No BuildDetector found, enemy build data cannot be saved
2024-11-05 16:22:35.457 | 00:00    0ms    0M    0G  12/ 15U [Build] Att at 10
2024-11-05 16:22:35.528 | [Start] My race: Terran
2024-11-05 16:22:35.529 | [Start] Opponent race: Zerg
2024-11-05 16:22:35.530 | [Start] OpponentId: None
2024-11-05 16:22:38.150 | 00:16   16ms    0M    0G  13/ 15U [ActUnit] SCV from COMMANDCENTER at (38.5, 121.5)
2024-11-05 16:22:40.111 | 00:29   25ms  100M    0G  14/ 15U [ActUnit] SCV from COMMANDCENTER at (38.5, 121.5)
2024-11-05 16:22:41.831 | 00:39   16ms    5M    0G  15/ 23U [BuildGas] Building REFINERY to (42.5, 128.5)
2024-11-05 16:22:42.632 | 00:44   19ms    0M    0G  15/ 23U [ActUnit] SCV from COMMANDCENTER at (38.5, 121.5)
2024-11-05 16:22:44.761 | 00:56   23ms   90M    0G  16/ 23U [ActUnit] SCV from COMMANDCENTER at (38.5, 121.5)
2024-11-05 16:22:46.915 | 01:09   20ms   80M    8G  17/ 23U [ActUnit] SCV from COMMANDCENTER at (38.5, 121.5)
2024-11-05 16:22:48.032 | 01:11   27ms  100M   12G  18/ 23U [GameAnalyzer] Income advantage is now SlightDisadvantage
2024-11-05 16:22:49.297 | 01:17   29ms  175M   24G  18/ 23U [GameAnalyzer] Income advantage is now Even
2024-11-05 16:22:49.592 | 01:19   33ms  185M   24G  18/ 23U [GameAnalyzer] Income advantage is now SlightDisadvantage
2024-11-05 16:22:49.868 | 01:20   24ms  195M   28G  18/ 23U [GameAnalyzer] Predicted army advantage is now SlightDisadvantage
2024-11-05 16:22:50.158 | 01:21   30ms  215M   32G  18/ 23U [GameAnalyzer] Income advantage is now Even
2024-11-05 16:22:50.160 | 01:21   30ms  165M   32G  18/ 23U [ActUnit] SCV from COMMANDCENTER at (38.5, 121.5)
2024-11-05 16:22:50.888 | 01:24   30ms  190M   36G  19/ 31U [GameAnalyzer] Income advantage is now SlightDisadvantage
2024-11-05 16:22:52.123 | 01:30   32ms  205M    2G  19/ 31U [TerranUnit] REAPER from BARRACKS at (39.5, 113.5)
2024-11-05 16:22:57.257 | 01:55   27ms  400M   66G  20/ 31U [Expand] Expanding to (36.5, 89.5)
2024-11-05 16:22:58.146 | 01:59   33ms   10M   78G  20/ 31U [ActUnit] SCV from COMMANDCENTER at (38.5, 121.5)
2024-11-05 16:22:58.894 | 02:02   30ms   60M   86G  21/ 31U [GameAnalyzer] Known army advantage is now SlightAdvantage
2024-11-05 16:22:58.895 | 02:02   30ms   10M   36G  21/ 31U [TerranUnit] REAPER from BARRACKS at (39.5, 113.5)
2024-11-05 16:22:59.118 | 02:03   32ms   15M   40G  22/ 31U [GameAnalyzer] Income advantage is now Even
2024-11-05 16:22:59.820 | 02:07   31ms    0M   48G  22/ 31U [BuildGas] Building REFINERY to (45.5, 124.5)
2024-11-05 16:23:00.872 | 02:11   31ms   15M   64G  22/ 31U [ActUnit] SCV from COMMANDCENTER at (38.5, 121.5)
2024-11-05 16:23:02.578 | 02:19  111ms  145M   84G  23/ 31U [GameAnalyzer] Known army advantage is now Even
2024-11-05 16:23:03.666 | 02:24   35ms  185M   96G  23/ 31U [ActUnit] SCV from COMMANDCENTER at (38.5, 121.5)
2024-11-05 16:23:06.076 | 02:34   34ms  220M   28G  23/ 31U [GameAnalyzer] Known army advantage is now SlightAdvantage
2024-11-05 16:23:06.081 | 02:34   34ms  170M   28G  23/ 31U [ActUnit] MARINE from BARRACKS at (39.5, 113.5)
2024-11-05 16:23:06.467 | 02:36   36ms  145M   32G  24/ 31U [ActUnit] SCV from COMMANDCENTER at (38.5, 121.5)
2024-11-05 16:23:09.447 | 02:49  112ms  180M   80G  25/ 31U [ActUnit] SCV from COMMANDCENTER at (38.5, 121.5)
2024-11-05 16:23:10.230 | 02:52   33ms  175M   46G  26/ 31U [TerranUnit] REAPER from BARRACKS at (39.5, 113.5)
2024-11-05 16:23:12.434 | 03:01   35ms  285M   86G  27/ 31U [ActUnit] SCV from COMMANDCENTER at (38.5, 121.5)
2024-11-05 16:23:15.198 | 03:12   37ms  145M   42G  28/ 39U [GameAnalyzer] Known army advantage is now Even
2024-11-05 16:23:15.199 | 03:12   37ms  145M   42G  28/ 39U [GameAnalyzer] Predicted army advantage is now SmallDisadvantage
2024-11-05 16:23:15.205 | 03:12   37ms  145M   42G  28/ 39U [BuildAddon] UnitTypeId.FACTORYTECHLAB to (49.0, 117.0)
2024-11-05 16:23:15.590 | 03:14   40ms   75M   25G  28/ 39U [ActUnit] SCV from COMMANDCENTER at (38.5, 121.5)
2024-11-05 16:23:16.172 | 03:15   40ms   90M   33G  29/ 54U [GameAnalyzer] Known army advantage is now SlightDisadvantage
2024-11-05 16:23:16.792 | 03:18   37ms  120M   41G  28/ 54U [GameAnalyzer] Predicted army advantage is now ClearDisadvantage
2024-11-05 16:23:16.799 | 03:18   37ms  120M   41G  28/ 54U [DefensiveBuilding] Building BUNKER to (41.43196961916072, 90.32199493652679)
2024-11-05 16:23:18.515 | 03:24   41ms   80M   81G  27/ 54U [ActUnit] MARINE from BARRACKS at (39.5, 113.5)
2024-11-05 16:23:18.993 | 03:26   39ms   75M   89G  28/ 54U [ActUnit] SCV from COMMANDCENTER at (38.5, 121.5)
2024-11-05 16:23:19.531 | 03:28   35ms  120M  101G  29/ 54U [GameAnalyzer] Predicted army advantage is now OverwhelmingDisadvantage
2024-11-05 16:23:20.955 | 03:34   37ms   80M  129G  29/ 54U [GameAnalyzer] Known army advantage is now SmallDisadvantage
2024-11-05 16:23:22.117 | 03:39   40ms   90M  157G  28/ 54U [ActUnit] SCV from COMMANDCENTER at (38.5, 121.5)
2024-11-05 16:23:22.334 | 03:40   40ms   65M  161G  29/ 54U [ActUnit] SCV from COMMANDCENTER at (36.5, 89.5)
2024-11-05 16:23:23.084 | 03:42   38ms  120M  177G  30/ 54U [BuildAddon] UnitTypeId.BARRACKSTECHLAB to (42.0, 113.0)
2024-11-05 16:23:24.352 | 03:47   49ms   25M   51G  30/ 54U [ActUnit] SIEGETANK from FACTORY at (46.5, 117.5)
2024-11-05 16:23:25.411 | 03:51   41ms   60M   75G  33/ 54U [ActUnit] SCV from COMMANDCENTER at (38.5, 121.5)
2024-11-05 16:23:25.642 | 03:52   39ms   30M   79G  34/ 54U [ActUnit] SCV from COMMANDCENTER at (36.5, 89.5)
2024-11-05 16:23:27.907 | 04:01   43ms  170M  123G  35/ 54U [ActUnit] MARINE from BARRACKS at (39.5, 113.5)
2024-11-05 16:23:28.742 | 04:04   44ms  280M  143G  36/ 54U [GameAnalyzer] Income advantage is now SlightAdvantage
2024-11-05 16:23:28.743 | 04:04   44ms  230M  143G  36/ 54U [ActUnit] SCV from COMMANDCENTER at (38.5, 121.5)
2024-11-05 16:23:29.015 | 04:05   48ms  210M  147G  37/ 54U [ActUnit] SCV from COMMANDCENTER at (36.5, 89.5)
2024-11-05 16:23:32.792 | 04:16   51ms  485M  211G  38/ 54U [ActUnit] SCV from COMMANDCENTER at (38.5, 121.5)
2024-11-05 16:23:33.164 | 04:17   82ms  450M  215G  39/ 54U [ActUnit] SCV from COMMANDCENTER at (36.5, 89.5)
2024-11-05 16:23:33.814 | 04:18   49ms  465M  223G  40/ 54U [ActUnit] MARINE from BARRACKS at (39.5, 113.5)
2024-11-05 16:23:34.183 | 04:19   50ms  475M  227G  41/ 54U [GameAnalyzer] Known army advantage is now SlightDisadvantage
2024-11-05 16:23:34.190 | 04:19   50ms  325M  102G  41/ 54U [ActUnit] SIEGETANK from FACTORY at (46.5, 117.5)
2024-11-05 16:23:34.917 | 04:22   63ms  370M  114G  44/ 54U [BuildAddon] UnitTypeId.BARRACKSREACTOR to (44.0, 110.0)
2024-11-05 16:23:36.111 | 04:25   49ms  450M   84G  44/ 54U [GameAnalyzer] Known army advantage is now SmallDisadvantage
2024-11-05 16:23:37.194 | 04:29   47ms  330M    4G  44/ 54U [ActUnit] SCV from COMMANDCENTER at (38.5, 121.5)
2024-11-05 16:23:37.499 | 04:30   55ms  310M    8G  45/ 54U [ActUnit] SCV from COMMANDCENTER at (36.5, 89.5)
2024-11-05 16:23:37.655 | 04:30   50ms  345M    8G  46/ 54U [GameAnalyzer] Income advantage is now SmallAdvantage
2024-11-05 16:23:39.772 | 04:36   47ms  520M   44G  46/ 54U [GameAnalyzer] Known army advantage is now SlightDisadvantage
2024-11-05 16:23:39.778 | 04:36   47ms  470M   44G  46/ 54U [ActUnit] MARINE from BARRACKS at (39.5, 113.5)
2024-11-05 16:23:41.406 | 04:41   49ms  595M   72G  47/ 54U [ActUnit] SCV from COMMANDCENTER at (38.5, 121.5)
2024-11-05 16:23:41.581 | 04:42   55ms  380M   72G  48/ 54U [DefensiveBuilding] Building MISSILETURRET to (43.43196961916072, 88.32199493652679)
2024-11-05 16:23:41.589 | 04:42   55ms  280M   72G  48/ 54U [DefensiveBuilding] Building MISSILETURRET to (29.762706378441532, 125.46731720766607)
2024-11-05 16:23:41.761 | 04:42   71ms  400M   76G  48/ 54U [GameAnalyzer] Income advantage is now SlightAdvantage
2024-11-05 16:23:41.764 | 04:42   71ms  350M   76G  48/ 54U [ActUnit] SCV from COMMANDCENTER at (36.5, 89.5)
2024-11-05 16:23:41.775 | 04:42   71ms  350M   76G  48/ 54U [DefensiveBuilding] Building MISSILETURRET to (43.43196961916072, 88.32199493652679)
2024-11-05 16:23:41.782 | 04:42   71ms  250M   76G  48/ 54U [DefensiveBuilding] Building MISSILETURRET to (29.762706378441532, 125.46731720766607)
2024-11-05 16:23:41.942 | 04:43   77ms  350M   80G  49/ 54U [GameAnalyzer] Income advantage is now SmallAdvantage
2024-11-05 16:23:41.943 | 04:43   77ms  350M   80G  49/ 54U [GameAnalyzer] Known army advantage is now SmallDisadvantage
2024-11-05 16:23:41.957 | 04:43   77ms  350M   80G  49/ 54U [DefensiveBuilding] Building MISSILETURRET to (43.43196961916072, 88.32199493652679)
2024-11-05 16:23:41.965 | 04:43   77ms  250M   80G  49/ 54U [DefensiveBuilding] Building MISSILETURRET to (29.762706378441532, 127.46731720766607)
2024-11-05 16:23:42.138 | 04:43   75ms  370M   80G  49/ 54U [DefensiveBuilding] Building MISSILETURRET to (41.43196961916072, 88.32199493652679)
2024-11-05 16:23:42.145 | 04:43   75ms  270M   80G  49/ 54U [DefensiveBuilding] Building MISSILETURRET to (33.762706378441536, 129.46731720766607)
2024-11-05 16:23:42.311 | 04:43   72ms  385M   84G  48/ 54U [GameAnalyzer] Known army advantage is now ClearDisadvantage
2024-11-05 16:23:42.326 | 04:43   72ms  385M   84G  48/ 54U [DefensiveBuilding] Building MISSILETURRET to (43.43196961916072, 88.32199493652679)
2024-11-05 16:23:42.334 | 04:43   72ms  285M   84G  48/ 54U [DefensiveBuilding] Building MISSILETURRET to (29.762706378441532, 129.46731720766607)
2024-11-05 16:23:42.584 | 04:44   82ms  395M   88G  48/ 54U [DefensiveBuilding] Building MISSILETURRET to (43.43196961916072, 88.32199493652679)
2024-11-05 16:23:42.600 | 04:44   82ms  295M   88G  48/ 54U [DefensiveBuilding] Building MISSILETURRET to (29.762706378441532, 127.46731720766607)
2024-11-05 16:23:42.790 | 04:44  158ms  425M   88G  48/ 54U [DefensiveBuilding] Building MISSILETURRET to (43.43196961916072, 88.32199493652679)
2024-11-05 16:23:42.798 | 04:44  158ms  325M   88G  48/ 54U [DefensiveBuilding] Building MISSILETURRET to (33.762706378441536, 129.46731720766607)
2024-11-05 16:23:42.959 | 04:45   83ms  435M   88G  48/ 54U [DefensiveBuilding] Building MISSILETURRET to (43.43196961916072, 88.32199493652679)
2024-11-05 16:23:42.965 | 04:45   83ms  335M   88G  48/ 54U [DefensiveBuilding] Building MISSILETURRET to (29.762706378441532, 127.46731720766607)
2024-11-05 16:23:43.121 | 04:45   66ms  435M   92G  48/ 54U [DefensiveBuilding] Building MISSILETURRET to (43.43196961916072, 88.32199493652679)
2024-11-05 16:23:43.128 | 04:45   66ms  335M   92G  48/ 54U [DefensiveBuilding] Building MISSILETURRET to (29.762706378441532, 125.46731720766607)
2024-11-05 16:23:43.289 | 04:46   69ms  445M   96G  48/ 54U [DefensiveBuilding] Building MISSILETURRET to (43.43196961916072, 88.32199493652679)
2024-11-05 16:23:43.296 | 04:46   69ms  345M   96G  48/ 54U [DefensiveBuilding] Building MISSILETURRET to (29.762706378441532, 125.46731720766607)
2024-11-05 16:23:43.463 | 04:46   63ms  465M   96G  48/ 54U [DefensiveBuilding] Building MISSILETURRET to (41.43196961916072, 88.32199493652679)
2024-11-05 16:23:43.474 | 04:46   63ms  365M   96G  48/ 54U [DefensiveBuilding] Building MISSILETURRET to (29.762706378441532, 125.46731720766607)
2024-11-05 16:23:43.644 | 04:47   85ms  475M  100G  48/ 54U [DefensiveBuilding] Building MISSILETURRET to (43.43196961916072, 88.32199493652679)
2024-11-05 16:23:43.651 | 04:47   85ms  375M  100G  48/ 54U [DefensiveBuilding] Building MISSILETURRET to (29.762706378441532, 127.46731720766607)
2024-11-05 16:23:43.809 | 04:47   69ms  490M  104G  48/ 54U [DefensiveBuilding] Building MISSILETURRET to (43.43196961916072, 88.32199493652679)
2024-11-05 16:23:43.816 | 04:47   69ms  390M  104G  48/ 54U [DefensiveBuilding] Building MISSILETURRET to (29.762706378441532, 125.46731720766607)
2024-11-05 16:23:43.971 | 04:47   71ms  505M  104G  48/ 54U [DefensiveBuilding] Building MISSILETURRET to (41.43196961916072, 88.32199493652679)
2024-11-05 16:23:43.978 | 04:47   71ms  405M  104G  48/ 54U [DefensiveBuilding] Building MISSILETURRET to (29.762706378441532, 129.46731720766607)
2024-11-05 16:23:44.131 | 04:48   71ms  510M  108G  48/ 54U [DefensiveBuilding] Building MISSILETURRET to (43.43196961916072, 88.32199493652679)
2024-11-05 16:23:44.141 | 04:48   71ms  410M  108G  48/ 54U [DefensiveBuilding] Building MISSILETURRET to (33.762706378441536, 125.46731720766607)
2024-11-05 16:23:44.292 | 04:48   68ms  520M  112G  48/ 54U [DefensiveBuilding] Building MISSILETURRET to (43.43196961916072, 88.32199493652679)
2024-11-05 16:23:44.299 | 04:48   68ms  420M  112G  48/ 54U [DefensiveBuilding] Building MISSILETURRET to (29.762706378441532, 125.46731720766607)
2024-11-05 16:23:44.489 | 04:49   66ms  540M  112G  48/ 54U [DefensiveBuilding] Building MISSILETURRET to (43.43196961916072, 88.32199493652679)
2024-11-05 16:23:44.496 | 04:49   66ms  440M  112G  48/ 54U [DefensiveBuilding] Building MISSILETURRET to (29.762706378441532, 125.46731720766607)
2024-11-05 16:23:44.648 | 04:49   87ms  545M  112G  48/ 54U [DefensiveBuilding] Building MISSILETURRET to (43.43196961916072, 88.32199493652679)
2024-11-05 16:23:44.655 | 04:49   87ms  445M  112G  48/ 54U [DefensiveBuilding] Building MISSILETURRET to (33.762706378441536, 125.46731720766607)
2024-11-05 16:23:44.887 | 04:50   66ms  555M  116G  48/ 54U [DefensiveBuilding] Building MISSILETURRET to (43.43196961916072, 88.32199493652679)
2024-11-05 16:23:44.895 | 04:50   66ms  455M  116G  48/ 54U [DefensiveBuilding] Building MISSILETURRET to (29.762706378441532, 129.46731720766607)
2024-11-05 16:23:45.062 | 04:50   69ms  570M  120G  48/ 54U [DefensiveBuilding] Building MISSILETURRET to (41.43196961916072, 88.32199493652679)
2024-11-05 16:23:45.070 | 04:50   69ms  470M  120G  48/ 54U [DefensiveBuilding] Building MISSILETURRET to (33.762706378441536, 129.46731720766607)
2024-11-05 16:23:45.228 | 04:51   80ms  570M  120G  48/ 54U [DefensiveBuilding] Building MISSILETURRET to (41.43196961916072, 88.32199493652679)
2024-11-05 16:23:45.238 | 04:51   80ms  470M  120G  48/ 54U [DefensiveBuilding] Building MISSILETURRET to (29.762706378441532, 125.46731720766607)
2024-11-05 16:23:45.401 | 04:51   71ms  570M  124G  48/ 54U [DefensiveBuilding] Building MISSILETURRET to (43.43196961916072, 88.32199493652679)
2024-11-05 16:23:45.411 | 04:51   71ms  470M  124G  48/ 54U [DefensiveBuilding] Building MISSILETURRET to (33.762706378441536, 129.46731720766607)
2024-11-05 16:23:45.573 | 04:51   71ms  600M  128G  48/ 54U [DefensiveBuilding] Building MISSILETURRET to (43.43196961916072, 88.32199493652679)
2024-11-05 16:23:45.582 | 04:51   71ms  500M  128G  48/ 54U [DefensiveBuilding] Building MISSILETURRET to (29.762706378441532, 125.46731720766607)
2024-11-05 16:23:45.583 | 04:51   71ms  250M    3G  48/ 54U [ActUnit] SIEGETANK from FACTORY at (46.5, 117.5)
2024-11-05 16:23:45.738 | 04:52   80ms  485M    3G  51/ 54U [DefensiveBuilding] Building MISSILETURRET to (43.43196961916072, 88.32199493652679)
2024-11-05 16:23:45.745 | 04:52   80ms  385M    3G  51/ 54U [DefensiveBuilding] Building MISSILETURRET to (33.762706378441536, 125.46731720766607)
2024-11-05 16:23:45.901 | 04:52   67ms  525M    7G  51/ 54U [DefensiveBuilding] Building MISSILETURRET to (43.43196961916072, 88.32199493652679)
2024-11-05 16:23:45.909 | 04:52   67ms  425M    7G  51/ 54U [DefensiveBuilding] Building MISSILETURRET to (29.762706378441532, 127.46731720766607)
2024-11-05 16:23:46.078 | 04:53   70ms  535M   11G  51/ 54U [DefensiveBuilding] Building MISSILETURRET to (43.43196961916072, 88.32199493652679)
2024-11-05 16:23:46.088 | 04:53   70ms  435M   11G  51/ 54U [DefensiveBuilding] Building MISSILETURRET to (29.762706378441532, 125.46731720766607)
2024-11-05 16:23:46.254 | 04:53   77ms  545M   11G  51/ 54U [DefensiveBuilding] Building MISSILETURRET to (43.43196961916072, 88.32199493652679)
2024-11-05 16:23:46.262 | 04:53   77ms  445M   11G  51/ 54U [DefensiveBuilding] Building MISSILETURRET to (33.762706378441536, 129.46731720766607)
2024-11-05 16:23:46.417 | 04:54   72ms  505M   11G  51/ 54U [ActUnit] SCV from COMMANDCENTER at (38.5, 121.5)
2024-11-05 16:23:46.431 | 04:54   72ms  505M   11G  51/ 54U [DefensiveBuilding] Building MISSILETURRET to (43.43196961916072, 88.32199493652679)
2024-11-05 16:23:46.444 | 04:54   72ms  405M   11G  51/ 54U [DefensiveBuilding] Building MISSILETURRET to (33.762706378441536, 129.46731720766607)
2024-11-05 16:23:46.659 | 04:54   73ms  525M   15G  52/ 54U [DefensiveBuilding] Building MISSILETURRET to (43.43196961916072, 88.32199493652679)
2024-11-05 16:23:46.667 | 04:54   73ms  425M   15G  52/ 54U [DefensiveBuilding] Building MISSILETURRET to (33.762706378441536, 129.46731720766607)
2024-11-05 16:23:46.670 | 04:54   73ms  275M   15G  52/ 54U [ActUnit] MARINE from BARRACKS at (39.5, 113.5)
2024-11-05 16:23:46.834 | 04:55  144ms  425M   19G  53/ 54U [ActUnit] SCV from COMMANDCENTER at (36.5, 89.5)
2024-11-05 16:23:46.847 | 04:55  144ms  425M   19G  53/ 54U [DefensiveBuilding] Building MISSILETURRET to (43.43196961916072, 88.32199493652679)
2024-11-05 16:23:46.856 | 04:55  144ms  325M   19G  53/ 54U [DefensiveBuilding] Building MISSILETURRET to (33.762706378441536, 125.46731720766607)
2024-11-05 16:23:47.041 | 04:55   72ms  450M   19G  54/ 54U [DefensiveBuilding] Building MISSILETURRET to (43.43196961916072, 88.32199493652679)
2024-11-05 16:23:47.049 | 04:55   72ms  350M   19G  54/ 54U [DefensiveBuilding] Building MISSILETURRET to (29.762706378441532, 129.46731720766607)
2024-11-05 16:23:47.213 | 04:55   73ms  450M   23G  54/ 54U [DefensiveBuilding] Building MISSILETURRET to (43.43196961916072, 88.32199493652679)
2024-11-05 16:23:47.221 | 04:55   73ms  350M   23G  54/ 54U [DefensiveBuilding] Building MISSILETURRET to (31.762706378441532, 129.46731720766607)
2024-11-05 16:23:47.496 | 04:56   77ms  455M   27G  54/ 54U [DefensiveBuilding] Building MISSILETURRET to (43.43196961916072, 88.32199493652679)
2024-11-05 16:23:47.504 | 04:56   77ms  355M   27G  54/ 54U [DefensiveBuilding] Building MISSILETURRET to (29.762706378441532, 125.46731720766607)
2024-11-05 16:23:47.670 | 04:56   82ms  460M   27G  54/ 54U [DefensiveBuilding] Building MISSILETURRET to (41.43196961916072, 88.32199493652679)
2024-11-05 16:23:47.677 | 04:56   82ms  360M   27G  54/ 54U [DefensiveBuilding] Building MISSILETURRET to (33.762706378441536, 125.46731720766607)
2024-11-05 16:23:47.837 | 04:57   68ms  480M   31G  54/ 54U [DefensiveBuilding] Building MISSILETURRET to (41.43196961916072, 88.32199493652679)
2024-11-05 16:23:47.852 | 04:57   68ms  380M   31G  54/ 54U [DefensiveBuilding] Building MISSILETURRET to (33.762706378441536, 129.46731720766607)
2024-11-05 16:23:48.025 | 04:57   80ms  500M   35G  54/ 54U [DefensiveBuilding] Building MISSILETURRET to (43.43196961916072, 88.32199493652679)
2024-11-05 16:23:48.031 | 04:57   80ms  400M   35G  54/ 54U [DefensiveBuilding] Building MISSILETURRET to (29.762706378441532, 125.46731720766607)
2024-11-05 16:23:48.210 | 04:58   72ms  510M   35G  54/ 54U [DefensiveBuilding] Building MISSILETURRET to (41.43196961916072, 88.32199493652679)
2024-11-05 16:23:48.217 | 04:58   72ms  410M   35G  54/ 54U [DefensiveBuilding] Building MISSILETURRET to (29.762706378441532, 127.46731720766607)
2024-11-05 16:23:48.402 | 04:58   78ms  520M   39G  54/ 54U [DefensiveBuilding] Building MISSILETURRET to (43.43196961916072, 88.32199493652679)
2024-11-05 16:23:48.411 | 04:58   78ms  420M   39G  54/ 54U [DefensiveBuilding] Building MISSILETURRET to (29.762706378441532, 127.46731720766607)
2024-11-05 16:23:48.595 | 04:59   70ms  555M   43G  54/ 54U [DefensiveBuilding] Building MISSILETURRET to (43.43196961916072, 88.32199493652679)
2024-11-05 16:23:48.606 | 04:59   70ms  455M   43G  54/ 54U [DefensiveBuilding] Building MISSILETURRET to (33.762706378441536, 129.46731720766607)
2024-11-05 16:23:48.787 | 04:59   93ms  590M   43G  54/ 54U [DefensiveBuilding] Building MISSILETURRET to (43.43196961916072, 88.32199493652679)
2024-11-05 16:23:48.796 | 04:59   93ms  490M   43G  54/ 54U [DefensiveBuilding] Building MISSILETURRET to (33.762706378441536, 129.46731720766607)
2024-11-05 16:23:48.996 | 05:00   71ms  605M   43G  54/ 54U [DefensiveBuilding] Building MISSILETURRET to (43.43196961916072, 88.32199493652679)
2024-11-05 16:23:49.007 | 05:00   71ms  505M   43G  54/ 54U [DefensiveBuilding] Building MISSILETURRET to (29.762706378441532, 129.46731720766607)
2024-11-05 16:23:49.181 | 05:00   84ms  625M   47G  54/ 54U [DefensiveBuilding] Building BUNKER to (37.91579376216301, 116.53424697838562)
2024-11-05 16:23:49.194 | 05:00   84ms  525M   47G  54/ 54U [DefensiveBuilding] Building MISSILETURRET to (43.43196961916072, 88.32199493652679)
2024-11-05 16:23:49.201 | 05:00   84ms  425M   47G  54/ 54U [DefensiveBuilding] Building MISSILETURRET to (33.762706378441536, 125.46731720766607)
2024-11-05 16:23:49.395 | 05:00   78ms  530M   51G  54/ 54U [DefensiveBuilding] Building MISSILETURRET to (43.43196961916072, 88.32199493652679)
2024-11-05 16:23:49.403 | 05:00   78ms  430M   51G  54/ 54U [DefensiveBuilding] Building MISSILETURRET to (33.762706378441536, 129.46731720766607)
2024-11-05 16:23:49.559 | 05:01   90ms  540M   51G  54/ 54U [DefensiveBuilding] Building MISSILETURRET to (43.43196961916072, 88.32199493652679)
2024-11-05 16:23:49.566 | 05:01   90ms  440M   51G  54/ 54U [DefensiveBuilding] Building MISSILETURRET to (29.762706378441532, 129.46731720766607)
2024-11-05 16:23:49.736 | 05:01   70ms  545M   55G  54/ 54U [DefensiveBuilding] Building MISSILETURRET to (43.43196961916072, 88.32199493652679)
2024-11-05 16:23:49.744 | 05:01   70ms  445M   55G  54/ 54U [DefensiveBuilding] Building MISSILETURRET to (29.762706378441532, 127.46731720766607)
2024-11-05 16:23:50.014 | 05:02   82ms  555M   59G  54/ 54U [DefensiveBuilding] Building MISSILETURRET to (43.43196961916072, 88.32199493652679)
2024-11-05 16:23:50.021 | 05:02   82ms  455M   59G  54/ 54U [DefensiveBuilding] Building MISSILETURRET to (33.762706378441536, 129.46731720766607)
2024-11-05 16:23:50.189 | 05:02   70ms  565M   59G  54/ 54U [DefensiveBuilding] Building MISSILETURRET to (43.43196961916072, 88.32199493652679)
2024-11-05 16:23:50.195 | 05:02   70ms  465M   59G  54/ 54U [DefensiveBuilding] Building MISSILETURRET to (33.762706378441536, 125.46731720766607)
2024-11-05 16:23:50.407 | 05:03   73ms  590M   63G  54/ 54U [DefensiveBuilding] Building MISSILETURRET to (43.43196961916072, 88.32199493652679)
2024-11-05 16:23:50.415 | 05:03   73ms  490M   63G  54/ 54U [DefensiveBuilding] Building MISSILETURRET to (29.762706378441532, 127.46731720766607)
2024-11-05 16:23:50.571 | 05:03   94ms  600M   67G  54/ 54U [DefensiveBuilding] Building MISSILETURRET to (43.43196961916072, 88.32199493652679)
2024-11-05 16:23:50.579 | 05:03   94ms  500M   67G  54/ 54U [DefensiveBuilding] Building MISSILETURRET to (31.762706378441532, 129.46731720766607)
2024-11-05 16:23:50.732 | 05:04   67ms  615M   67G  54/ 54U [DefensiveBuilding] Building MISSILETURRET to (41.43196961916072, 88.32199493652679)
2024-11-05 16:23:50.740 | 05:04   67ms  515M   67G  54/ 54U [DefensiveBuilding] Building MISSILETURRET to (29.762706378441532, 129.46731720766607)
2024-11-05 16:23:50.898 | 05:04   66ms  625M   67G  54/ 54U [DefensiveBuilding] Building MISSILETURRET to (43.43196961916072, 88.32199493652679)
2024-11-05 16:23:50.905 | 05:04   66ms  525M   67G  54/ 54U [DefensiveBuilding] Building MISSILETURRET to (33.762706378441536, 129.46731720766607)
2024-11-05 16:23:51.054 | 05:04   70ms  635M   71G  54/ 54U [DefensiveBuilding] Building MISSILETURRET to (43.43196961916072, 88.32199493652679)
2024-11-05 16:23:51.062 | 05:04   70ms  535M   71G  54/ 54U [DefensiveBuilding] Building MISSILETURRET to (31.762706378441532, 129.46731720766607)
2024-11-05 16:23:51.219 | 05:05   66ms  650M   75G  54/ 54U [DefensiveBuilding] Building MISSILETURRET to (43.43196961916072, 88.32199493652679)
2024-11-05 16:23:51.226 | 05:05   66ms  550M   75G  54/ 54U [DefensiveBuilding] Building MISSILETURRET to (33.762706378441536, 129.46731720766607)
2024-11-05 16:23:51.376 | 05:05   70ms  695M   75G  54/ 54U [DefensiveBuilding] Building MISSILETURRET to (43.43196961916072, 88.32199493652679)
2024-11-05 16:23:51.383 | 05:05   70ms  595M   75G  54/ 54U [DefensiveBuilding] Building MISSILETURRET to (33.762706378441536, 129.46731720766607)
2024-11-05 16:23:51.548 | 05:06   67ms  705M   79G  54/ 54U [DefensiveBuilding] Building MISSILETURRET to (43.43196961916072, 88.32199493652679)
2024-11-05 16:23:51.557 | 05:06   67ms  605M   79G  54/ 54U [DefensiveBuilding] Building MISSILETURRET to (29.762706378441532, 127.46731720766607)
2024-11-05 16:23:51.706 | 05:06   70ms  735M   83G  54/ 54U [DefensiveBuilding] Building MISSILETURRET to (43.43196961916072, 88.32199493652679)
2024-11-05 16:23:51.713 | 05:06   70ms  635M   83G  54/ 54U [DefensiveBuilding] Building MISSILETURRET to (29.762706378441532, 127.46731720766607)
2024-11-05 16:23:51.868 | 05:07   66ms  740M   83G  54/ 54U [DefensiveBuilding] Building MISSILETURRET to (41.43196961916072, 88.32199493652679)
2024-11-05 16:23:51.876 | 05:07   66ms  640M   83G  54/ 54U [DefensiveBuilding] Building MISSILETURRET to (29.762706378441532, 129.46731720766607)
2024-11-05 16:23:52.114 | 05:07   71ms  750M   87G  54/ 54U [DefensiveBuilding] Building MISSILETURRET to (43.43196961916072, 88.32199493652679)
2024-11-05 16:23:52.121 | 05:07   71ms  650M   87G  54/ 54U [DefensiveBuilding] Building MISSILETURRET to (31.762706378441532, 129.46731720766607)
2024-11-05 16:23:52.284 | 05:08   69ms  765M   91G  54/ 54U [DefensiveBuilding] Building MISSILETURRET to (41.43196961916072, 88.32199493652679)
2024-11-05 16:23:52.292 | 05:08   69ms  665M   91G  54/ 54U [DefensiveBuilding] Building MISSILETURRET to (29.762706378441532, 129.46731720766607)
2024-11-05 16:23:52.441 | 05:08   70ms  780M   91G  54/ 54U [DefensiveBuilding] Building MISSILETURRET to (41.43196961916072, 88.32199493652679)
2024-11-05 16:23:52.447 | 05:08   70ms  680M   91G  54/ 54U [DefensiveBuilding] Building MISSILETURRET to (33.762706378441536, 129.46731720766607)
2024-11-05 16:23:52.602 | 05:08   69ms  745M   91G  54/ 62U [ActUnit] SCV from COMMANDCENTER at (36.5, 89.5)
2024-11-05 16:23:52.613 | 05:08   69ms  745M   91G  54/ 62U [DefensiveBuilding] Building MISSILETURRET to (43.43196961916072, 88.32199493652679)
2024-11-05 16:23:52.622 | 05:08   69ms  645M   91G  54/ 62U [DefensiveBuilding] Building MISSILETURRET to (29.762706378441532, 127.46731720766607)
2024-11-05 16:23:52.624 | 05:08   69ms  495M   91G  54/ 62U [ActUnit] MARINE from BARRACKS at (41.5, 110.5)
2024-11-05 16:23:52.774 | 05:09   75ms  555M   95G  56/ 62U [ActUnit] SCV from COMMANDCENTER at (38.5, 121.5)
2024-11-05 16:23:52.784 | 05:09   75ms  555M   95G  56/ 62U [DefensiveBuilding] Building MISSILETURRET to (43.43196961916072, 88.32199493652679)
2024-11-05 16:23:52.793 | 05:09   75ms  455M   95G  56/ 62U [DefensiveBuilding] Building MISSILETURRET to (33.762706378441536, 129.46731720766607)
2024-11-05 16:23:52.794 | 05:09   75ms  305M   95G  56/ 62U [ActUnit] MARINE from BARRACKS at (41.5, 110.5)
2024-11-05 16:23:53.118 | 05:10   56ms  235M   99G  58/ 62U [GameAnalyzer] Income advantage is now Even
2024-11-05 16:23:53.288 | 05:10   65ms  255M  103G  58/ 62U [Tech] Started TERRANINFANTRYWEAPONSLEVEL1
2024-11-05 16:23:54.476 | 05:13   61ms  150M   23G  58/ 62U [DefensiveBuilding] Building MISSILETURRET to (29.45459070719503, 95.10019713017832)
2024-11-05 16:23:54.951 | 05:15   58ms   85M   27G  58/ 62U [BuildAddon] UnitTypeId.FACTORYTECHLAB to (37.0, 110.0)
2024-11-05 16:23:54.953 | 05:15   58ms   35M   27G  58/ 62U [ActUnit] MARINE from BARRACKS at (39.5, 113.5)
2024-11-05 16:23:55.426 | 05:16   58ms   20M   10G  58/ 62U [ActUnit] MARINE from BARRACKS at (39.5, 113.5)
2024-11-05 16:23:57.196 | 05:21   55ms   75M   38G  59/ 62U [ActUnit] SCV from COMMANDCENTER at (36.5, 89.5)
2024-11-05 16:23:57.353 | 05:21   74ms   30M   38G  60/ 62U [ActUnit] SCV from COMMANDCENTER at (38.5, 121.5)
2024-11-05 16:23:58.105 | 05:24   56ms   75M   50G  61/ 62U [GameAnalyzer] Known army advantage is now SmallDisadvantage
2024-11-05 16:23:59.403 | 05:27   69ms    5M   70G  61/ 62U [ActUnit] MARINE from BARRACKS at (41.5, 110.5)
2024-11-05 16:24:00.928 | 05:31   63ms   95M   90G  62/ 62U [GameAnalyzer] Income advantage is now SlightAdvantage
2024-11-05 16:24:01.432 | 05:32   69ms  110M   98G  62/ 70U [ActUnit] MARINE from BARRACKS at (41.5, 110.5)
2024-11-05 16:24:01.928 | 05:33   65ms   95M  102G  63/ 70U [ActUnit] SCV from COMMANDCENTER at (36.5, 89.5)
2024-11-05 16:24:03.010 | 05:36   61ms    5M  118G  64/ 70U [ActUnit] SCV from COMMANDCENTER at (38.5, 121.5)
2024-11-05 16:24:03.533 | 05:37   66ms    5M  126G  65/ 78U [ActUnit] MARINE from BARRACKS at (39.5, 113.5)
2024-11-05 16:24:05.267 | 05:42   66ms    0M   25G  66/ 78U [ActUnit] SIEGETANK from FACTORY at (34.5, 110.5)
2024-11-05 16:24:06.246 | 05:45   59ms   65M   41G  69/ 78U [ActUnit] MARINE from BARRACKS at (41.5, 110.5)
2024-11-05 16:24:06.751 | 05:46   58ms   50M   49G  70/ 78U [ActUnit] SCV from COMMANDCENTER at (36.5, 89.5)
2024-11-05 16:24:07.830 | 05:49   65ms  130M   61G  71/ 78U [GameAnalyzer] Income advantage is now SmallAdvantage
2024-11-05 16:24:07.834 | 05:49   65ms   80M   61G  71/ 78U [ActUnit] SCV from COMMANDCENTER at (38.5, 121.5)
2024-11-05 16:24:08.185 | 05:50   62ms   20M   65G  72/ 78U [GameAnalyzer] Income advantage is now SlightAdvantage
2024-11-05 16:24:08.531 | 05:50   64ms    0M   73G  72/ 78U [ActUnit] MARINE from BARRACKS at (41.5, 110.5)
2024-11-05 16:24:10.471 | 05:55   66ms    5M   97G  73/ 78U [ActUnit] MARINE from BARRACKS at (39.5, 113.5)
2024-11-05 16:24:11.738 | 05:58   67ms   35M  113G  74/ 86U [ActUnit] SCV from COMMANDCENTER at (36.5, 89.5)
2024-11-05 16:24:12.094 | 05:59   66ms  160M  121G  75/ 86U [GameAnalyzer] Income advantage is now SmallAdvantage
2024-11-05 16:24:12.471 | 06:00   76ms   40M    0G  75/ 86U [ActUnit] SIEGETANK from FACTORY at (46.5, 117.5)
2024-11-05 16:24:12.820 | 06:01   59ms   25M    4G  78/ 86U [ActUnit] SCV from COMMANDCENTER at (38.5, 121.5)
2024-11-05 16:24:14.126 | 06:04  164ms   70M   20G  79/ 86U [ActUnit] MARINE from BARRACKS at (41.5, 110.5)
2024-11-05 16:24:15.719 | 06:08   60ms   95M   44G  80/ 86U [GameAnalyzer] Known army advantage is now SlightDisadvantage
2024-11-05 16:24:16.534 | 06:10   65ms   45M   52G  80/ 86U [GameAnalyzer] Income advantage is now Even
2024-11-05 16:24:16.739 | 06:10   95ms   60M   56G  80/ 86U [BuildAddon] UnitTypeId.BARRACKSREACTOR to (51.0, 114.0)
2024-11-05 16:24:16.741 | 06:10   95ms   10M   56G  80/ 86U [ActUnit] MARINE from BARRACKS at (41.5, 110.5)
2024-11-05 16:24:17.322 | 06:12   72ms    5M   14G  80/ 86U [ActUnit] SCV from COMMANDCENTER at (36.5, 89.5)
2024-11-05 16:24:17.913 | 06:13   76ms   40M   18G  81/ 86U [GameAnalyzer] Predicted army advantage is now ClearDisadvantage
2024-11-05 16:24:18.118 | 06:14   72ms   10M   22G  81/ 86U [ActUnit] SCV from COMMANDCENTER at (38.5, 121.5)
2024-11-05 16:24:18.308 | 06:14   75ms   20M   26G  82/ 86U [GameAnalyzer] Known army advantage is now Even
2024-11-05 16:24:19.636 | 06:17   80ms   65M   42G  82/ 94U [ActUnit] MARINE from BARRACKS at (41.5, 110.5)
2024-11-05 16:24:20.019 | 06:18   75ms   50M   42G  83/ 94U [ActUnit] MARINE from BARRACKS at (39.5, 113.5)
2024-11-05 16:24:20.400 | 06:19   72ms   75M   50G  84/ 94U [BuildAddon] UnitTypeId.BARRACKSREACTOR to (54.0, 125.0)
2024-11-05 16:24:21.067 | 06:20  157ms   75M    8G  84/ 94U [GameAnalyzer] Known army advantage is now SlightDisadvantage
2024-11-05 16:24:23.113 | 06:24  162ms  175M   32G  84/ 94U [ActUnit] SCV from COMMANDCENTER at (36.5, 89.5)
2024-11-05 16:24:23.308 | 06:25   92ms  185M   32G  85/ 94U [GameAnalyzer] Income advantage is now SlightAdvantage
2024-11-05 16:24:23.900 | 06:26   81ms  170M   40G  85/ 94U [ActUnit] SCV from COMMANDCENTER at (38.5, 121.5)
2024-11-05 16:24:26.830 | 06:32   80ms  405M   72G  86/102U [GameAnalyzer] Known army advantage is now Even
2024-11-05 16:24:26.847 | 06:32   80ms  405M   72G  86/102U [Expand] Expanding to (36.5, 64.5)
2024-11-05 16:24:27.799 | 06:35   78ms   75M   88G  86/102U [GameAnalyzer] Predicted army advantage is now SmallDisadvantage
2024-11-05 16:24:28.437 | 06:36   87ms  135M   96G  85/102U [GameAnalyzer] Known army advantage is now ClearDisadvantage
2024-11-05 16:24:28.438 | 06:36   87ms  135M   96G  85/102U [GameAnalyzer] Predicted army advantage is now OverwhelmingDisadvantage
2024-11-05 16:24:28.959 | 06:37   84ms   95M   96G  85/102U [ActUnit] SCV from COMMANDCENTER at (36.5, 89.5)
2024-11-05 16:24:29.423 | 06:38   84ms  140M  104G  86/102U [DefensiveBuilding] Building SENSORTOWER to (35.91579376216301, 116.53424697838562)
2024-11-05 16:24:29.846 | 06:39   81ms    0M    8G  84/102U [ActUnit] SCV from COMMANDCENTER at (38.5, 121.5)
2024-11-05 16:24:30.674 | 06:40   79ms   20M   20G  85/110U [ActUnit] MARINE from BARRACKS at (39.5, 113.5)
2024-11-05 16:24:31.381 | 06:42  178ms    0M   28G  85/110U [ActUnit] MARINE from BARRACKS at (41.5, 110.5)
2024-11-05 16:24:31.969 | 06:43   80ms   50M   32G  86/110U [GameAnalyzer] Income advantage is now SmallAdvantage
2024-11-05 16:24:32.583 | 06:44   86ms  105M   40G  85/110U [DefensiveBuilding] Building BUNKER to (41.5, 64.5)
2024-11-05 16:24:34.084 | 06:48   73ms  105M   56G  85/110U [DefensiveBuilding] Building MISSILETURRET to (39.5, 66.5)
2024-11-05 16:24:34.679 | 06:49   76ms   15M   64G  85/110U [ActUnit] MARINE from BARRACKS at (41.5, 110.5)
2024-11-05 16:24:35.259 | 06:50   74ms    0M   72G  86/110U [ActUnit] SCV from COMMANDCENTER at (36.5, 89.5)
2024-11-05 16:24:35.832 | 06:52   80ms   10M   76G  87/110U [ActUnit] SCV from COMMANDCENTER at (38.5, 121.5)
2024-11-05 16:24:36.677 | 06:53   77ms   15M   88G  88/110U [ActUnit] MARINE from BARRACKS at (48.5, 114.5)
2024-11-05 16:24:37.055 | 06:54   77ms    5M   92G  89/110U [ActUnit] MARINE from BARRACKS at (48.5, 114.5)
2024-11-05 16:24:37.676 | 06:56   89ms    0M  100G  90/110U [ActUnit] MARINE from BARRACKS at (51.5, 125.5)
2024-11-05 16:24:38.296 | 06:57   88ms    0M  108G  91/110U [ActUnit] MARINE from BARRACKS at (51.5, 125.5)
2024-11-05 16:24:39.594 | 07:00   91ms  105M  124G  92/110U [DefensiveBuilding] Building MISSILETURRET to (25.702310603259043, 68.39754085027747)
2024-11-05 16:24:40.200 | 07:01   78ms    5M  132G  92/110U [ActUnit] MARINE from BARRACKS at (41.5, 110.5)
2024-11-05 16:24:40.961 | 07:02   86ms    0M  136G  93/110U [ActUnit] MARINE from BARRACKS at (39.5, 113.5)
2024-11-05 16:24:41.833 | 07:04   91ms    5M  148G  94/110U [ActUnit] SCV from COMMANDCENTER at (38.5, 121.5)
2024-11-05 16:24:42.443 | 07:05   81ms    5M  156G  95/110U [ActUnit] SCV from COMMANDCENTER at (36.5, 89.5)
2024-11-05 16:24:43.789 | 07:08  102ms  110M  168G  96/110U [Tech] Started TERRANINFANTRYARMORSLEVEL1
2024-11-05 16:24:43.796 | 07:08  102ms   60M  168G  96/110U [ActUnit] MARINE from BARRACKS at (41.5, 110.5)
2024-11-05 16:24:45.929 | 07:12  101ms  160M   88G  96/110U [GameAnalyzer] Known army advantage is now SmallDisadvantage
2024-11-05 16:24:45.930 | 07:12  101ms  160M   88G  96/110U [GameAnalyzer] Predicted army advantage is now ClearDisadvantage
2024-11-05 16:24:45.949 | 07:12  101ms  110M   88G  96/110U [ActUnit] MARINE from BARRACKS at (48.5, 114.5)
2024-11-05 16:24:46.663 | 07:13   96ms  105M   96G  97/110U [ActUnit] MARINE from BARRACKS at (41.5, 110.5)
2024-11-05 16:24:46.918 | 07:14  119ms  125M  100G  98/110U [Tech] Started SHIELDWALL
2024-11-05 16:24:47.485 | 07:15  101ms   10M    4G  98/110U [ActUnit] MARINE from BARRACKS at (51.5, 125.5)
2024-11-05 16:24:48.311 | 07:16   91ms    5M   12G  99/110U [ActUnit] MARINE from BARRACKS at (51.5, 125.5)
2024-11-05 16:24:48.785 | 07:17   91ms    0M   16G  99/110U [ActUnit] SCV from COMMANDCENTER at (38.5, 121.5)
2024-11-05 16:24:49.768 | 07:19   88ms   15M   28G 100/110U [ActUnit] SCV from COMMANDCENTER at (36.5, 89.5)
2024-11-05 16:24:50.520 | 07:20   94ms   15M   36G 101/110U [ActUnit] MARINE from BARRACKS at (39.5, 113.5)
2024-11-05 16:24:51.221 | 07:21   87ms   20M   40G 102/110U [ActUnit] MARINE from BARRACKS at (48.5, 114.5)
2024-11-05 16:24:51.985 | 07:23  125ms    0M   48G 103/110U [ActUnit] MARINE from BARRACKS at (41.5, 110.5)
2024-11-05 16:24:55.427 | 07:30   90ms   15M   84G 104/110U [ActUnit] SCV from COMMANDCENTER at (38.5, 121.5)
2024-11-05 16:24:55.858 | 07:30   91ms    0M   92G 105/110U [ActUnit] MARINE from BARRACKS at (48.5, 114.5)
2024-11-05 16:24:57.003 | 07:33   91ms   45M  100G 106/110U [ActUnit] SCV from COMMANDCENTER at (36.5, 89.5)
2024-11-05 16:24:57.234 | 07:33   97ms    5M  104G 107/110U [ActUnit] MARINE from BARRACKS at (41.5, 110.5)
2024-11-05 16:24:58.123 | 07:35   94ms   15M  116G 108/110U [ActUnit] MARINE from BARRACKS at (51.5, 125.5)
2024-11-05 16:24:58.681 | 07:36   95ms    0M  116G 109/110U [ActUnit] MARINE from BARRACKS at (51.5, 125.5)
2024-11-05 16:24:59.989 | 07:38  117ms   20M  132G 109/110U [ActUnit] MARINE from BARRACKS at (39.5, 113.5)
2024-11-05 16:25:01.757 | 07:41  103ms   95M  148G 109/110U [ActUnit] MARINE from BARRACKS at (41.5, 110.5)
2024-11-05 16:25:04.671 | 07:46   95ms  120M   26G 110/110U [BuildAddon] UnitTypeId.STARPORTTECHLAB to (35.0, 113.0)
2024-11-05 16:25:04.904 | 07:47   97ms   25M    5G 110/110U [BuildGas] Building REFINERY to (29.5, 86.5)
2024-11-05 16:25:05.678 | 07:48   92ms   10M   13G 110/110U [BuildGas] Building REFINERY to (33.5, 82.5)
2024-11-05 16:25:08.754 | 07:54  108ms  145M   45G 110/118U [ActUnit] SCV from COMMANDCENTER at (36.5, 89.5)
2024-11-05 16:25:08.767 | 07:54  108ms   95M   45G 110/118U [ActUnit] MARINE from BARRACKS at (48.5, 114.5)
2024-11-05 16:25:09.004 | 07:55  104ms  140M   45G 112/133U [GameAnalyzer] Income advantage is now ClearAdvantage
2024-11-05 16:25:10.071 | 07:56  104ms  150M   53G 112/133U [ActUnit] SCV from COMMANDCENTER at (36.5, 64.5)
2024-11-05 16:25:11.121 | 07:58  100ms  155M   65G 113/133U [ActUnit] SCV from COMMANDCENTER at (38.5, 121.5)
2024-11-05 16:25:12.363 | 08:00  111ms  160M   77G 113/141U [ActUnit] MARINE from BARRACKS at (41.5, 110.5)
2024-11-05 16:25:13.167 | 08:02  187ms  175M   85G 114/141U [ActUnit] MARINE from BARRACKS at (39.5, 113.5)
2024-11-05 16:25:13.634 | 08:03   97ms  160M   89G 115/141U [ActUnit] MARINE from BARRACKS at (48.5, 114.5)
2024-11-05 16:25:14.330 | 08:04  110ms  150M   97G 116/141U [ActUnit] MARINE from BARRACKS at (51.5, 125.5)
2024-11-05 16:25:15.392 | 08:06  112ms  160M  105G 117/141U [ActUnit] MARINE from BARRACKS at (41.5, 110.5)
2024-11-05 16:25:15.626 | 08:06  103ms  180M  109G 118/141U [GameAnalyzer] Income advantage is now Even
2024-11-05 16:25:16.150 | 08:07  102ms  155M  113G 118/141U [ActUnit] SCV from COMMANDCENTER at (36.5, 89.5)
2024-11-05 16:25:17.065 | 08:08  109ms  160M  121G 118/141U [ActUnit] MARINE from BARRACKS at (51.5, 125.5)
2024-11-05 16:25:18.134 | 08:10  118ms  160M  133G 119/141U [ActUnit] SCV from COMMANDCENTER at (36.5, 64.5)
2024-11-05 16:25:18.520 | 08:11  112ms  180M  133G 120/141U [GameAnalyzer] Income advantage is now SlightAdvantage
2024-11-05 16:25:19.337 | 08:12  113ms  160M  141G 120/141U [ActUnit] SCV from COMMANDCENTER at (38.5, 121.5)
2024-11-05 16:25:19.996 | 08:13  142ms  150M  149G 121/141U [ActUnit] MARINE from BARRACKS at (48.5, 114.5)
2024-11-05 16:25:23.441 | 08:18  116ms  185M   43G 121/141U [ActUnit] MARINE from BARRACKS at (41.5, 110.5)
2024-11-05 16:25:24.396 | 08:20  110ms  195M   55G 120/141U [ActUnit] SCV from COMMANDCENTER at (36.5, 89.5)
2024-11-05 16:25:24.410 | 08:20  110ms  145M   55G 120/141U [ActUnit] MARINE from BARRACKS at (39.5, 113.5)
2024-11-05 16:25:24.963 | 08:20  118ms  140M   63G 122/141U [ActUnit] MARINE from BARRACKS at (48.5, 114.5)
2024-11-05 16:25:25.850 | 08:22  113ms  140M   79G 123/141U [ActUnit] MARINE from BARRACKS at (51.5, 125.5)
2024-11-05 16:25:26.909 | 08:24  116ms  175M   95G 124/141U [ActUnit] MARINE from BARRACKS at (41.5, 110.5)
2024-11-05 16:25:27.487 | 08:24  109ms  215M  107G 125/141U [GameAnalyzer] Income advantage is now SmallAdvantage
2024-11-05 16:25:27.494 | 08:24  109ms  165M  107G 125/141U [ActUnit] SCV from COMMANDCENTER at (38.5, 121.5)
2024-11-05 16:25:28.565 | 08:26  115ms  195M  123G 126/141U [ActUnit] MARINE from BARRACKS at (51.5, 125.5)
2024-11-05 16:25:28.845 | 08:27  113ms   65M    2G 127/141U [ActUnit] SIEGETANK from FACTORY at (46.5, 117.5)
2024-11-05 16:25:31.380 | 08:31  110ms  205M   46G 129/141U [ActUnit] MARINE from BARRACKS at (48.5, 114.5)
2024-11-05 16:25:32.149 | 08:32  113ms  215M   62G 130/141U [ActUnit] SCV from COMMANDCENTER at (36.5, 89.5)
2024-11-05 16:25:33.577 | 08:34  113ms  320M   82G 131/141U [GameAnalyzer] Income advantage is now SlightAdvantage
2024-11-05 16:25:35.140 | 08:36  116ms  400M  110G 128/141U [ActUnit] MARINE from BARRACKS at (41.5, 110.5)
2024-11-05 16:25:35.405 | 08:37  220ms  355M  114G 129/141U [ActUnit] SCV from COMMANDCENTER at (38.5, 121.5)
2024-11-05 16:25:37.009 | 08:39  121ms  415M  142G 128/141U [ActUnit] MARINE from BARRACKS at (39.5, 113.5)
2024-11-05 16:25:37.584 | 08:40  123ms  405M  146G 129/141U [ActUnit] MARINE from BARRACKS at (51.5, 125.5)
2024-11-05 16:25:38.471 | 08:41  131ms  415M  162G 129/141U [ActUnit] MARINE from BARRACKS at (48.5, 114.5)
2024-11-05 16:25:39.158 | 08:42  222ms  400M  174G 129/141U [ActUnit] MARINE from BARRACKS at (41.5, 110.5)
2024-11-05 16:25:40.236 | 08:44  121ms  470M  194G 130/141U [ActUnit] MARINE from BARRACKS at (51.5, 125.5)
2024-11-05 16:25:40.596 | 08:45  118ms  440M  194G 131/141U [ActUnit] SCV from COMMANDCENTER at (36.5, 89.5)
2024-11-05 16:25:43.117 | 08:49  122ms  570M  242G 132/141U [ActUnit] MARINE from BARRACKS at (48.5, 114.5)
2024-11-05 16:25:43.748 | 08:49  124ms  550M  250G 133/141U [ActUnit] SCV from COMMANDCENTER at (38.5, 121.5)
2024-11-05 16:25:46.624 | 08:54  124ms  385M    2G 134/141U [ActUnit] BATTLECRUISER from STARPORT at (32.5, 113.5)
2024-11-05 16:25:46.903 | 08:54  125ms  250M    6G 140/141U [ActUnit] MARINE from BARRACKS at (41.5, 110.5)
2024-11-05 16:25:48.723 | 08:57  114ms  235M   34G 139/141U [ActUnit] SCV from COMMANDCENTER at (36.5, 89.5)
2024-11-05 16:25:48.738 | 08:57  114ms  185M   34G 139/141U [ActUnit] MARINE from BARRACKS at (39.5, 113.5)
2024-11-05 16:25:49.423 | 08:58  114ms  200M   38G 140/141U [ActUnit] MARINE from BARRACKS at (51.5, 125.5)
2024-11-05 16:25:51.188 | 09:01  120ms  265M   70G 140/141U [ActUnit] SCV from COMMANDCENTER at (36.5, 64.5)
2024-11-05 16:25:51.228 | 09:01  120ms  215M   70G 140/141U [ActUnit] MARINE from BARRACKS at (48.5, 114.5)
2024-11-05 16:25:52.496 | 09:02  128ms  160M   86G 140/141U [ActUnit] SCV from COMMANDCENTER at (38.5, 121.5)
2024-11-05 16:25:52.515 | 09:02  128ms  110M   86G 140/141U [ActUnit] MARINE from BARRACKS at (41.5, 110.5)
2024-11-05 16:25:53.845 | 09:04  130ms  150M  110G 140/141U [ActUnit] MARINE from BARRACKS at (51.5, 125.5)
2024-11-05 16:25:55.487 | 09:06  231ms  210M  134G 140/141U [ActUnit] MARINE from BARRACKS at (48.5, 114.5)
2024-11-05 16:25:57.647 | 09:10  123ms  405M  166G 139/141U [ActUnit] SCV from COMMANDCENTER at (36.5, 89.5)
2024-11-05 16:25:59.462 | 09:12  224ms  505M  198G 140/141U [ActUnit] MARINE from BARRACKS at (41.5, 110.5)
2024-11-05 16:26:01.330 | 09:15  125ms  590M  226G 140/141U [ActUnit] MARINE from BARRACKS at (39.5, 113.5)
2024-11-05 16:26:01.924 | 09:16  129ms  575M  230G 139/141U [ActUnit] MARINE from BARRACKS at (51.5, 125.5)
2024-11-05 16:26:02.493 | 09:17  129ms  605M  246G 140/141U [GameAnalyzer] Known army advantage is now ClearDisadvantage
2024-11-05 16:26:04.312 | 09:19  125ms  775M  274G 139/141U [GameAnalyzer] Known army advantage is now SmallDisadvantage
2024-11-05 16:26:04.334 | 09:19  125ms  725M  274G 139/141U [ActUnit] MARINE from BARRACKS at (48.5, 114.5)
2024-11-05 16:26:05.588 | 09:21  150ms  750M  294G 140/141U [ActUnit] MARINE from BARRACKS at (41.5, 110.5)
2024-11-05 16:26:06.561 | 09:22  226ms  770M  310G 141/149U [ActUnit] MARINE from BARRACKS at (51.5, 125.5)
2024-11-05 16:26:07.904 | 09:24  132ms  800M  326G 142/149U [ActUnit] MARINE from BARRACKS at (48.5, 114.5)
2024-11-05 16:26:08.180 | 09:25  240ms  820M  330G 143/149U [GameAnalyzer] Income advantage is now SmallDisadvantage
2024-11-05 16:26:10.098 | 09:27  243ms  885M  358G 141/157U [GameAnalyzer] Known army advantage is now ClearDisadvantage
2024-11-05 16:26:12.033 | 09:30  135ms  950M  390G 139/157U [ActUnit] MARINE from BARRACKS at (41.5, 110.5)
2024-11-05 16:26:13.989 | 09:33  141ms 1015M  422G 138/157U [ActUnit] MARINE from BARRACKS at (39.5, 113.5)
2024-11-05 16:26:14.579 | 09:34  127ms  915M  305G 139/157U [ActUnit] SIEGETANK from FACTORY at (46.5, 117.5)
2024-11-05 16:26:14.581 | 09:34  127ms  865M  305G 139/157U [ActUnit] MARINE from BARRACKS at (51.5, 125.5)
2024-11-05 16:26:17.137 | 09:37  223ms 1010M  345G 142/157U [GameAnalyzer] Known army advantage is now SmallDisadvantage
2024-11-05 16:26:17.159 | 09:37  223ms  960M  345G 142/157U [ActUnit] MARINE from BARRACKS at (48.5, 114.5)
2024-11-05 16:26:18.436 | 09:39  133ms  990M  361G 143/157U [ActUnit] MARINE from BARRACKS at (41.5, 110.5)
2024-11-05 16:26:19.332 | 09:40  137ms 1020M  377G 143/157U [ActUnit] MARINE from BARRACKS at (51.5, 125.5)
2024-11-05 16:26:20.588 | 09:42  221ms 1050M  393G 144/157U [ActUnit] MARINE from BARRACKS at (48.5, 114.5)
2024-11-05 16:26:22.404 | 09:45  132ms 1010M  300G 145/157U [ActUnit] SIEGETANK from FACTORY at (34.5, 110.5)
2024-11-05 16:26:24.527 | 09:48  138ms 1120M  332G 148/157U [ActUnit] MARINE from BARRACKS at (41.5, 110.5)
2024-11-05 16:26:26.448 | 09:51  132ms 1180M  364G 148/165U [ActUnit] MARINE from BARRACKS at (39.5, 113.5)
2024-11-05 16:26:27.144 | 09:51  232ms 1160M  376G 149/165U [ActUnit] MARINE from BARRACKS at (51.5, 125.5)
2024-11-05 16:26:29.371 | 09:55  133ms 1315M  408G 146/165U [GameAnalyzer] Known army advantage is now ClearDisadvantage
2024-11-05 16:26:29.727 | 09:55  200ms 1320M  412G 146/165U [GameAnalyzer] Known army advantage is now SmallDisadvantage
2024-11-05 16:26:29.747 | 09:55  200ms 1270M  412G 146/165U [ActUnit] MARINE from BARRACKS at (48.5, 114.5)
2024-11-05 16:26:31.058 | 09:57  124ms 1315M  428G 147/165U [ActUnit] MARINE from BARRACKS at (41.5, 110.5)
2024-11-05 16:26:31.938 | 09:58  136ms  815M   44G 148/165U [ActUnit] BATTLECRUISER from STARPORT at (32.5, 113.5)
2024-11-05 16:26:31.940 | 09:58  136ms  765M   44G 148/165U [ActUnit] MARINE from BARRACKS at (51.5, 125.5)
2024-11-05 16:26:33.261 | 10:00  126ms  795M   60G 154/165U [ActUnit] MARINE from BARRACKS at (48.5, 114.5)
2024-11-05 16:26:37.374 | 10:06  124ms 1015M  124G 154/165U [ActUnit] MARINE from BARRACKS at (41.5, 110.5)
2024-11-05 16:26:39.217 | 10:08  124ms 1085M  156G 155/165U [ActUnit] MARINE from BARRACKS at (39.5, 113.5)
2024-11-05 16:26:39.910 | 10:09  222ms 1080M  168G 156/165U [ActUnit] MARINE from BARRACKS at (51.5, 125.5)
2024-11-05 16:26:42.481 | 10:13  134ms 1205M  204G 155/165U [ActUnit] MARINE from BARRACKS at (48.5, 114.5)
2024-11-05 16:26:43.786 | 10:15  149ms 1220M  220G 155/165U [ActUnit] MARINE from BARRACKS at (41.5, 110.5)
2024-11-05 16:26:44.794 | 10:16  132ms 1230M  236G 156/165U [ActUnit] MARINE from BARRACKS at (51.5, 125.5)
2024-11-05 16:26:46.045 | 10:18  143ms 1320M  260G 157/165U [GameAnalyzer] Predicted army advantage is now SmallDisadvantage
2024-11-05 16:26:46.087 | 10:18  143ms 1270M  260G 157/165U [ActUnit] MARINE from BARRACKS at (48.5, 114.5)
2024-11-05 16:26:47.166 | 10:19  138ms 1340M  272G 158/165U [GameAnalyzer] Predicted army advantage is now ClearDisadvantage
2024-11-05 16:26:50.707 | 10:24  143ms 1490M  320G 155/165U [ActUnit] MARINE from BARRACKS at (41.5, 110.5)
2024-11-05 16:26:51.809 | 10:25  134ms 1545M  332G 155/165U [GameAnalyzer] Income advantage is now ClearDisadvantage
2024-11-05 16:26:52.936 | 10:26  141ms 1610M  348G 155/165U [GameAnalyzer] Known army advantage is now ClearDisadvantage
2024-11-05 16:26:52.958 | 10:26  141ms 1560M  348G 155/165U [ActUnit] MARINE from BARRACKS at (39.5, 113.5)
2024-11-05 16:26:53.624 | 10:27  148ms 1565M  364G 156/165U [ActUnit] MARINE from BARRACKS at (51.5, 125.5)
2024-11-05 16:26:56.712 | 10:31  165ms 1675M  396G 156/165U [ActUnit] MARINE from BARRACKS at (48.5, 114.5)
2024-11-05 16:26:58.386 | 10:33  268ms 1700M  420G 157/165U [ActUnit] MARINE from BARRACKS at (41.5, 110.5)
2024-11-05 16:26:59.181 | 10:33  158ms 1600M  303G 158/165U [ActUnit] SIEGETANK from FACTORY at (34.5, 110.5)
2024-11-05 16:26:59.548 | 10:34  146ms 1455M  307G 161/165U [ActUnit] MARINE from BARRACKS at (51.5, 125.5)
2024-11-05 16:27:01.125 | 10:36  147ms 1500M  331G 162/165U [ActUnit] MARINE from BARRACKS at (48.5, 114.5)
2024-11-05 16:27:03.059 | 10:38  148ms 1595M  351G 163/165U [BuildAddon] UnitTypeId.STARPORTTECHLAB to (56.0, 122.0)
2024-11-05 16:27:03.461 | 10:38  174ms 1490M  330G 163/165U [BuildGas] Building REFINERY to (39.5, 71.5)
2024-11-05 16:27:04.989 | 10:40  150ms 1495M  354G 163/165U [BuildGas] Building REFINERY to (35.5, 71.5)
2024-11-05 16:27:05.425 | 10:41  154ms 1515M  358G 163/165U [Expand] Expanding to (62.5, 99.5)
2024-11-05 16:27:06.608 | 10:41  331ms  720M  145G 162/165U [ActUnit] SIEGETANK from FACTORY at (46.5, 117.5)
2024-11-05 16:27:06.610 | 10:41  331ms  670M  145G 162/165U [ActUnit] MARINE from BARRACKS at (41.5, 110.5)
2024-11-05 16:27:09.112 | 10:44  149ms  575M   65G 162/165U [ActUnit] MARINE from BARRACKS at (39.5, 113.5)
2024-11-05 16:27:10.044 | 10:45  171ms  580M   81G 160/165U [ActUnit] MARINE from BARRACKS at (51.5, 125.5)
2024-11-05 16:27:13.082 | 10:49  153ms  575M   63G 160/165U [GameAnalyzer] Income advantage is now SmallDisadvantage
2024-11-05 16:27:13.094 | 10:49  153ms  575M   63G 160/165U [DefensiveBuilding] Building BUNKER to (66.34110639798688, 96.2990780016776)
2024-11-05 16:27:13.127 | 10:49  153ms  475M   63G 160/165U [DefensiveBuilding] Building MISSILETURRET to (57.762706378441536, 103.46731720766607)
2024-11-05 16:27:14.608 | 10:50  148ms  405M   91G 160/165U [ActUnit] MARINE from BARRACKS at (41.5, 110.5)
2024-11-05 16:27:15.944 | 10:52  165ms  415M  107G 161/165U [ActUnit] MARINE from BARRACKS at (51.5, 125.5)
2024-11-05 16:27:16.780 | 10:53  186ms  405M  111G 155/165U [ActUnit] MARINE from BARRACKS at (48.5, 114.5)
2024-11-05 16:27:17.950 | 10:54  166ms  410M  127G 155/165U [ActUnit] MARINE from BARRACKS at (48.5, 114.5)
2024-11-05 16:27:23.649 | 11:00  151ms  485M   41G 153/173U [ActUnit] MARINE from BARRACKS at (41.5, 110.5)
2024-11-05 16:27:25.182 | 11:02  162ms  515M   65G 151/173U [ActUnit] MARINE from BARRACKS at (39.5, 113.5)
2024-11-05 16:27:26.006 | 11:03  169ms  505M   73G 152/173U [ActUnit] MARINE from BARRACKS at (51.5, 125.5)
2024-11-05 16:27:30.928 | 11:08  257ms  680M  141G 152/173U [ActUnit] MARINE from BARRACKS at (41.5, 110.5)
2024-11-05 16:27:31.956 | 11:10  167ms  675M  161G 153/173U [ActUnit] MARINE from BARRACKS at (51.5, 125.5)
2024-11-05 16:27:32.744 | 11:10  262ms  675M  165G 154/173U [ActUnit] MARINE from BARRACKS at (48.5, 114.5)
2024-11-05 16:27:33.202 | INFO     | sc2.protocol:_execute:72 - Client status changed to Status.ended (was Status.in_game)
2024-11-05 16:27:33.203 | Result: Defeat
2024-11-05 16:27:33.204 | Duration: 11:11
2024-11-05 16:27:33.204 | Step time min: 13
2024-11-05 16:27:33.205 | Step time avg: 83
2024-11-05 16:27:33.205 | Step time max: 679
2024-11-05 16:27:33.206 | [LostUnitsContents] My lost units minerals and gas: (4500, 450)
2024-11-05 16:27:33.207 | [LostUnitsContents] My lost units minerals by score: 4500.0
2024-11-05 16:27:33.207 | [LostUnitsContents] Enemy lost units minerals and gas: (1700, 700)
2024-11-05 16:27:33.208 | [LostUnitsContents] Enemy lost units minerals by score: 1450.0
2024-11-05 16:27:33.210 | [GameAnalyzerEnd] Own units:
2024-11-05 16:27:33.210 | [GameAnalyzerEnd] MARINE            total:  98 alive:  20 dead:  78 
2024-11-05 16:27:33.211 | [GameAnalyzerEnd] SCV               total:  76 alive:  75 dead:   1 
2024-11-05 16:27:33.212 | [GameAnalyzerEnd] SUPPLYDEPOT       total:  16 alive:  16 dead:   0 
2024-11-05 16:27:33.213 | [GameAnalyzerEnd] SIEGETANK         total:   9 alive:   9 dead:   0 
2024-11-05 16:27:33.214 | [GameAnalyzerEnd] REFINERY          total:   6 alive:   6 dead:   0 
2024-11-05 16:27:33.214 | [GameAnalyzerEnd] MISSILETURRET     total:   6 alive:   6 dead:   0 
2024-11-05 16:27:33.215 | [GameAnalyzerEnd] TECHLAB           total:   5 alive:   5 dead:   0 
2024-11-05 16:27:33.215 | [GameAnalyzerEnd] STARPORT          total:   5 alive:   5 dead:   0 
2024-11-05 16:27:33.216 | [GameAnalyzerEnd] BARRACKS          total:   4 alive:   4 dead:   0 
2024-11-05 16:27:33.217 | [GameAnalyzerEnd] BUNKER            total:   4 alive:   4 dead:   0 
2024-11-05 16:27:33.218 | [GameAnalyzerEnd] REACTOR           total:   3 alive:   3 dead:   0 
2024-11-05 16:27:33.219 | [GameAnalyzerEnd] REAPER            total:   3 alive:   0 dead:   3 
2024-11-05 16:27:33.220 | [GameAnalyzerEnd] FACTORY           total:   2 alive:   2 dead:   0 
2024-11-05 16:27:33.222 | [GameAnalyzerEnd] ORBITALCOMMAND    total:   2 alive:   2 dead:   0 
2024-11-05 16:27:33.224 | [GameAnalyzerEnd] BATTLECRUISER     total:   2 alive:   1 dead:   1 
2024-11-05 16:27:33.225 | [GameAnalyzerEnd] ARMORY            total:   2 alive:   2 dead:   0 
2024-11-05 16:27:33.225 | [GameAnalyzerEnd] PLANETARYFORTRESS total:   1 alive:   1 dead:   0 
2024-11-05 16:27:33.226 | [GameAnalyzerEnd] SENSORTOWER       total:   1 alive:   1 dead:   0 
2024-11-05 16:27:33.226 | [GameAnalyzerEnd] FUSIONCORE        total:   1 alive:   1 dead:   0 
2024-11-05 16:27:33.227 | [GameAnalyzerEnd] ENGINEERINGBAY    total:   1 alive:   1 dead:   0 
2024-11-05 16:27:33.228 | [GameAnalyzerEnd] COMMANDCENTER     total:   1 alive:   1 dead:   0 
2024-11-05 16:27:33.229 | [GameAnalyzerEnd] Enemy units:
2024-11-05 16:27:33.229 | [GameAnalyzerEnd] DRONE             total:  82 alive:  81 dead:   1 
2024-11-05 16:27:33.230 | [GameAnalyzerEnd] ZERGLING          total:  32 alive:  18 dead:  14 
2024-11-05 16:27:33.230 | [GameAnalyzerEnd] BANELING          total:  20 alive:   8 dead:  12 
2024-11-05 16:27:33.231 | [GameAnalyzerEnd] OVERLORD          total:  16 alive:  16 dead:   0 
2024-11-05 16:27:33.231 | [GameAnalyzerEnd] HYDRALISK         total:  14 alive:  10 dead:   4 
2024-11-05 16:27:33.231 | [GameAnalyzerEnd] ROACH             total:  11 alive:  11 dead:   0 
2024-11-05 16:27:33.232 | [GameAnalyzerEnd] EXTRACTOR         total:   7 alive:   7 dead:   0 
2024-11-05 16:27:33.233 | [GameAnalyzerEnd] SPORECRAWLER      total:   7 alive:   7 dead:   0 
2024-11-05 16:27:33.234 | [GameAnalyzerEnd] LURKERMP          total:   6 alive:   5 dead:   1 
2024-11-05 16:27:33.242 | [GameAnalyzerEnd] HATCHERY          total:   4 alive:   4 dead:   0 
2024-11-05 16:27:33.244 | [GameAnalyzerEnd] QUEEN             total:   4 alive:   2 dead:   2 
2024-11-05 16:27:33.245 | [GameAnalyzerEnd] SPINECRAWLER      total:   4 alive:   4 dead:   0 
2024-11-05 16:27:33.245 | [GameAnalyzerEnd] EVOLUTIONCHAMBER  total:   3 alive:   3 dead:   0 
2024-11-05 16:27:33.246 | [GameAnalyzerEnd] LURKERMPEGG       total:   3 alive:   3 dead:   0 
2024-11-05 16:27:33.247 | [GameAnalyzerEnd] RAVAGER           total:   2 alive:   2 dead:   0 
2024-11-05 16:27:33.248 | [GameAnalyzerEnd] OVERSEER          total:   2 alive:   1 dead:   1 
2024-11-05 16:27:33.249 | [GameAnalyzerEnd] SPAWNINGPOOL      total:   1 alive:   1 dead:   0 
2024-11-05 16:27:33.250 | [GameAnalyzerEnd] ROACHWARREN       total:   1 alive:   1 dead:   0 
2024-11-05 16:27:33.251 | [GameAnalyzerEnd] LAIR              total:   1 alive:   1 dead:   0 
2024-11-05 16:27:33.255 | [GameAnalyzerEnd] HYDRALISKDEN      total:   1 alive:   1 dead:   0 
2024-11-05 16:27:33.255 | [GameAnalyzerEnd] LURKERDENMP       total:   1 alive:   1 dead:   0 
2024-11-05 16:27:33.258 | [GameAnalyzerEnd] BANELINGNEST      total:   1 alive:   1 dead:   0 
2024-11-05 16:27:33.258 | [GameAnalyzerEnd] Minerals max 1720 Average 330
2024-11-05 16:27:33.259 | [GameAnalyzerEnd] Vespene max 444 Average 103
2024-11-05 16:27:33.261 | INFO     | sc2.main:_play_game:228 - Result for player 1 - Bot LadderBot(Terran): Defeat
2024-11-05 16:27:35.546 | INFO     | sc2.protocol:__request:48 - Cannot receive: Game has already ended.
2024-11-05 16:27:35.547 | INFO     | sc2.sc2process:_close_connection:231 - Closing connection at 51044...
2024-11-05 16:27:35.548 | INFO     | sc2.sc2process:kill_all:33 - kill_switch: Process cleanup for 1 processes
