2024-11-05 15:07:13.213 | INFO     | sc2.protocol:_execute:72 - Client status changed to Status.launched (was None)
2024-11-05 15:07:13.214 | INFO     | sc2.controller:create_game:37 - Creating new game
2024-11-05 15:07:13.215 | INFO     | sc2.controller:create_game:38 - Map:     HardLead513AIE
2024-11-05 15:07:13.216 | INFO     | sc2.controller:create_game:39 - Players: Bot LadderBot(Terran), Computer VeryHard(Random, RandomBuild)
2024-11-05 15:07:13.225 | INFO     | sc2.protocol:_execute:72 - Client status changed to Status.init_game (was Status.launched)
2024-11-05 15:07:30.611 | INFO     | sc2.protocol:_execute:72 - Client status changed to Status.in_game (was None)
2024-11-05 15:07:30.612 | INFO     | sc2.main:_play_game:221 - Player 1 - Bot LadderBot(Terran)
2024-11-05 15:07:31.509 | 00:00    0ms    0M    0G  12/ 15U [Version] 5.0.13.92440
2024-11-05 15:07:31.509 | 00:00    0ms    0M    0G  12/ 15U [Version] 5.0.6 Balance mod recognized.
2024-11-05 15:07:31.671 | 00:00    0ms    0M    0G  12/ 15U [ZoneManager] Map set to: MapName.Unknown from name: Hard Lead AIE and hash: 3179994.
2024-11-05 15:07:33.307 | 00:00    0ms    0M    0G  12/ 15U [Build] Jump, att at 37
2024-11-05 15:07:33.375 | [Start] My race: Terran
2024-11-05 15:07:33.376 | [Start] Opponent race: Random
2024-11-05 15:07:33.377 | [Start] OpponentId: None
2024-11-05 15:07:33.864 | 00:00   18ms    0M    0G  13/ 15U [GameAnalyzer] Income advantage is now SlightDisadvantage
2024-11-05 15:07:34.030 | 00:01   18ms    0M    0G  13/ 15U [GameAnalyzer] Income advantage is now Even
2024-11-05 15:07:36.964 | 00:09   17ms   85M    0G  13/ 15U [GameAnalyzer] Income advantage is now SlightDisadvantage
2024-11-05 15:07:37.034 | 00:09   18ms   85M    0G  13/ 15U [GameAnalyzer] Income advantage is now Even
2024-11-05 15:07:37.239 | 00:10   16ms  100M    0G  13/ 15U [DefensiveBuilding] Building BUNKER to (46.185187314368534, 127.14044044060508)
2024-11-05 15:07:37.316 | 00:10   25ms  105M    0G  13/ 15U [DefensiveBuilding] Building BUNKER to (46.185187314368534, 127.14044044060508)
2024-11-05 15:07:37.391 | 00:10   22ms  110M    0G  13/ 15U [DefensiveBuilding] Building BUNKER to (46.185187314368534, 127.14044044060508)
2024-11-05 15:07:37.462 | 00:11   20ms  115M    0G  13/ 15U [DefensiveBuilding] Building BUNKER to (46.185187314368534, 127.14044044060508)
2024-11-05 15:07:37.540 | 00:11   21ms  115M    0G  13/ 15U [DefensiveBuilding] Building BUNKER to (46.185187314368534, 127.14044044060508)
2024-11-05 15:07:37.616 | 00:11   22ms  115M    0G  13/ 15U [DefensiveBuilding] Building BUNKER to (46.185187314368534, 127.14044044060508)
2024-11-05 15:07:37.683 | 00:11   20ms  115M    0G  13/ 15U [DefensiveBuilding] Building BUNKER to (46.185187314368534, 127.14044044060508)
2024-11-05 15:07:37.754 | 00:12   21ms  115M    0G  13/ 15U [DefensiveBuilding] Building BUNKER to (46.185187314368534, 127.14044044060508)
2024-11-05 15:07:37.846 | 00:12   28ms  115M    0G  13/ 15U [DefensiveBuilding] Building BUNKER to (46.185187314368534, 127.14044044060508)
2024-11-05 15:07:37.924 | 00:12   23ms  115M    0G  13/ 15U [DefensiveBuilding] Building BUNKER to (46.185187314368534, 127.14044044060508)
2024-11-05 15:07:38.008 | 00:12   24ms  120M    0G  13/ 15U [DefensiveBuilding] Building BUNKER to (46.185187314368534, 127.14044044060508)
2024-11-05 15:07:38.098 | 00:12   21ms  120M    0G  13/ 15U [DefensiveBuilding] Building BUNKER to (46.185187314368534, 127.14044044060508)
2024-11-05 15:07:38.188 | 00:13   23ms  125M    0G  13/ 15U [DefensiveBuilding] Building BUNKER to (46.185187314368534, 127.14044044060508)
2024-11-05 15:07:38.279 | 00:13   25ms  135M    0G  13/ 15U [DefensiveBuilding] Building BUNKER to (46.185187314368534, 127.14044044060508)
2024-11-05 15:07:38.362 | 00:13   25ms  140M    0G  13/ 15U [DefensiveBuilding] Building BUNKER to (46.185187314368534, 127.14044044060508)
2024-11-05 15:07:38.581 | 00:13   20ms  140M    0G  13/ 15U [DefensiveBuilding] Building BUNKER to (46.185187314368534, 127.14044044060508)
2024-11-05 15:07:38.697 | 00:14   44ms  140M    0G  13/ 15U [DefensiveBuilding] Building BUNKER to (46.185187314368534, 127.14044044060508)
2024-11-05 15:07:38.791 | 00:14   24ms  140M    0G  13/ 15U [DefensiveBuilding] Building BUNKER to (46.185187314368534, 127.14044044060508)
2024-11-05 15:07:38.892 | 00:14   29ms  145M    0G  13/ 15U [DefensiveBuilding] Building BUNKER to (46.185187314368534, 127.14044044060508)
2024-11-05 15:07:39.031 | 00:14   23ms  145M    0G  13/ 15U [DefensiveBuilding] Building BUNKER to (46.185187314368534, 127.14044044060508)
2024-11-05 15:07:39.113 | 00:14   23ms  150M    0G  13/ 15U [DefensiveBuilding] Building BUNKER to (46.185187314368534, 127.14044044060508)
2024-11-05 15:07:39.115 | 00:14   23ms    0M    0G  13/ 15U [ActUnit] SCV from COMMANDCENTER at (37.5, 129.5)
2024-11-05 15:07:39.197 | 00:15   26ms  105M    0G  14/ 15U [DefensiveBuilding] Building BUNKER to (46.185187314368534, 127.14044044060508)
2024-11-05 15:07:39.283 | 00:15   20ms  120M    0G  14/ 15U [DefensiveBuilding] Building BUNKER to (46.185187314368534, 127.14044044060508)
2024-11-05 15:07:39.360 | 00:15   24ms  125M    0G  14/ 15U [DefensiveBuilding] Building BUNKER to (46.185187314368534, 127.14044044060508)
2024-11-05 15:07:39.447 | 00:15   20ms  125M    0G  14/ 15U [DefensiveBuilding] Building BUNKER to (46.185187314368534, 127.14044044060508)
2024-11-05 15:07:39.540 | 00:16   19ms  125M    0G  14/ 15U [DefensiveBuilding] Building BUNKER to (46.185187314368534, 127.14044044060508)
2024-11-05 15:07:39.647 | 00:16   27ms  125M    0G  14/ 15U [DefensiveBuilding] Building BUNKER to (46.185187314368534, 127.14044044060508)
2024-11-05 15:07:39.742 | 00:16   24ms  125M    0G  14/ 15U [DefensiveBuilding] Building BUNKER to (46.185187314368534, 127.14044044060508)
2024-11-05 15:07:39.844 | 00:16   26ms  125M    0G  14/ 15U [DefensiveBuilding] Building BUNKER to (46.185187314368534, 127.14044044060508)
2024-11-05 15:07:39.945 | 00:16   26ms  125M    0G  14/ 15U [DefensiveBuilding] Building BUNKER to (46.185187314368534, 127.14044044060508)
2024-11-05 15:07:40.030 | 00:17   22ms  130M    0G  14/ 15U [DefensiveBuilding] Building BUNKER to (46.185187314368534, 127.14044044060508)
2024-11-05 15:07:40.137 | 00:17   25ms  130M    0G  14/ 15U [DefensiveBuilding] Building BUNKER to (46.185187314368534, 127.14044044060508)
2024-11-05 15:07:40.223 | 00:17   29ms  145M    0G  14/ 15U [DefensiveBuilding] Building BUNKER to (46.185187314368534, 127.14044044060508)
2024-11-05 15:07:40.376 | 00:17   19ms  150M    0G  14/ 15U [DefensiveBuilding] Building BUNKER to (46.185187314368534, 127.14044044060508)
2024-11-05 15:07:40.473 | 00:18   51ms  155M    0G  14/ 15U [DefensiveBuilding] Building BUNKER to (46.185187314368534, 127.14044044060508)
2024-11-05 15:07:40.557 | 00:18   25ms  155M    0G  14/ 15U [DefensiveBuilding] Building BUNKER to (46.185187314368534, 127.14044044060508)
2024-11-05 15:07:40.640 | 00:18   22ms  155M    0G  14/ 15U [DefensiveBuilding] Building BUNKER to (46.185187314368534, 127.14044044060508)
2024-11-05 15:07:40.716 | 00:18   20ms  155M    0G  14/ 15U [DefensiveBuilding] Building BUNKER to (46.185187314368534, 127.14044044060508)
2024-11-05 15:07:40.811 | 00:18   25ms  155M    0G  14/ 15U [DefensiveBuilding] Building BUNKER to (46.185187314368534, 127.14044044060508)
2024-11-05 15:07:40.907 | 00:19   32ms  155M    0G  14/ 15U [DefensiveBuilding] Building BUNKER to (46.185187314368534, 127.14044044060508)
2024-11-05 15:07:40.991 | 00:19   29ms  160M    0G  14/ 15U [DefensiveBuilding] Building BUNKER to (46.185187314368534, 127.14044044060508)
2024-11-05 15:07:41.067 | 00:19   22ms  165M    0G  14/ 15U [DefensiveBuilding] Building BUNKER to (46.185187314368534, 127.14044044060508)
2024-11-05 15:07:41.146 | 00:19   23ms  170M    0G  14/ 15U [DefensiveBuilding] Building BUNKER to (46.185187314368534, 127.14044044060508)
2024-11-05 15:07:41.224 | 00:20   20ms  175M    0G  14/ 15U [DefensiveBuilding] Building BUNKER to (46.185187314368534, 127.14044044060508)
2024-11-05 15:07:41.297 | 00:20   25ms  185M    0G  14/ 15U [DefensiveBuilding] Building BUNKER to (46.185187314368534, 127.14044044060508)
2024-11-05 15:07:41.380 | 00:20   21ms  185M    0G  14/ 15U [DefensiveBuilding] Building BUNKER to (46.185187314368534, 127.14044044060508)
2024-11-05 15:07:41.545 | 00:20   22ms  190M    0G  14/ 15U [DefensiveBuilding] Building BUNKER to (46.185187314368534, 127.14044044060508)
2024-11-05 15:07:41.612 | 00:20  103ms  190M    0G  14/ 15U [DefensiveBuilding] Building BUNKER to (46.185187314368534, 127.14044044060508)
2024-11-05 15:07:41.687 | 00:21   21ms  190M    0G  14/ 15U [DefensiveBuilding] Building BUNKER to (46.185187314368534, 127.14044044060508)
2024-11-05 15:07:41.778 | 00:21   21ms  190M    0G  14/ 15U [DefensiveBuilding] Building BUNKER to (46.185187314368534, 127.14044044060508)
2024-11-05 15:07:41.863 | 00:21   21ms  190M    0G  14/ 15U [DefensiveBuilding] Building BUNKER to (46.185187314368534, 127.14044044060508)
2024-11-05 15:07:41.943 | 00:21   21ms  190M    0G  14/ 15U [DefensiveBuilding] Building BUNKER to (46.185187314368534, 127.14044044060508)
2024-11-05 15:07:42.024 | 00:22   20ms  205M    0G  14/ 15U [DefensiveBuilding] Building BUNKER to (46.185187314368534, 127.14044044060508)
2024-11-05 15:07:42.109 | 00:22   22ms  110M    0G  14/ 15U [DefensiveBuilding] Building BUNKER to (46.185187314368534, 127.14044044060508)
2024-11-05 15:07:42.186 | 00:22   19ms  120M    0G  14/ 15U [DefensiveBuilding] Building BUNKER to (46.185187314368534, 127.14044044060508)
2024-11-05 15:07:42.266 | 00:22   21ms  120M    0G  14/ 15U [DefensiveBuilding] Building BUNKER to (46.185187314368534, 127.14044044060508)
2024-11-05 15:07:42.344 | 00:22   27ms  120M    0G  14/ 15U [DefensiveBuilding] Building BUNKER to (46.185187314368534, 127.14044044060508)
2024-11-05 15:07:42.420 | 00:23   18ms  120M    0G  14/ 15U [DefensiveBuilding] Building BUNKER to (46.185187314368534, 127.14044044060508)
2024-11-05 15:07:42.498 | 00:23   23ms  120M    0G  14/ 15U [DefensiveBuilding] Building BUNKER to (46.185187314368534, 127.14044044060508)
2024-11-05 15:07:42.577 | 00:23   22ms  120M    0G  14/ 15U [DefensiveBuilding] Building BUNKER to (46.185187314368534, 127.14044044060508)
2024-11-05 15:07:42.658 | 00:23   20ms  120M    0G  14/ 15U [DefensiveBuilding] Building BUNKER to (46.185187314368534, 127.14044044060508)
2024-11-05 15:07:42.732 | 00:24   19ms  125M    0G  14/ 15U [DefensiveBuilding] Building BUNKER to (46.185187314368534, 127.14044044060508)
2024-11-05 15:07:42.815 | 00:24   24ms  135M    0G  14/ 15U [DefensiveBuilding] Building BUNKER to (46.185187314368534, 127.14044044060508)
2024-11-05 15:07:42.894 | 00:24   22ms  135M    0G  14/ 15U [DefensiveBuilding] Building BUNKER to (46.185187314368534, 127.14044044060508)
2024-11-05 15:07:43.028 | 00:24   23ms  140M    0G  14/ 15U [DefensiveBuilding] Building BUNKER to (46.185187314368534, 127.14044044060508)
2024-11-05 15:07:43.142 | 00:25   31ms  140M    0G  14/ 15U [DefensiveBuilding] Building BUNKER to (46.185187314368534, 127.14044044060508)
2024-11-05 15:07:43.241 | 00:25   20ms  145M    0G  14/ 15U [DefensiveBuilding] Building BUNKER to (46.185187314368534, 127.14044044060508)
2024-11-05 15:07:43.345 | 00:25   21ms  150M    0G  14/ 15U [DefensiveBuilding] Building BUNKER to (46.185187314368534, 127.14044044060508)
2024-11-05 15:07:43.415 | 00:25   35ms  150M    0G  14/ 15U [DefensiveBuilding] Building BUNKER to (46.185187314368534, 127.14044044060508)
2024-11-05 15:07:43.498 | 00:25   24ms  150M    0G  14/ 15U [DefensiveBuilding] Building BUNKER to (46.185187314368534, 127.14044044060508)
2024-11-05 15:07:43.588 | 00:26   22ms  150M    0G  14/ 15U [DefensiveBuilding] Building BUNKER to (46.185187314368534, 127.14044044060508)
2024-11-05 15:07:43.680 | 00:26   23ms  155M    0G  14/ 15U [DefensiveBuilding] Building BUNKER to (46.185187314368534, 127.14044044060508)
2024-11-05 15:07:43.763 | 00:26   20ms  165M    0G  14/ 15U [DefensiveBuilding] Building BUNKER to (46.185187314368534, 127.14044044060508)
2024-11-05 15:07:43.848 | 00:26   20ms  165M    0G  14/ 15U [DefensiveBuilding] Building BUNKER to (46.185187314368534, 127.14044044060508)
2024-11-05 15:07:43.941 | 00:27   24ms  170M    0G  14/ 15U [DefensiveBuilding] Building BUNKER to (46.185187314368534, 127.14044044060508)
2024-11-05 15:07:44.025 | 00:27   24ms  175M    0G  14/ 15U [DefensiveBuilding] Building BUNKER to (46.185187314368534, 127.14044044060508)
2024-11-05 15:07:44.027 | 00:27   24ms   25M    0G  14/ 15U [ActUnit] SCV from COMMANDCENTER at (37.5, 129.5)
2024-11-05 15:07:44.113 | 00:27   22ms  130M    0G  15/ 15U [DefensiveBuilding] Building BUNKER to (46.185187314368534, 127.14044044060508)
2024-11-05 15:07:44.192 | 00:27   22ms  130M    0G  15/ 15U [DefensiveBuilding] Building BUNKER to (46.185187314368534, 127.14044044060508)
2024-11-05 15:07:44.281 | 00:27   22ms  130M    0G  15/ 15U [DefensiveBuilding] Building BUNKER to (46.185187314368534, 127.14044044060508)
2024-11-05 15:07:44.456 | 00:28   21ms  130M    0G  15/ 15U [DefensiveBuilding] Building BUNKER to (46.185187314368534, 127.14044044060508)
2024-11-05 15:07:44.530 | 00:28   27ms  130M    0G  15/ 15U [DefensiveBuilding] Building BUNKER to (46.185187314368534, 127.14044044060508)
2024-11-05 15:07:44.644 | 00:28   21ms  135M    0G  15/ 15U [DefensiveBuilding] Building BUNKER to (46.185187314368534, 127.14044044060508)
2024-11-05 15:07:44.731 | 00:28   42ms  140M    0G  15/ 15U [DefensiveBuilding] Building BUNKER to (46.185187314368534, 127.14044044060508)
2024-11-05 15:07:44.813 | 00:29   22ms  145M    0G  15/ 15U [DefensiveBuilding] Building BUNKER to (46.185187314368534, 127.14044044060508)
2024-11-05 15:07:44.896 | 00:29   21ms  150M    0G  15/ 15U [DefensiveBuilding] Building BUNKER to (46.185187314368534, 127.14044044060508)
2024-11-05 15:07:45.010 | 00:29   20ms  150M    0G  15/ 15U [DefensiveBuilding] Building BUNKER to (46.185187314368534, 127.14044044060508)
2024-11-05 15:07:45.088 | 00:29   43ms  150M    0G  15/ 15U [DefensiveBuilding] Building BUNKER to (46.185187314368534, 127.14044044060508)
2024-11-05 15:07:45.176 | 00:29   28ms  150M    0G  15/ 15U [DefensiveBuilding] Building BUNKER to (46.185187314368534, 127.14044044060508)
2024-11-05 15:07:45.259 | 00:30   21ms  150M    0G  15/ 15U [DefensiveBuilding] Building BUNKER to (46.185187314368534, 127.14044044060508)
2024-11-05 15:07:45.390 | 00:30   27ms  160M    0G  15/ 15U [DefensiveBuilding] Building BUNKER to (46.185187314368534, 127.14044044060508)
2024-11-05 15:07:45.474 | 00:30   27ms  160M    0G  15/ 15U [DefensiveBuilding] Building BUNKER to (46.185187314368534, 127.14044044060508)
2024-11-05 15:07:45.558 | 00:30   24ms  165M    0G  15/ 15U [DefensiveBuilding] Building BUNKER to (46.185187314368534, 127.14044044060508)
2024-11-05 15:07:45.638 | 00:31   24ms  170M    0G  15/ 15U [DefensiveBuilding] Building BUNKER to (46.185187314368534, 127.14044044060508)
2024-11-05 15:07:45.731 | 00:31   23ms  170M    0G  15/ 15U [DefensiveBuilding] Building BUNKER to (46.185187314368534, 127.14044044060508)
2024-11-05 15:07:45.823 | 00:31   26ms  170M    0G  15/ 15U [DefensiveBuilding] Building BUNKER to (46.185187314368534, 127.14044044060508)
2024-11-05 15:07:45.905 | 00:31   27ms  180M    0G  15/ 15U [DefensiveBuilding] Building BUNKER to (46.185187314368534, 127.14044044060508)
2024-11-05 15:07:45.986 | 00:31   20ms  185M    0G  15/ 15U [DefensiveBuilding] Building BUNKER to (46.185187314368534, 127.14044044060508)
2024-11-05 15:07:46.073 | 00:32   25ms  185M    0G  15/ 15U [DefensiveBuilding] Building BUNKER to (46.185187314368534, 127.14044044060508)
2024-11-05 15:07:46.154 | 00:32   23ms  190M    0G  15/ 15U [DefensiveBuilding] Building BUNKER to (46.185187314368534, 127.14044044060508)
2024-11-05 15:07:46.236 | 00:32   23ms  190M    0G  15/ 15U [DefensiveBuilding] Building BUNKER to (46.185187314368534, 127.14044044060508)
2024-11-05 15:07:46.325 | 00:32   24ms  190M    0G  15/ 15U [DefensiveBuilding] Building BUNKER to (46.185187314368534, 127.14044044060508)
2024-11-05 15:07:46.541 | 00:33   25ms  195M    0G  15/ 15U [DefensiveBuilding] Building BUNKER to (46.185187314368534, 127.14044044060508)
2024-11-05 15:07:46.638 | 00:33   28ms  200M    0G  15/ 15U [DefensiveBuilding] Building BUNKER to (46.185187314368534, 127.14044044060508)
2024-11-05 15:07:46.729 | 00:33   29ms  200M    0G  15/ 15U [DefensiveBuilding] Building BUNKER to (46.185187314368534, 127.14044044060508)
2024-11-05 15:07:46.815 | 00:33   24ms  205M    0G  15/ 15U [DefensiveBuilding] Building BUNKER to (46.185187314368534, 127.14044044060508)
2024-11-05 15:07:46.892 | 00:33   27ms  215M    0G  15/ 15U [DefensiveBuilding] Building BUNKER to (46.185187314368534, 127.14044044060508)
2024-11-05 15:07:46.983 | 00:34   21ms  215M    0G  15/ 15U [DefensiveBuilding] Building BUNKER to (46.185187314368534, 127.14044044060508)
2024-11-05 15:07:47.146 | 00:34   28ms  215M    0G  15/ 15U [DefensiveBuilding] Building BUNKER to (46.185187314368534, 127.14044044060508)
2024-11-05 15:07:47.219 | 00:34   24ms  215M    0G  15/ 15U [DefensiveBuilding] Building BUNKER to (46.185187314368534, 127.14044044060508)
2024-11-05 15:07:47.313 | 00:34   25ms  215M    0G  15/ 15U [DefensiveBuilding] Building BUNKER to (46.185187314368534, 127.14044044060508)
2024-11-05 15:07:47.407 | 00:35   26ms  215M    0G  15/ 15U [DefensiveBuilding] Building BUNKER to (46.185187314368534, 127.14044044060508)
2024-11-05 15:07:47.496 | 00:35   23ms  230M    0G  15/ 15U [DefensiveBuilding] Building BUNKER to (46.185187314368534, 127.14044044060508)
2024-11-05 15:07:47.582 | 00:35   24ms  235M    0G  15/ 15U [DefensiveBuilding] Building BUNKER to (46.185187314368534, 127.14044044060508)
2024-11-05 15:07:47.664 | 00:35   29ms  235M    0G  15/ 15U [DefensiveBuilding] Building BUNKER to (46.185187314368534, 127.14044044060508)
2024-11-05 15:07:47.757 | 00:35   27ms  235M    0G  15/ 15U [DefensiveBuilding] Building BUNKER to (46.185187314368534, 127.14044044060508)
2024-11-05 15:07:47.856 | 00:36   28ms  240M    0G  15/ 15U [DefensiveBuilding] Building BUNKER to (46.185187314368534, 127.14044044060508)
2024-11-05 15:07:47.949 | 00:36   23ms  240M    0G  15/ 15U [DefensiveBuilding] Building BUNKER to (46.185187314368534, 127.14044044060508)
2024-11-05 15:07:48.047 | 00:36   32ms  245M    0G  15/ 15U [DefensiveBuilding] Building BUNKER to (46.185187314368534, 127.14044044060508)
2024-11-05 15:07:48.165 | 00:36   39ms  245M    0G  15/ 15U [DefensiveBuilding] Building BUNKER to (46.185187314368534, 127.14044044060508)
2024-11-05 15:07:48.258 | 00:37   45ms  245M    0G  15/ 15U [DefensiveBuilding] Building BUNKER to (46.185187314368534, 127.14044044060508)
2024-11-05 15:07:48.342 | 00:37   41ms  255M    0G  15/ 15U [DefensiveBuilding] Building BUNKER to (46.185187314368534, 127.14044044060508)
2024-11-05 15:07:48.474 | 00:37   22ms  265M    0G  15/ 15U [DefensiveBuilding] Building BUNKER to (46.185187314368534, 127.14044044060508)
2024-11-05 15:07:48.557 | 00:37   50ms  265M    0G  15/ 15U [DefensiveBuilding] Building BUNKER to (46.185187314368534, 127.14044044060508)
2024-11-05 15:07:48.646 | 00:37   26ms  265M    0G  15/ 15U [DefensiveBuilding] Building BUNKER to (46.185187314368534, 127.14044044060508)
2024-11-05 15:07:48.746 | 00:38   22ms  275M    0G  15/ 15U [DefensiveBuilding] Building BUNKER to (46.185187314368534, 127.14044044060508)
2024-11-05 15:07:48.846 | 00:38   26ms  275M    0G  15/ 15U [DefensiveBuilding] Building BUNKER to (46.185187314368534, 127.14044044060508)
2024-11-05 15:07:48.940 | 00:38   28ms  275M    0G  15/ 15U [DefensiveBuilding] Building BUNKER to (46.185187314368534, 127.14044044060508)
2024-11-05 15:07:49.032 | 00:38   24ms  275M    0G  15/ 15U [DefensiveBuilding] Building BUNKER to (46.185187314368534, 127.14044044060508)
2024-11-05 15:07:49.115 | 00:39   27ms  280M    0G  15/ 15U [DefensiveBuilding] Building BUNKER to (46.185187314368534, 127.14044044060508)
2024-11-05 15:07:49.207 | 00:39   24ms  280M    0G  15/ 15U [DefensiveBuilding] Building BUNKER to (46.185187314368534, 127.14044044060508)
2024-11-05 15:07:49.297 | 00:39   25ms  280M    0G  15/ 15U [DefensiveBuilding] Building BUNKER to (46.185187314368534, 127.14044044060508)
2024-11-05 15:07:49.389 | 00:39   25ms  285M    0G  15/ 15U [DefensiveBuilding] Building BUNKER to (46.185187314368534, 127.14044044060508)
2024-11-05 15:07:49.496 | 00:39   21ms  290M    0G  15/ 15U [DefensiveBuilding] Building BUNKER to (46.185187314368534, 127.14044044060508)
2024-11-05 15:07:49.593 | 00:40   24ms  300M    0G  15/ 15U [DefensiveBuilding] Building BUNKER to (46.185187314368534, 127.14044044060508)
2024-11-05 15:07:49.774 | 00:40   31ms  300M    0G  15/ 15U [DefensiveBuilding] Building BUNKER to (46.185187314368534, 127.14044044060508)
2024-11-05 15:07:49.845 | 00:40  107ms  305M    0G  15/ 15U [DefensiveBuilding] Building BUNKER to (46.185187314368534, 127.14044044060508)
2024-11-05 15:07:49.931 | 00:40   22ms  305M    0G  15/ 15U [DefensiveBuilding] Building BUNKER to (46.185187314368534, 127.14044044060508)
2024-11-05 15:07:50.026 | 00:41   30ms  305M    0G  15/ 15U [DefensiveBuilding] Building BUNKER to (46.185187314368534, 127.14044044060508)
2024-11-05 15:07:50.113 | 00:41   22ms  305M    0G  15/ 15U [DefensiveBuilding] Building BUNKER to (46.185187314368534, 127.14044044060508)
2024-11-05 15:07:50.229 | 00:41   23ms  310M    0G  15/ 15U [DefensiveBuilding] Building BUNKER to (46.185187314368534, 127.14044044060508)
2024-11-05 15:07:50.342 | 00:41   48ms  315M    0G  15/ 15U [DefensiveBuilding] Building BUNKER to (46.185187314368534, 127.14044044060508)
2024-11-05 15:07:50.425 | 00:41   43ms  320M    0G  15/ 15U [DefensiveBuilding] Building BUNKER to (46.185187314368534, 127.14044044060508)
2024-11-05 15:07:50.529 | 00:42   25ms  320M    0G  15/ 15U [DefensiveBuilding] Building BUNKER to (46.185187314368534, 127.14044044060508)
2024-11-05 15:07:50.641 | 00:42   28ms  325M    0G  15/ 15U [DefensiveBuilding] Building BUNKER to (46.185187314368534, 127.14044044060508)
2024-11-05 15:07:50.788 | 00:42   50ms  340M    0G  15/ 15U [DefensiveBuilding] Building BUNKER to (46.185187314368534, 127.14044044060508)
2024-11-05 15:07:50.943 | 00:42   50ms  340M    0G  15/ 15U [DefensiveBuilding] Building BUNKER to (46.185187314368534, 127.14044044060508)
2024-11-05 15:07:51.076 | 00:43   52ms  340M    0G  15/ 15U [DefensiveBuilding] Building BUNKER to (46.185187314368534, 127.14044044060508)
2024-11-05 15:07:51.222 | 00:43   76ms  340M    0G  15/ 15U [DefensiveBuilding] Building BUNKER to (46.185187314368534, 127.14044044060508)
2024-11-05 15:07:51.430 | 00:43   51ms  340M    0G  15/ 15U [DefensiveBuilding] Building BUNKER to (46.185187314368534, 127.14044044060508)
2024-11-05 15:07:51.613 | 00:43   66ms  340M    0G  15/ 15U [DefensiveBuilding] Building BUNKER to (46.185187314368534, 127.14044044060508)
2024-11-05 15:07:51.830 | 00:43   57ms  345M    0G  15/ 15U [DefensiveBuilding] Building BUNKER to (46.185187314368534, 127.14044044060508)
2024-11-05 15:07:51.991 | 00:44   52ms  350M    0G  15/ 15U [DefensiveBuilding] Building BUNKER to (46.185187314368534, 127.14044044060508)
2024-11-05 15:07:52.142 | 00:44   52ms  355M    0G  15/ 15U [DefensiveBuilding] Building BUNKER to (46.185187314368534, 127.14044044060508)
2024-11-05 15:07:52.273 | 00:44   53ms  355M    0G  15/ 15U [DefensiveBuilding] Building BUNKER to (46.185187314368534, 127.14044044060508)
2024-11-05 15:07:52.382 | 00:44   42ms  355M    0G  15/ 15U [DefensiveBuilding] Building BUNKER to (46.185187314368534, 127.14044044060508)
2024-11-05 15:07:52.491 | 00:45   47ms  360M    0G  15/ 15U [DefensiveBuilding] Building BUNKER to (46.185187314368534, 127.14044044060508)
2024-11-05 15:07:52.584 | 00:45   29ms  365M    0G  15/ 15U [DefensiveBuilding] Building BUNKER to (46.185187314368534, 127.14044044060508)
2024-11-05 15:07:52.733 | 00:45   28ms  370M    0G  15/ 15U [DefensiveBuilding] Building BUNKER to (46.185187314368534, 127.14044044060508)
2024-11-05 15:07:52.848 | 00:45   41ms  370M    0G  15/ 15U [DefensiveBuilding] Building BUNKER to (46.185187314368534, 127.14044044060508)
2024-11-05 15:07:52.981 | 00:45   51ms  370M    0G  15/ 15U [DefensiveBuilding] Building BUNKER to (46.185187314368534, 127.14044044060508)
2024-11-05 15:07:53.177 | 00:46   65ms  375M    0G  15/ 15U [DefensiveBuilding] Building BUNKER to (46.185187314368534, 127.14044044060508)
2024-11-05 15:07:53.381 | 00:46   45ms  380M    0G  15/ 15U [DefensiveBuilding] Building BUNKER to (46.185187314368534, 127.14044044060508)
2024-11-05 15:07:53.496 | 00:46   32ms  385M    0G  15/ 15U [DefensiveBuilding] Building BUNKER to (46.185187314368534, 127.14044044060508)
2024-11-05 15:07:53.626 | 00:46   42ms  390M    0G  15/ 15U [DefensiveBuilding] Building BUNKER to (46.185187314368534, 127.14044044060508)
2024-11-05 15:07:53.874 | 00:47   58ms  390M    0G  15/ 15U [DefensiveBuilding] Building BUNKER to (46.185187314368534, 127.14044044060508)
2024-11-05 15:07:53.957 | 00:47   38ms  400M    0G  15/ 15U [DefensiveBuilding] Building BUNKER to (46.185187314368534, 127.14044044060508)
2024-11-05 15:07:54.059 | 00:47   25ms  400M    0G  15/ 15U [DefensiveBuilding] Building BUNKER to (46.185187314368534, 127.14044044060508)
2024-11-05 15:07:54.159 | 00:47   33ms  400M    0G  15/ 15U [DefensiveBuilding] Building BUNKER to (46.185187314368534, 127.14044044060508)
2024-11-05 15:07:54.297 | 00:47   30ms  405M    0G  15/ 15U [DefensiveBuilding] Building BUNKER to (46.185187314368534, 127.14044044060508)
2024-11-05 15:07:54.382 | 00:48   48ms  405M    0G  15/ 15U [DefensiveBuilding] Building BUNKER to (46.185187314368534, 127.14044044060508)
2024-11-05 15:07:54.480 | 00:48   30ms  405M    0G  15/ 15U [DefensiveBuilding] Building BUNKER to (46.185187314368534, 127.14044044060508)
2024-11-05 15:07:54.577 | 00:48   26ms  410M    0G  15/ 15U [DefensiveBuilding] Building BUNKER to (46.185187314368534, 127.14044044060508)
2024-11-05 15:07:54.677 | 00:48   29ms  420M    0G  15/ 15U [DefensiveBuilding] Building BUNKER to (46.185187314368534, 127.14044044060508)
2024-11-05 15:07:54.842 | 00:49   53ms  420M    0G  15/ 23U [DefensiveBuilding] Building BUNKER to (46.185187314368534, 127.14044044060508)
2024-11-05 15:07:54.846 | 00:49   53ms  270M    0G  15/ 23U [ActUnit] SCV from COMMANDCENTER at (37.5, 129.5)
2024-11-05 15:07:55.079 | 00:49   52ms  220M    0G  16/ 23U [DefensiveBuilding] Building BUNKER to (46.185187314368534, 127.14044044060508)
2024-11-05 15:07:55.083 | 00:49   52ms   45M    0G  16/ 23U [BuildGas] Building REFINERY to (41.5, 136.5)
2024-11-05 15:07:55.233 | 00:49   59ms  145M    0G  16/ 23U [DefensiveBuilding] Building BUNKER to (46.185187314368534, 127.14044044060508)
2024-11-05 15:07:55.359 | 00:49   43ms  150M    0G  16/ 23U [DefensiveBuilding] Building BUNKER to (46.185187314368534, 127.14044044060508)
2024-11-05 15:07:55.464 | 00:50   47ms  150M    0G  16/ 23U [DefensiveBuilding] Building BUNKER to (46.185187314368534, 127.14044044060508)
2024-11-05 15:07:55.597 | 00:50   50ms  155M    0G  16/ 23U [DefensiveBuilding] Building BUNKER to (46.185187314368534, 127.14044044060508)
2024-11-05 15:07:55.765 | 00:50   44ms  155M    0G  16/ 23U [DefensiveBuilding] Building BUNKER to (46.185187314368534, 127.14044044060508)
2024-11-05 15:07:55.916 | 00:50   51ms  165M    0G  16/ 23U [DefensiveBuilding] Building BUNKER to (46.185187314368534, 127.14044044060508)
2024-11-05 15:07:56.078 | 00:50   49ms  175M    0G  16/ 23U [DefensiveBuilding] Building BUNKER to (46.185187314368534, 127.14044044060508)
2024-11-05 15:07:56.200 | 00:51   54ms  175M    0G  16/ 23U [DefensiveBuilding] Building BUNKER to (46.185187314368534, 127.14044044060508)
2024-11-05 15:07:56.305 | 00:51   30ms  175M    0G  16/ 23U [DefensiveBuilding] Building BUNKER to (46.185187314368534, 127.14044044060508)
2024-11-05 15:07:56.408 | 00:51   26ms  175M    0G  16/ 23U [DefensiveBuilding] Building BUNKER to (46.185187314368534, 127.14044044060508)
2024-11-05 15:07:56.530 | 00:51   30ms  180M    0G  16/ 23U [DefensiveBuilding] Building BUNKER to (46.185187314368534, 127.14044044060508)
2024-11-05 15:07:56.644 | 00:52   46ms  180M    0G  16/ 23U [DefensiveBuilding] Building BUNKER to (46.185187314368534, 127.14044044060508)
2024-11-05 15:07:56.741 | 00:52   32ms  185M    0G  16/ 23U [DefensiveBuilding] Building BUNKER to (46.185187314368534, 127.14044044060508)
2024-11-05 15:07:56.953 | 00:52   31ms  185M    0G  16/ 23U [DefensiveBuilding] Building BUNKER to (46.185187314368534, 127.14044044060508)
2024-11-05 15:07:57.036 | 00:52   30ms  185M    0G  16/ 23U [DefensiveBuilding] Building BUNKER to (46.185187314368534, 127.14044044060508)
2024-11-05 15:07:57.165 | 00:52   35ms  185M    0G  16/ 23U [DefensiveBuilding] Building BUNKER to (46.185187314368534, 127.14044044060508)
2024-11-05 15:07:57.244 | 00:53   44ms  185M    0G  16/ 23U [DefensiveBuilding] Building BUNKER to (46.185187314368534, 127.14044044060508)
2024-11-05 15:07:57.360 | 00:53   28ms  190M    0G  16/ 23U [DefensiveBuilding] Building BUNKER to (46.185187314368534, 127.14044044060508)
2024-11-05 15:07:57.455 | 00:53   24ms  200M    0G  16/ 23U [DefensiveBuilding] Building BUNKER to (46.185187314368534, 127.14044044060508)
2024-11-05 15:07:57.541 | 00:53   31ms  200M    0G  16/ 23U [DefensiveBuilding] Building BUNKER to (46.185187314368534, 127.14044044060508)
2024-11-05 15:07:57.630 | 00:54   34ms  200M    0G  16/ 23U [DefensiveBuilding] Building BUNKER to (46.185187314368534, 127.14044044060508)
2024-11-05 15:07:57.859 | 00:54   32ms  205M    0G  16/ 23U [DefensiveBuilding] Building BUNKER to (46.185187314368534, 127.14044044060508)
2024-11-05 15:07:57.978 | 00:54   36ms  205M    0G  16/ 23U [DefensiveBuilding] Building BUNKER to (46.185187314368534, 127.14044044060508)
2024-11-05 15:07:58.123 | 00:54   31ms  205M    0G  16/ 23U [GameAnalyzer] Income advantage is now SlightDisadvantage
2024-11-05 15:07:58.129 | 00:54   31ms  205M    0G  16/ 23U [DefensiveBuilding] Building BUNKER to (46.185187314368534, 127.14044044060508)
2024-11-05 15:07:58.231 | 00:54   52ms  210M    0G  16/ 23U [GameAnalyzer] Income advantage is now Even
2024-11-05 15:07:58.260 | 00:54   52ms  210M    0G  16/ 23U [DefensiveBuilding] Building BUNKER to (46.185187314368534, 127.14044044060508)
2024-11-05 15:07:58.348 | 00:55   57ms  220M    0G  16/ 23U [DefensiveBuilding] Building BUNKER to (46.185187314368534, 127.14044044060508)
2024-11-05 15:07:58.463 | 00:55   28ms  220M    0G  16/ 23U [DefensiveBuilding] Building BUNKER to (46.185187314368534, 127.14044044060508)
2024-11-05 15:07:58.575 | 00:55   44ms  225M    0G  16/ 23U [DefensiveBuilding] Building BUNKER to (46.185187314368534, 127.14044044060508)
2024-11-05 15:07:58.694 | 00:55   32ms  230M    0G  16/ 23U [DefensiveBuilding] Building BUNKER to (46.185187314368534, 127.14044044060508)
2024-11-05 15:07:58.775 | 00:56   52ms  230M    0G  16/ 23U [DefensiveBuilding] Building BUNKER to (46.185187314368534, 127.14044044060508)
2024-11-05 15:07:58.866 | 00:56   30ms  235M    0G  16/ 23U [DefensiveBuilding] Building BUNKER to (46.185187314368534, 127.14044044060508)
2024-11-05 15:07:58.974 | 00:56   29ms  235M    0G  16/ 23U [DefensiveBuilding] Building BUNKER to (46.185187314368534, 127.14044044060508)
2024-11-05 15:07:59.170 | 00:56   33ms  235M    0G  16/ 23U [DefensiveBuilding] Building BUNKER to (46.185187314368534, 127.14044044060508)
2024-11-05 15:07:59.296 | 00:56   68ms  235M    0G  16/ 23U [DefensiveBuilding] Building BUNKER to (46.185187314368534, 127.14044044060508)
2024-11-05 15:07:59.410 | 00:57   57ms  240M    0G  16/ 23U [DefensiveBuilding] Building BUNKER to (46.185187314368534, 127.14044044060508)
2024-11-05 15:07:59.558 | 00:57   42ms  240M    0G  16/ 23U [DefensiveBuilding] Building BUNKER to (46.185187314368534, 127.14044044060508)
2024-11-05 15:07:59.776 | 00:57   35ms  240M    0G  16/ 23U [DefensiveBuilding] Building BUNKER to (46.185187314368534, 127.14044044060508)
2024-11-05 15:07:59.905 | 00:57   66ms  245M    0G  16/ 23U [DefensiveBuilding] Building BUNKER to (46.185187314368534, 127.14044044060508)
2024-11-05 15:08:00.027 | 00:58   59ms  245M    0G  16/ 23U [DefensiveBuilding] Building BUNKER to (46.185187314368534, 127.14044044060508)
2024-11-05 15:08:00.182 | 00:58   53ms  245M    0G  16/ 23U [DefensiveBuilding] Building BUNKER to (46.185187314368534, 127.14044044060508)
2024-11-05 15:08:00.374 | 00:58   64ms  250M    0G  16/ 23U [DefensiveBuilding] Building BUNKER to (46.185187314368534, 127.14044044060508)
2024-11-05 15:08:00.564 | 00:58  127ms  255M    0G  16/ 23U [DefensiveBuilding] Building BUNKER to (46.185187314368534, 127.14044044060508)
2024-11-05 15:08:00.647 | 00:58  127ms  255M    0G  16/ 23U [DefensiveBuilding] Building BUNKER to (46.185187314368534, 127.14044044060508)
2024-11-05 15:08:00.747 | 00:59   27ms  260M    0G  16/ 23U [DefensiveBuilding] Building BUNKER to (46.185187314368534, 127.14044044060508)
2024-11-05 15:08:00.879 | 00:59   26ms  270M    0G  16/ 23U [DefensiveBuilding] Building BUNKER to (46.185187314368534, 127.14044044060508)
2024-11-05 15:08:00.984 | 00:59   38ms  270M    0G  16/ 23U [DefensiveBuilding] Building BUNKER to (46.185187314368534, 127.14044044060508)
2024-11-05 15:08:01.089 | 00:59   42ms  270M    0G  16/ 23U [DefensiveBuilding] Building BUNKER to (46.185187314368534, 127.14044044060508)
2024-11-05 15:08:01.263 | 01:00   47ms  275M    0G  16/ 23U [DefensiveBuilding] Building BUNKER to (46.185187314368534, 127.14044044060508)
2024-11-05 15:08:01.368 | 01:00   44ms  275M    0G  16/ 23U [DefensiveBuilding] Building BUNKER to (46.185187314368534, 127.14044044060508)
2024-11-05 15:08:01.478 | 01:00   47ms  280M    0G  16/ 23U [DefensiveBuilding] Building BUNKER to (46.185187314368534, 127.14044044060508)
2024-11-05 15:08:01.597 | 01:00   59ms  290M    0G  16/ 23U [DefensiveBuilding] Building BUNKER to (46.185187314368534, 127.14044044060508)
2024-11-05 15:08:01.802 | 01:00   33ms  290M    0G  16/ 23U [DefensiveBuilding] Building BUNKER to (46.185187314368534, 127.14044044060508)
2024-11-05 15:08:02.058 | 01:01   73ms  290M    0G  16/ 23U [DefensiveBuilding] Building BUNKER to (46.185187314368534, 127.14044044060508)
2024-11-05 15:08:02.297 | 01:01   71ms  290M    0G  16/ 23U [DefensiveBuilding] Building BUNKER to (46.185187314368534, 127.14044044060508)
2024-11-05 15:08:02.300 | 01:01   71ms  140M    0G  16/ 23U [ActUnit] SCV from COMMANDCENTER at (37.5, 129.5)
2024-11-05 15:08:02.509 | 01:01   74ms  140M    0G  17/ 23U [DefensiveBuilding] Building BUNKER to (46.185187314368534, 127.14044044060508)
2024-11-05 15:08:02.649 | 01:01   68ms  140M    0G  17/ 23U [DefensiveBuilding] Building BUNKER to (46.185187314368534, 127.14044044060508)
2024-11-05 15:08:02.744 | 01:02   50ms  145M    0G  17/ 23U [DefensiveBuilding] Building BUNKER to (46.185187314368534, 127.14044044060508)
2024-11-05 15:08:02.832 | 01:02   26ms  150M    0G  17/ 23U [DefensiveBuilding] Building BUNKER to (46.185187314368534, 127.14044044060508)
2024-11-05 15:08:02.931 | 01:02   30ms  150M    0G  17/ 23U [DefensiveBuilding] Building BUNKER to (46.185187314368534, 127.14044044060508)
2024-11-05 15:08:03.060 | 01:02   33ms  150M    0G  17/ 23U [DefensiveBuilding] Building BUNKER to (46.185187314368534, 127.14044044060508)
2024-11-05 15:08:03.157 | 01:02   54ms  150M    0G  17/ 23U [DefensiveBuilding] Building BUNKER to (46.185187314368534, 127.14044044060508)
2024-11-05 15:08:03.256 | 01:03   36ms  155M    0G  17/ 23U [DefensiveBuilding] Building BUNKER to (46.185187314368534, 127.14044044060508)
2024-11-05 15:08:03.354 | 01:03   27ms  155M    0G  17/ 23U [DefensiveBuilding] Building BUNKER to (46.185187314368534, 127.14044044060508)
2024-11-05 15:08:03.447 | 01:03   27ms  160M    0G  17/ 23U [DefensiveBuilding] Building BUNKER to (46.185187314368534, 127.14044044060508)
2024-11-05 15:08:03.606 | 01:03   29ms  175M    0G  17/ 23U [DefensiveBuilding] Building BUNKER to (46.185187314368534, 127.14044044060508)
2024-11-05 15:08:03.682 | 01:04   25ms  175M    0G  17/ 23U [DefensiveBuilding] Building BUNKER to (46.185187314368534, 127.14044044060508)
2024-11-05 15:08:03.771 | 01:04   27ms  175M    0G  17/ 23U [DefensiveBuilding] Building BUNKER to (46.185187314368534, 127.14044044060508)
2024-11-05 15:08:03.845 | 01:04   30ms  180M    0G  17/ 23U [DefensiveBuilding] Building BUNKER to (46.185187314368534, 127.14044044060508)
2024-11-05 15:08:04.016 | 01:04   24ms  180M    0G  17/ 23U [DefensiveBuilding] Building BUNKER to (46.185187314368534, 127.14044044060508)
2024-11-05 15:08:04.088 | 01:04  113ms  185M    0G  17/ 23U [DefensiveBuilding] Building BUNKER to (46.185187314368534, 127.14044044060508)
2024-11-05 15:08:04.143 | INFO     | sc2.protocol:_execute:72 - Client status changed to Status.ended (was Status.in_game)
2024-11-05 15:08:04.144 | Result: Defeat
2024-11-05 15:08:04.145 | Duration: 01:04
2024-11-05 15:08:04.145 | Step time min: 16
2024-11-05 15:08:04.145 | Step time avg: 32
2024-11-05 15:08:04.145 | Step time max: 143
2024-11-05 15:08:04.146 | [LostUnitsContents] My lost units minerals and gas: (0, 0)
2024-11-05 15:08:04.146 | [LostUnitsContents] My lost units minerals by score: 0.0
2024-11-05 15:08:04.147 | [LostUnitsContents] Enemy lost units minerals and gas: (0, 0)
2024-11-05 15:08:04.148 | [LostUnitsContents] Enemy lost units minerals by score: 0.0
2024-11-05 15:08:04.148 | [GameAnalyzerEnd] Own units:
2024-11-05 15:08:04.149 | [GameAnalyzerEnd] SCV               total:  16 alive:  16 dead:   0 
2024-11-05 15:08:04.157 | [GameAnalyzerEnd] SUPPLYDEPOT       total:   1 alive:   1 dead:   0 
2024-11-05 15:08:04.159 | [GameAnalyzerEnd] BARRACKS          total:   1 alive:   1 dead:   0 
2024-11-05 15:08:04.160 | [GameAnalyzerEnd] COMMANDCENTER     total:   1 alive:   1 dead:   0 
2024-11-05 15:08:04.161 | [GameAnalyzerEnd] REFINERY          total:   1 alive:   1 dead:   0 
2024-11-05 15:08:04.161 | [GameAnalyzerEnd] Enemy units:
2024-11-05 15:08:04.162 | [GameAnalyzerEnd] Minerals max 420 Average 184
2024-11-05 15:08:04.163 | [GameAnalyzerEnd] Vespene max 0 Average 0
2024-11-05 15:08:04.164 | INFO     | sc2.main:_play_game:228 - Result for player 1 - Bot LadderBot(Terran): Defeat
2024-11-05 15:08:07.118 | INFO     | sc2.protocol:__request:48 - Cannot receive: Game has already ended.
2024-11-05 15:08:07.120 | INFO     | sc2.sc2process:_close_connection:231 - Closing connection at 58550...
2024-11-05 15:08:07.122 | INFO     | sc2.sc2process:kill_all:33 - kill_switch: Process cleanup for 1 processes
