2024-11-26 18:43:32.262 | INFO     | sc2.protocol:_execute:72 - Client status changed to Status.launched (was None)
2024-11-26 18:43:32.264 | INFO     | sc2.controller:create_game:37 - Creating new game
2024-11-26 18:43:32.265 | INFO     | sc2.controller:create_game:38 - Map:     HardLead513AIE
2024-11-26 18:43:32.266 | INFO     | sc2.controller:create_game:39 - Players: Bot LadderBot(Terran), Computer VeryHard(Zerg, RandomBuild)
2024-11-26 18:43:32.274 | INFO     | sc2.protocol:_execute:72 - Client status changed to Status.init_game (was Status.launched)
2024-11-26 18:43:45.696 | INFO     | sc2.protocol:_execute:72 - Client status changed to Status.in_game (was None)
2024-11-26 18:43:45.697 | INFO     | sc2.main:_play_game:221 - Player 1 - Bot LadderBot(Terran)
2024-11-26 18:43:46.524 | 00:00    0ms    0M    0G  12/ 15U [Version] 5.0.13.92440
2024-11-26 18:43:46.524 | 00:00    0ms    0M    0G  12/ 15U [Version] 5.0.6 Balance mod recognized.
2024-11-26 18:43:46.651 | 00:00    0ms    0M    0G  12/ 15U [ZoneManager] Map set to: MapName.Unknown from name: Hard Lead AIE and hash: 3179994.
2024-11-26 18:43:47.896 | [Start] My race: Terran
2024-11-26 18:43:47.898 | [Start] Opponent race: Zerg
2024-11-26 18:43:47.899 | [Start] OpponentId: None
2024-11-26 18:43:48.283 | 00:00   14ms    0M    0G  13/ 15U [GameAnalyzer] Income advantage is now SlightDisadvantage
2024-11-26 18:43:48.457 | 00:01   14ms    0M    0G  13/ 15U [GameAnalyzer] Income advantage is now Even
2024-11-26 18:43:52.028 | 00:15   15ms    5M    0G  13/ 15U [TerranUnit] SCV from COMMANDCENTER at (37.5, 129.5)
2024-11-26 18:43:53.320 | 00:20   15ms    0M    0G  14/ 15U [BuildGas] Building REFINERY to (41.5, 136.5)
2024-11-26 18:43:55.390 | 00:27   17ms   35M    0G  14/ 15U [TerranUnit] SCV from COMMANDCENTER at (37.5, 129.5)
2024-11-26 18:43:59.262 | 00:40   18ms    0M    0G  15/ 23U [TerranUnit] SCV from COMMANDCENTER at (37.5, 129.5)
2024-11-26 18:44:02.845 | 00:52   18ms   80M   16G  16/ 23U [TerranUnit] SCV from COMMANDCENTER at (37.5, 129.5)
2024-11-26 18:44:02.911 | 00:53   21ms   10M   16G  17/ 23U [BuildGas] Building REFINERY to (30.5, 126.5)
2024-11-26 18:44:06.524 | 01:05   22ms  105M   52G  17/ 23U [TerranUnit] SCV from COMMANDCENTER at (37.5, 129.5)
2024-11-26 18:44:10.335 | 01:17   20ms  205M   84G  18/ 23U [TerranUnit] SCV from COMMANDCENTER at (37.5, 129.5)
2024-11-26 18:44:14.697 | 01:30   20ms    0M    2G  19/ 23U [TerranUnit] REAPER from BARRACKS at (38.5, 124.5)
2024-11-26 18:44:14.907 | 01:31   21ms    5M    2G  20/ 23U [GameAnalyzer] Income advantage is now SlightAdvantage
2024-11-26 18:44:14.980 | 01:31   23ms    5M    2G  20/ 23U [GameAnalyzer] Income advantage is now Even
2024-11-26 18:44:16.303 | 01:35   20ms   70M   18G  20/ 23U [GameAnalyzer] Income advantage is now SlightAdvantage
2024-11-26 18:44:16.378 | 01:35   23ms   70M   18G  20/ 23U [GameAnalyzer] Income advantage is now Even
2024-11-26 18:44:23.585 | 01:54   30ms  190M   94G  20/ 23U [ActUnit] SCV from COMMANDCENTER at (37.5, 129.5)
2024-11-26 18:44:26.677 | 02:02   35ms  135M   26G  21/ 23U [GameAnalyzer] Known army advantage is now SlightAdvantage
2024-11-26 18:44:26.678 | 02:02   35ms  135M   26G  21/ 23U [GameAnalyzer] Predicted army advantage is now SlightAdvantage
2024-11-26 18:44:28.597 | 02:07  108ms  165M   42G  21/ 31U [ActUnit] SCV from COMMANDCENTER at (37.5, 129.5)
2024-11-26 18:44:28.875 | 02:07   33ms  180M   42G  22/ 31U [DodgeRampAttack] Supply is 22 -> attack!
2024-11-26 18:44:28.877 | 02:07   33ms  180M   42G  22/ 31U [DodgeRampAttack] Attack started at 1.00 power.
2024-11-26 18:44:29.151 | 02:08   41ms  145M    0G  22/ 31U [TerranUnit] REAPER from BARRACKS at (38.5, 124.5)
2024-11-26 18:44:30.563 | 02:11  102ms  105M    8G  23/ 31U [TerranUnit] HELLION from FACTORY at (45.5, 128.5)
2024-11-26 18:44:30.978 | 02:13   29ms  135M   16G  25/ 31U [GameAnalyzer] Income advantage is now SlightAdvantage
2024-11-26 18:44:31.082 | 02:13   39ms  135M   16G  25/ 31U [GameAnalyzer] Income advantage is now Even
2024-11-26 18:44:31.329 | 02:13   29ms  140M   20G  25/ 31U [GameAnalyzer] Income advantage is now SlightAdvantage
2024-11-26 18:44:31.485 | 02:14   29ms  145M   20G  25/ 31U [GameAnalyzer] Income advantage is now Even
2024-11-26 18:44:32.743 | 02:17   31ms  225M   32G  25/ 31U [GameAnalyzer] Income advantage is now SlightAdvantage
2024-11-26 18:44:32.907 | 02:17   28ms  230M   36G  25/ 31U [GameAnalyzer] Income advantage is now Even
2024-11-26 18:44:32.986 | 02:18   33ms  230M   36G  25/ 31U [GameAnalyzer] Income advantage is now SlightAdvantage
2024-11-26 18:44:33.071 | 02:18   29ms  230M   36G  25/ 31U [GameAnalyzer] Income advantage is now Even
2024-11-26 18:44:33.306 | 02:19   30ms  240M   40G  25/ 31U [GameAnalyzer] Income advantage is now SlightAdvantage
2024-11-26 18:44:33.396 | 02:19   31ms  240M   40G  25/ 31U [GameAnalyzer] Income advantage is now Even
2024-11-26 18:44:33.398 | 02:19   31ms  190M   40G  25/ 31U [ActUnit] SCV from COMMANDCENTER at (37.5, 129.5)
2024-11-26 18:44:33.638 | 02:19   30ms  200M   40G  26/ 31U [GameAnalyzer] Income advantage is now SlightAdvantage
2024-11-26 18:44:33.799 | 02:20   30ms  205M   44G  26/ 31U [GameAnalyzer] Income advantage is now Even
2024-11-26 18:44:33.958 | 02:20   34ms  215M   48G  26/ 31U [GameAnalyzer] Income advantage is now SlightAdvantage
2024-11-26 18:44:34.124 | 02:21   31ms  220M   48G  26/ 31U [GameAnalyzer] Income advantage is now Even
2024-11-26 18:44:34.359 | 02:21   30ms  230M   52G  26/ 31U [GameAnalyzer] Income advantage is now SlightAdvantage
2024-11-26 18:44:34.449 | 02:21   31ms  235M   52G  26/ 31U [GameAnalyzer] Income advantage is now Even
2024-11-26 18:44:34.690 | 02:22   32ms  245M   52G  26/ 31U [GameAnalyzer] Income advantage is now SlightAdvantage
2024-11-26 18:44:35.019 | 02:23   30ms  270M   56G  26/ 31U [GameAnalyzer] Income advantage is now Even
2024-11-26 18:44:35.110 | 02:23   31ms  275M   56G  26/ 31U [GameAnalyzer] Income advantage is now SlightAdvantage
2024-11-26 18:44:35.206 | 02:23   34ms  280M   60G  26/ 31U [GameAnalyzer] Income advantage is now Even
2024-11-26 18:44:35.369 | 02:24   33ms  290M   60G  26/ 31U [GameAnalyzer] Income advantage is now SlightAdvantage
2024-11-26 18:44:35.471 | 02:24   36ms  295M   60G  26/ 31U [GameAnalyzer] Income advantage is now Even
2024-11-26 18:44:35.746 | 02:25   31ms  305M   64G  26/ 31U [GameAnalyzer] Income advantage is now SlightAdvantage
2024-11-26 18:44:35.832 | 02:25   34ms  305M   68G  26/ 31U [GameAnalyzer] Income advantage is now Even
2024-11-26 18:44:36.260 | 02:26   31ms  330M   68G  26/ 31U [GameAnalyzer] Income advantage is now SlightAdvantage
2024-11-26 18:44:36.435 | 02:26   33ms  335M   68G  26/ 31U [GameAnalyzer] Income advantage is now Even
2024-11-26 18:44:36.686 | 02:27   32ms  340M   72G  26/ 31U [GameAnalyzer] Income advantage is now SlightAdvantage
2024-11-26 18:44:36.859 | 02:27   29ms  340M   76G  26/ 31U [GameAnalyzer] Income advantage is now Even
2024-11-26 18:44:36.860 | 02:27   29ms  340M   76G  26/ 31U [ChatManager] Tag:E_zergling
2024-11-26 18:44:37.345 | 02:29   37ms  370M   80G  26/ 31U [GameAnalyzer] Income advantage is now SlightAdvantage
2024-11-26 18:44:37.442 | 02:29   37ms  370M   84G  26/ 31U [GameAnalyzer] Income advantage is now Even
2024-11-26 18:44:37.711 | 02:30   35ms  375M   84G  26/ 31U [GameAnalyzer] Income advantage is now SlightAdvantage
2024-11-26 18:44:37.924 | 02:30   40ms  375M   84G  26/ 31U [GameAnalyzer] Income advantage is now Even
2024-11-26 18:44:38.111 | 02:30   36ms  415M   84G  26/ 31U [Expand] Expanding to (65.5, 133.5)
2024-11-26 18:44:38.209 | 02:31   35ms   25M   84G  26/ 31U [GameAnalyzer] Income advantage is now SlightAdvantage
2024-11-26 18:44:38.555 | 02:31   36ms   30M   88G  26/ 31U [GameAnalyzer] Income advantage is now Even
2024-11-26 18:44:39.022 | 02:32   39ms   35M   92G  26/ 31U [GameAnalyzer] Income advantage is now SlightDisadvantage
2024-11-26 18:44:39.323 | 02:33   43ms   10M  100G  26/ 31U [ActUnit] SCV from COMMANDCENTER at (37.5, 129.5)
2024-11-26 18:44:40.388 | 02:36   38ms   40M  108G  27/ 31U [GameAnalyzer] Income advantage is now Even
2024-11-26 18:44:40.585 | 02:36   42ms   40M  108G  27/ 31U [GameAnalyzer] Income advantage is now SlightDisadvantage
2024-11-26 18:44:40.854 | 02:36   41ms   45M  108G  27/ 31U [GameAnalyzer] Income advantage is now Even
2024-11-26 18:44:40.959 | 02:37  118ms   45M  108G  27/ 31U [GameAnalyzer] Income advantage is now SlightDisadvantage
2024-11-26 18:44:41.611 | 02:38   37ms   95M  116G  27/ 31U [GameAnalyzer] Income advantage is now Even
2024-11-26 18:44:41.807 | 02:39   44ms    0M  116G  27/ 31U [TerranUnit] HELLION from FACTORY at (45.5, 128.5)
2024-11-26 18:44:42.654 | 02:41   40ms   35M  128G  29/ 31U [GameAnalyzer] Income advantage is now SlightAdvantage
2024-11-26 18:44:42.774 | 02:41   44ms   35M  128G  29/ 31U [GameAnalyzer] Income advantage is now Even
2024-11-26 18:44:43.235 | 02:42   44ms   45M  132G  29/ 31U [GameAnalyzer] Income advantage is now SlightAdvantage
2024-11-26 18:44:43.330 | 02:42   43ms    0M   82G  29/ 31U [TerranUnit] REAPER from BARRACKS at (38.5, 124.5)
2024-11-26 18:44:43.427 | 02:42   40ms    0M   82G  30/ 31U [GameAnalyzer] Income advantage is now Even
2024-11-26 18:44:43.912 | 02:43   37ms   20M   86G  30/ 31U [GameAnalyzer] Income advantage is now SlightAdvantage
2024-11-26 18:44:43.914 | 02:43   37ms   20M   86G  30/ 31U [ChatManager] Tag:E_queen
2024-11-26 18:44:43.936 | 02:43   37ms   20M   86G  30/ 31U [DodgeRampAttack] Retreat started at 1.00 own local power against 2.00 enemy local power.
2024-11-26 18:44:44.171 | 02:44   48ms   45M   90G  30/ 31U [GameAnalyzer] Income advantage is now Even
2024-11-26 18:44:44.880 | 02:45   41ms   75M   98G  30/ 31U [GameAnalyzer] Income advantage is now SlightAdvantage
2024-11-26 18:44:44.882 | 02:45   41ms   25M   98G  30/ 31U [ActUnit] SCV from COMMANDCENTER at (37.5, 129.5)
2024-11-26 18:44:45.081 | 02:46   48ms   25M   98G  31/ 31U [GameAnalyzer] Income advantage is now Even
2024-11-26 18:44:45.451 | 02:46   41ms   40M  102G  31/ 31U [GameAnalyzer] Income advantage is now SlightAdvantage
2024-11-26 18:44:45.642 | 02:47   40ms   40M  106G  31/ 31U [GameAnalyzer] Income advantage is now Even
2024-11-26 18:44:45.838 | 02:47   39ms   40M  106G  31/ 31U [GameAnalyzer] Income advantage is now SlightAdvantage
2024-11-26 18:44:46.028 | 02:48   42ms   50M  110G  31/ 31U [GameAnalyzer] Income advantage is now Even
2024-11-26 18:44:46.316 | 02:48   40ms   65M  114G  31/ 31U [GameAnalyzer] Income advantage is now SlightAdvantage
2024-11-26 18:44:46.517 | 02:49   40ms   70M  118G  31/ 31U [GameAnalyzer] Income advantage is now Even
2024-11-26 18:44:46.815 | 02:50   45ms   80M  118G  31/ 31U [GameAnalyzer] Income advantage is now SlightAdvantage
2024-11-26 18:44:47.203 | 02:50   40ms   15M  126G  31/ 31U [GameAnalyzer] Income advantage is now Even
2024-11-26 18:44:47.489 | 02:51   42ms   30M  126G  31/ 31U [GameAnalyzer] Income advantage is now SlightAdvantage
2024-11-26 18:44:47.660 | 02:51   46ms   30M  130G  31/ 31U [GameAnalyzer] Income advantage is now Even
2024-11-26 18:44:47.942 | 02:52   37ms   40M  134G  31/ 31U [GameAnalyzer] Income advantage is now SlightAdvantage
2024-11-26 18:44:48.129 | 02:52   42ms   40M  134G  31/ 31U [GameAnalyzer] Income advantage is now Even
2024-11-26 18:44:48.344 | 02:53   37ms   50M  138G  31/ 31U [BuildAddon] UnitTypeId.FACTORYREACTOR to (43.0, 121.0)
2024-11-26 18:44:48.914 | 02:54   37ms   25M   96G  31/ 31U [GameAnalyzer] Income advantage is now SlightAdvantage
2024-11-26 18:44:49.009 | 02:55   41ms   25M   96G  31/ 31U [GameAnalyzer] Income advantage is now Even
2024-11-26 18:44:49.406 | 02:55   39ms   45M  100G  31/ 31U [GameAnalyzer] Income advantage is now SlightAdvantage
2024-11-26 18:44:49.607 | 02:56   42ms   45M  104G  31/ 31U [GameAnalyzer] Income advantage is now Even
2024-11-26 18:44:49.877 | 02:56   38ms   55M  108G  31/ 31U [GameAnalyzer] Income advantage is now SlightAdvantage
2024-11-26 18:44:50.174 | 02:57   40ms   80M  108G  31/ 31U [GameAnalyzer] Income advantage is now Even
2024-11-26 18:44:51.573 | 03:00   42ms   40M  124G  31/ 31U [GameAnalyzer] Known army advantage is now SmallAdvantage
2024-11-26 18:44:51.575 | 03:00   42ms   40M  124G  31/ 31U [GameAnalyzer] Predicted army advantage is now SmallAdvantage
2024-11-26 18:44:51.987 | 03:01   45ms   50M  132G  31/ 31U [GameAnalyzer] Income advantage is now SlightAdvantage
2024-11-26 18:44:52.185 | 03:01   47ms   50M  132G  31/ 31U [GameAnalyzer] Income advantage is now Even
2024-11-26 18:44:52.723 | 03:02   47ms   65M  140G  31/ 31U [GameAnalyzer] Income advantage is now SlightAdvantage
2024-11-26 18:44:52.836 | 03:03   45ms   70M  140G  31/ 31U [GameAnalyzer] Income advantage is now Even
2024-11-26 18:44:53.118 | 03:03   41ms   80M  144G  31/ 31U [GameAnalyzer] Income advantage is now SlightAdvantage
2024-11-26 18:44:53.221 | 03:03   42ms   80M  144G  31/ 31U [GameAnalyzer] Income advantage is now Even
2024-11-26 18:44:53.238 | 03:03   42ms   80M  144G  31/ 31U [DodgeRampAttack] Retreat stopped.
2024-11-26 18:44:53.339 | 03:04   47ms   80M  148G  31/ 31U [DodgeRampAttack] Power 6.00 is larger than required attack power 4.00 -> attack!
2024-11-26 18:44:53.341 | 03:04   47ms   80M  148G  31/ 31U [DodgeRampAttack] Attack started at 6.00 power.
2024-11-26 18:44:53.535 | 03:04   43ms  100M  148G  31/ 31U [GameAnalyzer] Income advantage is now SlightAdvantage
2024-11-26 18:44:53.744 | 03:05   45ms  100M  152G  31/ 31U [GameAnalyzer] Income advantage is now Even
2024-11-26 18:44:54.047 | 03:05   43ms  110M  156G  31/ 31U [GameAnalyzer] Income advantage is now SlightAdvantage
2024-11-26 18:44:54.259 | 03:06   40ms  110M  156G  31/ 31U [GameAnalyzer] Income advantage is now Even
2024-11-26 18:44:55.157 | 03:07   39ms   20M   64G  31/ 31U [GameAnalyzer] Income advantage is now SlightAdvantage
2024-11-26 18:44:55.386 | 03:08   40ms   20M   68G  31/ 31U [GameAnalyzer] Income advantage is now Even
2024-11-26 18:44:56.275 | 03:09   39ms   50M   76G  31/ 31U [BuildAddon] UnitTypeId.FACTORYTECHLAB to (48.0, 128.0)
2024-11-26 18:44:58.548 | 03:14   47ms  100M   79G  31/ 31U [GameAnalyzer] Income advantage is now SlightAdvantage
2024-11-26 18:44:58.651 | 03:15   46ms  100M   79G  31/ 31U [GameAnalyzer] Income advantage is now Even
2024-11-26 18:44:59.566 | 03:16   45ms  120M   91G  31/ 31U [GameAnalyzer] Income advantage is now SlightAdvantage
2024-11-26 18:44:59.672 | 03:17   44ms  120M   91G  31/ 31U [GameAnalyzer] Income advantage is now Even
2024-11-26 18:44:59.889 | 03:17   42ms   75M   95G  31/ 39U [ActUnit] SCV from COMMANDCENTER at (37.5, 129.5)
2024-11-26 18:45:01.826 | 03:21   52ms  140M  115G  32/ 39U [GameAnalyzer] Income advantage is now SlightAdvantage
2024-11-26 18:45:01.938 | 03:21   47ms  140M  115G  32/ 39U [GameAnalyzer] Income advantage is now Even
2024-11-26 18:45:05.210 | 03:27   49ms  165M  151G  32/ 47U [TerranUnit] HELLION from FACTORY at (45.5, 128.5)
2024-11-26 18:45:05.987 | 03:29   44ms  205M  159G  34/ 47U [GameAnalyzer] Income advantage is now SlightDisadvantage
2024-11-26 18:45:06.114 | 03:29   49ms  220M  159G  34/ 47U [GameAnalyzer] Income advantage is now Even
2024-11-26 18:45:06.242 | 03:29   51ms  175M  159G  34/ 47U [ActUnit] SCV from COMMANDCENTER at (37.5, 129.5)
2024-11-26 18:45:08.477 | 03:33   48ms  225M  183G  35/ 47U [GameAnalyzer] Income advantage is now SlightDisadvantage
2024-11-26 18:45:08.681 | 03:34   47ms  235M  183G  35/ 47U [GameAnalyzer] Income advantage is now Even
2024-11-26 18:45:10.091 | 03:36   42ms  205M  199G  35/ 47U [TerranUnit] HELLION from FACTORY at (41.5, 116.5)
2024-11-26 18:45:10.096 | 03:36   42ms  205M  199G  35/ 47U [BuildAddon] UnitTypeId.FACTORYREACTOR to (44.0, 116.0)
2024-11-26 18:45:10.221 | 03:37   50ms  155M  199G  37/ 47U [TerranUnit] MARINE from BARRACKS at (40.5, 121.5)
2024-11-26 18:45:10.406 | 03:37   60ms  115M  199G  38/ 47U [TerranUnit] MARINE from BARRACKS at (40.5, 121.5)
2024-11-26 18:45:12.870 | 03:42   47ms  135M  227G  39/ 47U [ActUnit] SCV from COMMANDCENTER at (37.5, 129.5)
2024-11-26 18:45:16.949 | 03:49   49ms  150M  142G  40/ 47U [TerranUnit] SIEGETANK from FACTORY at (45.5, 128.5)
2024-11-26 18:45:17.639 | 03:50   53ms   25M  150G  43/ 62U [GameAnalyzer] Income advantage is now SlightAdvantage
2024-11-26 18:45:17.909 | 03:51   48ms   35M  150G  43/ 62U [GameAnalyzer] Income advantage is now Even
2024-11-26 18:45:18.033 | 03:51   44ms   40M  154G  43/ 62U [GameAnalyzer] Income advantage is now SlightAdvantage
2024-11-26 18:45:18.165 | 03:51   49ms   40M  154G  43/ 62U [GameAnalyzer] Income advantage is now Even
2024-11-26 18:45:18.403 | 03:52   46ms   50M  154G  43/ 62U [GameAnalyzer] Income advantage is now SlightAdvantage
2024-11-26 18:45:18.525 | 03:52   47ms   50M  158G  43/ 62U [GameAnalyzer] Income advantage is now Even
2024-11-26 18:45:18.644 | 03:52   50ms   55M  158G  43/ 62U [GameAnalyzer] Income advantage is now SlightAdvantage
2024-11-26 18:45:19.129 | 03:53   48ms   65M  162G  43/ 62U [GameAnalyzer] Income advantage is now Even
2024-11-26 18:45:19.377 | 03:53   48ms   80M  166G  43/ 62U [GameAnalyzer] Income advantage is now SlightAdvantage
2024-11-26 18:45:19.638 | 03:54   46ms   40M  170G  43/ 62U [ActUnit] SCV from COMMANDCENTER at (37.5, 129.5)
2024-11-26 18:45:19.771 | 03:54   54ms   45M  170G  44/ 62U [GameAnalyzer] Income advantage is now Even
2024-11-26 18:45:19.976 | 03:54   49ms   45M  170G  44/ 62U [GameAnalyzer] Income advantage is now SlightAdvantage
2024-11-26 18:45:20.238 | 03:55   52ms   45M  174G  44/ 62U [GameAnalyzer] Known army advantage is now ClearAdvantage
2024-11-26 18:45:20.239 | 03:55   52ms   45M  174G  44/ 62U [GameAnalyzer] Predicted army advantage is now ClearAdvantage
2024-11-26 18:45:20.377 | 03:55   52ms   50M  174G  44/ 62U [GameAnalyzer] Income advantage is now Even
2024-11-26 18:45:20.383 | 03:55   52ms    0M  174G  44/ 62U [TerranUnit] MARINE from BARRACKS at (40.5, 121.5)
2024-11-26 18:45:20.528 | 03:55   53ms    5M  178G  45/ 62U [GameAnalyzer] Income advantage is now SlightAdvantage
2024-11-26 18:45:21.556 | 03:57   45ms   10M  186G  45/ 62U [TerranUnit] MARINE from BARRACKS at (40.5, 121.5)
2024-11-26 18:45:22.917 | 03:59   51ms   60M  198G  46/ 62U [GameAnalyzer] Income advantage is now SmallAdvantage
2024-11-26 18:45:23.056 | 03:59   58ms   65M  198G  46/ 62U [GameAnalyzer] Income advantage is now SlightAdvantage
2024-11-26 18:45:27.275 | 04:06   55ms  175M  234G  46/ 62U [ActUnit] SCV from COMMANDCENTER at (37.5, 129.5)
2024-11-26 18:45:28.350 | 04:08   57ms  200M  242G  47/ 62U [GameAnalyzer] Income advantage is now Even
2024-11-26 18:45:28.493 | 04:08  138ms  200M  246G  47/ 62U [GameAnalyzer] Income advantage is now SlightAdvantage
2024-11-26 18:45:30.404 | 04:11   58ms  300M  262G  47/ 62U [BuildAddon] UnitTypeId.FACTORYREACTOR to (44.0, 116.0)
2024-11-26 18:45:31.651 | 04:13   64ms  240M  220G  47/ 62U [TerranUnit] MARINE from BARRACKS at (40.5, 121.5)
2024-11-26 18:45:33.083 | 04:15   61ms  235M  232G  48/ 62U [TerranUnit] MARINE from BARRACKS at (40.5, 121.5)
2024-11-26 18:45:33.226 | 04:15   62ms  185M  232G  49/ 62U [ActUnit] SCV from COMMANDCENTER at (65.5, 133.5)
2024-11-26 18:45:33.373 | 04:15   60ms  190M  236G  50/ 62U [GameAnalyzer] Income advantage is now Even
2024-11-26 18:45:33.513 | 04:16   58ms  200M  236G  50/ 62U [GameAnalyzer] Income advantage is now SlightAdvantage
2024-11-26 18:45:34.160 | 04:16   67ms  245M  240G  50/ 62U [GameAnalyzer] Income advantage is now Even
2024-11-26 18:45:34.580 | 04:17   57ms  260M  244G  50/ 62U [GameAnalyzer] Income advantage is now SlightAdvantage
2024-11-26 18:45:34.874 | 04:18   61ms  270M  248G  50/ 62U [GameAnalyzer] Income advantage is now Even
2024-11-26 18:45:35.013 | 04:18   60ms  270M  248G  50/ 62U [GameAnalyzer] Income advantage is now SlightAdvantage
2024-11-26 18:45:35.435 | 04:18   56ms  245M  252G  50/ 62U [ActUnit] SCV from COMMANDCENTER at (37.5, 129.5)
2024-11-26 18:45:36.008 | 04:19   70ms  260M  256G  51/ 62U [GameAnalyzer] Income advantage is now SmallAdvantage
2024-11-26 18:45:36.186 | 04:19   89ms  260M  256G  51/ 62U [GameAnalyzer] Income advantage is now SlightAdvantage
2024-11-26 18:45:37.366 | 04:21   57ms  300M  264G  51/ 62U [BuildAddon] UnitTypeId.STARPORTTECHLAB to (49.0, 132.0)
2024-11-26 18:45:37.509 | 04:21   62ms  250M  243G  51/ 62U [GameAnalyzer] Income advantage is now Even
2024-11-26 18:45:37.749 | 04:22   68ms  260M  243G  51/ 62U [GameAnalyzer] Income advantage is now SlightAdvantage
2024-11-26 18:45:38.330 | 04:22   58ms  275M  247G  51/ 62U [GameAnalyzer] Income advantage is now Even
2024-11-26 18:45:38.484 | 04:23   65ms  285M  251G  51/ 62U [GameAnalyzer] Income advantage is now SlightAdvantage
2024-11-26 18:45:38.946 | 04:23   61ms  175M  130G  51/ 62U [TerranUnit] SIEGETANK from FACTORY at (45.5, 128.5)
2024-11-26 18:45:39.601 | 04:24   61ms  190M  134G  54/ 62U [GameAnalyzer] Income advantage is now SmallAdvantage
2024-11-26 18:45:39.745 | 04:24   59ms  190M  134G  54/ 62U [GameAnalyzer] Income advantage is now SlightAdvantage
2024-11-26 18:45:39.898 | 04:25   68ms  190M  138G  54/ 62U [GameAnalyzer] Income advantage is now Even
2024-11-26 18:45:40.051 | 04:25   66ms  225M  138G  54/ 62U [GameAnalyzer] Income advantage is now SlightAdvantage
2024-11-26 18:45:40.658 | 04:26   60ms  150M  142G  54/ 62U [GameAnalyzer] Income advantage is now Even
2024-11-26 18:45:40.807 | 04:26   78ms  155M  142G  54/ 62U [GameAnalyzer] Income advantage is now SlightAdvantage
2024-11-26 18:45:41.111 | 04:26   61ms  170M  146G  54/ 62U [GameAnalyzer] Income advantage is now Even
2024-11-26 18:45:41.262 | 04:27   64ms  175M  146G  54/ 62U [GameAnalyzer] Income advantage is now SlightAdvantage
2024-11-26 18:45:41.786 | 04:27   61ms  140M  150G  54/ 62U [ActUnit] SCV from COMMANDCENTER at (65.5, 133.5)
2024-11-26 18:45:43.683 | 04:30   62ms  225M  166G  55/ 62U [GameAnalyzer] Income advantage is now Even
2024-11-26 18:45:43.855 | 04:30   73ms  235M  166G  55/ 62U [GameAnalyzer] Income advantage is now SlightAdvantage
2024-11-26 18:45:44.308 | 04:31  150ms  250M  170G  55/ 62U [GameAnalyzer] Income advantage is now SmallAdvantage
2024-11-26 18:45:44.310 | 04:31  150ms  200M  170G  55/ 62U [ActUnit] SCV from COMMANDCENTER at (37.5, 129.5)
2024-11-26 18:45:44.314 | 04:31  150ms  150M  170G  55/ 62U [TerranUnit] MARINE from BARRACKS at (40.5, 121.5)
2024-11-26 18:45:44.467 | 04:31   86ms  150M  170G  57/ 62U [GameAnalyzer] Income advantage is now SlightAdvantage
2024-11-26 18:45:45.817 | 04:33   69ms  160M  178G  57/ 62U [TerranUnit] MARINE from BARRACKS at (40.5, 121.5)
2024-11-26 18:45:47.032 | 04:35   65ms  205M  190G  58/ 62U [GameAnalyzer] Income advantage is now Even
2024-11-26 18:45:47.258 | 04:35   72ms  210M  190G  58/ 62U [GameAnalyzer] Income advantage is now SlightAdvantage
2024-11-26 18:45:50.168 | 04:39   64ms  245M   64G  58/ 62U [TerranUnit] RAVEN from STARPORT at (46.5, 132.5)
2024-11-26 18:45:50.315 | 04:39   66ms  275M   64G  60/ 62U [GameAnalyzer] Income advantage is now Even
2024-11-26 18:45:50.470 | 04:39   62ms  180M   68G  60/ 62U [GameAnalyzer] Income advantage is now SlightAdvantage
2024-11-26 18:45:50.617 | 04:40   70ms  135M   68G  60/ 62U [ActUnit] SCV from COMMANDCENTER at (65.5, 133.5)
2024-11-26 18:45:51.294 | 04:41   68ms  160M   72G  61/ 62U [GameAnalyzer] Income advantage is now SmallAdvantage
2024-11-26 18:45:51.587 | 04:41   64ms  170M   76G  61/ 62U [GameAnalyzer] Income advantage is now SlightAdvantage
2024-11-26 18:45:52.042 | 04:42   69ms  180M   76G  61/ 62U [GameAnalyzer] Income advantage is now SmallAdvantage
2024-11-26 18:45:52.359 | 04:42   66ms  185M   80G  61/ 62U [GameAnalyzer] Income advantage is now SlightAdvantage
2024-11-26 18:45:53.019 | 04:43  141ms  190M   84G  61/ 62U [ActUnit] SCV from COMMANDCENTER at (37.5, 129.5)
2024-11-26 18:45:54.088 | 04:45   60ms  225M   92G  62/ 62U [GameAnalyzer] Income advantage is now Even
2024-11-26 18:45:54.377 | 04:45   62ms  240M   96G  62/ 62U [GameAnalyzer] Income advantage is now SlightAdvantage
2024-11-26 18:45:54.533 | 04:45   63ms  260M   96G  62/ 62U [GameAnalyzer] Income advantage is now ClearAdvantage
2024-11-26 18:45:54.918 | 04:46  140ms  260M  100G  62/ 62U [GameAnalyzer] Income advantage is now SmallAdvantage
2024-11-26 18:45:55.405 | 04:46   78ms  300M  104G  62/ 62U [GameAnalyzer] Income advantage is now ClearAdvantage
2024-11-26 18:45:55.911 | 04:47   88ms  160M  108G  62/ 62U [GameAnalyzer] Income advantage is now SmallAdvantage
2024-11-26 18:45:56.253 | 04:47   72ms  175M  108G  62/ 62U [GameAnalyzer] Income advantage is now ClearAdvantage
2024-11-26 18:45:56.578 | 04:48   74ms  180M  112G  62/ 62U [GameAnalyzer] Income advantage is now SmallAdvantage
2024-11-26 18:45:56.967 | 04:48  158ms  200M  116G  62/ 62U [GameAnalyzer] Income advantage is now ClearAdvantage
2024-11-26 18:45:57.441 | 04:49   73ms  215M  116G  62/ 62U [GameAnalyzer] Income advantage is now SmallAdvantage
2024-11-26 18:45:57.604 | 04:49   74ms  170M  120G  62/ 70U [TerranUnit] MARINE from BARRACKS at (40.5, 121.5)
2024-11-26 18:45:57.755 | 04:49   75ms  200M  120G  63/ 70U [GameAnalyzer] Income advantage is now ClearAdvantage
2024-11-26 18:45:57.914 | 04:50   75ms  210M  124G  63/ 70U [GameAnalyzer] Income advantage is now SmallAdvantage
2024-11-26 18:45:58.390 | 04:50   81ms  225M  124G  63/ 70U [GameAnalyzer] Income advantage is now ClearAdvantage
2024-11-26 18:45:58.549 | 04:51   72ms  180M  124G  63/ 70U [TerranUnit] MARINE from BARRACKS at (40.5, 121.5)
2024-11-26 18:45:58.779 | 04:51   71ms  185M  128G  64/ 70U [GameAnalyzer] Income advantage is now SmallAdvantage
2024-11-26 18:45:59.082 | 04:51   66ms  205M  132G  63/ 70U [GameAnalyzer] Income advantage is now ClearAdvantage
2024-11-26 18:45:59.540 | 04:52   77ms  215M  132G  63/ 70U [GameAnalyzer] Income advantage is now SmallAdvantage
2024-11-26 18:45:59.542 | 04:52   77ms  165M  132G  63/ 70U [ActUnit] SCV from COMMANDCENTER at (65.5, 133.5)
2024-11-26 18:45:59.710 | 04:52   71ms  170M  136G  64/ 70U [GameAnalyzer] Income advantage is now ClearAdvantage
2024-11-26 18:46:00.622 | 04:53   66ms  220M  140G  64/ 70U [GameAnalyzer] Income advantage is now SmallAdvantage
2024-11-26 18:46:01.096 | 04:54  248ms  245M  144G  64/ 70U [GameAnalyzer] Income advantage is now ClearAdvantage
2024-11-26 18:46:01.552 | 04:55   66ms  155M  148G  64/ 70U [GameAnalyzer] Income advantage is now SmallAdvantage
2024-11-26 18:46:02.007 | 04:55   68ms  180M  152G  64/ 70U [GameAnalyzer] Income advantage is now ClearAdvantage
2024-11-26 18:46:02.009 | 04:55   68ms  130M  152G  64/ 70U [ActUnit] SCV from COMMANDCENTER at (37.5, 129.5)
2024-11-26 18:46:02.189 | 04:55   70ms  135M  152G  65/ 70U [GameAnalyzer] Known army advantage is now OverwhelmingAdvantage
2024-11-26 18:46:02.190 | 04:55   70ms  135M  152G  65/ 70U [GameAnalyzer] Predicted army advantage is now OverwhelmingAdvantage
2024-11-26 18:46:02.528 | 04:56   75ms  170M  156G  65/ 70U [GameAnalyzer] Income advantage is now SmallAdvantage
2024-11-26 18:46:02.769 | 04:56   75ms  180M  156G  65/ 70U [GameAnalyzer] Income advantage is now ClearAdvantage
2024-11-26 18:46:03.264 | 04:57   76ms  190M  160G  65/ 70U [GameAnalyzer] Income advantage is now SmallAdvantage
2024-11-26 18:46:03.417 | 04:57   76ms  195M  160G  65/ 70U [GameAnalyzer] Income advantage is now ClearAdvantage
2024-11-26 18:46:04.036 | 04:58   69ms  215M  164G  65/ 70U [GameAnalyzer] Income advantage is now SmallAdvantage
2024-11-26 18:46:04.198 | 04:58   75ms  220M  168G  65/ 70U [GameAnalyzer] Income advantage is now ClearAdvantage
2024-11-26 18:46:04.592 | 04:59  150ms  230M  172G  65/ 70U [GameAnalyzer] Income advantage is now SmallAdvantage
2024-11-26 18:46:04.905 | 04:59   77ms  250M  172G  65/ 70U [GameAnalyzer] Income advantage is now ClearAdvantage
2024-11-26 18:46:05.068 | 04:59   74ms  250M  172G  65/ 70U [GameAnalyzer] Income advantage is now SmallAdvantage
2024-11-26 18:46:05.391 | 05:00   80ms  260M  176G  65/ 70U [ChatManager] Tag:E_Macro
2024-11-26 18:46:05.557 | 05:00   72ms  150M  126G  65/ 70U [TerranUnit] CYCLONE from FACTORY at (41.5, 116.5)
2024-11-26 18:46:05.703 | 05:00   77ms  160M  130G  67/ 70U [GameAnalyzer] Income advantage is now ClearAdvantage
2024-11-26 18:46:05.859 | 05:00   73ms  160M  130G  67/ 70U [ChatManager] Tag:E_roach
2024-11-26 18:46:06.023 | 05:01   73ms  190M  130G  67/ 70U [GameAnalyzer] Income advantage is now SmallAdvantage
2024-11-26 18:46:06.421 | 05:01   74ms  210M  134G  67/ 70U [GameAnalyzer] Income advantage is now ClearAdvantage
2024-11-26 18:46:07.696 | 05:03   73ms  260M  142G  67/ 70U [GameAnalyzer] Income advantage is now SmallAdvantage
2024-11-26 18:46:07.881 | 05:03   92ms  275M  146G  67/ 70U [GameAnalyzer] Income advantage is now ClearAdvantage
2024-11-26 18:46:08.222 | 05:04   73ms  280M  146G  67/ 78U [GameAnalyzer] Income advantage is now SmallAdvantage
2024-11-26 18:46:08.626 | 05:04   70ms  315M  150G  67/ 78U [GameAnalyzer] Income advantage is now ClearAdvantage
2024-11-26 18:46:08.634 | 05:04   70ms  165M   25G  67/ 78U [TerranUnit] SIEGETANK from FACTORY at (45.5, 128.5)
2024-11-26 18:46:08.797 | 05:04   79ms  115M   25G  70/ 78U [ActUnit] SCV from COMMANDCENTER at (65.5, 133.5)
2024-11-26 18:46:09.486 | 05:05   75ms  140M   29G  71/ 78U [GameAnalyzer] Income advantage is now SmallAdvantage
2024-11-26 18:46:09.648 | 05:05   75ms  145M   29G  71/ 78U [GameAnalyzer] Income advantage is now ClearAdvantage
2024-11-26 18:46:10.746 | 05:07   71ms  180M   41G  71/ 78U [GameAnalyzer] Income advantage is now SmallAdvantage
2024-11-26 18:46:10.903 | 05:07   73ms  190M   41G  71/ 78U [GameAnalyzer] Income advantage is now ClearAdvantage
2024-11-26 18:46:10.910 | 05:07   73ms  140M   41G  71/ 78U [TerranUnit] MARINE from BARRACKS at (40.5, 121.5)
2024-11-26 18:46:11.220 | 05:08   69ms  140M   45G  72/ 78U [GameAnalyzer] Income advantage is now SmallAdvantage
2024-11-26 18:46:11.221 | 05:08   69ms   90M   45G  72/ 78U [ActUnit] SCV from COMMANDCENTER at (37.5, 129.5)
2024-11-26 18:46:11.372 | 05:08   77ms   95M   45G  73/ 78U [GameAnalyzer] Income advantage is now ClearAdvantage
2024-11-26 18:46:11.851 | 05:08   73ms  114M   49G  73/ 78U [GameAnalyzer] Income advantage is now SmallAdvantage
2024-11-26 18:46:11.859 | 05:08   73ms   64M   49G  73/ 78U [TerranUnit] MARINE from BARRACKS at (40.5, 121.5)
2024-11-26 18:46:12.021 | 05:09   85ms   64M   49G  74/ 78U [ChatManager] Tag:E_overlord
2024-11-26 18:46:12.584 | 05:09   75ms   84M   53G  74/ 78U [GameAnalyzer] Income advantage is now ClearAdvantage
2024-11-26 18:46:12.764 | 05:10  154ms   89M   53G  74/ 78U [GameAnalyzer] Income advantage is now SmallAdvantage
2024-11-26 18:46:14.112 | 05:11   77ms  144M   65G  74/ 78U [GameAnalyzer] Income advantage is now ClearAdvantage
2024-11-26 18:46:15.213 | 05:13   74ms  152M   69G  74/ 78U [GameAnalyzer] Predicted army advantage is now SmallDisadvantage
2024-11-26 18:46:15.704 | 05:13   79ms  169M   77G  73/ 78U [GameAnalyzer] Predicted army advantage is now Even
2024-11-26 18:46:15.896 | 05:14   85ms  199M   77G  73/ 78U [GameAnalyzer] Income advantage is now SmallAdvantage
2024-11-26 18:46:16.068 | 05:14   99ms  201M   77G  73/ 78U [GameAnalyzer] Income advantage is now ClearAdvantage
2024-11-26 18:46:16.243 | 05:14   80ms  206M   77G  73/ 78U [GameAnalyzer] Income advantage is now SmallAdvantage
2024-11-26 18:46:16.587 | 05:14   79ms  219M   81G  73/ 78U [GameAnalyzer] Income advantage is now ClearAdvantage
2024-11-26 18:46:18.133 | 05:16   75ms  219M   93G  73/ 78U [ActUnit] SCV from COMMANDCENTER at (65.5, 133.5)
2024-11-26 18:46:19.129 | 05:18   71ms  244M  101G  74/ 78U [EnemyArmyPredicter] Predicting negative free minerals for enemy: -1595
2024-11-26 18:46:19.131 | 05:18   71ms  244M  101G  74/ 78U [GameAnalyzer] Predicted army advantage is now OverwhelmingAdvantage
2024-11-26 18:46:20.771 | 05:20   77ms  259M  109G  73/ 86U [ActUnit] SCV from COMMANDCENTER at (37.5, 129.5)
2024-11-26 18:46:22.791 | 05:22   84ms  224M   25G  74/ 86U [TerranUnit] MEDIVAC from STARPORT at (46.5, 132.5)
2024-11-26 18:46:23.287 | 05:23   73ms  239M   25G  76/ 86U [EnemyArmyPredicter] Predicting negative free minerals for enemy: -1290
2024-11-26 18:46:24.776 | 05:25   79ms  128M   37G  76/ 86U [TerranUnit] MARINE from BARRACKS at (40.5, 121.5)
2024-11-26 18:46:25.907 | 05:26   84ms   99M   45G  77/ 86U [TerranUnit] MARINE from BARRACKS at (40.5, 121.5)
2024-11-26 18:46:27.368 | 05:28   82ms  137M   57G  78/ 86U [EnemyArmyPredicter] Predicting negative free minerals for enemy: -1285
2024-11-26 18:46:27.904 | 05:29   86ms  102M   57G  78/ 86U [ActUnit] SCV from COMMANDCENTER at (65.5, 133.5)
2024-11-26 18:46:30.637 | 05:32   81ms  132M   77G  79/ 86U [ActUnit] SCV from COMMANDCENTER at (37.5, 129.5)
2024-11-26 18:46:31.632 | 05:33   91ms  162M   81G  80/ 86U [EnemyArmyPredicter] Predicting negative free minerals for enemy: -1275
2024-11-26 18:46:32.013 | 05:34   89ms  132M   85G  80/ 86U [TerranUnit] MARINE from BARRACKS at (38.5, 124.5)
2024-11-26 18:46:36.074 | 05:38   85ms  154M  113G  81/ 86U [EnemyArmyPredicter] Predicting negative free minerals for enemy: -1260
2024-11-26 18:46:38.608 | 05:41   94ms  161M  125G  81/ 86U [ActUnit] SCV from COMMANDCENTER at (65.5, 133.5)
2024-11-26 18:46:40.193 | 05:43   86ms  169M  137G  82/ 86U [TerranUnit] MARINE from BARRACKS at (40.5, 121.5)
2024-11-26 18:46:40.748 | 05:43   98ms  174M  137G  83/ 86U [EnemyArmyPredicter] Predicting negative free minerals for enemy: -2030
2024-11-26 18:46:41.311 | 05:44   95ms  144M  141G  83/ 86U [TerranUnit] MARINE from BARRACKS at (40.5, 121.5)
2024-11-26 18:46:41.589 | 05:44   97ms  114M  145G  84/ 86U [ActUnit] SCV from COMMANDCENTER at (37.5, 129.5)
2024-11-26 18:46:46.678 | 05:50   98ms  264M  173G  85/ 94U [GameAnalyzer] Income advantage is now SmallAdvantage
2024-11-26 18:46:46.947 | 05:50   94ms  262M  177G  85/ 94U [GameAnalyzer] Income advantage is now ClearAdvantage
2024-11-26 18:46:47.519 | 05:51   90ms  279M  177G  85/ 94U [GameAnalyzer] Income advantage is now SmallAdvantage
2024-11-26 18:46:47.913 | 05:51  100ms  296M  181G  85/ 94U [GameAnalyzer] Income advantage is now ClearAdvantage
2024-11-26 18:46:48.109 | 05:52  104ms  250M  181G  85/ 94U [TerranUnit] MARINE from BARRACKS at (38.5, 124.5)
2024-11-26 18:46:48.111 | 05:52  104ms  100M   56G  85/ 94U [TerranUnit] SIEGETANK from FACTORY at (45.5, 128.5)
2024-11-26 18:46:48.577 | 05:52   91ms  111M   60G  89/ 94U [GameAnalyzer] Income advantage is now SmallAdvantage
2024-11-26 18:46:48.768 | 05:52  170ms  120M   60G  89/ 94U [GameAnalyzer] Income advantage is now ClearAdvantage
2024-11-26 18:46:49.742 | 05:53   95ms  124M   68G  89/ 94U [ActUnit] SCV from COMMANDCENTER at (65.5, 133.5)
2024-11-26 18:46:52.671 | 05:57   93ms  164M   84G  90/ 94U [ActUnit] SCV from COMMANDCENTER at (37.5, 129.5)
2024-11-26 18:46:56.162 | 06:01  105ms  239M  108G  91/102U [TerranUnit] MARINE from BARRACKS at (40.5, 121.5)
2024-11-26 18:46:57.472 | 06:02  122ms  234M  116G  91/102U [TerranUnit] MARINE from BARRACKS at (40.5, 121.5)
2024-11-26 18:46:59.620 | 06:04   98ms  239M   28G  92/102U [TerranUnit] MEDIVAC from STARPORT at (46.5, 132.5)
2024-11-26 18:47:00.646 | 06:06  179ms  124M   32G  94/102U [ActUnit] SCV from COMMANDCENTER at (65.5, 133.5)
2024-11-26 18:47:03.525 | 06:09   88ms  109M   52G  95/102U [ActUnit] SCV from COMMANDCENTER at (37.5, 129.5)
2024-11-26 18:47:03.982 | 06:09   92ms   64M   56G  96/102U [TerranUnit] MARINE from BARRACKS at (38.5, 124.5)
2024-11-26 18:47:07.355 | 06:13   89ms  308M   76G  97/102U [GameAnalyzer] Income advantage is now OverwhelmingAdvantage
2024-11-26 18:47:11.555 | 06:18   97ms  121M  100G  97/102U [ActUnit] SCV from COMMANDCENTER at (65.5, 133.5)
2024-11-26 18:47:12.143 | 06:19   95ms  116M  104G  98/102U [TerranUnit] MARINE from BARRACKS at (40.5, 121.5)
2024-11-26 18:47:13.421 | 06:20   96ms  126M  112G  99/102U [TerranUnit] MARINE from BARRACKS at (40.5, 121.5)
2024-11-26 18:47:14.636 | 06:21   91ms  131M  120G 100/102U [ActUnit] SCV from COMMANDCENTER at (37.5, 129.5)
2024-11-26 18:47:20.220 | 06:27  103ms  266M  152G 101/102U [TerranUnit] MARINE from BARRACKS at (38.5, 124.5)
2024-11-26 18:47:23.227 | INFO     | sc2.protocol:_execute:72 - Client status changed to Status.ended (was Status.in_game)
2024-11-26 18:47:23.228 | Result: Victory
2024-11-26 18:47:23.229 | Duration: 06:30
2024-11-26 18:47:23.229 | Step time min: 13
2024-11-26 18:47:23.230 | Step time avg: 53
2024-11-26 18:47:23.231 | Step time max: 720
2024-11-26 18:47:23.232 | [LostUnitsContents] My lost units minerals and gas: (200, 50)
2024-11-26 18:47:23.233 | [LostUnitsContents] My lost units minerals by score: 150.0
2024-11-26 18:47:23.234 | [LostUnitsContents] Enemy lost units minerals and gas: (4200, 75)
2024-11-26 18:47:23.235 | [LostUnitsContents] Enemy lost units minerals by score: 4200.0
2024-11-26 18:47:23.236 | [GameAnalyzerEnd] Own units:
2024-11-26 18:47:23.237 | [GameAnalyzerEnd] SCV               total:  49 alive:  49 dead:   0 
2024-11-26 18:47:23.238 | [GameAnalyzerEnd] MARINE            total:  21 alive:  18 dead:   3 
2024-11-26 18:47:23.238 | [GameAnalyzerEnd] SUPPLYDEPOT       total:  11 alive:  11 dead:   0 
2024-11-26 18:47:23.239 | [GameAnalyzerEnd] HELLION           total:   4 alive:   4 dead:   0 
2024-11-26 18:47:23.239 | [GameAnalyzerEnd] SIEGETANK         total:   4 alive:   4 dead:   0 
2024-11-26 18:47:23.240 | [GameAnalyzerEnd] BARRACKS          total:   3 alive:   3 dead:   0 
2024-11-26 18:47:23.240 | [GameAnalyzerEnd] REAPER            total:   3 alive:   2 dead:   1 
2024-11-26 18:47:23.241 | [GameAnalyzerEnd] REFINERY          total:   2 alive:   2 dead:   0 
2024-11-26 18:47:23.241 | [GameAnalyzerEnd] MULE              total:   2 alive:   2 dead:   0 
2024-11-26 18:47:23.242 | [GameAnalyzerEnd] ORBITALCOMMAND    total:   2 alive:   2 dead:   0 
2024-11-26 18:47:23.243 | [GameAnalyzerEnd] TECHLAB           total:   2 alive:   2 dead:   0 
2024-11-26 18:47:23.243 | [GameAnalyzerEnd] FACTORY           total:   2 alive:   2 dead:   0 
2024-11-26 18:47:23.244 | [GameAnalyzerEnd] REACTOR           total:   2 alive:   2 dead:   0 
2024-11-26 18:47:23.244 | [GameAnalyzerEnd] CYCLONE           total:   1 alive:   1 dead:   0 
2024-11-26 18:47:23.245 | [GameAnalyzerEnd] STARPORT          total:   1 alive:   1 dead:   0 
2024-11-26 18:47:23.246 | [GameAnalyzerEnd] MEDIVAC           total:   1 alive:   1 dead:   0 
2024-11-26 18:47:23.246 | [GameAnalyzerEnd] RAVEN             total:   1 alive:   1 dead:   0 
2024-11-26 18:47:23.247 | [GameAnalyzerEnd] Enemy units:
2024-11-26 18:47:23.248 | [GameAnalyzerEnd] DRONE             total:  34 alive:   6 dead:  28 
2024-11-26 18:47:23.250 | [GameAnalyzerEnd] ZERGLING          total:  30 alive:   0 dead:  30 
2024-11-26 18:47:23.251 | [GameAnalyzerEnd] OVERLORD          total:   4 alive:   1 dead:   3 
2024-11-26 18:47:23.253 | [GameAnalyzerEnd] ROACH             total:   3 alive:   0 dead:   3 
2024-11-26 18:47:23.254 | [GameAnalyzerEnd] EXTRACTOR         total:   2 alive:   1 dead:   1 
2024-11-26 18:47:23.255 | [GameAnalyzerEnd] QUEEN             total:   2 alive:   0 dead:   2 
2024-11-26 18:47:23.256 | [GameAnalyzerEnd] HATCHERY          total:   2 alive:   0 dead:   2 
2024-11-26 18:47:23.257 | [GameAnalyzerEnd] ROACHWARREN       total:   1 alive:   0 dead:   1 
2024-11-26 18:47:23.258 | [GameAnalyzerEnd] SPAWNINGPOOL      total:   1 alive:   0 dead:   1 
2024-11-26 18:47:23.258 | [GameAnalyzerEnd] Minerals max 375 Average 151
2024-11-26 18:47:23.259 | [GameAnalyzerEnd] Vespene max 264 Average 94
2024-11-26 18:47:23.260 | INFO     | sc2.main:_play_game:228 - Result for player 1 - Bot LadderBot(Terran): Victory
2024-11-26 18:47:24.687 | INFO     | sc2.protocol:_execute:72 - Client status changed to Status.launched (was Status.ended)
2024-11-26 18:47:24.704 | INFO     | sc2.protocol:_execute:72 - Client status changed to Status.quit (was Status.launched)
2024-11-26 18:47:24.706 | INFO     | sc2.sc2process:_close_connection:231 - Closing connection at 49587...
2024-11-26 18:47:24.707 | INFO     | sc2.sc2process:kill_all:33 - kill_switch: Process cleanup for 1 processes
