2024-11-24 23:11:58.120 | INFO     | sc2.protocol:_execute:72 - Client status changed to Status.launched (was None)
2024-11-24 23:11:58.121 | INFO     | sc2.controller:create_game:37 - Creating new game
2024-11-24 23:11:58.122 | INFO     | sc2.controller:create_game:38 - Map:     Gresvan513AIE
2024-11-24 23:11:58.123 | INFO     | sc2.controller:create_game:39 - Players: Bot LadderBot(Terran), Computer VeryHard(Zerg, RandomBuild)
2024-11-24 23:11:58.125 | INFO     | sc2.protocol:_execute:72 - Client status changed to Status.init_game (was Status.launched)
2024-11-24 23:12:09.422 | INFO     | sc2.protocol:_execute:72 - Client status changed to Status.in_game (was None)
2024-11-24 23:12:09.423 | INFO     | sc2.main:_play_game:221 - Player 1 - Bot LadderBot(Terran)
2024-11-24 23:12:10.165 | 00:00    0ms    0M    0G  12/ 15U [Version] 5.0.13.92440
2024-11-24 23:12:10.166 | 00:00    0ms    0M    0G  12/ 15U [Version] 5.0.6 Balance mod recognized.
2024-11-24 23:12:10.325 | 00:00    0ms    0M    0G  12/ 15U [ZoneManager] Map set to: MapName.Unknown from name: GresvanAIE and hash: 3547936.
2024-11-24 23:12:11.792 | [Start] My race: Terran
2024-11-24 23:12:11.793 | [Start] Opponent race: Zerg
2024-11-24 23:12:11.794 | [Start] OpponentId: None
2024-11-24 23:12:12.138 | 00:00   13ms    0M    0G  13/ 15U [GameAnalyzer] Income advantage is now SlightDisadvantage
2024-11-24 23:12:12.254 | 00:01   14ms    0M    0G  13/ 15U [GameAnalyzer] Income advantage is now Even
2024-11-24 23:12:14.828 | 00:12   16ms   70M    0G  13/ 15U [TerranUnit] SCV from COMMANDCENTER at (38.5, 121.5)
2024-11-24 23:12:16.653 | 00:19   15ms    0M    0G  14/ 15U [BuildGas] Building REFINERY to (45.5, 124.5)
2024-11-24 23:12:17.808 | 00:24   16ms    0M    0G  14/ 15U [TerranUnit] SCV from COMMANDCENTER at (38.5, 121.5)
2024-11-24 23:12:22.096 | 00:41   18ms  130M    0G  15/ 23U [TerranUnit] SCV from COMMANDCENTER at (38.5, 121.5)
2024-11-24 23:12:25.288 | 00:53   16ms   65M   16G  16/ 23U [TerranUnit] SCV from COMMANDCENTER at (38.5, 121.5)
2024-11-24 23:12:25.355 | 00:53   17ms    5M   16G  17/ 23U [BuildGas] Building REFINERY to (42.5, 128.5)
2024-11-24 23:12:28.728 | 01:05   17ms   85M   52G  17/ 23U [TerranUnit] SCV from COMMANDCENTER at (38.5, 121.5)
2024-11-24 23:12:32.231 | 01:17   20ms  195M   84G  18/ 23U [TerranUnit] SCV from COMMANDCENTER at (38.5, 121.5)
2024-11-24 23:12:35.690 | 01:30   18ms  285M  140G  19/ 23U [ActUnit] SCV from COMMANDCENTER at (38.5, 121.5)
2024-11-24 23:12:36.125 | 01:31   19ms  295M  148G  20/ 23U [GameAnalyzer] Income advantage is now SlightAdvantage
2024-11-24 23:12:36.195 | 01:31   19ms  295M  148G  20/ 23U [GameAnalyzer] Income advantage is now Even
2024-11-24 23:12:38.273 | 01:36   24ms    0M   22G  20/ 23U [TerranUnit] REAPER from BARRACKS at (39.5, 113.5)
2024-11-24 23:12:38.497 | 01:36   28ms   10M   22G  21/ 23U [DodgeRampAttack] Supply is 21 -> attack!
2024-11-24 23:12:38.498 | 01:36   28ms   10M   22G  21/ 23U [DodgeRampAttack] Attack started at 0.00 power.
2024-11-24 23:12:38.581 | 01:37   27ms   10M   22G  21/ 23U [DodgeRampAttack] No attacking units, starting retreat
2024-11-24 23:12:41.013 | 01:44   25ms  105M   54G  21/ 23U [GameAnalyzer] Income advantage is now SlightAdvantage
2024-11-24 23:12:41.089 | 01:44   25ms  105M   54G  21/ 23U [GameAnalyzer] Income advantage is now Even
2024-11-24 23:12:42.639 | 01:48   26ms  170M   74G  21/ 23U [GameAnalyzer] Income advantage is now SlightAdvantage
2024-11-24 23:12:42.786 | 01:49   30ms  170M   74G  21/ 23U [GameAnalyzer] Income advantage is now Even
2024-11-24 23:12:45.543 | 01:57   26ms  155M    6G  21/ 23U [DodgeRampAttack] Retreat stopped.
2024-11-24 23:12:45.619 | 01:57   30ms  160M    6G  21/ 23U [DodgeRampAttack] Supply is 21 -> attack!
2024-11-24 23:12:45.620 | 01:57   30ms  160M    6G  21/ 23U [DodgeRampAttack] Attack started at 0.00 power.
2024-11-24 23:12:45.689 | 01:57   26ms  165M    6G  21/ 23U [DodgeRampAttack] No attacking units, starting retreat
2024-11-24 23:12:49.132 | 02:07   31ms  150M   42G  21/ 23U [ActUnit] SCV from COMMANDCENTER at (38.5, 121.5)
2024-11-24 23:12:49.463 | 02:08   27ms  160M   50G  22/ 23U [GameAnalyzer] Known army advantage is now SlightAdvantage
2024-11-24 23:12:49.464 | 02:08   27ms  160M   50G  22/ 23U [GameAnalyzer] Predicted army advantage is now SlightAdvantage
2024-11-24 23:12:49.467 | 02:08   27ms  110M    0G  22/ 23U [TerranUnit] REAPER from BARRACKS at (39.5, 113.5)
2024-11-24 23:12:52.748 | 02:17   27ms  265M   36G  23/ 23U [DodgeRampAttack] Retreat stopped.
2024-11-24 23:12:52.828 | 02:17   30ms  270M   40G  23/ 23U [DodgeRampAttack] Supply is 23 -> attack!
2024-11-24 23:12:52.829 | 02:17   30ms  270M   40G  23/ 23U [DodgeRampAttack] Attack started at 1.00 power.
2024-11-24 23:12:55.441 | 02:25   34ms  405M   68G  23/ 23U [Expand] Expanding to (36.5, 89.5)
2024-11-24 23:12:56.618 | 02:28   31ms    0M   76G  23/ 31U [ActUnit] SCV from COMMANDCENTER at (38.5, 121.5)
2024-11-24 23:12:58.395 | 02:33   30ms  100M  100G  24/ 31U [GameAnalyzer] Income advantage is now SmallAdvantage
2024-11-24 23:12:58.400 | 02:33   30ms    0M  100G  24/ 31U [TerranUnit] HELLION from FACTORY at (46.5, 117.5)
2024-11-24 23:12:59.208 | 02:35   30ms   30M  108G  26/ 31U [ChatManager] Tag:E_zergling
2024-11-24 23:12:59.470 | 02:36   31ms   35M  108G  26/ 31U [GameAnalyzer] Income advantage is now SlightAdvantage
2024-11-24 23:12:59.550 | 02:36   37ms   35M  108G  26/ 31U [GameAnalyzer] Income advantage is now SmallAdvantage
2024-11-24 23:12:59.802 | 02:36   32ms   45M  112G  26/ 31U [GameAnalyzer] Known army advantage is now Even
2024-11-24 23:12:59.803 | 02:36   32ms   45M  112G  26/ 31U [GameAnalyzer] Predicted army advantage is now Even
2024-11-24 23:13:01.218 | 02:40   30ms   25M  128G  26/ 31U [GameAnalyzer] Known army advantage is now SlightAdvantage
2024-11-24 23:13:01.218 | 02:40   30ms   25M  128G  26/ 31U [GameAnalyzer] Predicted army advantage is now SlightAdvantage
2024-11-24 23:13:02.042 | 02:42   34ms   50M  140G  26/ 31U [GameAnalyzer] Income advantage is now SlightAdvantage
2024-11-24 23:13:02.044 | 02:42   34ms    0M  140G  26/ 31U [ActUnit] SCV from COMMANDCENTER at (38.5, 121.5)
2024-11-24 23:13:02.136 | 02:42   36ms    5M  140G  27/ 31U [GameAnalyzer] Income advantage is now SmallAdvantage
2024-11-24 23:13:02.908 | 02:44   34ms   30M  152G  27/ 31U [GameAnalyzer] Income advantage is now SlightAdvantage
2024-11-24 23:13:03.089 | 02:45   36ms   10M  106G  27/ 31U [TerranUnit] REAPER from BARRACKS at (39.5, 113.5)
2024-11-24 23:13:03.178 | 02:45   38ms   15M  106G  28/ 31U [GameAnalyzer] Income advantage is now SmallAdvantage
2024-11-24 23:13:03.361 | 02:45   35ms   20M  106G  28/ 31U [GameAnalyzer] Income advantage is now SlightAdvantage
2024-11-24 23:13:03.538 | 02:46   39ms   35M  114G  28/ 31U [GameAnalyzer] Income advantage is now SmallAdvantage
2024-11-24 23:13:04.044 | 02:47  103ms   40M  114G  28/ 31U [GameAnalyzer] Income advantage is now SlightAdvantage
2024-11-24 23:13:04.136 | 02:47   38ms   40M  122G  28/ 31U [GameAnalyzer] Income advantage is now SmallAdvantage
2024-11-24 23:13:04.488 | 02:48   34ms   50M  122G  28/ 31U [BuildAddon] UnitTypeId.FACTORYREACTOR to (35.0, 113.0)
2024-11-24 23:13:04.582 | 02:48   46ms    0M   72G  28/ 31U [GameAnalyzer] Income advantage is now SlightAdvantage
2024-11-24 23:13:04.678 | 02:48   40ms   15M   72G  28/ 31U [GameAnalyzer] Income advantage is now SmallAdvantage
2024-11-24 23:13:06.570 | 02:53   38ms  100M  100G  28/ 31U [GameAnalyzer] Income advantage is now SlightAdvantage
2024-11-24 23:13:06.659 | 02:53   36ms  105M  104G  28/ 31U [GameAnalyzer] Income advantage is now SmallAdvantage
2024-11-24 23:13:06.919 | 02:54   34ms   15M  104G  28/ 31U [TerranUnit] HELLION from FACTORY at (46.5, 117.5)
2024-11-24 23:13:07.600 | 02:56   32ms    0M  112G  30/ 31U [ActUnit] SCV from COMMANDCENTER at (38.5, 121.5)
2024-11-24 23:13:08.074 | 02:57   30ms    5M  120G  31/ 31U [ChatManager] Tag:E_queen
2024-11-24 23:13:08.094 | 02:57   30ms    5M  120G  31/ 31U [DodgeRampAttack] Retreat started at 1.00 own local power against 2.00 enemy local power.
2024-11-24 23:13:10.059 | 03:02   35ms  105M  148G  31/ 31U [GameAnalyzer] Income advantage is now SlightAdvantage
2024-11-24 23:13:10.244 | 03:02   36ms  120M  152G  31/ 31U [GameAnalyzer] Income advantage is now SmallAdvantage
2024-11-24 23:13:12.595 | 03:08   32ms   25M   84G  31/ 39U [ActUnit] SCV from COMMANDCENTER at (38.5, 121.5)
2024-11-24 23:13:15.687 | 03:15   39ms  160M  124G  32/ 39U [GameAnalyzer] Known army advantage is now SmallAdvantage
2024-11-24 23:13:15.688 | 03:15   39ms  160M  124G  32/ 39U [GameAnalyzer] Predicted army advantage is now SmallAdvantage
2024-11-24 23:13:15.693 | 03:15   39ms   60M  124G  32/ 39U [TerranUnit] HELLION from FACTORY at (46.5, 117.5)
2024-11-24 23:13:15.698 | 03:15   39ms   60M  124G  32/ 39U [BuildAddon] UnitTypeId.FACTORYTECHLAB to (49.0, 117.0)
2024-11-24 23:13:16.343 | 03:17   36ms   85M  132G  34/ 39U [DodgeRampAttack] Retreat stopped.
2024-11-24 23:13:16.436 | 03:17   40ms   90M  132G  34/ 39U [DodgeRampAttack] Power 7.00 is larger than required attack power 4.00 -> attack!
2024-11-24 23:13:16.438 | 03:17   40ms   90M  132G  34/ 39U [DodgeRampAttack] Attack started at 7.00 power.
2024-11-24 23:13:17.875 | 03:20   44ms  115M  148G  34/ 39U [ActUnit] SCV from COMMANDCENTER at (38.5, 121.5)
2024-11-24 23:13:22.400 | 03:30   42ms  205M  204G  35/ 39U [TerranUnit] HELLION from FACTORY at (34.5, 110.5)
2024-11-24 23:13:22.405 | 03:30   42ms  205M  204G  35/ 39U [BuildAddon] UnitTypeId.FACTORYREACTOR to (37.0, 110.0)
2024-11-24 23:13:23.546 | 03:33   40ms  200M  212G  37/ 39U [ActUnit] SCV from COMMANDCENTER at (38.5, 121.5)
2024-11-24 23:13:25.546 | 03:37   41ms  290M  236G  38/ 39U [BuildAddon] UnitTypeId.FACTORYREACTOR to (49.0, 117.0)
2024-11-24 23:13:27.980 | 03:42   44ms  350M  218G  38/ 39U [ChatManager] Tag:E_roach
2024-11-24 23:13:28.270 | 03:42   40ms  360M  218G  38/ 39U [GameAnalyzer] Income advantage is now Even
2024-11-24 23:13:29.479 | 03:45   42ms  195M  234G  38/ 54U [ActUnit] SCV from COMMANDCENTER at (38.5, 121.5)
2024-11-24 23:13:29.764 | 03:45   47ms  195M  234G  39/ 54U [GameAnalyzer] Known army advantage is now Even
2024-11-24 23:13:29.765 | 03:45   47ms  195M  234G  39/ 54U [GameAnalyzer] Predicted army advantage is now Even
2024-11-24 23:13:30.117 | 03:46   45ms  200M  238G  39/ 54U [DodgeRampAttack] Retreat started at 5.82 own local power against 7.36 enemy local power.
2024-11-24 23:13:30.833 | 03:48   42ms  235M  246G  37/ 54U [GameAnalyzer] Known army advantage is now SlightDisadvantage
2024-11-24 23:13:30.834 | 03:48   42ms  235M  246G  37/ 54U [GameAnalyzer] Predicted army advantage is now SlightDisadvantage
2024-11-24 23:13:32.691 | 03:52   41ms  335M  266G  37/ 54U [GameAnalyzer] Known army advantage is now Even
2024-11-24 23:13:32.692 | 03:52   41ms  335M  266G  37/ 54U [GameAnalyzer] Predicted army advantage is now Even
2024-11-24 23:13:32.699 | 03:52   41ms  210M  216G  37/ 54U [TerranUnit] CYCLONE from FACTORY at (34.5, 110.5)
2024-11-24 23:13:32.703 | 03:52   41ms  210M  216G  37/ 54U [BuildAddon] UnitTypeId.FACTORYTECHLAB to (37.0, 110.0)
2024-11-24 23:13:35.420 | 03:57   42ms  285M  248G  39/ 54U [ActUnit] SCV from COMMANDCENTER at (38.5, 121.5)
2024-11-24 23:13:39.446 | 04:06   43ms  500M  296G  40/ 54U [DodgeRampAttack] Retreat stopped.
2024-11-24 23:13:39.543 | 04:06   42ms  505M  296G  40/ 54U [DodgeRampAttack] Supply is 40 -> attack!
2024-11-24 23:13:39.544 | 04:06   42ms  505M  296G  40/ 54U [DodgeRampAttack] Attack started at 8.18 power.
2024-11-24 23:13:39.726 | 04:07   43ms  503M  300G  40/ 54U [GameAnalyzer] Income advantage is now SlightDisadvantage
2024-11-24 23:13:39.994 | 04:07  108ms  512M  304G  40/ 54U [GameAnalyzer] Income advantage is now Even
2024-11-24 23:13:40.764 | 04:09   42ms  497M  312G  40/ 54U [ActUnit] SCV from COMMANDCENTER at (36.5, 89.5)
2024-11-24 23:13:40.964 | 04:10   43ms  447M  312G  41/ 54U [ActUnit] SCV from COMMANDCENTER at (38.5, 121.5)
2024-11-24 23:13:42.933 | 04:14   42ms  529M  336G  42/ 54U [GameAnalyzer] Known army advantage is now SlightAdvantage
2024-11-24 23:13:42.933 | 04:14   42ms  529M  336G  42/ 54U [GameAnalyzer] Predicted army advantage is now SlightAdvantage
2024-11-24 23:13:44.995 | 04:18   45ms  669M  360G  42/ 54U [GameAnalyzer] Income advantage is now SlightAdvantage
2024-11-24 23:13:45.098 | 04:18   43ms  669M  364G  42/ 54U [GameAnalyzer] Income advantage is now Even
2024-11-24 23:13:46.470 | 04:21   41ms  669M  376G  42/ 54U [ActUnit] SCV from COMMANDCENTER at (36.5, 89.5)
2024-11-24 23:13:46.683 | 04:22   44ms  679M  384G  43/ 54U [GameAnalyzer] Income advantage is now SlightAdvantage
2024-11-24 23:13:46.685 | 04:22   44ms  629M  384G  43/ 54U [ActUnit] SCV from COMMANDCENTER at (38.5, 121.5)
2024-11-24 23:13:46.868 | 04:22   47ms  634M  384G  44/ 54U [GameAnalyzer] Income advantage is now Even
2024-11-24 23:13:47.223 | 04:23   46ms  684M  384G  44/ 54U [GameAnalyzer] Known army advantage is now Even
2024-11-24 23:13:47.224 | 04:23   46ms  684M  384G  44/ 54U [GameAnalyzer] Predicted army advantage is now Even
2024-11-24 23:13:47.799 | 04:24   47ms  704M  392G  44/ 54U [GameAnalyzer] Known army advantage is now SmallAdvantage
2024-11-24 23:13:47.800 | 04:24   47ms  704M  392G  44/ 54U [GameAnalyzer] Predicted army advantage is now SmallAdvantage
2024-11-24 23:13:47.808 | 04:24   47ms  704M  392G  44/ 54U [BuildAddon] UnitTypeId.FACTORYTECHLAB to (37.0, 110.0)
2024-11-24 23:13:47.946 | 04:24   55ms  659M  367G  44/ 54U [BuildAddon] UnitTypeId.STARPORTTECHLAB to (44.0, 110.0)
2024-11-24 23:13:48.177 | 04:24   50ms  619M  346G  44/ 54U [GameAnalyzer] Income advantage is now SlightAdvantage
2024-11-24 23:13:48.488 | 04:25   50ms  649M  350G  44/ 54U [GameAnalyzer] Income advantage is now Even
2024-11-24 23:13:48.957 | 04:26   48ms  674M  350G  44/ 54U [GameAnalyzer] Income advantage is now SlightAdvantage
2024-11-24 23:13:49.191 | 04:26   50ms  679M  358G  44/ 54U [GameAnalyzer] Income advantage is now Even
2024-11-24 23:13:49.311 | 04:26   49ms  684M  358G  44/ 54U [GameAnalyzer] Known army advantage is now Even
2024-11-24 23:13:49.312 | 04:26   49ms  684M  358G  44/ 54U [GameAnalyzer] Predicted army advantage is now Even
2024-11-24 23:13:49.466 | 04:27   52ms  684M  358G  44/ 54U [GameAnalyzer] Income advantage is now SlightAdvantage
2024-11-24 23:13:49.699 | 04:27   47ms  689M  358G  44/ 54U [GameAnalyzer] Income advantage is now Even
2024-11-24 23:13:50.331 | 04:28   50ms  744M  366G  44/ 54U [GameAnalyzer] Income advantage is now SlightAdvantage
2024-11-24 23:13:50.455 | 04:28   51ms  744M  366G  44/ 54U [GameAnalyzer] Income advantage is now Even
2024-11-24 23:13:50.920 | 04:29   47ms  784M  374G  44/ 54U [GameAnalyzer] Income advantage is now SlightAdvantage
2024-11-24 23:13:51.146 | 04:30   48ms  789M  374G  44/ 54U [GameAnalyzer] Income advantage is now Even
2024-11-24 23:13:51.555 | 04:30   48ms  824M  382G  44/ 54U [GameAnalyzer] Income advantage is now SlightAdvantage
2024-11-24 23:13:51.891 | 04:31   47ms  829M  382G  44/ 54U [GameAnalyzer] Income advantage is now Even
2024-11-24 23:13:52.126 | 04:32   50ms  834M  382G  44/ 54U [GameAnalyzer] Income advantage is now SlightAdvantage
2024-11-24 23:13:52.240 | 04:32   50ms  859M  386G  44/ 54U [GameAnalyzer] Income advantage is now Even
2024-11-24 23:13:52.697 | 04:33   48ms  899M  390G  44/ 54U [GameAnalyzer] Income advantage is now SlightAdvantage
2024-11-24 23:13:52.817 | 04:33   53ms  904M  390G  44/ 54U [GameAnalyzer] Income advantage is now Even
2024-11-24 23:13:53.002 | 04:33   49ms  919M  394G  44/ 54U [GameAnalyzer] Income advantage is now SlightAdvantage
2024-11-24 23:13:53.127 | 04:33  119ms  919M  398G  44/ 54U [GameAnalyzer] Income advantage is now Even
2024-11-24 23:13:53.246 | 04:34   52ms  874M  398G  44/ 54U [ActUnit] SCV from COMMANDCENTER at (36.5, 89.5)
2024-11-24 23:13:53.488 | 04:34   49ms  884M  398G  45/ 54U [GameAnalyzer] Income advantage is now SlightAdvantage
2024-11-24 23:13:53.489 | 04:34   49ms  834M  398G  45/ 54U [ActUnit] SCV from COMMANDCENTER at (38.5, 121.5)
2024-11-24 23:13:53.615 | 04:34   56ms  839M  398G  46/ 54U [GameAnalyzer] Income advantage is now Even
2024-11-24 23:13:53.734 | 04:35   54ms  839M  398G  46/ 54U [GameAnalyzer] Income advantage is now SlightAdvantage
2024-11-24 23:13:53.861 | 04:35   54ms  844M  402G  46/ 54U [GameAnalyzer] Income advantage is now Even
2024-11-24 23:13:54.102 | 04:35   51ms  864M  406G  46/ 54U [GameAnalyzer] Income advantage is now SlightAdvantage
2024-11-24 23:13:55.109 | 04:37   52ms  919M  414G  46/ 54U [GameAnalyzer] Income advantage is now Even
2024-11-24 23:13:55.333 | 04:37   50ms  944M  414G  46/ 54U [GameAnalyzer] Income advantage is now SlightAdvantage
2024-11-24 23:13:55.455 | 04:38   54ms  954M  418G  46/ 54U [GameAnalyzer] Income advantage is now Even
2024-11-24 23:13:57.661 | 04:42  121ms  903M  313G  46/ 54U [TerranUnit] SIEGETANK from FACTORY at (34.5, 110.5)
2024-11-24 23:13:57.666 | 04:42  121ms  828M  313G  46/ 54U [BuildGas] Building REFINERY to (29.5, 86.5)
2024-11-24 23:13:57.782 | 04:42   55ms  828M  313G  49/ 54U [GameAnalyzer] Known army advantage is now SlightDisadvantage
2024-11-24 23:13:57.783 | 04:42   55ms  828M  313G  49/ 54U [GameAnalyzer] Predicted army advantage is now SlightDisadvantage
2024-11-24 23:13:57.788 | 04:42   55ms  728M  163G  49/ 54U [TerranUnit] RAVEN from STARPORT at (41.5, 110.5)
2024-11-24 23:13:57.797 | 04:42   55ms  728M  163G  49/ 54U [Expand] Expanding to (36.5, 64.5)
2024-11-24 23:13:57.922 | 04:42   59ms  742M  167G  51/ 54U [Expand] Expanding to (36.5, 64.5)
2024-11-24 23:13:58.378 | 04:43   54ms  154M  171G  51/ 54U [GameAnalyzer] Known army advantage is now Even
2024-11-24 23:13:58.379 | 04:43   54ms  154M  171G  51/ 54U [GameAnalyzer] Predicted army advantage is now Even
2024-11-24 23:13:59.966 | 04:46   52ms  172M  187G  51/ 54U [ActUnit] SCV from COMMANDCENTER at (36.5, 89.5)
2024-11-24 23:14:00.211 | 04:46   54ms  127M  187G  52/ 54U [ActUnit] SCV from COMMANDCENTER at (38.5, 121.5)
2024-11-24 23:14:01.451 | 04:49   52ms   92M  203G  53/ 54U [ChatManager] Tag:E_overlord
2024-11-24 23:14:03.815 | 04:53   47ms   72M  227G  53/ 54U [GameAnalyzer] Income advantage is now SmallAdvantage
2024-11-24 23:14:05.237 | 04:55   49ms   62M  239G  53/ 54U [GameAnalyzer] Income advantage is now SlightAdvantage
2024-11-24 23:14:05.486 | 04:56   54ms   87M  243G  53/ 54U [GameAnalyzer] Income advantage is now SmallAdvantage
2024-11-24 23:14:05.868 | 04:56   52ms   97M  243G  53/ 54U [GameAnalyzer] Income advantage is now SlightAdvantage
2024-11-24 23:14:06.182 | 04:57  120ms  112M  247G  53/ 54U [GameAnalyzer] Income advantage is now SmallAdvantage
2024-11-24 23:14:06.429 | 04:57   51ms  122M  251G  53/ 54U [GameAnalyzer] Known army advantage is now SlightAdvantage
2024-11-24 23:14:06.430 | 04:57   51ms  122M  251G  53/ 54U [GameAnalyzer] Predicted army advantage is now SlightAdvantage
2024-11-24 23:14:06.956 | 04:58   55ms  132M  251G  53/ 54U [GameAnalyzer] Income advantage is now SlightAdvantage
2024-11-24 23:14:06.957 | 04:58   55ms   82M  251G  53/ 54U [ActUnit] SCV from COMMANDCENTER at (36.5, 89.5)
2024-11-24 23:14:07.085 | 04:58   60ms  187M  255G  54/ 54U [GameAnalyzer] Income advantage is now SmallAdvantage
2024-11-24 23:14:07.928 | 05:00   59ms  312M  263G  54/ 54U [ChatManager] Tag:E_Macro
2024-11-24 23:14:09.550 | 05:02   60ms  427M  275G  54/ 54U [GameAnalyzer] Known army advantage is now SlightDisadvantage
2024-11-24 23:14:09.551 | 05:02   60ms  427M  275G  54/ 54U [GameAnalyzer] Predicted army advantage is now SlightDisadvantage
2024-11-24 23:14:11.345 | 05:05   55ms  477M  291G  54/ 54U [GameAnalyzer] Income advantage is now SlightAdvantage
2024-11-24 23:14:11.476 | 05:06   59ms  497M  291G  54/ 54U [GameAnalyzer] Income advantage is now SmallAdvantage
2024-11-24 23:14:12.003 | 05:06   57ms  527M  299G  54/ 54U [GameAnalyzer] Income advantage is now SlightAdvantage
2024-11-24 23:14:12.137 | 05:07   60ms  527M  299G  54/ 54U [GameAnalyzer] Income advantage is now SmallAdvantage
2024-11-24 23:14:12.978 | 05:08   54ms  562M  307G  54/ 54U [GameAnalyzer] Income advantage is now SlightAdvantage
2024-11-24 23:14:13.112 | 05:08   57ms  577M  307G  54/ 54U [GameAnalyzer] Income advantage is now SmallAdvantage
2024-11-24 23:14:13.499 | 05:09   56ms  547M  315G  54/ 62U [ActUnit] SCV from COMMANDCENTER at (38.5, 121.5)
2024-11-24 23:14:14.462 | 05:10   59ms  515M  323G  55/ 62U [ActUnit] SCV from COMMANDCENTER at (36.5, 89.5)
2024-11-24 23:14:15.972 | 05:13   57ms  548M  335G  56/ 62U [GameAnalyzer] Income advantage is now SlightAdvantage
2024-11-24 23:14:15.973 | 05:13   57ms  548M  335G  56/ 62U [GameAnalyzer] Known army advantage is now SmallDisadvantage
2024-11-24 23:14:15.973 | 05:13   57ms  548M  335G  56/ 62U [GameAnalyzer] Predicted army advantage is now SmallDisadvantage
2024-11-24 23:14:16.235 | 05:13   57ms  571M  343G  56/ 62U [GameAnalyzer] Income advantage is now SmallAdvantage
2024-11-24 23:14:16.501 | 05:14   59ms  569M  343G  56/ 70U [GameAnalyzer] Known army advantage is now Even
2024-11-24 23:14:16.502 | 05:14   59ms  569M  343G  56/ 70U [GameAnalyzer] Predicted army advantage is now Even
2024-11-24 23:14:16.644 | 05:14   60ms  574M  343G  54/ 70U [GameAnalyzer] Known army advantage is now SlightDisadvantage
2024-11-24 23:14:16.645 | 05:14   60ms  574M  343G  54/ 70U [GameAnalyzer] Predicted army advantage is now SlightDisadvantage
2024-11-24 23:14:17.128 | 05:15   57ms  619M  351G  54/ 70U [GameAnalyzer] Income advantage is now ClearAdvantage
2024-11-24 23:14:17.260 | 05:15   65ms  619M  351G  54/ 70U [GameAnalyzer] Income advantage is now SmallAdvantage
2024-11-24 23:14:17.648 | 05:16   58ms  629M  355G  54/ 70U [GameAnalyzer] Income advantage is now ClearAdvantage
2024-11-24 23:14:18.038 | 05:16   58ms  644M  363G  54/ 70U [GameAnalyzer] Income advantage is now SmallAdvantage
2024-11-24 23:14:18.038 | 05:16   58ms  644M  363G  54/ 70U [GameAnalyzer] Known army advantage is now Even
2024-11-24 23:14:18.039 | 05:16   58ms  644M  363G  54/ 70U [GameAnalyzer] Predicted army advantage is now Even
2024-11-24 23:14:18.045 | 05:16   58ms  544M  213G  54/ 70U [TerranUnit] RAVEN from STARPORT at (41.5, 110.5)
2024-11-24 23:14:18.184 | 05:16   68ms  494M  213G  56/ 70U [TerranUnit] MARINE from BARRACKS at (32.5, 113.5)
2024-11-24 23:14:18.186 | 05:16   68ms  344M   88G  56/ 70U [TerranUnit] SIEGETANK from FACTORY at (34.5, 110.5)
2024-11-24 23:14:18.396 | 05:17   69ms  149M   88G  60/ 70U [TerranUnit] MARINE from BARRACKS at (32.5, 113.5)
2024-11-24 23:14:19.307 | 05:18   57ms  199M   96G  61/ 78U [GameAnalyzer] Income advantage is now ClearAdvantage
2024-11-24 23:14:19.436 | 05:18   61ms  199M   96G  61/ 78U [GameAnalyzer] Income advantage is now SmallAdvantage
2024-11-24 23:14:19.564 | 05:19   58ms  199M   96G  61/ 78U [GameAnalyzer] Income advantage is now ClearAdvantage
2024-11-24 23:14:19.825 | 05:19   58ms  214M  104G  61/ 78U [GameAnalyzer] Income advantage is now SmallAdvantage
2024-11-24 23:14:20.408 | 05:20   57ms  234M  108G  61/ 78U [GameAnalyzer] Income advantage is now ClearAdvantage
2024-11-24 23:14:20.546 | 05:20   59ms  234M  108G  61/ 78U [GameAnalyzer] Income advantage is now SmallAdvantage
2024-11-24 23:14:21.069 | 05:21   59ms  169M  116G  61/ 78U [GameAnalyzer] Income advantage is now ClearAdvantage
2024-11-24 23:14:21.071 | 05:21   59ms  119M  116G  61/ 78U [ActUnit] SCV from COMMANDCENTER at (38.5, 121.5)
2024-11-24 23:14:21.335 | 05:22   53ms  149M  120G  62/ 78U [GameAnalyzer] Income advantage is now SmallAdvantage
2024-11-24 23:14:21.808 | 05:22   58ms  169M  128G  62/ 78U [GameAnalyzer] Income advantage is now ClearAdvantage
2024-11-24 23:14:22.069 | 05:23   58ms  174M  132G  62/ 78U [GameAnalyzer] Income advantage is now SmallAdvantage
2024-11-24 23:14:22.071 | 05:23   58ms  124M  132G  62/ 78U [ActUnit] SCV from COMMANDCENTER at (36.5, 89.5)
2024-11-24 23:14:22.205 | 05:23   63ms  129M  132G  63/ 78U [GameAnalyzer] Income advantage is now ClearAdvantage
2024-11-24 23:14:22.206 | 05:23   63ms  129M  132G  63/ 78U [GameAnalyzer] Known army advantage is now SlightAdvantage
2024-11-24 23:14:22.207 | 05:23   63ms  129M  132G  63/ 78U [GameAnalyzer] Predicted army advantage is now SlightAdvantage
2024-11-24 23:14:22.462 | 05:23   56ms  134M  136G  63/ 78U [GameAnalyzer] Income advantage is now SmallAdvantage
2024-11-24 23:14:22.599 | 05:24   59ms  144M  140G  63/ 78U [GameAnalyzer] Income advantage is now ClearAdvantage
2024-11-24 23:14:22.730 | 05:24   63ms  149M  140G  63/ 78U [GameAnalyzer] Income advantage is now SmallAdvantage
2024-11-24 23:14:23.141 | 05:25   65ms  169M  144G  63/ 78U [GameAnalyzer] Income advantage is now ClearAdvantage
2024-11-24 23:14:23.625 | 05:25   64ms  174M  152G  63/ 78U [GameAnalyzer] Income advantage is now SmallAdvantage
2024-11-24 23:14:24.039 | 05:26   64ms  209M  156G  63/ 78U [GameAnalyzer] Income advantage is now ClearAdvantage
2024-11-24 23:14:24.322 | 05:26   60ms  239M  160G  63/ 78U [GameAnalyzer] Income advantage is now SmallAdvantage
2024-11-24 23:14:24.805 | 05:27   61ms  264M  168G  63/ 78U [GameAnalyzer] Income advantage is now ClearAdvantage
2024-11-24 23:14:24.937 | 05:27  141ms  264M  168G  63/ 78U [GameAnalyzer] Income advantage is now SmallAdvantage
2024-11-24 23:14:25.209 | 05:28   62ms  269M  168G  63/ 78U [GameAnalyzer] Income advantage is now ClearAdvantage
2024-11-24 23:14:25.354 | 05:28   71ms  284M  172G  63/ 78U [GameAnalyzer] Income advantage is now SmallAdvantage
2024-11-24 23:14:25.498 | 05:28   64ms  284M  176G  63/ 78U [GameAnalyzer] Income advantage is now ClearAdvantage
2024-11-24 23:14:25.499 | 05:28   64ms  284M  176G  63/ 78U [GameAnalyzer] Known army advantage is now Even
2024-11-24 23:14:25.500 | 05:28   64ms  284M  176G  63/ 78U [GameAnalyzer] Predicted army advantage is now Even
2024-11-24 23:14:25.910 | 05:29   61ms  329M  180G  63/ 78U [GameAnalyzer] Income advantage is now SmallAdvantage
2024-11-24 23:14:26.193 | 05:29   64ms  344M  184G  63/ 78U [GameAnalyzer] Income advantage is now ClearAdvantage
2024-11-24 23:14:26.677 | 05:30   63ms  359M  192G  63/ 78U [GameAnalyzer] Income advantage is now SmallAdvantage
2024-11-24 23:14:26.961 | 05:30   64ms  369M  192G  63/ 78U [GameAnalyzer] Income advantage is now ClearAdvantage
2024-11-24 23:14:27.116 | 05:31   68ms  384M  192G  63/ 78U [GameAnalyzer] Income advantage is now SmallAdvantage
2024-11-24 23:14:27.393 | 05:31   65ms  399M  200G  63/ 78U [GameAnalyzer] Income advantage is now ClearAdvantage
2024-11-24 23:14:27.662 | 05:31   61ms  404M  204G  63/ 78U [GameAnalyzer] Income advantage is now SmallAdvantage
2024-11-24 23:14:28.000 | 05:32   63ms  419M  204G  63/ 78U [GameAnalyzer] Income advantage is now ClearAdvantage
2024-11-24 23:14:28.290 | 05:32   62ms  424M  212G  63/ 78U [DodgeRampAttack] Retreat started at 7.85 own local power against 10.26 enemy local power.
2024-11-24 23:14:28.536 | 05:33   60ms  439M  212G  63/ 78U [GameAnalyzer] Income advantage is now SmallAdvantage
2024-11-24 23:14:28.803 | 05:33   63ms  479M  216G  62/ 78U [GameAnalyzer] Income advantage is now ClearAdvantage
2024-11-24 23:14:28.941 | 05:33   63ms  334M  216G  62/ 78U [GameAnalyzer] Income advantage is now SmallAdvantage
2024-11-24 23:14:28.941 | 05:33   63ms  284M  216G  62/ 78U [ActUnit] SCV from COMMANDCENTER at (38.5, 121.5)
2024-11-24 23:14:29.207 | 05:34   61ms  304M  224G  63/ 78U [GameAnalyzer] Income advantage is now ClearAdvantage
2024-11-24 23:14:29.414 | 05:34   63ms  304M  224G  63/ 78U [GameAnalyzer] Income advantage is now SmallAdvantage
2024-11-24 23:14:29.552 | 05:34  130ms  254M  224G  63/ 78U [TerranUnit] MARINE from BARRACKS at (32.5, 113.5)
2024-11-24 23:14:29.682 | 05:35   63ms  204M  224G  64/ 78U [TerranUnit] MARINE from BARRACKS at (32.5, 113.5)
2024-11-24 23:14:29.942 | 05:35   58ms  164M  224G  65/ 78U [ActUnit] SCV from COMMANDCENTER at (36.5, 89.5)
2024-11-24 23:14:34.900 | 05:43   62ms  406M  288G  66/ 78U [GameAnalyzer] Income advantage is now ClearAdvantage
2024-11-24 23:14:35.379 | 05:43   63ms  416M  288G  66/ 78U [GameAnalyzer] Income advantage is now SmallAdvantage
2024-11-24 23:14:35.663 | 05:44   67ms  436M  296G  66/ 86U [GameAnalyzer] Income advantage is now ClearAdvantage
2024-11-24 23:14:36.072 | 05:45   65ms  441M  300G  66/ 86U [GameAnalyzer] Income advantage is now SmallAdvantage
2024-11-24 23:14:36.356 | 05:45   65ms  451M  304G  66/ 86U [GameAnalyzer] Income advantage is now ClearAdvantage
2024-11-24 23:14:36.831 | 05:46   61ms  281M  316G  66/ 86U [ActUnit] SCV from COMMANDCENTER at (38.5, 121.5)
2024-11-24 23:14:37.369 | 05:47   64ms  296M  316G  67/ 86U [GameAnalyzer] Income advantage is now SmallAdvantage
2024-11-24 23:14:37.772 | 05:47   63ms  281M  324G  67/ 86U [ActUnit] SCV from COMMANDCENTER at (36.5, 89.5)
2024-11-24 23:14:38.650 | 05:49   63ms  176M  207G  68/ 86U [TerranUnit] SIEGETANK from FACTORY at (34.5, 110.5)
2024-11-24 23:14:40.920 | 05:52   63ms  218M  228G  71/ 86U [TerranUnit] MARINE from BARRACKS at (32.5, 113.5)
2024-11-24 23:14:41.059 | 05:52   67ms  183M  228G  72/ 86U [TerranUnit] MARINE from BARRACKS at (32.5, 113.5)
2024-11-24 23:14:41.078 | 05:52   67ms  183M  228G  72/ 86U [DodgeRampAttack] Retreat stopped.
2024-11-24 23:14:41.214 | 05:53   70ms  193M  228G  73/ 86U [DodgeRampAttack] Supply is 73 -> attack!
2024-11-24 23:14:41.215 | 05:53   70ms  193M  228G  73/ 86U [DodgeRampAttack] Attack started at 22.31 power.
2024-11-24 23:14:42.256 | 05:54   68ms  226M  238G  73/ 86U [GameAnalyzer] Income advantage is now ClearAdvantage
2024-11-24 23:14:42.396 | 05:54  139ms  249M  245G  73/ 86U [GameAnalyzer] Income advantage is now SmallAdvantage
2024-11-24 23:14:43.536 | 05:56   70ms  297M  254G  73/ 86U [GameAnalyzer] Known army advantage is now SlightAdvantage
2024-11-24 23:14:43.537 | 05:56   70ms  297M  254G  73/ 86U [GameAnalyzer] Predicted army advantage is now SlightAdvantage
2024-11-24 23:14:44.765 | 05:58   68ms  316M  267G  73/ 86U [ActUnit] SCV from COMMANDCENTER at (38.5, 121.5)
2024-11-24 23:14:44.911 | 05:58   72ms  321M  267G  74/ 86U [GameAnalyzer] Income advantage is now ClearAdvantage
2024-11-24 23:14:45.053 | 05:58   70ms  321M  267G  74/ 86U [GameAnalyzer] Income advantage is now SmallAdvantage
2024-11-24 23:14:45.561 | 05:59   68ms  336M  275G  74/ 86U [GameAnalyzer] Income advantage is now ClearAdvantage
2024-11-24 23:14:45.868 | 06:00   68ms  341M  279G  74/ 86U [GameAnalyzer] Income advantage is now SmallAdvantage
2024-11-24 23:14:45.870 | 06:00   68ms  291M  279G  74/ 86U [ActUnit] SCV from COMMANDCENTER at (36.5, 89.5)
2024-11-24 23:14:46.018 | 06:00   74ms  301M  279G  75/ 86U [GameAnalyzer] Income advantage is now ClearAdvantage
2024-11-24 23:14:46.174 | 06:00   74ms  306M  279G  75/ 86U [GameAnalyzer] Income advantage is now SmallAdvantage
2024-11-24 23:14:46.472 | 06:00   69ms  331M  287G  75/ 86U [GameAnalyzer] Income advantage is now ClearAdvantage
2024-11-24 23:14:46.699 | 06:01   74ms  331M  295G  75/ 86U [GameAnalyzer] Income advantage is now SmallAdvantage
2024-11-24 23:14:47.446 | 06:02   67ms  391M  303G  75/ 86U [GameAnalyzer] Income advantage is now ClearAdvantage
2024-11-24 23:14:47.599 | 06:02   72ms  396M  303G  75/ 86U [GameAnalyzer] Income advantage is now SmallAdvantage
2024-11-24 23:14:48.042 | 06:03   72ms  326M  307G  75/ 86U [GameAnalyzer] Income advantage is now ClearAdvantage
2024-11-24 23:14:48.538 | 06:03   70ms  326M  315G  75/ 86U [GameAnalyzer] Income advantage is now SmallAdvantage
2024-11-24 23:14:49.119 | 06:04   69ms  356M  319G  75/101U [GameAnalyzer] Income advantage is now ClearAdvantage
2024-11-24 23:14:53.388 | 06:10   98ms  336M  367G  75/101U [TerranUnit] MARINE from BARRACKS at (32.5, 113.5)
2024-11-24 23:14:53.557 | 06:10   86ms  301M  367G  76/101U [ActUnit] SCV from COMMANDCENTER at (38.5, 121.5)
2024-11-24 23:14:53.563 | 06:10   86ms  251M  367G  76/101U [TerranUnit] MARINE from BARRACKS at (32.5, 113.5)
2024-11-24 23:14:54.780 | 06:12   70ms  251M  379G  78/101U [ActUnit] SCV from COMMANDCENTER at (36.5, 89.5)
2024-11-24 23:14:54.953 | 06:12   73ms  231M  383G  79/101U [TerranUnit] MARINE from BARRACKS at (41.5, 110.5)
2024-11-24 23:14:54.955 | 06:12   73ms  231M  383G  79/101U [Tech] Started STIMPACK
2024-11-24 23:14:57.056 | 06:15   74ms  206M  303G  80/101U [BuildAddon] UnitTypeId.FACTORYREACTOR to (56.0, 117.0)
2024-11-24 23:14:58.528 | 06:17   72ms  156M  173G  80/101U [TerranUnit] MEDIVAC from STARPORT at (46.5, 117.5)
2024-11-24 23:15:00.293 | 06:19   79ms  161M   89G  82/101U [TerranUnit] MEDIVAC from STARPORT at (46.5, 117.5)
2024-11-24 23:15:01.407 | 06:21   77ms  221M  105G  84/101U [GameAnalyzer] Known army advantage is now SmallAdvantage
2024-11-24 23:15:01.408 | 06:21   77ms  221M  105G  84/101U [GameAnalyzer] Predicted army advantage is now SmallAdvantage
2024-11-24 23:15:02.053 | 06:22   70ms  256M  113G  84/101U [GameAnalyzer] Known army advantage is now SlightAdvantage
2024-11-24 23:15:02.054 | 06:22   70ms  256M  113G  84/101U [GameAnalyzer] Predicted army advantage is now SlightAdvantage
2024-11-24 23:15:02.055 | 06:22   70ms  256M  113G  84/101U [ChatManager] Tag:E_hydralisk
2024-11-24 23:15:02.666 | 06:22   70ms  291M  117G  84/101U [BuildAddon] UnitTypeId.BARRACKSREACTOR to (50.0, 129.0)
2024-11-24 23:15:02.842 | 06:23   83ms  196M   71G  84/101U [ActUnit] SCV from COMMANDCENTER at (38.5, 121.5)
2024-11-24 23:15:04.151 | 06:24  158ms  216M   83G  85/101U [ActUnit] SCV from COMMANDCENTER at (36.5, 89.5)
2024-11-24 23:15:04.508 | 06:25   73ms  241M   87G  86/101U [GameAnalyzer] Known army advantage is now Even
2024-11-24 23:15:04.509 | 06:25   73ms  241M   87G  86/101U [GameAnalyzer] Predicted army advantage is now Even
2024-11-24 23:15:07.293 | 06:28   74ms  326M  111G  82/101U [TerranUnit] MARINE from BARRACKS at (32.5, 113.5)
2024-11-24 23:15:07.469 | 06:28  170ms  276M  115G  83/101U [TerranUnit] MARINE from BARRACKS at (32.5, 113.5)
2024-11-24 23:15:08.317 | 06:29   81ms  281M  123G  83/109U [ActUnit] SCV from COMMANDCENTER at (36.5, 64.5)
2024-11-24 23:15:08.657 | 06:30   69ms  291M  127G  83/109U [GameAnalyzer] Known army advantage is now SlightAdvantage
2024-11-24 23:15:08.658 | 06:30   69ms  291M  127G  83/109U [GameAnalyzer] Predicted army advantage is now SlightAdvantage
2024-11-24 23:15:08.901 | 06:30   80ms  266M  131G  83/109U [TerranUnit] MARINE from BARRACKS at (41.5, 110.5)
2024-11-24 23:15:10.873 | 06:33   69ms  241M   26G  82/109U [TerranUnit] SIEGETANK from FACTORY at (34.5, 110.5)
2024-11-24 23:15:11.483 | 06:33   66ms  231M   34G  85/109U [TerranUnit] MARINE from BARRACKS at (48.5, 114.5)
2024-11-24 23:15:12.452 | 06:35   67ms  276M   46G  86/109U [GameAnalyzer] Known army advantage is now SmallAdvantage
2024-11-24 23:15:12.453 | 06:35   67ms  276M   46G  86/109U [GameAnalyzer] Predicted army advantage is now SmallAdvantage
2024-11-24 23:15:12.454 | 06:35   67ms  226M   46G  86/109U [ActUnit] SCV from COMMANDCENTER at (38.5, 121.5)
2024-11-24 23:15:13.644 | 06:36   63ms  226M   54G  87/109U [ActUnit] SCV from COMMANDCENTER at (36.5, 89.5)
2024-11-24 23:15:17.647 | 06:42   69ms  412M   94G  88/109U [ActUnit] SCV from COMMANDCENTER at (36.5, 64.5)
2024-11-24 23:15:21.173 | 06:46   77ms  577M  126G  86/109U [TerranUnit] MARINE from BARRACKS at (32.5, 113.5)
2024-11-24 23:15:21.445 | 06:46   92ms  532M  130G  87/109U [TerranUnit] MARINE from BARRACKS at (32.5, 113.5)
2024-11-24 23:15:22.251 | 06:47   83ms  457M   34G  88/109U [TerranUnit] MEDIVAC from STARPORT at (46.5, 117.5)
2024-11-24 23:15:22.492 | 06:47   83ms  422M   34G  90/109U [ActUnit] SCV from COMMANDCENTER at (38.5, 121.5)
2024-11-24 23:15:23.001 | 06:48   76ms  407M   46G  91/109U [TerranUnit] MARINE from BARRACKS at (41.5, 110.5)
2024-11-24 23:15:23.641 | 06:49   72ms  387M   46G  92/109U [ActUnit] SCV from COMMANDCENTER at (36.5, 89.5)
2024-11-24 23:15:24.921 | 06:50   78ms  437M   62G  93/109U [GameAnalyzer] Known army advantage is now ClearAdvantage
2024-11-24 23:15:24.922 | 06:50   78ms  437M   62G  93/109U [GameAnalyzer] Predicted army advantage is now ClearAdvantage
2024-11-24 23:15:25.956 | 06:51   76ms  497M   70G  93/109U [BuildAddon] UnitTypeId.BARRACKSREACTOR to (51.0, 114.0)
2024-11-24 23:15:27.967 | 06:54   78ms  557M   44G  93/109U [ActUnit] SCV from COMMANDCENTER at (36.5, 64.5)
2024-11-24 23:15:30.989 | 06:57   74ms  742M   68G  94/109U [GameAnalyzer] Income advantage is now OverwhelmingAdvantage
2024-11-24 23:15:31.187 | 06:58  102ms  742M   72G  94/109U [GameAnalyzer] Income advantage is now ClearAdvantage
2024-11-24 23:15:31.678 | 06:58   86ms  697M   80G  94/109U [TerranUnit] MARINE from BARRACKS at (47.5, 129.5)
2024-11-24 23:15:31.897 | 06:58  179ms  652M   80G  95/109U [TerranUnit] MARINE from BARRACKS at (47.5, 129.5)
2024-11-24 23:15:32.773 | 06:59   83ms  677M   88G  96/109U [ActUnit] SCV from COMMANDCENTER at (38.5, 121.5)
2024-11-24 23:15:33.757 | 07:00   74ms  777M   92G  97/109U [GameAnalyzer] Known army advantage is now SlightAdvantage
2024-11-24 23:15:33.758 | 07:00   74ms  777M   92G  97/109U [GameAnalyzer] Predicted army advantage is now SlightAdvantage
2024-11-24 23:15:34.102 | 07:01   79ms  747M  104G  97/109U [ActUnit] SCV from COMMANDCENTER at (36.5, 89.5)
2024-11-24 23:15:36.338 | 07:04   82ms  822M  120G  97/109U [TerranUnit] MARINE from BARRACKS at (32.5, 113.5)
2024-11-24 23:15:36.514 | 07:04  113ms  857M  124G  98/109U [GameAnalyzer] Known army advantage is now SmallAdvantage
2024-11-24 23:15:36.515 | 07:04  113ms  857M  124G  98/109U [GameAnalyzer] Predicted army advantage is now SmallAdvantage
2024-11-24 23:15:36.524 | 07:04  113ms  807M  124G  98/109U [TerranUnit] MARINE from BARRACKS at (32.5, 113.5)
2024-11-24 23:15:36.726 | 07:04   89ms  717M   28G  99/109U [TerranUnit] MEDIVAC from STARPORT at (46.5, 117.5)
2024-11-24 23:15:38.196 | 07:06   86ms  732M   40G 101/109U [TerranUnit] MARINE from BARRACKS at (41.5, 110.5)
2024-11-24 23:15:38.570 | 07:06   85ms  692M   40G 102/109U [ActUnit] SCV from COMMANDCENTER at (36.5, 64.5)
2024-11-24 23:15:44.056 | 07:12   84ms  972M   88G 103/109U [ActUnit] SCV from COMMANDCENTER at (38.5, 121.5)
2024-11-24 23:15:45.656 | 07:13   88ms  977M  100G 104/109U [ActUnit] SCV from COMMANDCENTER at (36.5, 89.5)
2024-11-24 23:15:48.192 | 07:16  160ms 1102M  124G 105/109U [TerranUnit] MARINE from BARRACKS at (47.5, 129.5)
2024-11-24 23:15:48.385 | 07:16   93ms 1067M  124G 106/109U [TerranUnit] MARINE from BARRACKS at (47.5, 129.5)
2024-11-24 23:15:49.174 | 07:17   90ms 1042M   32G 105/109U [TerranUnit] MEDIVAC from STARPORT at (46.5, 117.5)
2024-11-24 23:15:50.383 | 07:18   84ms 1047M   40G 107/109U [ActUnit] SCV from COMMANDCENTER at (36.5, 64.5)
2024-11-24 23:15:53.233 | 07:21   83ms 1202M   68G 108/109U [TerranUnit] MARINE from BARRACKS at (32.5, 113.5)
2024-11-24 23:15:56.597 | 07:25  169ms 1337M   96G 109/109U [GameAnalyzer] Income advantage is now SmallAdvantage
2024-11-24 23:15:56.788 | 07:25   95ms 1362M   96G 109/109U [GameAnalyzer] Income advantage is now ClearAdvantage
2024-11-24 23:15:57.586 | 07:26   90ms 1407M  108G 109/109U [GameAnalyzer] Known army advantage is now ClearAdvantage
2024-11-24 23:15:57.587 | 07:26   90ms 1407M  108G 109/109U [GameAnalyzer] Predicted army advantage is now ClearAdvantage
2024-11-24 23:15:58.258 | 07:27   90ms 1382M  108G 108/109U [ActUnit] SCV from COMMANDCENTER at (36.5, 89.5)
2024-11-24 23:15:58.267 | 07:27   90ms 1332M  108G 108/109U [TerranUnit] MARINE from BARRACKS at (41.5, 110.5)
2024-11-24 23:15:58.268 | 07:27   90ms 1282M  108G 108/109U [TerranUnit] MARINE from BARRACKS at (32.5, 113.5)
2024-11-24 23:16:04.413 | 07:34  161ms 1657M  168G 109/109U [ChatManager] Tag:E_overseer
2024-11-24 23:16:04.594 | 07:34   92ms 1672M  168G 109/109U [GameAnalyzer] Known army advantage is now OverwhelmingAdvantage
2024-11-24 23:16:04.595 | 07:34   92ms 1672M  168G 109/109U [GameAnalyzer] Predicted army advantage is now OverwhelmingAdvantage
2024-11-24 23:16:26.210 | 07:56   99ms 2869M  331G 109/109U [ChatManager] Tag:E_infestor
2024-11-24 23:16:32.166 | 08:02   98ms 3174M  375G 109/109U [GameAnalyzer] Known army advantage is now ClearAdvantage
2024-11-24 23:16:32.167 | 08:02   98ms 3174M  375G 109/109U [GameAnalyzer] Predicted army advantage is now ClearAdvantage
2024-11-24 23:16:33.123 | 08:03   98ms 3194M  383G 108/109U [ActUnit] SCV from COMMANDCENTER at (36.5, 64.5)
2024-11-24 23:16:33.133 | 08:03   98ms 3144M  383G 108/109U [TerranUnit] MARINE from BARRACKS at (48.5, 114.5)
2024-11-24 23:16:33.134 | 08:03   98ms 3094M  383G 108/109U [TerranUnit] MARINE from BARRACKS at (32.5, 113.5)
2024-11-24 23:16:34.306 | 08:04   97ms 3094M  395G 108/109U [ActUnit] SCV from COMMANDCENTER at (38.5, 121.5)
2024-11-24 23:16:34.315 | 08:04   97ms 3044M  395G 108/109U [TerranUnit] MARINE from BARRACKS at (48.5, 114.5)
2024-11-24 23:16:34.316 | 08:04   97ms 2994M  395G 108/109U [TerranUnit] MARINE from BARRACKS at (47.5, 129.5)
2024-11-24 23:16:40.659 | 08:11   90ms 3359M  447G 108/109U [ActUnit] SCV from COMMANDCENTER at (36.5, 89.5)
2024-11-24 23:16:40.667 | 08:11   90ms 3309M  447G 108/109U [TerranUnit] MARINE from BARRACKS at (32.5, 113.5)
2024-11-24 23:16:40.668 | 08:11   90ms 3259M  447G 108/109U [TerranUnit] MARINE from BARRACKS at (47.5, 129.5)
2024-11-24 23:16:42.092 | 08:12  164ms 3324M  459G 109/109U [GameAnalyzer] Known army advantage is now SmallAdvantage
2024-11-24 23:16:42.093 | 08:12  164ms 3324M  459G 109/109U [GameAnalyzer] Predicted army advantage is now SmallAdvantage
2024-11-24 23:17:05.872 | 08:37  107ms 4744M  659G 109/109U [GameAnalyzer] Income advantage is now OverwhelmingAdvantage
2024-11-24 23:17:06.095 | 08:37  100ms 4744M  659G 109/109U [GameAnalyzer] Income advantage is now ClearAdvantage
2024-11-24 23:17:07.046 | 08:38  176ms 4789M  667G 109/109U [GameAnalyzer] Known army advantage is now SlightAdvantage
2024-11-24 23:17:07.047 | 08:38  176ms 4789M  667G 109/109U [GameAnalyzer] Predicted army advantage is now SlightAdvantage
2024-11-24 23:17:07.263 | 08:38  107ms 4804M  671G 109/109U [GameAnalyzer] Known army advantage is now SmallAdvantage
2024-11-24 23:17:07.264 | 08:38  107ms 4804M  671G 109/109U [GameAnalyzer] Predicted army advantage is now SmallAdvantage
2024-11-24 23:17:09.911 | 08:41   98ms 4984M  691G 109/109U [GameAnalyzer] Income advantage is now OverwhelmingAdvantage
2024-11-24 23:17:10.124 | 08:41   96ms 4994M  695G 109/109U [GameAnalyzer] Income advantage is now ClearAdvantage
2024-11-24 23:17:10.799 | 08:42   93ms 4969M  695G 108/109U [ActUnit] SCV from COMMANDCENTER at (36.5, 64.5)
2024-11-24 23:17:10.810 | 08:42   93ms 4919M  695G 108/109U [TerranUnit] MARINE from BARRACKS at (41.5, 110.5)
2024-11-24 23:17:10.812 | 08:42   93ms 4869M  695G 108/109U [TerranUnit] MARINE from BARRACKS at (32.5, 113.5)
2024-11-24 23:17:12.210 | 08:43  170ms 4954M  711G 109/109U [GameAnalyzer] Known army advantage is now OverwhelmingAdvantage
2024-11-24 23:17:12.211 | 08:43  170ms 4954M  711G 109/109U [GameAnalyzer] Predicted army advantage is now OverwhelmingAdvantage
2024-11-24 23:17:29.166 | 08:59  133ms 5899M  843G 109/109U [GameAnalyzer] Income advantage is now OverwhelmingAdvantage
2024-11-24 23:17:32.019 | 09:02  104ms 6009M  863G 108/109U [ActUnit] SCV from COMMANDCENTER at (38.5, 121.5)
2024-11-24 23:17:32.028 | 09:02  104ms 5959M  863G 108/109U [TerranUnit] MARINE from BARRACKS at (47.5, 129.5)
2024-11-24 23:17:32.030 | 09:02  104ms 5909M  863G 108/109U [TerranUnit] MARINE from BARRACKS at (32.5, 113.5)
2024-11-24 23:17:38.744 | 09:09  102ms 6244M  915G 108/109U [ActUnit] SCV from COMMANDCENTER at (36.5, 89.5)
2024-11-24 23:17:38.755 | 09:09  102ms 6194M  915G 108/109U [TerranUnit] MARINE from BARRACKS at (48.5, 114.5)
2024-11-24 23:17:38.756 | 09:09  102ms 6144M  915G 108/109U [TerranUnit] MARINE from BARRACKS at (47.5, 129.5)
2024-11-24 23:17:44.376 | 09:14  192ms 6419M  959G 109/109U [GameAnalyzer] Predicted army advantage is now SmallAdvantage
2024-11-24 23:17:49.515 | 09:19  174ms 6699M 1003G 109/109U [GameAnalyzer] Predicted army advantage is now SlightAdvantage
2024-11-24 23:17:50.599 | 09:20   98ms 6714M 1011G 107/109U [ActUnit] SCV from COMMANDCENTER at (38.5, 121.5)
2024-11-24 23:17:50.609 | 09:20   98ms 6664M 1011G 107/109U [TerranUnit] MARINE from BARRACKS at (48.5, 114.5)
2024-11-24 23:17:50.611 | 09:20   98ms 6564M  911G 107/109U [TerranUnit] MEDIVAC from STARPORT at (46.5, 117.5)
2024-11-24 23:17:54.513 | 09:24  100ms 6809M  943G 109/109U [GameAnalyzer] Predicted army advantage is now SmallAdvantage
2024-11-24 23:17:59.358 | 09:29   97ms 7069M  987G 109/109U [EnemyArmyPredicter] Predicting negative free minerals for enemy: -4815
2024-11-24 23:17:59.360 | 09:29   97ms 7069M  987G 109/109U [GameAnalyzer] Predicted army advantage is now OverwhelmingAdvantage
2024-11-24 23:18:04.387 | 09:35  106ms 7349M 1027G 109/109U [EnemyArmyPredicter] Predicting negative free minerals for enemy: -3410
2024-11-24 23:18:09.819 | 09:40  142ms 7644M 1071G 109/109U [EnemyArmyPredicter] Predicting negative free minerals for enemy: -3398
2024-11-24 23:18:15.434 | 09:45  104ms 7909M 1111G 109/109U [EnemyArmyPredicter] Predicting negative free minerals for enemy: -3537
2024-11-24 23:18:20.634 | 09:50  125ms 8219M 1155G 109/109U [EnemyArmyPredicter] Predicting negative free minerals for enemy: -3725
2024-11-24 23:18:25.682 | 09:55  103ms 8464M 1195G 109/109U [EnemyArmyPredicter] Predicting negative free minerals for enemy: -3714
2024-11-24 23:18:30.664 | 10:00  107ms 8754M 1235G 109/109U [EnemyArmyPredicter] Predicting negative free minerals for enemy: -3652
2024-11-24 23:18:35.595 | INFO     | sc2.protocol:_execute:72 - Client status changed to Status.ended (was Status.in_game)
2024-11-24 23:18:35.596 | Result: Defeat
2024-11-24 23:18:35.596 | Duration: 10:05
2024-11-24 23:18:35.596 | Step time min: 13
2024-11-24 23:18:35.597 | Step time avg: 65
2024-11-24 23:18:35.598 | Step time max: 621
2024-11-24 23:18:35.598 | [LostUnitsContents] My lost units minerals and gas: (1850, 675)
2024-11-24 23:18:35.599 | [LostUnitsContents] My lost units minerals by score: 1698.0
2024-11-24 23:18:35.600 | [LostUnitsContents] Enemy lost units minerals and gas: (9725, 1825)
2024-11-24 23:18:35.601 | [LostUnitsContents] Enemy lost units minerals by score: 9825.0
2024-11-24 23:18:35.602 | [GameAnalyzerEnd] Own units:
2024-11-24 23:18:35.603 | [GameAnalyzerEnd] SCV               total:  70 alive:  70 dead:   0 
2024-11-24 23:18:35.603 | [GameAnalyzerEnd] MARINE            total:  34 alive:  15 dead:  19 
2024-11-24 23:18:35.604 | [GameAnalyzerEnd] SUPPLYDEPOT       total:   8 alive:   8 dead:   0 
2024-11-24 23:18:35.605 | [GameAnalyzerEnd] REACTOR           total:   5 alive:   5 dead:   0 
2024-11-24 23:18:35.606 | [GameAnalyzerEnd] MEDIVAC           total:   5 alive:   5 dead:   0 
2024-11-24 23:18:35.606 | [GameAnalyzerEnd] BARRACKS          total:   4 alive:   4 dead:   0 
2024-11-24 23:18:35.607 | [GameAnalyzerEnd] SIEGETANK         total:   4 alive:   3 dead:   1 
2024-11-24 23:18:35.608 | [GameAnalyzerEnd] HELLION           total:   4 alive:   0 dead:   4 
2024-11-24 23:18:35.609 | [GameAnalyzerEnd] ORBITALCOMMAND    total:   3 alive:   3 dead:   0 
2024-11-24 23:18:35.609 | [GameAnalyzerEnd] MULE              total:   3 alive:   3 dead:   0 
2024-11-24 23:18:35.610 | [GameAnalyzerEnd] REFINERY          total:   3 alive:   3 dead:   0 
2024-11-24 23:18:35.611 | [GameAnalyzerEnd] REAPER            total:   3 alive:   0 dead:   3 
2024-11-24 23:18:35.612 | [GameAnalyzerEnd] FACTORY           total:   2 alive:   2 dead:   0 
2024-11-24 23:18:35.613 | [GameAnalyzerEnd] TECHLAB           total:   2 alive:   2 dead:   0 
2024-11-24 23:18:35.614 | [GameAnalyzerEnd] RAVEN             total:   2 alive:   0 dead:   2 
2024-11-24 23:18:35.614 | [GameAnalyzerEnd] CYCLONE           total:   1 alive:   1 dead:   0 
2024-11-24 23:18:35.615 | [GameAnalyzerEnd] STARPORT          total:   1 alive:   1 dead:   0 
2024-11-24 23:18:35.616 | [GameAnalyzerEnd] Enemy units:
2024-11-24 23:18:35.616 | [GameAnalyzerEnd] ZERGLING          total:  66 alive:   1 dead:  65 
2024-11-24 23:18:35.617 | [GameAnalyzerEnd] DRONE             total:  55 alive:  23 dead:  32 
2024-11-24 23:18:35.618 | [GameAnalyzerEnd] ROACH             total:  42 alive:   1 dead:  41 
2024-11-24 23:18:35.619 | [GameAnalyzerEnd] OVERLORD          total:  10 alive:   5 dead:   5 
2024-11-24 23:18:35.619 | [GameAnalyzerEnd] HYDRALISK         total:   7 alive:   0 dead:   7 
2024-11-24 23:18:35.620 | [GameAnalyzerEnd] QUEEN             total:   3 alive:   1 dead:   2 
2024-11-24 23:18:35.621 | [GameAnalyzerEnd] EXTRACTOR         total:   3 alive:   2 dead:   1 
2024-11-24 23:18:35.622 | [GameAnalyzerEnd] OVERSEER          total:   2 alive:   0 dead:   2 
2024-11-24 23:18:35.622 | [GameAnalyzerEnd] HATCHERY          total:   2 alive:   0 dead:   2 
2024-11-24 23:18:35.623 | [GameAnalyzerEnd] LAIR              total:   1 alive:   1 dead:   0 
2024-11-24 23:18:35.624 | [GameAnalyzerEnd] EVOLUTIONCHAMBER  total:   1 alive:   1 dead:   0 
2024-11-24 23:18:35.625 | [GameAnalyzerEnd] INFESTOR          total:   1 alive:   0 dead:   1 
2024-11-24 23:18:35.626 | [GameAnalyzerEnd] ROACHWARREN       total:   1 alive:   0 dead:   1 
2024-11-24 23:18:35.627 | [GameAnalyzerEnd] HYDRALISKDEN      total:   1 alive:   0 dead:   1 
2024-11-24 23:18:35.628 | [GameAnalyzerEnd] SPAWNINGPOOL      total:   1 alive:   0 dead:   1 
2024-11-24 23:18:35.630 | [GameAnalyzerEnd] INFESTATIONPIT    total:   1 alive:   0 dead:   1 
2024-11-24 23:18:35.631 | [GameAnalyzerEnd] Minerals max 8979 Average 1561
2024-11-24 23:18:35.632 | [GameAnalyzerEnd] Vespene max 1271 Average 292
2024-11-24 23:18:35.633 | INFO     | sc2.main:_play_game:228 - Result for player 1 - Bot LadderBot(Terran): Defeat
2024-11-24 23:18:38.020 | INFO     | sc2.protocol:__request:48 - Cannot receive: Game has already ended.
2024-11-24 23:18:38.022 | INFO     | sc2.sc2process:_close_connection:231 - Closing connection at 54713...
2024-11-24 23:18:38.023 | INFO     | sc2.sc2process:kill_all:33 - kill_switch: Process cleanup for 1 processes
